|   12006|DEBUG|2018/03/16|19:40| [START TRANSACTION : GET_GRAPHLVL]
|   12006|DEBUG|2018/03/16|19:40| VECTOR {
|   12006|DEBUG|2018/03/16|19:40| 	NB_ARGS	"4"
|   12006|DEBUG|2018/03/16|19:40|
|   12006|DEBUG|2018/03/16|19:40| 	INT4	"1"
|   12006|DEBUG|2018/03/16|19:40| 	ASCIIZ	"EB0000000008"
|   12006|DEBUG|2018/03/16|19:40| 	ASCIIZ	""
|   12006|DEBUG|2018/03/16|19:40| 	INT4	"0"
|   12006|DEBUG|2018/03/16|19:40|
|   12006|DEBUG|2018/03/16|19:40| 	LAST
|   12006|DEBUG|2018/03/16|19:40| }
|   12230|DEBUG|2018/03/16|19:40| VECTOR {
|   12231|DEBUG|2018/03/16|19:40| 	NB_ARGS	"3"
|   12231|DEBUG|2018/03/16|19:40|
|   12231|DEBUG|2018/03/16|19:40| 	INT4	"0"
|   12231|DEBUG|2018/03/16|19:40| 	MESSAGE	""
|   12231|DEBUG|2018/03/16|19:40| 	LIST {
|   12231|DEBUG|2018/03/16|19:40| 		NB_ELEM	"1208"
|   12231|DEBUG|2018/03/16|19:40| 		ELEM {
|   12231|DEBUG|2018/03/16|19:40| 			NB_PROP	"14"
|   12231|DEBUG|2018/03/16|19:40| 			"v_groupexec"	""
|   12231|DEBUG|2018/03/16|19:40| 			"ID"	"AT0000000001"
|   12231|DEBUG|2018/03/16|19:40| 			"V_USRNAME"	"08H00"
|   12231|DEBUG|2018/03/16|19:40| 			"ID_ENV"	"EB0000000008"
|   12231|DEBUG|2018/03/16|19:40| 			"ID_APP"	""
|   12231|DEBUG|2018/03/16|19:40| 			"V_DESC"	""
|   12231|DEBUG|2018/03/16|19:40| 			"XYWH"	"970 -420 30 30"
|   12231|DEBUG|2018/03/16|19:40| 			"F_LPOS"	"0"
|   12231|DEBUG|2018/03/16|19:40| 			"URL_DOC"	""
|   12231|DEBUG|2018/03/16|19:40| 			"F_WMODE"	"1"
|   12231|DEBUG|2018/03/16|19:40| 			"DS_DELAY"	"5"
|   12231|DEBUG|2018/03/16|19:40| 			"T2_TIME"	"000800"
|   12231|DEBUG|2018/03/16|19:40| 			"V_EXPRESSION"	""
|   12231|DEBUG|2018/03/16|19:40| 			"TYPE"	"15"
|   12231|DEBUG|2018/03/16|19:40| 		}
|   12231|DEBUG|2018/03/16|19:40| 		ELEM {
|   12231|DEBUG|2018/03/16|19:40| 			NB_PROP	"14"
|   12231|DEBUG|2018/03/16|19:40| 			"v_groupexec"	""
|   12231|DEBUG|2018/03/16|19:40| 			"ID"	"AT0000000002"
|   12231|DEBUG|2018/03/16|19:40| 			"V_USRNAME"	"ATT_SIECRBCI"
|   12231|DEBUG|2018/03/16|19:40| 			"ID_ENV"	"EB0000000008"
|   12231|DEBUG|2018/03/16|19:40| 			"ID_APP"	""
|   12231|DEBUG|2018/03/16|19:40| 			"V_DESC"	"Attente de 15 min avant de récupérer le compte-rendu de la CSB"
|   12231|DEBUG|2018/03/16|19:40| 			"XYWH"	"530 -130 30 30"
|   12231|DEBUG|2018/03/16|19:40| 			"F_LPOS"	"1"
|   12231|DEBUG|2018/03/16|19:40| 			"URL_DOC"	""
|   12231|DEBUG|2018/03/16|19:40| 			"F_WMODE"	"0"
|   12231|DEBUG|2018/03/16|19:40| 			"DS_DELAY"	"900"
|   12231|DEBUG|2018/03/16|19:40| 			"T2_TIME"	"000000"
|   12231|DEBUG|2018/03/16|19:40| 			"V_EXPRESSION"	""
|   12231|DEBUG|2018/03/16|19:40| 			"TYPE"	"15"
|   12231|DEBUG|2018/03/16|19:40| 		}
|   12231|DEBUG|2018/03/16|19:40| 		ELEM {
|   12231|DEBUG|2018/03/16|19:40| 			NB_PROP	"14"
|   12231|DEBUG|2018/03/16|19:40| 			"v_groupexec"	""
|   12231|DEBUG|2018/03/16|19:40| 			"ID"	"AT0000000003"
|   12231|DEBUG|2018/03/16|19:40| 			"V_USRNAME"	"ATT_15s"
|   12231|DEBUG|2018/03/16|19:40| 			"ID_ENV"	"EB0000000008"
|   12231|DEBUG|2018/03/16|19:40| 			"ID_APP"	""
|   12231|DEBUG|2018/03/16|19:40| 			"V_DESC"	""
|   12231|DEBUG|2018/03/16|19:40| 			"XYWH"	"620 220 30 30"
|   12231|DEBUG|2018/03/16|19:40| 			"F_LPOS"	"1"
|   12231|DEBUG|2018/03/16|19:40| 			"URL_DOC"	""
|   12231|DEBUG|2018/03/16|19:40| 			"F_WMODE"	"0"
|   12231|DEBUG|2018/03/16|19:40| 			"DS_DELAY"	"15"
|   12231|DEBUG|2018/03/16|19:40| 			"T2_TIME"	"000000"
|   12231|DEBUG|2018/03/16|19:40| 			"V_EXPRESSION"	""
|   12231|DEBUG|2018/03/16|19:40| 			"TYPE"	"15"
|   12232|DEBUG|2018/03/16|19:40| 		}
|   12232|DEBUG|2018/03/16|19:40| 		ELEM {
|   12232|DEBUG|2018/03/16|19:40| 			NB_PROP	"14"
|   12232|DEBUG|2018/03/16|19:40| 			"v_groupexec"	""
|   12232|DEBUG|2018/03/16|19:40| 			"ID"	"AT0000000004"
|   12232|DEBUG|2018/03/16|19:40| 			"V_USRNAME"	"ATT_15sb"
|   12232|DEBUG|2018/03/16|19:40| 			"ID_ENV"	"EB0000000008"
|   12232|DEBUG|2018/03/16|19:40| 			"ID_APP"	""
|   12232|DEBUG|2018/03/16|19:40| 			"V_DESC"	""
|   12232|DEBUG|2018/03/16|19:40| 			"XYWH"	"570 -550 30 30"
|   12232|DEBUG|2018/03/16|19:40| 			"F_LPOS"	"1"
|   12232|DEBUG|2018/03/16|19:40| 			"URL_DOC"	""
|   12232|DEBUG|2018/03/16|19:40| 			"F_WMODE"	"0"
|   12232|DEBUG|2018/03/16|19:40| 			"DS_DELAY"	"15"
|   12232|DEBUG|2018/03/16|19:40| 			"T2_TIME"	"000000"
|   12232|DEBUG|2018/03/16|19:40| 			"V_EXPRESSION"	""
|   12232|DEBUG|2018/03/16|19:40| 			"TYPE"	"15"
|   12232|DEBUG|2018/03/16|19:40| 		}
|   12232|DEBUG|2018/03/16|19:40| 		ELEM {
|   12232|DEBUG|2018/03/16|19:40| 			NB_PROP	"16"
|   12232|DEBUG|2018/03/16|19:40| 			"v_groupexec"	""
|   12232|DEBUG|2018/03/16|19:40| 			"ID"	"NW0000000001"
|   12232|DEBUG|2018/03/16|19:40| 			"V_USRNAME"	"EINT_OK"
|   12232|DEBUG|2018/03/16|19:40| 			"ID_ENV"	"EB0000000008"
|   12232|DEBUG|2018/03/16|19:40| 			"ID_APP"	""
|   12232|DEBUG|2018/03/16|19:40| 			"V_DESC"	"Prise en compte des interlocuteurs issues de BCINET"
|   12232|DEBUG|2018/03/16|19:40| 			"XYWH"	"-100 -2870 30 30"
|   12232|DEBUG|2018/03/16|19:40| 			"F_LPOS"	"1"
|   12232|DEBUG|2018/03/16|19:40| 			"URL_DOC"	""
|   12232|DEBUG|2018/03/16|19:40| 			"ID_AGENT"	"VA0000000026"
|   12232|DEBUG|2018/03/16|19:40| 			"V_MESSAGE"	"GO_EINT"
|   12232|DEBUG|2018/03/16|19:40| 			"F_WAIT"	"1"
|   12232|DEBUG|2018/03/16|19:40| 			"F_AFTER"	""
|   12232|DEBUG|2018/03/16|19:40| 			"T2_TIME"	"000000"
|   12232|DEBUG|2018/03/16|19:40| 			"F_READ"	"0"
|   12232|DEBUG|2018/03/16|19:40| 			"TYPE"	"7"
|   12232|DEBUG|2018/03/16|19:40| 		}
|   12232|DEBUG|2018/03/16|19:40| 		ELEM {
|   12232|DEBUG|2018/03/16|19:40| 			NB_PROP	"16"
|   12232|DEBUG|2018/03/16|19:40| 			"v_groupexec"	""
|   12232|DEBUG|2018/03/16|19:40| 			"ID"	"NW0000000002"
|   12232|DEBUG|2018/03/16|19:40| 			"V_USRNAME"	"IMP_DATA_FLUX_TPE_OK"
|   12232|DEBUG|2018/03/16|19:40| 			"ID_ENV"	"EB0000000008"
|   12232|DEBUG|2018/03/16|19:40| 			"ID_APP"	""
|   12232|DEBUG|2018/03/16|19:40| 			"V_DESC"	"Package IMPORT DATA FLUX TPE terminé de CHAINE_SERVEUR_SQL. 1er JO."
|   12232|DEBUG|2018/03/16|19:40| 			"XYWH"	"470 3430 30 30"
|   12232|DEBUG|2018/03/16|19:40| 			"F_LPOS"	"1"
|   12232|DEBUG|2018/03/16|19:40| 			"URL_DOC"	""
|   12232|DEBUG|2018/03/16|19:40| 			"ID_AGENT"	"VA0000000036"
|   12232|DEBUG|2018/03/16|19:40| 			"V_MESSAGE"	"IMP_DATA_FLUX_TPE_OK"
|   12232|DEBUG|2018/03/16|19:40| 			"F_WAIT"	"1"
|   12232|DEBUG|2018/03/16|19:40| 			"F_AFTER"	""
|   12232|DEBUG|2018/03/16|19:40| 			"T2_TIME"	"000000"
|   12232|DEBUG|2018/03/16|19:40| 			"F_READ"	"1"
|   12232|DEBUG|2018/03/16|19:40| 			"TYPE"	"7"
|   12232|DEBUG|2018/03/16|19:40| 		}
|   12232|DEBUG|2018/03/16|19:40| 		ELEM {
|   12232|DEBUG|2018/03/16|19:40| 			NB_PROP	"14"
|   12232|DEBUG|2018/03/16|19:40| 			"v_groupexec"	""
|   12232|DEBUG|2018/03/16|19:40| 			"ID_TARGET"	"VA0000000029"
|   12232|DEBUG|2018/03/16|19:40| 			"ID"	"NA0000000001"
|   12232|DEBUG|2018/03/16|19:40| 			"V_USRNAME"	"MAJ_DEVISE_BCINET"
|   12232|DEBUG|2018/03/16|19:40| 			"ID_ENV"	"EB0000000008"
|   12232|DEBUG|2018/03/16|19:40| 			"ID_APP"	""
|   12232|DEBUG|2018/03/16|19:40| 			"V_DESC"	""
|   12232|DEBUG|2018/03/16|19:40| 			"XYWH"	"0 -2090 30 30"
|   12232|DEBUG|2018/03/16|19:40| 			"F_LPOS"	"4"
|   12232|DEBUG|2018/03/16|19:40| 			"URL_DOC"	""
|   12232|DEBUG|2018/03/16|19:40| 			"V_MESSAGE"	"GO_DEVISES"
|   12232|DEBUG|2018/03/16|19:40| 			"DATE_NOTIF"	""
|   12232|DEBUG|2018/03/16|19:40| 			"TYPE"	"13"
|   12232|DEBUG|2018/03/16|19:40| 			"WAIT_AR"	"0"
|   12232|DEBUG|2018/03/16|19:40| 		}
|   12232|DEBUG|2018/03/16|19:40| 		ELEM {
|   12232|DEBUG|2018/03/16|19:40| 			NB_PROP	"14"
|   12232|DEBUG|2018/03/16|19:40| 			"v_groupexec"	""
|   12232|DEBUG|2018/03/16|19:40| 			"ID_TARGET"	"VA0000000059"
|   12233|DEBUG|2018/03/16|19:40| 			"ID"	"NA0000000002"
|   12233|DEBUG|2018/03/16|19:40| 			"V_USRNAME"	"MAJ_DEVISE_EvolanIB"
|   12233|DEBUG|2018/03/16|19:40| 			"ID_ENV"	"EB0000000008"
|   12233|DEBUG|2018/03/16|19:40| 			"ID_APP"	""
|   12233|DEBUG|2018/03/16|19:40| 			"V_DESC"	"envoi d'une notif pour execution de l'intégration des devises dans EvolanIB."
|   12233|DEBUG|2018/03/16|19:40| 			"XYWH"	"0 -2140 30 30"
|   12233|DEBUG|2018/03/16|19:40| 			"F_LPOS"	"4"
|   12233|DEBUG|2018/03/16|19:40| 			"URL_DOC"	""
|   12233|DEBUG|2018/03/16|19:40| 			"V_MESSAGE"	"Go_Import_Devise"
|   12233|DEBUG|2018/03/16|19:40| 			"DATE_NOTIF"	""
|   12233|DEBUG|2018/03/16|19:40| 			"TYPE"	"13"
|   12233|DEBUG|2018/03/16|19:40| 			"WAIT_AR"	"0"
|   12233|DEBUG|2018/03/16|19:40| 		}
|   12233|DEBUG|2018/03/16|19:40| 		ELEM {
|   12233|DEBUG|2018/03/16|19:40| 			NB_PROP	"14"
|   12233|DEBUG|2018/03/16|19:40| 			"v_groupexec"	""
|   12233|DEBUG|2018/03/16|19:40| 			"ID_TARGET"	"VA0000000062"
|   12233|DEBUG|2018/03/16|19:40| 			"ID"	"NA0000000003"
|   12233|DEBUG|2018/03/16|19:40| 			"V_USRNAME"	"NOT_IMP_BASE_MONETIQUE"
|   12233|DEBUG|2018/03/16|19:40| 			"ID_ENV"	"EB0000000008"
|   12233|DEBUG|2018/03/16|19:40| 			"ID_APP"	""
|   12233|DEBUG|2018/03/16|19:40| 			"V_DESC"	"Envoi d'une notif pour le graphe CHAINE_SERVEUR_SQL pour le déclenchement du traitement IMP_BASE_MONETIQUE"
|   12233|DEBUG|2018/03/16|19:40| 			"XYWH"	"1050 740 30 30"
|   12233|DEBUG|2018/03/16|19:40| 			"F_LPOS"	"1"
|   12233|DEBUG|2018/03/16|19:40| 			"URL_DOC"	""
|   12233|DEBUG|2018/03/16|19:40| 			"V_MESSAGE"	"IMP_BASE_MONETIQUE_OK"
|   12233|DEBUG|2018/03/16|19:40| 			"DATE_NOTIF"	""
|   12233|DEBUG|2018/03/16|19:40| 			"TYPE"	"13"
|   12233|DEBUG|2018/03/16|19:40| 			"WAIT_AR"	"0"
|   12233|DEBUG|2018/03/16|19:40| 		}
|   12233|DEBUG|2018/03/16|19:40| 		ELEM {
|   12233|DEBUG|2018/03/16|19:40| 			NB_PROP	"14"
|   12233|DEBUG|2018/03/16|19:40| 			"v_groupexec"	""
|   12233|DEBUG|2018/03/16|19:40| 			"ID_TARGET"	"AG0000000010"
|   12233|DEBUG|2018/03/16|19:40| 			"ID"	"NA0000000004"
|   12233|DEBUG|2018/03/16|19:40| 			"V_USRNAME"	"GO_IMP_DATA_FLUX_TPE"
|   12233|DEBUG|2018/03/16|19:40| 			"ID_ENV"	"EB0000000008"
|   12233|DEBUG|2018/03/16|19:40| 			"ID_APP"	""
|   12233|DEBUG|2018/03/16|19:40| 			"V_DESC"	"Notif pour lancement du package IMP_DATA_FLUX_TPE dans la CHAINE_SERVEUR_SQL. 1er JO."
|   12233|DEBUG|2018/03/16|19:40| 			"XYWH"	"470 3370 30 30"
|   12233|DEBUG|2018/03/16|19:40| 			"F_LPOS"	"1"
|   12233|DEBUG|2018/03/16|19:40| 			"URL_DOC"	""
|   12233|DEBUG|2018/03/16|19:40| 			"V_MESSAGE"	"GO_IMP_DATA_FLUX_TPE"
|   12233|DEBUG|2018/03/16|19:40| 			"DATE_NOTIF"	""
|   12233|DEBUG|2018/03/16|19:40| 			"TYPE"	"13"
|   12233|DEBUG|2018/03/16|19:40| 			"WAIT_AR"	"0"
|   12233|DEBUG|2018/03/16|19:40| 		}
|   12233|DEBUG|2018/03/16|19:40| 		ELEM {
|   12233|DEBUG|2018/03/16|19:40| 			NB_PROP	"10"
|   12233|DEBUG|2018/03/16|19:40| 			"v_groupexec"	""
|   12233|DEBUG|2018/03/16|19:40| 			"ID"	"JO0000000089"
|   12233|DEBUG|2018/03/16|19:40| 			"TYPE"	"1"
|   12233|DEBUG|2018/03/16|19:40| 			"V_DESC"	"Zippe le fichier BCISPREM.TXT dans BCISPREM.ZIP Tous les JO."
|   12233|DEBUG|2018/03/16|19:40| 			"V_JNAME"	"ZIPSPREM"
|   12233|DEBUG|2018/03/16|19:40| 			"XYWH"	"600 -1530 30 30"
|   12233|DEBUG|2018/03/16|19:40| 			"F_LPOS"	"1"
|   12233|DEBUG|2018/03/16|19:40| 			"URL_DOC"	""
|   12233|DEBUG|2018/03/16|19:40| 			"F_TYPE"	"0"
|   12233|DEBUG|2018/03/16|19:40| 			"F_CTYPE"	""
|   12233|DEBUG|2018/03/16|19:40| 		}
|   12233|DEBUG|2018/03/16|19:40| 		ELEM {
|   12233|DEBUG|2018/03/16|19:40| 			NB_PROP	"10"
|   12233|DEBUG|2018/03/16|19:40| 			"v_groupexec"	""
|   12233|DEBUG|2018/03/16|19:40| 			"ID"	"JO0000000090"
|   12233|DEBUG|2018/03/16|19:40| 			"TYPE"	"1"
|   12233|DEBUG|2018/03/16|19:40| 			"V_DESC"	"Zippe les fichiers PDF dans SIETPBCI.zip. tous les JO."
|   12233|DEBUG|2018/03/16|19:40| 			"V_JNAME"	"ZIPSIETPBCI"
|   12233|DEBUG|2018/03/16|19:40| 			"XYWH"	"710 1190 30 30"
|   12233|DEBUG|2018/03/16|19:40| 			"F_LPOS"	"1"
|   12233|DEBUG|2018/03/16|19:40| 			"URL_DOC"	""
|   12233|DEBUG|2018/03/16|19:40| 			"F_TYPE"	"0"
|   12233|DEBUG|2018/03/16|19:40| 			"F_CTYPE"	""
|   12233|DEBUG|2018/03/16|19:40| 		}
|   12233|DEBUG|2018/03/16|19:40| 		ELEM {
|   12233|DEBUG|2018/03/16|19:40| 			NB_PROP	"10"
|   12233|DEBUG|2018/03/16|19:40| 			"v_groupexec"	""
|   12233|DEBUG|2018/03/16|19:40| 			"ID"	"JO0000000091"
|   12233|DEBUG|2018/03/16|19:40| 			"TYPE"	"1"
|   12233|DEBUG|2018/03/16|19:40| 			"V_DESC"	"Zippe les fichiers PDF dans SIEETBCI.zip. Tous les JO."
|   12233|DEBUG|2018/03/16|19:40| 			"V_JNAME"	"ZIPSIEETBCI"
|   12233|DEBUG|2018/03/16|19:40| 			"XYWH"	"710 1550 30 30"
|   12233|DEBUG|2018/03/16|19:40| 			"F_LPOS"	"1"
|   12233|DEBUG|2018/03/16|19:40| 			"URL_DOC"	""
|   12233|DEBUG|2018/03/16|19:40| 			"F_TYPE"	"0"
|   12234|DEBUG|2018/03/16|19:40| 			"F_CTYPE"	""
|   12234|DEBUG|2018/03/16|19:40| 		}
|   12234|DEBUG|2018/03/16|19:40| 		ELEM {
|   12234|DEBUG|2018/03/16|19:40| 			NB_PROP	"10"
|   12234|DEBUG|2018/03/16|19:40| 			"v_groupexec"	""
|   12234|DEBUG|2018/03/16|19:40| 			"ID"	"JO0000000092"
|   12234|DEBUG|2018/03/16|19:40| 			"TYPE"	"1"
|   12234|DEBUG|2018/03/16|19:40| 			"V_DESC"	"Zippe le fichier BDNNEAUTJ.txt dans BDNNEAUTJ.zip. Tous les JO."
|   12234|DEBUG|2018/03/16|19:40| 			"V_JNAME"	"ZIPNNEAUTJ"
|   12234|DEBUG|2018/03/16|19:40| 			"XYWH"	"910 -2700 30 30"
|   12234|DEBUG|2018/03/16|19:40| 			"F_LPOS"	"1"
|   12234|DEBUG|2018/03/16|19:40| 			"URL_DOC"	""
|   12234|DEBUG|2018/03/16|19:40| 			"F_TYPE"	"0"
|   12234|DEBUG|2018/03/16|19:40| 			"F_CTYPE"	""
|   12234|DEBUG|2018/03/16|19:40| 		}
|   12234|DEBUG|2018/03/16|19:40| 		ELEM {
|   12234|DEBUG|2018/03/16|19:40| 			NB_PROP	"10"
|   12234|DEBUG|2018/03/16|19:40| 			"v_groupexec"	""
|   12234|DEBUG|2018/03/16|19:40| 			"ID"	"JO0000000093"
|   12234|DEBUG|2018/03/16|19:40| 			"TYPE"	"1"
|   12234|DEBUG|2018/03/16|19:40| 			"V_DESC"	"Zippe le fichier BDBCICEPC.TXT dans BDBCICEPC.ZIP Tous les JO."
|   12234|DEBUG|2018/03/16|19:40| 			"V_JNAME"	"ZIPBCICEPC"
|   12234|DEBUG|2018/03/16|19:40| 			"XYWH"	"730 -270 30 30"
|   12234|DEBUG|2018/03/16|19:40| 			"F_LPOS"	"1"
|   12234|DEBUG|2018/03/16|19:40| 			"URL_DOC"	""
|   12234|DEBUG|2018/03/16|19:40| 			"F_TYPE"	"0"
|   12234|DEBUG|2018/03/16|19:40| 			"F_CTYPE"	""
|   12234|DEBUG|2018/03/16|19:40| 		}
|   12234|DEBUG|2018/03/16|19:40| 		ELEM {
|   12234|DEBUG|2018/03/16|19:40| 			NB_PROP	"10"
|   12234|DEBUG|2018/03/16|19:40| 			"v_groupexec"	""
|   12234|DEBUG|2018/03/16|19:40| 			"ID"	"JO0000000094"
|   12234|DEBUG|2018/03/16|19:40| 			"TYPE"	"1"
|   12234|DEBUG|2018/03/16|19:40| 			"V_DESC"	"Transfert Interpel - Envoi BCISPREM.ZIP de la CSB. Tous les JO."
|   12234|DEBUG|2018/03/16|19:40| 			"V_JNAME"	"XFBSPREM"
|   12234|DEBUG|2018/03/16|19:40| 			"XYWH"	"700 -1530 30 30"
|   12234|DEBUG|2018/03/16|19:40| 			"F_LPOS"	"1"
|   12234|DEBUG|2018/03/16|19:40| 			"URL_DOC"	""
|   12234|DEBUG|2018/03/16|19:40| 			"F_TYPE"	"0"
|   12234|DEBUG|2018/03/16|19:40| 			"F_CTYPE"	""
|   12234|DEBUG|2018/03/16|19:40| 		}
|   12234|DEBUG|2018/03/16|19:40| 		ELEM {
|   12234|DEBUG|2018/03/16|19:40| 			NB_PROP	"10"
|   12234|DEBUG|2018/03/16|19:40| 			"v_groupexec"	""
|   12234|DEBUG|2018/03/16|19:40| 			"ID"	"JO0000000095"
|   12234|DEBUG|2018/03/16|19:40| 			"TYPE"	"1"
|   12234|DEBUG|2018/03/16|19:40| 			"V_DESC"	"Transfert Interpel - Réception des fichiers PDF Ticket comptable Retour SIENC de la CSB. Recup à 10h15 toutes les 5min. Tous les JO."
|   12234|DEBUG|2018/03/16|19:40| 			"V_JNAME"	"XFBSIETPBCI"
|   12234|DEBUG|2018/03/16|19:40| 			"XYWH"	"710 1060 30 30"
|   12234|DEBUG|2018/03/16|19:40| 			"F_LPOS"	"1"
|   12234|DEBUG|2018/03/16|19:40| 			"URL_DOC"	""
|   12234|DEBUG|2018/03/16|19:40| 			"F_TYPE"	"6"
|   12234|DEBUG|2018/03/16|19:40| 			"F_CTYPE"	""
|   12234|DEBUG|2018/03/16|19:40| 		}
|   12234|DEBUG|2018/03/16|19:40| 		ELEM {
|   12234|DEBUG|2018/03/16|19:40| 			NB_PROP	"10"
|   12234|DEBUG|2018/03/16|19:40| 			"v_groupexec"	""
|   12234|DEBUG|2018/03/16|19:40| 			"ID"	"JO0000000096"
|   12234|DEBUG|2018/03/16|19:40| 			"TYPE"	"1"
|   12234|DEBUG|2018/03/16|19:40| 			"V_DESC"	"Transfert Interpel - Réception du retour compens SIENC SIEREBCI.ZIP de la CSB. Recup à 10h40 toutes les 5min x 10. Tous les JO."
|   12234|DEBUG|2018/03/16|19:40| 			"V_JNAME"	"XFBSIEREBCI"
|   12234|DEBUG|2018/03/16|19:40| 			"XYWH"	"240 1060 30 30"
|   12234|DEBUG|2018/03/16|19:40| 			"F_LPOS"	"1"
|   12234|DEBUG|2018/03/16|19:40| 			"URL_DOC"	""
|   12234|DEBUG|2018/03/16|19:40| 			"F_TYPE"	"6"
|   12234|DEBUG|2018/03/16|19:40| 			"F_CTYPE"	""
|   12234|DEBUG|2018/03/16|19:40| 		}
|   12234|DEBUG|2018/03/16|19:40| 		ELEM {
|   12234|DEBUG|2018/03/16|19:40| 			NB_PROP	"10"
|   12234|DEBUG|2018/03/16|19:40| 			"v_groupexec"	""
|   12234|DEBUG|2018/03/16|19:40| 			"ID"	"JO0000000097"
|   12234|DEBUG|2018/03/16|19:40| 			"TYPE"	"1"
|   12234|DEBUG|2018/03/16|19:40| 			"V_DESC"	"Transfert Interpel - Réception du fichier Extourne Retour SIENC de la CSB. A la demande."
|   12234|DEBUG|2018/03/16|19:40| 			"V_JNAME"	"XFBSIEEXBCI"
|   12234|DEBUG|2018/03/16|19:40| 			"XYWH"	"710 1910 30 30"
|   12234|DEBUG|2018/03/16|19:40| 			"F_LPOS"	"1"
|   12234|DEBUG|2018/03/16|19:40| 			"URL_DOC"	""
|   12234|DEBUG|2018/03/16|19:40| 			"F_TYPE"	"6"
|   12234|DEBUG|2018/03/16|19:40| 			"F_CTYPE"	""
|   12234|DEBUG|2018/03/16|19:40| 		}
|   12234|DEBUG|2018/03/16|19:40| 		ELEM {
|   12234|DEBUG|2018/03/16|19:40| 			NB_PROP	"10"
|   12234|DEBUG|2018/03/16|19:40| 			"v_groupexec"	""
|   12234|DEBUG|2018/03/16|19:40| 			"ID"	"JO0000000098"
|   12234|DEBUG|2018/03/16|19:40| 			"TYPE"	"1"
|   12234|DEBUG|2018/03/16|19:40| 			"V_DESC"	"Transfert Interpel - Réception des fichiers PDF Retour SIENC de la CSB. Recup à 10h40 toutes les 5min x 10. Tous les JO."
|   12234|DEBUG|2018/03/16|19:40| 			"V_JNAME"	"XFBSIEETBCI"
|   12234|DEBUG|2018/03/16|19:40| 			"XYWH"	"710 1430 30 30"
|   12234|DEBUG|2018/03/16|19:40| 			"F_LPOS"	"1"
|   12234|DEBUG|2018/03/16|19:40| 			"URL_DOC"	""
|   12234|DEBUG|2018/03/16|19:40| 			"F_TYPE"	"6"
|   12234|DEBUG|2018/03/16|19:40| 			"F_CTYPE"	""
|   12234|DEBUG|2018/03/16|19:40| 		}
|   12234|DEBUG|2018/03/16|19:40| 		ELEM {
|   12234|DEBUG|2018/03/16|19:40| 			NB_PROP	"10"
|   12234|DEBUG|2018/03/16|19:40| 			"v_groupexec"	""
|   12234|DEBUG|2018/03/16|19:40| 			"ID"	"JO0000000099"
|   12234|DEBUG|2018/03/16|19:40| 			"TYPE"	"1"
|   12234|DEBUG|2018/03/16|19:40| 			"V_DESC"	"Transfert Interpel - Réception du compte-rendu CSB SIECRBCI.ZIP après envoi de l'aller compens. Ts les JO."
|   12234|DEBUG|2018/03/16|19:40| 			"V_JNAME"	"XFBSIECRBCI"
|   12234|DEBUG|2018/03/16|19:40| 			"XYWH"	"530 -80 30 30"
|   12234|DEBUG|2018/03/16|19:40| 			"F_LPOS"	"1"
|   12234|DEBUG|2018/03/16|19:40| 			"URL_DOC"	""
|   12234|DEBUG|2018/03/16|19:40| 			"F_TYPE"	"6"
|   12234|DEBUG|2018/03/16|19:40| 			"F_CTYPE"	""
|   12234|DEBUG|2018/03/16|19:40| 		}
|   12234|DEBUG|2018/03/16|19:40| 		ELEM {
|   12234|DEBUG|2018/03/16|19:40| 			NB_PROP	"10"
|   12234|DEBUG|2018/03/16|19:40| 			"v_groupexec"	""
|   12234|DEBUG|2018/03/16|19:40| 			"ID"	"JO0000000100"
|   12234|DEBUG|2018/03/16|19:40| 			"TYPE"	"1"
|   12234|DEBUG|2018/03/16|19:40| 			"V_DESC"	"Transfert Interpel - Recup IRPBCI2.ZIP de la CSB. Tous les JO."
|   12234|DEBUG|2018/03/16|19:40| 			"V_JNAME"	"XFBREDIV"
|   12234|DEBUG|2018/03/16|19:40| 			"XYWH"	"-280 -790 30 30"
|   12234|DEBUG|2018/03/16|19:40| 			"F_LPOS"	"7"
|   12234|DEBUG|2018/03/16|19:40| 			"URL_DOC"	""
|   12234|DEBUG|2018/03/16|19:40| 			"F_TYPE"	"0"
|   12234|DEBUG|2018/03/16|19:40| 			"F_CTYPE"	""
|   12234|DEBUG|2018/03/16|19:40| 		}
|   12234|DEBUG|2018/03/16|19:40| 		ELEM {
|   12234|DEBUG|2018/03/16|19:40| 			NB_PROP	"10"
|   12234|DEBUG|2018/03/16|19:40| 			"v_groupexec"	""
|   12234|DEBUG|2018/03/16|19:40| 			"ID"	"JO0000000101"
|   12234|DEBUG|2018/03/16|19:40| 			"TYPE"	"1"
|   12234|DEBUG|2018/03/16|19:40| 			"V_DESC"	"Transfert Interpel - Recup IRVBCI1.ZIP de la CSB. Tous les JO."
|   12234|DEBUG|2018/03/16|19:40| 			"V_JNAME"	"XFBRECMP"
|   12234|DEBUG|2018/03/16|19:40| 			"XYWH"	"30 -970 30 30"
|   12234|DEBUG|2018/03/16|19:40| 			"F_LPOS"	"1"
|   12234|DEBUG|2018/03/16|19:40| 			"URL_DOC"	""
|   12234|DEBUG|2018/03/16|19:40| 			"F_TYPE"	"0"
|   12234|DEBUG|2018/03/16|19:40| 			"F_CTYPE"	""
|   12234|DEBUG|2018/03/16|19:40| 		}
|   12234|DEBUG|2018/03/16|19:40| 		ELEM {
|   12234|DEBUG|2018/03/16|19:40| 			NB_PROP	"10"
|   12234|DEBUG|2018/03/16|19:40| 			"v_groupexec"	""
|   12234|DEBUG|2018/03/16|19:40| 			"ID"	"JO0000000102"
|   12234|DEBUG|2018/03/16|19:40| 			"TYPE"	"1"
|   12234|DEBUG|2018/03/16|19:40| 			"V_DESC"	"Transfert Interpel - Recup IPPBCI2.BCI de la CSB. Tous les JO."
|   12234|DEBUG|2018/03/16|19:40| 			"V_JNAME"	"XFBPADIV"
|   12234|DEBUG|2018/03/16|19:40| 			"XYWH"	"-50 -850 30 30"
|   12234|DEBUG|2018/03/16|19:40| 			"F_LPOS"	"0"
|   12234|DEBUG|2018/03/16|19:40| 			"URL_DOC"	""
|   12234|DEBUG|2018/03/16|19:40| 			"F_TYPE"	"0"
|   12234|DEBUG|2018/03/16|19:40| 			"F_CTYPE"	""
|   12234|DEBUG|2018/03/16|19:40| 		}
|   12234|DEBUG|2018/03/16|19:40| 		ELEM {
|   12234|DEBUG|2018/03/16|19:40| 			NB_PROP	"10"
|   12234|DEBUG|2018/03/16|19:40| 			"v_groupexec"	""
|   12234|DEBUG|2018/03/16|19:40| 			"ID"	"JO0000000103"
|   12234|DEBUG|2018/03/16|19:40| 			"TYPE"	"1"
|   12234|DEBUG|2018/03/16|19:40| 			"V_DESC"	"Transfert Interpel - Recup IPVBCI2.ZIP de la CSB. Tous les JO."
|   12234|DEBUG|2018/03/16|19:40| 			"V_JNAME"	"XFBPACOM"
|   12234|DEBUG|2018/03/16|19:40| 			"XYWH"	"-120 -910 30 30"
|   12234|DEBUG|2018/03/16|19:40| 			"F_LPOS"	"0"
|   12234|DEBUG|2018/03/16|19:40| 			"URL_DOC"	""
|   12234|DEBUG|2018/03/16|19:40| 			"F_TYPE"	"0"
|   12234|DEBUG|2018/03/16|19:40| 			"F_CTYPE"	""
|   12234|DEBUG|2018/03/16|19:40| 		}
|   12234|DEBUG|2018/03/16|19:40| 		ELEM {
|   12235|DEBUG|2018/03/16|19:40| 			NB_PROP	"10"
|   12235|DEBUG|2018/03/16|19:40| 			"v_groupexec"	""
|   12235|DEBUG|2018/03/16|19:40| 			"ID"	"JO0000000104"
|   12235|DEBUG|2018/03/16|19:40| 			"TYPE"	"1"
|   12235|DEBUG|2018/03/16|19:40| 			"V_DESC"	"Transfert Interpel - Recup IPVBCI1.ZIP de la CSB. Tous les JO."
|   12235|DEBUG|2018/03/16|19:40| 			"V_JNAME"	"XFBPACMP"
|   12235|DEBUG|2018/03/16|19:40| 			"XYWH"	"-200 -1040 30 30"
|   12235|DEBUG|2018/03/16|19:40| 			"F_LPOS"	"0"
|   12235|DEBUG|2018/03/16|19:40| 			"URL_DOC"	""
|   12235|DEBUG|2018/03/16|19:40| 			"F_TYPE"	"0"
|   12235|DEBUG|2018/03/16|19:40| 			"F_CTYPE"	""
|   12235|DEBUG|2018/03/16|19:40| 		}
|   12235|DEBUG|2018/03/16|19:40| 		ELEM {
|   12235|DEBUG|2018/03/16|19:40| 			NB_PROP	"10"
|   12235|DEBUG|2018/03/16|19:40| 			"v_groupexec"	""
|   12235|DEBUG|2018/03/16|19:40| 			"ID"	"JO0000000105"
|   12235|DEBUG|2018/03/16|19:40| 			"TYPE"	"1"
|   12235|DEBUG|2018/03/16|19:40| 			"V_DESC"	"Transfert Interpel - Recup à CSB du CR d'interprétation de nos commandes et modifs de CB (retour de de BDCSBALL). Journalier."
|   12235|DEBUG|2018/03/16|19:40| 			"V_JNAME"	"XFBBCITBRET"
|   12235|DEBUG|2018/03/16|19:40| 			"XYWH"	"50 -2870 30 30"
|   12235|DEBUG|2018/03/16|19:40| 			"F_LPOS"	"1"
|   12235|DEBUG|2018/03/16|19:40| 			"URL_DOC"	""
|   12235|DEBUG|2018/03/16|19:40| 			"F_TYPE"	"6"
|   12235|DEBUG|2018/03/16|19:40| 			"F_CTYPE"	""
|   12235|DEBUG|2018/03/16|19:40| 		}
|   12235|DEBUG|2018/03/16|19:40| 		ELEM {
|   12235|DEBUG|2018/03/16|19:40| 			NB_PROP	"10"
|   12235|DEBUG|2018/03/16|19:40| 			"v_groupexec"	""
|   12235|DEBUG|2018/03/16|19:40| 			"ID"	"JO0000000106"
|   12235|DEBUG|2018/03/16|19:40| 			"TYPE"	"1"
|   12235|DEBUG|2018/03/16|19:40| 			"V_DESC"	"Récupération du fichier BCISPCOM.TMP (SPLIT) de la CSB . Tous les JO."
|   12235|DEBUG|2018/03/16|19:40| 			"V_JNAME"	"XFBBCISPCOM"
|   12235|DEBUG|2018/03/16|19:40| 			"XYWH"	"330 -1770 30 30"
|   12235|DEBUG|2018/03/16|19:40| 			"F_LPOS"	"1"
|   12235|DEBUG|2018/03/16|19:40| 			"URL_DOC"	""
|   12235|DEBUG|2018/03/16|19:40| 			"F_TYPE"	"0"
|   12235|DEBUG|2018/03/16|19:40| 			"F_CTYPE"	""
|   12235|DEBUG|2018/03/16|19:40| 		}
|   12235|DEBUG|2018/03/16|19:40| 		ELEM {
|   12235|DEBUG|2018/03/16|19:40| 			NB_PROP	"10"
|   12235|DEBUG|2018/03/16|19:40| 			"v_groupexec"	""
|   12235|DEBUG|2018/03/16|19:40| 			"ID"	"JO0000000107"
|   12235|DEBUG|2018/03/16|19:40| 			"TYPE"	"1"
|   12235|DEBUG|2018/03/16|19:40| 			"V_DESC"	"Transfert Interpel - Recup BCIREMVT.ZIP de la CSB. Tous les JO."
|   12235|DEBUG|2018/03/16|19:40| 			"V_JNAME"	"XFBBCIREMVT"
|   12235|DEBUG|2018/03/16|19:40| 			"XYWH"	"-360 -600 30 30"
|   12235|DEBUG|2018/03/16|19:40| 			"F_LPOS"	"7"
|   12235|DEBUG|2018/03/16|19:40| 			"URL_DOC"	""
|   12235|DEBUG|2018/03/16|19:40| 			"F_TYPE"	"0"
|   12235|DEBUG|2018/03/16|19:40| 			"F_CTYPE"	""
|   12235|DEBUG|2018/03/16|19:40| 		}
|   12235|DEBUG|2018/03/16|19:40| 		ELEM {
|   12235|DEBUG|2018/03/16|19:40| 			NB_PROP	"10"
|   12235|DEBUG|2018/03/16|19:40| 			"v_groupexec"	""
|   12235|DEBUG|2018/03/16|19:40| 			"ID"	"JO0000000108"
|   12235|DEBUG|2018/03/16|19:40| 			"TYPE"	"1"
|   12235|DEBUG|2018/03/16|19:40| 			"V_DESC"	"Transfert Interpel - Recup BCIREJNG.ZIP de la CSB. Tous les JO."
|   12235|DEBUG|2018/03/16|19:40| 			"V_JNAME"	"XFBBCIREJNG"
|   12235|DEBUG|2018/03/16|19:40| 			"XYWH"	"-280 -600 30 30"
|   12235|DEBUG|2018/03/16|19:40| 			"F_LPOS"	"0"
|   12235|DEBUG|2018/03/16|19:40| 			"URL_DOC"	""
|   12235|DEBUG|2018/03/16|19:40| 			"F_TYPE"	"0"
|   12235|DEBUG|2018/03/16|19:40| 			"F_CTYPE"	""
|   12235|DEBUG|2018/03/16|19:40| 		}
|   12235|DEBUG|2018/03/16|19:40| 		ELEM {
|   12235|DEBUG|2018/03/16|19:40| 			NB_PROP	"10"
|   12235|DEBUG|2018/03/16|19:40| 			"v_groupexec"	""
|   12235|DEBUG|2018/03/16|19:40| 			"ID"	"JO0000000109"
|   12235|DEBUG|2018/03/16|19:40| 			"TYPE"	"1"
|   12235|DEBUG|2018/03/16|19:40| 			"V_DESC"	"Transfert Interpel - Recup fichier des renouvellements de carte JADE. Mensuel"
|   12235|DEBUG|2018/03/16|19:40| 			"V_JNAME"	"XFBBCIJAREN"
|   12235|DEBUG|2018/03/16|19:40| 			"XYWH"	"880 3250 30 30"
|   12235|DEBUG|2018/03/16|19:40| 			"F_LPOS"	"0"
|   12235|DEBUG|2018/03/16|19:40| 			"URL_DOC"	""
|   12235|DEBUG|2018/03/16|19:40| 			"F_TYPE"	"6"
|   12235|DEBUG|2018/03/16|19:40| 			"F_CTYPE"	""
|   12235|DEBUG|2018/03/16|19:40| 		}
|   12235|DEBUG|2018/03/16|19:40| 		ELEM {
|   12235|DEBUG|2018/03/16|19:40| 			NB_PROP	"10"
|   12235|DEBUG|2018/03/16|19:40| 			"v_groupexec"	""
|   12235|DEBUG|2018/03/16|19:40| 			"ID"	"JO0000000110"
|   12235|DEBUG|2018/03/16|19:40| 			"TYPE"	"1"
|   12235|DEBUG|2018/03/16|19:40| 			"V_DESC"	"Transfert Interpel - Recup chèques CSB en XPF. Tous les JO."
|   12235|DEBUG|2018/03/16|19:40| 			"V_JNAME"	"XFBBCIFTCXJ"
|   12235|DEBUG|2018/03/16|19:40| 			"XYWH"	"190 -1040 30 30"
|   12235|DEBUG|2018/03/16|19:40| 			"F_LPOS"	"4"
|   12235|DEBUG|2018/03/16|19:40| 			"URL_DOC"	""
|   12235|DEBUG|2018/03/16|19:40| 			"F_TYPE"	"0"
|   12235|DEBUG|2018/03/16|19:40| 			"F_CTYPE"	""
|   12235|DEBUG|2018/03/16|19:40| 		}
|   12235|DEBUG|2018/03/16|19:40| 		ELEM {
|   12235|DEBUG|2018/03/16|19:40| 			NB_PROP	"10"
|   12235|DEBUG|2018/03/16|19:40| 			"v_groupexec"	""
|   12235|DEBUG|2018/03/16|19:40| 			"ID"	"JO0000000111"
|   12235|DEBUG|2018/03/16|19:40| 			"TYPE"	"1"
|   12235|DEBUG|2018/03/16|19:40| 			"V_DESC"	"Transfert Interpel - Recup chèques CSB en Euro. Tous les JO."
|   12235|DEBUG|2018/03/16|19:40| 			"V_JNAME"	"XFBBCIFTCEJ"
|   12235|DEBUG|2018/03/16|19:40| 			"XYWH"	"190 -910 30 30"
|   12235|DEBUG|2018/03/16|19:40| 			"F_LPOS"	"4"
|   12235|DEBUG|2018/03/16|19:40| 			"URL_DOC"	""
|   12235|DEBUG|2018/03/16|19:40| 			"F_TYPE"	"0"
|   12235|DEBUG|2018/03/16|19:40| 			"F_CTYPE"	""
|   12235|DEBUG|2018/03/16|19:40| 		}
|   12235|DEBUG|2018/03/16|19:40| 		ELEM {
|   12235|DEBUG|2018/03/16|19:40| 			NB_PROP	"10"
|   12235|DEBUG|2018/03/16|19:40| 			"v_groupexec"	""
|   12235|DEBUG|2018/03/16|19:40| 			"ID"	"JO0000000112"
|   12235|DEBUG|2018/03/16|19:40| 			"TYPE"	"1"
|   12235|DEBUG|2018/03/16|19:40| 			"V_DESC"	"Transfert Interpel - Recup Fichier de contrôle chèques CSB en XPF. Tous les JO."
|   12235|DEBUG|2018/03/16|19:40| 			"V_JNAME"	"XFBBCIFCCXJ"
|   12235|DEBUG|2018/03/16|19:40| 			"XYWH"	"520 -1040 30 30"
|   12235|DEBUG|2018/03/16|19:40| 			"F_LPOS"	"0"
|   12235|DEBUG|2018/03/16|19:40| 			"URL_DOC"	""
|   12235|DEBUG|2018/03/16|19:40| 			"F_TYPE"	"0"
|   12235|DEBUG|2018/03/16|19:40| 			"F_CTYPE"	""
|   12235|DEBUG|2018/03/16|19:40| 		}
|   12235|DEBUG|2018/03/16|19:40| 		ELEM {
|   12235|DEBUG|2018/03/16|19:40| 			NB_PROP	"10"
|   12235|DEBUG|2018/03/16|19:40| 			"v_groupexec"	""
|   12235|DEBUG|2018/03/16|19:40| 			"ID"	"JO0000000113"
|   12235|DEBUG|2018/03/16|19:40| 			"TYPE"	"1"
|   12235|DEBUG|2018/03/16|19:40| 			"V_DESC"	"Transfert Interpel - Recup Fichier de contrôle chèques CSB en Euro. Tous les JO."
|   12235|DEBUG|2018/03/16|19:40| 			"V_JNAME"	"XFBBCIFCCEJ"
|   12235|DEBUG|2018/03/16|19:40| 			"XYWH"	"340 -910 30 30"
|   12235|DEBUG|2018/03/16|19:40| 			"F_LPOS"	"0"
|   12235|DEBUG|2018/03/16|19:40| 			"URL_DOC"	""
|   12235|DEBUG|2018/03/16|19:40| 			"F_TYPE"	"0"
|   12235|DEBUG|2018/03/16|19:40| 			"F_CTYPE"	""
|   12235|DEBUG|2018/03/16|19:40| 		}
|   12235|DEBUG|2018/03/16|19:40| 		ELEM {
|   12235|DEBUG|2018/03/16|19:40| 			NB_PROP	"10"
|   12235|DEBUG|2018/03/16|19:40| 			"v_groupexec"	""
|   12235|DEBUG|2018/03/16|19:40| 			"ID"	"JO0000000114"
|   12235|DEBUG|2018/03/16|19:40| 			"TYPE"	"1"
|   12235|DEBUG|2018/03/16|19:40| 			"V_DESC"	"Transfert Interpel - Envoi du fichier de demande de télécopie BDBCICEPC.ZIP à CSB. Tous les JO."
|   12235|DEBUG|2018/03/16|19:40| 			"V_JNAME"	"XFBBCIEICTC"
|   12235|DEBUG|2018/03/16|19:40| 			"XYWH"	"670 -180 30 30"
|   12235|DEBUG|2018/03/16|19:40| 			"F_LPOS"	"1"
|   12235|DEBUG|2018/03/16|19:40| 			"URL_DOC"	""
|   12235|DEBUG|2018/03/16|19:40| 			"F_TYPE"	"6"
|   12235|DEBUG|2018/03/16|19:40| 			"F_CTYPE"	""
|   12235|DEBUG|2018/03/16|19:40| 		}
|   12235|DEBUG|2018/03/16|19:40| 		ELEM {
|   12235|DEBUG|2018/03/16|19:40| 			NB_PROP	"10"
|   12235|DEBUG|2018/03/16|19:40| 			"v_groupexec"	""
|   12235|DEBUG|2018/03/16|19:40| 			"ID"	"JO0000000115"
|   12235|DEBUG|2018/03/16|19:40| 			"TYPE"	"1"
|   12235|DEBUG|2018/03/16|19:40| 			"V_DESC"	"Transfert Interpel - Envoi du fichier Aller compens BCIALSIE.TXT à CSB. Tous les JO."
|   12235|DEBUG|2018/03/16|19:40| 			"V_JNAME"	"XFBBCIALSIE"
|   12235|DEBUG|2018/03/16|19:40| 			"XYWH"	"530 -180 30 30"
|   12235|DEBUG|2018/03/16|19:40| 			"F_LPOS"	"1"
|   12235|DEBUG|2018/03/16|19:40| 			"URL_DOC"	""
|   12235|DEBUG|2018/03/16|19:40| 			"F_TYPE"	"6"
|   12235|DEBUG|2018/03/16|19:40| 			"F_CTYPE"	""
|   12235|DEBUG|2018/03/16|19:40| 		}
|   12235|DEBUG|2018/03/16|19:40| 		ELEM {
|   12235|DEBUG|2018/03/16|19:40| 			NB_PROP	"10"
|   12235|DEBUG|2018/03/16|19:40| 			"v_groupexec"	""
|   12235|DEBUG|2018/03/16|19:40| 			"ID"	"JO0000000116"
|   12235|DEBUG|2018/03/16|19:40| 			"TYPE"	"1"
|   12235|DEBUG|2018/03/16|19:40| 			"V_DESC"	"Transfert Interpel - Envoi fichier Aller CADIF. Tous les JO."
|   12235|DEBUG|2018/03/16|19:40| 			"V_JNAME"	"XFBBCCNTK1E"
|   12235|DEBUG|2018/03/16|19:40| 			"XYWH"	"370 660 30 30"
|   12235|DEBUG|2018/03/16|19:40| 			"F_LPOS"	"1"
|   12236|DEBUG|2018/03/16|19:40| 			"URL_DOC"	""
|   12236|DEBUG|2018/03/16|19:40| 			"F_TYPE"	"6"
|   12236|DEBUG|2018/03/16|19:40| 			"F_CTYPE"	""
|   12236|DEBUG|2018/03/16|19:40| 		}
|   12236|DEBUG|2018/03/16|19:40| 		ELEM {
|   12236|DEBUG|2018/03/16|19:40| 			NB_PROP	"10"
|   12236|DEBUG|2018/03/16|19:40| 			"v_groupexec"	""
|   12236|DEBUG|2018/03/16|19:40| 			"ID"	"JO0000000117"
|   12236|DEBUG|2018/03/16|19:40| 			"TYPE"	"1"
|   12236|DEBUG|2018/03/16|19:40| 			"V_DESC"	"Tous les JO."
|   12236|DEBUG|2018/03/16|19:40| 			"V_JNAME"	"VALIDE8"
|   12236|DEBUG|2018/03/16|19:40| 			"XYWH"	"820 -1590 30 30"
|   12236|DEBUG|2018/03/16|19:40| 			"F_LPOS"	"1"
|   12236|DEBUG|2018/03/16|19:40| 			"URL_DOC"	""
|   12236|DEBUG|2018/03/16|19:40| 			"F_TYPE"	"3"
|   12236|DEBUG|2018/03/16|19:40| 			"F_CTYPE"	""
|   12236|DEBUG|2018/03/16|19:40| 		}
|   12236|DEBUG|2018/03/16|19:40| 		ELEM {
|   12236|DEBUG|2018/03/16|19:40| 			NB_PROP	"10"
|   12236|DEBUG|2018/03/16|19:40| 			"v_groupexec"	""
|   12236|DEBUG|2018/03/16|19:40| 			"ID"	"JO0000000118"
|   12236|DEBUG|2018/03/16|19:40| 			"TYPE"	"1"
|   12236|DEBUG|2018/03/16|19:40| 			"V_DESC"	"Tous les JO."
|   12236|DEBUG|2018/03/16|19:40| 			"V_JNAME"	"VALIDE7"
|   12236|DEBUG|2018/03/16|19:40| 			"XYWH"	"650 -1410 30 30"
|   12236|DEBUG|2018/03/16|19:40| 			"F_LPOS"	"1"
|   12236|DEBUG|2018/03/16|19:40| 			"URL_DOC"	""
|   12236|DEBUG|2018/03/16|19:40| 			"F_TYPE"	"3"
|   12236|DEBUG|2018/03/16|19:40| 			"F_CTYPE"	""
|   12236|DEBUG|2018/03/16|19:40| 		}
|   12236|DEBUG|2018/03/16|19:40| 		ELEM {
|   12236|DEBUG|2018/03/16|19:40| 			NB_PROP	"10"
|   12236|DEBUG|2018/03/16|19:40| 			"v_groupexec"	""
|   12236|DEBUG|2018/03/16|19:40| 			"ID"	"JO0000000119"
|   12236|DEBUG|2018/03/16|19:40| 			"TYPE"	"1"
|   12236|DEBUG|2018/03/16|19:40| 			"V_DESC"	"Tous les JO."
|   12236|DEBUG|2018/03/16|19:40| 			"V_JNAME"	"VALIDE6"
|   12236|DEBUG|2018/03/16|19:40| 			"XYWH"	"500 -1590 30 30"
|   12236|DEBUG|2018/03/16|19:40| 			"F_LPOS"	"1"
|   12236|DEBUG|2018/03/16|19:40| 			"URL_DOC"	""
|   12236|DEBUG|2018/03/16|19:40| 			"F_TYPE"	"3"
|   12236|DEBUG|2018/03/16|19:40| 			"F_CTYPE"	""
|   12236|DEBUG|2018/03/16|19:40| 		}
|   12236|DEBUG|2018/03/16|19:40| 		ELEM {
|   12236|DEBUG|2018/03/16|19:40| 			NB_PROP	"10"
|   12236|DEBUG|2018/03/16|19:40| 			"v_groupexec"	""
|   12236|DEBUG|2018/03/16|19:40| 			"ID"	"JO0000000120"
|   12236|DEBUG|2018/03/16|19:40| 			"TYPE"	"1"
|   12236|DEBUG|2018/03/16|19:40| 			"V_DESC"	"Tous les JO."
|   12236|DEBUG|2018/03/16|19:40| 			"V_JNAME"	"VALIDE1"
|   12236|DEBUG|2018/03/16|19:40| 			"XYWH"	"430 -790 30 30"
|   12236|DEBUG|2018/03/16|19:40| 			"F_LPOS"	"1"
|   12236|DEBUG|2018/03/16|19:40| 			"URL_DOC"	""
|   12236|DEBUG|2018/03/16|19:40| 			"F_TYPE"	"3"
|   12236|DEBUG|2018/03/16|19:40| 			"F_CTYPE"	""
|   12236|DEBUG|2018/03/16|19:40| 		}
|   12236|DEBUG|2018/03/16|19:40| 		ELEM {
|   12236|DEBUG|2018/03/16|19:40| 			NB_PROP	"10"
|   12236|DEBUG|2018/03/16|19:40| 			"v_groupexec"	""
|   12236|DEBUG|2018/03/16|19:40| 			"ID"	"JO0000000121"
|   12236|DEBUG|2018/03/16|19:40| 			"TYPE"	"1"
|   12236|DEBUG|2018/03/16|19:40| 			"V_DESC"	"Tous les JO."
|   12236|DEBUG|2018/03/16|19:40| 			"V_JNAME"	"VALIDE"
|   12236|DEBUG|2018/03/16|19:40| 			"XYWH"	"550 130 30 30"
|   12236|DEBUG|2018/03/16|19:40| 			"F_LPOS"	"1"
|   12236|DEBUG|2018/03/16|19:40| 			"URL_DOC"	""
|   12236|DEBUG|2018/03/16|19:40| 			"F_TYPE"	"3"
|   12236|DEBUG|2018/03/16|19:40| 			"F_CTYPE"	""
|   12236|DEBUG|2018/03/16|19:40| 		}
|   12236|DEBUG|2018/03/16|19:40| 		ELEM {
|   12236|DEBUG|2018/03/16|19:40| 			NB_PROP	"10"
|   12236|DEBUG|2018/03/16|19:40| 			"v_groupexec"	""
|   12236|DEBUG|2018/03/16|19:40| 			"ID"	"JO0000000122"
|   12236|DEBUG|2018/03/16|19:40| 			"TYPE"	"1"
|   12236|DEBUG|2018/03/16|19:40| 			"V_DESC"	"Intègre le fichier Fic_Appro_Ext.txt dans la base des taux de dispo. Tous les JO."
|   12236|DEBUG|2018/03/16|19:40| 			"V_JNAME"	"TOAST_APPRO_EXT"
|   12236|DEBUG|2018/03/16|19:40| 			"XYWH"	"650 -2530 30 30"
|   12236|DEBUG|2018/03/16|19:40| 			"F_LPOS"	"1"
|   12236|DEBUG|2018/03/16|19:40| 			"URL_DOC"	""
|   12236|DEBUG|2018/03/16|19:40| 			"F_TYPE"	"0"
|   12236|DEBUG|2018/03/16|19:40| 			"F_CTYPE"	""
|   12236|DEBUG|2018/03/16|19:40| 		}
|   12236|DEBUG|2018/03/16|19:40| 		ELEM {
|   12236|DEBUG|2018/03/16|19:40| 			NB_PROP	"10"
|   12236|DEBUG|2018/03/16|19:40| 			"v_groupexec"	""
|   12236|DEBUG|2018/03/16|19:40| 			"ID"	"JO0000000123"
|   12236|DEBUG|2018/03/16|19:40| 			"TYPE"	"1"
|   12236|DEBUG|2018/03/16|19:40| 			"V_DESC"	"Renomme le fichier sierebci.zip en svsierebci.zip dans D:\transferts\sienc sur le serveur de prod. Tous les JO."
|   12236|DEBUG|2018/03/16|19:40| 			"V_JNAME"	"RENSIEREBCIZIP"
|   12236|DEBUG|2018/03/16|19:40| 			"XYWH"	"360 1120 30 30"
|   12236|DEBUG|2018/03/16|19:40| 			"F_LPOS"	"0"
|   12236|DEBUG|2018/03/16|19:40| 			"URL_DOC"	""
|   12236|DEBUG|2018/03/16|19:40| 			"F_TYPE"	"0"
|   12236|DEBUG|2018/03/16|19:40| 			"F_CTYPE"	""
|   12236|DEBUG|2018/03/16|19:40| 		}
|   12236|DEBUG|2018/03/16|19:40| 		ELEM {
|   12236|DEBUG|2018/03/16|19:40| 			NB_PROP	"10"
|   12236|DEBUG|2018/03/16|19:40| 			"v_groupexec"	""
|   12236|DEBUG|2018/03/16|19:40| 			"ID"	"JO0000000124"
|   12236|DEBUG|2018/03/16|19:40| 			"TYPE"	"1"
|   12236|DEBUG|2018/03/16|19:40| 			"V_DESC"	"Renomme le fichier sierebci.* en sierebci.txt dans D:\transferts\sienc sur le serveur de prod. Tous les JO."
|   12236|DEBUG|2018/03/16|19:40| 			"V_JNAME"	"RENSIEREBCITXT"
|   12236|DEBUG|2018/03/16|19:40| 			"XYWH"	"470 1120 30 30"
|   12236|DEBUG|2018/03/16|19:40| 			"F_LPOS"	"0"
|   12236|DEBUG|2018/03/16|19:40| 			"URL_DOC"	""
|   12236|DEBUG|2018/03/16|19:40| 			"F_TYPE"	"0"
|   12236|DEBUG|2018/03/16|19:40| 			"F_CTYPE"	""
|   12236|DEBUG|2018/03/16|19:40| 		}
|   12236|DEBUG|2018/03/16|19:40| 		ELEM {
|   12236|DEBUG|2018/03/16|19:40| 			NB_PROP	"10"
|   12236|DEBUG|2018/03/16|19:40| 			"v_groupexec"	""
|   12236|DEBUG|2018/03/16|19:40| 			"ID"	"JO0000000125"
|   12236|DEBUG|2018/03/16|19:40| 			"TYPE"	"1"
|   12236|DEBUG|2018/03/16|19:40| 			"V_DESC"	"Renomme le fichier siecrbci.zip en svsiecrbci.zip dans D:\transferts\sienc sur le serveur de prod. Tous les JO."
|   12236|DEBUG|2018/03/16|19:40| 			"V_JNAME"	"RENSIECRBCIZIP"
|   12236|DEBUG|2018/03/16|19:40| 			"XYWH"	"610 -20 30 30"
|   12236|DEBUG|2018/03/16|19:40| 			"F_LPOS"	"1"
|   12236|DEBUG|2018/03/16|19:40| 			"URL_DOC"	""
|   12236|DEBUG|2018/03/16|19:40| 			"F_TYPE"	"0"
|   12236|DEBUG|2018/03/16|19:40| 			"F_CTYPE"	""
|   12236|DEBUG|2018/03/16|19:40| 		}
|   12236|DEBUG|2018/03/16|19:40| 		ELEM {
|   12236|DEBUG|2018/03/16|19:40| 			NB_PROP	"10"
|   12236|DEBUG|2018/03/16|19:40| 			"v_groupexec"	""
|   12236|DEBUG|2018/03/16|19:40| 			"ID"	"JO0000000126"
|   12236|DEBUG|2018/03/16|19:40| 			"TYPE"	"1"
|   12236|DEBUG|2018/03/16|19:40| 			"V_DESC"	"Renomme le fichier siecrbci.* en siecrbci.txt dans D:\transferts\sienc sur le serveur de prod. Tous les JO."
|   12236|DEBUG|2018/03/16|19:40| 			"V_JNAME"	"RENSIECRBCITXT"
|   12236|DEBUG|2018/03/16|19:40| 			"XYWH"	"610 40 30 30"
|   12236|DEBUG|2018/03/16|19:40| 			"F_LPOS"	"1"
|   12236|DEBUG|2018/03/16|19:40| 			"URL_DOC"	""
|   12236|DEBUG|2018/03/16|19:40| 			"F_TYPE"	"0"
|   12236|DEBUG|2018/03/16|19:40| 			"F_CTYPE"	""
|   12236|DEBUG|2018/03/16|19:40| 		}
|   12236|DEBUG|2018/03/16|19:40| 		ELEM {
|   12236|DEBUG|2018/03/16|19:40| 			NB_PROP	"10"
|   12236|DEBUG|2018/03/16|19:40| 			"v_groupexec"	""
|   12236|DEBUG|2018/03/16|19:40| 			"ID"	"JO0000000127"
|   12236|DEBUG|2018/03/16|19:40| 			"TYPE"	"1"
|   12236|DEBUG|2018/03/16|19:40| 			"V_DESC"	"Renomme le fichier BCITBRET.* en BCITBRET.TXT dans D:\transferts\Monétique sur le serveur de prod. Tous les JO."
|   12236|DEBUG|2018/03/16|19:40| 			"V_JNAME"	"RENBCITBRET"
|   12236|DEBUG|2018/03/16|19:40| 			"XYWH"	"50 -2690 30 30"
|   12236|DEBUG|2018/03/16|19:40| 			"F_LPOS"	"1"
|   12236|DEBUG|2018/03/16|19:40| 			"URL_DOC"	""
|   12236|DEBUG|2018/03/16|19:40| 			"F_TYPE"	"0"
|   12236|DEBUG|2018/03/16|19:40| 			"F_CTYPE"	""
|   12236|DEBUG|2018/03/16|19:40| 		}
|   12236|DEBUG|2018/03/16|19:40| 		ELEM {
|   12236|DEBUG|2018/03/16|19:40| 			NB_PROP	"10"
|   12236|DEBUG|2018/03/16|19:40| 			"v_groupexec"	""
|   12236|DEBUG|2018/03/16|19:40| 			"ID"	"JO0000000128"
|   12236|DEBUG|2018/03/16|19:40| 			"TYPE"	"1"
|   12236|DEBUG|2018/03/16|19:40| 			"V_DESC"	"Renomme le fichier BCISPCOM.* en BCISPCOM.TXT dans D:\transferts\CSB\Arrivee sur le serveur de prod. Tous les JO."
|   12236|DEBUG|2018/03/16|19:40| 			"V_JNAME"	"RENBCISPCOM"
|   12236|DEBUG|2018/03/16|19:40| 			"XYWH"	"330 -1590 30 30"
|   12236|DEBUG|2018/03/16|19:40| 			"F_LPOS"	"1"
|   12236|DEBUG|2018/03/16|19:40| 			"URL_DOC"	""
|   12236|DEBUG|2018/03/16|19:40| 			"F_TYPE"	"0"
|   12236|DEBUG|2018/03/16|19:40| 			"F_CTYPE"	""
|   12236|DEBUG|2018/03/16|19:40| 		}
|   12236|DEBUG|2018/03/16|19:40| 		ELEM {
|   12236|DEBUG|2018/03/16|19:40| 			NB_PROP	"10"
|   12236|DEBUG|2018/03/16|19:40| 			"v_groupexec"	""
|   12236|DEBUG|2018/03/16|19:40| 			"ID"	"JO0000000129"
|   12236|DEBUG|2018/03/16|19:40| 			"TYPE"	"1"
|   12236|DEBUG|2018/03/16|19:40| 			"V_DESC"	"Renomme le fichier BCIREMVT.* en BCIREMVT.TXT dans D:\transferts\Monétique sur le serveur de prod. Tous les JO."
|   12236|DEBUG|2018/03/16|19:40| 			"V_JNAME"	"RENBCIREMVT"
|   12236|DEBUG|2018/03/16|19:40| 			"XYWH"	"-360 -420 30 30"
|   12236|DEBUG|2018/03/16|19:40| 			"F_LPOS"	"7"
|   12236|DEBUG|2018/03/16|19:40| 			"URL_DOC"	""
|   12236|DEBUG|2018/03/16|19:40| 			"F_TYPE"	"0"
|   12236|DEBUG|2018/03/16|19:40| 			"F_CTYPE"	""
|   12236|DEBUG|2018/03/16|19:40| 		}
|   12236|DEBUG|2018/03/16|19:40| 		ELEM {
|   12237|DEBUG|2018/03/16|19:40| 			NB_PROP	"10"
|   12237|DEBUG|2018/03/16|19:40| 			"v_groupexec"	""
|   12237|DEBUG|2018/03/16|19:40| 			"ID"	"JO0000000130"
|   12237|DEBUG|2018/03/16|19:40| 			"TYPE"	"1"
|   12237|DEBUG|2018/03/16|19:40| 			"V_DESC"	"Renomme le fichier BCIREJNG.* en BCIREJNG.TXT dans D:\transferts\Monétique sur le serveur de prod. Tous les JO."
|   12237|DEBUG|2018/03/16|19:40| 			"V_JNAME"	"RENBCIREJNG"
|   12237|DEBUG|2018/03/16|19:40| 			"XYWH"	"-280 -420 30 30"
|   12237|DEBUG|2018/03/16|19:40| 			"F_LPOS"	"1"
|   12237|DEBUG|2018/03/16|19:40| 			"URL_DOC"	""
|   12237|DEBUG|2018/03/16|19:40| 			"F_TYPE"	"0"
|   12237|DEBUG|2018/03/16|19:40| 			"F_CTYPE"	""
|   12237|DEBUG|2018/03/16|19:40| 		}
|   12237|DEBUG|2018/03/16|19:40| 		ELEM {
|   12237|DEBUG|2018/03/16|19:40| 			NB_PROP	"10"
|   12237|DEBUG|2018/03/16|19:40| 			"v_groupexec"	""
|   12237|DEBUG|2018/03/16|19:40| 			"ID"	"JO0000000131"
|   12237|DEBUG|2018/03/16|19:40| 			"TYPE"	"1"
|   12237|DEBUG|2018/03/16|19:40| 			"V_DESC"	"Renomme le fichier BCIREDIV.* en IRPBCI2.BCI de la CSB. Tous les JO."
|   12237|DEBUG|2018/03/16|19:40| 			"V_JNAME"	"RENBCIREDIV"
|   12237|DEBUG|2018/03/16|19:40| 			"XYWH"	"-120 -790 30 30"
|   12237|DEBUG|2018/03/16|19:40| 			"F_LPOS"	"0"
|   12237|DEBUG|2018/03/16|19:40| 			"URL_DOC"	""
|   12237|DEBUG|2018/03/16|19:40| 			"F_TYPE"	"0"
|   12237|DEBUG|2018/03/16|19:40| 			"F_CTYPE"	""
|   12237|DEBUG|2018/03/16|19:40| 		}
|   12237|DEBUG|2018/03/16|19:40| 		ELEM {
|   12237|DEBUG|2018/03/16|19:40| 			NB_PROP	"10"
|   12237|DEBUG|2018/03/16|19:40| 			"v_groupexec"	""
|   12237|DEBUG|2018/03/16|19:40| 			"ID"	"JO0000000132"
|   12237|DEBUG|2018/03/16|19:40| 			"TYPE"	"1"
|   12237|DEBUG|2018/03/16|19:40| 			"V_DESC"	"Renomme le fichier BCIRECMP.* en IRVBCI1.BCI de la CSB. Tous les JO."
|   12237|DEBUG|2018/03/16|19:40| 			"V_JNAME"	"RENBCIRECMP"
|   12237|DEBUG|2018/03/16|19:40| 			"XYWH"	"-120 -970 30 30"
|   12237|DEBUG|2018/03/16|19:40| 			"F_LPOS"	"0"
|   12237|DEBUG|2018/03/16|19:40| 			"URL_DOC"	""
|   12237|DEBUG|2018/03/16|19:40| 			"F_TYPE"	"0"
|   12237|DEBUG|2018/03/16|19:40| 			"F_CTYPE"	""
|   12237|DEBUG|2018/03/16|19:40| 		}
|   12237|DEBUG|2018/03/16|19:40| 		ELEM {
|   12237|DEBUG|2018/03/16|19:40| 			NB_PROP	"10"
|   12237|DEBUG|2018/03/16|19:40| 			"v_groupexec"	""
|   12237|DEBUG|2018/03/16|19:40| 			"ID"	"JO0000000133"
|   12237|DEBUG|2018/03/16|19:40| 			"TYPE"	"1"
|   12237|DEBUG|2018/03/16|19:40| 			"V_DESC"	"Renomme le fichier BCIPADIV.* en IPPBCI2.BCI de la CSB. Tous les JO."
|   12237|DEBUG|2018/03/16|19:40| 			"V_JNAME"	"RENBCIPADIV"
|   12237|DEBUG|2018/03/16|19:40| 			"XYWH"	"-200 -850 30 30"
|   12237|DEBUG|2018/03/16|19:40| 			"F_LPOS"	"0"
|   12237|DEBUG|2018/03/16|19:40| 			"URL_DOC"	""
|   12237|DEBUG|2018/03/16|19:40| 			"F_TYPE"	"0"
|   12237|DEBUG|2018/03/16|19:40| 			"F_CTYPE"	""
|   12237|DEBUG|2018/03/16|19:40| 		}
|   12237|DEBUG|2018/03/16|19:40| 		ELEM {
|   12237|DEBUG|2018/03/16|19:40| 			NB_PROP	"10"
|   12237|DEBUG|2018/03/16|19:40| 			"v_groupexec"	""
|   12237|DEBUG|2018/03/16|19:40| 			"ID"	"JO0000000134"
|   12237|DEBUG|2018/03/16|19:40| 			"TYPE"	"1"
|   12237|DEBUG|2018/03/16|19:40| 			"V_DESC"	"Renomme le fichier BCIPACOM.* en IPVBCI2.BCI de la CSB. Tous les JO."
|   12237|DEBUG|2018/03/16|19:40| 			"V_JNAME"	"RENBCIPACOM"
|   12237|DEBUG|2018/03/16|19:40| 			"XYWH"	"30 -910 30 30"
|   12237|DEBUG|2018/03/16|19:40| 			"F_LPOS"	"1"
|   12237|DEBUG|2018/03/16|19:40| 			"URL_DOC"	""
|   12237|DEBUG|2018/03/16|19:40| 			"F_TYPE"	"0"
|   12237|DEBUG|2018/03/16|19:40| 			"F_CTYPE"	""
|   12237|DEBUG|2018/03/16|19:40| 		}
|   12237|DEBUG|2018/03/16|19:40| 		ELEM {
|   12237|DEBUG|2018/03/16|19:40| 			NB_PROP	"10"
|   12237|DEBUG|2018/03/16|19:40| 			"v_groupexec"	""
|   12237|DEBUG|2018/03/16|19:40| 			"ID"	"JO0000000135"
|   12237|DEBUG|2018/03/16|19:40| 			"TYPE"	"1"
|   12237|DEBUG|2018/03/16|19:40| 			"V_DESC"	"Renomme le fichier BCIPACMP.* en IPVBCI1.BCI de la CSB. Tous les JO."
|   12237|DEBUG|2018/03/16|19:40| 			"V_JNAME"	"RENBCIPACMP"
|   12237|DEBUG|2018/03/16|19:40| 			"XYWH"	"-50 -1040 30 30"
|   12237|DEBUG|2018/03/16|19:40| 			"F_LPOS"	"0"
|   12237|DEBUG|2018/03/16|19:40| 			"URL_DOC"	""
|   12237|DEBUG|2018/03/16|19:40| 			"F_TYPE"	"0"
|   12237|DEBUG|2018/03/16|19:40| 			"F_CTYPE"	""
|   12237|DEBUG|2018/03/16|19:40| 		}
|   12237|DEBUG|2018/03/16|19:40| 		ELEM {
|   12237|DEBUG|2018/03/16|19:40| 			NB_PROP	"10"
|   12237|DEBUG|2018/03/16|19:40| 			"v_groupexec"	""
|   12237|DEBUG|2018/03/16|19:40| 			"ID"	"JO0000000136"
|   12237|DEBUG|2018/03/16|19:40| 			"TYPE"	"1"
|   12237|DEBUG|2018/03/16|19:40| 			"V_DESC"	"transforme le csv en Fic_Appro_Ext.txt de la CSB. Tous les JO."
|   12237|DEBUG|2018/03/16|19:40| 			"V_JNAME"	"MoulinetteGAB"
|   12237|DEBUG|2018/03/16|19:40| 			"XYWH"	"650 -2640 30 30"
|   12237|DEBUG|2018/03/16|19:40| 			"F_LPOS"	"1"
|   12237|DEBUG|2018/03/16|19:40| 			"URL_DOC"	""
|   12237|DEBUG|2018/03/16|19:40| 			"F_TYPE"	"0"
|   12237|DEBUG|2018/03/16|19:40| 			"F_CTYPE"	""
|   12237|DEBUG|2018/03/16|19:40| 		}
|   12237|DEBUG|2018/03/16|19:40| 		ELEM {
|   12237|DEBUG|2018/03/16|19:40| 			NB_PROP	"10"
|   12237|DEBUG|2018/03/16|19:40| 			"v_groupexec"	""
|   12237|DEBUG|2018/03/16|19:40| 			"ID"	"JO0000000137"
|   12237|DEBUG|2018/03/16|19:40| 			"TYPE"	"1"
|   12237|DEBUG|2018/03/16|19:40| 			"V_DESC"	"Renomme le fichier BCIJAREN.* en BCIJAREN.TXT dans D:\transferts\Monetique sur le serveur de prod. Tous les JO."
|   12237|DEBUG|2018/03/16|19:40| 			"V_JNAME"	"RENBCIJAREN"
|   12237|DEBUG|2018/03/16|19:40| 			"XYWH"	"1040 3310 30 30"
|   12237|DEBUG|2018/03/16|19:40| 			"F_LPOS"	"0"
|   12237|DEBUG|2018/03/16|19:40| 			"URL_DOC"	""
|   12237|DEBUG|2018/03/16|19:40| 			"F_TYPE"	"0"
|   12237|DEBUG|2018/03/16|19:40| 			"F_CTYPE"	""
|   12237|DEBUG|2018/03/16|19:40| 		}
|   12237|DEBUG|2018/03/16|19:40| 		ELEM {
|   12237|DEBUG|2018/03/16|19:40| 			NB_PROP	"10"
|   12237|DEBUG|2018/03/16|19:40| 			"v_groupexec"	""
|   12237|DEBUG|2018/03/16|19:40| 			"ID"	"JO0000000138"
|   12237|DEBUG|2018/03/16|19:40| 			"TYPE"	"1"
|   12237|DEBUG|2018/03/16|19:40| 			"V_DESC"	"Renomme le fichier BCIFTCXJ.* en BCIFTCXJ.TXT dans D:\transferts\CSB sur le serveur de prod. Tous les JO."
|   12237|DEBUG|2018/03/16|19:40| 			"V_JNAME"	"RENBCIFTCXJ"
|   12237|DEBUG|2018/03/16|19:40| 			"XYWH"	"430 -1040 30 30"
|   12237|DEBUG|2018/03/16|19:40| 			"F_LPOS"	"0"
|   12237|DEBUG|2018/03/16|19:40| 			"URL_DOC"	""
|   12237|DEBUG|2018/03/16|19:40| 			"F_TYPE"	"0"
|   12237|DEBUG|2018/03/16|19:40| 			"F_CTYPE"	""
|   12237|DEBUG|2018/03/16|19:40| 		}
|   12237|DEBUG|2018/03/16|19:40| 		ELEM {
|   12237|DEBUG|2018/03/16|19:40| 			NB_PROP	"10"
|   12237|DEBUG|2018/03/16|19:40| 			"v_groupexec"	""
|   12237|DEBUG|2018/03/16|19:40| 			"ID"	"JO0000000139"
|   12237|DEBUG|2018/03/16|19:40| 			"TYPE"	"1"
|   12237|DEBUG|2018/03/16|19:40| 			"V_DESC"	"Renomme le fichier BCIFTCEJ.* en BCIFTCEJ.TXT dans D:\transferts\CSB sur le serveur de prod. Tous les JO."
|   12237|DEBUG|2018/03/16|19:40| 			"V_JNAME"	"RENBCIFTCEJ"
|   12237|DEBUG|2018/03/16|19:40| 			"XYWH"	"520 -910 30 30"
|   12237|DEBUG|2018/03/16|19:40| 			"F_LPOS"	"0"
|   12237|DEBUG|2018/03/16|19:40| 			"URL_DOC"	""
|   12237|DEBUG|2018/03/16|19:40| 			"F_TYPE"	"0"
|   12237|DEBUG|2018/03/16|19:40| 			"F_CTYPE"	""
|   12237|DEBUG|2018/03/16|19:40| 		}
|   12237|DEBUG|2018/03/16|19:40| 		ELEM {
|   12237|DEBUG|2018/03/16|19:40| 			NB_PROP	"10"
|   12237|DEBUG|2018/03/16|19:40| 			"v_groupexec"	""
|   12237|DEBUG|2018/03/16|19:40| 			"ID"	"JO0000000140"
|   12237|DEBUG|2018/03/16|19:40| 			"TYPE"	"1"
|   12237|DEBUG|2018/03/16|19:40| 			"V_DESC"	"Renomme le fichier BCIFCCXJ.* en BCIFCCXJ.TXT dans D:\transferts\CSB sur le serveur de prod. Tous les JO."
|   12237|DEBUG|2018/03/16|19:40| 			"V_JNAME"	"RENBCIFCCXJ"
|   12237|DEBUG|2018/03/16|19:40| 			"XYWH"	"790 -1040 30 30"
|   12237|DEBUG|2018/03/16|19:40| 			"F_LPOS"	"0"
|   12237|DEBUG|2018/03/16|19:40| 			"URL_DOC"	""
|   12237|DEBUG|2018/03/16|19:40| 			"F_TYPE"	"0"
|   12237|DEBUG|2018/03/16|19:40| 			"F_CTYPE"	""
|   12237|DEBUG|2018/03/16|19:40| 		}
|   12237|DEBUG|2018/03/16|19:40| 		ELEM {
|   12237|DEBUG|2018/03/16|19:40| 			NB_PROP	"10"
|   12237|DEBUG|2018/03/16|19:40| 			"v_groupexec"	""
|   12237|DEBUG|2018/03/16|19:40| 			"ID"	"JO0000000141"
|   12237|DEBUG|2018/03/16|19:40| 			"TYPE"	"1"
|   12237|DEBUG|2018/03/16|19:40| 			"V_DESC"	"Renomme le fichier BCIFCCEJ.* en BCIFCCEJ.TXT dans D:\transferts\CSB sur le serveur de prod. Tous les JO."
|   12237|DEBUG|2018/03/16|19:40| 			"V_JNAME"	"RENBCIFCCEJ"
|   12237|DEBUG|2018/03/16|19:40| 			"XYWH"	"790 -910 30 30"
|   12237|DEBUG|2018/03/16|19:40| 			"F_LPOS"	"0"
|   12237|DEBUG|2018/03/16|19:40| 			"URL_DOC"	""
|   12237|DEBUG|2018/03/16|19:40| 			"F_TYPE"	"0"
|   12237|DEBUG|2018/03/16|19:40| 			"F_CTYPE"	""
|   12237|DEBUG|2018/03/16|19:40| 		}
|   12237|DEBUG|2018/03/16|19:40| 		ELEM {
|   12237|DEBUG|2018/03/16|19:40| 			NB_PROP	"10"
|   12237|DEBUG|2018/03/16|19:40| 			"v_groupexec"	""
|   12237|DEBUG|2018/03/16|19:40| 			"ID"	"JO0000000142"
|   12237|DEBUG|2018/03/16|19:40| 			"TYPE"	"1"
|   12237|DEBUG|2018/03/16|19:40| 			"V_DESC"	"Analyse et génération des pages HTML SYSLOAD	"
|   12237|DEBUG|2018/03/16|19:40| 			"V_JNAME"	"Rapport_Systeme_Mensuel"
|   12237|DEBUG|2018/03/16|19:40| 			"XYWH"	"760 4250 30 30"
|   12237|DEBUG|2018/03/16|19:40| 			"F_LPOS"	"1"
|   12237|DEBUG|2018/03/16|19:40| 			"URL_DOC"	""
|   12237|DEBUG|2018/03/16|19:40| 			"F_TYPE"	"0"
|   12237|DEBUG|2018/03/16|19:40| 			"F_CTYPE"	""
|   12237|DEBUG|2018/03/16|19:40| 		}
|   12237|DEBUG|2018/03/16|19:40| 		ELEM {
|   12237|DEBUG|2018/03/16|19:40| 			NB_PROP	"10"
|   12237|DEBUG|2018/03/16|19:40| 			"v_groupexec"	""
|   12237|DEBUG|2018/03/16|19:40| 			"ID"	"JO0000000143"
|   12237|DEBUG|2018/03/16|19:40| 			"TYPE"	"1"
|   12238|DEBUG|2018/03/16|19:40| 			"V_DESC"	"Edition des profils AS400 ayant des droits *PUBLIC différents de *EXCLUDE et des droits privés. Génération du fichier BDPRFAUT."
|   12238|DEBUG|2018/03/16|19:40| 			"V_JNAME"	"PRTUSRAUT"
|   12238|DEBUG|2018/03/16|19:40| 			"XYWH"	"220 4250 30 30"
|   12238|DEBUG|2018/03/16|19:40| 			"F_LPOS"	"1"
|   12238|DEBUG|2018/03/16|19:40| 			"URL_DOC"	""
|   12238|DEBUG|2018/03/16|19:40| 			"F_TYPE"	"3"
|   12238|DEBUG|2018/03/16|19:40| 			"F_CTYPE"	""
|   12238|DEBUG|2018/03/16|19:40| 		}
|   12238|DEBUG|2018/03/16|19:40| 		ELEM {
|   12238|DEBUG|2018/03/16|19:40| 			NB_PROP	"10"
|   12238|DEBUG|2018/03/16|19:40| 			"v_groupexec"	""
|   12238|DEBUG|2018/03/16|19:40| 			"ID"	"JO0000000144"
|   12238|DEBUG|2018/03/16|19:40| 			"TYPE"	"1"
|   12238|DEBUG|2018/03/16|19:40| 			"V_DESC"	"Envoi d'un mail pour le Ticket comptable. Tous les JO."
|   12238|DEBUG|2018/03/16|19:40| 			"V_JNAME"	"MEL_TICKET_CPTA"
|   12238|DEBUG|2018/03/16|19:40| 			"XYWH"	"710 1250 30 30"
|   12238|DEBUG|2018/03/16|19:40| 			"F_LPOS"	"1"
|   12238|DEBUG|2018/03/16|19:40| 			"URL_DOC"	""
|   12238|DEBUG|2018/03/16|19:40| 			"F_TYPE"	"0"
|   12238|DEBUG|2018/03/16|19:40| 			"F_CTYPE"	""
|   12238|DEBUG|2018/03/16|19:40| 		}
|   12238|DEBUG|2018/03/16|19:40| 		ELEM {
|   12238|DEBUG|2018/03/16|19:40| 			NB_PROP	"10"
|   12238|DEBUG|2018/03/16|19:40| 			"v_groupexec"	""
|   12238|DEBUG|2018/03/16|19:40| 			"ID"	"JO0000000145"
|   12238|DEBUG|2018/03/16|19:40| 			"TYPE"	"1"
|   12238|DEBUG|2018/03/16|19:40| 			"V_DESC"	"Envoi d'un mail a la compta pour le Retour SIT. Tous les JO."
|   12238|DEBUG|2018/03/16|19:40| 			"V_JNAME"	"MEL_SIT_RETOUR"
|   12238|DEBUG|2018/03/16|19:40| 			"XYWH"	"310 -70 30 30"
|   12238|DEBUG|2018/03/16|19:40| 			"F_LPOS"	"4"
|   12238|DEBUG|2018/03/16|19:40| 			"URL_DOC"	""
|   12238|DEBUG|2018/03/16|19:40| 			"F_TYPE"	"0"
|   12238|DEBUG|2018/03/16|19:40| 			"F_CTYPE"	""
|   12238|DEBUG|2018/03/16|19:40| 		}
|   12238|DEBUG|2018/03/16|19:40| 		ELEM {
|   12238|DEBUG|2018/03/16|19:40| 			NB_PROP	"10"
|   12238|DEBUG|2018/03/16|19:40| 			"v_groupexec"	""
|   12238|DEBUG|2018/03/16|19:40| 			"ID"	"JO0000000146"
|   12238|DEBUG|2018/03/16|19:40| 			"TYPE"	"1"
|   12238|DEBUG|2018/03/16|19:40| 			"V_DESC"	"Envoi d'un mail au soc pour accord de transfert du SIT. Ts les JO."
|   12238|DEBUG|2018/03/16|19:40| 			"V_JNAME"	"Mel_SIT_ALLER"
|   12238|DEBUG|2018/03/16|19:40| 			"XYWH"	"370 600 30 30"
|   12238|DEBUG|2018/03/16|19:40| 			"F_LPOS"	"1"
|   12238|DEBUG|2018/03/16|19:40| 			"URL_DOC"	""
|   12238|DEBUG|2018/03/16|19:40| 			"F_TYPE"	"0"
|   12238|DEBUG|2018/03/16|19:40| 			"F_CTYPE"	""
|   12238|DEBUG|2018/03/16|19:40| 		}
|   12238|DEBUG|2018/03/16|19:40| 		ELEM {
|   12238|DEBUG|2018/03/16|19:40| 			NB_PROP	"10"
|   12238|DEBUG|2018/03/16|19:40| 			"v_groupexec"	""
|   12238|DEBUG|2018/03/16|19:40| 			"ID"	"JO0000000147"
|   12238|DEBUG|2018/03/16|19:40| 			"TYPE"	"1"
|   12238|DEBUG|2018/03/16|19:40| 			"V_DESC"	"Envoi d'un mail au RSSI suite à l'extraction automatique des profils AS400 et de la table GSTR. 1er JO."
|   12238|DEBUG|2018/03/16|19:40| 			"V_JNAME"	"mel_revue_profil"
|   12238|DEBUG|2018/03/16|19:40| 			"XYWH"	"560 4430 30 30"
|   12238|DEBUG|2018/03/16|19:40| 			"F_LPOS"	"1"
|   12238|DEBUG|2018/03/16|19:40| 			"URL_DOC"	""
|   12238|DEBUG|2018/03/16|19:40| 			"F_TYPE"	"0"
|   12238|DEBUG|2018/03/16|19:40| 			"F_CTYPE"	""
|   12238|DEBUG|2018/03/16|19:40| 		}
|   12238|DEBUG|2018/03/16|19:40| 		ELEM {
|   12238|DEBUG|2018/03/16|19:40| 			NB_PROP	"10"
|   12238|DEBUG|2018/03/16|19:40| 			"v_groupexec"	""
|   12238|DEBUG|2018/03/16|19:40| 			"ID"	"JO0000000148"
|   12238|DEBUG|2018/03/16|19:40| 			"TYPE"	"1"
|   12238|DEBUG|2018/03/16|19:40| 			"V_DESC"	"Envoi d'un mail pour le Retour SIENC. Tous les JO."
|   12238|DEBUG|2018/03/16|19:40| 			"V_JNAME"	"MEL_RET_SIENC"
|   12238|DEBUG|2018/03/16|19:40| 			"XYWH"	"710 1610 30 30"
|   12238|DEBUG|2018/03/16|19:40| 			"F_LPOS"	"1"
|   12238|DEBUG|2018/03/16|19:40| 			"URL_DOC"	""
|   12238|DEBUG|2018/03/16|19:40| 			"F_TYPE"	"0"
|   12238|DEBUG|2018/03/16|19:40| 			"F_CTYPE"	""
|   12238|DEBUG|2018/03/16|19:40| 		}
|   12238|DEBUG|2018/03/16|19:40| 		ELEM {
|   12238|DEBUG|2018/03/16|19:40| 			NB_PROP	"10"
|   12238|DEBUG|2018/03/16|19:40| 			"v_groupexec"	""
|   12238|DEBUG|2018/03/16|19:40| 			"ID"	"JO0000000149"
|   12238|DEBUG|2018/03/16|19:40| 			"TYPE"	"1"
|   12238|DEBUG|2018/03/16|19:40| 			"V_DESC"	"Envoi d'un mail a la compta pour le REESCOMPTE. Fin de semaine."
|   12238|DEBUG|2018/03/16|19:40| 			"V_JNAME"	"MEL_MOBILI2"
|   12238|DEBUG|2018/03/16|19:40| 			"XYWH"	"390 2750 30 30"
|   12238|DEBUG|2018/03/16|19:40| 			"F_LPOS"	"2"
|   12238|DEBUG|2018/03/16|19:40| 			"URL_DOC"	""
|   12238|DEBUG|2018/03/16|19:40| 			"F_TYPE"	"0"
|   12238|DEBUG|2018/03/16|19:40| 			"F_CTYPE"	""
|   12238|DEBUG|2018/03/16|19:40| 		}
|   12238|DEBUG|2018/03/16|19:40| 		ELEM {
|   12238|DEBUG|2018/03/16|19:40| 			NB_PROP	"10"
|   12238|DEBUG|2018/03/16|19:40| 			"v_groupexec"	""
|   12238|DEBUG|2018/03/16|19:40| 			"ID"	"JO0000000150"
|   12238|DEBUG|2018/03/16|19:40| 			"TYPE"	"1"
|   12238|DEBUG|2018/03/16|19:40| 			"V_DESC"	"Envoi d'un mail a la compta pour le REESCOMPTE. Fin de semaine."
|   12238|DEBUG|2018/03/16|19:40| 			"V_JNAME"	"MEL_MOBILI"
|   12238|DEBUG|2018/03/16|19:40| 			"XYWH"	"540 2510 30 30"
|   12238|DEBUG|2018/03/16|19:40| 			"F_LPOS"	"4"
|   12238|DEBUG|2018/03/16|19:40| 			"URL_DOC"	""
|   12238|DEBUG|2018/03/16|19:40| 			"F_TYPE"	"0"
|   12238|DEBUG|2018/03/16|19:40| 			"F_CTYPE"	""
|   12238|DEBUG|2018/03/16|19:40| 		}
|   12238|DEBUG|2018/03/16|19:40| 		ELEM {
|   12238|DEBUG|2018/03/16|19:40| 			NB_PROP	"10"
|   12238|DEBUG|2018/03/16|19:40| 			"v_groupexec"	""
|   12238|DEBUG|2018/03/16|19:40| 			"ID"	"JO0000000151"
|   12238|DEBUG|2018/03/16|19:40| 			"TYPE"	"1"
|   12238|DEBUG|2018/03/16|19:40| 			"V_DESC"	"Envoi d'un mail au SOC pour la liste des PTF. 1 er jour de semaine."
|   12238|DEBUG|2018/03/16|19:40| 			"V_JNAME"	"MEL_LST_PTF"
|   12238|DEBUG|2018/03/16|19:40| 			"XYWH"	"-310 2630 30 30"
|   12238|DEBUG|2018/03/16|19:40| 			"F_LPOS"	"1"
|   12238|DEBUG|2018/03/16|19:40| 			"URL_DOC"	""
|   12238|DEBUG|2018/03/16|19:40| 			"F_TYPE"	"0"
|   12238|DEBUG|2018/03/16|19:40| 			"F_CTYPE"	""
|   12238|DEBUG|2018/03/16|19:40| 		}
|   12238|DEBUG|2018/03/16|19:40| 		ELEM {
|   12238|DEBUG|2018/03/16|19:40| 			NB_PROP	"10"
|   12238|DEBUG|2018/03/16|19:40| 			"v_groupexec"	""
|   12238|DEBUG|2018/03/16|19:40| 			"ID"	"JO0000000152"
|   12238|DEBUG|2018/03/16|19:40| 			"TYPE"	"1"
|   12238|DEBUG|2018/03/16|19:40| 			"V_DESC"	"Envoi d'un mail a la mometique. Tous les JO."
|   12238|DEBUG|2018/03/16|19:40| 			"V_JNAME"	"Mel_IM17499G"
|   12238|DEBUG|2018/03/16|19:40| 			"XYWH"	"1180 170 30 30"
|   12238|DEBUG|2018/03/16|19:40| 			"F_LPOS"	"0"
|   12238|DEBUG|2018/03/16|19:40| 			"URL_DOC"	""
|   12238|DEBUG|2018/03/16|19:40| 			"F_TYPE"	"0"
|   12238|DEBUG|2018/03/16|19:40| 			"F_CTYPE"	""
|   12238|DEBUG|2018/03/16|19:40| 		}
|   12238|DEBUG|2018/03/16|19:40| 		ELEM {
|   12238|DEBUG|2018/03/16|19:40| 			NB_PROP	"10"
|   12238|DEBUG|2018/03/16|19:40| 			"v_groupexec"	""
|   12238|DEBUG|2018/03/16|19:40| 			"ID"	"JO0000000153"
|   12238|DEBUG|2018/03/16|19:40| 			"TYPE"	"1"
|   12238|DEBUG|2018/03/16|19:40| 			"V_DESC"	"Envoi d'un mail pour prévenir de l'intégration des fichiers Fic_Appro_Ext.txt et Fic_Appro_Int.txt. Journalier."
|   12238|DEBUG|2018/03/16|19:40| 			"V_JNAME"	"MEL_Fic_Appro"
|   12238|DEBUG|2018/03/16|19:40| 			"XYWH"	"540 -2490 30 30"
|   12238|DEBUG|2018/03/16|19:40| 			"F_LPOS"	"1"
|   12238|DEBUG|2018/03/16|19:40| 			"URL_DOC"	""
|   12238|DEBUG|2018/03/16|19:40| 			"F_TYPE"	"0"
|   12238|DEBUG|2018/03/16|19:40| 			"F_CTYPE"	""
|   12238|DEBUG|2018/03/16|19:40| 		}
|   12239|DEBUG|2018/03/16|19:40| 		ELEM {
|   12239|DEBUG|2018/03/16|19:40| 			NB_PROP	"10"
|   12239|DEBUG|2018/03/16|19:40| 			"v_groupexec"	""
|   12239|DEBUG|2018/03/16|19:40| 			"ID"	"JO0000000154"
|   12239|DEBUG|2018/03/16|19:40| 			"TYPE"	"1"
|   12239|DEBUG|2018/03/16|19:40| 			"V_DESC"	"Envoi d'un mail CSB Interne. Journalier."
|   12239|DEBUG|2018/03/16|19:40| 			"V_JNAME"	"MEL_CSB_INT"
|   12239|DEBUG|2018/03/16|19:40| 			"XYWH"	"910 -2640 30 30"
|   12239|DEBUG|2018/03/16|19:40| 			"F_LPOS"	"1"
|   12239|DEBUG|2018/03/16|19:40| 			"URL_DOC"	""
|   12239|DEBUG|2018/03/16|19:40| 			"F_TYPE"	"0"
|   12239|DEBUG|2018/03/16|19:40| 			"F_CTYPE"	""
|   12239|DEBUG|2018/03/16|19:40| 		}
|   12239|DEBUG|2018/03/16|19:40| 		ELEM {
|   12239|DEBUG|2018/03/16|19:40| 			NB_PROP	"10"
|   12239|DEBUG|2018/03/16|19:40| 			"v_groupexec"	""
|   12239|DEBUG|2018/03/16|19:40| 			"ID"	"JO0000000155"
|   12239|DEBUG|2018/03/16|19:40| 			"TYPE"	"1"
|   12239|DEBUG|2018/03/16|19:40| 			"V_DESC"	"Envoi d'un mail a la compta"
|   12239|DEBUG|2018/03/16|19:40| 			"V_JNAME"	"Mel_CAEXT"
|   12239|DEBUG|2018/03/16|19:40| 			"XYWH"	"-160 -1320 30 30"
|   12239|DEBUG|2018/03/16|19:40| 			"F_LPOS"	"1"
|   12239|DEBUG|2018/03/16|19:40| 			"URL_DOC"	""
|   12239|DEBUG|2018/03/16|19:40| 			"F_TYPE"	"0"
|   12239|DEBUG|2018/03/16|19:40| 			"F_CTYPE"	""
|   12239|DEBUG|2018/03/16|19:40| 		}
|   12239|DEBUG|2018/03/16|19:40| 		ELEM {
|   12239|DEBUG|2018/03/16|19:40| 			NB_PROP	"10"
|   12239|DEBUG|2018/03/16|19:40| 			"v_groupexec"	""
|   12239|DEBUG|2018/03/16|19:40| 			"ID"	"JO0000000156"
|   12239|DEBUG|2018/03/16|19:40| 			"TYPE"	"1"
|   12239|DEBUG|2018/03/16|19:40| 			"V_DESC"	"Envoi d'un mail pour l'aller SIENC. Tous les JO."
|   12239|DEBUG|2018/03/16|19:40| 			"V_JNAME"	"MEL_ALLER_SIENC"
|   12239|DEBUG|2018/03/16|19:40| 			"XYWH"	"670 -130 30 30"
|   12239|DEBUG|2018/03/16|19:40| 			"F_LPOS"	"1"
|   12239|DEBUG|2018/03/16|19:40| 			"URL_DOC"	""
|   12239|DEBUG|2018/03/16|19:40| 			"F_TYPE"	"0"
|   12239|DEBUG|2018/03/16|19:40| 			"F_CTYPE"	""
|   12239|DEBUG|2018/03/16|19:40| 		}
|   12239|DEBUG|2018/03/16|19:40| 		ELEM {
|   12239|DEBUG|2018/03/16|19:40| 			NB_PROP	"10"
|   12239|DEBUG|2018/03/16|19:40| 			"v_groupexec"	""
|   12239|DEBUG|2018/03/16|19:40| 			"ID"	"JO0000000157"
|   12239|DEBUG|2018/03/16|19:40| 			"TYPE"	"1"
|   12239|DEBUG|2018/03/16|19:40| 			"V_DESC"	"Mise à jour de la Base extraits de comptes. Mensuel 1er JO."
|   12239|DEBUG|2018/03/16|19:40| 			"V_JNAME"	"MAJ_BASE"
|   12239|DEBUG|2018/03/16|19:40| 			"XYWH"	"800 3370 30 30"
|   12239|DEBUG|2018/03/16|19:40| 			"F_LPOS"	"4"
|   12239|DEBUG|2018/03/16|19:40| 			"URL_DOC"	""
|   12239|DEBUG|2018/03/16|19:40| 			"F_TYPE"	"0"
|   12239|DEBUG|2018/03/16|19:40| 			"F_CTYPE"	""
|   12239|DEBUG|2018/03/16|19:40| 		}
|   12239|DEBUG|2018/03/16|19:40| 		ELEM {
|   12239|DEBUG|2018/03/16|19:40| 			NB_PROP	"10"
|   12239|DEBUG|2018/03/16|19:40| 			"v_groupexec"	""
|   12239|DEBUG|2018/03/16|19:40| 			"ID"	"JO0000000158"
|   12239|DEBUG|2018/03/16|19:40| 			"TYPE"	"1"
|   12239|DEBUG|2018/03/16|19:40| 			"V_DESC"	"Copie de fichier en filtrant les lignes de GLOBJAD.BCI dans VPJAD.BCI. Tous les JO."
|   12239|DEBUG|2018/03/16|19:40| 			"V_JNAME"	"GENEREVPJAD"
|   12239|DEBUG|2018/03/16|19:40| 			"XYWH"	"-50 -730 30 30"
|   12239|DEBUG|2018/03/16|19:40| 			"F_LPOS"	"4"
|   12239|DEBUG|2018/03/16|19:40| 			"URL_DOC"	""
|   12239|DEBUG|2018/03/16|19:40| 			"F_TYPE"	"0"
|   12239|DEBUG|2018/03/16|19:40| 			"F_CTYPE"	""
|   12239|DEBUG|2018/03/16|19:40| 		}
|   12239|DEBUG|2018/03/16|19:40| 		ELEM {
|   12239|DEBUG|2018/03/16|19:40| 			NB_PROP	"10"
|   12239|DEBUG|2018/03/16|19:40| 			"v_groupexec"	""
|   12239|DEBUG|2018/03/16|19:40| 			"ID"	"JO0000000159"
|   12239|DEBUG|2018/03/16|19:40| 			"TYPE"	"1"
|   12239|DEBUG|2018/03/16|19:40| 			"V_DESC"	"Copie de fichier en filtrant les lignes de GLOBJAD.BCI dans PMPJAD.BCI. Tous les JO."
|   12239|DEBUG|2018/03/16|19:40| 			"V_JNAME"	"GENEREPMPJAD"
|   12239|DEBUG|2018/03/16|19:40| 			"XYWH"	"-120 -730 30 30"
|   12239|DEBUG|2018/03/16|19:40| 			"F_LPOS"	"0"
|   12239|DEBUG|2018/03/16|19:40| 			"URL_DOC"	""
|   12239|DEBUG|2018/03/16|19:40| 			"F_TYPE"	"0"
|   12239|DEBUG|2018/03/16|19:40| 			"F_CTYPE"	""
|   12239|DEBUG|2018/03/16|19:40| 		}
|   12239|DEBUG|2018/03/16|19:40| 		ELEM {
|   12239|DEBUG|2018/03/16|19:40| 			NB_PROP	"10"
|   12239|DEBUG|2018/03/16|19:40| 			"v_groupexec"	""
|   12239|DEBUG|2018/03/16|19:40| 			"ID"	"JO0000000160"
|   12239|DEBUG|2018/03/16|19:40| 			"TYPE"	"1"
|   12239|DEBUG|2018/03/16|19:40| 			"V_DESC"	"Copie de fichier en filtrant les lignes de COMPENS.BCI dans JADCOMP.BCI. Tous les JO."
|   12239|DEBUG|2018/03/16|19:40| 			"V_JNAME"	"GENEREJADCOMP"
|   12239|DEBUG|2018/03/16|19:40| 			"XYWH"	"-200 -910 30 30"
|   12239|DEBUG|2018/03/16|19:40| 			"F_LPOS"	"0"
|   12239|DEBUG|2018/03/16|19:40| 			"URL_DOC"	""
|   12239|DEBUG|2018/03/16|19:40| 			"F_TYPE"	"0"
|   12239|DEBUG|2018/03/16|19:40| 			"F_CTYPE"	""
|   12239|DEBUG|2018/03/16|19:40| 		}
|   12239|DEBUG|2018/03/16|19:40| 		ELEM {
|   12239|DEBUG|2018/03/16|19:40| 			NB_PROP	"10"
|   12239|DEBUG|2018/03/16|19:40| 			"v_groupexec"	""
|   12239|DEBUG|2018/03/16|19:40| 			"ID"	"JO0000000161"
|   12239|DEBUG|2018/03/16|19:40| 			"TYPE"	"1"
|   12239|DEBUG|2018/03/16|19:40| 			"V_DESC"	"Transfert du fichier CB17499P.TXT du serveur Interpel vers le fichier BCIRECVDTA\BDVPRMONE sur Isprod. Tous les JO."
|   12239|DEBUG|2018/03/16|19:40| 			"V_JNAME"	"FTPVPRMONE"
|   12239|DEBUG|2018/03/16|19:40| 			"XYWH"	"1430 -360 30 30"
|   12239|DEBUG|2018/03/16|19:40| 			"F_LPOS"	"0"
|   12239|DEBUG|2018/03/16|19:40| 			"URL_DOC"	""
|   12239|DEBUG|2018/03/16|19:40| 			"F_TYPE"	"3"
|   12239|DEBUG|2018/03/16|19:40| 			"F_CTYPE"	""
|   12239|DEBUG|2018/03/16|19:40| 		}
|   12239|DEBUG|2018/03/16|19:40| 		ELEM {
|   12239|DEBUG|2018/03/16|19:40| 			NB_PROP	"10"
|   12239|DEBUG|2018/03/16|19:40| 			"v_groupexec"	""
|   12239|DEBUG|2018/03/16|19:40| 			"ID"	"JO0000000162"
|   12239|DEBUG|2018/03/16|19:40| 			"TYPE"	"1"
|   12239|DEBUG|2018/03/16|19:40| 			"V_DESC"	"Transfert du fichier VPRECAP.TXT du serveur Interpel vers le fichier BCIRECVDTA\BDVPRECAP sur Isprod. Tous les JO."
|   12239|DEBUG|2018/03/16|19:40| 			"V_JNAME"	"FTPVPRECAP"
|   12239|DEBUG|2018/03/16|19:40| 			"XYWH"	"1100 -10 30 30"
|   12239|DEBUG|2018/03/16|19:40| 			"F_LPOS"	"0"
|   12239|DEBUG|2018/03/16|19:40| 			"URL_DOC"	""
|   12239|DEBUG|2018/03/16|19:40| 			"F_TYPE"	"3"
|   12239|DEBUG|2018/03/16|19:40| 			"F_CTYPE"	""
|   12239|DEBUG|2018/03/16|19:40| 		}
|   12239|DEBUG|2018/03/16|19:40| 		ELEM {
|   12239|DEBUG|2018/03/16|19:40| 			NB_PROP	"10"
|   12239|DEBUG|2018/03/16|19:40| 			"v_groupexec"	""
|   12239|DEBUG|2018/03/16|19:40| 			"ID"	"JO0000000163"
|   12239|DEBUG|2018/03/16|19:40| 			"TYPE"	"1"
|   12239|DEBUG|2018/03/16|19:40| 			"V_DESC"	"Transfert du fichier VPJAD.BCI du serveur Interpel vers le fichier BCIRECVDTA\BDVPJAD sur Isprod. Tous les JO."
|   12239|DEBUG|2018/03/16|19:40| 			"V_JNAME"	"FTPVPJAD"
|   12239|DEBUG|2018/03/16|19:40| 			"XYWH"	"-60 -480 30 30"
|   12239|DEBUG|2018/03/16|19:40| 			"F_LPOS"	"1"
|   12239|DEBUG|2018/03/16|19:40| 			"URL_DOC"	""
|   12239|DEBUG|2018/03/16|19:40| 			"F_TYPE"	"3"
|   12239|DEBUG|2018/03/16|19:40| 			"F_CTYPE"	""
|   12239|DEBUG|2018/03/16|19:40| 		}
|   12239|DEBUG|2018/03/16|19:40| 		ELEM {
|   12239|DEBUG|2018/03/16|19:40| 			NB_PROP	"10"
|   12239|DEBUG|2018/03/16|19:40| 			"v_groupexec"	""
|   12239|DEBUG|2018/03/16|19:40| 			"ID"	"JO0000000164"
|   12239|DEBUG|2018/03/16|19:40| 			"TYPE"	"1"
|   12239|DEBUG|2018/03/16|19:40| 			"V_DESC"	"Transfert du fichier VPEXPER.TXT du serveur Interpel vers le fichier BCIRECVDTA\BDVPEXPER sur Isprod. Tous les JO."
|   12239|DEBUG|2018/03/16|19:40| 			"V_JNAME"	"FTPVPEXPER"
|   12239|DEBUG|2018/03/16|19:40| 			"XYWH"	"1100 110 30 30"
|   12239|DEBUG|2018/03/16|19:40| 			"F_LPOS"	"0"
|   12240|DEBUG|2018/03/16|19:40| 			"URL_DOC"	""
|   12240|DEBUG|2018/03/16|19:40| 			"F_TYPE"	"3"
|   12240|DEBUG|2018/03/16|19:40| 			"F_CTYPE"	""
|   12240|DEBUG|2018/03/16|19:40| 		}
|   12240|DEBUG|2018/03/16|19:40| 		ELEM {
|   12240|DEBUG|2018/03/16|19:40| 			NB_PROP	"10"
|   12240|DEBUG|2018/03/16|19:40| 			"v_groupexec"	""
|   12240|DEBUG|2018/03/16|19:40| 			"ID"	"JO0000000165"
|   12240|DEBUG|2018/03/16|19:40| 			"TYPE"	"1"
|   12240|DEBUG|2018/03/16|19:40| 			"V_DESC"	"Transfert du fichier VPCEDI.TXT du serveur Interpel vers le fichier BCIRECVDTA\BDVPCEDI sur Isprod. Tous les JO."
|   12240|DEBUG|2018/03/16|19:40| 			"V_JNAME"	"FTPVPCEDI"
|   12240|DEBUG|2018/03/16|19:40| 			"XYWH"	"1100 50 30 30"
|   12240|DEBUG|2018/03/16|19:40| 			"F_LPOS"	"0"
|   12240|DEBUG|2018/03/16|19:40| 			"URL_DOC"	""
|   12240|DEBUG|2018/03/16|19:40| 			"F_TYPE"	"3"
|   12240|DEBUG|2018/03/16|19:40| 			"F_CTYPE"	""
|   12240|DEBUG|2018/03/16|19:40| 		}
|   12240|DEBUG|2018/03/16|19:40| 		ELEM {
|   12240|DEBUG|2018/03/16|19:40| 			NB_PROP	"10"
|   12240|DEBUG|2018/03/16|19:40| 			"v_groupexec"	""
|   12240|DEBUG|2018/03/16|19:40| 			"ID"	"JO0000000166"
|   12240|DEBUG|2018/03/16|19:40| 			"TYPE"	"1"
|   12240|DEBUG|2018/03/16|19:40| 			"V_DESC"	"Transfert fichier ST17499.TXT sur le serveur de fichiers. 5ème JO."
|   12240|DEBUG|2018/03/16|19:40| 			"V_JNAME"	"FTPST17499A"
|   12240|DEBUG|2018/03/16|19:40| 			"XYWH"	"1030 270 30 30"
|   12240|DEBUG|2018/03/16|19:40| 			"F_LPOS"	"0"
|   12240|DEBUG|2018/03/16|19:40| 			"URL_DOC"	""
|   12240|DEBUG|2018/03/16|19:40| 			"F_TYPE"	"0"
|   12240|DEBUG|2018/03/16|19:40| 			"F_CTYPE"	""
|   12240|DEBUG|2018/03/16|19:40| 		}
|   12240|DEBUG|2018/03/16|19:40| 		ELEM {
|   12240|DEBUG|2018/03/16|19:40| 			NB_PROP	"10"
|   12240|DEBUG|2018/03/16|19:40| 			"v_groupexec"	""
|   12240|DEBUG|2018/03/16|19:40| 			"ID"	"JO0000000167"
|   12240|DEBUG|2018/03/16|19:40| 			"TYPE"	"1"
|   12240|DEBUG|2018/03/16|19:40| 			"V_DESC"	"Transfert du fichier CSRMIN.TXT du serveur Interpel vers le fichier BCIRECVDTA\BDSITCNCA sur Isprod. Tous les JO."
|   12240|DEBUG|2018/03/16|19:40| 			"V_JNAME"	"FTPSITCNCA"
|   12240|DEBUG|2018/03/16|19:40| 			"XYWH"	"200 -60 30 30"
|   12240|DEBUG|2018/03/16|19:40| 			"F_LPOS"	"1"
|   12240|DEBUG|2018/03/16|19:40| 			"URL_DOC"	""
|   12240|DEBUG|2018/03/16|19:40| 			"F_TYPE"	"3"
|   12240|DEBUG|2018/03/16|19:40| 			"F_CTYPE"	""
|   12240|DEBUG|2018/03/16|19:40| 		}
|   12240|DEBUG|2018/03/16|19:40| 		ELEM {
|   12240|DEBUG|2018/03/16|19:40| 			NB_PROP	"10"
|   12240|DEBUG|2018/03/16|19:40| 			"v_groupexec"	""
|   12240|DEBUG|2018/03/16|19:40| 			"ID"	"JO0000000168"
|   12240|DEBUG|2018/03/16|19:40| 			"TYPE"	"1"
|   12240|DEBUG|2018/03/16|19:40| 			"V_DESC"	"Transfert du fichier BDRVUPRF de la BCIRECVDTA vers le fichier BDRVUPRF.xls sur le serveur de fichier répertoire du RSSI. 1er JO."
|   12240|DEBUG|2018/03/16|19:40| 			"V_JNAME"	"FTPRVUPRF"
|   12240|DEBUG|2018/03/16|19:40| 			"XYWH"	"390 4310 30 30"
|   12240|DEBUG|2018/03/16|19:40| 			"F_LPOS"	"1"
|   12240|DEBUG|2018/03/16|19:40| 			"URL_DOC"	""
|   12240|DEBUG|2018/03/16|19:40| 			"F_TYPE"	"3"
|   12240|DEBUG|2018/03/16|19:40| 			"F_CTYPE"	""
|   12240|DEBUG|2018/03/16|19:40| 		}
|   12240|DEBUG|2018/03/16|19:40| 		ELEM {
|   12240|DEBUG|2018/03/16|19:40| 			NB_PROP	"10"
|   12240|DEBUG|2018/03/16|19:40| 			"v_groupexec"	""
|   12240|DEBUG|2018/03/16|19:40| 			"ID"	"JO0000000169"
|   12240|DEBUG|2018/03/16|19:40| 			"TYPE"	"1"
|   12240|DEBUG|2018/03/16|19:40| 			"V_DESC"	"Reception du fichier SIEREBCI.TXT du serveur Interpel vers le fichier BDRCSIENC de la BCIRECVDTA. Tous les JO."
|   12240|DEBUG|2018/03/16|19:40| 			"V_JNAME"	"FTPRCSIENC"
|   12240|DEBUG|2018/03/16|19:40| 			"XYWH"	"240 1190 30 30"
|   12240|DEBUG|2018/03/16|19:40| 			"F_LPOS"	"7"
|   12240|DEBUG|2018/03/16|19:40| 			"URL_DOC"	""
|   12240|DEBUG|2018/03/16|19:40| 			"F_TYPE"	"3"
|   12240|DEBUG|2018/03/16|19:40| 			"F_CTYPE"	""
|   12240|DEBUG|2018/03/16|19:40| 		}
|   12240|DEBUG|2018/03/16|19:40| 		ELEM {
|   12240|DEBUG|2018/03/16|19:40| 			NB_PROP	"10"
|   12240|DEBUG|2018/03/16|19:40| 			"v_groupexec"	""
|   12240|DEBUG|2018/03/16|19:40| 			"ID"	"JO0000000170"
|   12240|DEBUG|2018/03/16|19:40| 			"TYPE"	"1"
|   12240|DEBUG|2018/03/16|19:40| 			"V_DESC"	"Transfert du fichier PNF3.txt du serveur SPLIT vers le fichier BCIRECVDTA\BDPNF3 sur Isprod. Tous les JO."
|   12240|DEBUG|2018/03/16|19:40| 			"V_JNAME"	"FTPPNF3"
|   12240|DEBUG|2018/03/16|19:40| 			"XYWH"	"820 -1710 30 30"
|   12240|DEBUG|2018/03/16|19:40| 			"F_LPOS"	"1"
|   12240|DEBUG|2018/03/16|19:40| 			"URL_DOC"	""
|   12240|DEBUG|2018/03/16|19:40| 			"F_TYPE"	"3"
|   12240|DEBUG|2018/03/16|19:40| 			"F_CTYPE"	""
|   12240|DEBUG|2018/03/16|19:40| 		}
|   12240|DEBUG|2018/03/16|19:40| 		ELEM {
|   12240|DEBUG|2018/03/16|19:40| 			NB_PROP	"10"
|   12240|DEBUG|2018/03/16|19:40| 			"v_groupexec"	""
|   12240|DEBUG|2018/03/16|19:40| 			"ID"	"JO0000000171"
|   12240|DEBUG|2018/03/16|19:40| 			"TYPE"	"1"
|   12240|DEBUG|2018/03/16|19:40| 			"V_DESC"	"Transfert du fichier BDPNF2BIS de la BCIRECVBDTA vers le fichier CSB\BCISPREM.txt sur Axway-prd pour envoi CSB. Tous les JO."
|   12240|DEBUG|2018/03/16|19:40| 			"V_JNAME"	"FTPPNF2BIS"
|   12240|DEBUG|2018/03/16|19:40| 			"XYWH"	"650 -1590 30 30"
|   12240|DEBUG|2018/03/16|19:40| 			"F_LPOS"	"1"
|   12240|DEBUG|2018/03/16|19:40| 			"URL_DOC"	""
|   12240|DEBUG|2018/03/16|19:40| 			"F_TYPE"	"3"
|   12240|DEBUG|2018/03/16|19:40| 			"F_CTYPE"	""
|   12240|DEBUG|2018/03/16|19:40| 		}
|   12240|DEBUG|2018/03/16|19:40| 		ELEM {
|   12240|DEBUG|2018/03/16|19:40| 			NB_PROP	"10"
|   12240|DEBUG|2018/03/16|19:40| 			"v_groupexec"	""
|   12240|DEBUG|2018/03/16|19:40| 			"ID"	"JO0000000172"
|   12240|DEBUG|2018/03/16|19:40| 			"TYPE"	"1"
|   12240|DEBUG|2018/03/16|19:40| 			"V_DESC"	"Transfert du fichier PNF2.txt du serveur SPLIT vers le fichier BCIRECVDTA\BDPNF2 sur Isprod. Tous les JO."
|   12240|DEBUG|2018/03/16|19:40| 			"V_JNAME"	"FTPPNF2"
|   12240|DEBUG|2018/03/16|19:40| 			"XYWH"	"650 -1710 30 30"
|   12240|DEBUG|2018/03/16|19:40| 			"F_LPOS"	"1"
|   12240|DEBUG|2018/03/16|19:40| 			"URL_DOC"	""
|   12240|DEBUG|2018/03/16|19:40| 			"F_TYPE"	"3"
|   12240|DEBUG|2018/03/16|19:40| 			"F_CTYPE"	""
|   12240|DEBUG|2018/03/16|19:40| 		}
|   12240|DEBUG|2018/03/16|19:40| 		ELEM {
|   12240|DEBUG|2018/03/16|19:40| 			NB_PROP	"10"
|   12240|DEBUG|2018/03/16|19:40| 			"v_groupexec"	""
|   12240|DEBUG|2018/03/16|19:40| 			"ID"	"JO0000000173"
|   12240|DEBUG|2018/03/16|19:40| 			"TYPE"	"1"
|   12240|DEBUG|2018/03/16|19:40| 			"V_DESC"	"Transfert du fichier PNF1.txt du serveur SPLIT vers le fichier BCIRECVDTA\BDPNF1 sur Isprod. Tous les JO."
|   12240|DEBUG|2018/03/16|19:40| 			"V_JNAME"	"FTPPNF1"
|   12240|DEBUG|2018/03/16|19:40| 			"XYWH"	"500 -1710 30 30"
|   12240|DEBUG|2018/03/16|19:40| 			"F_LPOS"	"1"
|   12240|DEBUG|2018/03/16|19:40| 			"URL_DOC"	""
|   12240|DEBUG|2018/03/16|19:40| 			"F_TYPE"	"3"
|   12240|DEBUG|2018/03/16|19:40| 			"F_CTYPE"	""
|   12240|DEBUG|2018/03/16|19:40| 		}
|   12240|DEBUG|2018/03/16|19:40| 		ELEM {
|   12240|DEBUG|2018/03/16|19:40| 			NB_PROP	"10"
|   12240|DEBUG|2018/03/16|19:40| 			"v_groupexec"	""
|   12240|DEBUG|2018/03/16|19:40| 			"ID"	"JO0000000174"
|   12240|DEBUG|2018/03/16|19:40| 			"TYPE"	"1"
|   12240|DEBUG|2018/03/16|19:40| 			"V_DESC"	"Transfert du fichier PMPJAD.BCI du serveur Interpel vers le fichier BCIRECVDTA\BDPMPJAD sur Isprod. Tous les JO."
|   12240|DEBUG|2018/03/16|19:40| 			"V_JNAME"	"FTPPMPJAD"
|   12240|DEBUG|2018/03/16|19:40| 			"XYWH"	"-60 -420 30 30"
|   12240|DEBUG|2018/03/16|19:40| 			"F_LPOS"	"1"
|   12240|DEBUG|2018/03/16|19:40| 			"URL_DOC"	""
|   12240|DEBUG|2018/03/16|19:40| 			"F_TYPE"	"3"
|   12240|DEBUG|2018/03/16|19:40| 			"F_CTYPE"	""
|   12240|DEBUG|2018/03/16|19:40| 		}
|   12240|DEBUG|2018/03/16|19:40| 		ELEM {
|   12240|DEBUG|2018/03/16|19:40| 			NB_PROP	"10"
|   12240|DEBUG|2018/03/16|19:40| 			"v_groupexec"	""
|   12240|DEBUG|2018/03/16|19:40| 			"ID"	"JO0000000175"
|   12240|DEBUG|2018/03/16|19:40| 			"TYPE"	"1"
|   12240|DEBUG|2018/03/16|19:40| 			"V_DESC"	"Envoi du fichier temporaire QGPLTEMP/BDNNEAUTJ sur serveur Interpel vers le fichier BDNNEAUTJ.TXT. Tous les JO."
|   12240|DEBUG|2018/03/16|19:40| 			"V_JNAME"	"FTPNNEAUTJ"
|   12240|DEBUG|2018/03/16|19:40| 			"XYWH"	"810 -2700 30 30"
|   12240|DEBUG|2018/03/16|19:40| 			"F_LPOS"	"1"
|   12240|DEBUG|2018/03/16|19:40| 			"URL_DOC"	""
|   12240|DEBUG|2018/03/16|19:40| 			"F_TYPE"	"3"
|   12240|DEBUG|2018/03/16|19:40| 			"F_CTYPE"	""
|   12240|DEBUG|2018/03/16|19:40| 		}
|   12240|DEBUG|2018/03/16|19:40| 		ELEM {
|   12241|DEBUG|2018/03/16|19:40| 			NB_PROP	"10"
|   12241|DEBUG|2018/03/16|19:40| 			"v_groupexec"	""
|   12241|DEBUG|2018/03/16|19:40| 			"ID"	"JO0000000176"
|   12241|DEBUG|2018/03/16|19:40| 			"TYPE"	"1"
|   12241|DEBUG|2018/03/16|19:40| 			"V_DESC"	"Réception du fichier BDNETINT2.TXT sur serveur BCINET vers le fichier BDNETINTI. Journalier"
|   12241|DEBUG|2018/03/16|19:40| 			"V_JNAME"	"FTPNETINT"
|   12241|DEBUG|2018/03/16|19:40| 			"XYWH"	"-40 -2810 30 30"
|   12241|DEBUG|2018/03/16|19:40| 			"F_LPOS"	"1"
|   12241|DEBUG|2018/03/16|19:40| 			"URL_DOC"	""
|   12241|DEBUG|2018/03/16|19:40| 			"F_TYPE"	"3"
|   12241|DEBUG|2018/03/16|19:40| 			"F_CTYPE"	""
|   12241|DEBUG|2018/03/16|19:40| 		}
|   12241|DEBUG|2018/03/16|19:40| 		ELEM {
|   12241|DEBUG|2018/03/16|19:40| 			NB_PROP	"10"
|   12241|DEBUG|2018/03/16|19:40| 			"v_groupexec"	""
|   12241|DEBUG|2018/03/16|19:40| 			"ID"	"JO0000000177"
|   12241|DEBUG|2018/03/16|19:40| 			"TYPE"	"1"
|   12241|DEBUG|2018/03/16|19:40| 			"V_DESC"	"Transfert du fichier BCIRECVDTA/BDMOBILI  vers le fichier D:\Transferts\IEOM\gicp.txt sur le serveur de prod. Fin de semaine."
|   12241|DEBUG|2018/03/16|19:40| 			"V_JNAME"	"FTPMOBILI3"
|   12241|DEBUG|2018/03/16|19:40| 			"XYWH"	"650 2630 30 30"
|   12241|DEBUG|2018/03/16|19:40| 			"F_LPOS"	"1"
|   12241|DEBUG|2018/03/16|19:40| 			"URL_DOC"	""
|   12241|DEBUG|2018/03/16|19:40| 			"F_TYPE"	"3"
|   12241|DEBUG|2018/03/16|19:40| 			"F_CTYPE"	""
|   12241|DEBUG|2018/03/16|19:40| 		}
|   12241|DEBUG|2018/03/16|19:40| 		ELEM {
|   12241|DEBUG|2018/03/16|19:40| 			NB_PROP	"10"
|   12241|DEBUG|2018/03/16|19:40| 			"v_groupexec"	""
|   12241|DEBUG|2018/03/16|19:40| 			"ID"	"JO0000000178"
|   12241|DEBUG|2018/03/16|19:40| 			"TYPE"	"1"
|   12241|DEBUG|2018/03/16|19:40| 			"V_DESC"	"Transfert du fichier BDMOBILI de la BCIRECVDTA  vers le fichier reescomp.txt sur le serveur de fichier/compta. Fin de semaine."
|   12241|DEBUG|2018/03/16|19:40| 			"V_JNAME"	"FTPMOBILI2"
|   12241|DEBUG|2018/03/16|19:40| 			"XYWH"	"390 2680 30 30"
|   12241|DEBUG|2018/03/16|19:40| 			"F_LPOS"	"1"
|   12241|DEBUG|2018/03/16|19:40| 			"URL_DOC"	""
|   12241|DEBUG|2018/03/16|19:40| 			"F_TYPE"	"3"
|   12241|DEBUG|2018/03/16|19:40| 			"F_CTYPE"	""
|   12241|DEBUG|2018/03/16|19:40| 		}
|   12241|DEBUG|2018/03/16|19:40| 		ELEM {
|   12241|DEBUG|2018/03/16|19:40| 			NB_PROP	"10"
|   12241|DEBUG|2018/03/16|19:40| 			"v_groupexec"	""
|   12241|DEBUG|2018/03/16|19:40| 			"ID"	"JO0000000179"
|   12241|DEBUG|2018/03/16|19:40| 			"TYPE"	"1"
|   12241|DEBUG|2018/03/16|19:40| 			"V_DESC"	"Transfert du fichier BDMOBILI de la BCIRECVDTA  vers le fichier reescomp.txt sur le serveur de fichier/compta. Fin de semaine."
|   12241|DEBUG|2018/03/16|19:40| 			"V_JNAME"	"FTPMOBILI"
|   12241|DEBUG|2018/03/16|19:40| 			"XYWH"	"540 2450 30 30"
|   12241|DEBUG|2018/03/16|19:40| 			"F_LPOS"	"1"
|   12241|DEBUG|2018/03/16|19:40| 			"URL_DOC"	""
|   12241|DEBUG|2018/03/16|19:40| 			"F_TYPE"	"3"
|   12241|DEBUG|2018/03/16|19:40| 			"F_CTYPE"	""
|   12241|DEBUG|2018/03/16|19:40| 		}
|   12241|DEBUG|2018/03/16|19:40| 		ELEM {
|   12241|DEBUG|2018/03/16|19:40| 			NB_PROP	"10"
|   12241|DEBUG|2018/03/16|19:40| 			"v_groupexec"	""
|   12241|DEBUG|2018/03/16|19:40| 			"ID"	"JO0000000180"
|   12241|DEBUG|2018/03/16|19:40| 			"TYPE"	"1"
|   12241|DEBUG|2018/03/16|19:40| 			"V_DESC"	"Envoi du fichier BDMAILING de la BCIRECVDTA vers le fichier MAILING.TXT du Serveur de Fichiers. A la demande(ts les JO)."
|   12241|DEBUG|2018/03/16|19:40| 			"V_JNAME"	"FTPMAILING"
|   12241|DEBUG|2018/03/16|19:40| 			"XYWH"	"1190 430 30 30"
|   12241|DEBUG|2018/03/16|19:40| 			"F_LPOS"	"4"
|   12241|DEBUG|2018/03/16|19:40| 			"URL_DOC"	""
|   12241|DEBUG|2018/03/16|19:40| 			"F_TYPE"	"3"
|   12241|DEBUG|2018/03/16|19:40| 			"F_CTYPE"	""
|   12241|DEBUG|2018/03/16|19:40| 		}
|   12241|DEBUG|2018/03/16|19:40| 		ELEM {
|   12241|DEBUG|2018/03/16|19:40| 			NB_PROP	"10"
|   12241|DEBUG|2018/03/16|19:40| 			"v_groupexec"	""
|   12241|DEBUG|2018/03/16|19:40| 			"ID"	"JO0000000181"
|   12241|DEBUG|2018/03/16|19:40| 			"TYPE"	"1"
|   12241|DEBUG|2018/03/16|19:40| 			"V_DESC"	"Envoi du fichier BDMAILCB02 de la BCIRECVDTA vers le fichier BDMAILCB02.TXT du Serveur de fichier. Mensuel (Ts les JO)"
|   12241|DEBUG|2018/03/16|19:40| 			"V_JNAME"	"FTPMAILCB2"
|   12241|DEBUG|2018/03/16|19:40| 			"XYWH"	"880 3370 30 30"
|   12241|DEBUG|2018/03/16|19:40| 			"F_LPOS"	"0"
|   12241|DEBUG|2018/03/16|19:40| 			"URL_DOC"	""
|   12241|DEBUG|2018/03/16|19:40| 			"F_TYPE"	"3"
|   12241|DEBUG|2018/03/16|19:40| 			"F_CTYPE"	""
|   12241|DEBUG|2018/03/16|19:40| 		}
|   12241|DEBUG|2018/03/16|19:40| 		ELEM {
|   12241|DEBUG|2018/03/16|19:40| 			NB_PROP	"10"
|   12241|DEBUG|2018/03/16|19:40| 			"v_groupexec"	""
|   12241|DEBUG|2018/03/16|19:40| 			"ID"	"JO0000000182"
|   12241|DEBUG|2018/03/16|19:40| 			"TYPE"	"1"
|   12241|DEBUG|2018/03/16|19:40| 			"V_DESC"	"Transfert du fichier BDLSTPTF de la BCIRECVDTA  vers le fichier bdlstptf.txt sur le serveur de fichier pour le soc. 1er jour semaine"
|   12241|DEBUG|2018/03/16|19:40| 			"V_JNAME"	"FTPLSTPTF"
|   12241|DEBUG|2018/03/16|19:40| 			"XYWH"	"-310 2560 30 30"
|   12241|DEBUG|2018/03/16|19:40| 			"F_LPOS"	"1"
|   12241|DEBUG|2018/03/16|19:40| 			"URL_DOC"	""
|   12241|DEBUG|2018/03/16|19:40| 			"F_TYPE"	"3"
|   12241|DEBUG|2018/03/16|19:40| 			"F_CTYPE"	""
|   12241|DEBUG|2018/03/16|19:40| 		}
|   12241|DEBUG|2018/03/16|19:40| 		ELEM {
|   12241|DEBUG|2018/03/16|19:40| 			NB_PROP	"10"
|   12241|DEBUG|2018/03/16|19:40| 			"v_groupexec"	""
|   12241|DEBUG|2018/03/16|19:40| 			"ID"	"JO0000000183"
|   12241|DEBUG|2018/03/16|19:40| 			"TYPE"	"1"
|   12241|DEBUG|2018/03/16|19:40| 			"V_DESC"	"Transfert du fichier JADCOMP.BCI du serveur Interpel vers le fichier BCIRECVDTA\BDACJADCO sur Isprod. Tous les JO."
|   12241|DEBUG|2018/03/16|19:40| 			"V_JNAME"	"FTPJADCOMP"
|   12241|DEBUG|2018/03/16|19:40| 			"XYWH"	"-60 -650 30 30"
|   12241|DEBUG|2018/03/16|19:40| 			"F_LPOS"	"1"
|   12241|DEBUG|2018/03/16|19:40| 			"URL_DOC"	""
|   12241|DEBUG|2018/03/16|19:40| 			"F_TYPE"	"3"
|   12241|DEBUG|2018/03/16|19:40| 			"F_CTYPE"	""
|   12241|DEBUG|2018/03/16|19:40| 		}
|   12241|DEBUG|2018/03/16|19:40| 		ELEM {
|   12241|DEBUG|2018/03/16|19:40| 			NB_PROP	"10"
|   12241|DEBUG|2018/03/16|19:40| 			"v_groupexec"	""
|   12241|DEBUG|2018/03/16|19:40| 			"ID"	"JO0000000184"
|   12241|DEBUG|2018/03/16|19:40| 			"TYPE"	"1"
|   12241|DEBUG|2018/03/16|19:40| 			"V_DESC"	"Transfert du fichier IP17499P.TXT du serveur Interpel vers le fichier BCIRECVDTA\BDIP17499 sur Isprod. Tous les JO."
|   12241|DEBUG|2018/03/16|19:40| 			"V_JNAME"	"FTPIP17499"
|   12241|DEBUG|2018/03/16|19:40| 			"XYWH"	"1380 -180 30 30"
|   12241|DEBUG|2018/03/16|19:40| 			"F_LPOS"	"0"
|   12241|DEBUG|2018/03/16|19:40| 			"URL_DOC"	""
|   12241|DEBUG|2018/03/16|19:40| 			"F_TYPE"	"3"
|   12241|DEBUG|2018/03/16|19:40| 			"F_CTYPE"	""
|   12241|DEBUG|2018/03/16|19:40| 		}
|   12241|DEBUG|2018/03/16|19:40| 		ELEM {
|   12241|DEBUG|2018/03/16|19:40| 			NB_PROP	"10"
|   12241|DEBUG|2018/03/16|19:40| 			"v_groupexec"	""
|   12241|DEBUG|2018/03/16|19:40| 			"ID"	"JO0000000185"
|   12241|DEBUG|2018/03/16|19:40| 			"TYPE"	"1"
|   12241|DEBUG|2018/03/16|19:40| 			"V_DESC"	"Transfert du fichier IM17499.TXT du serveur Interpel vers le fichier BCIRECVDTA\BDIM17499 sur Isprod. Tous les JO."
|   12241|DEBUG|2018/03/16|19:40| 			"V_JNAME"	"FTPIM17499"
|   12241|DEBUG|2018/03/16|19:40| 			"XYWH"	"1100 -70 30 30"
|   12241|DEBUG|2018/03/16|19:40| 			"F_LPOS"	"0"
|   12241|DEBUG|2018/03/16|19:40| 			"URL_DOC"	""
|   12241|DEBUG|2018/03/16|19:40| 			"F_TYPE"	"3"
|   12241|DEBUG|2018/03/16|19:40| 			"F_CTYPE"	""
|   12241|DEBUG|2018/03/16|19:40| 		}
|   12241|DEBUG|2018/03/16|19:40| 		ELEM {
|   12241|DEBUG|2018/03/16|19:40| 			NB_PROP	"10"
|   12241|DEBUG|2018/03/16|19:40| 			"v_groupexec"	""
|   12241|DEBUG|2018/03/16|19:40| 			"ID"	"JO0000000186"
|   12241|DEBUG|2018/03/16|19:40| 			"TYPE"	"1"
|   12241|DEBUG|2018/03/16|19:40| 			"V_DESC"	"Transfert du fichier BDIBTPRF de la BCIRECVDTA vers le fichier BDIBTPRF.xls sur le serveur de fichier répertoire du RSSI. 1er JO."
|   12241|DEBUG|2018/03/16|19:40| 			"V_JNAME"	"FTPIBTPRF"
|   12241|DEBUG|2018/03/16|19:40| 			"XYWH"	"390 4430 30 30"
|   12241|DEBUG|2018/03/16|19:40| 			"F_LPOS"	"1"
|   12241|DEBUG|2018/03/16|19:40| 			"URL_DOC"	""
|   12241|DEBUG|2018/03/16|19:40| 			"F_TYPE"	"3"
|   12241|DEBUG|2018/03/16|19:40| 			"F_CTYPE"	""
|   12241|DEBUG|2018/03/16|19:40| 		}
|   12241|DEBUG|2018/03/16|19:40| 		ELEM {
|   12241|DEBUG|2018/03/16|19:40| 			NB_PROP	"10"
|   12241|DEBUG|2018/03/16|19:40| 			"v_groupexec"	""
|   12241|DEBUG|2018/03/16|19:40| 			"ID"	"JO0000000187"
|   12241|DEBUG|2018/03/16|19:40| 			"TYPE"	"1"
|   12241|DEBUG|2018/03/16|19:40| 			"V_DESC"	"Transfert du fichier IC1B.TXT du serveur de Prod vers le fichier BCIRECVDTA/BDFICPREP sur AS400. Journalier"
|   12241|DEBUG|2018/03/16|19:40| 			"V_JNAME"	"FTPFICPREP"
|   12241|DEBUG|2018/03/16|19:40| 			"XYWH"	"540 -2120 30 30"
|   12241|DEBUG|2018/03/16|19:40| 			"F_LPOS"	"1"
|   12241|DEBUG|2018/03/16|19:40| 			"URL_DOC"	""
|   12241|DEBUG|2018/03/16|19:40| 			"F_TYPE"	"3"
|   12241|DEBUG|2018/03/16|19:40| 			"F_CTYPE"	""
|   12241|DEBUG|2018/03/16|19:40| 		}
|   12241|DEBUG|2018/03/16|19:40| 		ELEM {
|   12241|DEBUG|2018/03/16|19:40| 			NB_PROP	"10"
|   12241|DEBUG|2018/03/16|19:40| 			"v_groupexec"	""
|   12241|DEBUG|2018/03/16|19:40| 			"ID"	"JO0000000188"
|   12241|DEBUG|2018/03/16|19:40| 			"TYPE"	"1"
|   12242|DEBUG|2018/03/16|19:40| 			"V_DESC"	"Transfert du fichier IC1C.TXT du serveur de Prod vers le fichier BCIRECVDTA/BDFICPREJ sur AS400. Journalier"
|   12242|DEBUG|2018/03/16|19:40| 			"V_JNAME"	"FTPFICPREJ"
|   12242|DEBUG|2018/03/16|19:40| 			"XYWH"	"920 -2120 30 30"
|   12242|DEBUG|2018/03/16|19:40| 			"F_LPOS"	"1"
|   12242|DEBUG|2018/03/16|19:40| 			"URL_DOC"	""
|   12242|DEBUG|2018/03/16|19:40| 			"F_TYPE"	"3"
|   12242|DEBUG|2018/03/16|19:40| 			"F_CTYPE"	""
|   12242|DEBUG|2018/03/16|19:40| 		}
|   12242|DEBUG|2018/03/16|19:40| 		ELEM {
|   12242|DEBUG|2018/03/16|19:40| 			NB_PROP	"10"
|   12242|DEBUG|2018/03/16|19:40| 			"v_groupexec"	""
|   12242|DEBUG|2018/03/16|19:40| 			"ID"	"JO0000000189"
|   12242|DEBUG|2018/03/16|19:40| 			"TYPE"	"1"
|   12242|DEBUG|2018/03/16|19:40| 			"V_DESC"	"Transfert du fichier FC1D.TXT du serveur de Prod vers le fichier BCIRECVDTA/FCIFCIR000 sur AS400. Journalier"
|   12242|DEBUG|2018/03/16|19:40| 			"V_JNAME"	"FTPFCIFCIR"
|   12242|DEBUG|2018/03/16|19:40| 			"XYWH"	"720 -2120 30 30"
|   12242|DEBUG|2018/03/16|19:40| 			"F_LPOS"	"1"
|   12242|DEBUG|2018/03/16|19:40| 			"URL_DOC"	""
|   12242|DEBUG|2018/03/16|19:40| 			"F_TYPE"	"3"
|   12242|DEBUG|2018/03/16|19:40| 			"F_CTYPE"	""
|   12242|DEBUG|2018/03/16|19:40| 		}
|   12242|DEBUG|2018/03/16|19:40| 		ELEM {
|   12242|DEBUG|2018/03/16|19:40| 			NB_PROP	"10"
|   12242|DEBUG|2018/03/16|19:40| 			"v_groupexec"	""
|   12242|DEBUG|2018/03/16|19:40| 			"ID"	"JO0000000190"
|   12242|DEBUG|2018/03/16|19:40| 			"TYPE"	"1"
|   12242|DEBUG|2018/03/16|19:40| 			"V_DESC"	"Transfert du fichier FC1E-R.TXT du serveur de Prod vers le fichier PACK13VDTA/FCIDRIP100 sur AS400. Journalier"
|   12242|DEBUG|2018/03/16|19:40| 			"V_JNAME"	"FTPFCIDRIP"
|   12242|DEBUG|2018/03/16|19:40| 			"XYWH"	"320 -2120 30 30"
|   12242|DEBUG|2018/03/16|19:40| 			"F_LPOS"	"1"
|   12242|DEBUG|2018/03/16|19:40| 			"URL_DOC"	""
|   12242|DEBUG|2018/03/16|19:40| 			"F_TYPE"	"3"
|   12242|DEBUG|2018/03/16|19:40| 			"F_CTYPE"	""
|   12242|DEBUG|2018/03/16|19:40| 		}
|   12242|DEBUG|2018/03/16|19:40| 		ELEM {
|   12242|DEBUG|2018/03/16|19:40| 			NB_PROP	"10"
|   12242|DEBUG|2018/03/16|19:40| 			"v_groupexec"	""
|   12242|DEBUG|2018/03/16|19:40| 			"ID"	"JO0000000191"
|   12242|DEBUG|2018/03/16|19:40| 			"TYPE"	"1"
|   12242|DEBUG|2018/03/16|19:40| 			"V_DESC"	"Transfert du fichier BDFAXSIT de la BCIRECVDTA  vers le fichier bdfaxsit.txt sur le serveur de fichier pour le soc. Ts les JO."
|   12242|DEBUG|2018/03/16|19:40| 			"V_JNAME"	"FTPFAXSOC"
|   12242|DEBUG|2018/03/16|19:40| 			"XYWH"	"480 550 30 30"
|   12242|DEBUG|2018/03/16|19:40| 			"F_LPOS"	"1"
|   12242|DEBUG|2018/03/16|19:40| 			"URL_DOC"	""
|   12242|DEBUG|2018/03/16|19:40| 			"F_TYPE"	"3"
|   12242|DEBUG|2018/03/16|19:40| 			"F_CTYPE"	""
|   12242|DEBUG|2018/03/16|19:40| 		}
|   12242|DEBUG|2018/03/16|19:40| 		ELEM {
|   12242|DEBUG|2018/03/16|19:40| 			NB_PROP	"10"
|   12242|DEBUG|2018/03/16|19:40| 			"v_groupexec"	""
|   12242|DEBUG|2018/03/16|19:40| 			"ID"	"JO0000000192"
|   12242|DEBUG|2018/03/16|19:40| 			"TYPE"	"1"
|   12242|DEBUG|2018/03/16|19:40| 			"V_DESC"	"Transfert du fichier BDFAXSIT de la BCIRECVDTA  vers le fichier bdfaxsit.txt sur le serveur de fichier pour la compta. Ts les JO."
|   12242|DEBUG|2018/03/16|19:40| 			"V_JNAME"	"FTPFAXCPTA"
|   12242|DEBUG|2018/03/16|19:40| 			"XYWH"	"270 550 30 30"
|   12242|DEBUG|2018/03/16|19:40| 			"F_LPOS"	"1"
|   12242|DEBUG|2018/03/16|19:40| 			"URL_DOC"	""
|   12242|DEBUG|2018/03/16|19:40| 			"F_TYPE"	"3"
|   12242|DEBUG|2018/03/16|19:40| 			"F_CTYPE"	""
|   12242|DEBUG|2018/03/16|19:40| 		}
|   12242|DEBUG|2018/03/16|19:40| 		ELEM {
|   12242|DEBUG|2018/03/16|19:40| 			NB_PROP	"10"
|   12242|DEBUG|2018/03/16|19:40| 			"v_groupexec"	""
|   12242|DEBUG|2018/03/16|19:40| 			"ID"	"JO0000000193"
|   12242|DEBUG|2018/03/16|19:40| 			"TYPE"	"1"
|   12242|DEBUG|2018/03/16|19:40| 			"V_DESC"	"Transfert fichier EV17499P.TXT sur le serveur de fichiers. Tous les JO."
|   12242|DEBUG|2018/03/16|19:40| 			"V_JNAME"	"FTPEV17499P"
|   12242|DEBUG|2018/03/16|19:40| 			"XYWH"	"1490 -240 30 30"
|   12242|DEBUG|2018/03/16|19:40| 			"F_LPOS"	"0"
|   12242|DEBUG|2018/03/16|19:40| 			"URL_DOC"	""
|   12242|DEBUG|2018/03/16|19:40| 			"F_TYPE"	"0"
|   12242|DEBUG|2018/03/16|19:40| 			"F_CTYPE"	""
|   12242|DEBUG|2018/03/16|19:40| 		}
|   12242|DEBUG|2018/03/16|19:40| 		ELEM {
|   12242|DEBUG|2018/03/16|19:40| 			NB_PROP	"10"
|   12242|DEBUG|2018/03/16|19:40| 			"v_groupexec"	""
|   12242|DEBUG|2018/03/16|19:40| 			"ID"	"JO0000000194"
|   12242|DEBUG|2018/03/16|19:40| 			"TYPE"	"1"
|   12242|DEBUG|2018/03/16|19:40| 			"V_DESC"	"Transfert du fichier EV17499.TXT du serveur Interpel vers le fichier BCIRECVDTA\BDEV17499 sur Isprod. Tous les JO."
|   12242|DEBUG|2018/03/16|19:40| 			"V_JNAME"	"FTPEV17499"
|   12242|DEBUG|2018/03/16|19:40| 			"XYWH"	"1420 -240 30 30"
|   12242|DEBUG|2018/03/16|19:40| 			"F_LPOS"	"0"
|   12242|DEBUG|2018/03/16|19:40| 			"URL_DOC"	""
|   12242|DEBUG|2018/03/16|19:40| 			"F_TYPE"	"3"
|   12242|DEBUG|2018/03/16|19:40| 			"F_CTYPE"	""
|   12242|DEBUG|2018/03/16|19:40| 		}
|   12242|DEBUG|2018/03/16|19:40| 		ELEM {
|   12242|DEBUG|2018/03/16|19:40| 			NB_PROP	"10"
|   12242|DEBUG|2018/03/16|19:40| 			"v_groupexec"	""
|   12242|DEBUG|2018/03/16|19:40| 			"ID"	"JO0000000195"
|   12242|DEBUG|2018/03/16|19:40| 			"TYPE"	"1"
|   12242|DEBUG|2018/03/16|19:40| 			"V_DESC"	"Transfert du fichier BDEDTGSTR de BCIRECVDTA vers le fichier BDEDTGSTR.TXT sur le serveur de fichiers pour OMP. 1er JO."
|   12242|DEBUG|2018/03/16|19:40| 			"V_JNAME"	"FTPEDTGST2"
|   12242|DEBUG|2018/03/16|19:40| 			"XYWH"	"620 4310 30 30"
|   12242|DEBUG|2018/03/16|19:40| 			"F_LPOS"	"1"
|   12242|DEBUG|2018/03/16|19:40| 			"URL_DOC"	""
|   12242|DEBUG|2018/03/16|19:40| 			"F_TYPE"	"3"
|   12242|DEBUG|2018/03/16|19:40| 			"F_CTYPE"	""
|   12242|DEBUG|2018/03/16|19:40| 		}
|   12242|DEBUG|2018/03/16|19:40| 		ELEM {
|   12242|DEBUG|2018/03/16|19:40| 			NB_PROP	"10"
|   12242|DEBUG|2018/03/16|19:40| 			"v_groupexec"	""
|   12242|DEBUG|2018/03/16|19:40| 			"ID"	"JO0000000196"
|   12242|DEBUG|2018/03/16|19:40| 			"TYPE"	"1"
|   12242|DEBUG|2018/03/16|19:40| 			"V_DESC"	"Transfert du fichier BDEDTGSTR de BCIRECVDTA vers le fichier BDEDTGSTR.txt sur le serveur de fichiers pour OMP. 1er JO."
|   12242|DEBUG|2018/03/16|19:40| 			"V_JNAME"	"FTPEDTGST1"
|   12242|DEBUG|2018/03/16|19:40| 			"XYWH"	"560 4310 30 30"
|   12242|DEBUG|2018/03/16|19:40| 			"F_LPOS"	"7"
|   12242|DEBUG|2018/03/16|19:40| 			"URL_DOC"	""
|   12242|DEBUG|2018/03/16|19:40| 			"F_TYPE"	"3"
|   12242|DEBUG|2018/03/16|19:40| 			"F_CTYPE"	""
|   12242|DEBUG|2018/03/16|19:40| 		}
|   12242|DEBUG|2018/03/16|19:40| 		ELEM {
|   12242|DEBUG|2018/03/16|19:40| 			NB_PROP	"10"
|   12242|DEBUG|2018/03/16|19:40| 			"v_groupexec"	""
|   12242|DEBUG|2018/03/16|19:40| 			"ID"	"JO0000000197"
|   12242|DEBUG|2018/03/16|19:40| 			"TYPE"	"1"
|   12242|DEBUG|2018/03/16|19:40| 			"V_DESC"	"Transfert fichier ED17499P.TXT sur le serveur de fichiers. Tous les JO."
|   12242|DEBUG|2018/03/16|19:40| 			"V_JNAME"	"FTPED17499P"
|   12242|DEBUG|2018/03/16|19:40| 			"XYWH"	"1490 -300 30 30"
|   12242|DEBUG|2018/03/16|19:40| 			"F_LPOS"	"0"
|   12242|DEBUG|2018/03/16|19:40| 			"URL_DOC"	""
|   12242|DEBUG|2018/03/16|19:40| 			"F_TYPE"	"0"
|   12242|DEBUG|2018/03/16|19:40| 			"F_CTYPE"	""
|   12242|DEBUG|2018/03/16|19:40| 		}
|   12242|DEBUG|2018/03/16|19:40| 		ELEM {
|   12242|DEBUG|2018/03/16|19:40| 			NB_PROP	"10"
|   12242|DEBUG|2018/03/16|19:40| 			"v_groupexec"	""
|   12242|DEBUG|2018/03/16|19:40| 			"ID"	"JO0000000198"
|   12242|DEBUG|2018/03/16|19:40| 			"TYPE"	"1"
|   12242|DEBUG|2018/03/16|19:40| 			"V_DESC"	"Transfert du fichier ED17499P.TXT du serveur Interpel vers le fichier BCIRECVDTA\BDED17499 sur Isprod. Tous les JO."
|   12242|DEBUG|2018/03/16|19:40| 			"V_JNAME"	"FTPED17499"
|   12242|DEBUG|2018/03/16|19:40| 			"XYWH"	"1420 -300 30 30"
|   12242|DEBUG|2018/03/16|19:40| 			"F_LPOS"	"0"
|   12242|DEBUG|2018/03/16|19:40| 			"URL_DOC"	""
|   12242|DEBUG|2018/03/16|19:40| 			"F_TYPE"	"3"
|   12242|DEBUG|2018/03/16|19:40| 			"F_CTYPE"	""
|   12242|DEBUG|2018/03/16|19:40| 		}
|   12242|DEBUG|2018/03/16|19:40| 		ELEM {
|   12242|DEBUG|2018/03/16|19:40| 			NB_PROP	"10"
|   12242|DEBUG|2018/03/16|19:40| 			"v_groupexec"	""
|   12242|DEBUG|2018/03/16|19:40| 			"ID"	"JO0000000199"
|   12242|DEBUG|2018/03/16|19:40| 			"TYPE"	"1"
|   12242|DEBUG|2018/03/16|19:40| 			"V_DESC"	"Transfert du fichier BCIJAREN.TXT du serveur Interpel vers le fichier BCIRECVDTA\BDDIJADE sur Isprod. Mensuel (Ts les JO)"
|   12242|DEBUG|2018/03/16|19:40| 			"V_JNAME"	"FTPDIJADE"
|   12242|DEBUG|2018/03/16|19:40| 			"XYWH"	"960 3310 30 30"
|   12242|DEBUG|2018/03/16|19:40| 			"F_LPOS"	"0"
|   12242|DEBUG|2018/03/16|19:40| 			"URL_DOC"	""
|   12242|DEBUG|2018/03/16|19:40| 			"F_TYPE"	"3"
|   12242|DEBUG|2018/03/16|19:40| 			"F_CTYPE"	""
|   12242|DEBUG|2018/03/16|19:40| 		}
|   12242|DEBUG|2018/03/16|19:40| 		ELEM {
|   12242|DEBUG|2018/03/16|19:40| 			NB_PROP	"10"
|   12242|DEBUG|2018/03/16|19:40| 			"v_groupexec"	""
|   12242|DEBUG|2018/03/16|19:40| 			"ID"	"JO0000000200"
|   12242|DEBUG|2018/03/16|19:40| 			"TYPE"	"1"
|   12242|DEBUG|2018/03/16|19:40| 			"V_DESC"	"Transfert fichier DI17499P.TXT sur le serveur de fichiers. Tous les JO."
|   12242|DEBUG|2018/03/16|19:40| 			"V_JNAME"	"FTPDI17499P"
|   12242|DEBUG|2018/03/16|19:40| 			"XYWH"	"1470 -130 30 30"
|   12242|DEBUG|2018/03/16|19:40| 			"F_LPOS"	"0"
|   12242|DEBUG|2018/03/16|19:40| 			"URL_DOC"	""
|   12242|DEBUG|2018/03/16|19:40| 			"F_TYPE"	"0"
|   12242|DEBUG|2018/03/16|19:40| 			"F_CTYPE"	""
|   12242|DEBUG|2018/03/16|19:40| 		}
|   12242|DEBUG|2018/03/16|19:40| 		ELEM {
|   12243|DEBUG|2018/03/16|19:40| 			NB_PROP	"10"
|   12243|DEBUG|2018/03/16|19:40| 			"v_groupexec"	""
|   12243|DEBUG|2018/03/16|19:40| 			"ID"	"JO0000000201"
|   12243|DEBUG|2018/03/16|19:40| 			"TYPE"	"1"
|   12243|DEBUG|2018/03/16|19:40| 			"V_DESC"	"Transfert du fichier DI17499P.TXT du serveur Interpel vers le fichier BCIRECVDTA\BDDI17499 sur Isprod. Journalier"
|   12243|DEBUG|2018/03/16|19:40| 			"V_JNAME"	"FTPDI17499"
|   12243|DEBUG|2018/03/16|19:40| 			"XYWH"	"1390 -130 30 30"
|   12243|DEBUG|2018/03/16|19:40| 			"F_LPOS"	"0"
|   12243|DEBUG|2018/03/16|19:40| 			"URL_DOC"	""
|   12243|DEBUG|2018/03/16|19:40| 			"F_TYPE"	"3"
|   12243|DEBUG|2018/03/16|19:40| 			"F_CTYPE"	""
|   12243|DEBUG|2018/03/16|19:40| 		}
|   12243|DEBUG|2018/03/16|19:40| 		ELEM {
|   12243|DEBUG|2018/03/16|19:40| 			NB_PROP	"10"
|   12243|DEBUG|2018/03/16|19:40| 			"v_groupexec"	""
|   12243|DEBUG|2018/03/16|19:40| 			"ID"	"JO0000000202"
|   12251|DEBUG|2018/03/16|19:40| 			"TYPE"	"1"
|   12251|DEBUG|2018/03/16|19:40| 			"V_DESC"	"Transfert fichier CSRMIN.TXT sur le serveur de fichiers. Tous les JO."
|   12251|DEBUG|2018/03/16|19:40| 			"V_JNAME"	"FTPCSRMIN"
|   12251|DEBUG|2018/03/16|19:40| 			"XYWH"	"200 -20 30 30"
|   12251|DEBUG|2018/03/16|19:40| 			"F_LPOS"	"1"
|   12251|DEBUG|2018/03/16|19:40| 			"URL_DOC"	""
|   12251|DEBUG|2018/03/16|19:40| 			"F_TYPE"	"0"
|   12251|DEBUG|2018/03/16|19:40| 			"F_CTYPE"	""
|   12251|DEBUG|2018/03/16|19:40| 		}
|   12251|DEBUG|2018/03/16|19:40| 		ELEM {
|   12251|DEBUG|2018/03/16|19:40| 			NB_PROP	"10"
|   12251|DEBUG|2018/03/16|19:40| 			"v_groupexec"	""
|   12251|DEBUG|2018/03/16|19:40| 			"ID"	"JO0000000203"
|   12251|DEBUG|2018/03/16|19:40| 			"TYPE"	"1"
|   12251|DEBUG|2018/03/16|19:40| 			"V_DESC"	"Transfert du fichier CPCRDP0S de la PACK13VDTA  vers le fichier CPCRDP0S.txt sur le Serveur de fichiers pour compta. Journalier"
|   12251|DEBUG|2018/03/16|19:40| 			"V_JNAME"	"FTPCPCRDP0"
|   12251|DEBUG|2018/03/16|19:40| 			"XYWH"	"-120 -2140 30 30"
|   12251|DEBUG|2018/03/16|19:40| 			"F_LPOS"	"1"
|   12251|DEBUG|2018/03/16|19:40| 			"URL_DOC"	""
|   12251|DEBUG|2018/03/16|19:40| 			"F_TYPE"	"3"
|   12251|DEBUG|2018/03/16|19:40| 			"F_CTYPE"	""
|   12251|DEBUG|2018/03/16|19:40| 		}
|   12251|DEBUG|2018/03/16|19:40| 		ELEM {
|   12251|DEBUG|2018/03/16|19:40| 			NB_PROP	"10"
|   12251|DEBUG|2018/03/16|19:40| 			"v_groupexec"	""
|   12251|DEBUG|2018/03/16|19:40| 			"ID"	"JO0000000204"
|   12251|DEBUG|2018/03/16|19:40| 			"TYPE"	"1"
|   12251|DEBUG|2018/03/16|19:40| 			"V_DESC"	"Reception du fichier BDCHANGEFX.TXT du Serveur de Fichiers vers le fichier BDCHANGEFX de la BCIRECVDTA. Journalier"
|   12251|DEBUG|2018/03/16|19:40| 			"V_JNAME"	"FTPCHANGEF"
|   12251|DEBUG|2018/03/16|19:40| 			"XYWH"	"-120 -2320 30 30"
|   12251|DEBUG|2018/03/16|19:40| 			"F_LPOS"	"1"
|   12251|DEBUG|2018/03/16|19:40| 			"URL_DOC"	""
|   12251|DEBUG|2018/03/16|19:40| 			"F_TYPE"	"3"
|   12251|DEBUG|2018/03/16|19:40| 			"F_CTYPE"	""
|   12251|DEBUG|2018/03/16|19:40| 		}
|   12251|DEBUG|2018/03/16|19:40| 		ELEM {
|   12251|DEBUG|2018/03/16|19:40| 			NB_PROP	"10"
|   12251|DEBUG|2018/03/16|19:40| 			"v_groupexec"	""
|   12251|DEBUG|2018/03/16|19:40| 			"ID"	"JO0000000205"
|   12251|DEBUG|2018/03/16|19:40| 			"TYPE"	"1"
|   12251|DEBUG|2018/03/16|19:40| 			"V_DESC"	"Envoi du fichier BDCHANGE de la BCIRECVDTA vers le fichier BDCHANGE.TXT du Serveur de Fichiers. Journalier"
|   12251|DEBUG|2018/03/16|19:40| 			"V_JNAME"	"FTPCHANGE"
|   12251|DEBUG|2018/03/16|19:40| 			"XYWH"	"-120 -2030 30 30"
|   12251|DEBUG|2018/03/16|19:40| 			"F_LPOS"	"1"
|   12251|DEBUG|2018/03/16|19:40| 			"URL_DOC"	""
|   12251|DEBUG|2018/03/16|19:40| 			"F_TYPE"	"3"
|   12251|DEBUG|2018/03/16|19:40| 			"F_CTYPE"	""
|   12251|DEBUG|2018/03/16|19:40| 		}
|   12251|DEBUG|2018/03/16|19:40| 		ELEM {
|   12251|DEBUG|2018/03/16|19:40| 			NB_PROP	"10"
|   12251|DEBUG|2018/03/16|19:40| 			"v_groupexec"	""
|   12251|DEBUG|2018/03/16|19:40| 			"ID"	"JO0000000206"
|   12251|DEBUG|2018/03/16|19:40| 			"TYPE"	"1"
|   12251|DEBUG|2018/03/16|19:40| 			"V_DESC"	"Transfert du fichier BDCDVWEB de la BCIRECVDTA  vers le fichier DEVISES sur le Serveur WEB. Journalier"
|   12251|DEBUG|2018/03/16|19:40| 			"V_JNAME"	"FTPCDVWEB"
|   12251|DEBUG|2018/03/16|19:40| 			"XYWH"	"-120 -2090 30 30"
|   12251|DEBUG|2018/03/16|19:40| 			"F_LPOS"	"1"
|   12251|DEBUG|2018/03/16|19:40| 			"URL_DOC"	""
|   12251|DEBUG|2018/03/16|19:40| 			"F_TYPE"	"3"
|   12251|DEBUG|2018/03/16|19:40| 			"F_CTYPE"	""
|   12251|DEBUG|2018/03/16|19:40| 		}
|   12251|DEBUG|2018/03/16|19:40| 		ELEM {
|   12251|DEBUG|2018/03/16|19:40| 			NB_PROP	"10"
|   12251|DEBUG|2018/03/16|19:40| 			"v_groupexec"	""
|   12251|DEBUG|2018/03/16|19:40| 			"ID"	"JO0000000207"
|   12251|DEBUG|2018/03/16|19:40| 			"TYPE"	"1"
|   12251|DEBUG|2018/03/16|19:40| 			"V_DESC"	"Transfert fichier KRCNBAE1.TXT. Journalier."
|   12251|DEBUG|2018/03/16|19:40| 			"V_JNAME"	"FTPCAEXT"
|   12251|DEBUG|2018/03/16|19:40| 			"XYWH"	"-160 -1380 30 30"
|   12251|DEBUG|2018/03/16|19:40| 			"F_LPOS"	"1"
|   12251|DEBUG|2018/03/16|19:40| 			"URL_DOC"	""
|   12251|DEBUG|2018/03/16|19:40| 			"F_TYPE"	"0"
|   12251|DEBUG|2018/03/16|19:40| 			"F_CTYPE"	""
|   12251|DEBUG|2018/03/16|19:40| 		}
|   12251|DEBUG|2018/03/16|19:40| 		ELEM {
|   12251|DEBUG|2018/03/16|19:40| 			NB_PROP	"10"
|   12251|DEBUG|2018/03/16|19:40| 			"v_groupexec"	""
|   12251|DEBUG|2018/03/16|19:40| 			"ID"	"JO0000000208"
|   12251|DEBUG|2018/03/16|19:40| 			"TYPE"	"1"
|   12251|DEBUG|2018/03/16|19:40| 			"V_DESC"	"Transfert fichier BCITBRET.TXT sur le serveur de fichiers. Journalier."
|   12251|DEBUG|2018/03/16|19:40| 			"V_JNAME"	"FTPBCITBRET"
|   12251|DEBUG|2018/03/16|19:40| 			"XYWH"	"50 -2630 30 30"
|   12251|DEBUG|2018/03/16|19:40| 			"F_LPOS"	"1"
|   12251|DEBUG|2018/03/16|19:40| 			"URL_DOC"	""
|   12251|DEBUG|2018/03/16|19:40| 			"F_TYPE"	"0"
|   12251|DEBUG|2018/03/16|19:40| 			"F_CTYPE"	""
|   12251|DEBUG|2018/03/16|19:40| 		}
|   12251|DEBUG|2018/03/16|19:40| 		ELEM {
|   12251|DEBUG|2018/03/16|19:40| 			NB_PROP	"10"
|   12251|DEBUG|2018/03/16|19:40| 			"v_groupexec"	""
|   12251|DEBUG|2018/03/16|19:40| 			"ID"	"JO0000000209"
|   12251|DEBUG|2018/03/16|19:40| 			"TYPE"	"1"
|   12251|DEBUG|2018/03/16|19:40| 			"V_DESC"	"Transfert du fichier BCISPCOM.TXT du serveur Interpel vers le fichier BCIRECVDTA\BDCOMCSB sur Isprod. Ts les JO."
|   12252|DEBUG|2018/03/16|19:40| 			"V_JNAME"	"FTPBCISPCO"
|   12252|DEBUG|2018/03/16|19:40| 			"XYWH"	"330 -1530 30 30"
|   12252|DEBUG|2018/03/16|19:40| 			"F_LPOS"	"1"
|   12252|DEBUG|2018/03/16|19:40| 			"URL_DOC"	""
|   12252|DEBUG|2018/03/16|19:40| 			"F_TYPE"	"3"
|   12252|DEBUG|2018/03/16|19:40| 			"F_CTYPE"	""
|   12252|DEBUG|2018/03/16|19:40| 		}
|   12252|DEBUG|2018/03/16|19:40| 		ELEM {
|   12252|DEBUG|2018/03/16|19:40| 			NB_PROP	"10"
|   12252|DEBUG|2018/03/16|19:40| 			"v_groupexec"	""
|   12252|DEBUG|2018/03/16|19:40| 			"ID"	"JO0000000210"
|   12252|DEBUG|2018/03/16|19:40| 			"TYPE"	"1"
|   12252|DEBUG|2018/03/16|19:40| 			"V_DESC"	"Transfert fichier BCIREMVT.TXT sur le serveur de fichiers. Tous les JO."
|   12252|DEBUG|2018/03/16|19:40| 			"V_JNAME"	"FTPBCIREMVT"
|   12252|DEBUG|2018/03/16|19:40| 			"XYWH"	"-360 -360 30 30"
|   12252|DEBUG|2018/03/16|19:40| 			"F_LPOS"	"6"
|   12252|DEBUG|2018/03/16|19:40| 			"URL_DOC"	""
|   12252|DEBUG|2018/03/16|19:40| 			"F_TYPE"	"0"
|   12252|DEBUG|2018/03/16|19:40| 			"F_CTYPE"	""
|   12252|DEBUG|2018/03/16|19:40| 		}
|   12252|DEBUG|2018/03/16|19:40| 		ELEM {
|   12252|DEBUG|2018/03/16|19:40| 			NB_PROP	"10"
|   12252|DEBUG|2018/03/16|19:40| 			"v_groupexec"	""
|   12252|DEBUG|2018/03/16|19:40| 			"ID"	"JO0000000211"
|   12252|DEBUG|2018/03/16|19:40| 			"TYPE"	"1"
|   12252|DEBUG|2018/03/16|19:40| 			"V_DESC"	"Transfert fichier BCIREJNG.TXT sur le serveur de fichiers. Tous les JO."
|   12252|DEBUG|2018/03/16|19:40| 			"V_JNAME"	"FTPBCIREJNG"
|   12252|DEBUG|2018/03/16|19:40| 			"XYWH"	"-280 -360 30 30"
|   12252|DEBUG|2018/03/16|19:40| 			"F_LPOS"	"2"
|   12252|DEBUG|2018/03/16|19:40| 			"URL_DOC"	""
|   12252|DEBUG|2018/03/16|19:40| 			"F_TYPE"	"0"
|   12252|DEBUG|2018/03/16|19:40| 			"F_CTYPE"	""
|   12252|DEBUG|2018/03/16|19:40| 		}
|   12252|DEBUG|2018/03/16|19:40| 		ELEM {
|   12252|DEBUG|2018/03/16|19:40| 			NB_PROP	"10"
|   12252|DEBUG|2018/03/16|19:40| 			"v_groupexec"	""
|   12252|DEBUG|2018/03/16|19:40| 			"ID"	"JO0000000212"
|   12252|DEBUG|2018/03/16|19:40| 			"TYPE"	"1"
|   12252|DEBUG|2018/03/16|19:40| 			"V_DESC"	"Reception du fichier BCIFTCXJ.TXT du serveur Interpel vers le fichier BDIMAFTC de la BCIRECVDTA. Tous les JO."
|   12252|DEBUG|2018/03/16|19:40| 			"V_JNAME"	"FTPBCIFTCX"
|   12252|DEBUG|2018/03/16|19:40| 			"XYWH"	"430 -970 30 30"
|   12252|DEBUG|2018/03/16|19:40| 			"F_LPOS"	"1"
|   12252|DEBUG|2018/03/16|19:40| 			"URL_DOC"	""
|   12252|DEBUG|2018/03/16|19:40| 			"F_TYPE"	"3"
|   12252|DEBUG|2018/03/16|19:40| 			"F_CTYPE"	""
|   12252|DEBUG|2018/03/16|19:40| 		}
|   12252|DEBUG|2018/03/16|19:40| 		ELEM {
|   12252|DEBUG|2018/03/16|19:40| 			NB_PROP	"10"
|   12252|DEBUG|2018/03/16|19:40| 			"v_groupexec"	""
|   12252|DEBUG|2018/03/16|19:40| 			"ID"	"JO0000000213"
|   12252|DEBUG|2018/03/16|19:40| 			"TYPE"	"1"
|   12252|DEBUG|2018/03/16|19:40| 			"V_DESC"	"Reception du fichier BCIFTCEJ.TXT du serveur Interpel vers le fichier BDIMAFTCEU de la BCIRECVDTA. Tous les JO."
|   12252|DEBUG|2018/03/16|19:40| 			"V_JNAME"	"FTPBCIFTCE"
|   12252|DEBUG|2018/03/16|19:40| 			"XYWH"	"520 -850 30 30"
|   12252|DEBUG|2018/03/16|19:40| 			"F_LPOS"	"1"
|   12252|DEBUG|2018/03/16|19:40| 			"URL_DOC"	""
|   12252|DEBUG|2018/03/16|19:40| 			"F_TYPE"	"3"
|   12252|DEBUG|2018/03/16|19:40| 			"F_CTYPE"	""
|   12252|DEBUG|2018/03/16|19:40| 		}
|   12252|DEBUG|2018/03/16|19:40| 		ELEM {
|   12252|DEBUG|2018/03/16|19:40| 			NB_PROP	"10"
|   12252|DEBUG|2018/03/16|19:40| 			"v_groupexec"	""
|   12252|DEBUG|2018/03/16|19:40| 			"ID"	"JO0000000214"
|   12252|DEBUG|2018/03/16|19:40| 			"TYPE"	"1"
|   12252|DEBUG|2018/03/16|19:40| 			"V_DESC"	"Transfert du fichier de demande de télécopie BDBCICEPC de BCIRECVDTA  vers le fichier bdbcicepc.txt sur Serveur Interpel. Ts les JO"
|   12252|DEBUG|2018/03/16|19:40| 			"V_JNAME"	"FTPBCICEPC"
|   12252|DEBUG|2018/03/16|19:40| 			"XYWH"	"670 -300 30 30"
|   12252|DEBUG|2018/03/16|19:40| 			"F_LPOS"	"1"
|   12252|DEBUG|2018/03/16|19:40| 			"URL_DOC"	""
|   12252|DEBUG|2018/03/16|19:40| 			"F_TYPE"	"3"
|   12252|DEBUG|2018/03/16|19:40| 			"F_CTYPE"	""
|   12252|DEBUG|2018/03/16|19:40| 		}
|   12252|DEBUG|2018/03/16|19:40| 		ELEM {
|   12252|DEBUG|2018/03/16|19:40| 			NB_PROP	"10"
|   12252|DEBUG|2018/03/16|19:40| 			"v_groupexec"	""
|   12252|DEBUG|2018/03/16|19:40| 			"ID"	"JO0000000215"
|   12252|DEBUG|2018/03/16|19:40| 			"TYPE"	"1"
|   12252|DEBUG|2018/03/16|19:40| 			"V_DESC"	"Transfert du fichier ARCHEXTRAI de BCIRECVDTA vers le fichier ARCHEXTRAI.TXT sur le serveur SQL. Mensuel 1er JO."
|   12252|DEBUG|2018/03/16|19:40| 			"V_JNAME"	"FTPARCHEXT"
|   12252|DEBUG|2018/03/16|19:40| 			"XYWH"	"720 3310 30 30"
|   12252|DEBUG|2018/03/16|19:40| 			"F_LPOS"	"1"
|   12252|DEBUG|2018/03/16|19:40| 			"URL_DOC"	""
|   12252|DEBUG|2018/03/16|19:40| 			"F_TYPE"	"3"
|   12252|DEBUG|2018/03/16|19:40| 			"F_CTYPE"	""
|   12252|DEBUG|2018/03/16|19:40| 		}
|   12252|DEBUG|2018/03/16|19:40| 		ELEM {
|   12252|DEBUG|2018/03/16|19:40| 			NB_PROP	"10"
|   12252|DEBUG|2018/03/16|19:40| 			"v_groupexec"	""
|   12252|DEBUG|2018/03/16|19:40| 			"ID"	"JO0000000216"
|   12252|DEBUG|2018/03/16|19:40| 			"TYPE"	"1"
|   12252|DEBUG|2018/03/16|19:40| 			"V_DESC"	"Transfert du fichier SIECRBCI.TXT du serveur de prod vers le fichier BCIRECVDTA\BDANOSIE sur Isprod. Tous les JO."
|   12252|DEBUG|2018/03/16|19:40| 			"V_JNAME"	"FTPANOSIE"
|   12252|DEBUG|2018/03/16|19:40| 			"XYWH"	"450 40 30 30"
|   12252|DEBUG|2018/03/16|19:40| 			"F_LPOS"	"1"
|   12252|DEBUG|2018/03/16|19:40| 			"URL_DOC"	""
|   12252|DEBUG|2018/03/16|19:40| 			"F_TYPE"	"3"
|   12252|DEBUG|2018/03/16|19:40| 			"F_CTYPE"	""
|   12252|DEBUG|2018/03/16|19:40| 		}
|   12252|DEBUG|2018/03/16|19:40| 		ELEM {
|   12252|DEBUG|2018/03/16|19:40| 			NB_PROP	"10"
|   12252|DEBUG|2018/03/16|19:40| 			"v_groupexec"	""
|   12252|DEBUG|2018/03/16|19:40| 			"ID"	"JO0000000217"
|   12252|DEBUG|2018/03/16|19:40| 			"TYPE"	"1"
|   12252|DEBUG|2018/03/16|19:40| 			"V_DESC"	"Transfert du fichier BDACSIENC de la BCIRECVDTA  vers le fichier bcialsie.txt sur serveur Interpel. Tous les JO."
|   12252|DEBUG|2018/03/16|19:40| 			"V_JNAME"	"FTPALSIE"
|   12252|DEBUG|2018/03/16|19:40| 			"XYWH"	"450 -310 30 30"
|   12252|DEBUG|2018/03/16|19:40| 			"F_LPOS"	"7"
|   12252|DEBUG|2018/03/16|19:40| 			"URL_DOC"	""
|   12252|DEBUG|2018/03/16|19:40| 			"F_TYPE"	"3"
|   12252|DEBUG|2018/03/16|19:40| 			"F_CTYPE"	""
|   12252|DEBUG|2018/03/16|19:40| 		}
|   12252|DEBUG|2018/03/16|19:40| 		ELEM {
|   12252|DEBUG|2018/03/16|19:40| 			NB_PROP	"10"
|   12252|DEBUG|2018/03/16|19:40| 			"v_groupexec"	""
|   12252|DEBUG|2018/03/16|19:40| 			"ID"	"JO0000000218"
|   12252|DEBUG|2018/03/16|19:40| 			"TYPE"	"1"
|   12252|DEBUG|2018/03/16|19:40| 			"V_DESC"	"Transfert du fichier BDREPSITA de la BCIRECVDTA  vers le fichier csamin.txt du répertoire Transferts\CNCA. Ts les JO."
|   12252|DEBUG|2018/03/16|19:40| 			"V_JNAME"	"FTPALLESIT"
|   12252|DEBUG|2018/03/16|19:40| 			"XYWH"	"370 550 30 30"
|   12252|DEBUG|2018/03/16|19:40| 			"F_LPOS"	"1"
|   12252|DEBUG|2018/03/16|19:40| 			"URL_DOC"	""
|   12252|DEBUG|2018/03/16|19:40| 			"F_TYPE"	"3"
|   12252|DEBUG|2018/03/16|19:40| 			"F_CTYPE"	""
|   12252|DEBUG|2018/03/16|19:40| 		}
|   12252|DEBUG|2018/03/16|19:40| 		ELEM {
|   12252|DEBUG|2018/03/16|19:40| 			NB_PROP	"10"
|   12252|DEBUG|2018/03/16|19:40| 			"v_groupexec"	""
|   12252|DEBUG|2018/03/16|19:40| 			"ID"	"JO0000000219"
|   12252|DEBUG|2018/03/16|19:40| 			"TYPE"	"1"
|   12252|DEBUG|2018/03/16|19:40| 			"V_DESC"	"Suppression de la Ressource SIENCNOALL. Tous les JO."
|   12252|DEBUG|2018/03/16|19:40| 			"V_JNAME"	"DLTRESSOU"
|   12252|DEBUG|2018/03/16|19:40| 			"XYWH"	"450 160 30 30"
|   12252|DEBUG|2018/03/16|19:40| 			"F_LPOS"	"1"
|   12252|DEBUG|2018/03/16|19:40| 			"URL_DOC"	""
|   12252|DEBUG|2018/03/16|19:40| 			"F_TYPE"	"3"
|   12252|DEBUG|2018/03/16|19:40| 			"F_CTYPE"	""
|   12252|DEBUG|2018/03/16|19:40| 		}
|   12252|DEBUG|2018/03/16|19:40| 		ELEM {
|   12252|DEBUG|2018/03/16|19:40| 			NB_PROP	"10"
|   12252|DEBUG|2018/03/16|19:40| 			"v_groupexec"	""
|   12252|DEBUG|2018/03/16|19:40| 			"ID"	"JO0000000220"
|   12252|DEBUG|2018/03/16|19:40| 			"TYPE"	"1"
|   12253|DEBUG|2018/03/16|19:40| 			"V_DESC"	"Suppression du fichier temporaire QGPLTEMP/BDNNEAUTJ. Tous les JO."
|   12253|DEBUG|2018/03/16|19:40| 			"V_JNAME"	"DLTNNEAUTJ"
|   12253|DEBUG|2018/03/16|19:40| 			"XYWH"	"810 -2640 30 30"
|   12253|DEBUG|2018/03/16|19:40| 			"F_LPOS"	"1"
|   12253|DEBUG|2018/03/16|19:40| 			"URL_DOC"	""
|   12253|DEBUG|2018/03/16|19:40| 			"F_TYPE"	"3"
|   12253|DEBUG|2018/03/16|19:40| 			"F_CTYPE"	""
|   12253|DEBUG|2018/03/16|19:40| 		}
|   12253|DEBUG|2018/03/16|19:40| 		ELEM {
|   12253|DEBUG|2018/03/16|19:40| 			NB_PROP	"10"
|   12253|DEBUG|2018/03/16|19:40| 			"v_groupexec"	""
|   12253|DEBUG|2018/03/16|19:40| 			"ID"	"JO0000000221"
|   12253|DEBUG|2018/03/16|19:40| 			"TYPE"	"1"
|   12253|DEBUG|2018/03/16|19:40| 			"V_DESC"	"DEZIP le fichier IRPBCI2.ZIP en BCIREDIV.* de la CSB. Tous les JO."
|   12253|DEBUG|2018/03/16|19:40| 			"V_JNAME"	"DEZIPREDIV"
|   12253|DEBUG|2018/03/16|19:40| 			"XYWH"	"-200 -790 30 30"
|   12253|DEBUG|2018/03/16|19:40| 			"F_LPOS"	"0"
|   12253|DEBUG|2018/03/16|19:40| 			"URL_DOC"	""
|   12253|DEBUG|2018/03/16|19:40| 			"F_TYPE"	"0"
|   12253|DEBUG|2018/03/16|19:40| 			"F_CTYPE"	""
|   12253|DEBUG|2018/03/16|19:40| 		}
|   12253|DEBUG|2018/03/16|19:40| 		ELEM {
|   12253|DEBUG|2018/03/16|19:40| 			NB_PROP	"10"
|   12253|DEBUG|2018/03/16|19:40| 			"v_groupexec"	""
|   12253|DEBUG|2018/03/16|19:40| 			"ID"	"JO0000000222"
|   12253|DEBUG|2018/03/16|19:40| 			"TYPE"	"1"
|   12253|DEBUG|2018/03/16|19:40| 			"V_DESC"	"DEZIP le fichier IRVBCI1.ZIP en BCIRECMP.* de la CSB. Tous les JO."
|   12253|DEBUG|2018/03/16|19:40| 			"V_JNAME"	"DEZIPRECMP"
|   12253|DEBUG|2018/03/16|19:40| 			"XYWH"	"-50 -970 30 30"
|   12253|DEBUG|2018/03/16|19:40| 			"F_LPOS"	"0"
|   12253|DEBUG|2018/03/16|19:40| 			"URL_DOC"	""
|   12253|DEBUG|2018/03/16|19:40| 			"F_TYPE"	"0"
|   12253|DEBUG|2018/03/16|19:40| 			"F_CTYPE"	""
|   12253|DEBUG|2018/03/16|19:40| 		}
|   12253|DEBUG|2018/03/16|19:40| 		ELEM {
|   12253|DEBUG|2018/03/16|19:40| 			NB_PROP	"10"
|   12253|DEBUG|2018/03/16|19:40| 			"v_groupexec"	""
|   12253|DEBUG|2018/03/16|19:40| 			"ID"	"JO0000000223"
|   12253|DEBUG|2018/03/16|19:40| 			"TYPE"	"1"
|   12253|DEBUG|2018/03/16|19:40| 			"V_DESC"	"DEZIP le fichier IPPBCI2.ZIP en BCIPADIV.* de la CSB. Tous les JO."
|   12253|DEBUG|2018/03/16|19:40| 			"V_JNAME"	"DEZIPPADIV"
|   12253|DEBUG|2018/03/16|19:40| 			"XYWH"	"-120 -850 30 30"
|   12253|DEBUG|2018/03/16|19:40| 			"F_LPOS"	"0"
|   12253|DEBUG|2018/03/16|19:40| 			"URL_DOC"	""
|   12253|DEBUG|2018/03/16|19:40| 			"F_TYPE"	"0"
|   12253|DEBUG|2018/03/16|19:40| 			"F_CTYPE"	""
|   12253|DEBUG|2018/03/16|19:40| 		}
|   12253|DEBUG|2018/03/16|19:40| 		ELEM {
|   12253|DEBUG|2018/03/16|19:40| 			NB_PROP	"10"
|   12253|DEBUG|2018/03/16|19:40| 			"v_groupexec"	""
|   12253|DEBUG|2018/03/16|19:40| 			"ID"	"JO0000000224"
|   12253|DEBUG|2018/03/16|19:40| 			"TYPE"	"1"
|   12253|DEBUG|2018/03/16|19:40| 			"V_DESC"	"DEZIP le fichier IPVBCI2.ZIP en BCIPACOM.* de la CSB. Tous les JO."
|   12253|DEBUG|2018/03/16|19:40| 			"V_JNAME"	"DEZIPPACOM"
|   12253|DEBUG|2018/03/16|19:40| 			"XYWH"	"-50 -910 30 30"
|   12253|DEBUG|2018/03/16|19:40| 			"F_LPOS"	"0"
|   12253|DEBUG|2018/03/16|19:40| 			"URL_DOC"	""
|   12253|DEBUG|2018/03/16|19:40| 			"F_TYPE"	"0"
|   12253|DEBUG|2018/03/16|19:40| 			"F_CTYPE"	""
|   12253|DEBUG|2018/03/16|19:40| 		}
|   12253|DEBUG|2018/03/16|19:40| 		ELEM {
|   12253|DEBUG|2018/03/16|19:40| 			NB_PROP	"10"
|   12253|DEBUG|2018/03/16|19:40| 			"v_groupexec"	""
|   12253|DEBUG|2018/03/16|19:40| 			"ID"	"JO0000000225"
|   12253|DEBUG|2018/03/16|19:40| 			"TYPE"	"1"
|   12253|DEBUG|2018/03/16|19:40| 			"V_DESC"	"DEZIP le fichier IPVBCI1.ZIP en BCIPACMP.* de la CSB. Tous les JO."
|   12253|DEBUG|2018/03/16|19:40| 			"V_JNAME"	"DEZIPPACMP"
|   12253|DEBUG|2018/03/16|19:40| 			"XYWH"	"-120 -1040 30 30"
|   12253|DEBUG|2018/03/16|19:40| 			"F_LPOS"	"0"
|   12253|DEBUG|2018/03/16|19:40| 			"URL_DOC"	""
|   12253|DEBUG|2018/03/16|19:40| 			"F_TYPE"	"0"
|   12253|DEBUG|2018/03/16|19:40| 			"F_CTYPE"	""
|   12253|DEBUG|2018/03/16|19:40| 		}
|   12253|DEBUG|2018/03/16|19:40| 		ELEM {
|   12253|DEBUG|2018/03/16|19:40| 			NB_PROP	"10"
|   12253|DEBUG|2018/03/16|19:40| 			"v_groupexec"	""
|   12253|DEBUG|2018/03/16|19:40| 			"ID"	"JO0000000226"
|   12253|DEBUG|2018/03/16|19:40| 			"TYPE"	"1"
|   12253|DEBUG|2018/03/16|19:40| 			"V_DESC"	"DEZIP le fichier BCITBRET.zip en BCITBRET.* de la CSB. Tous les JO."
|   12253|DEBUG|2018/03/16|19:40| 			"V_JNAME"	"DEZIPBCITBRET"
|   12253|DEBUG|2018/03/16|19:40| 			"XYWH"	"50 -2810 30 30"
|   12253|DEBUG|2018/03/16|19:40| 			"F_LPOS"	"1"
|   12253|DEBUG|2018/03/16|19:40| 			"URL_DOC"	""
|   12253|DEBUG|2018/03/16|19:40| 			"F_TYPE"	"0"
|   12253|DEBUG|2018/03/16|19:40| 			"F_CTYPE"	""
|   12253|DEBUG|2018/03/16|19:40| 		}
|   12253|DEBUG|2018/03/16|19:40| 		ELEM {
|   12253|DEBUG|2018/03/16|19:40| 			NB_PROP	"10"
|   12253|DEBUG|2018/03/16|19:40| 			"v_groupexec"	""
|   12253|DEBUG|2018/03/16|19:40| 			"ID"	"JO0000000227"
|   12253|DEBUG|2018/03/16|19:40| 			"TYPE"	"1"
|   12253|DEBUG|2018/03/16|19:40| 			"V_DESC"	"DEZIP le fichier BCISPCOM.ZIP en BCIJAREN.* de la CSB. Tous les JO."
|   12253|DEBUG|2018/03/16|19:40| 			"V_JNAME"	"DEZIPBCISPCOM"
|   12253|DEBUG|2018/03/16|19:40| 			"XYWH"	"330 -1710 30 30"
|   12253|DEBUG|2018/03/16|19:40| 			"F_LPOS"	"1"
|   12253|DEBUG|2018/03/16|19:40| 			"URL_DOC"	""
|   12253|DEBUG|2018/03/16|19:40| 			"F_TYPE"	"0"
|   12253|DEBUG|2018/03/16|19:40| 			"F_CTYPE"	""
|   12253|DEBUG|2018/03/16|19:40| 		}
|   12253|DEBUG|2018/03/16|19:40| 		ELEM {
|   12253|DEBUG|2018/03/16|19:40| 			NB_PROP	"10"
|   12253|DEBUG|2018/03/16|19:40| 			"v_groupexec"	""
|   12253|DEBUG|2018/03/16|19:40| 			"ID"	"JO0000000228"
|   12253|DEBUG|2018/03/16|19:40| 			"TYPE"	"1"
|   12253|DEBUG|2018/03/16|19:40| 			"V_DESC"	"DEZIP le fichier BCIREMVT.ZIP en BCIREMVT.* de la CSB. Tous les JO."
|   12253|DEBUG|2018/03/16|19:40| 			"V_JNAME"	"DEZIPBCIREMVT"
|   12253|DEBUG|2018/03/16|19:40| 			"XYWH"	"-360 -540 30 30"
|   12253|DEBUG|2018/03/16|19:40| 			"F_LPOS"	"7"
|   12253|DEBUG|2018/03/16|19:40| 			"URL_DOC"	""
|   12253|DEBUG|2018/03/16|19:40| 			"F_TYPE"	"0"
|   12253|DEBUG|2018/03/16|19:40| 			"F_CTYPE"	""
|   12253|DEBUG|2018/03/16|19:40| 		}
|   12253|DEBUG|2018/03/16|19:40| 		ELEM {
|   12253|DEBUG|2018/03/16|19:40| 			NB_PROP	"10"
|   12253|DEBUG|2018/03/16|19:40| 			"v_groupexec"	""
|   12253|DEBUG|2018/03/16|19:40| 			"ID"	"JO0000000229"
|   12253|DEBUG|2018/03/16|19:40| 			"TYPE"	"1"
|   12253|DEBUG|2018/03/16|19:40| 			"V_DESC"	"DEZIP le fichier BCIREJNG.ZIP en BCIREJNG.* de la CSB. Tous les JO."
|   12253|DEBUG|2018/03/16|19:40| 			"V_JNAME"	"DEZIPBCIREJNG"
|   12253|DEBUG|2018/03/16|19:40| 			"XYWH"	"-280 -540 30 30"
|   12253|DEBUG|2018/03/16|19:40| 			"F_LPOS"	"1"
|   12253|DEBUG|2018/03/16|19:40| 			"URL_DOC"	""
|   12253|DEBUG|2018/03/16|19:40| 			"F_TYPE"	"0"
|   12253|DEBUG|2018/03/16|19:40| 			"F_CTYPE"	""
|   12253|DEBUG|2018/03/16|19:40| 		}
|   12253|DEBUG|2018/03/16|19:40| 		ELEM {
|   12253|DEBUG|2018/03/16|19:40| 			NB_PROP	"10"
|   12253|DEBUG|2018/03/16|19:40| 			"v_groupexec"	""
|   12253|DEBUG|2018/03/16|19:40| 			"ID"	"JO0000000230"
|   12253|DEBUG|2018/03/16|19:40| 			"TYPE"	"1"
|   12253|DEBUG|2018/03/16|19:40| 			"V_DESC"	"DEZIP le fichier BCILSCAS.ZIP en BCILSCAS.* de la CSB. Tous les JO."
|   12253|DEBUG|2018/03/16|19:40| 			"V_JNAME"	"DEZIPBCILSCAS"
|   12253|DEBUG|2018/03/16|19:40| 			"XYWH"	"650 -2750 30 30"
|   12253|DEBUG|2018/03/16|19:40| 			"F_LPOS"	"1"
|   12253|DEBUG|2018/03/16|19:40| 			"URL_DOC"	""
|   12253|DEBUG|2018/03/16|19:40| 			"F_TYPE"	"0"
|   12254|DEBUG|2018/03/16|19:40| 			"F_CTYPE"	""
|   12254|DEBUG|2018/03/16|19:40| 		}
|   12254|DEBUG|2018/03/16|19:40| 		ELEM {
|   12254|DEBUG|2018/03/16|19:40| 			NB_PROP	"10"
|   12254|DEBUG|2018/03/16|19:40| 			"v_groupexec"	""
|   12254|DEBUG|2018/03/16|19:40| 			"ID"	"JO0000000231"
|   12254|DEBUG|2018/03/16|19:40| 			"TYPE"	"1"
|   12254|DEBUG|2018/03/16|19:40| 			"V_DESC"	"DEZIP le fichier BCIJAREN.ZIP en BCIJAREN.* de la CSB. Tous les JO."
|   12254|DEBUG|2018/03/16|19:40| 			"V_JNAME"	"DEZIPBCIJAREN"
|   12254|DEBUG|2018/03/16|19:40| 			"XYWH"	"960 3250 30 30"
|   12254|DEBUG|2018/03/16|19:40| 			"F_LPOS"	"0"
|   12254|DEBUG|2018/03/16|19:40| 			"URL_DOC"	""
|   12254|DEBUG|2018/03/16|19:40| 			"F_TYPE"	"0"
|   12254|DEBUG|2018/03/16|19:40| 			"F_CTYPE"	""
|   12254|DEBUG|2018/03/16|19:40| 		}
|   12254|DEBUG|2018/03/16|19:40| 		ELEM {
|   12254|DEBUG|2018/03/16|19:40| 			NB_PROP	"10"
|   12254|DEBUG|2018/03/16|19:40| 			"v_groupexec"	""
|   12254|DEBUG|2018/03/16|19:40| 			"ID"	"JO0000000232"
|   12254|DEBUG|2018/03/16|19:40| 			"TYPE"	"1"
|   12254|DEBUG|2018/03/16|19:40| 			"V_DESC"	"DEZIP le fichier BCIFTCXJ.ZIP en BCIFTCXJ.* de la CSB. Tous les JO."
|   12254|DEBUG|2018/03/16|19:40| 			"V_JNAME"	"DEZIPBCIFTCXJ"
|   12254|DEBUG|2018/03/16|19:40| 			"XYWH"	"260 -1040 30 30"
|   12254|DEBUG|2018/03/16|19:40| 			"F_LPOS"	"0"
|   12254|DEBUG|2018/03/16|19:40| 			"URL_DOC"	""
|   12254|DEBUG|2018/03/16|19:40| 			"F_TYPE"	"0"
|   12254|DEBUG|2018/03/16|19:40| 			"F_CTYPE"	""
|   12254|DEBUG|2018/03/16|19:40| 		}
|   12254|DEBUG|2018/03/16|19:40| 		ELEM {
|   12254|DEBUG|2018/03/16|19:40| 			NB_PROP	"10"
|   12254|DEBUG|2018/03/16|19:40| 			"v_groupexec"	""
|   12254|DEBUG|2018/03/16|19:40| 			"ID"	"JO0000000233"
|   12254|DEBUG|2018/03/16|19:40| 			"TYPE"	"1"
|   12254|DEBUG|2018/03/16|19:40| 			"V_DESC"	"DEZIP le fichier BCIFTCEJ.ZIP en BCIFTCEJ.* de la CSB. Tous les JO."
|   12254|DEBUG|2018/03/16|19:40| 			"V_JNAME"	"DEZIPBCIFTCEJ"
|   12254|DEBUG|2018/03/16|19:40| 			"XYWH"	"260 -910 30 30"
|   12254|DEBUG|2018/03/16|19:40| 			"F_LPOS"	"0"
|   12254|DEBUG|2018/03/16|19:40| 			"URL_DOC"	""
|   12254|DEBUG|2018/03/16|19:40| 			"F_TYPE"	"0"
|   12254|DEBUG|2018/03/16|19:40| 			"F_CTYPE"	""
|   12254|DEBUG|2018/03/16|19:40| 		}
|   12254|DEBUG|2018/03/16|19:40| 		ELEM {
|   12254|DEBUG|2018/03/16|19:40| 			NB_PROP	"10"
|   12254|DEBUG|2018/03/16|19:40| 			"v_groupexec"	""
|   12254|DEBUG|2018/03/16|19:40| 			"ID"	"JO0000000234"
|   12254|DEBUG|2018/03/16|19:40| 			"TYPE"	"1"
|   12254|DEBUG|2018/03/16|19:40| 			"V_DESC"	"DEZIP le fichier BCIFCCXJ.ZIP en BCIFCCXJ.* de la CSB. Tous les JO."
|   12254|DEBUG|2018/03/16|19:40| 			"V_JNAME"	"DEZIPBCIFCCXJ"
|   12254|DEBUG|2018/03/16|19:40| 			"XYWH"	"610 -1040 30 30"
|   12254|DEBUG|2018/03/16|19:40| 			"F_LPOS"	"0"
|   12254|DEBUG|2018/03/16|19:40| 			"URL_DOC"	""
|   12254|DEBUG|2018/03/16|19:40| 			"F_TYPE"	"0"
|   12254|DEBUG|2018/03/16|19:40| 			"F_CTYPE"	""
|   12254|DEBUG|2018/03/16|19:40| 		}
|   12254|DEBUG|2018/03/16|19:40| 		ELEM {
|   12254|DEBUG|2018/03/16|19:40| 			NB_PROP	"10"
|   12254|DEBUG|2018/03/16|19:40| 			"v_groupexec"	""
|   12254|DEBUG|2018/03/16|19:40| 			"ID"	"JO0000000235"
|   12254|DEBUG|2018/03/16|19:40| 			"TYPE"	"1"
|   12254|DEBUG|2018/03/16|19:40| 			"V_DESC"	"DEZIP le fichier BCIFCCEJ.ZIP en BCIFCCEJ.* de la CSB. Tous les JO."
|   12254|DEBUG|2018/03/16|19:40| 			"V_JNAME"	"DEZIPBCIFCCEJ"
|   12254|DEBUG|2018/03/16|19:40| 			"XYWH"	"610 -910 30 30"
|   12254|DEBUG|2018/03/16|19:40| 			"F_LPOS"	"0"
|   12254|DEBUG|2018/03/16|19:40| 			"URL_DOC"	""
|   12254|DEBUG|2018/03/16|19:40| 			"F_TYPE"	"0"
|   12254|DEBUG|2018/03/16|19:40| 			"F_CTYPE"	""
|   12254|DEBUG|2018/03/16|19:40| 		}
|   12254|DEBUG|2018/03/16|19:40| 		ELEM {
|   12254|DEBUG|2018/03/16|19:40| 			NB_PROP	"10"
|   12254|DEBUG|2018/03/16|19:40| 			"v_groupexec"	""
|   12254|DEBUG|2018/03/16|19:40| 			"ID"	"JO0000000236"
|   12254|DEBUG|2018/03/16|19:40| 			"TYPE"	"1"
|   12254|DEBUG|2018/03/16|19:40| 			"V_DESC"	"Supprime les fichiers ST17499-*.TXT dans D:\transferts\MONECAM sur le serveur Interpel. Journalier."
|   12254|DEBUG|2018/03/16|19:40| 			"V_JNAME"	"DELST17499"
|   12254|DEBUG|2018/03/16|19:40| 			"XYWH"	"1170 270 30 30"
|   12254|DEBUG|2018/03/16|19:40| 			"F_LPOS"	"0"
|   12254|DEBUG|2018/03/16|19:40| 			"URL_DOC"	""
|   12254|DEBUG|2018/03/16|19:40| 			"F_TYPE"	"0"
|   12254|DEBUG|2018/03/16|19:40| 			"F_CTYPE"	""
|   12254|DEBUG|2018/03/16|19:40| 		}
|   12254|DEBUG|2018/03/16|19:40| 		ELEM {
|   12254|DEBUG|2018/03/16|19:40| 			NB_PROP	"10"
|   12254|DEBUG|2018/03/16|19:40| 			"v_groupexec"	""
|   12254|DEBUG|2018/03/16|19:40| 			"ID"	"JO0000000237"
|   12254|DEBUG|2018/03/16|19:40| 			"TYPE"	"1"
|   12254|DEBUG|2018/03/16|19:40| 			"V_DESC"	"Supprime le fichier BCISPREM.ZIP  D:\transferts\CSB\Depart sur le serveur Interpel. Tous les JO."
|   12254|DEBUG|2018/03/16|19:40| 			"V_JNAME"	"DELSPREM"
|   12254|DEBUG|2018/03/16|19:40| 			"XYWH"	"600 -1470 30 30"
|   12254|DEBUG|2018/03/16|19:40| 			"F_LPOS"	"1"
|   12254|DEBUG|2018/03/16|19:40| 			"URL_DOC"	""
|   12254|DEBUG|2018/03/16|19:40| 			"F_TYPE"	"0"
|   12254|DEBUG|2018/03/16|19:40| 			"F_CTYPE"	""
|   12254|DEBUG|2018/03/16|19:40| 		}
|   12254|DEBUG|2018/03/16|19:40| 		ELEM {
|   12254|DEBUG|2018/03/16|19:40| 			NB_PROP	"10"
|   12254|DEBUG|2018/03/16|19:40| 			"v_groupexec"	""
|   12254|DEBUG|2018/03/16|19:40| 			"ID"	"JO0000000238"
|   12254|DEBUG|2018/03/16|19:40| 			"TYPE"	"1"
|   12254|DEBUG|2018/03/16|19:40| 			"V_DESC"	"Supprime le fichier sietpbci.zip dans D:\transferts\sienc sur le serveur Interpel. Tous les JO."
|   12254|DEBUG|2018/03/16|19:40| 			"V_JNAME"	"DELSIETPBCIZIP"
|   12254|DEBUG|2018/03/16|19:40| 			"XYWH"	"710 1370 30 30"
|   12255|DEBUG|2018/03/16|19:40| 			"F_LPOS"	"1"
|   12255|DEBUG|2018/03/16|19:40| 			"URL_DOC"	""
|   12255|DEBUG|2018/03/16|19:40| 			"F_TYPE"	"0"
|   12255|DEBUG|2018/03/16|19:40| 			"F_CTYPE"	""
|   12255|DEBUG|2018/03/16|19:40| 		}
|   12255|DEBUG|2018/03/16|19:40| 		ELEM {
|   12255|DEBUG|2018/03/16|19:40| 			NB_PROP	"10"
|   12255|DEBUG|2018/03/16|19:40| 			"v_groupexec"	""
|   12255|DEBUG|2018/03/16|19:40| 			"ID"	"JO0000000239"
|   12255|DEBUG|2018/03/16|19:40| 			"TYPE"	"1"
|   12255|DEBUG|2018/03/16|19:40| 			"V_DESC"	"Supprime le fichier svsierebci.zip dans D:\transferts\sienc sur le serveur Interpel. Tous les JO."
|   12255|DEBUG|2018/03/16|19:40| 			"V_JNAME"	"DELSIEREBCIZIP"
|   12255|DEBUG|2018/03/16|19:40| 			"XYWH"	"470 1250 30 30"
|   12255|DEBUG|2018/03/16|19:40| 			"F_LPOS"	"0"
|   12255|DEBUG|2018/03/16|19:40| 			"URL_DOC"	""
|   12255|DEBUG|2018/03/16|19:40| 			"F_TYPE"	"0"
|   12255|DEBUG|2018/03/16|19:40| 			"F_CTYPE"	""
|   12255|DEBUG|2018/03/16|19:40| 		}
|   12255|DEBUG|2018/03/16|19:40| 		ELEM {
|   12255|DEBUG|2018/03/16|19:40| 			NB_PROP	"10"
|   12255|DEBUG|2018/03/16|19:40| 			"v_groupexec"	""
|   12255|DEBUG|2018/03/16|19:40| 			"ID"	"JO0000000240"
|   12255|DEBUG|2018/03/16|19:40| 			"TYPE"	"1"
|   12255|DEBUG|2018/03/16|19:40| 			"V_DESC"	"Supprime le fichier sieetbci.zip dans D:\transferts\sienc sur le serveur Interpel. Tous les JO."
|   12255|DEBUG|2018/03/16|19:40| 			"V_JNAME"	"DELSIEETBCIZIP"
|   12255|DEBUG|2018/03/16|19:40| 			"XYWH"	"830 1670 30 30"
|   12255|DEBUG|2018/03/16|19:40| 			"F_LPOS"	"1"
|   12255|DEBUG|2018/03/16|19:40| 			"URL_DOC"	""
|   12255|DEBUG|2018/03/16|19:40| 			"F_TYPE"	"0"
|   12255|DEBUG|2018/03/16|19:40| 			"F_CTYPE"	""
|   12255|DEBUG|2018/03/16|19:40| 		}
|   12255|DEBUG|2018/03/16|19:40| 		ELEM {
|   12255|DEBUG|2018/03/16|19:40| 			NB_PROP	"10"
|   12255|DEBUG|2018/03/16|19:40| 			"v_groupexec"	""
|   12255|DEBUG|2018/03/16|19:40| 			"ID"	"JO0000000241"
|   12255|DEBUG|2018/03/16|19:40| 			"TYPE"	"1"
|   12255|DEBUG|2018/03/16|19:40| 			"V_DESC"	"Supprime le fichier svsiecrbci.zip dans D:\transferts\sienc sur le serveur Interpel. Tous les JO."
|   12255|DEBUG|2018/03/16|19:40| 			"V_JNAME"	"DELSIECRBCIZIP"
|   12255|DEBUG|2018/03/16|19:40| 			"XYWH"	"700 160 30 30"
|   12255|DEBUG|2018/03/16|19:40| 			"F_LPOS"	"1"
|   12255|DEBUG|2018/03/16|19:40| 			"URL_DOC"	""
|   12255|DEBUG|2018/03/16|19:40| 			"F_TYPE"	"0"
|   12255|DEBUG|2018/03/16|19:40| 			"F_CTYPE"	""
|   12255|DEBUG|2018/03/16|19:40| 		}
|   12255|DEBUG|2018/03/16|19:40| 		ELEM {
|   12255|DEBUG|2018/03/16|19:40| 			NB_PROP	"10"
|   12255|DEBUG|2018/03/16|19:40| 			"v_groupexec"	""
|   12255|DEBUG|2018/03/16|19:40| 			"ID"	"JO0000000242"
|   12255|DEBUG|2018/03/16|19:40| 			"TYPE"	"1"
|   12255|DEBUG|2018/03/16|19:40| 			"V_DESC"	"Supprime le fichier IRPBCI2.ZIP D:\transferts\GFM sur le serveur Interpel. Tous les JO."
|   12255|DEBUG|2018/03/16|19:40| 			"V_JNAME"	"DELREDIVZIP"
|   12255|DEBUG|2018/03/16|19:40| 			"XYWH"	"-50 -790 30 30"
|   12255|DEBUG|2018/03/16|19:40| 			"F_LPOS"	"0"
|   12255|DEBUG|2018/03/16|19:40| 			"URL_DOC"	""
|   12255|DEBUG|2018/03/16|19:40| 			"F_TYPE"	"0"
|   12255|DEBUG|2018/03/16|19:40| 			"F_CTYPE"	""
|   12255|DEBUG|2018/03/16|19:40| 		}
|   12255|DEBUG|2018/03/16|19:40| 		ELEM {
|   12255|DEBUG|2018/03/16|19:40| 			NB_PROP	"10"
|   12255|DEBUG|2018/03/16|19:40| 			"v_groupexec"	""
|   12255|DEBUG|2018/03/16|19:40| 			"ID"	"JO0000000243"
|   12255|DEBUG|2018/03/16|19:40| 			"TYPE"	"1"
|   12255|DEBUG|2018/03/16|19:40| 			"V_DESC"	"Supprime le fichier IRVBCI1.ZIP D:\transferts\GFM sur le serveur Interpel. Tous les JO."
|   12255|DEBUG|2018/03/16|19:40| 			"V_JNAME"	"DELRECMPZIP"
|   12255|DEBUG|2018/03/16|19:40| 			"XYWH"	"-200 -970 30 30"
|   12255|DEBUG|2018/03/16|19:40| 			"F_LPOS"	"0"
|   12255|DEBUG|2018/03/16|19:40| 			"URL_DOC"	""
|   12255|DEBUG|2018/03/16|19:40| 			"F_TYPE"	"0"
|   12255|DEBUG|2018/03/16|19:40| 			"F_CTYPE"	""
|   12255|DEBUG|2018/03/16|19:40| 		}
|   12255|DEBUG|2018/03/16|19:40| 		ELEM {
|   12255|DEBUG|2018/03/16|19:40| 			NB_PROP	"10"
|   12255|DEBUG|2018/03/16|19:40| 			"v_groupexec"	""
|   12255|DEBUG|2018/03/16|19:40| 			"ID"	"JO0000000244"
|   12255|DEBUG|2018/03/16|19:40| 			"TYPE"	"1"
|   12255|DEBUG|2018/03/16|19:40| 			"V_DESC"	"Supprime les fichiers PNF* sur le serveur SPLIT . Tous les JO."
|   12255|DEBUG|2018/03/16|19:40| 			"V_JNAME"	"DELPNF"
|   12255|DEBUG|2018/03/16|19:40| 			"XYWH"	"650 -1350 30 30"
|   12255|DEBUG|2018/03/16|19:40| 			"F_LPOS"	"1"
|   12255|DEBUG|2018/03/16|19:40| 			"URL_DOC"	""
|   12255|DEBUG|2018/03/16|19:40| 			"F_TYPE"	"0"
|   12255|DEBUG|2018/03/16|19:40| 			"F_CTYPE"	""
|   12255|DEBUG|2018/03/16|19:40| 		}
|   12255|DEBUG|2018/03/16|19:40| 		ELEM {
|   12255|DEBUG|2018/03/16|19:40| 			NB_PROP	"10"
|   12255|DEBUG|2018/03/16|19:40| 			"v_groupexec"	""
|   12255|DEBUG|2018/03/16|19:40| 			"ID"	"JO0000000245"
|   12255|DEBUG|2018/03/16|19:40| 			"TYPE"	"1"
|   12255|DEBUG|2018/03/16|19:40| 			"V_DESC"	"Supprime les fichiers *;PDF dans D:\transferts\sienc sur le serveur Interpel. Tous les JO."
|   12255|DEBUG|2018/03/16|19:40| 			"V_JNAME"	"DELPDF2"
|   12255|DEBUG|2018/03/16|19:40| 			"XYWH"	"950 1670 30 30"
|   12255|DEBUG|2018/03/16|19:40| 			"F_LPOS"	"1"
|   12255|DEBUG|2018/03/16|19:40| 			"URL_DOC"	""
|   12255|DEBUG|2018/03/16|19:40| 			"F_TYPE"	"0"
|   12255|DEBUG|2018/03/16|19:40| 			"F_CTYPE"	""
|   12255|DEBUG|2018/03/16|19:40| 		}
|   12255|DEBUG|2018/03/16|19:40| 		ELEM {
|   12255|DEBUG|2018/03/16|19:40| 			NB_PROP	"10"
|   12255|DEBUG|2018/03/16|19:40| 			"v_groupexec"	""
|   12255|DEBUG|2018/03/16|19:40| 			"ID"	"JO0000000246"
|   12255|DEBUG|2018/03/16|19:40| 			"TYPE"	"1"
|   12255|DEBUG|2018/03/16|19:40| 			"V_DESC"	"Supprime les fichiers *.PDF dans D:\transferts\sienc sur le serveur Interpel. Tous les JO."
|   12255|DEBUG|2018/03/16|19:40| 			"V_JNAME"	"DELPDF1"
|   12255|DEBUG|2018/03/16|19:40| 			"XYWH"	"830 1370 30 30"
|   12255|DEBUG|2018/03/16|19:40| 			"F_LPOS"	"1"
|   12255|DEBUG|2018/03/16|19:40| 			"URL_DOC"	""
|   12255|DEBUG|2018/03/16|19:40| 			"F_TYPE"	"0"
|   12255|DEBUG|2018/03/16|19:40| 			"F_CTYPE"	""
|   12255|DEBUG|2018/03/16|19:40| 		}
|   12255|DEBUG|2018/03/16|19:40| 		ELEM {
|   12255|DEBUG|2018/03/16|19:40| 			NB_PROP	"10"
|   12255|DEBUG|2018/03/16|19:40| 			"v_groupexec"	""
|   12255|DEBUG|2018/03/16|19:40| 			"ID"	"JO0000000247"
|   12256|DEBUG|2018/03/16|19:40| 			"TYPE"	"1"
|   12256|DEBUG|2018/03/16|19:40| 			"V_DESC"	"Supprime le fichier IPPBCI2.ZIP D:\transferts\GFM sur le serveur Interpel. Tous les JO."
|   12256|DEBUG|2018/03/16|19:40| 			"V_JNAME"	"DELPADIVZIP"
|   12256|DEBUG|2018/03/16|19:40| 			"XYWH"	"-280 -850 30 30"
|   12256|DEBUG|2018/03/16|19:40| 			"F_LPOS"	"7"
|   12256|DEBUG|2018/03/16|19:40| 			"URL_DOC"	""
|   12256|DEBUG|2018/03/16|19:40| 			"F_TYPE"	"0"
|   12256|DEBUG|2018/03/16|19:40| 			"F_CTYPE"	""
|   12256|DEBUG|2018/03/16|19:40| 		}
|   12256|DEBUG|2018/03/16|19:40| 		ELEM {
|   12256|DEBUG|2018/03/16|19:40| 			NB_PROP	"10"
|   12256|DEBUG|2018/03/16|19:40| 			"v_groupexec"	""
|   12256|DEBUG|2018/03/16|19:40| 			"ID"	"JO0000000248"
|   12256|DEBUG|2018/03/16|19:40| 			"TYPE"	"1"
|   12256|DEBUG|2018/03/16|19:40| 			"V_DESC"	"Supprime le fichier IPVBCI2.ZIP D:\transferts\GFM sur le serveur Interpel. Tous les JO."
|   12256|DEBUG|2018/03/16|19:40| 			"V_JNAME"	"DELPACOMZIP"
|   12256|DEBUG|2018/03/16|19:40| 			"XYWH"	"30 -850 30 30"
|   12256|DEBUG|2018/03/16|19:40| 			"F_LPOS"	"1"
|   12256|DEBUG|2018/03/16|19:40| 			"URL_DOC"	""
|   12256|DEBUG|2018/03/16|19:40| 			"F_TYPE"	"0"
|   12256|DEBUG|2018/03/16|19:40| 			"F_CTYPE"	""
|   12256|DEBUG|2018/03/16|19:40| 		}
|   12256|DEBUG|2018/03/16|19:40| 		ELEM {
|   12256|DEBUG|2018/03/16|19:40| 			NB_PROP	"10"
|   12256|DEBUG|2018/03/16|19:40| 			"v_groupexec"	""
|   12256|DEBUG|2018/03/16|19:40| 			"ID"	"JO0000000249"
|   12256|DEBUG|2018/03/16|19:40| 			"TYPE"	"1"
|   12256|DEBUG|2018/03/16|19:40| 			"V_DESC"	"Supprime le fichier IPVBCI1.ZIP D:\transferts\GFM sur le serveur Interpel. Tous les JO."
|   12256|DEBUG|2018/03/16|19:40| 			"V_JNAME"	"DELPACMPZIP"
|   12256|DEBUG|2018/03/16|19:40| 			"XYWH"	"30 -1040 30 30"
|   12256|DEBUG|2018/03/16|19:40| 			"F_LPOS"	"1"
|   12256|DEBUG|2018/03/16|19:40| 			"URL_DOC"	""
|   12256|DEBUG|2018/03/16|19:40| 			"F_TYPE"	"0"
|   12256|DEBUG|2018/03/16|19:40| 			"F_CTYPE"	""
|   12256|DEBUG|2018/03/16|19:40| 		}
|   12256|DEBUG|2018/03/16|19:40| 		ELEM {
|   12256|DEBUG|2018/03/16|19:40| 			NB_PROP	"10"
|   12256|DEBUG|2018/03/16|19:40| 			"v_groupexec"	""
|   12256|DEBUG|2018/03/16|19:40| 			"ID"	"JO0000000250"
|   12256|DEBUG|2018/03/16|19:40| 			"TYPE"	"1"
|   12256|DEBUG|2018/03/16|19:40| 			"V_DESC"	"Supprime le fichier BDNNEAUTJ.ZIP dans D:\transferts\CSB sur le serveur Interpel. Tous les JO."
|   12256|DEBUG|2018/03/16|19:40| 			"V_JNAME"	"DELNNEAUTJ"
|   12256|DEBUG|2018/03/16|19:40| 			"XYWH"	"910 -2580 30 30"
|   12256|DEBUG|2018/03/16|19:40| 			"F_LPOS"	"1"
|   12256|DEBUG|2018/03/16|19:40| 			"URL_DOC"	""
|   12256|DEBUG|2018/03/16|19:40| 			"F_TYPE"	"0"
|   12256|DEBUG|2018/03/16|19:40| 			"F_CTYPE"	""
|   12256|DEBUG|2018/03/16|19:40| 		}
|   12256|DEBUG|2018/03/16|19:40| 		ELEM {
|   12256|DEBUG|2018/03/16|19:40| 			NB_PROP	"10"
|   12256|DEBUG|2018/03/16|19:40| 			"v_groupexec"	""
|   12256|DEBUG|2018/03/16|19:40| 			"ID"	"JO0000000251"
|   12256|DEBUG|2018/03/16|19:40| 			"TYPE"	"1"
|   12256|DEBUG|2018/03/16|19:40| 			"V_DESC"	"Suppression des fichiers monétiques de la veille. Tous les JO."
|   12256|DEBUG|2018/03/16|19:40| 			"V_JNAME"	"DELGFM"
|   12256|DEBUG|2018/03/16|19:40| 			"XYWH"	"-280 -1040 30 30"
|   12256|DEBUG|2018/03/16|19:40| 			"F_LPOS"	"7"
|   12256|DEBUG|2018/03/16|19:40| 			"URL_DOC"	""
|   12256|DEBUG|2018/03/16|19:40| 			"F_TYPE"	"0"
|   12256|DEBUG|2018/03/16|19:40| 			"F_CTYPE"	""
|   12256|DEBUG|2018/03/16|19:40| 		}
|   12256|DEBUG|2018/03/16|19:40| 		ELEM {
|   12256|DEBUG|2018/03/16|19:40| 			NB_PROP	"10"
|   12256|DEBUG|2018/03/16|19:40| 			"v_groupexec"	""
|   12256|DEBUG|2018/03/16|19:40| 			"ID"	"JO0000000252"
|   12256|DEBUG|2018/03/16|19:40| 			"TYPE"	"1"
|   12256|DEBUG|2018/03/16|19:40| 			"V_DESC"	"Supprime le fichier Fic_Appro_*.* dans D:\transferts\CSB\ATraiter sur le serveur Interpel. Tous les JO."
|   12256|DEBUG|2018/03/16|19:40| 			"V_JNAME"	"DELFIC_APPRO"
|   12256|DEBUG|2018/03/16|19:40| 			"XYWH"	"650 -2490 30 30"
|   12256|DEBUG|2018/03/16|19:40| 			"F_LPOS"	"1"
|   12256|DEBUG|2018/03/16|19:40| 			"URL_DOC"	""
|   12256|DEBUG|2018/03/16|19:40| 			"F_TYPE"	"0"
|   12256|DEBUG|2018/03/16|19:40| 			"F_CTYPE"	""
|   12256|DEBUG|2018/03/16|19:40| 		}
|   12256|DEBUG|2018/03/16|19:40| 		ELEM {
|   12256|DEBUG|2018/03/16|19:40| 			NB_PROP	"10"
|   12256|DEBUG|2018/03/16|19:40| 			"v_groupexec"	""
|   12256|DEBUG|2018/03/16|19:40| 			"ID"	"JO0000000253"
|   12256|DEBUG|2018/03/16|19:40| 			"TYPE"	"1"
|   12256|DEBUG|2018/03/16|19:40| 			"V_DESC"	"Supprime le fichier BCITBRET.ZIP D:\transferts\Monétique sur le serveur Interpel. Tous les JO."
|   12256|DEBUG|2018/03/16|19:40| 			"V_JNAME"	"DELBCITBRETPZIP"
|   12256|DEBUG|2018/03/16|19:40| 			"XYWH"	"50 -2750 30 30"
|   12256|DEBUG|2018/03/16|19:40| 			"F_LPOS"	"1"
|   12256|DEBUG|2018/03/16|19:40| 			"URL_DOC"	""
|   12256|DEBUG|2018/03/16|19:40| 			"F_TYPE"	"0"
|   12256|DEBUG|2018/03/16|19:40| 			"F_CTYPE"	""
|   12256|DEBUG|2018/03/16|19:40| 		}
|   12256|DEBUG|2018/03/16|19:40| 		ELEM {
|   12256|DEBUG|2018/03/16|19:40| 			NB_PROP	"10"
|   12256|DEBUG|2018/03/16|19:40| 			"v_groupexec"	""
|   12256|DEBUG|2018/03/16|19:40| 			"ID"	"JO0000000254"
|   12256|DEBUG|2018/03/16|19:40| 			"TYPE"	"1"
|   12256|DEBUG|2018/03/16|19:40| 			"V_DESC"	"Supprime le fichier BCISPCOM.ZIP D:\transferts\CSB\Arrivee sur le serveur Interpel. Tous les JO."
|   12256|DEBUG|2018/03/16|19:40| 			"V_JNAME"	"DELBCISPCOM"
|   12256|DEBUG|2018/03/16|19:40| 			"XYWH"	"330 -1650 30 30"
|   12256|DEBUG|2018/03/16|19:40| 			"F_LPOS"	"1"
|   12256|DEBUG|2018/03/16|19:40| 			"URL_DOC"	""
|   12256|DEBUG|2018/03/16|19:40| 			"F_TYPE"	"0"
|   12256|DEBUG|2018/03/16|19:40| 			"F_CTYPE"	""
|   12256|DEBUG|2018/03/16|19:40| 		}
|   12256|DEBUG|2018/03/16|19:40| 		ELEM {
|   12256|DEBUG|2018/03/16|19:40| 			NB_PROP	"10"
|   12256|DEBUG|2018/03/16|19:40| 			"v_groupexec"	""
|   12256|DEBUG|2018/03/16|19:40| 			"ID"	"JO0000000255"
|   12256|DEBUG|2018/03/16|19:40| 			"TYPE"	"1"
|   12256|DEBUG|2018/03/16|19:40| 			"V_DESC"	"Supprime le fichier BCIREMVT.ZIP D:\transferts\Monétique sur le serveur Interpel. Tous les JO."
|   12256|DEBUG|2018/03/16|19:40| 			"V_JNAME"	"DELBCIREMVTZIP"
|   12256|DEBUG|2018/03/16|19:40| 			"XYWH"	"-360 -480 30 30"
|   12256|DEBUG|2018/03/16|19:40| 			"F_LPOS"	"7"
|   12256|DEBUG|2018/03/16|19:40| 			"URL_DOC"	""
|   12256|DEBUG|2018/03/16|19:40| 			"F_TYPE"	"0"
|   12256|DEBUG|2018/03/16|19:40| 			"F_CTYPE"	""
|   12256|DEBUG|2018/03/16|19:40| 		}
|   12256|DEBUG|2018/03/16|19:40| 		ELEM {
|   12256|DEBUG|2018/03/16|19:40| 			NB_PROP	"10"
|   12256|DEBUG|2018/03/16|19:40| 			"v_groupexec"	""
|   12256|DEBUG|2018/03/16|19:40| 			"ID"	"JO0000000256"
|   12256|DEBUG|2018/03/16|19:40| 			"TYPE"	"1"
|   12256|DEBUG|2018/03/16|19:40| 			"V_DESC"	"Supprime le fichier BCIREJNG.ZIP D:\transferts\Monétique sur le serveur Interpel. Tous les JO."
|   12256|DEBUG|2018/03/16|19:40| 			"V_JNAME"	"DELBCIREJNGZIP"
|   12256|DEBUG|2018/03/16|19:40| 			"XYWH"	"-280 -480 30 30"
|   12256|DEBUG|2018/03/16|19:40| 			"F_LPOS"	"1"
|   12256|DEBUG|2018/03/16|19:40| 			"URL_DOC"	""
|   12256|DEBUG|2018/03/16|19:40| 			"F_TYPE"	"0"
|   12256|DEBUG|2018/03/16|19:40| 			"F_CTYPE"	""
|   12256|DEBUG|2018/03/16|19:40| 		}
|   12256|DEBUG|2018/03/16|19:40| 		ELEM {
|   12256|DEBUG|2018/03/16|19:40| 			NB_PROP	"10"
|   12256|DEBUG|2018/03/16|19:40| 			"v_groupexec"	""
|   12256|DEBUG|2018/03/16|19:40| 			"ID"	"JO0000000257"
|   12256|DEBUG|2018/03/16|19:40| 			"TYPE"	"1"
|   12256|DEBUG|2018/03/16|19:40| 			"V_DESC"	"Supprime le fichier BCIJAREN.ZIP D:\transferts\GFM sur le serveur Interpel. Tous les JO."
|   12256|DEBUG|2018/03/16|19:40| 			"V_JNAME"	"DELBCIJARENZIP"
|   12256|DEBUG|2018/03/16|19:40| 			"XYWH"	"1040 3250 30 30"
|   12256|DEBUG|2018/03/16|19:40| 			"F_LPOS"	"0"
|   12256|DEBUG|2018/03/16|19:40| 			"URL_DOC"	""
|   12256|DEBUG|2018/03/16|19:40| 			"F_TYPE"	"0"
|   12256|DEBUG|2018/03/16|19:40| 			"F_CTYPE"	""
|   12257|DEBUG|2018/03/16|19:40| 		}
|   12257|DEBUG|2018/03/16|19:40| 		ELEM {
|   12257|DEBUG|2018/03/16|19:40| 			NB_PROP	"10"
|   12257|DEBUG|2018/03/16|19:40| 			"v_groupexec"	""
|   12257|DEBUG|2018/03/16|19:40| 			"ID"	"JO0000000258"
|   12257|DEBUG|2018/03/16|19:40| 			"TYPE"	"1"
|   12257|DEBUG|2018/03/16|19:40| 			"V_DESC"	"Supprime le fichier BCIFTCXJ.ZIP D:\transferts\CSB sur le serveur Interpel. Tous les JO."
|   12257|DEBUG|2018/03/16|19:40| 			"V_JNAME"	"DELBCIFTCXJZIP"
|   12257|DEBUG|2018/03/16|19:40| 			"XYWH"	"340 -1040 30 30"
|   12257|DEBUG|2018/03/16|19:40| 			"F_LPOS"	"0"
|   12257|DEBUG|2018/03/16|19:40| 			"URL_DOC"	""
|   12257|DEBUG|2018/03/16|19:40| 			"F_TYPE"	"0"
|   12257|DEBUG|2018/03/16|19:40| 			"F_CTYPE"	""
|   12257|DEBUG|2018/03/16|19:40| 		}
|   12257|DEBUG|2018/03/16|19:40| 		ELEM {
|   12257|DEBUG|2018/03/16|19:40| 			NB_PROP	"10"
|   12257|DEBUG|2018/03/16|19:40| 			"v_groupexec"	""
|   12257|DEBUG|2018/03/16|19:40| 			"ID"	"JO0000000259"
|   12257|DEBUG|2018/03/16|19:40| 			"TYPE"	"1"
|   12257|DEBUG|2018/03/16|19:40| 			"V_DESC"	"Supprime le fichier BCIFTCEJ.ZIP D:\transferts\CSB sur le serveur Interpel. Tous les JO."
|   12257|DEBUG|2018/03/16|19:40| 			"V_JNAME"	"DELBCIFTCEJZIP"
|   12257|DEBUG|2018/03/16|19:40| 			"XYWH"	"430 -910 30 30"
|   12257|DEBUG|2018/03/16|19:40| 			"F_LPOS"	"0"
|   12257|DEBUG|2018/03/16|19:40| 			"URL_DOC"	""
|   12257|DEBUG|2018/03/16|19:40| 			"F_TYPE"	"0"
|   12257|DEBUG|2018/03/16|19:40| 			"F_CTYPE"	""
|   12257|DEBUG|2018/03/16|19:40| 		}
|   12257|DEBUG|2018/03/16|19:40| 		ELEM {
|   12257|DEBUG|2018/03/16|19:40| 			NB_PROP	"10"
|   12257|DEBUG|2018/03/16|19:40| 			"v_groupexec"	""
|   12257|DEBUG|2018/03/16|19:40| 			"ID"	"JO0000000260"
|   12257|DEBUG|2018/03/16|19:40| 			"TYPE"	"1"
|   12257|DEBUG|2018/03/16|19:40| 			"V_DESC"	"Supprime le fichier BCIFCCXJ.ZIP D:\transferts\CSB sur le serveur Interpel. Tous les JO."
|   12257|DEBUG|2018/03/16|19:40| 			"V_JNAME"	"DELBCIFCCXJZIP"
|   12257|DEBUG|2018/03/16|19:40| 			"XYWH"	"700 -1040 30 30"
|   12257|DEBUG|2018/03/16|19:40| 			"F_LPOS"	"0"
|   12257|DEBUG|2018/03/16|19:40| 			"URL_DOC"	""
|   12257|DEBUG|2018/03/16|19:40| 			"F_TYPE"	"0"
|   12257|DEBUG|2018/03/16|19:40| 			"F_CTYPE"	""
|   12257|DEBUG|2018/03/16|19:40| 		}
|   12257|DEBUG|2018/03/16|19:40| 		ELEM {
|   12257|DEBUG|2018/03/16|19:40| 			NB_PROP	"10"
|   12257|DEBUG|2018/03/16|19:40| 			"v_groupexec"	""
|   12257|DEBUG|2018/03/16|19:40| 			"ID"	"JO0000000261"
|   12257|DEBUG|2018/03/16|19:40| 			"TYPE"	"1"
|   12257|DEBUG|2018/03/16|19:40| 			"V_DESC"	"Supprime le fichier BCIFCCEJ.ZIP D:\transferts\CSB sur le serveur Interpel. Tous les JO."
|   12257|DEBUG|2018/03/16|19:40| 			"V_JNAME"	"DELBCIFCCEJZIP"
|   12257|DEBUG|2018/03/16|19:40| 			"XYWH"	"700 -910 30 30"
|   12257|DEBUG|2018/03/16|19:40| 			"F_LPOS"	"0"
|   12257|DEBUG|2018/03/16|19:40| 			"URL_DOC"	""
|   12257|DEBUG|2018/03/16|19:40| 			"F_TYPE"	"0"
|   12257|DEBUG|2018/03/16|19:40| 			"F_CTYPE"	""
|   12257|DEBUG|2018/03/16|19:40| 		}
|   12257|DEBUG|2018/03/16|19:40| 		ELEM {
|   12257|DEBUG|2018/03/16|19:40| 			NB_PROP	"10"
|   12257|DEBUG|2018/03/16|19:40| 			"v_groupexec"	""
|   12257|DEBUG|2018/03/16|19:40| 			"ID"	"JO0000000262"
|   12257|DEBUG|2018/03/16|19:40| 			"TYPE"	"1"
|   12257|DEBUG|2018/03/16|19:40| 			"V_DESC"	"Supprime le fichier BDBCICEPC.ZIP  D:\transferts\CSB sur le serveur Interpel. Tous les JO."
|   12257|DEBUG|2018/03/16|19:40| 			"V_JNAME"	"DELBCICEPCZIP"
|   12257|DEBUG|2018/03/16|19:40| 			"XYWH"	"860 -180 30 30"
|   12257|DEBUG|2018/03/16|19:40| 			"F_LPOS"	"0"
|   12257|DEBUG|2018/03/16|19:40| 			"URL_DOC"	""
|   12257|DEBUG|2018/03/16|19:40| 			"F_TYPE"	"0"
|   12257|DEBUG|2018/03/16|19:40| 			"F_CTYPE"	""
|   12257|DEBUG|2018/03/16|19:40| 		}
|   12257|DEBUG|2018/03/16|19:40| 		ELEM {
|   12257|DEBUG|2018/03/16|19:40| 			NB_PROP	"10"
|   12257|DEBUG|2018/03/16|19:40| 			"v_groupexec"	""
|   12257|DEBUG|2018/03/16|19:40| 			"ID"	"JO0000000263"
|   12257|DEBUG|2018/03/16|19:40| 			"TYPE"	"1"
|   12257|DEBUG|2018/03/16|19:40| 			"V_DESC"	"Supprime le fichier bcialsie.zip dans D:\transferts\sienc sur le serveur Interpel. Tous les JO."
|   12257|DEBUG|2018/03/16|19:40| 			"V_JNAME"	"DELBCIALSIEZIP"
|   12257|DEBUG|2018/03/16|19:40| 			"XYWH"	"450 -180 30 30"
|   12257|DEBUG|2018/03/16|19:40| 			"F_LPOS"	"4"
|   12257|DEBUG|2018/03/16|19:40| 			"URL_DOC"	""
|   12257|DEBUG|2018/03/16|19:40| 			"F_TYPE"	"0"
|   12257|DEBUG|2018/03/16|19:40| 			"F_CTYPE"	""
|   12257|DEBUG|2018/03/16|19:40| 		}
|   12257|DEBUG|2018/03/16|19:40| 		ELEM {
|   12257|DEBUG|2018/03/16|19:40| 			NB_PROP	"10"
|   12257|DEBUG|2018/03/16|19:40| 			"v_groupexec"	""
|   12257|DEBUG|2018/03/16|19:40| 			"ID"	"JO0000000264"
|   12257|DEBUG|2018/03/16|19:40| 			"TYPE"	"1"
|   12257|DEBUG|2018/03/16|19:40| 			"V_DESC"	"DeCryptage de SIETPBCI.ZIP. Tous les JO."
|   12257|DEBUG|2018/03/16|19:40| 			"V_JNAME"	"DECRYPTE_SIETPBCI"
|   12257|DEBUG|2018/03/16|19:40| 			"XYWH"	"710 1120 30 30"
|   12257|DEBUG|2018/03/16|19:40| 			"F_LPOS"	"1"
|   12257|DEBUG|2018/03/16|19:40| 			"URL_DOC"	""
|   12257|DEBUG|2018/03/16|19:40| 			"F_TYPE"	"0"
|   12257|DEBUG|2018/03/16|19:40| 			"F_CTYPE"	""
|   12257|DEBUG|2018/03/16|19:40| 		}
|   12257|DEBUG|2018/03/16|19:40| 		ELEM {
|   12257|DEBUG|2018/03/16|19:40| 			NB_PROP	"10"
|   12257|DEBUG|2018/03/16|19:40| 			"v_groupexec"	""
|   12257|DEBUG|2018/03/16|19:40| 			"ID"	"JO0000000265"
|   12257|DEBUG|2018/03/16|19:40| 			"TYPE"	"1"
|   12257|DEBUG|2018/03/16|19:40| 			"V_DESC"	"DeCryptage de SIEREBCI.ZIP. Tous les JO."
|   12257|DEBUG|2018/03/16|19:40| 			"V_JNAME"	"DECRYPTE_SIEREBCI"
|   12257|DEBUG|2018/03/16|19:40| 			"XYWH"	"240 1120 30 30"
|   12257|DEBUG|2018/03/16|19:40| 			"F_LPOS"	"7"
|   12257|DEBUG|2018/03/16|19:40| 			"URL_DOC"	""
|   12257|DEBUG|2018/03/16|19:40| 			"F_TYPE"	"0"
|   12257|DEBUG|2018/03/16|19:40| 			"F_CTYPE"	""
|   12257|DEBUG|2018/03/16|19:40| 		}
|   12257|DEBUG|2018/03/16|19:40| 		ELEM {
|   12257|DEBUG|2018/03/16|19:40| 			NB_PROP	"10"
|   12257|DEBUG|2018/03/16|19:40| 			"v_groupexec"	""
|   12257|DEBUG|2018/03/16|19:40| 			"ID"	"JO0000000266"
|   12257|DEBUG|2018/03/16|19:40| 			"TYPE"	"1"
|   12257|DEBUG|2018/03/16|19:40| 			"V_DESC"	"DeCryptage de SIEETBCI.ZIP. Tous les JO."
|   12257|DEBUG|2018/03/16|19:40| 			"V_JNAME"	"DECRYPTE_SIEETBCI"
|   12257|DEBUG|2018/03/16|19:40| 			"XYWH"	"710 1490 30 30"
|   12257|DEBUG|2018/03/16|19:40| 			"F_LPOS"	"1"
|   12257|DEBUG|2018/03/16|19:40| 			"URL_DOC"	""
|   12257|DEBUG|2018/03/16|19:40| 			"F_TYPE"	"0"
|   12257|DEBUG|2018/03/16|19:40| 			"F_CTYPE"	""
|   12257|DEBUG|2018/03/16|19:40| 		}
|   12257|DEBUG|2018/03/16|19:40| 		ELEM {
|   12257|DEBUG|2018/03/16|19:40| 			NB_PROP	"10"
|   12257|DEBUG|2018/03/16|19:40| 			"v_groupexec"	""
|   12257|DEBUG|2018/03/16|19:40| 			"ID"	"JO0000000267"
|   12257|DEBUG|2018/03/16|19:40| 			"TYPE"	"1"
|   12257|DEBUG|2018/03/16|19:40| 			"V_DESC"	"DeCryptage de SIECRBCI.ZIP. Tous les JO."
|   12257|DEBUG|2018/03/16|19:40| 			"V_JNAME"	"DECRYPTE_SIECRBCI"
|   12257|DEBUG|2018/03/16|19:40| 			"XYWH"	"450 -20 30 30"
|   12257|DEBUG|2018/03/16|19:40| 			"F_LPOS"	"1"
|   12257|DEBUG|2018/03/16|19:40| 			"URL_DOC"	""
|   12257|DEBUG|2018/03/16|19:40| 			"F_TYPE"	"0"
|   12257|DEBUG|2018/03/16|19:40| 			"F_CTYPE"	""
|   12257|DEBUG|2018/03/16|19:40| 		}
|   12257|DEBUG|2018/03/16|19:40| 		ELEM {
|   12257|DEBUG|2018/03/16|19:40| 			NB_PROP	"10"
|   12257|DEBUG|2018/03/16|19:40| 			"v_groupexec"	""
|   12257|DEBUG|2018/03/16|19:40| 			"ID"	"JO0000000268"
|   12257|DEBUG|2018/03/16|19:40| 			"TYPE"	"1"
|   12257|DEBUG|2018/03/16|19:40| 			"V_DESC"	"Cryptage de BCIALSIE.TXT dans BCIALSIE.ZIP. Tous les JO."
|   12257|DEBUG|2018/03/16|19:40| 			"V_JNAME"	"CRYPTE_BCIALSIE"
|   12257|DEBUG|2018/03/16|19:40| 			"XYWH"	"530 -240 30 30"
|   12257|DEBUG|2018/03/16|19:40| 			"F_LPOS"	"1"
|   12257|DEBUG|2018/03/16|19:40| 			"URL_DOC"	""
|   12257|DEBUG|2018/03/16|19:40| 			"F_TYPE"	"0"
|   12257|DEBUG|2018/03/16|19:40| 			"F_CTYPE"	""
|   12257|DEBUG|2018/03/16|19:40| 		}
|   12257|DEBUG|2018/03/16|19:40| 		ELEM {
|   12257|DEBUG|2018/03/16|19:40| 			NB_PROP	"10"
|   12258|DEBUG|2018/03/16|19:40| 			"v_groupexec"	""
|   12258|DEBUG|2018/03/16|19:40| 			"ID"	"JO0000000269"
|   12258|DEBUG|2018/03/16|19:40| 			"TYPE"	"1"
|   12258|DEBUG|2018/03/16|19:40| 			"V_DESC"	"Création de la Ressource SIENCNOALL. Tous les JO."
|   12258|DEBUG|2018/03/16|19:40| 			"V_JNAME"	"CRTRESSOUR"
|   12258|DEBUG|2018/03/16|19:40| 			"XYWH"	"280 -440 30 30"
|   12258|DEBUG|2018/03/16|19:40| 			"F_LPOS"	"1"
|   12258|DEBUG|2018/03/16|19:40| 			"URL_DOC"	""
|   12258|DEBUG|2018/03/16|19:40| 			"F_TYPE"	"3"
|   12258|DEBUG|2018/03/16|19:40| 			"F_CTYPE"	""
|   12258|DEBUG|2018/03/16|19:40| 		}
|   12258|DEBUG|2018/03/16|19:40| 		ELEM {
|   12258|DEBUG|2018/03/16|19:40| 			NB_PROP	"10"
|   12258|DEBUG|2018/03/16|19:40| 			"v_groupexec"	""
|   12258|DEBUG|2018/03/16|19:40| 			"ID"	"JO0000000270"
|   12258|DEBUG|2018/03/16|19:40| 			"TYPE"	"1"
|   12258|DEBUG|2018/03/16|19:40| 			"V_DESC"	"Transfert fichier Fic_Appro_Ext.txt sur le serveur SAFEMON. Tous les JO."
|   12258|DEBUG|2018/03/16|19:40| 			"V_JNAME"	"CPY_APPRO_EXT"
|   12258|DEBUG|2018/03/16|19:40| 			"XYWH"	"540 -2640 30 30"
|   12258|DEBUG|2018/03/16|19:40| 			"F_LPOS"	"1"
|   12258|DEBUG|2018/03/16|19:40| 			"URL_DOC"	""
|   12258|DEBUG|2018/03/16|19:40| 			"F_TYPE"	"0"
|   12258|DEBUG|2018/03/16|19:40| 			"F_CTYPE"	""
|   12258|DEBUG|2018/03/16|19:40| 		}
|   12258|DEBUG|2018/03/16|19:40| 		ELEM {
|   12258|DEBUG|2018/03/16|19:40| 			NB_PROP	"10"
|   12258|DEBUG|2018/03/16|19:40| 			"v_groupexec"	""
|   12258|DEBUG|2018/03/16|19:40| 			"ID"	"JO0000000271"
|   12258|DEBUG|2018/03/16|19:40| 			"TYPE"	"1"
|   12258|DEBUG|2018/03/16|19:40| 			"V_DESC"	"Controle cohérence des données dans GLOBJAD.BCI. Tous les JO."
|   12258|DEBUG|2018/03/16|19:40| 			"V_JNAME"	"CONTROLE2"
|   12258|DEBUG|2018/03/16|19:40| 			"XYWH"	"30 -730 30 30"
|   12258|DEBUG|2018/03/16|19:40| 			"F_LPOS"	"1"
|   12258|DEBUG|2018/03/16|19:40| 			"URL_DOC"	""
|   12258|DEBUG|2018/03/16|19:40| 			"F_TYPE"	"0"
|   12258|DEBUG|2018/03/16|19:40| 			"F_CTYPE"	""
|   12258|DEBUG|2018/03/16|19:40| 		}
|   12258|DEBUG|2018/03/16|19:40| 		ELEM {
|   12258|DEBUG|2018/03/16|19:40| 			NB_PROP	"10"
|   12258|DEBUG|2018/03/16|19:40| 			"v_groupexec"	""
|   12258|DEBUG|2018/03/16|19:40| 			"ID"	"JO0000000272"
|   12258|DEBUG|2018/03/16|19:40| 			"TYPE"	"1"
|   12258|DEBUG|2018/03/16|19:40| 			"V_DESC"	"Controle cohérence des données dans COMPENS.BCI. Tous les JO."
|   12258|DEBUG|2018/03/16|19:40| 			"V_JNAME"	"CONTROLE1"
|   12258|DEBUG|2018/03/16|19:40| 			"XYWH"	"-280 -910 30 30"
|   12258|DEBUG|2018/03/16|19:40| 			"F_LPOS"	"7"
|   12258|DEBUG|2018/03/16|19:40| 			"URL_DOC"	""
|   12258|DEBUG|2018/03/16|19:40| 			"F_TYPE"	"0"
|   12258|DEBUG|2018/03/16|19:40| 			"F_CTYPE"	""
|   12258|DEBUG|2018/03/16|19:40| 		}
|   12258|DEBUG|2018/03/16|19:40| 		ELEM {
|   12258|DEBUG|2018/03/16|19:40| 			NB_PROP	"10"
|   12258|DEBUG|2018/03/16|19:40| 			"v_groupexec"	""
|   12258|DEBUG|2018/03/16|19:40| 			"ID"	"JO0000000273"
|   12258|DEBUG|2018/03/16|19:40| 			"TYPE"	"1"
|   12258|DEBUG|2018/03/16|19:40| 			"V_DESC"	"Concaténation fichier PNF3 sur SPLIT. Tous les JO."
|   12258|DEBUG|2018/03/16|19:40| 			"V_JNAME"	"CONCATPNF3"
|   12258|DEBUG|2018/03/16|19:40| 			"XYWH"	"820 -1770 30 30"
|   12258|DEBUG|2018/03/16|19:40| 			"F_LPOS"	"1"
|   12258|DEBUG|2018/03/16|19:40| 			"URL_DOC"	""
|   12258|DEBUG|2018/03/16|19:40| 			"F_TYPE"	"0"
|   12258|DEBUG|2018/03/16|19:40| 			"F_CTYPE"	""
|   12258|DEBUG|2018/03/16|19:40| 		}
|   12258|DEBUG|2018/03/16|19:40| 		ELEM {
|   12258|DEBUG|2018/03/16|19:40| 			NB_PROP	"10"
|   12258|DEBUG|2018/03/16|19:40| 			"v_groupexec"	""
|   12258|DEBUG|2018/03/16|19:40| 			"ID"	"JO0000000274"
|   12258|DEBUG|2018/03/16|19:40| 			"TYPE"	"1"
|   12258|DEBUG|2018/03/16|19:40| 			"V_DESC"	"Concaténation fichier PNF2 sur SPLIT. Tous les JO."
|   12258|DEBUG|2018/03/16|19:40| 			"V_JNAME"	"CONCATPNF2"
|   12258|DEBUG|2018/03/16|19:40| 			"XYWH"	"650 -1770 30 30"
|   12258|DEBUG|2018/03/16|19:40| 			"F_LPOS"	"1"
|   12258|DEBUG|2018/03/16|19:40| 			"URL_DOC"	""
|   12258|DEBUG|2018/03/16|19:40| 			"F_TYPE"	"0"
|   12258|DEBUG|2018/03/16|19:40| 			"F_CTYPE"	""
|   12258|DEBUG|2018/03/16|19:40| 		}
|   12258|DEBUG|2018/03/16|19:40| 		ELEM {
|   12258|DEBUG|2018/03/16|19:40| 			NB_PROP	"10"
|   12258|DEBUG|2018/03/16|19:40| 			"v_groupexec"	""
|   12258|DEBUG|2018/03/16|19:40| 			"ID"	"JO0000000275"
|   12258|DEBUG|2018/03/16|19:40| 			"TYPE"	"1"
|   12258|DEBUG|2018/03/16|19:40| 			"V_DESC"	"Concaténation fichier PNF1 sur SPLIT. Tous les JO."
|   12258|DEBUG|2018/03/16|19:40| 			"V_JNAME"	"CONCATPNF1"
|   12258|DEBUG|2018/03/16|19:40| 			"XYWH"	"500 -1770 30 30"
|   12258|DEBUG|2018/03/16|19:40| 			"F_LPOS"	"1"
|   12258|DEBUG|2018/03/16|19:40| 			"URL_DOC"	""
|   12258|DEBUG|2018/03/16|19:40| 			"F_TYPE"	"0"
|   12258|DEBUG|2018/03/16|19:40| 			"F_CTYPE"	""
|   12258|DEBUG|2018/03/16|19:40| 		}
|   12258|DEBUG|2018/03/16|19:40| 		ELEM {
|   12258|DEBUG|2018/03/16|19:40| 			NB_PROP	"10"
|   12258|DEBUG|2018/03/16|19:40| 			"v_groupexec"	""
|   12258|DEBUG|2018/03/16|19:40| 			"ID"	"JO0000000276"
|   12258|DEBUG|2018/03/16|19:40| 			"TYPE"	"1"
|   12258|DEBUG|2018/03/16|19:40| 			"V_DESC"	"Concaténation de COMPENS.BCI et GLOBJAD.BCI dans CALCULS.BCI. Tous les JO."
|   12258|DEBUG|2018/03/16|19:40| 			"V_JNAME"	"CONCAT3"
|   12258|DEBUG|2018/03/16|19:40| 			"XYWH"	"-200 -730 30 30"
|   12258|DEBUG|2018/03/16|19:40| 			"F_LPOS"	"0"
|   12258|DEBUG|2018/03/16|19:40| 			"URL_DOC"	""
|   12258|DEBUG|2018/03/16|19:40| 			"F_TYPE"	"0"
|   12258|DEBUG|2018/03/16|19:40| 			"F_CTYPE"	""
|   12258|DEBUG|2018/03/16|19:40| 		}
|   12258|DEBUG|2018/03/16|19:40| 		ELEM {
|   12258|DEBUG|2018/03/16|19:40| 			NB_PROP	"10"
|   12258|DEBUG|2018/03/16|19:40| 			"v_groupexec"	""
|   12258|DEBUG|2018/03/16|19:40| 			"ID"	"JO0000000277"
|   12258|DEBUG|2018/03/16|19:40| 			"TYPE"	"1"
|   12258|DEBUG|2018/03/16|19:40| 			"V_DESC"	"Concaténation de IPPBCI2.BCI, IPVBCI2.BCI et IRPBCI2.BCI dans GLOBJAD.BCI. Tous les JO."
|   12258|DEBUG|2018/03/16|19:40| 			"V_JNAME"	"CONCAT2"
|   12258|DEBUG|2018/03/16|19:40| 			"XYWH"	"30 -790 30 30"
|   12258|DEBUG|2018/03/16|19:40| 			"F_LPOS"	"0"
|   12258|DEBUG|2018/03/16|19:40| 			"URL_DOC"	""
|   12258|DEBUG|2018/03/16|19:40| 			"F_TYPE"	"0"
|   12258|DEBUG|2018/03/16|19:40| 			"F_CTYPE"	""
|   12258|DEBUG|2018/03/16|19:40| 		}
|   12258|DEBUG|2018/03/16|19:40| 		ELEM {
|   12258|DEBUG|2018/03/16|19:40| 			NB_PROP	"10"
|   12258|DEBUG|2018/03/16|19:40| 			"v_groupexec"	""
|   12258|DEBUG|2018/03/16|19:40| 			"ID"	"JO0000000278"
|   12258|DEBUG|2018/03/16|19:40| 			"TYPE"	"1"
|   12258|DEBUG|2018/03/16|19:40| 			"V_DESC"	"Concaténation de IPVBCI1.BCI et IRVBCI1BCI dans COMPENS.BCI. Tous les JO."
|   12258|DEBUG|2018/03/16|19:40| 			"V_JNAME"	"CONCAT1"
|   12258|DEBUG|2018/03/16|19:40| 			"XYWH"	"-280 -970 30 30"
|   12258|DEBUG|2018/03/16|19:40| 			"F_LPOS"	"7"
|   12258|DEBUG|2018/03/16|19:40| 			"URL_DOC"	""
|   12258|DEBUG|2018/03/16|19:40| 			"F_TYPE"	"0"
|   12258|DEBUG|2018/03/16|19:40| 			"F_CTYPE"	""
|   12258|DEBUG|2018/03/16|19:40| 		}
|   12258|DEBUG|2018/03/16|19:40| 		ELEM {
|   12258|DEBUG|2018/03/16|19:40| 			NB_PROP	"10"
|   12258|DEBUG|2018/03/16|19:40| 			"v_groupexec"	""
|   12258|DEBUG|2018/03/16|19:40| 			"ID"	"JO0000000279"
|   12258|DEBUG|2018/03/16|19:40| 			"TYPE"	"1"
|   12258|DEBUG|2018/03/16|19:40| 			"V_DESC"	"Clear du fichier CMAREXP040 de PACK14VDTA apres trabsfert. Mensuel 1er JO."
|   12258|DEBUG|2018/03/16|19:40| 			"V_JNAME"	"CLRFEXP040"
|   12258|DEBUG|2018/03/16|19:40| 			"XYWH"	"640 3370 30 30"
|   12258|DEBUG|2018/03/16|19:40| 			"F_LPOS"	"4"
|   12258|DEBUG|2018/03/16|19:40| 			"URL_DOC"	""
|   12258|DEBUG|2018/03/16|19:40| 			"F_TYPE"	"3"
|   12258|DEBUG|2018/03/16|19:40| 			"F_CTYPE"	""
|   12258|DEBUG|2018/03/16|19:40| 		}
|   12258|DEBUG|2018/03/16|19:40| 		ELEM {
|   12258|DEBUG|2018/03/16|19:40| 			NB_PROP	"10"
|   12258|DEBUG|2018/03/16|19:40| 			"v_groupexec"	""
|   12259|DEBUG|2018/03/16|19:40| 			"ID"	"JO0000000280"
|   12259|DEBUG|2018/03/16|19:40| 			"TYPE"	"1"
|   12259|DEBUG|2018/03/16|19:40| 			"V_DESC"	"Clear du fichier ARCHEXTRAI de BCIRECVDTA apres trabsfert. Mensuel 1er JO."
|   12259|DEBUG|2018/03/16|19:40| 			"V_JNAME"	"CLRARCEXT"
|   12259|DEBUG|2018/03/16|19:40| 			"XYWH"	"720 3370 30 30"
|   12259|DEBUG|2018/03/16|19:40| 			"F_LPOS"	"4"
|   12259|DEBUG|2018/03/16|19:40| 			"URL_DOC"	""
|   12259|DEBUG|2018/03/16|19:40| 			"F_TYPE"	"3"
|   12259|DEBUG|2018/03/16|19:40| 			"F_CTYPE"	""
|   12259|DEBUG|2018/03/16|19:40| 		}
|   12259|DEBUG|2018/03/16|19:40| 		ELEM {
|   12259|DEBUG|2018/03/16|19:40| 			NB_PROP	"10"
|   12259|DEBUG|2018/03/16|19:40| 			"v_groupexec"	""
|   12259|DEBUG|2018/03/16|19:40| 			"ID"	"JO0000000281"
|   12259|DEBUG|2018/03/16|19:40| 			"TYPE"	"1"
|   12259|DEBUG|2018/03/16|19:40| 			"V_DESC"	"Génère l'état de synthèse des journaux des GAB. Tous les JO."
|   12259|DEBUG|2018/03/16|19:40| 			"V_JNAME"	"CALCULS"
|   12259|DEBUG|2018/03/16|19:40| 			"XYWH"	"-280 -730 30 30"
|   12259|DEBUG|2018/03/16|19:40| 			"F_LPOS"	"0"
|   12259|DEBUG|2018/03/16|19:40| 			"URL_DOC"	""
|   12259|DEBUG|2018/03/16|19:40| 			"F_TYPE"	"0"
|   12259|DEBUG|2018/03/16|19:40| 			"F_CTYPE"	""
|   12259|DEBUG|2018/03/16|19:40| 		}
|   12259|DEBUG|2018/03/16|19:40| 		ELEM {
|   12264|DEBUG|2018/03/16|19:40| 			NB_PROP	"10"
|   12264|DEBUG|2018/03/16|19:40| 			"v_groupexec"	""
|   12264|DEBUG|2018/03/16|19:40| 			"ID"	"JO0000000282"
|   12264|DEBUG|2018/03/16|19:40| 			"TYPE"	"1"
|   12264|DEBUG|2018/03/16|19:40| 			"V_DESC"	"Tous les JO."
|   12264|DEBUG|2018/03/16|19:40| 			"V_JNAME"	"BCVPJADE"
|   12264|DEBUG|2018/03/16|19:40| 			"XYWH"	"-140 -240 30 30"
|   12264|DEBUG|2018/03/16|19:40| 			"F_LPOS"	"1"
|   12264|DEBUG|2018/03/16|19:40| 			"URL_DOC"	"http://planetbci/DINF/DOC/spec/_layouts/WordViewer.aspx?id=/DINF/DOC/spec/Montique/Flux%20financiers%20JADE/Flux%20financiers%20JADE%20externe%20-%20BCPMPJAD%20et%20BCVPJADE/Flux%20financiers%20JADE%20externe%20-%20BCPMPJAD,%20BCVPJADE%20-%20DEXP.doc&Source=http%3A%2F%2Fplanetbci%2FDINF%2FDOC%2Fspec%2FMontique%2FForms%2FAllItems%2Easpx%3FRootFolder%3D%252FDINF%252FDOC%252Fspec%252FMontique%252FFlux%2520financiers%2520JADE%252FFlux%2520financiers%2520JADE%2520externe%2520%252D%2520BCPMPJAD%2520et%2520BCVPJADE%26FolderCTID%3D0x012000C5E4BFBA22ABC746AFB6A76B5CE814CB&DefaultItemOpen=1&DefaultItemOpen=1"
|   12264|DEBUG|2018/03/16|19:40| 			"F_TYPE"	"3"
|   12264|DEBUG|2018/03/16|19:40| 			"F_CTYPE"	""
|   12264|DEBUG|2018/03/16|19:40| 		}
|   12264|DEBUG|2018/03/16|19:40| 		ELEM {
|   12264|DEBUG|2018/03/16|19:40| 			NB_PROP	"10"
|   12264|DEBUG|2018/03/16|19:40| 			"v_groupexec"	""
|   12264|DEBUG|2018/03/16|19:40| 			"ID"	"JO0000000283"
|   12264|DEBUG|2018/03/16|19:40| 			"TYPE"	"1"
|   12264|DEBUG|2018/03/16|19:40| 			"V_DESC"	"Save des fichier EIC avant aquisition. Tous les JO."
|   12264|DEBUG|2018/03/16|19:40| 			"V_JNAME"	"BCSVEICSIT"
|   12264|DEBUG|2018/03/16|19:40| 			"XYWH"	"200 200 30 30"
|   12264|DEBUG|2018/03/16|19:40| 			"F_LPOS"	"1"
|   12264|DEBUG|2018/03/16|19:40| 			"URL_DOC"	""
|   12264|DEBUG|2018/03/16|19:40| 			"F_TYPE"	"3"
|   12264|DEBUG|2018/03/16|19:40| 			"F_CTYPE"	""
|   12264|DEBUG|2018/03/16|19:40| 		}
|   12264|DEBUG|2018/03/16|19:40| 		ELEM {
|   12264|DEBUG|2018/03/16|19:40| 			NB_PROP	"10"
|   12264|DEBUG|2018/03/16|19:40| 			"v_groupexec"	""
|   12264|DEBUG|2018/03/16|19:40| 			"ID"	"JO0000000284"
|   12264|DEBUG|2018/03/16|19:40| 			"TYPE"	"1"
|   12264|DEBUG|2018/03/16|19:40| 			"V_DESC"	"Save des fichier EIC avant aquisition. Tous les JO."
|   12264|DEBUG|2018/03/16|19:40| 			"V_JNAME"	"BCSVEICEXN"
|   12264|DEBUG|2018/03/16|19:40| 			"XYWH"	"930 560 30 30"
|   12264|DEBUG|2018/03/16|19:40| 			"F_LPOS"	"1"
|   12264|DEBUG|2018/03/16|19:40| 			"URL_DOC"	""
|   12264|DEBUG|2018/03/16|19:40| 			"F_TYPE"	"3"
|   12264|DEBUG|2018/03/16|19:40| 			"F_CTYPE"	""
|   12264|DEBUG|2018/03/16|19:40| 		}
|   12264|DEBUG|2018/03/16|19:40| 		ELEM {
|   12264|DEBUG|2018/03/16|19:40| 			NB_PROP	"10"
|   12264|DEBUG|2018/03/16|19:40| 			"v_groupexec"	""
|   12264|DEBUG|2018/03/16|19:40| 			"ID"	"JO0000000285"
|   12264|DEBUG|2018/03/16|19:40| 			"TYPE"	"1"
|   12264|DEBUG|2018/03/16|19:40| 			"V_DESC"	"Save des fichier EIC avant aquisition. Tous les JO."
|   12264|DEBUG|2018/03/16|19:40| 			"V_JNAME"	"BCSVEICEX2"
|   12264|DEBUG|2018/03/16|19:40| 			"XYWH"	"810 740 30 30"
|   12264|DEBUG|2018/03/16|19:40| 			"F_LPOS"	"1"
|   12264|DEBUG|2018/03/16|19:40| 			"URL_DOC"	""
|   12264|DEBUG|2018/03/16|19:40| 			"F_TYPE"	"3"
|   12264|DEBUG|2018/03/16|19:40| 			"F_CTYPE"	""
|   12264|DEBUG|2018/03/16|19:40| 		}
|   12264|DEBUG|2018/03/16|19:40| 		ELEM {
|   12264|DEBUG|2018/03/16|19:40| 			NB_PROP	"10"
|   12264|DEBUG|2018/03/16|19:40| 			"v_groupexec"	""
|   12264|DEBUG|2018/03/16|19:40| 			"ID"	"JO0000000286"
|   12264|DEBUG|2018/03/16|19:40| 			"TYPE"	"1"
|   12264|DEBUG|2018/03/16|19:40| 			"V_DESC"	"Save des fichier EIC avant aquisition. Tous les JO."
|   12264|DEBUG|2018/03/16|19:40| 			"V_JNAME"	"BCSVEICCSB"
|   12264|DEBUG|2018/03/16|19:40| 			"XYWH"	"-40 -240 30 30"
|   12264|DEBUG|2018/03/16|19:40| 			"F_LPOS"	"1"
|   12264|DEBUG|2018/03/16|19:40| 			"URL_DOC"	""
|   12264|DEBUG|2018/03/16|19:40| 			"F_TYPE"	"3"
|   12264|DEBUG|2018/03/16|19:40| 			"F_CTYPE"	""
|   12264|DEBUG|2018/03/16|19:40| 		}
|   12264|DEBUG|2018/03/16|19:40| 		ELEM {
|   12264|DEBUG|2018/03/16|19:40| 			NB_PROP	"10"
|   12264|DEBUG|2018/03/16|19:40| 			"v_groupexec"	""
|   12264|DEBUG|2018/03/16|19:40| 			"ID"	"JO0000000287"
|   12264|DEBUG|2018/03/16|19:40| 			"TYPE"	"1"
|   12264|DEBUG|2018/03/16|19:40| 			"V_DESC"	"Sauve des fichier EIC avant acquisition. Tous les JO."
|   12264|DEBUG|2018/03/16|19:40| 			"V_JNAME"	"BCSVEICCLS"
|   12264|DEBUG|2018/03/16|19:40| 			"XYWH"	"240 1790 30 30"
|   12264|DEBUG|2018/03/16|19:40| 			"F_LPOS"	"1"
|   12264|DEBUG|2018/03/16|19:40| 			"URL_DOC"	""
|   12264|DEBUG|2018/03/16|19:40| 			"F_TYPE"	"3"
|   12264|DEBUG|2018/03/16|19:40| 			"F_CTYPE"	""
|   12264|DEBUG|2018/03/16|19:40| 		}
|   12264|DEBUG|2018/03/16|19:40| 		ELEM {
|   12264|DEBUG|2018/03/16|19:40| 			NB_PROP	"10"
|   12264|DEBUG|2018/03/16|19:40| 			"v_groupexec"	""
|   12264|DEBUG|2018/03/16|19:40| 			"ID"	"JO0000000288"
|   12264|DEBUG|2018/03/16|19:40| 			"TYPE"	"1"
|   12264|DEBUG|2018/03/16|19:40| 			"V_DESC"	"Historique SAISAR. 1er jour de semaine."
|   12264|DEBUG|2018/03/16|19:40| 			"V_JNAME"	"BCSAISHIST"
|   12264|DEBUG|2018/03/16|19:40| 			"XYWH"	"-110 2490 30 30"
|   12264|DEBUG|2018/03/16|19:40| 			"F_LPOS"	"0"
|   12264|DEBUG|2018/03/16|19:40| 			"URL_DOC"	""
|   12264|DEBUG|2018/03/16|19:40| 			"F_TYPE"	"3"
|   12264|DEBUG|2018/03/16|19:40| 			"F_CTYPE"	""
|   12264|DEBUG|2018/03/16|19:40| 		}
|   12264|DEBUG|2018/03/16|19:40| 		ELEM {
|   12264|DEBUG|2018/03/16|19:40| 			NB_PROP	"10"
|   12264|DEBUG|2018/03/16|19:40| 			"v_groupexec"	""
|   12264|DEBUG|2018/03/16|19:40| 			"ID"	"JO0000000289"
|   12264|DEBUG|2018/03/16|19:40| 			"TYPE"	"1"
|   12264|DEBUG|2018/03/16|19:40| 			"V_DESC"	"Génération d'un fichier listant les profils AS400 à destination du RSSI. 1er JO."
|   12264|DEBUG|2018/03/16|19:40| 			"V_JNAME"	"BCRVUPRF"
|   12264|DEBUG|2018/03/16|19:40| 			"XYWH"	"390 4250 30 30"
|   12264|DEBUG|2018/03/16|19:40| 			"F_LPOS"	"1"
|   12264|DEBUG|2018/03/16|19:40| 			"URL_DOC"	""
|   12264|DEBUG|2018/03/16|19:40| 			"F_TYPE"	"3"
|   12264|DEBUG|2018/03/16|19:40| 			"F_CTYPE"	""
|   12264|DEBUG|2018/03/16|19:40| 		}
|   12264|DEBUG|2018/03/16|19:40| 		ELEM {
|   12264|DEBUG|2018/03/16|19:40| 			NB_PROP	"10"
|   12264|DEBUG|2018/03/16|19:40| 			"v_groupexec"	""
|   12264|DEBUG|2018/03/16|19:40| 			"ID"	"JO0000000290"
|   12264|DEBUG|2018/03/16|19:40| 			"TYPE"	"1"
|   12264|DEBUG|2018/03/16|19:40| 			"V_DESC"	"Traitement SIT retour. Tous les JO."
|   12264|DEBUG|2018/03/16|19:40| 			"V_JNAME"	"BCREPSITR"
|   12264|DEBUG|2018/03/16|19:40| 			"XYWH"	"200 80 30 30"
|   12264|DEBUG|2018/03/16|19:40| 			"F_LPOS"	"4"
|   12264|DEBUG|2018/03/16|19:40| 			"URL_DOC"	""
|   12264|DEBUG|2018/03/16|19:40| 			"F_TYPE"	"3"
|   12264|DEBUG|2018/03/16|19:40| 			"F_CTYPE"	""
|   12264|DEBUG|2018/03/16|19:40| 		}
|   12264|DEBUG|2018/03/16|19:40| 		ELEM {
|   12264|DEBUG|2018/03/16|19:40| 			NB_PROP	"10"
|   12264|DEBUG|2018/03/16|19:40| 			"v_groupexec"	""
|   12264|DEBUG|2018/03/16|19:40| 			"ID"	"JO0000000291"
|   12264|DEBUG|2018/03/16|19:40| 			"TYPE"	"1"
|   12265|DEBUG|2018/03/16|19:40| 			"V_DESC"	"Traitement SIT aller. Tous les JO."
|   12265|DEBUG|2018/03/16|19:40| 			"V_JNAME"	"BCREPSITA"
|   12265|DEBUG|2018/03/16|19:40| 			"XYWH"	"370 480 30 30"
|   12265|DEBUG|2018/03/16|19:40| 			"F_LPOS"	"1"
|   12265|DEBUG|2018/03/16|19:40| 			"URL_DOC"	""
|   12265|DEBUG|2018/03/16|19:40| 			"F_TYPE"	"3"
|   12265|DEBUG|2018/03/16|19:40| 			"F_CTYPE"	""
|   12265|DEBUG|2018/03/16|19:40| 		}
|   12265|DEBUG|2018/03/16|19:40| 		ELEM {
|   12265|DEBUG|2018/03/16|19:40| 			NB_PROP	"10"
|   12265|DEBUG|2018/03/16|19:40| 			"v_groupexec"	""
|   12265|DEBUG|2018/03/16|19:40| 			"ID"	"JO0000000292"
|   12265|DEBUG|2018/03/16|19:40| 			"TYPE"	"1"
|   12265|DEBUG|2018/03/16|19:40| 			"V_DESC"	"Tous les JO."
|   12265|DEBUG|2018/03/16|19:40| 			"V_JNAME"	"BCREPFCC"
|   12265|DEBUG|2018/03/16|19:40| 			"XYWH"	"440 -2060 30 30"
|   12265|DEBUG|2018/03/16|19:40| 			"F_LPOS"	"1"
|   12265|DEBUG|2018/03/16|19:40| 			"URL_DOC"	""
|   12265|DEBUG|2018/03/16|19:40| 			"F_TYPE"	"3"
|   12265|DEBUG|2018/03/16|19:40| 			"F_CTYPE"	""
|   12265|DEBUG|2018/03/16|19:40| 		}
|   12265|DEBUG|2018/03/16|19:40| 		ELEM {
|   12265|DEBUG|2018/03/16|19:40| 			NB_PROP	"10"
|   12265|DEBUG|2018/03/16|19:40| 			"v_groupexec"	""
|   12265|DEBUG|2018/03/16|19:40| 			"ID"	"JO0000000293"
|   12265|DEBUG|2018/03/16|19:40| 			"TYPE"	"1"
|   12265|DEBUG|2018/03/16|19:40| 			"V_DESC"	"Ecarte les renouvellements de carte. Tous les JO."
|   12265|DEBUG|2018/03/16|19:40| 			"V_JNAME"	"BCRENCBOUT"
|   12265|DEBUG|2018/03/16|19:40| 			"XYWH"	"930 370 30 30"
|   12265|DEBUG|2018/03/16|19:40| 			"F_LPOS"	"1"
|   12265|DEBUG|2018/03/16|19:40| 			"URL_DOC"	""
|   12265|DEBUG|2018/03/16|19:40| 			"F_TYPE"	"3"
|   12265|DEBUG|2018/03/16|19:40| 			"F_CTYPE"	""
|   12265|DEBUG|2018/03/16|19:40| 		}
|   12265|DEBUG|2018/03/16|19:40| 		ELEM {
|   12265|DEBUG|2018/03/16|19:40| 			NB_PROP	"10"
|   12265|DEBUG|2018/03/16|19:40| 			"v_groupexec"	""
|   12265|DEBUG|2018/03/16|19:40| 			"ID"	"JO0000000294"
|   12265|DEBUG|2018/03/16|19:40| 			"TYPE"	"1"
|   12265|DEBUG|2018/03/16|19:40| 			"V_DESC"	"Réintègre les renouvellements de carte écartés les jourts précédents par BCRENCBOUT. A la demande (Ts les JO)"
|   12265|DEBUG|2018/03/16|19:40| 			"V_JNAME"	"BCRENCBIN"
|   12265|DEBUG|2018/03/16|19:40| 			"XYWH"	"1020 430 30 30"
|   12265|DEBUG|2018/03/16|19:40| 			"F_LPOS"	"4"
|   12265|DEBUG|2018/03/16|19:40| 			"URL_DOC"	""
|   12265|DEBUG|2018/03/16|19:40| 			"F_TYPE"	"3"
|   12265|DEBUG|2018/03/16|19:40| 			"F_CTYPE"	""
|   12265|DEBUG|2018/03/16|19:40| 		}
|   12265|DEBUG|2018/03/16|19:40| 		ELEM {
|   12265|DEBUG|2018/03/16|19:40| 			NB_PROP	"10"
|   12265|DEBUG|2018/03/16|19:40| 			"v_groupexec"	""
|   12265|DEBUG|2018/03/16|19:40| 			"ID"	"JO0000000295"
|   12265|DEBUG|2018/03/16|19:40| 			"TYPE"	"1"
|   12265|DEBUG|2018/03/16|19:40| 			"V_DESC"	"Relevé journalier des flux BCI. Tous les JO."
|   12265|DEBUG|2018/03/16|19:40| 			"V_JNAME"	"BCRELFLUX"
|   12265|DEBUG|2018/03/16|19:40| 			"XYWH"	"240 2040 30 30"
|   12265|DEBUG|2018/03/16|19:40| 			"F_LPOS"	"4"
|   12265|DEBUG|2018/03/16|19:40| 			"URL_DOC"	""
|   12265|DEBUG|2018/03/16|19:40| 			"F_TYPE"	"3"
|   12265|DEBUG|2018/03/16|19:40| 			"F_CTYPE"	""
|   12265|DEBUG|2018/03/16|19:40| 		}
|   12265|DEBUG|2018/03/16|19:40| 		ELEM {
|   12265|DEBUG|2018/03/16|19:40| 			NB_PROP	"10"
|   12265|DEBUG|2018/03/16|19:40| 			"v_groupexec"	""
|   12265|DEBUG|2018/03/16|19:40| 			"ID"	"JO0000000296"
|   12265|DEBUG|2018/03/16|19:40| 			"TYPE"	"1"
|   12265|DEBUG|2018/03/16|19:40| 			"V_DESC"	"Edition journaliere des rejets de prelevements tardifs sur comptes SBB. Tous les JO."
|   12265|DEBUG|2018/03/16|19:40| 			"V_JNAME"	"BCREJPRVT"
|   12265|DEBUG|2018/03/16|19:40| 			"XYWH"	"240 1910 30 30"
|   12265|DEBUG|2018/03/16|19:40| 			"F_LPOS"	"1"
|   12265|DEBUG|2018/03/16|19:40| 			"URL_DOC"	""
|   12265|DEBUG|2018/03/16|19:40| 			"F_TYPE"	"3"
|   12265|DEBUG|2018/03/16|19:40| 			"F_CTYPE"	""
|   12265|DEBUG|2018/03/16|19:40| 		}
|   12265|DEBUG|2018/03/16|19:40| 		ELEM {
|   12265|DEBUG|2018/03/16|19:40| 			NB_PROP	"10"
|   12265|DEBUG|2018/03/16|19:40| 			"v_groupexec"	""
|   12265|DEBUG|2018/03/16|19:40| 			"ID"	"JO0000000297"
|   12265|DEBUG|2018/03/16|19:40| 			"TYPE"	"1"
|   12265|DEBUG|2018/03/16|19:40| 			"V_DESC"	"Traitement retour COMPENSATION. Tous les JO."
|   12265|DEBUG|2018/03/16|19:40| 			"V_JNAME"	"BCRCSIENC"
|   12265|DEBUG|2018/03/16|19:40| 			"XYWH"	"240 1430 30 30"
|   12265|DEBUG|2018/03/16|19:40| 			"F_LPOS"	"1"
|   12265|DEBUG|2018/03/16|19:40| 			"URL_DOC"	""
|   12265|DEBUG|2018/03/16|19:40| 			"F_TYPE"	"3"
|   12265|DEBUG|2018/03/16|19:40| 			"F_CTYPE"	""
|   12265|DEBUG|2018/03/16|19:40| 		}
|   12265|DEBUG|2018/03/16|19:40| 		ELEM {
|   12265|DEBUG|2018/03/16|19:40| 			NB_PROP	"10"
|   12265|DEBUG|2018/03/16|19:40| 			"v_groupexec"	""
|   12265|DEBUG|2018/03/16|19:40| 			"ID"	"JO0000000298"
|   12265|DEBUG|2018/03/16|19:40| 			"TYPE"	"1"
|   12265|DEBUG|2018/03/16|19:40| 			"V_DESC"	"Comptabilisation des rejets de chèque confrères (Simulation de la BI06). Tous les JO."
|   12265|DEBUG|2018/03/16|19:40| 			"V_JNAME"	"BCRCRJCHQ"
|   12265|DEBUG|2018/03/16|19:40| 			"XYWH"	"240 1550 30 30"
|   12265|DEBUG|2018/03/16|19:40| 			"F_LPOS"	"1"
|   12265|DEBUG|2018/03/16|19:40| 			"URL_DOC"	""
|   12265|DEBUG|2018/03/16|19:40| 			"F_TYPE"	"3"
|   12265|DEBUG|2018/03/16|19:40| 			"F_CTYPE"	""
|   12265|DEBUG|2018/03/16|19:40| 		}
|   12265|DEBUG|2018/03/16|19:40| 		ELEM {
|   12265|DEBUG|2018/03/16|19:40| 			NB_PROP	"10"
|   12265|DEBUG|2018/03/16|19:40| 			"v_groupexec"	""
|   12265|DEBUG|2018/03/16|19:40| 			"ID"	"JO0000000299"
|   12265|DEBUG|2018/03/16|19:40| 			"TYPE"	"1"
|   12265|DEBUG|2018/03/16|19:40| 			"V_DESC"	"Tous les JO."
|   12265|DEBUG|2018/03/16|19:40| 			"V_JNAME"	"BCPMPJAD"
|   12265|DEBUG|2018/03/16|19:40| 			"XYWH"	"-140 -300 30 30"
|   12265|DEBUG|2018/03/16|19:40| 			"F_LPOS"	"1"
|   12265|DEBUG|2018/03/16|19:40| 			"URL_DOC"	"http://planetbci/DINF/DOC/spec/_layouts/WordViewer.aspx?id=/DINF/DOC/spec/Montique/Flux%20financiers%20JADE/Flux%20financiers%20JADE%20externe%20-%20BCPMPJAD%20et%20BCVPJADE/Flux%20financiers%20JADE%20externe%20-%20BCPMPJAD,%20BCVPJADE%20-%20DEXP.doc&Source=http%3A%2F%2Fplanetbci%2FDINF%2FDOC%2Fspec%2FMontique%2FForms%2FAllItems%2Easpx%3FRootFolder%3D%252FDINF%252FDOC%252Fspec%252FMontique%252FFlux%2520financiers%2520JADE%252FFlux%2520financiers%2520JADE%2520externe%2520%252D%2520BCPMPJAD%2520et%2520BCVPJADE%26FolderCTID%3D0x012000C5E4BFBA22ABC746AFB6A76B5CE814CB&DefaultItemOpen=1&DefaultItemOpen=1"
|   12265|DEBUG|2018/03/16|19:40| 			"F_TYPE"	"3"
|   12265|DEBUG|2018/03/16|19:40| 			"F_CTYPE"	""
|   12265|DEBUG|2018/03/16|19:40| 		}
|   12265|DEBUG|2018/03/16|19:40| 		ELEM {
|   12265|DEBUG|2018/03/16|19:40| 			NB_PROP	"10"
|   12265|DEBUG|2018/03/16|19:40| 			"v_groupexec"	""
|   12265|DEBUG|2018/03/16|19:40| 			"ID"	"JO0000000300"
|   12265|DEBUG|2018/03/16|19:40| 			"TYPE"	"1"
|   12265|DEBUG|2018/03/16|19:40| 			"V_DESC"	"FT1890 - Opérations CB atypiques. Tous les JO."
|   12265|DEBUG|2018/03/16|19:40| 			"V_JNAME"	"BCOPERACB"
|   12265|DEBUG|2018/03/16|19:40| 			"XYWH"	"1050 680 30 30"
|   12265|DEBUG|2018/03/16|19:40| 			"F_LPOS"	"1"
|   12265|DEBUG|2018/03/16|19:40| 			"URL_DOC"	""
|   12265|DEBUG|2018/03/16|19:40| 			"F_TYPE"	"3"
|   12265|DEBUG|2018/03/16|19:40| 			"F_CTYPE"	""
|   12265|DEBUG|2018/03/16|19:40| 		}
|   12265|DEBUG|2018/03/16|19:40| 		ELEM {
|   12265|DEBUG|2018/03/16|19:40| 			NB_PROP	"10"
|   12265|DEBUG|2018/03/16|19:40| 			"v_groupexec"	""
|   12265|DEBUG|2018/03/16|19:40| 			"ID"	"JO0000000301"
|   12265|DEBUG|2018/03/16|19:40| 			"TYPE"	"1"
|   12265|DEBUG|2018/03/16|19:40| 			"V_DESC"	"Supp des MVTS OCI retraits Jade externes (184) lorsque la date de comptabilisation est échue par rapport à la date de traitem. Ts JO"
|   12265|DEBUG|2018/03/16|19:40| 			"V_JNAME"	"BCOCI184"
|   12265|DEBUG|2018/03/16|19:40| 			"XYWH"	"-40 60 30 30"
|   12265|DEBUG|2018/03/16|19:40| 			"F_LPOS"	"1"
|   12265|DEBUG|2018/03/16|19:40| 			"URL_DOC"	""
|   12265|DEBUG|2018/03/16|19:40| 			"F_TYPE"	"3"
|   12265|DEBUG|2018/03/16|19:40| 			"F_CTYPE"	""
|   12265|DEBUG|2018/03/16|19:40| 		}
|   12265|DEBUG|2018/03/16|19:40| 		ELEM {
|   12265|DEBUG|2018/03/16|19:40| 			NB_PROP	"10"
|   12265|DEBUG|2018/03/16|19:40| 			"v_groupexec"	""
|   12265|DEBUG|2018/03/16|19:40| 			"ID"	"JO0000000302"
|   12265|DEBUG|2018/03/16|19:40| 			"TYPE"	"1"
|   12265|DEBUG|2018/03/16|19:40| 			"V_DESC"	"Suppr des MVTS OCI retraits Jade externes (182) lorsque la date de comptabilisation est échue par rapport à la date de traitem.Ts JO"
|   12265|DEBUG|2018/03/16|19:40| 			"V_JNAME"	"BCOCI182"
|   12265|DEBUG|2018/03/16|19:40| 			"XYWH"	"-40 0 30 30"
|   12265|DEBUG|2018/03/16|19:40| 			"F_LPOS"	"1"
|   12266|DEBUG|2018/03/16|19:40| 			"URL_DOC"	""
|   12266|DEBUG|2018/03/16|19:40| 			"F_TYPE"	"3"
|   12266|DEBUG|2018/03/16|19:40| 			"F_CTYPE"	""
|   12266|DEBUG|2018/03/16|19:40| 		}
|   12266|DEBUG|2018/03/16|19:40| 		ELEM {
|   12266|DEBUG|2018/03/16|19:40| 			NB_PROP	"10"
|   12266|DEBUG|2018/03/16|19:40| 			"v_groupexec"	""
|   12266|DEBUG|2018/03/16|19:40| 			"ID"	"JO0000000303"
|   12266|DEBUG|2018/03/16|19:40| 			"TYPE"	"1"
|   12266|DEBUG|2018/03/16|19:40| 			"V_DESC"	"Chargement des Interlocuteurs depuis le Serveur BCINET pour alimentation TP. Journalier"
|   12266|DEBUG|2018/03/16|19:40| 			"V_JNAME"	"BCNETINT"
|   12266|DEBUG|2018/03/16|19:40| 			"XYWH"	"-100 -2750 30 30"
|   12266|DEBUG|2018/03/16|19:40| 			"F_LPOS"	"1"
|   12266|DEBUG|2018/03/16|19:40| 			"URL_DOC"	""
|   12266|DEBUG|2018/03/16|19:40| 			"F_TYPE"	"3"
|   12266|DEBUG|2018/03/16|19:40| 			"F_CTYPE"	""
|   12266|DEBUG|2018/03/16|19:40| 		}
|   12266|DEBUG|2018/03/16|19:40| 		ELEM {
|   12266|DEBUG|2018/03/16|19:40| 			NB_PROP	"10"
|   12266|DEBUG|2018/03/16|19:40| 			"v_groupexec"	""
|   12266|DEBUG|2018/03/16|19:40| 			"ID"	"JO0000000304"
|   12266|DEBUG|2018/03/16|19:40| 			"TYPE"	"1"
|   12266|DEBUG|2018/03/16|19:40| 			"V_DESC"	"Suivi du réescompte. Tous les jeudis (le jour ouvré après le trt de la disquette Cotation BDF) . Fin de semaine."
|   12266|DEBUG|2018/03/16|19:40| 			"V_JNAME"	"BCMOBILI2"
|   12266|DEBUG|2018/03/16|19:40| 			"XYWH"	"800 2510 30 30"
|   12266|DEBUG|2018/03/16|19:40| 			"F_LPOS"	"1"
|   12266|DEBUG|2018/03/16|19:40| 			"URL_DOC"	""
|   12266|DEBUG|2018/03/16|19:40| 			"F_TYPE"	"3"
|   12266|DEBUG|2018/03/16|19:40| 			"F_CTYPE"	""
|   12266|DEBUG|2018/03/16|19:40| 		}
|   12266|DEBUG|2018/03/16|19:40| 		ELEM {
|   12266|DEBUG|2018/03/16|19:40| 			NB_PROP	"10"
|   12266|DEBUG|2018/03/16|19:40| 			"v_groupexec"	""
|   12266|DEBUG|2018/03/16|19:40| 			"ID"	"JO0000000305"
|   12266|DEBUG|2018/03/16|19:40| 			"TYPE"	"1"
|   12266|DEBUG|2018/03/16|19:40| 			"V_DESC"	"Suivi du réescompte. Tous les jeudis (le jour ouvré après le trt de la disquette Cotation BDF) . Fin de semaine."
|   12266|DEBUG|2018/03/16|19:40| 			"V_JNAME"	"BCMOBILI"
|   12266|DEBUG|2018/03/16|19:40| 			"XYWH"	"450 2450 30 30"
|   12266|DEBUG|2018/03/16|19:40| 			"F_LPOS"	"0"
|   12266|DEBUG|2018/03/16|19:40| 			"URL_DOC"	""
|   12266|DEBUG|2018/03/16|19:40| 			"F_TYPE"	"3"
|   12266|DEBUG|2018/03/16|19:40| 			"F_CTYPE"	""
|   12266|DEBUG|2018/03/16|19:40| 		}
|   12266|DEBUG|2018/03/16|19:40| 		ELEM {
|   12266|DEBUG|2018/03/16|19:40| 			NB_PROP	"10"
|   12266|DEBUG|2018/03/16|19:40| 			"v_groupexec"	""
|   12266|DEBUG|2018/03/16|19:40| 			"ID"	"JO0000000306"
|   12266|DEBUG|2018/03/16|19:40| 			"TYPE"	"1"
|   12266|DEBUG|2018/03/16|19:40| 			"V_DESC"	"Mise à jour Différée du fichier des demandes de retrait de rejets chèques. Tous les JO."
|   12266|DEBUG|2018/03/16|19:40| 			"V_JNAME"	"BCMJRRJC"
|   12266|DEBUG|2018/03/16|19:40| 			"XYWH"	"240 1370 30 30"
|   12266|DEBUG|2018/03/16|19:40| 			"F_LPOS"	"1"
|   12266|DEBUG|2018/03/16|19:40| 			"URL_DOC"	""
|   12266|DEBUG|2018/03/16|19:40| 			"F_TYPE"	"3"
|   12266|DEBUG|2018/03/16|19:40| 			"F_CTYPE"	""
|   12266|DEBUG|2018/03/16|19:40| 		}
|   12266|DEBUG|2018/03/16|19:40| 		ELEM {
|   12266|DEBUG|2018/03/16|19:40| 			NB_PROP	"10"
|   12266|DEBUG|2018/03/16|19:40| 			"v_groupexec"	""
|   12266|DEBUG|2018/03/16|19:40| 			"ID"	"JO0000000307"
|   12266|DEBUG|2018/03/16|19:40| 			"TYPE"	"1"
|   12266|DEBUG|2018/03/16|19:40| 			"V_DESC"	"Contrôle si fichier BDPROVAN a glissé avant le premier traitement trimestriel de l'année 1er JO."
|   12266|DEBUG|2018/03/16|19:40| 			"V_JNAME"	"BCMAJPRO01"
|   12266|DEBUG|2018/03/16|19:40| 			"XYWH"	"120 3250 30 30"
|   12266|DEBUG|2018/03/16|19:40| 			"F_LPOS"	"0"
|   12266|DEBUG|2018/03/16|19:40| 			"URL_DOC"	""
|   12266|DEBUG|2018/03/16|19:40| 			"F_TYPE"	"3"
|   12266|DEBUG|2018/03/16|19:40| 			"F_CTYPE"	""
|   12266|DEBUG|2018/03/16|19:40| 		}
|   12266|DEBUG|2018/03/16|19:40| 		ELEM {
|   12266|DEBUG|2018/03/16|19:40| 			NB_PROP	"10"
|   12266|DEBUG|2018/03/16|19:40| 			"v_groupexec"	""
|   12266|DEBUG|2018/03/16|19:40| 			"ID"	"JO0000000308"
|   12266|DEBUG|2018/03/16|19:40| 			"TYPE"	"1"
|   12266|DEBUG|2018/03/16|19:40| 			"V_DESC"	"MAJ Historique des cotisations CB et Jade. Tous les JO."
|   12266|DEBUG|2018/03/16|19:40| 			"V_JNAME"	"BCMAJCOT"
|   12266|DEBUG|2018/03/16|19:40| 			"XYWH"	"-20 800 30 30"
|   12266|DEBUG|2018/03/16|19:40| 			"F_LPOS"	"1"
|   12266|DEBUG|2018/03/16|19:40| 			"URL_DOC"	""
|   12266|DEBUG|2018/03/16|19:40| 			"F_TYPE"	"3"
|   12266|DEBUG|2018/03/16|19:40| 			"F_CTYPE"	""
|   12266|DEBUG|2018/03/16|19:40| 		}
|   12266|DEBUG|2018/03/16|19:40| 		ELEM {
|   12266|DEBUG|2018/03/16|19:40| 			NB_PROP	"10"
|   12266|DEBUG|2018/03/16|19:40| 			"v_groupexec"	""
|   12266|DEBUG|2018/03/16|19:40| 			"ID"	"JO0000000309"
|   12266|DEBUG|2018/03/16|19:40| 			"TYPE"	"1"
|   12266|DEBUG|2018/03/16|19:40| 			"V_DESC"	"Mise à jour des cours devises FX Transact."
|   12266|DEBUG|2018/03/16|19:40| 			"V_JNAME"	"BCMAJCDVFX"
|   12266|DEBUG|2018/03/16|19:40| 			"XYWH"	"-120 -2260 30 30"
|   12266|DEBUG|2018/03/16|19:40| 			"F_LPOS"	"1"
|   12266|DEBUG|2018/03/16|19:40| 			"URL_DOC"	""
|   12266|DEBUG|2018/03/16|19:40| 			"F_TYPE"	"3"
|   12266|DEBUG|2018/03/16|19:40| 			"F_CTYPE"	""
|   12266|DEBUG|2018/03/16|19:40| 		}
|   12266|DEBUG|2018/03/16|19:40| 		ELEM {
|   12266|DEBUG|2018/03/16|19:40| 			NB_PROP	"10"
|   12266|DEBUG|2018/03/16|19:40| 			"v_groupexec"	""
|   12266|DEBUG|2018/03/16|19:40| 			"ID"	"JO0000000310"
|   12266|DEBUG|2018/03/16|19:40| 			"TYPE"	"1"
|   12266|DEBUG|2018/03/16|19:40| 			"V_DESC"	"MAJ BDBASECOM à partir du fichier CSB. Ts les JO."
|   12266|DEBUG|2018/03/16|19:40| 			"V_JNAME"	"BCMAJBASCO"
|   12266|DEBUG|2018/03/16|19:40| 			"XYWH"	"330 -1470 30 30"
|   12266|DEBUG|2018/03/16|19:40| 			"F_LPOS"	"1"
|   12266|DEBUG|2018/03/16|19:40| 			"URL_DOC"	""
|   12266|DEBUG|2018/03/16|19:40| 			"F_TYPE"	"3"
|   12266|DEBUG|2018/03/16|19:40| 			"F_CTYPE"	""
|   12266|DEBUG|2018/03/16|19:40| 		}
|   12266|DEBUG|2018/03/16|19:40| 		ELEM {
|   12266|DEBUG|2018/03/16|19:40| 			NB_PROP	"10"
|   12266|DEBUG|2018/03/16|19:40| 			"v_groupexec"	""
|   12266|DEBUG|2018/03/16|19:40| 			"ID"	"JO0000000311"
|   12266|DEBUG|2018/03/16|19:40| 			"TYPE"	"1"
|   12266|DEBUG|2018/03/16|19:40| 			"V_DESC"	"Constitution du mailing de renouvellement de carte JADE, BDMAILCB02 pour la monétique. Mensuel (Ts les JO)"
|   12266|DEBUG|2018/03/16|19:40| 			"V_JNAME"	"BCMAILCB02"
|   12266|DEBUG|2018/03/16|19:40| 			"XYWH"	"880 3310 30 30"
|   12266|DEBUG|2018/03/16|19:40| 			"F_LPOS"	"0"
|   12266|DEBUG|2018/03/16|19:40| 			"URL_DOC"	""
|   12266|DEBUG|2018/03/16|19:40| 			"F_TYPE"	"3"
|   12266|DEBUG|2018/03/16|19:40| 			"F_CTYPE"	""
|   12266|DEBUG|2018/03/16|19:40| 		}
|   12266|DEBUG|2018/03/16|19:40| 		ELEM {
|   12266|DEBUG|2018/03/16|19:40| 			NB_PROP	"10"
|   12266|DEBUG|2018/03/16|19:40| 			"v_groupexec"	""
|   12266|DEBUG|2018/03/16|19:40| 			"ID"	"JO0000000312"
|   12266|DEBUG|2018/03/16|19:40| 			"TYPE"	"1"
|   12266|DEBUG|2018/03/16|19:40| 			"V_DESC"	"Constitution fichier BDMAILING pour la monétique. A la demande (Ts les JO)"
|   12266|DEBUG|2018/03/16|19:40| 			"V_JNAME"	"BCMAILCB"
|   12266|DEBUG|2018/03/16|19:40| 			"XYWH"	"1110 430 30 30"
|   12266|DEBUG|2018/03/16|19:40| 			"F_LPOS"	"4"
|   12266|DEBUG|2018/03/16|19:40| 			"URL_DOC"	""
|   12266|DEBUG|2018/03/16|19:40| 			"F_TYPE"	"3"
|   12266|DEBUG|2018/03/16|19:40| 			"F_CTYPE"	""
|   12266|DEBUG|2018/03/16|19:40| 		}
|   12266|DEBUG|2018/03/16|19:40| 		ELEM {
|   12266|DEBUG|2018/03/16|19:40| 			NB_PROP	"10"
|   12266|DEBUG|2018/03/16|19:40| 			"v_groupexec"	""
|   12266|DEBUG|2018/03/16|19:40| 			"ID"	"JO0000000313"
|   12266|DEBUG|2018/03/16|19:40| 			"TYPE"	"1"
|   12266|DEBUG|2018/03/16|19:40| 			"V_DESC"	"Alimentation d'un fichier avec la liste des comptes ayant une activite portefeuille APO. 1er jour de semaine."
|   12266|DEBUG|2018/03/16|19:40| 			"V_JNAME"	"BCLSTPTF1"
|   12266|DEBUG|2018/03/16|19:40| 			"XYWH"	"-310 2490 30 30"
|   12266|DEBUG|2018/03/16|19:40| 			"F_LPOS"	"1"
|   12266|DEBUG|2018/03/16|19:40| 			"URL_DOC"	""
|   12266|DEBUG|2018/03/16|19:40| 			"F_TYPE"	"3"
|   12266|DEBUG|2018/03/16|19:40| 			"F_CTYPE"	""
|   12266|DEBUG|2018/03/16|19:40| 		}
|   12266|DEBUG|2018/03/16|19:40| 		ELEM {
|   12266|DEBUG|2018/03/16|19:40| 			NB_PROP	"10"
|   12266|DEBUG|2018/03/16|19:40| 			"v_groupexec"	""
|   12266|DEBUG|2018/03/16|19:40| 			"ID"	"JO0000000314"
|   12266|DEBUG|2018/03/16|19:40| 			"TYPE"	"1"
|   12266|DEBUG|2018/03/16|19:40| 			"V_DESC"	"Tous les JO."
|   12266|DEBUG|2018/03/16|19:40| 			"V_JNAME"	"BCICACQSIT"
|   12267|DEBUG|2018/03/16|19:40| 			"XYWH"	"200 260 30 30"
|   12267|DEBUG|2018/03/16|19:40| 			"F_LPOS"	"1"
|   12267|DEBUG|2018/03/16|19:40| 			"URL_DOC"	""
|   12267|DEBUG|2018/03/16|19:40| 			"F_TYPE"	"3"
|   12267|DEBUG|2018/03/16|19:40| 			"F_CTYPE"	""
|   12267|DEBUG|2018/03/16|19:40| 		}
|   12267|DEBUG|2018/03/16|19:40| 		ELEM {
|   12267|DEBUG|2018/03/16|19:40| 			NB_PROP	"10"
|   12267|DEBUG|2018/03/16|19:40| 			"v_groupexec"	""
|   12267|DEBUG|2018/03/16|19:40| 			"ID"	"JO0000000315"
|   12267|DEBUG|2018/03/16|19:40| 			"TYPE"	"1"
|   12267|DEBUG|2018/03/16|19:40| 			"V_DESC"	"Tous les JO."
|   12267|DEBUG|2018/03/16|19:40| 			"V_JNAME"	"BCICACQEXN"
|   12267|DEBUG|2018/03/16|19:40| 			"XYWH"	"930 620 30 30"
|   12267|DEBUG|2018/03/16|19:40| 			"F_LPOS"	"1"
|   12267|DEBUG|2018/03/16|19:40| 			"URL_DOC"	""
|   12267|DEBUG|2018/03/16|19:40| 			"F_TYPE"	"3"
|   12267|DEBUG|2018/03/16|19:40| 			"F_CTYPE"	""
|   12267|DEBUG|2018/03/16|19:40| 		}
|   12267|DEBUG|2018/03/16|19:40| 		ELEM {
|   12267|DEBUG|2018/03/16|19:40| 			NB_PROP	"10"
|   12267|DEBUG|2018/03/16|19:40| 			"v_groupexec"	""
|   12267|DEBUG|2018/03/16|19:40| 			"ID"	"JO0000000316"
|   12267|DEBUG|2018/03/16|19:40| 			"TYPE"	"1"
|   12267|DEBUG|2018/03/16|19:40| 			"V_DESC"	"Tous les JO."
|   12267|DEBUG|2018/03/16|19:40| 			"V_JNAME"	"BCICACQCSB"
|   12267|DEBUG|2018/03/16|19:40| 			"XYWH"	"-40 -60 30 30"
|   12267|DEBUG|2018/03/16|19:40| 			"F_LPOS"	"1"
|   12267|DEBUG|2018/03/16|19:40| 			"URL_DOC"	""
|   12267|DEBUG|2018/03/16|19:40| 			"F_TYPE"	"3"
|   12267|DEBUG|2018/03/16|19:40| 			"F_CTYPE"	""
|   12267|DEBUG|2018/03/16|19:40| 		}
|   12267|DEBUG|2018/03/16|19:40| 		ELEM {
|   12267|DEBUG|2018/03/16|19:40| 			NB_PROP	"10"
|   12267|DEBUG|2018/03/16|19:40| 			"v_groupexec"	""
|   12267|DEBUG|2018/03/16|19:40| 			"ID"	"JO0000000317"
|   12267|DEBUG|2018/03/16|19:40| 			"TYPE"	"1"
|   12267|DEBUG|2018/03/16|19:40| 			"V_DESC"	"Acquisition retour COMPENSATION. Tous les JO."
|   12267|DEBUG|2018/03/16|19:40| 			"V_JNAME"	"BCICACQCLS"
|   12267|DEBUG|2018/03/16|19:40| 			"XYWH"	"240 1850 30 30"
|   12267|DEBUG|2018/03/16|19:40| 			"F_LPOS"	"1"
|   12267|DEBUG|2018/03/16|19:40| 			"URL_DOC"	""
|   12267|DEBUG|2018/03/16|19:40| 			"F_TYPE"	"3"
|   12267|DEBUG|2018/03/16|19:40| 			"F_CTYPE"	""
|   12267|DEBUG|2018/03/16|19:40| 		}
|   12267|DEBUG|2018/03/16|19:40| 		ELEM {
|   12267|DEBUG|2018/03/16|19:40| 			NB_PROP	"10"
|   12267|DEBUG|2018/03/16|19:40| 			"v_groupexec"	""
|   12267|DEBUG|2018/03/16|19:40| 			"ID"	"JO0000000318"
|   12267|DEBUG|2018/03/16|19:40| 			"TYPE"	"1"
|   12267|DEBUG|2018/03/16|19:40| 			"V_DESC"	"SPLIT - Gestion du fichier PNF3 - Dossier annulés . Tous les JO."
|   12267|DEBUG|2018/03/16|19:40| 			"V_JNAME"	"BCGESTPNF3"
|   12267|DEBUG|2018/03/16|19:40| 			"XYWH"	"820 -1650 30 30"
|   12267|DEBUG|2018/03/16|19:40| 			"F_LPOS"	"1"
|   12267|DEBUG|2018/03/16|19:40| 			"URL_DOC"	""
|   12267|DEBUG|2018/03/16|19:40| 			"F_TYPE"	"3"
|   12267|DEBUG|2018/03/16|19:40| 			"F_CTYPE"	""
|   12267|DEBUG|2018/03/16|19:40| 		}
|   12267|DEBUG|2018/03/16|19:40| 		ELEM {
|   12267|DEBUG|2018/03/16|19:40| 			NB_PROP	"10"
|   12267|DEBUG|2018/03/16|19:40| 			"v_groupexec"	""
|   12267|DEBUG|2018/03/16|19:40| 			"ID"	"JO0000000319"
|   12267|DEBUG|2018/03/16|19:40| 			"TYPE"	"1"
|   12267|DEBUG|2018/03/16|19:40| 			"V_DESC"	"SPLIT - Gestion du fichier PNF2. Tous les JO."
|   12267|DEBUG|2018/03/16|19:40| 			"V_JNAME"	"BCGESTPNF2"
|   12267|DEBUG|2018/03/16|19:40| 			"XYWH"	"650 -1650 30 30"
|   12267|DEBUG|2018/03/16|19:40| 			"F_LPOS"	"1"
|   12267|DEBUG|2018/03/16|19:40| 			"URL_DOC"	""
|   12267|DEBUG|2018/03/16|19:40| 			"F_TYPE"	"3"
|   12267|DEBUG|2018/03/16|19:40| 			"F_CTYPE"	""
|   12267|DEBUG|2018/03/16|19:40| 		}
|   12267|DEBUG|2018/03/16|19:40| 		ELEM {
|   12267|DEBUG|2018/03/16|19:40| 			NB_PROP	"10"
|   12267|DEBUG|2018/03/16|19:40| 			"v_groupexec"	""
|   12267|DEBUG|2018/03/16|19:40| 			"ID"	"JO0000000320"
|   12267|DEBUG|2018/03/16|19:40| 			"TYPE"	"1"
|   12267|DEBUG|2018/03/16|19:40| 			"V_DESC"	"SPLIT - Gestion du fichier PNF1. Tous les JO."
|   12267|DEBUG|2018/03/16|19:40| 			"V_JNAME"	"BCGESTPNF1"
|   12267|DEBUG|2018/03/16|19:40| 			"XYWH"	"500 -1650 30 30"
|   12267|DEBUG|2018/03/16|19:40| 			"F_LPOS"	"1"
|   12267|DEBUG|2018/03/16|19:40| 			"URL_DOC"	""
|   12267|DEBUG|2018/03/16|19:40| 			"F_TYPE"	"3"
|   12267|DEBUG|2018/03/16|19:40| 			"F_CTYPE"	""
|   12267|DEBUG|2018/03/16|19:40| 		}
|   12267|DEBUG|2018/03/16|19:40| 		ELEM {
|   12267|DEBUG|2018/03/16|19:40| 			NB_PROP	"10"
|   12267|DEBUG|2018/03/16|19:40| 			"v_groupexec"	""
|   12267|DEBUG|2018/03/16|19:40| 			"ID"	"JO0000000321"
|   12267|DEBUG|2018/03/16|19:40| 			"TYPE"	"1"
|   12267|DEBUG|2018/03/16|19:40| 			"V_DESC"	"Prise en compte fichier IM17499. Tous les JO."
|   12267|DEBUG|2018/03/16|19:40| 			"V_JNAME"	"BCFLUXCB02"
|   12267|DEBUG|2018/03/16|19:40| 			"XYWH"	"810 680 30 30"
|   12267|DEBUG|2018/03/16|19:40| 			"F_LPOS"	"1"
|   12267|DEBUG|2018/03/16|19:40| 			"URL_DOC"	"http://planetbci/DINF/DOC/spec/Montique/Flux%20financiers%20CB%20-%20BCFLUXCB%20et%20BCFLUXCB02"
|   12267|DEBUG|2018/03/16|19:40| 			"F_TYPE"	"3"
|   12267|DEBUG|2018/03/16|19:40| 			"F_CTYPE"	""
|   12267|DEBUG|2018/03/16|19:40| 		}
|   12267|DEBUG|2018/03/16|19:40| 		ELEM {
|   12267|DEBUG|2018/03/16|19:40| 			NB_PROP	"10"
|   12267|DEBUG|2018/03/16|19:40| 			"v_groupexec"	""
|   12267|DEBUG|2018/03/16|19:40| 			"ID"	"JO0000000322"
|   12267|DEBUG|2018/03/16|19:40| 			"TYPE"	"1"
|   12267|DEBUG|2018/03/16|19:40| 			"V_DESC"	"Tous les JO."
|   12267|DEBUG|2018/03/16|19:40| 			"V_JNAME"	"BCFLUXCB"
|   12267|DEBUG|2018/03/16|19:40| 			"XYWH"	"930 430 30 30"
|   12267|DEBUG|2018/03/16|19:40| 			"F_LPOS"	"1"
|   12267|DEBUG|2018/03/16|19:40| 			"URL_DOC"	"http://planetbci/DINF/DOC/spec/Montique/Flux%20financiers%20CB%20-%20BCFLUXCB%20et%20BCFLUXCB02/Flux%20financiers%20CB%20-%20BCFLUXCB%20-%20DEXP.doc"
|   12267|DEBUG|2018/03/16|19:40| 			"F_TYPE"	"3"
|   12267|DEBUG|2018/03/16|19:40| 			"F_CTYPE"	""
|   12267|DEBUG|2018/03/16|19:40| 		}
|   12267|DEBUG|2018/03/16|19:40| 		ELEM {
|   12267|DEBUG|2018/03/16|19:40| 			NB_PROP	"10"
|   12267|DEBUG|2018/03/16|19:40| 			"v_groupexec"	""
|   12267|DEBUG|2018/03/16|19:40| 			"ID"	"JO0000000323"
|   12267|DEBUG|2018/03/16|19:40| 			"TYPE"	"1"
|   12267|DEBUG|2018/03/16|19:40| 			"V_DESC"	"Courrier d'information sur cessassion d'assurance en cas de fin de prêt. Tous les JO."
|   12267|DEBUG|2018/03/16|19:40| 			"V_JNAME"	"BCFINASS"
|   12267|DEBUG|2018/03/16|19:40| 			"XYWH"	"400 -2750 30 30"
|   12267|DEBUG|2018/03/16|19:40| 			"F_LPOS"	"1"
|   12267|DEBUG|2018/03/16|19:40| 			"URL_DOC"	""
|   12267|DEBUG|2018/03/16|19:40| 			"F_TYPE"	"3"
|   12267|DEBUG|2018/03/16|19:40| 			"F_CTYPE"	""
|   12267|DEBUG|2018/03/16|19:40| 		}
|   12267|DEBUG|2018/03/16|19:40| 		ELEM {
|   12267|DEBUG|2018/03/16|19:40| 			NB_PROP	"10"
|   12267|DEBUG|2018/03/16|19:40| 			"v_groupexec"	""
|   12267|DEBUG|2018/03/16|19:40| 			"ID"	"JO0000000324"
|   12267|DEBUG|2018/03/16|19:40| 			"TYPE"	"1"
|   12267|DEBUG|2018/03/16|19:40| 			"V_DESC"	"Création de l'état des réponses FICP de la BDF. Journalier"
|   12267|DEBUG|2018/03/16|19:40| 			"V_JNAME"	"BCFICPREP"
|   12267|DEBUG|2018/03/16|19:40| 			"XYWH"	"620 -2060 30 30"
|   12267|DEBUG|2018/03/16|19:40| 			"F_LPOS"	"1"
|   12267|DEBUG|2018/03/16|19:40| 			"URL_DOC"	""
|   12267|DEBUG|2018/03/16|19:40| 			"F_TYPE"	"3"
|   12267|DEBUG|2018/03/16|19:40| 			"F_CTYPE"	""
|   12267|DEBUG|2018/03/16|19:40| 		}
|   12267|DEBUG|2018/03/16|19:40| 		ELEM {
|   12267|DEBUG|2018/03/16|19:40| 			NB_PROP	"10"
|   12267|DEBUG|2018/03/16|19:40| 			"v_groupexec"	""
|   12267|DEBUG|2018/03/16|19:40| 			"ID"	"JO0000000325"
|   12267|DEBUG|2018/03/16|19:40| 			"TYPE"	"1"
|   12267|DEBUG|2018/03/16|19:40| 			"V_DESC"	"Création de l'état des déclarations au FICP rejetées à la BDF. Mensuel"
|   12267|DEBUG|2018/03/16|19:40| 			"V_JNAME"	"BCFICPREJ"
|   12267|DEBUG|2018/03/16|19:40| 			"XYWH"	"1020 -2120 30 30"
|   12267|DEBUG|2018/03/16|19:40| 			"F_LPOS"	"1"
|   12267|DEBUG|2018/03/16|19:40| 			"URL_DOC"	""
|   12267|DEBUG|2018/03/16|19:40| 			"F_TYPE"	"3"
|   12267|DEBUG|2018/03/16|19:40| 			"F_CTYPE"	""
|   12267|DEBUG|2018/03/16|19:40| 		}
|   12267|DEBUG|2018/03/16|19:40| 		ELEM {
|   12267|DEBUG|2018/03/16|19:40| 			NB_PROP	"10"
|   12267|DEBUG|2018/03/16|19:40| 			"v_groupexec"	""
|   12267|DEBUG|2018/03/16|19:40| 			"ID"	"JO0000000326"
|   12267|DEBUG|2018/03/16|19:40| 			"TYPE"	"1"
|   12267|DEBUG|2018/03/16|19:40| 			"V_DESC"	"Etat de contrôle de la facturation FICP. Trimestriel"
|   12267|DEBUG|2018/03/16|19:40| 			"V_JNAME"	"BCFICPFACT"
|   12268|DEBUG|2018/03/16|19:40| 			"XYWH"	"1120 -2060 30 30"
|   12268|DEBUG|2018/03/16|19:40| 			"F_LPOS"	"1"
|   12268|DEBUG|2018/03/16|19:40| 			"URL_DOC"	""
|   12268|DEBUG|2018/03/16|19:40| 			"F_TYPE"	"3"
|   12268|DEBUG|2018/03/16|19:40| 			"F_CTYPE"	""
|   12268|DEBUG|2018/03/16|19:40| 		}
|   12268|DEBUG|2018/03/16|19:40| 		ELEM {
|   12268|DEBUG|2018/03/16|19:40| 			NB_PROP	"10"
|   12268|DEBUG|2018/03/16|19:40| 			"v_groupexec"	""
|   12268|DEBUG|2018/03/16|19:40| 			"ID"	"JO0000000327"
|   12268|DEBUG|2018/03/16|19:40| 			"TYPE"	"1"
|   12268|DEBUG|2018/03/16|19:40| 			"V_DESC"	"Etat de contrôle de la facturation FICP. Semestriel"
|   12268|DEBUG|2018/03/16|19:40| 			"V_JNAME"	"BCFICPFACS"
|   12268|DEBUG|2018/03/16|19:40| 			"XYWH"	"1120 -2000 30 30"
|   12268|DEBUG|2018/03/16|19:40| 			"F_LPOS"	"1"
|   12268|DEBUG|2018/03/16|19:40| 			"URL_DOC"	""
|   12268|DEBUG|2018/03/16|19:40| 			"F_TYPE"	"3"
|   12268|DEBUG|2018/03/16|19:40| 			"F_CTYPE"	""
|   12268|DEBUG|2018/03/16|19:40| 		}
|   12268|DEBUG|2018/03/16|19:40| 		ELEM {
|   12268|DEBUG|2018/03/16|19:40| 			NB_PROP	"10"
|   12268|DEBUG|2018/03/16|19:40| 			"v_groupexec"	""
|   12268|DEBUG|2018/03/16|19:40| 			"ID"	"JO0000000328"
|   12268|DEBUG|2018/03/16|19:40| 			"TYPE"	"1"
|   12268|DEBUG|2018/03/16|19:40| 			"V_DESC"	"Constitution de l'historique des rejets FICP. Mensuel"
|   12268|DEBUG|2018/03/16|19:40| 			"V_JNAME"	"BCFICPFAC"
|   12268|DEBUG|2018/03/16|19:40| 			"XYWH"	"1020 -2060 30 30"
|   12268|DEBUG|2018/03/16|19:40| 			"F_LPOS"	"1"
|   12268|DEBUG|2018/03/16|19:40| 			"URL_DOC"	""
|   12268|DEBUG|2018/03/16|19:40| 			"F_TYPE"	"3"
|   12268|DEBUG|2018/03/16|19:40| 			"F_CTYPE"	""
|   12268|DEBUG|2018/03/16|19:40| 		}
|   12268|DEBUG|2018/03/16|19:40| 		ELEM {
|   12268|DEBUG|2018/03/16|19:40| 			NB_PROP	"10"
|   12268|DEBUG|2018/03/16|19:40| 			"v_groupexec"	""
|   12268|DEBUG|2018/03/16|19:40| 			"ID"	"JO0000000329"
|   12268|DEBUG|2018/03/16|19:40| 			"TYPE"	"1"
|   12268|DEBUG|2018/03/16|19:40| 			"V_DESC"	"Prise en compte du fichier FCOD. Tous les JO."
|   12268|DEBUG|2018/03/16|19:40| 			"V_JNAME"	"BCFCIFCIR"
|   12268|DEBUG|2018/03/16|19:40| 			"XYWH"	"810 -2060 30 30"
|   12268|DEBUG|2018/03/16|19:40| 			"F_LPOS"	"1"
|   12268|DEBUG|2018/03/16|19:40| 			"URL_DOC"	""
|   12268|DEBUG|2018/03/16|19:40| 			"F_TYPE"	"3"
|   12268|DEBUG|2018/03/16|19:40| 			"F_CTYPE"	""
|   12268|DEBUG|2018/03/16|19:40| 		}
|   12268|DEBUG|2018/03/16|19:40| 		ELEM {
|   12268|DEBUG|2018/03/16|19:40| 			NB_PROP	"10"
|   12268|DEBUG|2018/03/16|19:40| 			"v_groupexec"	""
|   12268|DEBUG|2018/03/16|19:40| 			"ID"	"JO0000000330"
|   12268|DEBUG|2018/03/16|19:40| 			"TYPE"	"1"
|   12268|DEBUG|2018/03/16|19:40| 			"V_DESC"	"Retour FCC. Tous les JO."
|   12268|DEBUG|2018/03/16|19:40| 			"V_JNAME"	"BCFCIC13T"
|   12268|DEBUG|2018/03/16|19:40| 			"XYWH"	"440 -2120 30 30"
|   12268|DEBUG|2018/03/16|19:40| 			"F_LPOS"	"1"
|   12268|DEBUG|2018/03/16|19:40| 			"URL_DOC"	""
|   12268|DEBUG|2018/03/16|19:40| 			"F_TYPE"	"3"
|   12268|DEBUG|2018/03/16|19:40| 			"F_CTYPE"	""
|   12268|DEBUG|2018/03/16|19:40| 		}
|   12268|DEBUG|2018/03/16|19:40| 		ELEM {
|   12268|DEBUG|2018/03/16|19:40| 			NB_PROP	"10"
|   12268|DEBUG|2018/03/16|19:40| 			"v_groupexec"	""
|   12268|DEBUG|2018/03/16|19:40| 			"ID"	"JO0000000331"
|   12268|DEBUG|2018/03/16|19:40| 			"TYPE"	"1"
|   12268|DEBUG|2018/03/16|19:40| 			"V_DESC"	"Préparation du bordereau d'accompagnement du SIT au format PDF pour transmission par mèl via LDPRX. Ts les JO."
|   12268|DEBUG|2018/03/16|19:40| 			"V_JNAME"	"BCFAXSITA"
|   12268|DEBUG|2018/03/16|19:40| 			"XYWH"	"-340 980 30 30"
|   12268|DEBUG|2018/03/16|19:40| 			"F_LPOS"	"1"
|   12268|DEBUG|2018/03/16|19:40| 			"URL_DOC"	""
|   12268|DEBUG|2018/03/16|19:40| 			"F_TYPE"	"3"
|   12268|DEBUG|2018/03/16|19:40| 			"F_CTYPE"	""
|   12268|DEBUG|2018/03/16|19:40| 		}
|   12268|DEBUG|2018/03/16|19:40| 		ELEM {
|   12268|DEBUG|2018/03/16|19:40| 			NB_PROP	"10"
|   12268|DEBUG|2018/03/16|19:40| 			"v_groupexec"	""
|   12268|DEBUG|2018/03/16|19:40| 			"ID"	"JO0000000332"
|   12268|DEBUG|2018/03/16|19:40| 			"TYPE"	"1"
|   12268|DEBUG|2018/03/16|19:40| 			"V_DESC"	"Création d'un fichier CSV d'extraction de la table des gestionnaires pour l'OMP. 1er JO."
|   12268|DEBUG|2018/03/16|19:40| 			"V_JNAME"	"BCEDTGSTR"
|   12268|DEBUG|2018/03/16|19:40| 			"XYWH"	"590 4250 30 30"
|   12268|DEBUG|2018/03/16|19:40| 			"F_LPOS"	"7"
|   12268|DEBUG|2018/03/16|19:40| 			"URL_DOC"	""
|   12268|DEBUG|2018/03/16|19:40| 			"F_TYPE"	"3"
|   12268|DEBUG|2018/03/16|19:40| 			"F_CTYPE"	""
|   12268|DEBUG|2018/03/16|19:40| 		}
|   12268|DEBUG|2018/03/16|19:40| 		ELEM {
|   12268|DEBUG|2018/03/16|19:40| 			NB_PROP	"10"
|   12268|DEBUG|2018/03/16|19:40| 			"v_groupexec"	""
|   12268|DEBUG|2018/03/16|19:40| 			"ID"	"JO0000000333"
|   12268|DEBUG|2018/03/16|19:40| 			"TYPE"	"1"
|   12268|DEBUG|2018/03/16|19:40| 			"V_DESC"	""
|   12268|DEBUG|2018/03/16|19:40| 			"V_JNAME"	"BCDFTPRF"
|   12268|DEBUG|2018/03/16|19:40| 			"XYWH"	"30 4250 30 30"
|   12268|DEBUG|2018/03/16|19:40| 			"F_LPOS"	"1"
|   12268|DEBUG|2018/03/16|19:40| 			"URL_DOC"	""
|   12268|DEBUG|2018/03/16|19:40| 			"F_TYPE"	"3"
|   12268|DEBUG|2018/03/16|19:40| 			"F_CTYPE"	""
|   12268|DEBUG|2018/03/16|19:40| 		}
|   12268|DEBUG|2018/03/16|19:40| 		ELEM {
|   12268|DEBUG|2018/03/16|19:40| 			NB_PROP	"10"
|   12268|DEBUG|2018/03/16|19:40| 			"v_groupexec"	""
|   12268|DEBUG|2018/03/16|19:40| 			"ID"	"JO0000000334"
|   12268|DEBUG|2018/03/16|19:40| 			"TYPE"	"1"
|   12268|DEBUG|2018/03/16|19:40| 			"V_DESC"	"Mise a jour de la date GAB pour le serveur monetique (BCISRVMNT) Tous les Jours ouvres a 03H00"
|   12268|DEBUG|2018/03/16|19:40| 			"V_JNAME"	"BCDATEGAB"
|   12268|DEBUG|2018/03/16|19:40| 			"XYWH"	"-260 -2870 30 30"
|   12268|DEBUG|2018/03/16|19:40| 			"F_LPOS"	"0"
|   12268|DEBUG|2018/03/16|19:40| 			"URL_DOC"	""
|   12268|DEBUG|2018/03/16|19:40| 			"F_TYPE"	"3"
|   12268|DEBUG|2018/03/16|19:40| 			"F_CTYPE"	""
|   12268|DEBUG|2018/03/16|19:40| 		}
|   12268|DEBUG|2018/03/16|19:40| 		ELEM {
|   12268|DEBUG|2018/03/16|19:40| 			NB_PROP	"10"
|   12268|DEBUG|2018/03/16|19:40| 			"v_groupexec"	""
|   12268|DEBUG|2018/03/16|19:40| 			"ID"	"JO0000000335"
|   12268|DEBUG|2018/03/16|19:40| 			"TYPE"	"1"
|   12268|DEBUG|2018/03/16|19:40| 			"V_DESC"	"Edition d'un état pour factures RES 01 Retour. Premier jour ouvré."
|   12268|DEBUG|2018/03/16|19:40| 			"V_JNAME"	"BCCUMRESR"
|   12268|DEBUG|2018/03/16|19:40| 			"XYWH"	"300 200 30 30"
|   12268|DEBUG|2018/03/16|19:40| 			"F_LPOS"	"1"
|   12268|DEBUG|2018/03/16|19:40| 			"URL_DOC"	""
|   12268|DEBUG|2018/03/16|19:40| 			"F_TYPE"	"3"
|   12268|DEBUG|2018/03/16|19:40| 			"F_CTYPE"	""
|   12268|DEBUG|2018/03/16|19:40| 		}
|   12268|DEBUG|2018/03/16|19:40| 		ELEM {
|   12268|DEBUG|2018/03/16|19:40| 			NB_PROP	"10"
|   12268|DEBUG|2018/03/16|19:40| 			"v_groupexec"	""
|   12268|DEBUG|2018/03/16|19:40| 			"ID"	"JO0000000336"
|   12268|DEBUG|2018/03/16|19:40| 			"TYPE"	"1"
|   12268|DEBUG|2018/03/16|19:40| 			"V_DESC"	"Edition d'un état pour factures RES 01 Aller. Dernier JO du mois."
|   12268|DEBUG|2018/03/16|19:40| 			"V_JNAME"	"BCCUMRESA"
|   12268|DEBUG|2018/03/16|19:40| 			"XYWH"	"170 550 30 30"
|   12268|DEBUG|2018/03/16|19:40| 			"F_LPOS"	"1"
|   12268|DEBUG|2018/03/16|19:40| 			"URL_DOC"	""
|   12268|DEBUG|2018/03/16|19:40| 			"F_TYPE"	"3"
|   12268|DEBUG|2018/03/16|19:40| 			"F_CTYPE"	""
|   12268|DEBUG|2018/03/16|19:40| 		}
|   12268|DEBUG|2018/03/16|19:40| 		ELEM {
|   12268|DEBUG|2018/03/16|19:40| 			NB_PROP	"10"
|   12268|DEBUG|2018/03/16|19:40| 			"v_groupexec"	""
|   12268|DEBUG|2018/03/16|19:40| 			"ID"	"JO0000000337"
|   12268|DEBUG|2018/03/16|19:40| 			"TYPE"	"1"
|   12268|DEBUG|2018/03/16|19:40| 			"V_DESC"	"Contrôle du fichier Retour Compensation. Tous les JO."
|   12268|DEBUG|2018/03/16|19:40| 			"V_JNAME"	"BCCTRSIENC"
|   12268|DEBUG|2018/03/16|19:40| 			"XYWH"	"240 1250 30 30"
|   12268|DEBUG|2018/03/16|19:40| 			"F_LPOS"	"1"
|   12268|DEBUG|2018/03/16|19:40| 			"URL_DOC"	""
|   12268|DEBUG|2018/03/16|19:40| 			"F_TYPE"	"3"
|   12268|DEBUG|2018/03/16|19:40| 			"F_CTYPE"	""
|   12268|DEBUG|2018/03/16|19:40| 		}
|   12268|DEBUG|2018/03/16|19:40| 		ELEM {
|   12268|DEBUG|2018/03/16|19:40| 			NB_PROP	"10"
|   12268|DEBUG|2018/03/16|19:40| 			"v_groupexec"	""
|   12268|DEBUG|2018/03/16|19:40| 			"ID"	"JO0000000338"
|   12268|DEBUG|2018/03/16|19:40| 			"TYPE"	"1"
|   12268|DEBUG|2018/03/16|19:40| 			"V_DESC"	"Alerte en cas de commerçant mal déclaré dans un contrat SPLIT. Tous les JO."
|   12268|DEBUG|2018/03/16|19:40| 			"V_JNAME"	"BCCTRLPNF"
|   12269|DEBUG|2018/03/16|19:40| 			"XYWH"	"-20 860 30 30"
|   12269|DEBUG|2018/03/16|19:40| 			"F_LPOS"	"1"
|   12269|DEBUG|2018/03/16|19:40| 			"URL_DOC"	""
|   12269|DEBUG|2018/03/16|19:40| 			"F_TYPE"	"3"
|   12269|DEBUG|2018/03/16|19:40| 			"F_CTYPE"	""
|   12269|DEBUG|2018/03/16|19:40| 		}
|   12269|DEBUG|2018/03/16|19:40| 		ELEM {
|   12269|DEBUG|2018/03/16|19:40| 			NB_PROP	"10"
|   12269|DEBUG|2018/03/16|19:40| 			"v_groupexec"	""
|   12269|DEBUG|2018/03/16|19:40| 			"ID"	"JO0000000339"
|   12269|DEBUG|2018/03/16|19:40| 			"TYPE"	"1"
|   12269|DEBUG|2018/03/16|19:40| 			"V_DESC"	"Contrôle des enregs du fichier IMAFTC. Tous les JO."
|   12269|DEBUG|2018/03/16|19:40| 			"V_JNAME"	"BCCTIMAFTC"
|   12269|DEBUG|2018/03/16|19:40| 			"XYWH"	"520 -720 30 30"
|   12269|DEBUG|2018/03/16|19:40| 			"F_LPOS"	"1"
|   12269|DEBUG|2018/03/16|19:40| 			"URL_DOC"	""
|   12269|DEBUG|2018/03/16|19:40| 			"F_TYPE"	"3"
|   12269|DEBUG|2018/03/16|19:40| 			"F_CTYPE"	""
|   12269|DEBUG|2018/03/16|19:40| 		}
|   12269|DEBUG|2018/03/16|19:40| 		ELEM {
|   12269|DEBUG|2018/03/16|19:40| 			NB_PROP	"10"
|   12269|DEBUG|2018/03/16|19:40| 			"v_groupexec"	""
|   12269|DEBUG|2018/03/16|19:40| 			"ID"	"JO0000000340"
|   12269|DEBUG|2018/03/16|19:40| 			"TYPE"	"1"
|   12269|DEBUG|2018/03/16|19:40| 			"V_DESC"	"Constitution du Fichier ARCHEXTRAI pour la BASE EXTRAITS. Mensuel 1er JO."
|   12269|DEBUG|2018/03/16|19:40| 			"V_JNAME"	"BCCRNEXT00"
|   12269|DEBUG|2018/03/16|19:40| 			"XYWH"	"720 3250 30 30"
|   12269|DEBUG|2018/03/16|19:40| 			"F_LPOS"	"0"
|   12269|DEBUG|2018/03/16|19:40| 			"URL_DOC"	""
|   12269|DEBUG|2018/03/16|19:40| 			"F_TYPE"	"3"
|   12269|DEBUG|2018/03/16|19:40| 			"F_CTYPE"	""
|   12269|DEBUG|2018/03/16|19:40| 		}
|   12269|DEBUG|2018/03/16|19:40| 		ELEM {
|   12269|DEBUG|2018/03/16|19:40| 			NB_PROP	"10"
|   12269|DEBUG|2018/03/16|19:40| 			"v_groupexec"	""
|   12269|DEBUG|2018/03/16|19:40| 			"ID"	"JO0000000341"
|   12269|DEBUG|2018/03/16|19:40| 			"TYPE"	"1"
|   12269|DEBUG|2018/03/16|19:40| 			"V_DESC"	"Traitement Compte-rendu ALLER COMPENSATION pour SIENC. Tous les JO."
|   12269|DEBUG|2018/03/16|19:40| 			"V_JNAME"	"BCCRANOSIE"
|   12269|DEBUG|2018/03/16|19:40| 			"XYWH"	"450 100 30 30"
|   12269|DEBUG|2018/03/16|19:40| 			"F_LPOS"	"1"
|   12269|DEBUG|2018/03/16|19:40| 			"URL_DOC"	""
|   12269|DEBUG|2018/03/16|19:40| 			"F_TYPE"	"3"
|   12269|DEBUG|2018/03/16|19:40| 			"F_CTYPE"	""
|   12269|DEBUG|2018/03/16|19:40| 		}
|   12269|DEBUG|2018/03/16|19:40| 		ELEM {
|   12269|DEBUG|2018/03/16|19:40| 			NB_PROP	"10"
|   12269|DEBUG|2018/03/16|19:40| 			"v_groupexec"	""
|   12269|DEBUG|2018/03/16|19:40| 			"ID"	"JO0000000342"
|   12269|DEBUG|2018/03/16|19:40| 			"TYPE"	"1"
|   12269|DEBUG|2018/03/16|19:40| 			"V_DESC"	"Traitement SIT retour. Tous les JO."
|   12269|DEBUG|2018/03/16|19:40| 			"V_JNAME"	"BCCPYSITR"
|   12269|DEBUG|2018/03/16|19:40| 			"XYWH"	"200 140 30 30"
|   12269|DEBUG|2018/03/16|19:40| 			"F_LPOS"	"1"
|   12269|DEBUG|2018/03/16|19:40| 			"URL_DOC"	""
|   12269|DEBUG|2018/03/16|19:40| 			"F_TYPE"	"3"
|   12269|DEBUG|2018/03/16|19:40| 			"F_CTYPE"	""
|   12269|DEBUG|2018/03/16|19:40| 		}
|   12269|DEBUG|2018/03/16|19:40| 		ELEM {
|   12269|DEBUG|2018/03/16|19:40| 			NB_PROP	"10"
|   12269|DEBUG|2018/03/16|19:40| 			"v_groupexec"	""
|   12269|DEBUG|2018/03/16|19:40| 			"ID"	"JO0000000343"
|   12269|DEBUG|2018/03/16|19:40| 			"TYPE"	"1"
|   12269|DEBUG|2018/03/16|19:40| 			"V_DESC"	"Prise en compte des rejets LCR pour declaration IEOM. Journalier"
|   12269|DEBUG|2018/03/16|19:40| 			"V_JNAME"	"BCCPYSITEV"
|   12269|DEBUG|2018/03/16|19:40| 			"XYWH"	"700 -370 30 30"
|   12269|DEBUG|2018/03/16|19:40| 			"F_LPOS"	"1"
|   12269|DEBUG|2018/03/16|19:40| 			"URL_DOC"	""
|   12269|DEBUG|2018/03/16|19:40| 			"F_TYPE"	"3"
|   12269|DEBUG|2018/03/16|19:40| 			"F_CTYPE"	""
|   12269|DEBUG|2018/03/16|19:40| 		}
|   12269|DEBUG|2018/03/16|19:40| 		ELEM {
|   12269|DEBUG|2018/03/16|19:40| 			NB_PROP	"10"
|   12269|DEBUG|2018/03/16|19:40| 			"v_groupexec"	""
|   12269|DEBUG|2018/03/16|19:40| 			"ID"	"JO0000000344"
|   12269|DEBUG|2018/03/16|19:40| 			"TYPE"	"1"
|   12269|DEBUG|2018/03/16|19:40| 			"V_DESC"	"Traitement SIT aller. Tous les JO."
|   12269|DEBUG|2018/03/16|19:40| 			"V_JNAME"	"BCCPYSITA"
|   12269|DEBUG|2018/03/16|19:40| 			"XYWH"	"370 420 30 30"
|   12269|DEBUG|2018/03/16|19:40| 			"F_LPOS"	"1"
|   12269|DEBUG|2018/03/16|19:40| 			"URL_DOC"	""
|   12269|DEBUG|2018/03/16|19:40| 			"F_TYPE"	"3"
|   12269|DEBUG|2018/03/16|19:40| 			"F_CTYPE"	""
|   12269|DEBUG|2018/03/16|19:40| 		}
|   12269|DEBUG|2018/03/16|19:40| 		ELEM {
|   12269|DEBUG|2018/03/16|19:40| 			NB_PROP	"10"
|   12269|DEBUG|2018/03/16|19:40| 			"v_groupexec"	""
|   12269|DEBUG|2018/03/16|19:40| 			"ID"	"JO0000000345"
|   12269|DEBUG|2018/03/16|19:40| 			"TYPE"	"1"
|   12269|DEBUG|2018/03/16|19:40| 			"V_DESC"	"Copie en append du fichier des chèques en euro dans le fichier des chèques en CFP. Tous les JO."
|   12269|DEBUG|2018/03/16|19:40| 			"V_JNAME"	"BCCPYCHQ"
|   12269|DEBUG|2018/03/16|19:40| 			"XYWH"	"520 -790 30 30"
|   12269|DEBUG|2018/03/16|19:40| 			"F_LPOS"	"1"
|   12269|DEBUG|2018/03/16|19:40| 			"URL_DOC"	""
|   12269|DEBUG|2018/03/16|19:40| 			"F_TYPE"	"3"
|   12269|DEBUG|2018/03/16|19:40| 			"F_CTYPE"	""
|   12269|DEBUG|2018/03/16|19:40| 		}
|   12269|DEBUG|2018/03/16|19:40| 		ELEM {
|   12269|DEBUG|2018/03/16|19:40| 			NB_PROP	"10"
|   12269|DEBUG|2018/03/16|19:40| 			"v_groupexec"	""
|   12269|DEBUG|2018/03/16|19:40| 			"ID"	"JO0000000346"
|   12269|DEBUG|2018/03/16|19:40| 			"TYPE"	"1"
|   12269|DEBUG|2018/03/16|19:40| 			"V_DESC"	"Conversion Chèques Confrères. Tous les JO."
|   12269|DEBUG|2018/03/16|19:40| 			"V_JNAME"	"BCCNVCHQCB"
|   12269|DEBUG|2018/03/16|19:40| 			"XYWH"	"240 1610 30 30"
|   12269|DEBUG|2018/03/16|19:40| 			"F_LPOS"	"1"
|   12269|DEBUG|2018/03/16|19:40| 			"URL_DOC"	""
|   12269|DEBUG|2018/03/16|19:40| 			"F_TYPE"	"3"
|   12269|DEBUG|2018/03/16|19:40| 			"F_CTYPE"	""
|   12269|DEBUG|2018/03/16|19:40| 		}
|   12269|DEBUG|2018/03/16|19:40| 		ELEM {
|   12269|DEBUG|2018/03/16|19:40| 			NB_PROP	"10"
|   12269|DEBUG|2018/03/16|19:40| 			"v_groupexec"	""
|   12269|DEBUG|2018/03/16|19:40| 			"ID"	"JO0000000347"
|   12269|DEBUG|2018/03/16|19:40| 			"TYPE"	"1"
|   12269|DEBUG|2018/03/16|19:40| 			"V_DESC"	"Clear du fichier EICSITOCAL. Tous les JO."
|   12269|DEBUG|2018/03/16|19:40| 			"V_JNAME"	"BCCLRALSIE"
|   12269|DEBUG|2018/03/16|19:40| 			"XYWH"	"240 1310 30 30"
|   12269|DEBUG|2018/03/16|19:40| 			"F_LPOS"	"1"
|   12269|DEBUG|2018/03/16|19:40| 			"URL_DOC"	""
|   12269|DEBUG|2018/03/16|19:40| 			"F_TYPE"	"3"
|   12269|DEBUG|2018/03/16|19:40| 			"F_CTYPE"	""
|   12269|DEBUG|2018/03/16|19:40| 		}
|   12269|DEBUG|2018/03/16|19:40| 		ELEM {
|   12269|DEBUG|2018/03/16|19:40| 			NB_PROP	"10"
|   12269|DEBUG|2018/03/16|19:40| 			"v_groupexec"	""
|   12269|DEBUG|2018/03/16|19:40| 			"ID"	"JO0000000348"
|   12269|DEBUG|2018/03/16|19:40| 			"TYPE"	"1"
|   12269|DEBUG|2018/03/16|19:40| 			"V_DESC"	"Traitement retour COMPENSATION CHEQUE. Tous les JO."
|   12269|DEBUG|2018/03/16|19:40| 			"V_JNAME"	"BCCHQRET"
|   12269|DEBUG|2018/03/16|19:40| 			"XYWH"	"240 1670 30 30"
|   12269|DEBUG|2018/03/16|19:40| 			"F_LPOS"	"1"
|   12269|DEBUG|2018/03/16|19:40| 			"URL_DOC"	""
|   12269|DEBUG|2018/03/16|19:40| 			"F_TYPE"	"3"
|   12269|DEBUG|2018/03/16|19:40| 			"F_CTYPE"	""
|   12269|DEBUG|2018/03/16|19:40| 		}
|   12269|DEBUG|2018/03/16|19:40| 		ELEM {
|   12269|DEBUG|2018/03/16|19:40| 			NB_PROP	"10"
|   12269|DEBUG|2018/03/16|19:40| 			"v_groupexec"	""
|   12269|DEBUG|2018/03/16|19:40| 			"ID"	"JO0000000349"
|   12269|DEBUG|2018/03/16|19:40| 			"TYPE"	"1"
|   12269|DEBUG|2018/03/16|19:40| 			"V_DESC"	"Listing des chèques sur chéquiers non délivrés ou absents. Tous les JO."
|   12269|DEBUG|2018/03/16|19:40| 			"V_JNAME"	"BCCHQNDLV"
|   12269|DEBUG|2018/03/16|19:40| 			"XYWH"	"240 1730 30 30"
|   12269|DEBUG|2018/03/16|19:40| 			"F_LPOS"	"1"
|   12269|DEBUG|2018/03/16|19:40| 			"URL_DOC"	""
|   12269|DEBUG|2018/03/16|19:40| 			"F_TYPE"	"3"
|   12269|DEBUG|2018/03/16|19:40| 			"F_CTYPE"	""
|   12269|DEBUG|2018/03/16|19:40| 		}
|   12269|DEBUG|2018/03/16|19:40| 		ELEM {
|   12269|DEBUG|2018/03/16|19:40| 			NB_PROP	"10"
|   12270|DEBUG|2018/03/16|19:40| 			"v_groupexec"	""
|   12270|DEBUG|2018/03/16|19:40| 			"ID"	"JO0000000350"
|   12270|DEBUG|2018/03/16|19:40| 			"TYPE"	"1"
|   12270|DEBUG|2018/03/16|19:40| 			"V_DESC"	"Traitement Contrôle retour COMPENSATION si pas de Cheque en double. Tous les JO."
|   12270|DEBUG|2018/03/16|19:40| 			"V_JNAME"	"BCCCHQRET"
|   12270|DEBUG|2018/03/16|19:40| 			"XYWH"	"240 1490 30 30"
|   12270|DEBUG|2018/03/16|19:40| 			"F_LPOS"	"1"
|   12270|DEBUG|2018/03/16|19:40| 			"URL_DOC"	""
|   12270|DEBUG|2018/03/16|19:40| 			"F_TYPE"	"3"
|   12270|DEBUG|2018/03/16|19:40| 			"F_CTYPE"	""
|   12270|DEBUG|2018/03/16|19:40| 		}
|   12270|DEBUG|2018/03/16|19:40| 		ELEM {
|   12270|DEBUG|2018/03/16|19:40| 			NB_PROP	"10"
|   12270|DEBUG|2018/03/16|19:40| 			"v_groupexec"	""
|   12270|DEBUG|2018/03/16|19:40| 			"ID"	"JO0000000351"
|   12270|DEBUG|2018/03/16|19:40| 			"TYPE"	"1"
|   12270|DEBUG|2018/03/16|19:40| 			"V_DESC"	"Edition du calendrier pour le mois en cours avec le détail du poids des jours. Tous les JO."
|   12270|DEBUG|2018/03/16|19:40| 			"V_JNAME"	"BCCALEND"
|   12270|DEBUG|2018/03/16|19:40| 			"XYWH"	"400 -2870 30 30"
|   12270|DEBUG|2018/03/16|19:40| 			"F_LPOS"	"1"
|   12270|DEBUG|2018/03/16|19:40| 			"URL_DOC"	""
|   12270|DEBUG|2018/03/16|19:40| 			"F_TYPE"	"3"
|   12270|DEBUG|2018/03/16|19:40| 			"F_CTYPE"	""
|   12270|DEBUG|2018/03/16|19:40| 		}
|   12270|DEBUG|2018/03/16|19:40| 		ELEM {
|   12270|DEBUG|2018/03/16|19:40| 			NB_PROP	"10"
|   12270|DEBUG|2018/03/16|19:40| 			"v_groupexec"	""
|   12270|DEBUG|2018/03/16|19:40| 			"ID"	"JO0000000352"
|   12270|DEBUG|2018/03/16|19:40| 			"TYPE"	"1"
|   12270|DEBUG|2018/03/16|19:40| 			"V_DESC"	"Remise à zéro annuelle du numéro de fichier. 1er JO de l'année."
|   12270|DEBUG|2018/03/16|19:40| 			"V_JNAME"	"BCALESIERZ"
|   12270|DEBUG|2018/03/16|19:40| 			"XYWH"	"530 -480 30 30"
|   12270|DEBUG|2018/03/16|19:40| 			"F_LPOS"	"7"
|   12270|DEBUG|2018/03/16|19:40| 			"URL_DOC"	""
|   12270|DEBUG|2018/03/16|19:40| 			"F_TYPE"	"3"
|   12270|DEBUG|2018/03/16|19:40| 			"F_CTYPE"	""
|   12270|DEBUG|2018/03/16|19:40| 		}
|   12270|DEBUG|2018/03/16|19:40| 		ELEM {
|   12270|DEBUG|2018/03/16|19:40| 			NB_PROP	"10"
|   12270|DEBUG|2018/03/16|19:40| 			"v_groupexec"	""
|   12270|DEBUG|2018/03/16|19:40| 			"ID"	"JO0000000353"
|   12270|DEBUG|2018/03/16|19:40| 			"TYPE"	"1"
|   12270|DEBUG|2018/03/16|19:40| 			"V_DESC"	"Traitement ALLER COMPENSATION pour SIENC. Tous les JO."
|   12270|DEBUG|2018/03/16|19:40| 			"V_JNAME"	"BCACSIENC"
|   12270|DEBUG|2018/03/16|19:40| 			"XYWH"	"530 -370 30 30"
|   12270|DEBUG|2018/03/16|19:40| 			"F_LPOS"	"1"
|   12270|DEBUG|2018/03/16|19:40| 			"URL_DOC"	""
|   12270|DEBUG|2018/03/16|19:40| 			"F_TYPE"	"3"
|   12270|DEBUG|2018/03/16|19:40| 			"F_CTYPE"	""
|   12270|DEBUG|2018/03/16|19:40| 		}
|   12270|DEBUG|2018/03/16|19:40| 		ELEM {
|   12270|DEBUG|2018/03/16|19:40| 			NB_PROP	"10"
|   12270|DEBUG|2018/03/16|19:40| 			"v_groupexec"	""
|   12270|DEBUG|2018/03/16|19:40| 			"ID"	"JO0000000354"
|   12270|DEBUG|2018/03/16|19:40| 			"TYPE"	"1"
|   12270|DEBUG|2018/03/16|19:40| 			"V_DESC"	"Prise en compte retour CSB (Traitement de VALIDATION). Tous les JO."
|   12270|DEBUG|2018/03/16|19:40| 			"V_JNAME"	"BCACRCMSB3"
|   12270|DEBUG|2018/03/16|19:40| 			"XYWH"	"530 -580 30 30"
|   12270|DEBUG|2018/03/16|19:40| 			"F_LPOS"	"7"
|   12270|DEBUG|2018/03/16|19:40| 			"URL_DOC"	""
|   12270|DEBUG|2018/03/16|19:40| 			"F_TYPE"	"3"
|   12270|DEBUG|2018/03/16|19:40| 			"F_CTYPE"	""
|   12270|DEBUG|2018/03/16|19:40| 		}
|   12270|DEBUG|2018/03/16|19:40| 		ELEM {
|   12270|DEBUG|2018/03/16|19:40| 			NB_PROP	"10"
|   12270|DEBUG|2018/03/16|19:40| 			"v_groupexec"	""
|   12270|DEBUG|2018/03/16|19:40| 			"ID"	"JO0000000355"
|   12270|DEBUG|2018/03/16|19:40| 			"TYPE"	"1"
|   12270|DEBUG|2018/03/16|19:40| 			"V_DESC"	"Prise en compte retour CSB aprés correction. Tous les JO."
|   12270|DEBUG|2018/03/16|19:40| 			"V_JNAME"	"BCACRCMSB2"
|   12270|DEBUG|2018/03/16|19:40| 			"XYWH"	"610 -650 30 30"
|   12270|DEBUG|2018/03/16|19:40| 			"F_LPOS"	"1"
|   12270|DEBUG|2018/03/16|19:40| 			"URL_DOC"	""
|   12270|DEBUG|2018/03/16|19:40| 			"F_TYPE"	"3"
|   12270|DEBUG|2018/03/16|19:40| 			"F_CTYPE"	""
|   12270|DEBUG|2018/03/16|19:40| 		}
|   12270|DEBUG|2018/03/16|19:40| 		ELEM {
|   12270|DEBUG|2018/03/16|19:40| 			NB_PROP	"10"
|   12270|DEBUG|2018/03/16|19:40| 			"v_groupexec"	""
|   12270|DEBUG|2018/03/16|19:40| 			"ID"	"JO0000000356"
|   12270|DEBUG|2018/03/16|19:40| 			"TYPE"	"1"
|   12270|DEBUG|2018/03/16|19:40| 			"V_DESC"	"Prise en compte retour CSB 1 er Passage de contôle. Tous les JO."
|   12270|DEBUG|2018/03/16|19:40| 			"V_JNAME"	"BCACRCMSB1"
|   12270|DEBUG|2018/03/16|19:40| 			"XYWH"	"430 -650 30 30"
|   12270|DEBUG|2018/03/16|19:40| 			"F_LPOS"	"1"
|   12270|DEBUG|2018/03/16|19:40| 			"URL_DOC"	""
|   12270|DEBUG|2018/03/16|19:40| 			"F_TYPE"	"3"
|   12270|DEBUG|2018/03/16|19:40| 			"F_CTYPE"	""
|   12270|DEBUG|2018/03/16|19:40| 		}
|   12270|DEBUG|2018/03/16|19:40| 		ELEM {
|   12270|DEBUG|2018/03/16|19:40| 			NB_PROP	"10"
|   12270|DEBUG|2018/03/16|19:40| 			"v_groupexec"	""
|   12270|DEBUG|2018/03/16|19:40| 			"ID"	"JO0000000357"
|   12270|DEBUG|2018/03/16|19:40| 			"TYPE"	"1"
|   12270|DEBUG|2018/03/16|19:40| 			"V_DESC"	"Tous les JO."
|   12270|DEBUG|2018/03/16|19:40| 			"V_JNAME"	"BCACQEXN2"
|   12270|DEBUG|2018/03/16|19:40| 			"XYWH"	"810 800 30 30"
|   12270|DEBUG|2018/03/16|19:40| 			"F_LPOS"	"1"
|   12270|DEBUG|2018/03/16|19:40| 			"URL_DOC"	""
|   12270|DEBUG|2018/03/16|19:40| 			"F_TYPE"	"3"
|   12270|DEBUG|2018/03/16|19:40| 			"F_CTYPE"	""
|   12270|DEBUG|2018/03/16|19:40| 		}
|   12270|DEBUG|2018/03/16|19:40| 		ELEM {
|   12270|DEBUG|2018/03/16|19:40| 			NB_PROP	"10"
|   12270|DEBUG|2018/03/16|19:40| 			"v_groupexec"	""
|   12270|DEBUG|2018/03/16|19:40| 			"ID"	"JO0000000358"
|   12270|DEBUG|2018/03/16|19:40| 			"TYPE"	"1"
|   12270|DEBUG|2018/03/16|19:40| 			"V_DESC"	"Contrôle des enregistrements du fichier BDACJADCO. Tous les JO."
|   12270|DEBUG|2018/03/16|19:40| 			"V_JNAME"	"BCACJADCTL"
|   12270|DEBUG|2018/03/16|19:40| 			"XYWH"	"130 -540 30 30"
|   12270|DEBUG|2018/03/16|19:40| 			"F_LPOS"	"3"
|   12270|DEBUG|2018/03/16|19:40| 			"URL_DOC"	""
|   12270|DEBUG|2018/03/16|19:40| 			"F_TYPE"	"3"
|   12270|DEBUG|2018/03/16|19:40| 			"F_CTYPE"	""
|   12270|DEBUG|2018/03/16|19:40| 		}
|   12270|DEBUG|2018/03/16|19:40| 		ELEM {
|   12270|DEBUG|2018/03/16|19:40| 			NB_PROP	"10"
|   12270|DEBUG|2018/03/16|19:40| 			"v_groupexec"	""
|   12270|DEBUG|2018/03/16|19:40| 			"ID"	"JO0000000359"
|   12270|DEBUG|2018/03/16|19:40| 			"TYPE"	"1"
|   12270|DEBUG|2018/03/16|19:40| 			"V_DESC"	"Archivage de CB17499.TXT dans D:\Archive\MONEXT\CB17499P. Tous les JO."
|   12270|DEBUG|2018/03/16|19:40| 			"V_JNAME"	"ARCCB17499P"
|   12270|DEBUG|2018/03/16|19:40| 			"XYWH"	"1190 -360 30 30"
|   12270|DEBUG|2018/03/16|19:40| 			"F_LPOS"	"0"
|   12270|DEBUG|2018/03/16|19:40| 			"URL_DOC"	""
|   12270|DEBUG|2018/03/16|19:40| 			"F_TYPE"	"0"
|   12270|DEBUG|2018/03/16|19:40| 			"F_CTYPE"	""
|   12270|DEBUG|2018/03/16|19:40| 		}
|   12270|DEBUG|2018/03/16|19:40| 		ELEM {
|   12270|DEBUG|2018/03/16|19:40| 			NB_PROP	"10"
|   12270|DEBUG|2018/03/16|19:40| 			"v_groupexec"	""
|   12270|DEBUG|2018/03/16|19:40| 			"ID"	"JO0000000360"
|   12270|DEBUG|2018/03/16|19:40| 			"TYPE"	"1"
|   12270|DEBUG|2018/03/16|19:40| 			"V_DESC"	"Archivage de VPRECAP.TXT dans D:\Archive\Monecam\VPRECAP. Tous les JO."
|   12270|DEBUG|2018/03/16|19:40| 			"V_JNAME"	"ARCVPRECAP"
|   12270|DEBUG|2018/03/16|19:40| 			"XYWH"	"1170 -10 30 30"
|   12270|DEBUG|2018/03/16|19:40| 			"F_LPOS"	"0"
|   12270|DEBUG|2018/03/16|19:40| 			"URL_DOC"	""
|   12270|DEBUG|2018/03/16|19:40| 			"F_TYPE"	"0"
|   12270|DEBUG|2018/03/16|19:40| 			"F_CTYPE"	""
|   12270|DEBUG|2018/03/16|19:40| 		}
|   12270|DEBUG|2018/03/16|19:40| 		ELEM {
|   12270|DEBUG|2018/03/16|19:40| 			NB_PROP	"10"
|   12270|DEBUG|2018/03/16|19:40| 			"v_groupexec"	""
|   12270|DEBUG|2018/03/16|19:40| 			"ID"	"JO0000000361"
|   12270|DEBUG|2018/03/16|19:40| 			"TYPE"	"1"
|   12271|DEBUG|2018/03/16|19:40| 			"V_DESC"	"Archivage de VPJAD.BCI dans D:\Archive\VPJAD. Tous les JO."
|   12271|DEBUG|2018/03/16|19:40| 			"V_JNAME"	"ARCVPJAD"
|   12271|DEBUG|2018/03/16|19:40| 			"XYWH"	"40 -480 30 30"
|   12271|DEBUG|2018/03/16|19:40| 			"F_LPOS"	"4"
|   12271|DEBUG|2018/03/16|19:40| 			"URL_DOC"	""
|   12271|DEBUG|2018/03/16|19:40| 			"F_TYPE"	"0"
|   12271|DEBUG|2018/03/16|19:40| 			"F_CTYPE"	""
|   12271|DEBUG|2018/03/16|19:40| 		}
|   12271|DEBUG|2018/03/16|19:40| 		ELEM {
|   12271|DEBUG|2018/03/16|19:40| 			NB_PROP	"10"
|   12271|DEBUG|2018/03/16|19:40| 			"v_groupexec"	""
|   12271|DEBUG|2018/03/16|19:40| 			"ID"	"JO0000000362"
|   12271|DEBUG|2018/03/16|19:40| 			"TYPE"	"1"
|   12271|DEBUG|2018/03/16|19:40| 			"V_DESC"	"Archivage de VPEXPER.TXT dans D:\Archive\Monecam\VPEXPER. Tous les JO."
|   12271|DEBUG|2018/03/16|19:40| 			"V_JNAME"	"ARCVPEXPER"
|   12271|DEBUG|2018/03/16|19:40| 			"XYWH"	"1170 110 30 30"
|   12271|DEBUG|2018/03/16|19:40| 			"F_LPOS"	"0"
|   12271|DEBUG|2018/03/16|19:40| 			"URL_DOC"	""
|   12271|DEBUG|2018/03/16|19:40| 			"F_TYPE"	"0"
|   12271|DEBUG|2018/03/16|19:40| 			"F_CTYPE"	""
|   12271|DEBUG|2018/03/16|19:40| 		}
|   12271|DEBUG|2018/03/16|19:40| 		ELEM {
|   12271|DEBUG|2018/03/16|19:40| 			NB_PROP	"10"
|   12271|DEBUG|2018/03/16|19:40| 			"v_groupexec"	""
|   12271|DEBUG|2018/03/16|19:40| 			"ID"	"JO0000000363"
|   12271|DEBUG|2018/03/16|19:40| 			"TYPE"	"1"
|   12271|DEBUG|2018/03/16|19:40| 			"V_DESC"	"Archivage de VPCEDI.TXT dans D:\Archive\Monecam\VPCEDI. tous les JO."
|   12271|DEBUG|2018/03/16|19:40| 			"V_JNAME"	"ARCVPCEDI"
|   12271|DEBUG|2018/03/16|19:40| 			"XYWH"	"1170 50 30 30"
|   12271|DEBUG|2018/03/16|19:40| 			"F_LPOS"	"0"
|   12271|DEBUG|2018/03/16|19:40| 			"URL_DOC"	""
|   12271|DEBUG|2018/03/16|19:40| 			"F_TYPE"	"0"
|   12271|DEBUG|2018/03/16|19:40| 			"F_CTYPE"	""
|   12271|DEBUG|2018/03/16|19:40| 		}
|   12271|DEBUG|2018/03/16|19:40| 		ELEM {
|   12271|DEBUG|2018/03/16|19:40| 			NB_PROP	"10"
|   12271|DEBUG|2018/03/16|19:40| 			"v_groupexec"	""
|   12271|DEBUG|2018/03/16|19:40| 			"ID"	"JO0000000364"
|   12271|DEBUG|2018/03/16|19:40| 			"TYPE"	"1"
|   12271|DEBUG|2018/03/16|19:40| 			"V_DESC"	"Archivage de ST17499.TXT dans D:\Archive\Monecam\DI17499. 5ème JO."
|   12271|DEBUG|2018/03/16|19:40| 			"V_JNAME"	"ARCST17499"
|   12271|DEBUG|2018/03/16|19:40| 			"XYWH"	"1100 270 30 30"
|   12271|DEBUG|2018/03/16|19:40| 			"F_LPOS"	"0"
|   12271|DEBUG|2018/03/16|19:40| 			"URL_DOC"	""
|   12271|DEBUG|2018/03/16|19:40| 			"F_TYPE"	"0"
|   12271|DEBUG|2018/03/16|19:40| 			"F_CTYPE"	""
|   12271|DEBUG|2018/03/16|19:40| 		}
|   12271|DEBUG|2018/03/16|19:40| 		ELEM {
|   12271|DEBUG|2018/03/16|19:40| 			NB_PROP	"10"
|   12271|DEBUG|2018/03/16|19:40| 			"v_groupexec"	""
|   12271|DEBUG|2018/03/16|19:40| 			"ID"	"JO0000000365"
|   12271|DEBUG|2018/03/16|19:40| 			"TYPE"	"1"
|   12271|DEBUG|2018/03/16|19:40| 			"V_DESC"	"Archivage de BCISPREM.TXT dans D:\Archive\CSB\SPLIT. Tous les JO."
|   12271|DEBUG|2018/03/16|19:40| 			"V_JNAME"	"ARCSPREM"
|   12271|DEBUG|2018/03/16|19:40| 			"XYWH"	"700 -1470 30 30"
|   12271|DEBUG|2018/03/16|19:40| 			"F_LPOS"	"1"
|   12271|DEBUG|2018/03/16|19:40| 			"URL_DOC"	""
|   12271|DEBUG|2018/03/16|19:40| 			"F_TYPE"	"0"
|   12271|DEBUG|2018/03/16|19:40| 			"F_CTYPE"	""
|   12271|DEBUG|2018/03/16|19:40| 		}
|   12271|DEBUG|2018/03/16|19:40| 		ELEM {
|   12271|DEBUG|2018/03/16|19:40| 			NB_PROP	"10"
|   12271|DEBUG|2018/03/16|19:40| 			"v_groupexec"	""
|   12271|DEBUG|2018/03/16|19:40| 			"ID"	"JO0000000366"
|   12271|DEBUG|2018/03/16|19:40| 			"TYPE"	"1"
|   12271|DEBUG|2018/03/16|19:40| 			"V_DESC"	"Archivage de SIETPBCIC.ZIP en clair dans D:\Archive\SIENC\Retour\PDF. tous les JO."
|   12271|DEBUG|2018/03/16|19:40| 			"V_JNAME"	"ARCSIETPBCIC"
|   12271|DEBUG|2018/03/16|19:40| 			"XYWH"	"710 1310 30 30"
|   12271|DEBUG|2018/03/16|19:40| 			"F_LPOS"	"1"
|   12271|DEBUG|2018/03/16|19:40| 			"URL_DOC"	""
|   12271|DEBUG|2018/03/16|19:40| 			"F_TYPE"	"0"
|   12271|DEBUG|2018/03/16|19:40| 			"F_CTYPE"	""
|   12271|DEBUG|2018/03/16|19:40| 		}
|   12271|DEBUG|2018/03/16|19:40| 		ELEM {
|   12271|DEBUG|2018/03/16|19:40| 			NB_PROP	"10"
|   12271|DEBUG|2018/03/16|19:40| 			"v_groupexec"	""
|   12271|DEBUG|2018/03/16|19:40| 			"ID"	"JO0000000367"
|   12271|DEBUG|2018/03/16|19:40| 			"TYPE"	"1"
|   12271|DEBUG|2018/03/16|19:40| 			"V_DESC"	"Archivage de SIEREBCI.zip dans D:\Archive\SIENC\Retour\SIEREBCI. Tous les JO."
|   12271|DEBUG|2018/03/16|19:40| 			"V_JNAME"	"ARCSIEREBCI"
|   12271|DEBUG|2018/03/16|19:40| 			"XYWH"	"470 1190 30 30"
|   12271|DEBUG|2018/03/16|19:40| 			"F_LPOS"	"0"
|   12271|DEBUG|2018/03/16|19:40| 			"URL_DOC"	""
|   12271|DEBUG|2018/03/16|19:40| 			"F_TYPE"	"0"
|   12271|DEBUG|2018/03/16|19:40| 			"F_CTYPE"	""
|   12271|DEBUG|2018/03/16|19:40| 		}
|   12271|DEBUG|2018/03/16|19:40| 		ELEM {
|   12271|DEBUG|2018/03/16|19:40| 			NB_PROP	"10"
|   12271|DEBUG|2018/03/16|19:40| 			"v_groupexec"	""
|   12271|DEBUG|2018/03/16|19:40| 			"ID"	"JO0000000368"
|   12271|DEBUG|2018/03/16|19:40| 			"TYPE"	"1"
|   12271|DEBUG|2018/03/16|19:40| 			"V_DESC"	"Archivage de SIEEXBCI.TXT dans D:\Archive\SIENC\Retour\SIEEXBCI. A la demande."
|   12271|DEBUG|2018/03/16|19:40| 			"V_JNAME"	"ARCSIEEXBCI"
|   12271|DEBUG|2018/03/16|19:40| 			"XYWH"	"710 1970 30 30"
|   12271|DEBUG|2018/03/16|19:40| 			"F_LPOS"	"1"
|   12271|DEBUG|2018/03/16|19:40| 			"URL_DOC"	""
|   12271|DEBUG|2018/03/16|19:40| 			"F_TYPE"	"0"
|   12271|DEBUG|2018/03/16|19:40| 			"F_CTYPE"	""
|   12271|DEBUG|2018/03/16|19:40| 		}
|   12271|DEBUG|2018/03/16|19:40| 		ELEM {
|   12271|DEBUG|2018/03/16|19:40| 			NB_PROP	"10"
|   12271|DEBUG|2018/03/16|19:40| 			"v_groupexec"	""
|   12271|DEBUG|2018/03/16|19:40| 			"ID"	"JO0000000369"
|   12271|DEBUG|2018/03/16|19:40| 			"TYPE"	"1"
|   12271|DEBUG|2018/03/16|19:40| 			"V_DESC"	"Archivage de SIEETBCIC.ZIP en clair dans D:\Archive\SIENC\Retour\PDF. Tous les JO."
|   12271|DEBUG|2018/03/16|19:40| 			"V_JNAME"	"ARCSIEETBCIC"
|   12271|DEBUG|2018/03/16|19:40| 			"XYWH"	"710 1670 30 30"
|   12271|DEBUG|2018/03/16|19:40| 			"F_LPOS"	"1"
|   12271|DEBUG|2018/03/16|19:40| 			"URL_DOC"	""
|   12271|DEBUG|2018/03/16|19:40| 			"F_TYPE"	"0"
|   12271|DEBUG|2018/03/16|19:40| 			"F_CTYPE"	""
|   12271|DEBUG|2018/03/16|19:40| 		}
|   12271|DEBUG|2018/03/16|19:40| 		ELEM {
|   12271|DEBUG|2018/03/16|19:40| 			NB_PROP	"10"
|   12271|DEBUG|2018/03/16|19:40| 			"v_groupexec"	""
|   12271|DEBUG|2018/03/16|19:40| 			"ID"	"JO0000000370"
|   12271|DEBUG|2018/03/16|19:40| 			"TYPE"	"1"
|   12271|DEBUG|2018/03/16|19:40| 			"V_DESC"	"Archivage de SIECRBCI.TXT dans D:\Archive\SIENC\Retour\SIECRBCI. Tous les JO."
|   12271|DEBUG|2018/03/16|19:40| 			"V_JNAME"	"ARCSIECRBCI"
|   12271|DEBUG|2018/03/16|19:40| 			"XYWH"	"700 100 30 30"
|   12271|DEBUG|2018/03/16|19:40| 			"F_LPOS"	"1"
|   12271|DEBUG|2018/03/16|19:40| 			"URL_DOC"	""
|   12271|DEBUG|2018/03/16|19:40| 			"F_TYPE"	"0"
|   12271|DEBUG|2018/03/16|19:40| 			"F_CTYPE"	""
|   12271|DEBUG|2018/03/16|19:40| 		}
|   12271|DEBUG|2018/03/16|19:40| 		ELEM {
|   12271|DEBUG|2018/03/16|19:40| 			NB_PROP	"10"
|   12271|DEBUG|2018/03/16|19:40| 			"v_groupexec"	""
|   12271|DEBUG|2018/03/16|19:40| 			"ID"	"JO0000000371"
|   12271|DEBUG|2018/03/16|19:40| 			"TYPE"	"1"
|   12271|DEBUG|2018/03/16|19:40| 			"V_DESC"	"Archivage de PMPJAD.BCI dans D:\Archive\PMPJAD. Tous les JO."
|   12271|DEBUG|2018/03/16|19:40| 			"V_JNAME"	"ARCPMPJAD"
|   12271|DEBUG|2018/03/16|19:40| 			"XYWH"	"40 -420 30 30"
|   12271|DEBUG|2018/03/16|19:40| 			"F_LPOS"	"4"
|   12271|DEBUG|2018/03/16|19:40| 			"URL_DOC"	""
|   12271|DEBUG|2018/03/16|19:40| 			"F_TYPE"	"0"
|   12271|DEBUG|2018/03/16|19:40| 			"F_CTYPE"	""
|   12271|DEBUG|2018/03/16|19:40| 		}
|   12271|DEBUG|2018/03/16|19:40| 		ELEM {
|   12271|DEBUG|2018/03/16|19:40| 			NB_PROP	"10"
|   12271|DEBUG|2018/03/16|19:40| 			"v_groupexec"	""
|   12271|DEBUG|2018/03/16|19:40| 			"ID"	"JO0000000372"
|   12271|DEBUG|2018/03/16|19:40| 			"TYPE"	"1"
|   12271|DEBUG|2018/03/16|19:40| 			"V_DESC"	"Archivage de BDNNEAUTJ.txt dans D:\Archive\CSB\BDNNEAUTJ. Tous les JO."
|   12271|DEBUG|2018/03/16|19:40| 			"V_JNAME"	"ARCNNEAUTJ"
|   12271|DEBUG|2018/03/16|19:40| 			"XYWH"	"810 -2580 30 30"
|   12271|DEBUG|2018/03/16|19:40| 			"F_LPOS"	"1"
|   12271|DEBUG|2018/03/16|19:40| 			"URL_DOC"	""
|   12271|DEBUG|2018/03/16|19:40| 			"F_TYPE"	"0"
|   12271|DEBUG|2018/03/16|19:40| 			"F_CTYPE"	""
|   12271|DEBUG|2018/03/16|19:40| 		}
|   12272|DEBUG|2018/03/16|19:40| 		ELEM {
|   12272|DEBUG|2018/03/16|19:40| 			NB_PROP	"10"
|   12272|DEBUG|2018/03/16|19:40| 			"v_groupexec"	""
|   12272|DEBUG|2018/03/16|19:40| 			"ID"	"JO0000000373"
|   12272|DEBUG|2018/03/16|19:40| 			"TYPE"	"1"
|   12272|DEBUG|2018/03/16|19:40| 			"V_DESC"	"Archivage de KRCNBAE1.TXT dans D:\Archive\cnca. Tous les JO."
|   12272|DEBUG|2018/03/16|19:40| 			"V_JNAME"	"ARCKRCNBAE1"
|   12272|DEBUG|2018/03/16|19:40| 			"XYWH"	"-60 -1380 30 30"
|   12272|DEBUG|2018/03/16|19:40| 			"F_LPOS"	"1"
|   12272|DEBUG|2018/03/16|19:40| 			"URL_DOC"	""
|   12272|DEBUG|2018/03/16|19:40| 			"F_TYPE"	"0"
|   12272|DEBUG|2018/03/16|19:40| 			"F_CTYPE"	""
|   12272|DEBUG|2018/03/16|19:40| 		}
|   12272|DEBUG|2018/03/16|19:40| 		ELEM {
|   12272|DEBUG|2018/03/16|19:40| 			NB_PROP	"10"
|   12272|DEBUG|2018/03/16|19:40| 			"v_groupexec"	""
|   12272|DEBUG|2018/03/16|19:40| 			"ID"	"JO0000000374"
|   12272|DEBUG|2018/03/16|19:40| 			"TYPE"	"1"
|   12272|DEBUG|2018/03/16|19:40| 			"V_DESC"	"Archivage de JADCOMP.BCI dans D:\Archive\JADCOMP. Tous les JO."
|   12272|DEBUG|2018/03/16|19:40| 			"V_JNAME"	"ARCJADCOMP"
|   12272|DEBUG|2018/03/16|19:40| 			"XYWH"	"40 -580 30 30"
|   12272|DEBUG|2018/03/16|19:40| 			"F_LPOS"	"1"
|   12272|DEBUG|2018/03/16|19:40| 			"URL_DOC"	""
|   12272|DEBUG|2018/03/16|19:40| 			"F_TYPE"	"0"
|   12272|DEBUG|2018/03/16|19:40| 			"F_CTYPE"	""
|   12272|DEBUG|2018/03/16|19:40| 		}
|   12272|DEBUG|2018/03/16|19:40| 		ELEM {
|   12272|DEBUG|2018/03/16|19:40| 			NB_PROP	"10"
|   12272|DEBUG|2018/03/16|19:40| 			"v_groupexec"	""
|   12272|DEBUG|2018/03/16|19:40| 			"ID"	"JO0000000375"
|   12272|DEBUG|2018/03/16|19:40| 			"TYPE"	"1"
|   12272|DEBUG|2018/03/16|19:40| 			"V_DESC"	"Archivage de IP17499P.TXT dans D:\Archive\MONEXT\IP17499P. Tous les JO."
|   12272|DEBUG|2018/03/16|19:40| 			"V_JNAME"	"ARCIP17499"
|   12272|DEBUG|2018/03/16|19:40| 			"XYWH"	"1440 -180 30 30"
|   12272|DEBUG|2018/03/16|19:40| 			"F_LPOS"	"0"
|   12272|DEBUG|2018/03/16|19:40| 			"URL_DOC"	""
|   12272|DEBUG|2018/03/16|19:40| 			"F_TYPE"	"0"
|   12272|DEBUG|2018/03/16|19:40| 			"F_CTYPE"	""
|   12272|DEBUG|2018/03/16|19:40| 		}
|   12272|DEBUG|2018/03/16|19:40| 		ELEM {
|   12272|DEBUG|2018/03/16|19:40| 			NB_PROP	"10"
|   12272|DEBUG|2018/03/16|19:40| 			"v_groupexec"	""
|   12272|DEBUG|2018/03/16|19:40| 			"ID"	"JO0000000376"
|   12272|DEBUG|2018/03/16|19:40| 			"TYPE"	"1"
|   12272|DEBUG|2018/03/16|19:40| 			"V_DESC"	"Archivage de IM17499G.TXT dans D:\Archive\Monecam\IM17499G"
|   12272|DEBUG|2018/03/16|19:40| 			"V_JNAME"	"ARCIM17499G"
|   12272|DEBUG|2018/03/16|19:40| 			"XYWH"	"1250 170 30 30"
|   12272|DEBUG|2018/03/16|19:40| 			"F_LPOS"	"0"
|   12272|DEBUG|2018/03/16|19:40| 			"URL_DOC"	""
|   12272|DEBUG|2018/03/16|19:40| 			"F_TYPE"	"0"
|   12272|DEBUG|2018/03/16|19:40| 			"F_CTYPE"	""
|   12272|DEBUG|2018/03/16|19:40| 		}
|   12272|DEBUG|2018/03/16|19:40| 		ELEM {
|   12272|DEBUG|2018/03/16|19:40| 			NB_PROP	"10"
|   12272|DEBUG|2018/03/16|19:40| 			"v_groupexec"	""
|   12272|DEBUG|2018/03/16|19:40| 			"ID"	"JO0000000377"
|   12272|DEBUG|2018/03/16|19:40| 			"TYPE"	"1"
|   12272|DEBUG|2018/03/16|19:40| 			"V_DESC"	"Archivage de IM17499.TXT dans D:\Archive\MONECAM\IM17499. Tous les JO."
|   12272|DEBUG|2018/03/16|19:40| 			"V_JNAME"	"ARCIM17499"
|   12272|DEBUG|2018/03/16|19:40| 			"XYWH"	"1170 -70 30 30"
|   12272|DEBUG|2018/03/16|19:40| 			"F_LPOS"	"0"
|   12272|DEBUG|2018/03/16|19:40| 			"URL_DOC"	""
|   12272|DEBUG|2018/03/16|19:40| 			"F_TYPE"	"0"
|   12272|DEBUG|2018/03/16|19:40| 			"F_CTYPE"	""
|   12272|DEBUG|2018/03/16|19:40| 		}
|   12272|DEBUG|2018/03/16|19:40| 		ELEM {
|   12272|DEBUG|2018/03/16|19:40| 			NB_PROP	"10"
|   12272|DEBUG|2018/03/16|19:40| 			"v_groupexec"	""
|   12272|DEBUG|2018/03/16|19:40| 			"ID"	"JO0000000378"
|   12272|DEBUG|2018/03/16|19:40| 			"TYPE"	"1"
|   12272|DEBUG|2018/03/16|19:40| 			"V_DESC"	"Archivage de EV17499P.TXT dans D:\Archive\MONEXT\EV17499. Tous les JO."
|   12272|DEBUG|2018/03/16|19:40| 			"V_JNAME"	"ARCEV17499"
|   12272|DEBUG|2018/03/16|19:40| 			"XYWH"	"1560 -240 30 30"
|   12272|DEBUG|2018/03/16|19:40| 			"F_LPOS"	"0"
|   12272|DEBUG|2018/03/16|19:40| 			"URL_DOC"	""
|   12272|DEBUG|2018/03/16|19:40| 			"F_TYPE"	"0"
|   12272|DEBUG|2018/03/16|19:40| 			"F_CTYPE"	""
|   12272|DEBUG|2018/03/16|19:40| 		}
|   12272|DEBUG|2018/03/16|19:40| 		ELEM {
|   12272|DEBUG|2018/03/16|19:40| 			NB_PROP	"10"
|   12272|DEBUG|2018/03/16|19:40| 			"v_groupexec"	""
|   12272|DEBUG|2018/03/16|19:40| 			"ID"	"JO0000000379"
|   12272|DEBUG|2018/03/16|19:40| 			"TYPE"	"1"
|   12272|DEBUG|2018/03/16|19:40| 			"V_DESC"	"Archivage de ED17499P.TXT dans D:\Archive\MONEXT\ED17499P. Tous les JO."
|   12272|DEBUG|2018/03/16|19:40| 			"V_JNAME"	"ARCED174992"
|   12272|DEBUG|2018/03/16|19:40| 			"XYWH"	"1570 -300 30 30"
|   12272|DEBUG|2018/03/16|19:40| 			"F_LPOS"	"0"
|   12272|DEBUG|2018/03/16|19:40| 			"URL_DOC"	""
|   12272|DEBUG|2018/03/16|19:40| 			"F_TYPE"	"0"
|   12272|DEBUG|2018/03/16|19:40| 			"F_CTYPE"	""
|   12272|DEBUG|2018/03/16|19:40| 		}
|   12272|DEBUG|2018/03/16|19:40| 		ELEM {
|   12272|DEBUG|2018/03/16|19:40| 			NB_PROP	"10"
|   12272|DEBUG|2018/03/16|19:40| 			"v_groupexec"	""
|   12272|DEBUG|2018/03/16|19:40| 			"ID"	"JO0000000380"
|   12272|DEBUG|2018/03/16|19:40| 			"TYPE"	"1"
|   12272|DEBUG|2018/03/16|19:40| 			"V_DESC"	"Archivage de DI17499P.TXT dans D:\Archive\MONEXT\DI17499P"
|   12272|DEBUG|2018/03/16|19:40| 			"V_JNAME"	"ARCDI17499"
|   12272|DEBUG|2018/03/16|19:40| 			"XYWH"	"1540 -130 30 30"
|   12272|DEBUG|2018/03/16|19:40| 			"F_LPOS"	"0"
|   12272|DEBUG|2018/03/16|19:40| 			"URL_DOC"	""
|   12272|DEBUG|2018/03/16|19:40| 			"F_TYPE"	"0"
|   12272|DEBUG|2018/03/16|19:40| 			"F_CTYPE"	""
|   12272|DEBUG|2018/03/16|19:40| 		}
|   12272|DEBUG|2018/03/16|19:40| 		ELEM {
|   12272|DEBUG|2018/03/16|19:40| 			NB_PROP	"10"
|   12272|DEBUG|2018/03/16|19:40| 			"v_groupexec"	""
|   12272|DEBUG|2018/03/16|19:40| 			"ID"	"JO0000000381"
|   12272|DEBUG|2018/03/16|19:40| 			"TYPE"	"1"
|   12272|DEBUG|2018/03/16|19:40| 			"V_DESC"	"Archivage de CSRMIN.TXT dans D:\Archive\CNCA\Retour. Tous les JO."
|   12272|DEBUG|2018/03/16|19:40| 			"V_JNAME"	"ARCCSRMIN"
|   12272|DEBUG|2018/03/16|19:40| 			"XYWH"	"310 30 30 30"
|   12272|DEBUG|2018/03/16|19:40| 			"F_LPOS"	"1"
|   12272|DEBUG|2018/03/16|19:40| 			"URL_DOC"	""
|   12272|DEBUG|2018/03/16|19:40| 			"F_TYPE"	"0"
|   12272|DEBUG|2018/03/16|19:40| 			"F_CTYPE"	""
|   12272|DEBUG|2018/03/16|19:40| 		}
|   12272|DEBUG|2018/03/16|19:40| 		ELEM {
|   12272|DEBUG|2018/03/16|19:40| 			NB_PROP	"10"
|   12272|DEBUG|2018/03/16|19:40| 			"v_groupexec"	""
|   12272|DEBUG|2018/03/16|19:40| 			"ID"	"JO0000000382"
|   12272|DEBUG|2018/03/16|19:40| 			"TYPE"	"1"
|   12272|DEBUG|2018/03/16|19:40| 			"V_DESC"	"Archivage de CSAMIN.TXT dans D:\Archive\cadif\Aller. Tous les JO."
|   12272|DEBUG|2018/03/16|19:40| 			"V_JNAME"	"ARCCSAMIN"
|   12272|DEBUG|2018/03/16|19:40| 			"XYWH"	"-340 1040 30 30"
|   12272|DEBUG|2018/03/16|19:40| 			"F_LPOS"	"1"
|   12272|DEBUG|2018/03/16|19:40| 			"URL_DOC"	""
|   12272|DEBUG|2018/03/16|19:40| 			"F_TYPE"	"0"
|   12272|DEBUG|2018/03/16|19:40| 			"F_CTYPE"	""
|   12272|DEBUG|2018/03/16|19:40| 		}
|   12272|DEBUG|2018/03/16|19:40| 		ELEM {
|   12272|DEBUG|2018/03/16|19:40| 			NB_PROP	"10"
|   12272|DEBUG|2018/03/16|19:40| 			"v_groupexec"	""
|   12272|DEBUG|2018/03/16|19:40| 			"ID"	"JO0000000383"
|   12272|DEBUG|2018/03/16|19:40| 			"TYPE"	"1"
|   12272|DEBUG|2018/03/16|19:40| 			"V_DESC"	"Archivage de BDBCICEPC.TXT dans D:\Archive\SIENC\Aller\BCIEICTC. Tous les JO."
|   12272|DEBUG|2018/03/16|19:40| 			"V_JNAME"	"ARCBDBCICEPC"
|   12272|DEBUG|2018/03/16|19:40| 			"XYWH"	"780 -180 30 30"
|   12272|DEBUG|2018/03/16|19:40| 			"F_LPOS"	"4"
|   12272|DEBUG|2018/03/16|19:40| 			"URL_DOC"	""
|   12272|DEBUG|2018/03/16|19:40| 			"F_TYPE"	"0"
|   12272|DEBUG|2018/03/16|19:40| 			"F_CTYPE"	""
|   12272|DEBUG|2018/03/16|19:40| 		}
|   12272|DEBUG|2018/03/16|19:40| 		ELEM {
|   12272|DEBUG|2018/03/16|19:40| 			NB_PROP	"10"
|   12272|DEBUG|2018/03/16|19:40| 			"v_groupexec"	""
|   12272|DEBUG|2018/03/16|19:40| 			"ID"	"JO0000000384"
|   12272|DEBUG|2018/03/16|19:40| 			"TYPE"	"1"
|   12272|DEBUG|2018/03/16|19:40| 			"V_DESC"	"Archivage de BCITBRET.TXT dans D:\Archive\Monetique\BCITBRET"
|   12272|DEBUG|2018/03/16|19:40| 			"V_JNAME"	"ARCBCITBRET"
|   12272|DEBUG|2018/03/16|19:40| 			"XYWH"	"50 -2570 30 30"
|   12272|DEBUG|2018/03/16|19:40| 			"F_LPOS"	"1"
|   12272|DEBUG|2018/03/16|19:40| 			"URL_DOC"	""
|   12272|DEBUG|2018/03/16|19:40| 			"F_TYPE"	"0"
|   12273|DEBUG|2018/03/16|19:40| 			"F_CTYPE"	""
|   12273|DEBUG|2018/03/16|19:40| 		}
|   12273|DEBUG|2018/03/16|19:40| 		ELEM {
|   12273|DEBUG|2018/03/16|19:40| 			NB_PROP	"10"
|   12273|DEBUG|2018/03/16|19:40| 			"v_groupexec"	""
|   12273|DEBUG|2018/03/16|19:40| 			"ID"	"JO0000000385"
|   12273|DEBUG|2018/03/16|19:40| 			"TYPE"	"1"
|   12273|DEBUG|2018/03/16|19:40| 			"V_DESC"	"Archivage de BCISPCOM.TXT dans D:\Archive\CSB\BCISPCOM (Ts les JO)"
|   12273|DEBUG|2018/03/16|19:40| 			"V_JNAME"	"ARCBCISPCOM"
|   12273|DEBUG|2018/03/16|19:40| 			"XYWH"	"330 -1410 30 30"
|   12273|DEBUG|2018/03/16|19:40| 			"F_LPOS"	"1"
|   12273|DEBUG|2018/03/16|19:40| 			"URL_DOC"	""
|   12273|DEBUG|2018/03/16|19:40| 			"F_TYPE"	"0"
|   12273|DEBUG|2018/03/16|19:40| 			"F_CTYPE"	""
|   12273|DEBUG|2018/03/16|19:40| 		}
|   12273|DEBUG|2018/03/16|19:40| 		ELEM {
|   12273|DEBUG|2018/03/16|19:40| 			NB_PROP	"10"
|   12273|DEBUG|2018/03/16|19:40| 			"v_groupexec"	""
|   12273|DEBUG|2018/03/16|19:40| 			"ID"	"JO0000000386"
|   12273|DEBUG|2018/03/16|19:40| 			"TYPE"	"1"
|   12273|DEBUG|2018/03/16|19:40| 			"V_DESC"	"Archivage de BCIREMVT.TXT dans D:\Archive\Monetique\BCIREMVT. Tous les JO."
|   12273|DEBUG|2018/03/16|19:40| 			"V_JNAME"	"ARCBCIREMVT"
|   12273|DEBUG|2018/03/16|19:40| 			"XYWH"	"-360 -300 30 30"
|   12273|DEBUG|2018/03/16|19:40| 			"F_LPOS"	"7"
|   12273|DEBUG|2018/03/16|19:40| 			"URL_DOC"	""
|   12273|DEBUG|2018/03/16|19:40| 			"F_TYPE"	"0"
|   12273|DEBUG|2018/03/16|19:40| 			"F_CTYPE"	""
|   12273|DEBUG|2018/03/16|19:40| 		}
|   12273|DEBUG|2018/03/16|19:40| 		ELEM {
|   12273|DEBUG|2018/03/16|19:40| 			NB_PROP	"10"
|   12273|DEBUG|2018/03/16|19:40| 			"v_groupexec"	""
|   12273|DEBUG|2018/03/16|19:40| 			"ID"	"JO0000000387"
|   12273|DEBUG|2018/03/16|19:40| 			"TYPE"	"1"
|   12273|DEBUG|2018/03/16|19:40| 			"V_DESC"	"Archivage de BCIREJNG.TXT dans D:\Archive\Monetique\BCIREJNG. Tous les JO."
|   12273|DEBUG|2018/03/16|19:40| 			"V_JNAME"	"ARCBCIREJNG"
|   12273|DEBUG|2018/03/16|19:40| 			"XYWH"	"-280 -300 30 30"
|   12273|DEBUG|2018/03/16|19:40| 			"F_LPOS"	"1"
|   12273|DEBUG|2018/03/16|19:40| 			"URL_DOC"	""
|   12273|DEBUG|2018/03/16|19:40| 			"F_TYPE"	"0"
|   12273|DEBUG|2018/03/16|19:40| 			"F_CTYPE"	""
|   12273|DEBUG|2018/03/16|19:40| 		}
|   12273|DEBUG|2018/03/16|19:40| 		ELEM {
|   12273|DEBUG|2018/03/16|19:40| 			NB_PROP	"10"
|   12273|DEBUG|2018/03/16|19:40| 			"v_groupexec"	""
|   12273|DEBUG|2018/03/16|19:40| 			"ID"	"JO0000000388"
|   12273|DEBUG|2018/03/16|19:40| 			"TYPE"	"1"
|   12273|DEBUG|2018/03/16|19:40| 			"V_DESC"	"Archivage de BCIJAREN.TXT dans D:\Archive\Monetique\BCIJAREN (Ts les JO)"
|   12273|DEBUG|2018/03/16|19:40| 			"V_JNAME"	"ARCBCIJAREN"
|   12273|DEBUG|2018/03/16|19:40| 			"XYWH"	"960 3370 30 30"
|   12273|DEBUG|2018/03/16|19:40| 			"F_LPOS"	"0"
|   12273|DEBUG|2018/03/16|19:40| 			"URL_DOC"	""
|   12273|DEBUG|2018/03/16|19:40| 			"F_TYPE"	"0"
|   12273|DEBUG|2018/03/16|19:40| 			"F_CTYPE"	""
|   12273|DEBUG|2018/03/16|19:40| 		}
|   12273|DEBUG|2018/03/16|19:40| 		ELEM {
|   12273|DEBUG|2018/03/16|19:40| 			NB_PROP	"10"
|   12273|DEBUG|2018/03/16|19:40| 			"v_groupexec"	""
|   12273|DEBUG|2018/03/16|19:40| 			"ID"	"JO0000000389"
|   12273|DEBUG|2018/03/16|19:40| 			"TYPE"	"1"
|   12273|DEBUG|2018/03/16|19:40| 			"V_DESC"	"Archivage de BCIFTCXJ.TXT dans D:\Archive\CSB_CHQ. Tous les JO."
|   12273|DEBUG|2018/03/16|19:40| 			"V_JNAME"	"ARCBCIFTCXJ"
|   12273|DEBUG|2018/03/16|19:40| 			"XYWH"	"610 -970 30 30"
|   12273|DEBUG|2018/03/16|19:40| 			"F_LPOS"	"1"
|   12273|DEBUG|2018/03/16|19:40| 			"URL_DOC"	""
|   12273|DEBUG|2018/03/16|19:40| 			"F_TYPE"	"0"
|   12273|DEBUG|2018/03/16|19:40| 			"F_CTYPE"	""
|   12273|DEBUG|2018/03/16|19:40| 		}
|   12273|DEBUG|2018/03/16|19:40| 		ELEM {
|   12273|DEBUG|2018/03/16|19:40| 			NB_PROP	"10"
|   12273|DEBUG|2018/03/16|19:40| 			"v_groupexec"	""
|   12273|DEBUG|2018/03/16|19:40| 			"ID"	"JO0000000390"
|   12273|DEBUG|2018/03/16|19:40| 			"TYPE"	"1"
|   12273|DEBUG|2018/03/16|19:40| 			"V_DESC"	"Archivage de BCIFTCEJ.TXT dans D:\Archive\CSB_CHQ. Tous les JO."
|   12273|DEBUG|2018/03/16|19:40| 			"V_JNAME"	"ARCBCIFTCEJ"
|   12273|DEBUG|2018/03/16|19:40| 			"XYWH"	"610 -790 30 30"
|   12273|DEBUG|2018/03/16|19:40| 			"F_LPOS"	"1"
|   12273|DEBUG|2018/03/16|19:40| 			"URL_DOC"	""
|   12273|DEBUG|2018/03/16|19:40| 			"F_TYPE"	"0"
|   12273|DEBUG|2018/03/16|19:40| 			"F_CTYPE"	""
|   12273|DEBUG|2018/03/16|19:40| 		}
|   12273|DEBUG|2018/03/16|19:40| 		ELEM {
|   12273|DEBUG|2018/03/16|19:40| 			NB_PROP	"10"
|   12273|DEBUG|2018/03/16|19:40| 			"v_groupexec"	""
|   12273|DEBUG|2018/03/16|19:40| 			"ID"	"JO0000000391"
|   12273|DEBUG|2018/03/16|19:40| 			"TYPE"	"1"
|   12273|DEBUG|2018/03/16|19:40| 			"V_DESC"	"Archivage de BCIFCCXJ.TXT dans D:\Archive\CSB_CHQ\Controle. Tous les JO."
|   12273|DEBUG|2018/03/16|19:40| 			"V_JNAME"	"ARCBCIFCCXJ"
|   12273|DEBUG|2018/03/16|19:40| 			"XYWH"	"870 -1040 30 30"
|   12273|DEBUG|2018/03/16|19:40| 			"F_LPOS"	"0"
|   12273|DEBUG|2018/03/16|19:40| 			"URL_DOC"	""
|   12273|DEBUG|2018/03/16|19:40| 			"F_TYPE"	"0"
|   12273|DEBUG|2018/03/16|19:40| 			"F_CTYPE"	""
|   12273|DEBUG|2018/03/16|19:40| 		}
|   12273|DEBUG|2018/03/16|19:40| 		ELEM {
|   12273|DEBUG|2018/03/16|19:40| 			NB_PROP	"10"
|   12273|DEBUG|2018/03/16|19:40| 			"v_groupexec"	""
|   12273|DEBUG|2018/03/16|19:40| 			"ID"	"JO0000000392"
|   12273|DEBUG|2018/03/16|19:40| 			"TYPE"	"1"
|   12273|DEBUG|2018/03/16|19:40| 			"V_DESC"	"Archivage de BCIFCCEJ.TXT dans D:\Archive\CSB_CHQ\Controle. Tous les JO."
|   12273|DEBUG|2018/03/16|19:40| 			"V_JNAME"	"ARCBCIFCCEJ"
|   12273|DEBUG|2018/03/16|19:40| 			"XYWH"	"870 -910 30 30"
|   12273|DEBUG|2018/03/16|19:40| 			"F_LPOS"	"0"
|   12273|DEBUG|2018/03/16|19:40| 			"URL_DOC"	""
|   12273|DEBUG|2018/03/16|19:40| 			"F_TYPE"	"0"
|   12273|DEBUG|2018/03/16|19:40| 			"F_CTYPE"	""
|   12273|DEBUG|2018/03/16|19:40| 		}
|   12273|DEBUG|2018/03/16|19:40| 		ELEM {
|   12273|DEBUG|2018/03/16|19:40| 			NB_PROP	"10"
|   12273|DEBUG|2018/03/16|19:40| 			"v_groupexec"	""
|   12273|DEBUG|2018/03/16|19:40| 			"ID"	"JO0000000393"
|   12273|DEBUG|2018/03/16|19:40| 			"TYPE"	"1"
|   12273|DEBUG|2018/03/16|19:40| 			"V_DESC"	"Archivage de BCIALSIESV.zip dans D:\Archive\SIENC\Aller\BCIALSIE. Tous les JO."
|   12273|DEBUG|2018/03/16|19:40| 			"V_JNAME"	"ARCBCIALSIE"
|   12273|DEBUG|2018/03/16|19:40| 			"XYWH"	"370 -240 30 30"
|   12273|DEBUG|2018/03/16|19:40| 			"F_LPOS"	"4"
|   12273|DEBUG|2018/03/16|19:40| 			"URL_DOC"	""
|   12273|DEBUG|2018/03/16|19:40| 			"F_TYPE"	"0"
|   12273|DEBUG|2018/03/16|19:40| 			"F_CTYPE"	""
|   12273|DEBUG|2018/03/16|19:40| 		}
|   12273|DEBUG|2018/03/16|19:40| 		ELEM {
|   12273|DEBUG|2018/03/16|19:40| 			NB_PROP	"10"
|   12273|DEBUG|2018/03/16|19:40| 			"v_groupexec"	""
|   12273|DEBUG|2018/03/16|19:40| 			"ID"	"JO0000000394"
|   12273|DEBUG|2018/03/16|19:40| 			"TYPE"	"1"
|   12273|DEBUG|2018/03/16|19:40| 			"V_DESC"	"Constitution du Fichier ARCHEXTRAI pour la BASE EXTRAITS. Décade et Quizaine."
|   12273|DEBUG|2018/03/16|19:40| 			"V_JNAME"	"BCRNEXT01"
|   12273|DEBUG|2018/03/16|19:40| 			"XYWH"	"1180 2540 30 30"
|   12273|DEBUG|2018/03/16|19:40| 			"F_LPOS"	"1"
|   12273|DEBUG|2018/03/16|19:40| 			"URL_DOC"	""
|   12273|DEBUG|2018/03/16|19:40| 			"F_TYPE"	"3"
|   12273|DEBUG|2018/03/16|19:40| 			"F_CTYPE"	""
|   12273|DEBUG|2018/03/16|19:40| 		}
|   12273|DEBUG|2018/03/16|19:40| 		ELEM {
|   12273|DEBUG|2018/03/16|19:40| 			NB_PROP	"10"
|   12273|DEBUG|2018/03/16|19:40| 			"v_groupexec"	""
|   12273|DEBUG|2018/03/16|19:40| 			"ID"	"JO0000000395"
|   12273|DEBUG|2018/03/16|19:40| 			"TYPE"	"1"
|   12273|DEBUG|2018/03/16|19:40| 			"V_DESC"	"Clear du fichier CMAREXP040 de PACK14VDTA apres trabsfert. Décade et Quinzaine."
|   12273|DEBUG|2018/03/16|19:40| 			"V_JNAME"	"CLFEXP0401"
|   12273|DEBUG|2018/03/16|19:40| 			"XYWH"	"1080 2660 30 30"
|   12273|DEBUG|2018/03/16|19:40| 			"F_LPOS"	"1"
|   12273|DEBUG|2018/03/16|19:40| 			"URL_DOC"	""
|   12273|DEBUG|2018/03/16|19:40| 			"F_TYPE"	"3"
|   12273|DEBUG|2018/03/16|19:40| 			"F_CTYPE"	""
|   12273|DEBUG|2018/03/16|19:40| 		}
|   12273|DEBUG|2018/03/16|19:40| 		ELEM {
|   12273|DEBUG|2018/03/16|19:40| 			NB_PROP	"10"
|   12273|DEBUG|2018/03/16|19:40| 			"v_groupexec"	""
|   12273|DEBUG|2018/03/16|19:40| 			"ID"	"JO0000000396"
|   12273|DEBUG|2018/03/16|19:40| 			"TYPE"	"1"
|   12273|DEBUG|2018/03/16|19:40| 			"V_DESC"	"Clear du fichier ARCHEXTRAI de BCIRECVDTA apres trabsfert. Décade et Quinzaine."
|   12274|DEBUG|2018/03/16|19:40| 			"V_JNAME"	"CLRARCEXT1"
|   12274|DEBUG|2018/03/16|19:40| 			"XYWH"	"1180 2660 30 30"
|   12274|DEBUG|2018/03/16|19:40| 			"F_LPOS"	"1"
|   12274|DEBUG|2018/03/16|19:40| 			"URL_DOC"	""
|   12274|DEBUG|2018/03/16|19:40| 			"F_TYPE"	"3"
|   12274|DEBUG|2018/03/16|19:40| 			"F_CTYPE"	""
|   12274|DEBUG|2018/03/16|19:40| 		}
|   12274|DEBUG|2018/03/16|19:40| 		ELEM {
|   12274|DEBUG|2018/03/16|19:40| 			NB_PROP	"10"
|   12274|DEBUG|2018/03/16|19:40| 			"v_groupexec"	""
|   12274|DEBUG|2018/03/16|19:40| 			"ID"	"JO0000000397"
|   12274|DEBUG|2018/03/16|19:40| 			"TYPE"	"1"
|   12274|DEBUG|2018/03/16|19:40| 			"V_DESC"	"Transfert du fichier ARCHEXTRAI de BCIRECVDTA vers le fichier ARCHEXTRAI.TXT sur le serveur SQL. Décade et Quizaine."
|   12274|DEBUG|2018/03/16|19:40| 			"V_JNAME"	"FTARCHEXT1"
|   12274|DEBUG|2018/03/16|19:40| 			"XYWH"	"1180 2600 30 30"
|   12274|DEBUG|2018/03/16|19:40| 			"F_LPOS"	"1"
|   12274|DEBUG|2018/03/16|19:40| 			"URL_DOC"	""
|   12274|DEBUG|2018/03/16|19:40| 			"F_TYPE"	"3"
|   12274|DEBUG|2018/03/16|19:40| 			"F_CTYPE"	""
|   12274|DEBUG|2018/03/16|19:40| 		}
|   12274|DEBUG|2018/03/16|19:40| 		ELEM {
|   12274|DEBUG|2018/03/16|19:40| 			NB_PROP	"10"
|   12274|DEBUG|2018/03/16|19:40| 			"v_groupexec"	""
|   12274|DEBUG|2018/03/16|19:40| 			"ID"	"JO0000000398"
|   12274|DEBUG|2018/03/16|19:40| 			"TYPE"	"1"
|   12274|DEBUG|2018/03/16|19:40| 			"V_DESC"	"Mise à jour de la Base extraits de comptes. Décade et Quizaine."
|   12274|DEBUG|2018/03/16|19:40| 			"V_JNAME"	"MAJ_BASE1"
|   12274|DEBUG|2018/03/16|19:40| 			"XYWH"	"1300 2660 30 30"
|   12274|DEBUG|2018/03/16|19:40| 			"F_LPOS"	"1"
|   12274|DEBUG|2018/03/16|19:40| 			"URL_DOC"	""
|   12274|DEBUG|2018/03/16|19:40| 			"F_TYPE"	"0"
|   12274|DEBUG|2018/03/16|19:40| 			"F_CTYPE"	""
|   12274|DEBUG|2018/03/16|19:40| 		}
|   12274|DEBUG|2018/03/16|19:40| 		ELEM {
|   12274|DEBUG|2018/03/16|19:40| 			NB_PROP	"10"
|   12274|DEBUG|2018/03/16|19:40| 			"v_groupexec"	""
|   12274|DEBUG|2018/03/16|19:40| 			"ID"	"JO0000000399"
|   12274|DEBUG|2018/03/16|19:40| 			"TYPE"	"1"
|   12274|DEBUG|2018/03/16|19:40| 			"V_DESC"	"Envoi d'un mail pour fichier CPOSCOMM non réceptionné . DJO."
|   12274|DEBUG|2018/03/16|19:40| 			"V_JNAME"	"MEL_CPOSCOM"
|   12274|DEBUG|2018/03/16|19:40| 			"XYWH"	"-210 3250 30 30"
|   12274|DEBUG|2018/03/16|19:40| 			"F_LPOS"	"0"
|   12274|DEBUG|2018/03/16|19:40| 			"URL_DOC"	""
|   12274|DEBUG|2018/03/16|19:40| 			"F_TYPE"	"0"
|   12274|DEBUG|2018/03/16|19:40| 			"F_CTYPE"	""
|   12274|DEBUG|2018/03/16|19:40| 		}
|   12274|DEBUG|2018/03/16|19:40| 		ELEM {
|   12274|DEBUG|2018/03/16|19:40| 			NB_PROP	"10"
|   12274|DEBUG|2018/03/16|19:40| 			"v_groupexec"	""
|   12274|DEBUG|2018/03/16|19:40| 			"ID"	"JO0000000400"
|   12274|DEBUG|2018/03/16|19:40| 			"TYPE"	"1"
|   12274|DEBUG|2018/03/16|19:40| 			"V_DESC"	"Récupération de CPOSCOMM.TXT dans D:\Transferts\BRED\ Tous les JO."
|   12274|DEBUG|2018/03/16|19:40| 			"V_JNAME"	"XFBCPOSCOMM"
|   12274|DEBUG|2018/03/16|19:40| 			"XYWH"	"-310 3250 30 30"
|   12274|DEBUG|2018/03/16|19:40| 			"F_LPOS"	"0"
|   12274|DEBUG|2018/03/16|19:40| 			"URL_DOC"	""
|   12274|DEBUG|2018/03/16|19:40| 			"F_TYPE"	"0"
|   12274|DEBUG|2018/03/16|19:40| 			"F_CTYPE"	""
|   12274|DEBUG|2018/03/16|19:40| 		}
|   12274|DEBUG|2018/03/16|19:40| 		ELEM {
|   12274|DEBUG|2018/03/16|19:40| 			NB_PROP	"10"
|   12274|DEBUG|2018/03/16|19:40| 			"v_groupexec"	""
|   12274|DEBUG|2018/03/16|19:40| 			"ID"	"JO0000000401"
|   12274|DEBUG|2018/03/16|19:40| 			"TYPE"	"1"
|   12274|DEBUG|2018/03/16|19:40| 			"V_DESC"	"Transfert du fichier CPOSCOMM.TXT du serveur Interpel vers le fichier BDPOSTCOM de BCIRECVDTA. Tous les JO."
|   12274|DEBUG|2018/03/16|19:40| 			"V_JNAME"	"FTPCPOSCOM"
|   12274|DEBUG|2018/03/16|19:40| 			"XYWH"	"-310 3310 30 30"
|   12274|DEBUG|2018/03/16|19:40| 			"F_LPOS"	"4"
|   12274|DEBUG|2018/03/16|19:40| 			"URL_DOC"	""
|   12274|DEBUG|2018/03/16|19:40| 			"F_TYPE"	"3"
|   12274|DEBUG|2018/03/16|19:40| 			"F_CTYPE"	""
|   12274|DEBUG|2018/03/16|19:40| 		}
|   12274|DEBUG|2018/03/16|19:40| 		ELEM {
|   12274|DEBUG|2018/03/16|19:40| 			NB_PROP	"10"
|   12274|DEBUG|2018/03/16|19:40| 			"v_groupexec"	""
|   12274|DEBUG|2018/03/16|19:40| 			"ID"	"JO0000000402"
|   12274|DEBUG|2018/03/16|19:40| 			"TYPE"	"1"
|   12274|DEBUG|2018/03/16|19:40| 			"V_DESC"	"Mise à jour CPOS à partir de BDPOSTCOM. Dernier JO du mois."
|   12274|DEBUG|2018/03/16|19:40| 			"V_JNAME"	"BCALIMCPOS"
|   12274|DEBUG|2018/03/16|19:40| 			"XYWH"	"-210 3310 30 30"
|   12274|DEBUG|2018/03/16|19:40| 			"F_LPOS"	"0"
|   12274|DEBUG|2018/03/16|19:40| 			"URL_DOC"	""
|   12274|DEBUG|2018/03/16|19:40| 			"F_TYPE"	"3"
|   12274|DEBUG|2018/03/16|19:40| 			"F_CTYPE"	""
|   12274|DEBUG|2018/03/16|19:40| 		}
|   12274|DEBUG|2018/03/16|19:40| 		ELEM {
|   12274|DEBUG|2018/03/16|19:40| 			NB_PROP	"10"
|   12274|DEBUG|2018/03/16|19:40| 			"v_groupexec"	""
|   12274|DEBUG|2018/03/16|19:40| 			"ID"	"JO0000000403"
|   12274|DEBUG|2018/03/16|19:40| 			"TYPE"	"1"
|   12274|DEBUG|2018/03/16|19:40| 			"V_DESC"	"Archivage de CPOSCOMM.TXT dans D:\Archive\BRED\CPOSCOMM. Dernier JO du mois."
|   12274|DEBUG|2018/03/16|19:40| 			"V_JNAME"	"ARCCPOSCOM"
|   12274|DEBUG|2018/03/16|19:40| 			"XYWH"	"-210 3370 30 30"
|   12274|DEBUG|2018/03/16|19:40| 			"F_LPOS"	"4"
|   12274|DEBUG|2018/03/16|19:40| 			"URL_DOC"	""
|   12274|DEBUG|2018/03/16|19:40| 			"F_TYPE"	"0"
|   12274|DEBUG|2018/03/16|19:40| 			"F_CTYPE"	""
|   12274|DEBUG|2018/03/16|19:40| 		}
|   12274|DEBUG|2018/03/16|19:40| 		ELEM {
|   12274|DEBUG|2018/03/16|19:40| 			NB_PROP	"10"
|   12274|DEBUG|2018/03/16|19:40| 			"v_groupexec"	""
|   12274|DEBUG|2018/03/16|19:40| 			"ID"	"JO0000000404"
|   12274|DEBUG|2018/03/16|19:40| 			"TYPE"	"1"
|   12274|DEBUG|2018/03/16|19:40| 			"V_DESC"	"Etat d'alerte pour gérer les renouvellements de bureau. 1er JO du mois."
|   12274|DEBUG|2018/03/16|19:40| 			"V_JNAME"	"BCALERMAJC"
|   12274|DEBUG|2018/03/16|19:40| 			"XYWH"	"-70 3250 30 30"
|   12274|DEBUG|2018/03/16|19:40| 			"F_LPOS"	"0"
|   12274|DEBUG|2018/03/16|19:40| 			"URL_DOC"	""
|   12274|DEBUG|2018/03/16|19:40| 			"F_TYPE"	"3"
|   12274|DEBUG|2018/03/16|19:40| 			"F_CTYPE"	""
|   12274|DEBUG|2018/03/16|19:40| 		}
|   12274|DEBUG|2018/03/16|19:40| 		ELEM {
|   12274|DEBUG|2018/03/16|19:40| 			NB_PROP	"10"
|   12274|DEBUG|2018/03/16|19:40| 			"v_groupexec"	""
|   12274|DEBUG|2018/03/16|19:40| 			"ID"	"JO0000000405"
|   12274|DEBUG|2018/03/16|19:40| 			"TYPE"	"1"
|   12274|DEBUG|2018/03/16|19:40| 			"V_DESC"	"Récupération du fichier BCITRCOM.TMP (extraction flux commerçants) de la CSB . Tous les JO."
|   12274|DEBUG|2018/03/16|19:40| 			"V_JNAME"	"XFBBCITRCOM"
|   12274|DEBUG|2018/03/16|19:40| 			"XYWH"	"250 3250 30 30"
|   12274|DEBUG|2018/03/16|19:40| 			"F_LPOS"	"1"
|   12274|DEBUG|2018/03/16|19:40| 			"URL_DOC"	""
|   12274|DEBUG|2018/03/16|19:40| 			"F_TYPE"	"0"
|   12274|DEBUG|2018/03/16|19:40| 			"F_CTYPE"	""
|   12274|DEBUG|2018/03/16|19:40| 		}
|   12274|DEBUG|2018/03/16|19:40| 		ELEM {
|   12274|DEBUG|2018/03/16|19:40| 			NB_PROP	"10"
|   12274|DEBUG|2018/03/16|19:40| 			"v_groupexec"	""
|   12274|DEBUG|2018/03/16|19:40| 			"ID"	"JO0000000406"
|   12274|DEBUG|2018/03/16|19:40| 			"TYPE"	"1"
|   12274|DEBUG|2018/03/16|19:40| 			"V_DESC"	"Renomme le fichier BCITRCOM.* en BCITRCOM.TXT dans D:\transferts\CSB sur le serveur de prod. Tous les JO."
|   12274|DEBUG|2018/03/16|19:40| 			"V_JNAME"	"RENBCITRCOM"
|   12274|DEBUG|2018/03/16|19:40| 			"XYWH"	"470 3250 30 30"
|   12274|DEBUG|2018/03/16|19:40| 			"F_LPOS"	"1"
|   12274|DEBUG|2018/03/16|19:40| 			"URL_DOC"	""
|   12274|DEBUG|2018/03/16|19:40| 			"F_TYPE"	"0"
|   12274|DEBUG|2018/03/16|19:40| 			"F_CTYPE"	""
|   12274|DEBUG|2018/03/16|19:40| 		}
|   12274|DEBUG|2018/03/16|19:40| 		ELEM {
|   12274|DEBUG|2018/03/16|19:40| 			NB_PROP	"10"
|   12274|DEBUG|2018/03/16|19:40| 			"v_groupexec"	""
|   12274|DEBUG|2018/03/16|19:40| 			"ID"	"JO0000000407"
|   12274|DEBUG|2018/03/16|19:40| 			"TYPE"	"1"
|   12274|DEBUG|2018/03/16|19:40| 			"V_DESC"	"Envoi d'un mail à Anne-Laure Andrea et Yann Marty."
|   12274|DEBUG|2018/03/16|19:40| 			"V_JNAME"	"MEL_BCITRCOM"
|   12274|DEBUG|2018/03/16|19:40| 			"XYWH"	"360 3430 30 30"
|   12274|DEBUG|2018/03/16|19:40| 			"F_LPOS"	"1"
|   12274|DEBUG|2018/03/16|19:40| 			"URL_DOC"	""
|   12274|DEBUG|2018/03/16|19:40| 			"F_TYPE"	"0"
|   12274|DEBUG|2018/03/16|19:40| 			"F_CTYPE"	""
|   12274|DEBUG|2018/03/16|19:40| 		}
|   12274|DEBUG|2018/03/16|19:40| 		ELEM {
|   12275|DEBUG|2018/03/16|19:40| 			NB_PROP	"10"
|   12275|DEBUG|2018/03/16|19:40| 			"v_groupexec"	""
|   12275|DEBUG|2018/03/16|19:40| 			"ID"	"JO0000000408"
|   12275|DEBUG|2018/03/16|19:40| 			"TYPE"	"1"
|   12275|DEBUG|2018/03/16|19:40| 			"V_DESC"	"Transfert fichier BCITRCOM.TXT sur le serveur de fichier dans GFR. Journalier."
|   12275|DEBUG|2018/03/16|19:40| 			"V_JNAME"	"FTPTRCOM"
|   12275|DEBUG|2018/03/16|19:40| 			"XYWH"	"470 3310 30 30"
|   12275|DEBUG|2018/03/16|19:40| 			"F_LPOS"	"1"
|   12275|DEBUG|2018/03/16|19:40| 			"URL_DOC"	""
|   12275|DEBUG|2018/03/16|19:40| 			"F_TYPE"	"0"
|   12275|DEBUG|2018/03/16|19:40| 			"F_CTYPE"	""
|   12275|DEBUG|2018/03/16|19:40| 		}
|   12275|DEBUG|2018/03/16|19:40| 		ELEM {
|   12275|DEBUG|2018/03/16|19:40| 			NB_PROP	"10"
|   12275|DEBUG|2018/03/16|19:40| 			"v_groupexec"	""
|   12275|DEBUG|2018/03/16|19:40| 			"ID"	"JO0000000409"
|   12275|DEBUG|2018/03/16|19:40| 			"TYPE"	"1"
|   12275|DEBUG|2018/03/16|19:40| 			"V_DESC"	"DEZIP le fichier BCITRCOM.ZIP en BCITRCOM.* de la CSB. Tous les JO."
|   12275|DEBUG|2018/03/16|19:40| 			"V_JNAME"	"DEZIPBCITRCOM"
|   12275|DEBUG|2018/03/16|19:40| 			"XYWH"	"360 3250 30 30"
|   12275|DEBUG|2018/03/16|19:40| 			"F_LPOS"	"1"
|   12275|DEBUG|2018/03/16|19:40| 			"URL_DOC"	""
|   12275|DEBUG|2018/03/16|19:40| 			"F_TYPE"	"0"
|   12275|DEBUG|2018/03/16|19:40| 			"F_CTYPE"	""
|   12275|DEBUG|2018/03/16|19:40| 		}
|   12275|DEBUG|2018/03/16|19:40| 		ELEM {
|   12275|DEBUG|2018/03/16|19:40| 			NB_PROP	"10"
|   12275|DEBUG|2018/03/16|19:40| 			"v_groupexec"	""
|   12275|DEBUG|2018/03/16|19:40| 			"ID"	"JO0000000410"
|   12275|DEBUG|2018/03/16|19:40| 			"TYPE"	"1"
|   12275|DEBUG|2018/03/16|19:40| 			"V_DESC"	"Supprime le fichier BCITRCOM.TXT D:\transferts\CSB sur le serveur Interpel. 1er JO du mois."
|   12275|DEBUG|2018/03/16|19:40| 			"V_JNAME"	"DELBCITRCOMTXT"
|   12275|DEBUG|2018/03/16|19:40| 			"XYWH"	"360 3370 30 30"
|   12275|DEBUG|2018/03/16|19:40| 			"F_LPOS"	"1"
|   12275|DEBUG|2018/03/16|19:40| 			"URL_DOC"	""
|   12275|DEBUG|2018/03/16|19:40| 			"F_TYPE"	"0"
|   12275|DEBUG|2018/03/16|19:40| 			"F_CTYPE"	""
|   12275|DEBUG|2018/03/16|19:40| 		}
|   12275|DEBUG|2018/03/16|19:40| 		ELEM {
|   12275|DEBUG|2018/03/16|19:40| 			NB_PROP	"10"
|   12275|DEBUG|2018/03/16|19:40| 			"v_groupexec"	""
|   12275|DEBUG|2018/03/16|19:40| 			"ID"	"JO0000000411"
|   12275|DEBUG|2018/03/16|19:40| 			"TYPE"	"1"
|   12275|DEBUG|2018/03/16|19:40| 			"V_DESC"	"Archivage de BCITRCOM.ZIP dans D:\Archive\CSB. Tous les JO."
|   12275|DEBUG|2018/03/16|19:40| 			"V_JNAME"	"ARCBCITRCOM"
|   12275|DEBUG|2018/03/16|19:40| 			"XYWH"	"250 3370 30 30"
|   12275|DEBUG|2018/03/16|19:40| 			"F_LPOS"	"1"
|   12275|DEBUG|2018/03/16|19:40| 			"URL_DOC"	""
|   12275|DEBUG|2018/03/16|19:40| 			"F_TYPE"	"0"
|   12275|DEBUG|2018/03/16|19:40| 			"F_CTYPE"	""
|   12275|DEBUG|2018/03/16|19:40| 		}
|   12275|DEBUG|2018/03/16|19:40| 		ELEM {
|   12275|DEBUG|2018/03/16|19:40| 			NB_PROP	"10"
|   12275|DEBUG|2018/03/16|19:40| 			"v_groupexec"	""
|   12275|DEBUG|2018/03/16|19:40| 			"ID"	"JO0000000412"
|   12275|DEBUG|2018/03/16|19:40| 			"TYPE"	"1"
|   12275|DEBUG|2018/03/16|19:40| 			"V_DESC"	"Assurances déléguées - Suivi. Tous les JO."
|   12275|DEBUG|2018/03/16|19:40| 			"V_JNAME"	"BCASSDLGS"
|   12275|DEBUG|2018/03/16|19:40| 			"XYWH"	"450 -2620 30 30"
|   12275|DEBUG|2018/03/16|19:40| 			"F_LPOS"	"4"
|   12275|DEBUG|2018/03/16|19:40| 			"URL_DOC"	""
|   12275|DEBUG|2018/03/16|19:40| 			"F_TYPE"	"3"
|   12275|DEBUG|2018/03/16|19:40| 			"F_CTYPE"	""
|   12275|DEBUG|2018/03/16|19:40| 		}
|   12275|DEBUG|2018/03/16|19:40| 		ELEM {
|   12275|DEBUG|2018/03/16|19:40| 			NB_PROP	"10"
|   12275|DEBUG|2018/03/16|19:40| 			"v_groupexec"	""
|   12275|DEBUG|2018/03/16|19:40| 			"ID"	"JO0000000413"
|   12275|DEBUG|2018/03/16|19:40| 			"TYPE"	"1"
|   12275|DEBUG|2018/03/16|19:40| 			"V_DESC"	"Assurances délégués - Relance. Tous les JO."
|   12275|DEBUG|2018/03/16|19:40| 			"V_JNAME"	"BCASSDLGR"
|   12275|DEBUG|2018/03/16|19:40| 			"XYWH"	"340 -2620 30 30"
|   12275|DEBUG|2018/03/16|19:40| 			"F_LPOS"	"4"
|   12275|DEBUG|2018/03/16|19:40| 			"URL_DOC"	""
|   12275|DEBUG|2018/03/16|19:40| 			"F_TYPE"	"3"
|   12275|DEBUG|2018/03/16|19:40| 			"F_CTYPE"	""
|   12275|DEBUG|2018/03/16|19:40| 		}
|   12275|DEBUG|2018/03/16|19:40| 		ELEM {
|   12275|DEBUG|2018/03/16|19:40| 			NB_PROP	"10"
|   12275|DEBUG|2018/03/16|19:40| 			"v_groupexec"	""
|   12275|DEBUG|2018/03/16|19:40| 			"ID"	"JO0000000414"
|   12275|DEBUG|2018/03/16|19:40| 			"TYPE"	"1"
|   12275|DEBUG|2018/03/16|19:40| 			"V_DESC"	"Transfert du fichier BDASSDLG de la BCIRECVDTA  vers le fichier BDASSDLG.TXT sur le serveur de fichier/Engagements. Ts les JO."
|   12275|DEBUG|2018/03/16|19:40| 			"V_JNAME"	"FTPASSDLG"
|   12275|DEBUG|2018/03/16|19:40| 			"XYWH"	"450 -2560 30 30"
|   12275|DEBUG|2018/03/16|19:40| 			"F_LPOS"	"4"
|   12275|DEBUG|2018/03/16|19:40| 			"URL_DOC"	""
|   12275|DEBUG|2018/03/16|19:40| 			"F_TYPE"	"3"
|   12275|DEBUG|2018/03/16|19:40| 			"F_CTYPE"	""
|   12275|DEBUG|2018/03/16|19:40| 		}
|   12275|DEBUG|2018/03/16|19:40| 		ELEM {
|   12275|DEBUG|2018/03/16|19:40| 			NB_PROP	"10"
|   12275|DEBUG|2018/03/16|19:40| 			"v_groupexec"	""
|   12275|DEBUG|2018/03/16|19:40| 			"ID"	"JO0000000415"
|   12275|DEBUG|2018/03/16|19:40| 			"TYPE"	"1"
|   12275|DEBUG|2018/03/16|19:40| 			"V_DESC"	"Réception du fichier BDNETAUT2.TXT sur serveur BCINET vers le fichier BDNETAUTI. Journalier"
|   12275|DEBUG|2018/03/16|19:40| 			"V_JNAME"	"FTPNETAUT2"
|   12275|DEBUG|2018/03/16|19:40| 			"XYWH"	"-160 -2810 30 30"
|   12275|DEBUG|2018/03/16|19:40| 			"F_LPOS"	"7"
|   12275|DEBUG|2018/03/16|19:40| 			"URL_DOC"	""
|   12275|DEBUG|2018/03/16|19:40| 			"F_TYPE"	"3"
|   12275|DEBUG|2018/03/16|19:40| 			"F_CTYPE"	""
|   12275|DEBUG|2018/03/16|19:40| 		}
|   12275|DEBUG|2018/03/16|19:40| 		ELEM {
|   12275|DEBUG|2018/03/16|19:40| 			NB_PROP	"10"
|   12275|DEBUG|2018/03/16|19:40| 			"v_groupexec"	""
|   12275|DEBUG|2018/03/16|19:40| 			"ID"	"JO0000000416"
|   12275|DEBUG|2018/03/16|19:40| 			"TYPE"	"1"
|   12275|DEBUG|2018/03/16|19:40| 			"V_DESC"	"DEZIP le fichier BCIDEMAT.ZIP en BCI*.* de la CSB. Tous les JO."
|   12275|DEBUG|2018/03/16|19:40| 			"V_JNAME"	"DEZIPBCIDEMAT"
|   12275|DEBUG|2018/03/16|19:40| 			"XYWH"	"-170 -1610 30 30"
|   12275|DEBUG|2018/03/16|19:40| 			"F_LPOS"	"0"
|   12275|DEBUG|2018/03/16|19:40| 			"URL_DOC"	""
|   12275|DEBUG|2018/03/16|19:40| 			"F_TYPE"	"0"
|   12275|DEBUG|2018/03/16|19:40| 			"F_CTYPE"	""
|   12275|DEBUG|2018/03/16|19:40| 		}
|   12275|DEBUG|2018/03/16|19:40| 		ELEM {
|   12275|DEBUG|2018/03/16|19:40| 			NB_PROP	"10"
|   12275|DEBUG|2018/03/16|19:40| 			"v_groupexec"	""
|   12275|DEBUG|2018/03/16|19:40| 			"ID"	"JO0000000417"
|   12275|DEBUG|2018/03/16|19:40| 			"TYPE"	"1"
|   12275|DEBUG|2018/03/16|19:40| 			"V_DESC"	"Renomme le fichier BCI*.* en BCI*.TXT dans D:\transferts\Monetique\Etats sur le serveur de prod. Tous les JO."
|   12275|DEBUG|2018/03/16|19:40| 			"V_JNAME"	"RENBCIDEMAT"
|   12275|DEBUG|2018/03/16|19:40| 			"XYWH"	"-90 -1610 30 30"
|   12275|DEBUG|2018/03/16|19:40| 			"F_LPOS"	"0"
|   12275|DEBUG|2018/03/16|19:40| 			"URL_DOC"	""
|   12275|DEBUG|2018/03/16|19:40| 			"F_TYPE"	"0"
|   12275|DEBUG|2018/03/16|19:40| 			"F_CTYPE"	""
|   12275|DEBUG|2018/03/16|19:40| 		}
|   12275|DEBUG|2018/03/16|19:40| 		ELEM {
|   12275|DEBUG|2018/03/16|19:40| 			NB_PROP	"10"
|   12275|DEBUG|2018/03/16|19:40| 			"v_groupexec"	""
|   12275|DEBUG|2018/03/16|19:40| 			"ID"	"JO0000000418"
|   12275|DEBUG|2018/03/16|19:40| 			"TYPE"	"1"
|   12275|DEBUG|2018/03/16|19:40| 			"V_DESC"	"Transfert Interpel - Recup des état pour la monétique. Tous les JO."
|   12275|DEBUG|2018/03/16|19:40| 			"V_JNAME"	"XFBDEMAT"
|   12275|DEBUG|2018/03/16|19:40| 			"XYWH"	"-250 -1610 30 30"
|   12275|DEBUG|2018/03/16|19:40| 			"F_LPOS"	"0"
|   12275|DEBUG|2018/03/16|19:40| 			"URL_DOC"	""
|   12275|DEBUG|2018/03/16|19:40| 			"F_TYPE"	"0"
|   12275|DEBUG|2018/03/16|19:40| 			"F_CTYPE"	""
|   12275|DEBUG|2018/03/16|19:40| 		}
|   12275|DEBUG|2018/03/16|19:40| 		ELEM {
|   12275|DEBUG|2018/03/16|19:40| 			NB_PROP	"10"
|   12275|DEBUG|2018/03/16|19:40| 			"v_groupexec"	""
|   12275|DEBUG|2018/03/16|19:40| 			"ID"	"JO0000000419"
|   12275|DEBUG|2018/03/16|19:40| 			"TYPE"	"1"
|   12275|DEBUG|2018/03/16|19:40| 			"V_DESC"	"Archivage du Zip contenant les états monétique. Tous les JO."
|   12276|DEBUG|2018/03/16|19:40| 			"V_JNAME"	"AR_Etat_Mon"
|   12276|DEBUG|2018/03/16|19:40| 			"XYWH"	"-90 -1550 30 30"
|   12276|DEBUG|2018/03/16|19:40| 			"F_LPOS"	"4"
|   12276|DEBUG|2018/03/16|19:40| 			"URL_DOC"	""
|   12276|DEBUG|2018/03/16|19:40| 			"F_TYPE"	"0"
|   12276|DEBUG|2018/03/16|19:40| 			"F_CTYPE"	""
|   12276|DEBUG|2018/03/16|19:40| 		}
|   12276|DEBUG|2018/03/16|19:40| 		ELEM {
|   12276|DEBUG|2018/03/16|19:40| 			NB_PROP	"10"
|   12276|DEBUG|2018/03/16|19:40| 			"v_groupexec"	""
|   12276|DEBUG|2018/03/16|19:40| 			"ID"	"JO0000000420"
|   12276|DEBUG|2018/03/16|19:40| 			"TYPE"	"1"
|   12276|DEBUG|2018/03/16|19:40| 			"V_DESC"	"Envoie d'un mail avec les états en pièces jointes. Tous les JO."
|   12276|DEBUG|2018/03/16|19:40| 			"V_JNAME"	"Mel_etats_Mon"
|   12276|DEBUG|2018/03/16|19:40| 			"XYWH"	"-20 -1550 30 30"
|   12276|DEBUG|2018/03/16|19:40| 			"F_LPOS"	"4"
|   12276|DEBUG|2018/03/16|19:40| 			"URL_DOC"	""
|   12276|DEBUG|2018/03/16|19:40| 			"F_TYPE"	"0"
|   12276|DEBUG|2018/03/16|19:40| 			"F_CTYPE"	""
|   12276|DEBUG|2018/03/16|19:40| 		}
|   12276|DEBUG|2018/03/16|19:40| 		ELEM {
|   12276|DEBUG|2018/03/16|19:40| 			NB_PROP	"10"
|   12276|DEBUG|2018/03/16|19:40| 			"v_groupexec"	""
|   12276|DEBUG|2018/03/16|19:40| 			"ID"	"JO0000000421"
|   12276|DEBUG|2018/03/16|19:40| 			"TYPE"	"1"
|   12276|DEBUG|2018/03/16|19:40| 			"V_DESC"	"Suppression de fichier BCI*.txt. Tous les JO."
|   12276|DEBUG|2018/03/16|19:40| 			"V_JNAME"	"Supp_BCI_TXT"
|   12276|DEBUG|2018/03/16|19:40| 			"XYWH"	"-250 -1550 30 30"
|   12276|DEBUG|2018/03/16|19:40| 			"F_LPOS"	"4"
|   12276|DEBUG|2018/03/16|19:40| 			"URL_DOC"	""
|   12276|DEBUG|2018/03/16|19:40| 			"F_TYPE"	"0"
|   12276|DEBUG|2018/03/16|19:40| 			"F_CTYPE"	""
|   12276|DEBUG|2018/03/16|19:40| 		}
|   12276|DEBUG|2018/03/16|19:40| 		ELEM {
|   12276|DEBUG|2018/03/16|19:40| 			NB_PROP	"10"
|   12276|DEBUG|2018/03/16|19:40| 			"v_groupexec"	""
|   12276|DEBUG|2018/03/16|19:40| 			"ID"	"JO0000000422"
|   12276|DEBUG|2018/03/16|19:40| 			"TYPE"	"1"
|   12276|DEBUG|2018/03/16|19:40| 			"V_DESC"	"Suppression de fichier BCIDEMAT. Tous les JO."
|   12276|DEBUG|2018/03/16|19:40| 			"V_JNAME"	"Supp_BCIDEMAT"
|   12276|DEBUG|2018/03/16|19:40| 			"XYWH"	"-170 -1550 30 30"
|   12276|DEBUG|2018/03/16|19:40| 			"F_LPOS"	"4"
|   12276|DEBUG|2018/03/16|19:40| 			"URL_DOC"	""
|   12276|DEBUG|2018/03/16|19:40| 			"F_TYPE"	"0"
|   12276|DEBUG|2018/03/16|19:40| 			"F_CTYPE"	""
|   12276|DEBUG|2018/03/16|19:40| 		}
|   12276|DEBUG|2018/03/16|19:40| 		ELEM {
|   12276|DEBUG|2018/03/16|19:40| 			NB_PROP	"10"
|   12276|DEBUG|2018/03/16|19:40| 			"v_groupexec"	""
|   12276|DEBUG|2018/03/16|19:40| 			"ID"	"JO0000000423"
|   12276|DEBUG|2018/03/16|19:40| 			"TYPE"	"1"
|   12276|DEBUG|2018/03/16|19:40| 			"V_DESC"	"génération d'un ficheir Zip contenant les états monétiques. Tous les JO."
|   12276|DEBUG|2018/03/16|19:40| 			"V_JNAME"	"Zip_ETAT"
|   12276|DEBUG|2018/03/16|19:40| 			"XYWH"	"-20 -1610 30 30"
|   12276|DEBUG|2018/03/16|19:40| 			"F_LPOS"	"0"
|   12276|DEBUG|2018/03/16|19:40| 			"URL_DOC"	""
|   12276|DEBUG|2018/03/16|19:40| 			"F_TYPE"	"0"
|   12276|DEBUG|2018/03/16|19:40| 			"F_CTYPE"	""
|   12276|DEBUG|2018/03/16|19:40| 		}
|   12276|DEBUG|2018/03/16|19:40| 		ELEM {
|   12276|DEBUG|2018/03/16|19:40| 			NB_PROP	"10"
|   12276|DEBUG|2018/03/16|19:40| 			"v_groupexec"	""
|   12276|DEBUG|2018/03/16|19:40| 			"ID"	"JO0000000424"
|   12276|DEBUG|2018/03/16|19:40| 			"TYPE"	"1"
|   12276|DEBUG|2018/03/16|19:40| 			"V_DESC"	"Transfert du fichier BDOSDPAR2 de la BCIRECVDTA  vers le fichier BDOSDPAR2.TXT sur le Serveur d'exploit. Tous les JO."
|   12276|DEBUG|2018/03/16|19:40| 			"V_JNAME"	"FTPOSDPAR2"
|   12276|DEBUG|2018/03/16|19:40| 			"XYWH"	"-150 -2620 30 30"
|   12276|DEBUG|2018/03/16|19:40| 			"F_LPOS"	"0"
|   12276|DEBUG|2018/03/16|19:40| 			"URL_DOC"	""
|   12276|DEBUG|2018/03/16|19:40| 			"F_TYPE"	"3"
|   12276|DEBUG|2018/03/16|19:40| 			"F_CTYPE"	""
|   12276|DEBUG|2018/03/16|19:40| 		}
|   12276|DEBUG|2018/03/16|19:40| 		ELEM {
|   12276|DEBUG|2018/03/16|19:40| 			NB_PROP	"10"
|   12276|DEBUG|2018/03/16|19:40| 			"v_groupexec"	""
|   12276|DEBUG|2018/03/16|19:40| 			"ID"	"JO0000000425"
|   12276|DEBUG|2018/03/16|19:40| 			"TYPE"	"1"
|   12276|DEBUG|2018/03/16|19:40| 			"V_DESC"	"Transfert du fichier BDOSDBCI2 de la BCIRECVDTA  vers le fichier BDOSDBCI2.TXT sur le Serveur d'exploit. Tous les JO."
|   12276|DEBUG|2018/03/16|19:40| 			"V_JNAME"	"FTPOSDBCI2"
|   12276|DEBUG|2018/03/16|19:40| 			"XYWH"	"-30 -2620 30 30"
|   12276|DEBUG|2018/03/16|19:40| 			"F_LPOS"	"0"
|   12276|DEBUG|2018/03/16|19:40| 			"URL_DOC"	""
|   12276|DEBUG|2018/03/16|19:40| 			"F_TYPE"	"3"
|   12276|DEBUG|2018/03/16|19:40| 			"F_CTYPE"	""
|   12276|DEBUG|2018/03/16|19:40| 		}
|   12276|DEBUG|2018/03/16|19:40| 		ELEM {
|   12276|DEBUG|2018/03/16|19:40| 			NB_PROP	"10"
|   12276|DEBUG|2018/03/16|19:40| 			"v_groupexec"	""
|   12276|DEBUG|2018/03/16|19:40| 			"ID"	"JO0000000426"
|   12276|DEBUG|2018/03/16|19:40| 			"TYPE"	"1"
|   12276|DEBUG|2018/03/16|19:40| 			"V_DESC"	"Génération et envoi des états de contrôle OSD. Tous les JO."
|   12276|DEBUG|2018/03/16|19:40| 			"V_JNAME"	"OSD2010"
|   12276|DEBUG|2018/03/16|19:40| 			"XYWH"	"-90 -2560 30 30"
|   12276|DEBUG|2018/03/16|19:40| 			"F_LPOS"	"4"
|   12276|DEBUG|2018/03/16|19:40| 			"URL_DOC"	""
|   12276|DEBUG|2018/03/16|19:40| 			"F_TYPE"	"0"
|   12276|DEBUG|2018/03/16|19:40| 			"F_CTYPE"	""
|   12276|DEBUG|2018/03/16|19:40| 		}
|   12276|DEBUG|2018/03/16|19:40| 		ELEM {
|   12276|DEBUG|2018/03/16|19:40| 			NB_PROP	"10"
|   12276|DEBUG|2018/03/16|19:40| 			"v_groupexec"	""
|   12276|DEBUG|2018/03/16|19:40| 			"ID"	"JO0000000427"
|   12276|DEBUG|2018/03/16|19:40| 			"TYPE"	"1"
|   12276|DEBUG|2018/03/16|19:40| 			"V_DESC"	"LE BCAPPROGAG permet d'envoyer des mails d'information sur le contenu des cassettes des GAB à fin d'approvisionnement. Tous les JO."
|   12276|DEBUG|2018/03/16|19:40| 			"V_JNAME"	"BCAPPROGAB"
|   12276|DEBUG|2018/03/16|19:40| 			"XYWH"	"650 -2580 30 30"
|   12276|DEBUG|2018/03/16|19:40| 			"F_LPOS"	"1"
|   12276|DEBUG|2018/03/16|19:40| 			"URL_DOC"	""
|   12276|DEBUG|2018/03/16|19:40| 			"F_TYPE"	"3"
|   12276|DEBUG|2018/03/16|19:40| 			"F_CTYPE"	""
|   12276|DEBUG|2018/03/16|19:40| 		}
|   12276|DEBUG|2018/03/16|19:40| 		ELEM {
|   12276|DEBUG|2018/03/16|19:40| 			NB_PROP	"10"
|   12276|DEBUG|2018/03/16|19:40| 			"v_groupexec"	""
|   12276|DEBUG|2018/03/16|19:40| 			"ID"	"JO0000000428"
|   12276|DEBUG|2018/03/16|19:40| 			"TYPE"	"1"
|   12276|DEBUG|2018/03/16|19:40| 			"V_DESC"	"Transfert du fichier \\Axway-prd\Transferts\CSB\ATraiter\Fic_Appro_Ext.txt vers le fichier BDAPPGAB"
|   12276|DEBUG|2018/03/16|19:40| 			"V_JNAME"	"FTPAPPREXT"
|   12276|DEBUG|2018/03/16|19:40| 			"XYWH"	"540 -2580 30 30"
|   12276|DEBUG|2018/03/16|19:40| 			"F_LPOS"	"1"
|   12276|DEBUG|2018/03/16|19:40| 			"URL_DOC"	""
|   12276|DEBUG|2018/03/16|19:40| 			"F_TYPE"	"3"
|   12276|DEBUG|2018/03/16|19:40| 			"F_CTYPE"	""
|   12276|DEBUG|2018/03/16|19:40| 		}
|   12276|DEBUG|2018/03/16|19:40| 		ELEM {
|   12276|DEBUG|2018/03/16|19:40| 			NB_PROP	"10"
|   12276|DEBUG|2018/03/16|19:40| 			"v_groupexec"	""
|   12276|DEBUG|2018/03/16|19:40| 			"ID"	"JO0000000429"
|   12276|DEBUG|2018/03/16|19:40| 			"TYPE"	"1"
|   12276|DEBUG|2018/03/16|19:40| 			"V_DESC"	"Archivage de CNBCTR1E.XML dans D:\Archive\SEPA\Retour\CNBCTR1E\. Tous les JO."
|   12276|DEBUG|2018/03/16|19:40| 			"V_JNAME"	"ARCCNBCTR1E"
|   12276|DEBUG|2018/03/16|19:40| 			"XYWH"	"-410 80 30 30"
|   12276|DEBUG|2018/03/16|19:40| 			"F_LPOS"	"6"
|   12276|DEBUG|2018/03/16|19:40| 			"URL_DOC"	""
|   12276|DEBUG|2018/03/16|19:40| 			"F_TYPE"	"0"
|   12276|DEBUG|2018/03/16|19:40| 			"F_CTYPE"	""
|   12276|DEBUG|2018/03/16|19:40| 		}
|   12276|DEBUG|2018/03/16|19:40| 		ELEM {
|   12276|DEBUG|2018/03/16|19:40| 			NB_PROP	"10"
|   12276|DEBUG|2018/03/16|19:40| 			"v_groupexec"	""
|   12276|DEBUG|2018/03/16|19:40| 			"ID"	"JO0000000430"
|   12276|DEBUG|2018/03/16|19:40| 			"TYPE"	"1"
|   12276|DEBUG|2018/03/16|19:40| 			"V_DESC"	"Archivage de CNBCTR2E.XML dans D:\Archive\SEPA\Retour\CNBCTR2E\. Tous les JO."
|   12276|DEBUG|2018/03/16|19:40| 			"V_JNAME"	"ARCCNBCTR2E"
|   12276|DEBUG|2018/03/16|19:40| 			"XYWH"	"-250 80 30 30"
|   12276|DEBUG|2018/03/16|19:40| 			"F_LPOS"	"1"
|   12276|DEBUG|2018/03/16|19:40| 			"URL_DOC"	""
|   12276|DEBUG|2018/03/16|19:40| 			"F_TYPE"	"0"
|   12276|DEBUG|2018/03/16|19:40| 			"F_CTYPE"	""
|   12277|DEBUG|2018/03/16|19:40| 		}
|   12277|DEBUG|2018/03/16|19:40| 		ELEM {
|   12277|DEBUG|2018/03/16|19:40| 			NB_PROP	"10"
|   12277|DEBUG|2018/03/16|19:40| 			"v_groupexec"	""
|   12277|DEBUG|2018/03/16|19:40| 			"ID"	"JO0000000431"
|   12277|DEBUG|2018/03/16|19:40| 			"TYPE"	"1"
|   12277|DEBUG|2018/03/16|19:40| 			"V_DESC"	"Tous les JO."
|   12277|DEBUG|2018/03/16|19:40| 			"V_JNAME"	"BCICACQSEP"
|   12277|DEBUG|2018/03/16|19:40| 			"XYWH"	"-330 140 30 30"
|   12277|DEBUG|2018/03/16|19:40| 			"F_LPOS"	"1"
|   12277|DEBUG|2018/03/16|19:40| 			"URL_DOC"	""
|   12277|DEBUG|2018/03/16|19:40| 			"F_TYPE"	"3"
|   12277|DEBUG|2018/03/16|19:40| 			"F_CTYPE"	""
|   12277|DEBUG|2018/03/16|19:40| 		}
|   12277|DEBUG|2018/03/16|19:40| 		ELEM {
|   12277|DEBUG|2018/03/16|19:40| 			NB_PROP	"10"
|   12277|DEBUG|2018/03/16|19:40| 			"v_groupexec"	""
|   12277|DEBUG|2018/03/16|19:40| 			"ID"	"JO0000000432"
|   12277|DEBUG|2018/03/16|19:40| 			"TYPE"	"1"
|   12277|DEBUG|2018/03/16|19:40| 			"V_DESC"	"Génération du tableau de bord. Tous les JO."
|   12277|DEBUG|2018/03/16|19:40| 			"V_JNAME"	"BCEPETBB"
|   12277|DEBUG|2018/03/16|19:40| 			"XYWH"	"-410 200 30 30"
|   12277|DEBUG|2018/03/16|19:40| 			"F_LPOS"	"1"
|   12277|DEBUG|2018/03/16|19:40| 			"URL_DOC"	""
|   12277|DEBUG|2018/03/16|19:40| 			"F_TYPE"	"3"
|   12277|DEBUG|2018/03/16|19:40| 			"F_CTYPE"	""
|   12277|DEBUG|2018/03/16|19:40| 		}
|   12277|DEBUG|2018/03/16|19:40| 		ELEM {
|   12277|DEBUG|2018/03/16|19:40| 			NB_PROP	"10"
|   12277|DEBUG|2018/03/16|19:40| 			"v_groupexec"	""
|   12277|DEBUG|2018/03/16|19:40| 			"ID"	"JO0000000433"
|   12277|DEBUG|2018/03/16|19:40| 			"TYPE"	"1"
|   12277|DEBUG|2018/03/16|19:40| 			"V_DESC"	"Génération des fichiers de contôle."
|   12277|DEBUG|2018/03/16|19:40| 			"V_JNAME"	"BCREPSEPR"
|   12277|DEBUG|2018/03/16|19:40| 			"XYWH"	"-40 260 30 30"
|   12277|DEBUG|2018/03/16|19:40| 			"F_LPOS"	"1"
|   12277|DEBUG|2018/03/16|19:40| 			"URL_DOC"	""
|   12277|DEBUG|2018/03/16|19:40| 			"F_TYPE"	"3"
|   12277|DEBUG|2018/03/16|19:40| 			"F_CTYPE"	""
|   12277|DEBUG|2018/03/16|19:40| 		}
|   12277|DEBUG|2018/03/16|19:40| 		ELEM {
|   12277|DEBUG|2018/03/16|19:40| 			NB_PROP	"10"
|   12277|DEBUG|2018/03/16|19:40| 			"v_groupexec"	""
|   12277|DEBUG|2018/03/16|19:40| 			"ID"	"JO0000000434"
|   12277|DEBUG|2018/03/16|19:40| 			"TYPE"	"1"
|   12277|DEBUG|2018/03/16|19:40| 			"V_DESC"	"Transfert fichier CNBCTR1E.XML sur le serveur de fichiers. Tous les JO."
|   12277|DEBUG|2018/03/16|19:40| 			"V_JNAME"	"FTPCNBCTR1E"
|   12277|DEBUG|2018/03/16|19:40| 			"XYWH"	"-410 -40 30 30"
|   12277|DEBUG|2018/03/16|19:40| 			"F_LPOS"	"6"
|   12277|DEBUG|2018/03/16|19:40| 			"URL_DOC"	""
|   12277|DEBUG|2018/03/16|19:40| 			"F_TYPE"	"0"
|   12277|DEBUG|2018/03/16|19:40| 			"F_CTYPE"	""
|   12277|DEBUG|2018/03/16|19:40| 		}
|   12277|DEBUG|2018/03/16|19:40| 		ELEM {
|   12277|DEBUG|2018/03/16|19:40| 			NB_PROP	"10"
|   12277|DEBUG|2018/03/16|19:40| 			"v_groupexec"	""
|   12277|DEBUG|2018/03/16|19:40| 			"ID"	"JO0000000435"
|   12277|DEBUG|2018/03/16|19:40| 			"TYPE"	"1"
|   12277|DEBUG|2018/03/16|19:40| 			"V_DESC"	"Transfert fichier CNBCTR2E.XML sur le serveur de fichiers. Tous les JO."
|   12277|DEBUG|2018/03/16|19:40| 			"V_JNAME"	"FTPCNBCTR2E"
|   12277|DEBUG|2018/03/16|19:40| 			"XYWH"	"-250 -40 30 30"
|   12277|DEBUG|2018/03/16|19:40| 			"F_LPOS"	"1"
|   12277|DEBUG|2018/03/16|19:40| 			"URL_DOC"	""
|   12277|DEBUG|2018/03/16|19:40| 			"F_TYPE"	"0"
|   12277|DEBUG|2018/03/16|19:40| 			"F_CTYPE"	""
|   12277|DEBUG|2018/03/16|19:40| 		}
|   12277|DEBUG|2018/03/16|19:40| 		ELEM {
|   12277|DEBUG|2018/03/16|19:40| 			NB_PROP	"10"
|   12277|DEBUG|2018/03/16|19:40| 			"v_groupexec"	""
|   12277|DEBUG|2018/03/16|19:40| 			"ID"	"JO0000000436"
|   12277|DEBUG|2018/03/16|19:40| 			"TYPE"	"1"
|   12277|DEBUG|2018/03/16|19:40| 			"V_DESC"	"Transfert du fichier CNBCTR1E.XML du serveur Interpel vers le fichier EPE220VDTA/EPERECPSCT sur Isprod. Tous les JO."
|   12277|DEBUG|2018/03/16|19:40| 			"V_JNAME"	"FTPEPESCT"
|   12277|DEBUG|2018/03/16|19:40| 			"XYWH"	"-410 -100 30 30"
|   12277|DEBUG|2018/03/16|19:40| 			"F_LPOS"	"7"
|   12277|DEBUG|2018/03/16|19:40| 			"URL_DOC"	""
|   12277|DEBUG|2018/03/16|19:40| 			"F_TYPE"	"3"
|   12277|DEBUG|2018/03/16|19:40| 			"F_CTYPE"	""
|   12277|DEBUG|2018/03/16|19:40| 		}
|   12277|DEBUG|2018/03/16|19:40| 		ELEM {
|   12277|DEBUG|2018/03/16|19:40| 			NB_PROP	"10"
|   12277|DEBUG|2018/03/16|19:40| 			"v_groupexec"	""
|   12277|DEBUG|2018/03/16|19:40| 			"ID"	"JO0000000437"
|   12277|DEBUG|2018/03/16|19:40| 			"TYPE"	"1"
|   12277|DEBUG|2018/03/16|19:40| 			"V_DESC"	"Transfert du fichier CNBCTR2E.XML du serveur Interpel vers le fichier EPE220VDTA/EPERECPSDD sur Isprod. Tous les JO."
|   12277|DEBUG|2018/03/16|19:40| 			"V_JNAME"	"FTPEPESDD"
|   12277|DEBUG|2018/03/16|19:40| 			"XYWH"	"-250 -100 30 30"
|   12277|DEBUG|2018/03/16|19:40| 			"F_LPOS"	"1"
|   12277|DEBUG|2018/03/16|19:40| 			"URL_DOC"	""
|   12277|DEBUG|2018/03/16|19:40| 			"F_TYPE"	"3"
|   12277|DEBUG|2018/03/16|19:40| 			"F_CTYPE"	""
|   12277|DEBUG|2018/03/16|19:40| 		}
|   12277|DEBUG|2018/03/16|19:40| 		ELEM {
|   12277|DEBUG|2018/03/16|19:40| 			NB_PROP	"10"
|   12277|DEBUG|2018/03/16|19:40| 			"v_groupexec"	""
|   12277|DEBUG|2018/03/16|19:40| 			"ID"	"JO0000000438"
|   12277|DEBUG|2018/03/16|19:40| 			"TYPE"	"1"
|   12277|DEBUG|2018/03/16|19:40| 			"V_DESC"	"Envoi d'un mail a la compta pour le Retour SEPA. Tous les JO."
|   12277|DEBUG|2018/03/16|19:40| 			"V_JNAME"	"MEL_SIT_RETOUR_SEPA"
|   12277|DEBUG|2018/03/16|19:40| 			"XYWH"	"-330 20 30 30"
|   12277|DEBUG|2018/03/16|19:40| 			"F_LPOS"	"1"
|   12277|DEBUG|2018/03/16|19:40| 			"URL_DOC"	""
|   12277|DEBUG|2018/03/16|19:40| 			"F_TYPE"	"0"
|   12277|DEBUG|2018/03/16|19:40| 			"F_CTYPE"	""
|   12277|DEBUG|2018/03/16|19:40| 		}
|   12277|DEBUG|2018/03/16|19:40| 		ELEM {
|   12277|DEBUG|2018/03/16|19:40| 			NB_PROP	"10"
|   12277|DEBUG|2018/03/16|19:40| 			"v_groupexec"	""
|   12277|DEBUG|2018/03/16|19:40| 			"ID"	"JO0000000439"
|   12277|DEBUG|2018/03/16|19:40| 			"TYPE"	"1"
|   12277|DEBUG|2018/03/16|19:40| 			"V_DESC"	"Allée SEPA.
Tous les JO."
|   12277|DEBUG|2018/03/16|19:40| 			"V_JNAME"	"BCICALLSEP"
|   12277|DEBUG|2018/03/16|19:40| 			"XYWH"	"-330 440 30 30"
|   12277|DEBUG|2018/03/16|19:40| 			"F_LPOS"	"1"
|   12277|DEBUG|2018/03/16|19:40| 			"URL_DOC"	""
|   12277|DEBUG|2018/03/16|19:40| 			"F_TYPE"	"3"
|   12277|DEBUG|2018/03/16|19:40| 			"F_CTYPE"	""
|   12277|DEBUG|2018/03/16|19:40| 		}
|   12277|DEBUG|2018/03/16|19:40| 		ELEM {
|   12277|DEBUG|2018/03/16|19:40| 			NB_PROP	"10"
|   12277|DEBUG|2018/03/16|19:40| 			"v_groupexec"	"GX0000000001"
|   12277|DEBUG|2018/03/16|19:40| 			"ID"	"JO0000000440"
|   12277|DEBUG|2018/03/16|19:40| 			"TYPE"	"1"
|   12277|DEBUG|2018/03/16|19:40| 			"V_DESC"	"Transfert Interpel - Envoi fichier BCCNTR2E.xml à SEPA. Tous les JO."
|   12277|DEBUG|2018/03/16|19:40| 			"V_JNAME"	"XFBBCCNTR2E"
|   12277|DEBUG|2018/03/16|19:40| 			"XYWH"	"-330 620 30 30"
|   12277|DEBUG|2018/03/16|19:40| 			"F_LPOS"	"1"
|   12277|DEBUG|2018/03/16|19:40| 			"URL_DOC"	""
|   12277|DEBUG|2018/03/16|19:40| 			"F_TYPE"	"0"
|   12277|DEBUG|2018/03/16|19:40| 			"F_CTYPE"	""
|   12277|DEBUG|2018/03/16|19:40| 		}
|   12277|DEBUG|2018/03/16|19:40| 		ELEM {
|   12277|DEBUG|2018/03/16|19:40| 			NB_PROP	"10"
|   12277|DEBUG|2018/03/16|19:40| 			"v_groupexec"	"GX0000000001"
|   12277|DEBUG|2018/03/16|19:40| 			"ID"	"JO0000000441"
|   12277|DEBUG|2018/03/16|19:40| 			"TYPE"	"1"
|   12277|DEBUG|2018/03/16|19:40| 			"V_DESC"	"Transfert Interpel - Envoi fichier BCCNTR1E.xml à SEPA. Tous les JO."
|   12277|DEBUG|2018/03/16|19:40| 			"V_JNAME"	"XFBBCCNTR1E"
|   12277|DEBUG|2018/03/16|19:40| 			"XYWH"	"-560 680 30 30"
|   12277|DEBUG|2018/03/16|19:40| 			"F_LPOS"	"1"
|   12277|DEBUG|2018/03/16|19:40| 			"URL_DOC"	""
|   12277|DEBUG|2018/03/16|19:40| 			"F_TYPE"	"0"
|   12277|DEBUG|2018/03/16|19:40| 			"F_CTYPE"	""
|   12277|DEBUG|2018/03/16|19:40| 		}
|   12277|DEBUG|2018/03/16|19:40| 		ELEM {
|   12277|DEBUG|2018/03/16|19:40| 			NB_PROP	"10"
|   12277|DEBUG|2018/03/16|19:40| 			"v_groupexec"	"GX0000000001"
|   12277|DEBUG|2018/03/16|19:40| 			"ID"	"JO0000000442"
|   12277|DEBUG|2018/03/16|19:40| 			"TYPE"	"1"
|   12278|DEBUG|2018/03/16|19:40| 			"V_DESC"	"Archivage de BCCNTR1E.XML dans D:\Archive\SEPA\ALLER\BCCNTR1E\. Tous les JO."
|   12278|DEBUG|2018/03/16|19:40| 			"V_JNAME"	"ARCBCCNTR1E"
|   12278|DEBUG|2018/03/16|19:40| 			"XYWH"	"-560 800 30 30"
|   12278|DEBUG|2018/03/16|19:40| 			"F_LPOS"	"1"
|   12278|DEBUG|2018/03/16|19:40| 			"URL_DOC"	""
|   12278|DEBUG|2018/03/16|19:40| 			"F_TYPE"	"0"
|   12278|DEBUG|2018/03/16|19:40| 			"F_CTYPE"	""
|   12278|DEBUG|2018/03/16|19:40| 		}
|   12278|DEBUG|2018/03/16|19:40| 		ELEM {
|   12278|DEBUG|2018/03/16|19:40| 			NB_PROP	"10"
|   12278|DEBUG|2018/03/16|19:40| 			"v_groupexec"	"GX0000000001"
|   12278|DEBUG|2018/03/16|19:40| 			"ID"	"JO0000000443"
|   12278|DEBUG|2018/03/16|19:40| 			"TYPE"	"1"
|   12278|DEBUG|2018/03/16|19:40| 			"V_DESC"	"Archivage de ITESCT.XML dans D:\Archive\SEPA\ALLER\BCCNTR2E\. Tous les JO."
|   12278|DEBUG|2018/03/16|19:40| 			"V_JNAME"	"ARCBCCNTR2E"
|   12278|DEBUG|2018/03/16|19:40| 			"XYWH"	"-330 680 30 30"
|   12278|DEBUG|2018/03/16|19:40| 			"F_LPOS"	"1"
|   12278|DEBUG|2018/03/16|19:40| 			"URL_DOC"	""
|   12278|DEBUG|2018/03/16|19:40| 			"F_TYPE"	"0"
|   12278|DEBUG|2018/03/16|19:40| 			"F_CTYPE"	""
|   12278|DEBUG|2018/03/16|19:40| 		}
|   12278|DEBUG|2018/03/16|19:40| 		ELEM {
|   12278|DEBUG|2018/03/16|19:40| 			NB_PROP	"10"
|   12278|DEBUG|2018/03/16|19:40| 			"v_groupexec"	""
|   12278|DEBUG|2018/03/16|19:40| 			"ID"	"JO0000000444"
|   12278|DEBUG|2018/03/16|19:40| 			"TYPE"	"1"
|   12278|DEBUG|2018/03/16|19:40| 			"V_DESC"	"Transfert du fichier EPEEMIPSCT de la EPE220VDTA  vers le fichier BCCNTR2E.xml du répertoire Transferts\sepa. Ts les JO."
|   12278|DEBUG|2018/03/16|19:40| 			"V_JNAME"	"FTPALLSCT"
|   12278|DEBUG|2018/03/16|19:40| 			"XYWH"	"-330 560 30 30"
|   12278|DEBUG|2018/03/16|19:40| 			"F_LPOS"	"1"
|   12278|DEBUG|2018/03/16|19:40| 			"URL_DOC"	""
|   12278|DEBUG|2018/03/16|19:40| 			"F_TYPE"	"3"
|   12278|DEBUG|2018/03/16|19:40| 			"F_CTYPE"	""
|   12278|DEBUG|2018/03/16|19:40| 		}
|   12278|DEBUG|2018/03/16|19:40| 		ELEM {
|   12278|DEBUG|2018/03/16|19:40| 			NB_PROP	"10"
|   12278|DEBUG|2018/03/16|19:40| 			"v_groupexec"	""
|   12278|DEBUG|2018/03/16|19:40| 			"ID"	"JO0000000445"
|   12278|DEBUG|2018/03/16|19:40| 			"TYPE"	"1"
|   12278|DEBUG|2018/03/16|19:40| 			"V_DESC"	"Transfert du fichier EPEEMIPSDD de la EPE220VDTA  vers le fichier BCCNTR1E.xml du répertoire Transferts\sepa. Ts les JO."
|   12278|DEBUG|2018/03/16|19:40| 			"V_JNAME"	"FTPALLSDD"
|   12278|DEBUG|2018/03/16|19:40| 			"XYWH"	"-560 560 30 30"
|   12278|DEBUG|2018/03/16|19:40| 			"F_LPOS"	"1"
|   12278|DEBUG|2018/03/16|19:40| 			"URL_DOC"	""
|   12278|DEBUG|2018/03/16|19:40| 			"F_TYPE"	"3"
|   12278|DEBUG|2018/03/16|19:40| 			"F_CTYPE"	""
|   12278|DEBUG|2018/03/16|19:40| 		}
|   12278|DEBUG|2018/03/16|19:40| 		ELEM {
|   12278|DEBUG|2018/03/16|19:40| 			NB_PROP	"10"
|   12278|DEBUG|2018/03/16|19:40| 			"v_groupexec"	""
|   12278|DEBUG|2018/03/16|19:40| 			"ID"	"JO0000000446"
|   12278|DEBUG|2018/03/16|19:40| 			"TYPE"	"1"
|   12278|DEBUG|2018/03/16|19:40| 			"V_DESC"	"Transfert du fichier BDFAXSEP de la BCIRECVDTA  vers le fichier bdfaxsep.txt sur le serveur de fichier pour le soc. Ts les JO."
|   12278|DEBUG|2018/03/16|19:40| 			"V_JNAME"	"FTPFAXSEP"
|   12278|DEBUG|2018/03/16|19:40| 			"XYWH"	"-110 560 30 30"
|   12278|DEBUG|2018/03/16|19:40| 			"F_LPOS"	"1"
|   12278|DEBUG|2018/03/16|19:40| 			"URL_DOC"	""
|   12278|DEBUG|2018/03/16|19:40| 			"F_TYPE"	"3"
|   12278|DEBUG|2018/03/16|19:40| 			"F_CTYPE"	""
|   12278|DEBUG|2018/03/16|19:40| 		}
|   12278|DEBUG|2018/03/16|19:40| 		ELEM {
|   12278|DEBUG|2018/03/16|19:40| 			NB_PROP	"10"
|   12278|DEBUG|2018/03/16|19:40| 			"v_groupexec"	""
|   12278|DEBUG|2018/03/16|19:40| 			"ID"	"JO0000000447"
|   12278|DEBUG|2018/03/16|19:40| 			"TYPE"	"1"
|   12278|DEBUG|2018/03/16|19:40| 			"V_DESC"	"Envoi d'un mail au soc pour accord de transfert du SEPA. Ts les JO."
|   12278|DEBUG|2018/03/16|19:40| 			"V_JNAME"	"Mel_SEPA_ALLER"
|   12278|DEBUG|2018/03/16|19:40| 			"XYWH"	"-170 630 30 30"
|   12278|DEBUG|2018/03/16|19:40| 			"F_LPOS"	"1"
|   12278|DEBUG|2018/03/16|19:40| 			"URL_DOC"	""
|   12278|DEBUG|2018/03/16|19:40| 			"F_TYPE"	"0"
|   12278|DEBUG|2018/03/16|19:40| 			"F_CTYPE"	""
|   12278|DEBUG|2018/03/16|19:40| 		}
|   12278|DEBUG|2018/03/16|19:40| 		ELEM {
|   12278|DEBUG|2018/03/16|19:40| 			NB_PROP	"10"
|   12278|DEBUG|2018/03/16|19:40| 			"v_groupexec"	""
|   12278|DEBUG|2018/03/16|19:40| 			"ID"	"JO0000000448"
|   12278|DEBUG|2018/03/16|19:40| 			"TYPE"	"1"
|   12278|DEBUG|2018/03/16|19:40| 			"V_DESC"	"Allée SEPA.
Tous les JO."
|   12278|DEBUG|2018/03/16|19:40| 			"V_JNAME"	"BCREPSEPA"
|   12278|DEBUG|2018/03/16|19:40| 			"XYWH"	"-330 500 30 30"
|   12278|DEBUG|2018/03/16|19:40| 			"F_LPOS"	"1"
|   12278|DEBUG|2018/03/16|19:40| 			"URL_DOC"	""
|   12278|DEBUG|2018/03/16|19:40| 			"F_TYPE"	"3"
|   12278|DEBUG|2018/03/16|19:40| 			"F_CTYPE"	""
|   12278|DEBUG|2018/03/16|19:40| 		}
|   12278|DEBUG|2018/03/16|19:40| 		ELEM {
|   12278|DEBUG|2018/03/16|19:40| 			NB_PROP	"10"
|   12278|DEBUG|2018/03/16|19:40| 			"v_groupexec"	""
|   12278|DEBUG|2018/03/16|19:40| 			"ID"	"JO0000000449"
|   12278|DEBUG|2018/03/16|19:40| 			"TYPE"	"1"
|   12278|DEBUG|2018/03/16|19:40| 			"V_DESC"	"Transfert du fichier BDFAXSEP de la BCIRECVDTA  vers le fichier bdfaxsep.txt sur le serveur de fichier pour le soc. Ts les JO."
|   12278|DEBUG|2018/03/16|19:40| 			"V_JNAME"	"FTPFAXSEPC"
|   12278|DEBUG|2018/03/16|19:40| 			"XYWH"	"-230 560 30 30"
|   12278|DEBUG|2018/03/16|19:40| 			"F_LPOS"	"1"
|   12278|DEBUG|2018/03/16|19:40| 			"URL_DOC"	""
|   12278|DEBUG|2018/03/16|19:40| 			"F_TYPE"	"3"
|   12278|DEBUG|2018/03/16|19:40| 			"F_CTYPE"	""
|   12278|DEBUG|2018/03/16|19:40| 		}
|   12278|DEBUG|2018/03/16|19:40| 		ELEM {
|   12278|DEBUG|2018/03/16|19:40| 			NB_PROP	"10"
|   12278|DEBUG|2018/03/16|19:40| 			"v_groupexec"	""
|   12278|DEBUG|2018/03/16|19:40| 			"ID"	"JO0000000450"
|   12278|DEBUG|2018/03/16|19:40| 			"TYPE"	"1"
|   12278|DEBUG|2018/03/16|19:40| 			"V_DESC"	"Création de la ressource BCIRESSOUR/EMIPSDDOK si EPE220VDTA/EPEEMIPSDD est plein."
|   12278|DEBUG|2018/03/16|19:40| 			"V_JNAME"	"CTLMIPSDD"
|   12278|DEBUG|2018/03/16|19:40| 			"XYWH"	"-560 620 30 30"
|   12278|DEBUG|2018/03/16|19:40| 			"F_LPOS"	"1"
|   12278|DEBUG|2018/03/16|19:40| 			"URL_DOC"	""
|   12278|DEBUG|2018/03/16|19:40| 			"F_TYPE"	"3"
|   12278|DEBUG|2018/03/16|19:40| 			"F_CTYPE"	""
|   12278|DEBUG|2018/03/16|19:40| 		}
|   12278|DEBUG|2018/03/16|19:40| 		ELEM {
|   12278|DEBUG|2018/03/16|19:40| 			NB_PROP	"10"
|   12278|DEBUG|2018/03/16|19:40| 			"v_groupexec"	""
|   12278|DEBUG|2018/03/16|19:40| 			"ID"	"JO0000000451"
|   12278|DEBUG|2018/03/16|19:40| 			"TYPE"	"1"
|   12278|DEBUG|2018/03/16|19:40| 			"V_DESC"	"Suppression de BCIRESSOUR/EMIPSDDOK si présent. Journalier."
|   12278|DEBUG|2018/03/16|19:40| 			"V_JNAME"	"DLTEMIPSDD"
|   12278|DEBUG|2018/03/16|19:40| 			"XYWH"	"-560 860 30 30"
|   12278|DEBUG|2018/03/16|19:40| 			"F_LPOS"	"4"
|   12278|DEBUG|2018/03/16|19:40| 			"URL_DOC"	""
|   12278|DEBUG|2018/03/16|19:40| 			"F_TYPE"	"3"
|   12278|DEBUG|2018/03/16|19:40| 			"F_CTYPE"	""
|   12278|DEBUG|2018/03/16|19:40| 		}
|   12278|DEBUG|2018/03/16|19:40| 		ELEM {
|   12278|DEBUG|2018/03/16|19:40| 			NB_PROP	"10"
|   12278|DEBUG|2018/03/16|19:40| 			"v_groupexec"	""
|   12278|DEBUG|2018/03/16|19:40| 			"ID"	"JO0000000452"
|   12278|DEBUG|2018/03/16|19:40| 			"TYPE"	"1"
|   12278|DEBUG|2018/03/16|19:40| 			"V_DESC"	"Tous les JO."
|   12278|DEBUG|2018/03/16|19:40| 			"V_JNAME"	"VALIDE9"
|   12278|DEBUG|2018/03/16|19:40| 			"XYWH"	"-560 740 30 30"
|   12278|DEBUG|2018/03/16|19:40| 			"F_LPOS"	"1"
|   12278|DEBUG|2018/03/16|19:40| 			"URL_DOC"	""
|   12278|DEBUG|2018/03/16|19:40| 			"F_TYPE"	"3"
|   12278|DEBUG|2018/03/16|19:40| 			"F_CTYPE"	""
|   12278|DEBUG|2018/03/16|19:40| 		}
|   12278|DEBUG|2018/03/16|19:40| 		ELEM {
|   12278|DEBUG|2018/03/16|19:40| 			NB_PROP	"10"
|   12278|DEBUG|2018/03/16|19:40| 			"v_groupexec"	""
|   12278|DEBUG|2018/03/16|19:40| 			"ID"	"JO0000000453"
|   12278|DEBUG|2018/03/16|19:40| 			"TYPE"	"1"
|   12278|DEBUG|2018/03/16|19:40| 			"V_DESC"	"Création de la ressource BCIRESSOUR/IM17499OK si BCIRECVDTA/BDIM17499 est plein."
|   12278|DEBUG|2018/03/16|19:40| 			"V_JNAME"	"CTLIM17499"
|   12278|DEBUG|2018/03/16|19:40| 			"XYWH"	"810 620 30 30"
|   12278|DEBUG|2018/03/16|19:40| 			"F_LPOS"	"1"
|   12278|DEBUG|2018/03/16|19:40| 			"URL_DOC"	""
|   12278|DEBUG|2018/03/16|19:40| 			"F_TYPE"	"3"
|   12278|DEBUG|2018/03/16|19:40| 			"F_CTYPE"	""
|   12278|DEBUG|2018/03/16|19:40| 		}
|   12278|DEBUG|2018/03/16|19:40| 		ELEM {
|   12278|DEBUG|2018/03/16|19:40| 			NB_PROP	"10"
|   12279|DEBUG|2018/03/16|19:40| 			"v_groupexec"	""
|   12279|DEBUG|2018/03/16|19:40| 			"ID"	"JO0000000454"
|   12279|DEBUG|2018/03/16|19:40| 			"TYPE"	"1"
|   12279|DEBUG|2018/03/16|19:40| 			"V_DESC"	"Suppression de BCIRESSOUR/IM17499OK si présent. Journalier."
|   12279|DEBUG|2018/03/16|19:40| 			"V_JNAME"	"DLTIM17499"
|   12279|DEBUG|2018/03/16|19:40| 			"XYWH"	"690 800 30 30"
|   12279|DEBUG|2018/03/16|19:40| 			"F_LPOS"	"1"
|   12279|DEBUG|2018/03/16|19:40| 			"URL_DOC"	""
|   12279|DEBUG|2018/03/16|19:40| 			"F_TYPE"	"3"
|   12279|DEBUG|2018/03/16|19:40| 			"F_CTYPE"	""
|   12279|DEBUG|2018/03/16|19:40| 		}
|   12279|DEBUG|2018/03/16|19:40| 		ELEM {
|   12279|DEBUG|2018/03/16|19:40| 			NB_PROP	"10"
|   12279|DEBUG|2018/03/16|19:40| 			"v_groupexec"	""
|   12279|DEBUG|2018/03/16|19:40| 			"ID"	"JO0000000455"
|   12279|DEBUG|2018/03/16|19:40| 			"TYPE"	"1"
|   12279|DEBUG|2018/03/16|19:40| 			"V_DESC"	"Tous les JO."
|   12279|DEBUG|2018/03/16|19:40| 			"V_JNAME"	"VALIDE10"
|   12279|DEBUG|2018/03/16|19:40| 			"XYWH"	"570 800 30 30"
|   12279|DEBUG|2018/03/16|19:40| 			"F_LPOS"	"1"
|   12279|DEBUG|2018/03/16|19:40| 			"URL_DOC"	""
|   12279|DEBUG|2018/03/16|19:40| 			"F_TYPE"	"3"
|   12279|DEBUG|2018/03/16|19:40| 			"F_CTYPE"	""
|   12279|DEBUG|2018/03/16|19:40| 		}
|   12279|DEBUG|2018/03/16|19:40| 		ELEM {
|   12279|DEBUG|2018/03/16|19:40| 			NB_PROP	"10"
|   12279|DEBUG|2018/03/16|19:40| 			"v_groupexec"	""
|   12279|DEBUG|2018/03/16|19:40| 			"ID"	"JO0000000456"
|   12279|DEBUG|2018/03/16|19:40| 			"TYPE"	"1"
|   12279|DEBUG|2018/03/16|19:40| 			"V_DESC"	"Zippe le fichier 50_17499_SSAAMMJJ.txt dans bciafico.zip. 1er jour de semaine."
|   12279|DEBUG|2018/03/16|19:40| 			"V_JNAME"	"ZIP50_17499"
|   12279|DEBUG|2018/03/16|19:40| 			"XYWH"	"20 2550 30 30"
|   12279|DEBUG|2018/03/16|19:40| 			"F_LPOS"	"1"
|   12279|DEBUG|2018/03/16|19:40| 			"URL_DOC"	""
|   12279|DEBUG|2018/03/16|19:40| 			"F_TYPE"	"0"
|   12279|DEBUG|2018/03/16|19:40| 			"F_CTYPE"	""
|   12279|DEBUG|2018/03/16|19:40| 		}
|   12279|DEBUG|2018/03/16|19:40| 		ELEM {
|   12279|DEBUG|2018/03/16|19:40| 			NB_PROP	"10"
|   12279|DEBUG|2018/03/16|19:40| 			"v_groupexec"	""
|   12279|DEBUG|2018/03/16|19:40| 			"ID"	"JO0000000457"
|   12279|DEBUG|2018/03/16|19:40| 			"TYPE"	"1"
|   12279|DEBUG|2018/03/16|19:40| 			"V_DESC"	"Supprime les fichiers 50_17499*. Hebdo Le lundi."
|   12279|DEBUG|2018/03/16|19:40| 			"V_JNAME"	"SUPP50_17499"
|   12279|DEBUG|2018/03/16|19:40| 			"XYWH"	"140 2610 30 30"
|   12279|DEBUG|2018/03/16|19:40| 			"F_LPOS"	"1"
|   12279|DEBUG|2018/03/16|19:40| 			"URL_DOC"	""
|   12279|DEBUG|2018/03/16|19:40| 			"F_TYPE"	"0"
|   12279|DEBUG|2018/03/16|19:40| 			"F_CTYPE"	""
|   12279|DEBUG|2018/03/16|19:40| 		}
|   12279|DEBUG|2018/03/16|19:40| 		ELEM {
|   12279|DEBUG|2018/03/16|19:40| 			NB_PROP	"10"
|   12279|DEBUG|2018/03/16|19:40| 			"v_groupexec"	""
|   12279|DEBUG|2018/03/16|19:40| 			"ID"	"JO0000000458"
|   12279|DEBUG|2018/03/16|19:40| 			"TYPE"	"1"
|   12279|DEBUG|2018/03/16|19:40| 			"V_DESC"	"Renomme le fichier 50_17499.TXT en 50_17499_SSAAMMJJ.TXT dans D:\transferts\IEOM sur le serveur de prod. Hebdo le lundi."
|   12279|DEBUG|2018/03/16|19:40| 			"V_JNAME"	"REN50_17499"
|   12279|DEBUG|2018/03/16|19:40| 			"XYWH"	"140 2550 30 30"
|   12279|DEBUG|2018/03/16|19:40| 			"F_LPOS"	"1"
|   12279|DEBUG|2018/03/16|19:40| 			"URL_DOC"	""
|   12279|DEBUG|2018/03/16|19:40| 			"F_TYPE"	"0"
|   12279|DEBUG|2018/03/16|19:40| 			"F_CTYPE"	""
|   12279|DEBUG|2018/03/16|19:40| 		}
|   12279|DEBUG|2018/03/16|19:40| 		ELEM {
|   12279|DEBUG|2018/03/16|19:40| 			NB_PROP	"10"
|   12279|DEBUG|2018/03/16|19:40| 			"v_groupexec"	""
|   12279|DEBUG|2018/03/16|19:40| 			"ID"	"JO0000000459"
|   12279|DEBUG|2018/03/16|19:40| 			"TYPE"	"1"
|   12279|DEBUG|2018/03/16|19:40| 			"V_DESC"	"Envoi via FTPS à l'IEOM du fichier Aller Ficom."
|   12279|DEBUG|2018/03/16|19:40| 			"V_JNAME"	"FTPS_FICOMA"
|   12279|DEBUG|2018/03/16|19:40| 			"XYWH"	"20 2610 30 30"
|   12279|DEBUG|2018/03/16|19:40| 			"F_LPOS"	"1"
|   12279|DEBUG|2018/03/16|19:40| 			"URL_DOC"	""
|   12279|DEBUG|2018/03/16|19:40| 			"F_TYPE"	"0"
|   12279|DEBUG|2018/03/16|19:40| 			"F_CTYPE"	""
|   12279|DEBUG|2018/03/16|19:40| 		}
|   12279|DEBUG|2018/03/16|19:40| 		ELEM {
|   12279|DEBUG|2018/03/16|19:40| 			NB_PROP	"10"
|   12279|DEBUG|2018/03/16|19:40| 			"v_groupexec"	""
|   12279|DEBUG|2018/03/16|19:40| 			"ID"	"JO0000000460"
|   12279|DEBUG|2018/03/16|19:40| 			"TYPE"	"1"
|   12279|DEBUG|2018/03/16|19:40| 			"V_DESC"	"Archivage sans supprimer de 50_17499.TXT dans D:\Archive\FICOMAller. 1er jour de semaine."
|   12279|DEBUG|2018/03/16|19:40| 			"V_JNAME"	"ARC50_17499"
|   12279|DEBUG|2018/03/16|19:40| 			"XYWH"	"140 2490 30 30"
|   12279|DEBUG|2018/03/16|19:40| 			"F_LPOS"	"1"
|   12279|DEBUG|2018/03/16|19:40| 			"URL_DOC"	""
|   12279|DEBUG|2018/03/16|19:40| 			"F_TYPE"	"0"
|   12279|DEBUG|2018/03/16|19:40| 			"F_CTYPE"	""
|   12279|DEBUG|2018/03/16|19:40| 		}
|   12279|DEBUG|2018/03/16|19:40| 		ELEM {
|   12279|DEBUG|2018/03/16|19:40| 			NB_PROP	"10"
|   12279|DEBUG|2018/03/16|19:40| 			"v_groupexec"	""
|   12279|DEBUG|2018/03/16|19:40| 			"ID"	"JO0000000461"
|   12279|DEBUG|2018/03/16|19:40| 			"TYPE"	"1"
|   12279|DEBUG|2018/03/16|19:40| 			"V_DESC"	"Envoi d'un mail a la compta pour le REESCOMPTE. Fin de semaine."
|   12279|DEBUG|2018/03/16|19:40| 			"V_JNAME"	"MEL_GICP"
|   12279|DEBUG|2018/03/16|19:40| 			"XYWH"	"650 2870 30 30"
|   12279|DEBUG|2018/03/16|19:40| 			"F_LPOS"	"1"
|   12279|DEBUG|2018/03/16|19:40| 			"URL_DOC"	""
|   12279|DEBUG|2018/03/16|19:40| 			"F_TYPE"	"0"
|   12279|DEBUG|2018/03/16|19:40| 			"F_CTYPE"	""
|   12279|DEBUG|2018/03/16|19:40| 		}
|   12279|DEBUG|2018/03/16|19:40| 		ELEM {
|   12279|DEBUG|2018/03/16|19:40| 			NB_PROP	"10"
|   12279|DEBUG|2018/03/16|19:40| 			"v_groupexec"	""
|   12279|DEBUG|2018/03/16|19:40| 			"ID"	"JO0000000462"
|   12279|DEBUG|2018/03/16|19:40| 			"TYPE"	"1"
|   12279|DEBUG|2018/03/16|19:40| 			"V_DESC"	"Envoi via FTPS à l'IEOM du fichier REESCOMPTE."
|   12279|DEBUG|2018/03/16|19:40| 			"V_JNAME"	"FTPS_GICP"
|   12279|DEBUG|2018/03/16|19:40| 			"XYWH"	"650 2690 30 30"
|   12279|DEBUG|2018/03/16|19:40| 			"F_LPOS"	"1"
|   12279|DEBUG|2018/03/16|19:40| 			"URL_DOC"	""
|   12279|DEBUG|2018/03/16|19:40| 			"F_TYPE"	"0"
|   12279|DEBUG|2018/03/16|19:40| 			"F_CTYPE"	""
|   12279|DEBUG|2018/03/16|19:40| 		}
|   12279|DEBUG|2018/03/16|19:40| 		ELEM {
|   12279|DEBUG|2018/03/16|19:40| 			NB_PROP	"10"
|   12279|DEBUG|2018/03/16|19:40| 			"v_groupexec"	""
|   12279|DEBUG|2018/03/16|19:40| 			"ID"	"JO0000000463"
|   12279|DEBUG|2018/03/16|19:40| 			"TYPE"	"1"
|   12279|DEBUG|2018/03/16|19:40| 			"V_DESC"	"Archivage de GICP.TXT dans D:\Archive\IEOM\GICP. Fin de semaine."
|   12279|DEBUG|2018/03/16|19:40| 			"V_JNAME"	"ARCGICP"
|   12279|DEBUG|2018/03/16|19:40| 			"XYWH"	"650 2750 30 30"
|   12279|DEBUG|2018/03/16|19:40| 			"F_LPOS"	"1"
|   12279|DEBUG|2018/03/16|19:40| 			"URL_DOC"	""
|   12279|DEBUG|2018/03/16|19:40| 			"F_TYPE"	"0"
|   12279|DEBUG|2018/03/16|19:40| 			"F_CTYPE"	""
|   12279|DEBUG|2018/03/16|19:40| 		}
|   12279|DEBUG|2018/03/16|19:40| 		ELEM {
|   12279|DEBUG|2018/03/16|19:40| 			NB_PROP	"10"
|   12279|DEBUG|2018/03/16|19:40| 			"v_groupexec"	""
|   12279|DEBUG|2018/03/16|19:40| 			"ID"	"JO0000000464"
|   12279|DEBUG|2018/03/16|19:40| 			"TYPE"	"1"
|   12279|DEBUG|2018/03/16|19:40| 			"V_DESC"	"Archivage de BCICHCOR.TXT dans D:\Archive\CSB\BCICHCOR. Tous les JO."
|   12279|DEBUG|2018/03/16|19:40| 			"V_JNAME"	"ARCBCICHCOR"
|   12279|DEBUG|2018/03/16|19:40| 			"XYWH"	"400 1910 30 30"
|   12279|DEBUG|2018/03/16|19:40| 			"F_LPOS"	"1"
|   12279|DEBUG|2018/03/16|19:40| 			"URL_DOC"	""
|   12279|DEBUG|2018/03/16|19:40| 			"F_TYPE"	"0"
|   12279|DEBUG|2018/03/16|19:40| 			"F_CTYPE"	""
|   12279|DEBUG|2018/03/16|19:40| 		}
|   12279|DEBUG|2018/03/16|19:40| 		ELEM {
|   12279|DEBUG|2018/03/16|19:40| 			NB_PROP	"10"
|   12279|DEBUG|2018/03/16|19:40| 			"v_groupexec"	""
|   12279|DEBUG|2018/03/16|19:40| 			"ID"	"JO0000000465"
|   12279|DEBUG|2018/03/16|19:40| 			"TYPE"	"1"
|   12279|DEBUG|2018/03/16|19:40| 			"V_DESC"	"Cryptage de BCICHCOR.TXT dans BCICHCOR.ZIP. Tous les JO."
|   12279|DEBUG|2018/03/16|19:40| 			"V_JNAME"	"CRYPTE_BCICHCOR"
|   12279|DEBUG|2018/03/16|19:40| 			"XYWH"	"400 1790 30 30"
|   12279|DEBUG|2018/03/16|19:40| 			"F_LPOS"	"1"
|   12279|DEBUG|2018/03/16|19:40| 			"URL_DOC"	""
|   12279|DEBUG|2018/03/16|19:40| 			"F_TYPE"	"0"
|   12280|DEBUG|2018/03/16|19:40| 			"F_CTYPE"	""
|   12280|DEBUG|2018/03/16|19:40| 		}
|   12280|DEBUG|2018/03/16|19:40| 		ELEM {
|   12280|DEBUG|2018/03/16|19:40| 			NB_PROP	"10"
|   12280|DEBUG|2018/03/16|19:40| 			"v_groupexec"	""
|   12280|DEBUG|2018/03/16|19:40| 			"ID"	"JO0000000466"
|   12280|DEBUG|2018/03/16|19:40| 			"TYPE"	"1"
|   12280|DEBUG|2018/03/16|19:40| 			"V_DESC"	"Transfert du fichier BDMJCHQCSB de la BCIRECVDTA  vers le fichier BCICHCOR.txt sur le serveur de fichier pour le soc. Ts les JO."
|   12280|DEBUG|2018/03/16|19:40| 			"V_JNAME"	"FTPCHCOR"
|   12280|DEBUG|2018/03/16|19:40| 			"XYWH"	"400 1730 30 30"
|   12280|DEBUG|2018/03/16|19:40| 			"F_LPOS"	"1"
|   12280|DEBUG|2018/03/16|19:40| 			"URL_DOC"	""
|   12280|DEBUG|2018/03/16|19:40| 			"F_TYPE"	"3"
|   12280|DEBUG|2018/03/16|19:40| 			"F_CTYPE"	""
|   12280|DEBUG|2018/03/16|19:40| 		}
|   12280|DEBUG|2018/03/16|19:40| 		ELEM {
|   12280|DEBUG|2018/03/16|19:40| 			NB_PROP	"10"
|   12280|DEBUG|2018/03/16|19:40| 			"v_groupexec"	""
|   12280|DEBUG|2018/03/16|19:40| 			"ID"	"JO0000000467"
|   12280|DEBUG|2018/03/16|19:40| 			"TYPE"	"1"
|   12280|DEBUG|2018/03/16|19:40| 			"V_DESC"	"Supprime le fichier bcichcor.zip dans D:\transferts\CSB\Départ sur le serveur Interpel. Tous les JO."
|   12280|DEBUG|2018/03/16|19:40| 			"V_JNAME"	"DELBCICHCOR"
|   12280|DEBUG|2018/03/16|19:40| 			"XYWH"	"400 1970 30 30"
|   12280|DEBUG|2018/03/16|19:40| 			"F_LPOS"	"1"
|   12280|DEBUG|2018/03/16|19:40| 			"URL_DOC"	""
|   12280|DEBUG|2018/03/16|19:40| 			"F_TYPE"	"0"
|   12280|DEBUG|2018/03/16|19:40| 			"F_CTYPE"	""
|   12280|DEBUG|2018/03/16|19:40| 		}
|   12280|DEBUG|2018/03/16|19:40| 		ELEM {
|   12280|DEBUG|2018/03/16|19:40| 			NB_PROP	"10"
|   12280|DEBUG|2018/03/16|19:40| 			"v_groupexec"	""
|   12280|DEBUG|2018/03/16|19:40| 			"ID"	"JO0000000468"
|   12280|DEBUG|2018/03/16|19:40| 			"TYPE"	"1"
|   12280|DEBUG|2018/03/16|19:40| 			"V_DESC"	"Transfert Interpel - Envoi du fichier d:\Transferts\CSB\ATraiter\bcichcor.zip à la CSB. Tous les JO."
|   12280|DEBUG|2018/03/16|19:40| 			"V_JNAME"	"XFBBCICHCOR"
|   12280|DEBUG|2018/03/16|19:40| 			"XYWH"	"400 1850 30 30"
|   12280|DEBUG|2018/03/16|19:40| 			"F_LPOS"	"1"
|   12280|DEBUG|2018/03/16|19:40| 			"URL_DOC"	""
|   12280|DEBUG|2018/03/16|19:40| 			"F_TYPE"	"0"
|   12280|DEBUG|2018/03/16|19:40| 			"F_CTYPE"	""
|   12280|DEBUG|2018/03/16|19:40| 		}
|   12280|DEBUG|2018/03/16|19:40| 		ELEM {
|   12280|DEBUG|2018/03/16|19:40| 			NB_PROP	"10"
|   12280|DEBUG|2018/03/16|19:40| 			"v_groupexec"	""
|   12280|DEBUG|2018/03/16|19:40| 			"ID"	"JO0000000469"
|   12280|DEBUG|2018/03/16|19:40| 			"TYPE"	"1"
|   12280|DEBUG|2018/03/16|19:40| 			"V_DESC"	"Création d'un fichier témoin pour l'envoi effectué de l'Aller Ficom. 1er jour ouvré de la semaine."
|   12280|DEBUG|2018/03/16|19:40| 			"V_JNAME"	"CRTEMFICOMA"
|   12280|DEBUG|2018/03/16|19:40| 			"XYWH"	"140 2670 30 30"
|   12280|DEBUG|2018/03/16|19:40| 			"F_LPOS"	"1"
|   12280|DEBUG|2018/03/16|19:40| 			"URL_DOC"	""
|   12280|DEBUG|2018/03/16|19:40| 			"F_TYPE"	"0"
|   12280|DEBUG|2018/03/16|19:40| 			"F_CTYPE"	""
|   12280|DEBUG|2018/03/16|19:40| 		}
|   12280|DEBUG|2018/03/16|19:40| 		ELEM {
|   12280|DEBUG|2018/03/16|19:40| 			NB_PROP	"10"
|   12280|DEBUG|2018/03/16|19:40| 			"v_groupexec"	""
|   12280|DEBUG|2018/03/16|19:40| 			"ID"	"JO0000000470"
|   12280|DEBUG|2018/03/16|19:40| 			"TYPE"	"1"
|   12280|DEBUG|2018/03/16|19:40| 			"V_DESC"	"Supprime le fichier FicomRok.tem. Hebdo Le lundi."
|   12280|DEBUG|2018/03/16|19:40| 			"V_JNAME"	"SUPPTEMFICOMR"
|   12280|DEBUG|2018/03/16|19:40| 			"XYWH"	"20 2490 30 30"
|   12280|DEBUG|2018/03/16|19:40| 			"F_LPOS"	"1"
|   12280|DEBUG|2018/03/16|19:40| 			"URL_DOC"	""
|   12280|DEBUG|2018/03/16|19:40| 			"F_TYPE"	"0"
|   12280|DEBUG|2018/03/16|19:40| 			"F_CTYPE"	""
|   12280|DEBUG|2018/03/16|19:40| 		}
|   12280|DEBUG|2018/03/16|19:40| 		ELEM {
|   12280|DEBUG|2018/03/16|19:40| 			NB_PROP	"10"
|   12280|DEBUG|2018/03/16|19:40| 			"v_groupexec"	""
|   12280|DEBUG|2018/03/16|19:40| 			"ID"	"JO0000000471"
|   12280|DEBUG|2018/03/16|19:40| 			"TYPE"	"1"
|   12280|DEBUG|2018/03/16|19:40| 			"V_DESC"	"Création d'un fichier témoin pour l'envoi effectué du Réescompte. Dernier JO de la semaine."
|   12280|DEBUG|2018/03/16|19:40| 			"V_JNAME"	"CRTEMREESC"
|   12280|DEBUG|2018/03/16|19:40| 			"XYWH"	"650 2810 30 30"
|   12280|DEBUG|2018/03/16|19:40| 			"F_LPOS"	"1"
|   12280|DEBUG|2018/03/16|19:40| 			"URL_DOC"	""
|   12280|DEBUG|2018/03/16|19:40| 			"F_TYPE"	"0"
|   12280|DEBUG|2018/03/16|19:40| 			"F_CTYPE"	""
|   12280|DEBUG|2018/03/16|19:40| 		}
|   12280|DEBUG|2018/03/16|19:40| 		ELEM {
|   12280|DEBUG|2018/03/16|19:40| 			NB_PROP	"10"
|   12280|DEBUG|2018/03/16|19:40| 			"v_groupexec"	""
|   12280|DEBUG|2018/03/16|19:40| 			"ID"	"JO0000000472"
|   12280|DEBUG|2018/03/16|19:40| 			"TYPE"	"1"
|   12280|DEBUG|2018/03/16|19:40| 			"V_DESC"	"Supprime le fichier Cotationok.tem. Dernier jour ouvré de la semaine."
|   12280|DEBUG|2018/03/16|19:40| 			"V_JNAME"	"SUPPTEMCOTA"
|   12280|DEBUG|2018/03/16|19:40| 			"XYWH"	"650 2570 30 30"
|   12280|DEBUG|2018/03/16|19:40| 			"F_LPOS"	"2"
|   12280|DEBUG|2018/03/16|19:40| 			"URL_DOC"	""
|   12280|DEBUG|2018/03/16|19:40| 			"F_TYPE"	"0"
|   12280|DEBUG|2018/03/16|19:40| 			"F_CTYPE"	""
|   12280|DEBUG|2018/03/16|19:40| 		}
|   12280|DEBUG|2018/03/16|19:40| 		ELEM {
|   12280|DEBUG|2018/03/16|19:40| 			NB_PROP	"10"
|   12280|DEBUG|2018/03/16|19:40| 			"v_groupexec"	""
|   12280|DEBUG|2018/03/16|19:40| 			"ID"	"JO0000000473"
|   12280|DEBUG|2018/03/16|19:40| 			"TYPE"	"1"
|   12280|DEBUG|2018/03/16|19:40| 			"V_DESC"	"Traitement Etat prévisionnel Trésorerie CAFAT. Tous les JO."
|   12280|DEBUG|2018/03/16|19:40| 			"V_JNAME"	"BCTCAFAT"
|   12280|DEBUG|2018/03/16|19:40| 			"XYWH"	"540 220 30 30"
|   12280|DEBUG|2018/03/16|19:40| 			"F_LPOS"	"1"
|   12280|DEBUG|2018/03/16|19:40| 			"URL_DOC"	""
|   12280|DEBUG|2018/03/16|19:40| 			"F_TYPE"	"3"
|   12280|DEBUG|2018/03/16|19:40| 			"F_CTYPE"	""
|   12280|DEBUG|2018/03/16|19:40| 		}
|   12280|DEBUG|2018/03/16|19:40| 		ELEM {
|   12280|DEBUG|2018/03/16|19:40| 			NB_PROP	"10"
|   12280|DEBUG|2018/03/16|19:40| 			"v_groupexec"	""
|   12280|DEBUG|2018/03/16|19:40| 			"ID"	"JO0000000474"
|   12280|DEBUG|2018/03/16|19:40| 			"TYPE"	"1"
|   12280|DEBUG|2018/03/16|19:40| 			"V_DESC"	"Tous les JO."
|   12280|DEBUG|2018/03/16|19:40| 			"V_JNAME"	"VALIDE11"
|   12280|DEBUG|2018/03/16|19:40| 			"XYWH"	"450 220 30 30"
|   12280|DEBUG|2018/03/16|19:40| 			"F_LPOS"	"1"
|   12280|DEBUG|2018/03/16|19:40| 			"URL_DOC"	""
|   12280|DEBUG|2018/03/16|19:40| 			"F_TYPE"	"3"
|   12280|DEBUG|2018/03/16|19:40| 			"F_CTYPE"	""
|   12280|DEBUG|2018/03/16|19:40| 		}
|   12280|DEBUG|2018/03/16|19:40| 		ELEM {
|   12280|DEBUG|2018/03/16|19:40| 			NB_PROP	"10"
|   12280|DEBUG|2018/03/16|19:40| 			"v_groupexec"	""
|   12280|DEBUG|2018/03/16|19:40| 			"ID"	"JO0000000475"
|   12280|DEBUG|2018/03/16|19:40| 			"TYPE"	"1"
|   12280|DEBUG|2018/03/16|19:40| 			"V_DESC"	"Suppression du fichier BCI_OPERATIONS_* sur l'IFS du répertoire /Editique/PDFTEMP. Tous les JO."
|   12280|DEBUG|2018/03/16|19:40| 			"V_JNAME"	"REMRESCAF"
|   12280|DEBUG|2018/03/16|19:40| 			"XYWH"	"540 280 30 30"
|   12280|DEBUG|2018/03/16|19:40| 			"F_LPOS"	"1"
|   12280|DEBUG|2018/03/16|19:40| 			"URL_DOC"	""
|   12280|DEBUG|2018/03/16|19:40| 			"F_TYPE"	"3"
|   12280|DEBUG|2018/03/16|19:40| 			"F_CTYPE"	""
|   12280|DEBUG|2018/03/16|19:40| 		}
|   12280|DEBUG|2018/03/16|19:40| 		ELEM {
|   12280|DEBUG|2018/03/16|19:40| 			NB_PROP	"10"
|   12280|DEBUG|2018/03/16|19:40| 			"v_groupexec"	""
|   12280|DEBUG|2018/03/16|19:40| 			"ID"	"JO0000000476"
|   12280|DEBUG|2018/03/16|19:40| 			"TYPE"	"1"
|   12280|DEBUG|2018/03/16|19:40| 			"V_DESC"	"Tranfert du fichier BCI_OPERATIONS_* ISPROD/EDITIQUE/PDFTEMP sur AXWAY-PRD/TRANSFERTS/CAFAT. Tous les JO."
|   12280|DEBUG|2018/03/16|19:40| 			"V_JNAME"	"FTPTRESCAF"
|   12280|DEBUG|2018/03/16|19:40| 			"XYWH"	"700 220 30 30"
|   12280|DEBUG|2018/03/16|19:40| 			"F_LPOS"	"1"
|   12280|DEBUG|2018/03/16|19:40| 			"URL_DOC"	""
|   12280|DEBUG|2018/03/16|19:40| 			"F_TYPE"	"3"
|   12280|DEBUG|2018/03/16|19:40| 			"F_CTYPE"	""
|   12280|DEBUG|2018/03/16|19:40| 		}
|   12280|DEBUG|2018/03/16|19:40| 		ELEM {
|   12280|DEBUG|2018/03/16|19:40| 			NB_PROP	"10"
|   12280|DEBUG|2018/03/16|19:40| 			"v_groupexec"	""
|   12280|DEBUG|2018/03/16|19:40| 			"ID"	"JO0000000477"
|   12280|DEBUG|2018/03/16|19:40| 			"TYPE"	"1"
|   12280|DEBUG|2018/03/16|19:40| 			"V_DESC"	"Supprime le fichier BCI_OPERATIONS*.pdf dans D:\transferts\CAFAT sur Axway-prd. Tous les JO."
|   12280|DEBUG|2018/03/16|19:40| 			"V_JNAME"	"DELRESCAF"
|   12280|DEBUG|2018/03/16|19:40| 			"XYWH"	"450 280 30 30"
|   12281|DEBUG|2018/03/16|19:40| 			"F_LPOS"	"1"
|   12281|DEBUG|2018/03/16|19:40| 			"URL_DOC"	""
|   12281|DEBUG|2018/03/16|19:40| 			"F_TYPE"	"0"
|   12281|DEBUG|2018/03/16|19:40| 			"F_CTYPE"	""
|   12281|DEBUG|2018/03/16|19:40| 		}
|   12281|DEBUG|2018/03/16|19:40| 		ELEM {
|   12281|DEBUG|2018/03/16|19:40| 			NB_PROP	"10"
|   12281|DEBUG|2018/03/16|19:40| 			"v_groupexec"	""
|   12281|DEBUG|2018/03/16|19:40| 			"ID"	"JO0000000478"
|   12281|DEBUG|2018/03/16|19:40| 			"TYPE"	"1"
|   12281|DEBUG|2018/03/16|19:40| 			"V_DESC"	"Transfert Interpel - Recup CB17499P chez MONEXT. Tous les JO."
|   12281|DEBUG|2018/03/16|19:40| 			"V_JNAME"	"XFBCB17499P"
|   12281|DEBUG|2018/03/16|19:40| 			"XYWH"	"1030 -360 30 30"
|   12281|DEBUG|2018/03/16|19:40| 			"F_LPOS"	"7"
|   12281|DEBUG|2018/03/16|19:40| 			"URL_DOC"	""
|   12281|DEBUG|2018/03/16|19:40| 			"F_TYPE"	"0"
|   12281|DEBUG|2018/03/16|19:40| 			"F_CTYPE"	""
|   12281|DEBUG|2018/03/16|19:40| 		}
|   12281|DEBUG|2018/03/16|19:40| 		ELEM {
|   12281|DEBUG|2018/03/16|19:40| 			NB_PROP	"10"
|   12281|DEBUG|2018/03/16|19:40| 			"v_groupexec"	""
|   12281|DEBUG|2018/03/16|19:40| 			"ID"	"JO0000000479"
|   12281|DEBUG|2018/03/16|19:40| 			"TYPE"	"1"
|   12281|DEBUG|2018/03/16|19:40| 			"V_DESC"	"Transfert Interpel - Recup ED17499P chez MONEXT. Tous les JO."
|   12281|DEBUG|2018/03/16|19:40| 			"V_JNAME"	"XFBED17499P"
|   12281|DEBUG|2018/03/16|19:40| 			"XYWH"	"1030 -300 30 30"
|   12281|DEBUG|2018/03/16|19:40| 			"F_LPOS"	"7"
|   12281|DEBUG|2018/03/16|19:40| 			"URL_DOC"	""
|   12281|DEBUG|2018/03/16|19:40| 			"F_TYPE"	"0"
|   12281|DEBUG|2018/03/16|19:40| 			"F_CTYPE"	""
|   12281|DEBUG|2018/03/16|19:40| 		}
|   12281|DEBUG|2018/03/16|19:40| 		ELEM {
|   12281|DEBUG|2018/03/16|19:40| 			NB_PROP	"10"
|   12281|DEBUG|2018/03/16|19:40| 			"v_groupexec"	""
|   12281|DEBUG|2018/03/16|19:40| 			"ID"	"JO0000000480"
|   12281|DEBUG|2018/03/16|19:40| 			"TYPE"	"1"
|   12281|DEBUG|2018/03/16|19:40| 			"V_DESC"	"Transfert Interpel - Recup EV17499P chez MONEXT. Tous les JO."
|   12281|DEBUG|2018/03/16|19:40| 			"V_JNAME"	"XFBEV17499P"
|   12281|DEBUG|2018/03/16|19:40| 			"XYWH"	"1030 -240 30 30"
|   12281|DEBUG|2018/03/16|19:40| 			"F_LPOS"	"7"
|   12281|DEBUG|2018/03/16|19:40| 			"URL_DOC"	""
|   12281|DEBUG|2018/03/16|19:40| 			"F_TYPE"	"0"
|   12281|DEBUG|2018/03/16|19:40| 			"F_CTYPE"	""
|   12281|DEBUG|2018/03/16|19:40| 		}
|   12281|DEBUG|2018/03/16|19:40| 		ELEM {
|   12281|DEBUG|2018/03/16|19:40| 			NB_PROP	"10"
|   12281|DEBUG|2018/03/16|19:40| 			"v_groupexec"	""
|   12281|DEBUG|2018/03/16|19:40| 			"ID"	"JO0000000481"
|   12281|DEBUG|2018/03/16|19:40| 			"TYPE"	"1"
|   12281|DEBUG|2018/03/16|19:40| 			"V_DESC"	"Transfert Interpel - Recup DI17499P chez MONEXT. Tous les JO."
|   12281|DEBUG|2018/03/16|19:40| 			"V_JNAME"	"XFBDI17499P"
|   12281|DEBUG|2018/03/16|19:40| 			"XYWH"	"1030 -130 30 30"
|   12281|DEBUG|2018/03/16|19:40| 			"F_LPOS"	"7"
|   12281|DEBUG|2018/03/16|19:40| 			"URL_DOC"	""
|   12281|DEBUG|2018/03/16|19:40| 			"F_TYPE"	"0"
|   12281|DEBUG|2018/03/16|19:40| 			"F_CTYPE"	""
|   12281|DEBUG|2018/03/16|19:40| 		}
|   12281|DEBUG|2018/03/16|19:40| 		ELEM {
|   12281|DEBUG|2018/03/16|19:40| 			NB_PROP	"10"
|   12281|DEBUG|2018/03/16|19:40| 			"v_groupexec"	""
|   12281|DEBUG|2018/03/16|19:40| 			"ID"	"JO0000000482"
|   12281|DEBUG|2018/03/16|19:40| 			"TYPE"	"1"
|   12281|DEBUG|2018/03/16|19:40| 			"V_DESC"	"Transfert Interpel - Recup IP17499P chez MONEXT. Tous les JO."
|   12281|DEBUG|2018/03/16|19:40| 			"V_JNAME"	"XFBIP17499P"
|   12281|DEBUG|2018/03/16|19:40| 			"XYWH"	"1030 -180 30 30"
|   12281|DEBUG|2018/03/16|19:40| 			"F_LPOS"	"7"
|   12281|DEBUG|2018/03/16|19:40| 			"URL_DOC"	""
|   12281|DEBUG|2018/03/16|19:40| 			"F_TYPE"	"0"
|   12281|DEBUG|2018/03/16|19:40| 			"F_CTYPE"	""
|   12281|DEBUG|2018/03/16|19:40| 		}
|   12281|DEBUG|2018/03/16|19:40| 		ELEM {
|   12281|DEBUG|2018/03/16|19:40| 			NB_PROP	"10"
|   12281|DEBUG|2018/03/16|19:40| 			"v_groupexec"	""
|   12281|DEBUG|2018/03/16|19:40| 			"ID"	"JO0000000483"
|   12281|DEBUG|2018/03/16|19:40| 			"TYPE"	"1"
|   12281|DEBUG|2018/03/16|19:40| 			"V_DESC"	"Etat mensuel des promotions immobilières ouvertes. 1er JO du mois."
|   12281|DEBUG|2018/03/16|19:40| 			"V_JNAME"	"BCETAPROMO"
|   12281|DEBUG|2018/03/16|19:40| 			"XYWH"	"120 3400 30 30"
|   12281|DEBUG|2018/03/16|19:40| 			"F_LPOS"	"0"
|   12281|DEBUG|2018/03/16|19:40| 			"URL_DOC"	""
|   12281|DEBUG|2018/03/16|19:40| 			"F_TYPE"	"3"
|   12281|DEBUG|2018/03/16|19:40| 			"F_CTYPE"	""
|   12281|DEBUG|2018/03/16|19:40| 		}
|   12281|DEBUG|2018/03/16|19:40| 		ELEM {
|   12281|DEBUG|2018/03/16|19:40| 			NB_PROP	"10"
|   12281|DEBUG|2018/03/16|19:40| 			"v_groupexec"	""
|   12281|DEBUG|2018/03/16|19:40| 			"ID"	"JO0000000484"
|   12281|DEBUG|2018/03/16|19:40| 			"TYPE"	"1"
|   12281|DEBUG|2018/03/16|19:40| 			"V_DESC"	"Transfert Interpel - Envoi du fichier d:\Transferts\CSB\ATraiter\BCICHQER.zip à la CSB. Tous les JO."
|   12281|DEBUG|2018/03/16|19:40| 			"V_JNAME"	"XFBBCICHQER"
|   12281|DEBUG|2018/03/16|19:40| 			"XYWH"	"760 -500 30 30"
|   12281|DEBUG|2018/03/16|19:40| 			"F_LPOS"	"1"
|   12281|DEBUG|2018/03/16|19:40| 			"URL_DOC"	""
|   12281|DEBUG|2018/03/16|19:40| 			"F_TYPE"	"0"
|   12281|DEBUG|2018/03/16|19:40| 			"F_CTYPE"	""
|   12281|DEBUG|2018/03/16|19:40| 		}
|   12281|DEBUG|2018/03/16|19:40| 		ELEM {
|   12281|DEBUG|2018/03/16|19:40| 			NB_PROP	"10"
|   12281|DEBUG|2018/03/16|19:40| 			"v_groupexec"	""
|   12281|DEBUG|2018/03/16|19:40| 			"ID"	"JO0000000485"
|   12281|DEBUG|2018/03/16|19:40| 			"TYPE"	"1"
|   12281|DEBUG|2018/03/16|19:40| 			"V_DESC"	"Tranfert du fichier ACRCLICLI_* ISPROD/EDITIQUE/GEDPDF sur AXWAY-PRD/TRANSFERTS/CSB/Depart. Tous les JO."
|   12281|DEBUG|2018/03/16|19:40| 			"V_JNAME"	"FTPACRCLI"
|   12281|DEBUG|2018/03/16|19:40| 			"XYWH"	"650 -550 30 30"
|   12281|DEBUG|2018/03/16|19:40| 			"F_LPOS"	"1"
|   12281|DEBUG|2018/03/16|19:40| 			"URL_DOC"	""
|   12281|DEBUG|2018/03/16|19:40| 			"F_TYPE"	"3"
|   12281|DEBUG|2018/03/16|19:40| 			"F_CTYPE"	""
|   12281|DEBUG|2018/03/16|19:40| 		}
|   12281|DEBUG|2018/03/16|19:40| 		ELEM {
|   12281|DEBUG|2018/03/16|19:40| 			NB_PROP	"10"
|   12281|DEBUG|2018/03/16|19:40| 			"v_groupexec"	""
|   12281|DEBUG|2018/03/16|19:40| 			"ID"	"JO0000000486"
|   12281|DEBUG|2018/03/16|19:40| 			"TYPE"	"1"
|   12281|DEBUG|2018/03/16|19:40| 			"V_DESC"	"Supprime le fichier BCICHQER.zip dans D:\transferts\CSB\Départ sur le serveur Interpel. Tous les JO."
|   12281|DEBUG|2018/03/16|19:40| 			"V_JNAME"	"DELBCICHQER"
|   12281|DEBUG|2018/03/16|19:40| 			"XYWH"	"860 -500 30 30"
|   12281|DEBUG|2018/03/16|19:40| 			"F_LPOS"	"1"
|   12281|DEBUG|2018/03/16|19:40| 			"URL_DOC"	""
|   12281|DEBUG|2018/03/16|19:40| 			"F_TYPE"	"0"
|   12281|DEBUG|2018/03/16|19:40| 			"F_CTYPE"	""
|   12281|DEBUG|2018/03/16|19:40| 		}
|   12281|DEBUG|2018/03/16|19:40| 		ELEM {
|   12281|DEBUG|2018/03/16|19:40| 			NB_PROP	"10"
|   12281|DEBUG|2018/03/16|19:40| 			"v_groupexec"	""
|   12281|DEBUG|2018/03/16|19:40| 			"ID"	"JO0000000487"
|   12281|DEBUG|2018/03/16|19:40| 			"TYPE"	"1"
|   12281|DEBUG|2018/03/16|19:40| 			"V_DESC"	"Cryptage de ACRCLICLI_*.pdf dans BCICHQER.ZIP. Tous les JO."
|   12281|DEBUG|2018/03/16|19:40| 			"V_JNAME"	"CRY_BCICHQER"
|   12281|DEBUG|2018/03/16|19:40| 			"XYWH"	"650 -500 30 30"
|   12281|DEBUG|2018/03/16|19:40| 			"F_LPOS"	"1"
|   12281|DEBUG|2018/03/16|19:40| 			"URL_DOC"	""
|   12281|DEBUG|2018/03/16|19:40| 			"F_TYPE"	"0"
|   12281|DEBUG|2018/03/16|19:40| 			"F_CTYPE"	""
|   12281|DEBUG|2018/03/16|19:40| 		}
|   12281|DEBUG|2018/03/16|19:40| 		ELEM {
|   12281|DEBUG|2018/03/16|19:40| 			NB_PROP	"10"
|   12281|DEBUG|2018/03/16|19:40| 			"v_groupexec"	""
|   12281|DEBUG|2018/03/16|19:40| 			"ID"	"JO0000000488"
|   12281|DEBUG|2018/03/16|19:40| 			"TYPE"	"1"
|   12281|DEBUG|2018/03/16|19:40| 			"V_DESC"	"Archivage de ACRCLICLI_SSAAMMJJ.pdf dans D:\Archive\CSB\BCICHQER. Tous les JO."
|   12281|DEBUG|2018/03/16|19:40| 			"V_JNAME"	"ARCBCICHQER"
|   12281|DEBUG|2018/03/16|19:40| 			"XYWH"	"860 -390 30 30"
|   12281|DEBUG|2018/03/16|19:40| 			"F_LPOS"	"1"
|   12281|DEBUG|2018/03/16|19:40| 			"URL_DOC"	""
|   12281|DEBUG|2018/03/16|19:40| 			"F_TYPE"	"0"
|   12281|DEBUG|2018/03/16|19:40| 			"F_CTYPE"	""
|   12281|DEBUG|2018/03/16|19:40| 		}
|   12281|DEBUG|2018/03/16|19:40| 		ELEM {
|   12281|DEBUG|2018/03/16|19:40| 			NB_PROP	"10"
|   12281|DEBUG|2018/03/16|19:40| 			"v_groupexec"	""
|   12281|DEBUG|2018/03/16|19:40| 			"ID"	"JO0000000489"
|   12282|DEBUG|2018/03/16|19:40| 			"TYPE"	"1"
|   12282|DEBUG|2018/03/16|19:40| 			"V_DESC"	"Suppression du fichier ACRCLICLI_SSAAMMJJ.pdf sur l'IFS du répertoire /Editique/GEDPDF. Tous les JO."
|   12282|DEBUG|2018/03/16|19:40| 			"V_JNAME"	"REMACRCLI"
|   12282|DEBUG|2018/03/16|19:40| 			"XYWH"	"860 -440 30 30"
|   12282|DEBUG|2018/03/16|19:40| 			"F_LPOS"	"1"
|   12282|DEBUG|2018/03/16|19:40| 			"URL_DOC"	""
|   12282|DEBUG|2018/03/16|19:40| 			"F_TYPE"	"3"
|   12282|DEBUG|2018/03/16|19:40| 			"F_CTYPE"	""
|   12282|DEBUG|2018/03/16|19:40| 		}
|   12282|DEBUG|2018/03/16|19:40| 		ELEM {
|   12282|DEBUG|2018/03/16|19:40| 			NB_PROP	"10"
|   12282|DEBUG|2018/03/16|19:40| 			"v_groupexec"	""
|   12282|DEBUG|2018/03/16|19:40| 			"ID"	"JO0000000490"
|   12282|DEBUG|2018/03/16|19:40| 			"TYPE"	"1"
|   12282|DEBUG|2018/03/16|19:40| 			"V_DESC"	"Envoi d'un mail pour transfert BCICHQER à CSB. Tous les JO."
|   12282|DEBUG|2018/03/16|19:40| 			"V_JNAME"	"MEL_CHQERCSB"
|   12282|DEBUG|2018/03/16|19:40| 			"XYWH"	"720 -440 30 30"
|   12282|DEBUG|2018/03/16|19:40| 			"F_LPOS"	"1"
|   12282|DEBUG|2018/03/16|19:40| 			"URL_DOC"	""
|   12282|DEBUG|2018/03/16|19:40| 			"F_TYPE"	"0"
|   12282|DEBUG|2018/03/16|19:40| 			"F_CTYPE"	""
|   12282|DEBUG|2018/03/16|19:40| 		}
|   12282|DEBUG|2018/03/16|19:40| 		ELEM {
|   12282|DEBUG|2018/03/16|19:40| 			NB_PROP	"10"
|   12282|DEBUG|2018/03/16|19:40| 			"v_groupexec"	""
|   12282|DEBUG|2018/03/16|19:40| 			"ID"	"JO0000000491"
|   12282|DEBUG|2018/03/16|19:40| 			"TYPE"	"1"
|   12282|DEBUG|2018/03/16|19:40| 			"V_DESC"	"Envoi du fichier de facturation Split à Magellan via FTPS. 1er JO du mois."
|   12282|DEBUG|2018/03/16|19:40| 			"V_JNAME"	"FTPSFACSPLI"
|   12282|DEBUG|2018/03/16|19:40| 			"XYWH"	"980 -1650 30 30"
|   12282|DEBUG|2018/03/16|19:40| 			"F_LPOS"	"1"
|   12282|DEBUG|2018/03/16|19:40| 			"URL_DOC"	""
|   12282|DEBUG|2018/03/16|19:40| 			"F_TYPE"	"0"
|   12282|DEBUG|2018/03/16|19:40| 			"F_CTYPE"	""
|   12282|DEBUG|2018/03/16|19:40| 		}
|   12282|DEBUG|2018/03/16|19:40| 		ELEM {
|   12282|DEBUG|2018/03/16|19:40| 			NB_PROP	"10"
|   12282|DEBUG|2018/03/16|19:40| 			"v_groupexec"	""
|   12282|DEBUG|2018/03/16|19:40| 			"ID"	"JO0000000492"
|   12282|DEBUG|2018/03/16|19:40| 			"TYPE"	"1"
|   12282|DEBUG|2018/03/16|19:40| 			"V_DESC"	"Récupération du fichier de facturation Split. Journalier."
|   12282|DEBUG|2018/03/16|19:40| 			"V_JNAME"	"FTPFACSPLI"
|   12282|DEBUG|2018/03/16|19:40| 			"XYWH"	"980 -1710 30 30"
|   12282|DEBUG|2018/03/16|19:40| 			"F_LPOS"	"1"
|   12282|DEBUG|2018/03/16|19:40| 			"URL_DOC"	""
|   12282|DEBUG|2018/03/16|19:40| 			"F_TYPE"	"0"
|   12282|DEBUG|2018/03/16|19:40| 			"F_CTYPE"	""
|   12282|DEBUG|2018/03/16|19:40| 		}
|   12282|DEBUG|2018/03/16|19:40| 		ELEM {
|   12282|DEBUG|2018/03/16|19:40| 			NB_PROP	"10"
|   12282|DEBUG|2018/03/16|19:40| 			"v_groupexec"	""
|   12282|DEBUG|2018/03/16|19:40| 			"ID"	"JO0000000493"
|   12282|DEBUG|2018/03/16|19:40| 			"TYPE"	"1"
|   12282|DEBUG|2018/03/16|19:40| 			"V_DESC"	"Copie du fichier de facturation mensuel SPLIT. 1er JO du mois."
|   12282|DEBUG|2018/03/16|19:40| 			"V_JNAME"	"CPYFACSPLI"
|   12282|DEBUG|2018/03/16|19:40| 			"XYWH"	"980 -1770 30 30"
|   12282|DEBUG|2018/03/16|19:40| 			"F_LPOS"	"1"
|   12282|DEBUG|2018/03/16|19:40| 			"URL_DOC"	""
|   12282|DEBUG|2018/03/16|19:40| 			"F_TYPE"	"0"
|   12282|DEBUG|2018/03/16|19:40| 			"F_CTYPE"	""
|   12282|DEBUG|2018/03/16|19:40| 		}
|   12282|DEBUG|2018/03/16|19:40| 		ELEM {
|   12282|DEBUG|2018/03/16|19:40| 			NB_PROP	"10"
|   12282|DEBUG|2018/03/16|19:40| 			"v_groupexec"	""
|   12282|DEBUG|2018/03/16|19:40| 			"ID"	"JO0000000494"
|   12282|DEBUG|2018/03/16|19:40| 			"TYPE"	"1"
|   12282|DEBUG|2018/03/16|19:40| 			"V_DESC"	"Archivage de *-FacturationReport dans D:\Archive\Split\Facturation. 1er JO du mois."
|   12282|DEBUG|2018/03/16|19:40| 			"V_JNAME"	"ARCFACSPLI"
|   12282|DEBUG|2018/03/16|19:40| 			"XYWH"	"980 -1590 30 30"
|   12282|DEBUG|2018/03/16|19:40| 			"F_LPOS"	"1"
|   12282|DEBUG|2018/03/16|19:40| 			"URL_DOC"	""
|   12282|DEBUG|2018/03/16|19:40| 			"F_TYPE"	"0"
|   12282|DEBUG|2018/03/16|19:40| 			"F_CTYPE"	""
|   12282|DEBUG|2018/03/16|19:40| 		}
|   12282|DEBUG|2018/03/16|19:40| 		ELEM {
|   12282|DEBUG|2018/03/16|19:40| 			NB_PROP	"10"
|   12282|DEBUG|2018/03/16|19:40| 			"v_groupexec"	""
|   12282|DEBUG|2018/03/16|19:40| 			"ID"	"JO0000000495"
|   12282|DEBUG|2018/03/16|19:40| 			"TYPE"	"1"
|   12282|DEBUG|2018/03/16|19:40| 			"V_DESC"	"Suppression du fichier de facturation mensuel SPLIT. 1er JO du mois."
|   12282|DEBUG|2018/03/16|19:40| 			"V_JNAME"	"SUPPFACSPLI"
|   12282|DEBUG|2018/03/16|19:40| 			"XYWH"	"980 -1530 30 30"
|   12282|DEBUG|2018/03/16|19:40| 			"F_LPOS"	"1"
|   12282|DEBUG|2018/03/16|19:40| 			"URL_DOC"	""
|   12282|DEBUG|2018/03/16|19:40| 			"F_TYPE"	"0"
|   12282|DEBUG|2018/03/16|19:40| 			"F_CTYPE"	""
|   12282|DEBUG|2018/03/16|19:40| 		}
|   12282|DEBUG|2018/03/16|19:40| 		ELEM {
|   12282|DEBUG|2018/03/16|19:40| 			NB_PROP	"10"
|   12282|DEBUG|2018/03/16|19:40| 			"v_groupexec"	""
|   12282|DEBUG|2018/03/16|19:40| 			"ID"	"JO0000000496"
|   12282|DEBUG|2018/03/16|19:40| 			"TYPE"	"1"
|   12282|DEBUG|2018/03/16|19:40| 			"V_DESC"	"Purge des comptes de défiscalisation. 1er jour ouvré du Trimestre."
|   12282|DEBUG|2018/03/16|19:40| 			"V_JNAME"	"BCPURGECPT"
|   12282|DEBUG|2018/03/16|19:40| 			"XYWH"	"320 3740 30 30"
|   12282|DEBUG|2018/03/16|19:40| 			"F_LPOS"	"0"
|   12282|DEBUG|2018/03/16|19:40| 			"URL_DOC"	""
|   12282|DEBUG|2018/03/16|19:40| 			"F_TYPE"	"3"
|   12282|DEBUG|2018/03/16|19:40| 			"F_CTYPE"	""
|   12282|DEBUG|2018/03/16|19:40| 		}
|   12282|DEBUG|2018/03/16|19:40| 		ELEM {
|   12282|DEBUG|2018/03/16|19:40| 			NB_PROP	"10"
|   12282|DEBUG|2018/03/16|19:40| 			"v_groupexec"	""
|   12282|DEBUG|2018/03/16|19:40| 			"ID"	"JO0000000497"
|   12282|DEBUG|2018/03/16|19:40| 			"TYPE"	"1"
|   12282|DEBUG|2018/03/16|19:40| 			"V_DESC"	"Surveillance des commerçants. Ts les JO."
|   12282|DEBUG|2018/03/16|19:40| 			"V_JNAME"	"BCSVCOMM"
|   12282|DEBUG|2018/03/16|19:40| 			"XYWH"	"1500 -360 30 30"
|   12282|DEBUG|2018/03/16|19:40| 			"F_LPOS"	"0"
|   12282|DEBUG|2018/03/16|19:40| 			"URL_DOC"	""
|   12282|DEBUG|2018/03/16|19:40| 			"F_TYPE"	"3"
|   12282|DEBUG|2018/03/16|19:40| 			"F_CTYPE"	""
|   12282|DEBUG|2018/03/16|19:40| 		}
|   12282|DEBUG|2018/03/16|19:40| 		ELEM {
|   12282|DEBUG|2018/03/16|19:40| 			NB_PROP	"10"
|   12282|DEBUG|2018/03/16|19:40| 			"v_groupexec"	""
|   12282|DEBUG|2018/03/16|19:40| 			"ID"	"JO0000000498"
|   12282|DEBUG|2018/03/16|19:40| 			"TYPE"	"1"
|   12282|DEBUG|2018/03/16|19:40| 			"V_DESC"	"Envoi du fichier BDXLSSVCOM de la BCIRECVDTA vers le fichier BDXLSSVCOM.TXT du Serveur de Fichiers pour la Monétique. Journalier"
|   12282|DEBUG|2018/03/16|19:40| 			"V_JNAME"	"FTPXLSSVCO"
|   12282|DEBUG|2018/03/16|19:40| 			"XYWH"	"1570 -360 30 30"
|   12282|DEBUG|2018/03/16|19:40| 			"F_LPOS"	"0"
|   12282|DEBUG|2018/03/16|19:40| 			"URL_DOC"	""
|   12282|DEBUG|2018/03/16|19:40| 			"F_TYPE"	"3"
|   12282|DEBUG|2018/03/16|19:40| 			"F_CTYPE"	""
|   12282|DEBUG|2018/03/16|19:40| 		}
|   12282|DEBUG|2018/03/16|19:40| 		ELEM {
|   12282|DEBUG|2018/03/16|19:40| 			NB_PROP	"10"
|   12282|DEBUG|2018/03/16|19:40| 			"v_groupexec"	""
|   12282|DEBUG|2018/03/16|19:40| 			"ID"	"JO0000000499"
|   12282|DEBUG|2018/03/16|19:40| 			"TYPE"	"1"
|   12282|DEBUG|2018/03/16|19:40| 			"V_DESC"	"Liste des remises VIGIFONDS/ESPACE VALEUR - Relance. Tous les JO."
|   12282|DEBUG|2018/03/16|19:40| 			"V_JNAME"	"BCREMFOND"
|   12282|DEBUG|2018/03/16|19:40| 			"XYWH"	"860 -2460 30 30"
|   12282|DEBUG|2018/03/16|19:40| 			"F_LPOS"	"4"
|   12282|DEBUG|2018/03/16|19:40| 			"URL_DOC"	"http://planetbci/DINF/DOC/spec/Sacoches%20Transport%20de%20fonds/FT-3981%20Liste%20des%20remise%20VIGIFOND-ESPACE%20VALEURS/FT-3981%20Liste%20des%20saisies%20de%20remises%20VGF-ESP%20-%20DEXP.docx"
|   12282|DEBUG|2018/03/16|19:40| 			"F_TYPE"	"3"
|   12282|DEBUG|2018/03/16|19:40| 			"F_CTYPE"	""
|   12282|DEBUG|2018/03/16|19:40| 		}
|   12282|DEBUG|2018/03/16|19:40| 		ELEM {
|   12282|DEBUG|2018/03/16|19:40| 			NB_PROP	"10"
|   12282|DEBUG|2018/03/16|19:40| 			"v_groupexec"	""
|   12282|DEBUG|2018/03/16|19:40| 			"ID"	"JO0000000500"
|   12282|DEBUG|2018/03/16|19:40| 			"TYPE"	"1"
|   12282|DEBUG|2018/03/16|19:40| 			"V_DESC"	"FATCA Critères Américanité. 4ème JO du trimestre."
|   12282|DEBUG|2018/03/16|19:40| 			"V_JNAME"	"BCFATCA"
|   12282|DEBUG|2018/03/16|19:40| 			"XYWH"	"490 3740 30 30"
|   12282|DEBUG|2018/03/16|19:40| 			"F_LPOS"	"1"
|   12282|DEBUG|2018/03/16|19:40| 			"URL_DOC"	"http://planetbci/DINF/DOC/spec/Sacoches%20Transport%20de%20fonds/FT-3981%20Liste%20des%20remise%20VIGIFOND-ESPACE%20VALEURS/FT-3981%20Liste%20des%20saisies%20de%20remises%20VGF-ESP%20-%20DEXP.docx"
|   12283|DEBUG|2018/03/16|19:40| 			"F_TYPE"	"3"
|   12283|DEBUG|2018/03/16|19:40| 			"F_CTYPE"	""
|   12283|DEBUG|2018/03/16|19:40| 		}
|   12283|DEBUG|2018/03/16|19:40| 		ELEM {
|   12283|DEBUG|2018/03/16|19:40| 			NB_PROP	"10"
|   12283|DEBUG|2018/03/16|19:40| 			"v_groupexec"	""
|   12283|DEBUG|2018/03/16|19:40| 			"ID"	"JO0000000501"
|   12283|DEBUG|2018/03/16|19:40| 			"TYPE"	"1"
|   12283|DEBUG|2018/03/16|19:40| 			"V_DESC"	"Transfert BDFATCA de la BCIRECVDTA vers BDFATCACONF.CSV sur le serveur de fichier pour le grp FATCA CONFORMITE. 4ème JO du Trim."
|   12283|DEBUG|2018/03/16|19:40| 			"V_JNAME"	"FTPFATCACO"
|   12283|DEBUG|2018/03/16|19:40| 			"XYWH"	"610 3740 30 30"
|   12283|DEBUG|2018/03/16|19:40| 			"F_LPOS"	"1"
|   12283|DEBUG|2018/03/16|19:40| 			"URL_DOC"	""
|   12283|DEBUG|2018/03/16|19:40| 			"F_TYPE"	"3"
|   12283|DEBUG|2018/03/16|19:40| 			"F_CTYPE"	""
|   12283|DEBUG|2018/03/16|19:40| 		}
|   12283|DEBUG|2018/03/16|19:40| 		ELEM {
|   12283|DEBUG|2018/03/16|19:40| 			NB_PROP	"10"
|   12283|DEBUG|2018/03/16|19:40| 			"v_groupexec"	""
|   12283|DEBUG|2018/03/16|19:40| 			"ID"	"JO0000000502"
|   12283|DEBUG|2018/03/16|19:40| 			"TYPE"	"1"
|   12283|DEBUG|2018/03/16|19:40| 			"V_DESC"	"Envoi d'un mail aux utilisateurs FATCA. 4ème JO du Trimestre."
|   12283|DEBUG|2018/03/16|19:40| 			"V_JNAME"	"MEL_GRP_FATCA"
|   12283|DEBUG|2018/03/16|19:40| 			"XYWH"	"490 3790 30 30"
|   12283|DEBUG|2018/03/16|19:40| 			"F_LPOS"	"1"
|   12283|DEBUG|2018/03/16|19:40| 			"URL_DOC"	""
|   12283|DEBUG|2018/03/16|19:40| 			"F_TYPE"	"0"
|   12283|DEBUG|2018/03/16|19:40| 			"F_CTYPE"	""
|   12283|DEBUG|2018/03/16|19:40| 		}
|   12283|DEBUG|2018/03/16|19:40| 		ELEM {
|   12283|DEBUG|2018/03/16|19:40| 			NB_PROP	"10"
|   12283|DEBUG|2018/03/16|19:40| 			"v_groupexec"	""
|   12283|DEBUG|2018/03/16|19:40| 			"ID"	"JO0000000503"
|   12283|DEBUG|2018/03/16|19:40| 			"TYPE"	"1"
|   12283|DEBUG|2018/03/16|19:40| 			"V_DESC"	"Création d'un fichier témoin pour l'envoi effectué du Réescompte. Dernier JO de la semaine."
|   12283|DEBUG|2018/03/16|19:40| 			"V_JNAME"	"CRTEMREESC2"
|   12283|DEBUG|2018/03/16|19:40| 			"XYWH"	"800 2630 30 30"
|   12283|DEBUG|2018/03/16|19:40| 			"F_LPOS"	"1"
|   12283|DEBUG|2018/03/16|19:40| 			"URL_DOC"	""
|   12283|DEBUG|2018/03/16|19:40| 			"F_TYPE"	"0"
|   12283|DEBUG|2018/03/16|19:40| 			"F_CTYPE"	""
|   12283|DEBUG|2018/03/16|19:40| 		}
|   12283|DEBUG|2018/03/16|19:40| 		ELEM {
|   12283|DEBUG|2018/03/16|19:40| 			NB_PROP	"10"
|   12283|DEBUG|2018/03/16|19:40| 			"v_groupexec"	""
|   12283|DEBUG|2018/03/16|19:40| 			"ID"	"JO0000000504"
|   12283|DEBUG|2018/03/16|19:40| 			"TYPE"	"1"
|   12283|DEBUG|2018/03/16|19:40| 			"V_DESC"	"Supprime le fichier Cotationok.tem. Dernier jour ouvré de la semaine."
|   12283|DEBUG|2018/03/16|19:40| 			"V_JNAME"	"SUPPTEMCOTA2"
|   12283|DEBUG|2018/03/16|19:40| 			"XYWH"	"800 2570 30 30"
|   12283|DEBUG|2018/03/16|19:40| 			"F_LPOS"	"1"
|   12283|DEBUG|2018/03/16|19:40| 			"URL_DOC"	""
|   12283|DEBUG|2018/03/16|19:40| 			"F_TYPE"	"0"
|   12283|DEBUG|2018/03/16|19:40| 			"F_CTYPE"	""
|   12283|DEBUG|2018/03/16|19:40| 		}
|   12283|DEBUG|2018/03/16|19:40| 		ELEM {
|   12283|DEBUG|2018/03/16|19:40| 			NB_PROP	"10"
|   12283|DEBUG|2018/03/16|19:40| 			"v_groupexec"	""
|   12283|DEBUG|2018/03/16|19:40| 			"ID"	"JO0000000505"
|   12283|DEBUG|2018/03/16|19:40| 			"TYPE"	"1"
|   12283|DEBUG|2018/03/16|19:40| 			"V_DESC"	"Envoi vers la Cafat du fichier via SFTP de l'état "Prévisionnel de Trésorerie CAFAT"."
|   12283|DEBUG|2018/03/16|19:40| 			"V_JNAME"	"SFTP_CAFAT"
|   12283|DEBUG|2018/03/16|19:40| 			"XYWH"	"700 280 30 30"
|   12283|DEBUG|2018/03/16|19:40| 			"F_LPOS"	"1"
|   12283|DEBUG|2018/03/16|19:40| 			"URL_DOC"	""
|   12283|DEBUG|2018/03/16|19:40| 			"F_TYPE"	"0"
|   12283|DEBUG|2018/03/16|19:40| 			"F_CTYPE"	""
|   12283|DEBUG|2018/03/16|19:40| 		}
|   12283|DEBUG|2018/03/16|19:40| 		ELEM {
|   12283|DEBUG|2018/03/16|19:40| 			NB_PROP	"10"
|   12283|DEBUG|2018/03/16|19:40| 			"v_groupexec"	""
|   12283|DEBUG|2018/03/16|19:40| 			"ID"	"JO0000000506"
|   12283|DEBUG|2018/03/16|19:40| 			"TYPE"	"1"
|   12283|DEBUG|2018/03/16|19:40| 			"V_DESC"	"Archivage de Etat des flux dans D:\Archive\CSB\Fluxpdf. Tous les JO."
|   12283|DEBUG|2018/03/16|19:40| 			"V_JNAME"	"ARCFLUXPDF"
|   12283|DEBUG|2018/03/16|19:40| 			"XYWH"	"40 -610 30 30"
|   12283|DEBUG|2018/03/16|19:40| 			"F_LPOS"	"1"
|   12283|DEBUG|2018/03/16|19:40| 			"URL_DOC"	""
|   12283|DEBUG|2018/03/16|19:40| 			"F_TYPE"	"0"
|   12283|DEBUG|2018/03/16|19:40| 			"F_CTYPE"	""
|   12283|DEBUG|2018/03/16|19:40| 		}
|   12283|DEBUG|2018/03/16|19:40| 		ELEM {
|   12283|DEBUG|2018/03/16|19:40| 			NB_PROP	"10"
|   12283|DEBUG|2018/03/16|19:40| 			"v_groupexec"	""
|   12283|DEBUG|2018/03/16|19:40| 			"ID"	"JO0000000507"
|   12283|DEBUG|2018/03/16|19:40| 			"TYPE"	"1"
|   12283|DEBUG|2018/03/16|19:40| 			"V_DESC"	"Tous les JO."
|   12283|DEBUG|2018/03/16|19:40| 			"V_JNAME"	"VALIDE12"
|   12283|DEBUG|2018/03/16|19:40| 			"XYWH"	"930 250 30 30"
|   12283|DEBUG|2018/03/16|19:40| 			"F_LPOS"	"1"
|   12283|DEBUG|2018/03/16|19:40| 			"URL_DOC"	""
|   12283|DEBUG|2018/03/16|19:40| 			"F_TYPE"	"3"
|   12283|DEBUG|2018/03/16|19:40| 			"F_CTYPE"	""
|   12283|DEBUG|2018/03/16|19:40| 		}
|   12283|DEBUG|2018/03/16|19:40| 		ELEM {
|   12283|DEBUG|2018/03/16|19:40| 			NB_PROP	"10"
|   12283|DEBUG|2018/03/16|19:40| 			"v_groupexec"	"GX0000000001"
|   12283|DEBUG|2018/03/16|19:40| 			"ID"	"JO0000000508"
|   12283|DEBUG|2018/03/16|19:40| 			"TYPE"	"1"
|   12283|DEBUG|2018/03/16|19:40| 			"V_DESC"	"Transfert Interpel - Envoi fichier BDADCCSB.Zip à la CSB. Tous les JO."
|   12283|DEBUG|2018/03/16|19:40| 			"V_JNAME"	"XFBCIDLLCH"
|   12283|DEBUG|2018/03/16|19:40| 			"XYWH"	"-40 -1760 30 30"
|   12283|DEBUG|2018/03/16|19:40| 			"F_LPOS"	"1"
|   12283|DEBUG|2018/03/16|19:40| 			"URL_DOC"	""
|   12283|DEBUG|2018/03/16|19:40| 			"F_TYPE"	"0"
|   12283|DEBUG|2018/03/16|19:40| 			"F_CTYPE"	""
|   12283|DEBUG|2018/03/16|19:40| 		}
|   12283|DEBUG|2018/03/16|19:40| 		ELEM {
|   12283|DEBUG|2018/03/16|19:40| 			NB_PROP	"10"
|   12283|DEBUG|2018/03/16|19:40| 			"v_groupexec"	"GX0000000001"
|   12283|DEBUG|2018/03/16|19:40| 			"ID"	"JO0000000509"
|   12283|DEBUG|2018/03/16|19:40| 			"TYPE"	"1"
|   12283|DEBUG|2018/03/16|19:40| 			"V_DESC"	"Archivage de BDADCCSB.ZIP dans D:\Archive\CSB\BDADCCSB. Tous les JO."
|   12283|DEBUG|2018/03/16|19:40| 			"V_JNAME"	"ARCADCCSB"
|   12283|DEBUG|2018/03/16|19:40| 			"XYWH"	"-130 -1760 30 30"
|   12283|DEBUG|2018/03/16|19:40| 			"F_LPOS"	"1"
|   12283|DEBUG|2018/03/16|19:40| 			"URL_DOC"	""
|   12283|DEBUG|2018/03/16|19:40| 			"F_TYPE"	"0"
|   12283|DEBUG|2018/03/16|19:40| 			"F_CTYPE"	""
|   12283|DEBUG|2018/03/16|19:40| 		}
|   12283|DEBUG|2018/03/16|19:40| 		ELEM {
|   12283|DEBUG|2018/03/16|19:40| 			NB_PROP	"10"
|   12283|DEBUG|2018/03/16|19:40| 			"v_groupexec"	"GX0000000001"
|   12283|DEBUG|2018/03/16|19:40| 			"ID"	"JO0000000510"
|   12283|DEBUG|2018/03/16|19:40| 			"TYPE"	"1"
|   12283|DEBUG|2018/03/16|19:40| 			"V_DESC"	"Transfert du fichier BDADCCSB de la BCIRECVDTA  vers le fichier BDADCCSB.TXT sur serveur Interpel pour la CSB. Tous les JO."
|   12283|DEBUG|2018/03/16|19:40| 			"V_JNAME"	"FTPADCCSB"
|   12283|DEBUG|2018/03/16|19:40| 			"XYWH"	"-130 -1830 30 30"
|   12283|DEBUG|2018/03/16|19:40| 			"F_LPOS"	"1"
|   12283|DEBUG|2018/03/16|19:40| 			"URL_DOC"	""
|   12283|DEBUG|2018/03/16|19:40| 			"F_TYPE"	"3"
|   12283|DEBUG|2018/03/16|19:40| 			"F_CTYPE"	""
|   12283|DEBUG|2018/03/16|19:40| 		}
|   12283|DEBUG|2018/03/16|19:40| 		ELEM {
|   12283|DEBUG|2018/03/16|19:40| 			NB_PROP	"10"
|   12283|DEBUG|2018/03/16|19:40| 			"v_groupexec"	"GX0000000001"
|   12283|DEBUG|2018/03/16|19:40| 			"ID"	"JO0000000511"
|   12283|DEBUG|2018/03/16|19:40| 			"TYPE"	"1"
|   12283|DEBUG|2018/03/16|19:40| 			"V_DESC"	"Zippe le fichier BDADCCSB.TXT dans BDADCCSB.zip. Tous les JO."
|   12283|DEBUG|2018/03/16|19:40| 			"V_JNAME"	"ZIPADCCSB"
|   12283|DEBUG|2018/03/16|19:40| 			"XYWH"	"-40 -1830 30 30"
|   12283|DEBUG|2018/03/16|19:40| 			"F_LPOS"	"1"
|   12283|DEBUG|2018/03/16|19:40| 			"URL_DOC"	""
|   12283|DEBUG|2018/03/16|19:40| 			"F_TYPE"	"0"
|   12283|DEBUG|2018/03/16|19:40| 			"F_CTYPE"	""
|   12283|DEBUG|2018/03/16|19:40| 		}
|   12283|DEBUG|2018/03/16|19:40| 		ELEM {
|   12283|DEBUG|2018/03/16|19:40| 			NB_PROP	"10"
|   12283|DEBUG|2018/03/16|19:40| 			"v_groupexec"	"GX0000000001"
|   12283|DEBUG|2018/03/16|19:40| 			"ID"	"JO0000000512"
|   12283|DEBUG|2018/03/16|19:40| 			"TYPE"	"1"
|   12284|DEBUG|2018/03/16|19:40| 			"V_DESC"	"Supprime le fichier BDADCCSB.TXT  D:\transferts\CSB\ATraiter sur le serveur Interpel. Tous les JO."
|   12284|DEBUG|2018/03/16|19:40| 			"V_JNAME"	"DELADCCSBTXT"
|   12284|DEBUG|2018/03/16|19:40| 			"XYWH"	"-240 -1760 30 30"
|   12284|DEBUG|2018/03/16|19:40| 			"F_LPOS"	"1"
|   12284|DEBUG|2018/03/16|19:40| 			"URL_DOC"	""
|   12284|DEBUG|2018/03/16|19:40| 			"F_TYPE"	"0"
|   12284|DEBUG|2018/03/16|19:40| 			"F_CTYPE"	""
|   12284|DEBUG|2018/03/16|19:40| 		}
|   12284|DEBUG|2018/03/16|19:40| 		ELEM {
|   12284|DEBUG|2018/03/16|19:40| 			NB_PROP	"10"
|   12284|DEBUG|2018/03/16|19:40| 			"v_groupexec"	""
|   12284|DEBUG|2018/03/16|19:40| 			"ID"	"JO0000000513"
|   12284|DEBUG|2018/03/16|19:40| 			"TYPE"	"1"
|   12284|DEBUG|2018/03/16|19:40| 			"V_DESC"	"Generation du fichier BDADCCSB pour trf a la CSB. Ts les JO."
|   12284|DEBUG|2018/03/16|19:40| 			"V_JNAME"	"BCADCCSB"
|   12284|DEBUG|2018/03/16|19:40| 			"XYWH"	"-240 -1830 30 30"
|   12284|DEBUG|2018/03/16|19:40| 			"F_LPOS"	"1"
|   12284|DEBUG|2018/03/16|19:40| 			"URL_DOC"	""
|   12284|DEBUG|2018/03/16|19:40| 			"F_TYPE"	"3"
|   12284|DEBUG|2018/03/16|19:40| 			"F_CTYPE"	""
|   12284|DEBUG|2018/03/16|19:40| 		}
|   12284|DEBUG|2018/03/16|19:40| 		ELEM {
|   12284|DEBUG|2018/03/16|19:40| 			NB_PROP	"10"
|   12284|DEBUG|2018/03/16|19:40| 			"v_groupexec"	""
|   12284|DEBUG|2018/03/16|19:40| 			"ID"	"JO0000000514"
|   12284|DEBUG|2018/03/16|19:40| 			"TYPE"	"1"
|   12284|DEBUG|2018/03/16|19:40| 			"V_DESC"	"Sécurisation acquisition SEPA. Tous les JO."
|   12284|DEBUG|2018/03/16|19:40| 			"V_JNAME"	"BCVACQSEP"
|   12284|DEBUG|2018/03/16|19:40| 			"XYWH"	"-250 200 30 30"
|   12284|DEBUG|2018/03/16|19:40| 			"F_LPOS"	"1"
|   12284|DEBUG|2018/03/16|19:40| 			"URL_DOC"	""
|   12284|DEBUG|2018/03/16|19:40| 			"F_TYPE"	"3"
|   12284|DEBUG|2018/03/16|19:40| 			"F_CTYPE"	""
|   12284|DEBUG|2018/03/16|19:40| 		}
|   12284|DEBUG|2018/03/16|19:40| 		ELEM {
|   12284|DEBUG|2018/03/16|19:40| 			NB_PROP	"10"
|   12284|DEBUG|2018/03/16|19:40| 			"v_groupexec"	""
|   12284|DEBUG|2018/03/16|19:40| 			"ID"	"JO0000000515"
|   12284|DEBUG|2018/03/16|19:40| 			"TYPE"	"1"
|   12284|DEBUG|2018/03/16|19:40| 			"V_DESC"	"Transfert du fichier BCITRCOM.TXT vers le fichier BDBCITRCOM de la BCIRECVDTA. Mensuel 1er JO."
|   12284|DEBUG|2018/03/16|19:40| 			"V_JNAME"	"FTPBDTRCOM"
|   12284|DEBUG|2018/03/16|19:40| 			"XYWH"	"360 3310 30 30"
|   12284|DEBUG|2018/03/16|19:40| 			"F_LPOS"	"1"
|   12284|DEBUG|2018/03/16|19:40| 			"URL_DOC"	""
|   12284|DEBUG|2018/03/16|19:40| 			"F_TYPE"	"3"
|   12284|DEBUG|2018/03/16|19:40| 			"F_CTYPE"	""
|   12284|DEBUG|2018/03/16|19:40| 		}
|   12284|DEBUG|2018/03/16|19:40| 		ELEM {
|   12284|DEBUG|2018/03/16|19:40| 			NB_PROP	"10"
|   12284|DEBUG|2018/03/16|19:40| 			"v_groupexec"	""
|   12284|DEBUG|2018/03/16|19:40| 			"ID"	"JO0000000516"
|   12284|DEBUG|2018/03/16|19:40| 			"TYPE"	"1"
|   12284|DEBUG|2018/03/16|19:40| 			"V_DESC"	"Intégration de la table DEVISES pour la base PARAMETRES sur serveur SQL TIBARAMA."
|   12284|DEBUG|2018/03/16|19:40| 			"V_JNAME"	"IMP_DEVISES_TIBARAMA"
|   12284|DEBUG|2018/03/16|19:40| 			"XYWH"	"-200 -2140 30 30"
|   12284|DEBUG|2018/03/16|19:40| 			"F_LPOS"	"7"
|   12284|DEBUG|2018/03/16|19:40| 			"URL_DOC"	""
|   12284|DEBUG|2018/03/16|19:40| 			"F_TYPE"	"0"
|   12284|DEBUG|2018/03/16|19:40| 			"F_CTYPE"	""
|   12284|DEBUG|2018/03/16|19:40| 		}
|   12284|DEBUG|2018/03/16|19:40| 		ELEM {
|   12284|DEBUG|2018/03/16|19:40| 			NB_PROP	"10"
|   12284|DEBUG|2018/03/16|19:40| 			"v_groupexec"	""
|   12284|DEBUG|2018/03/16|19:40| 			"ID"	"JO0000000517"
|   12284|DEBUG|2018/03/16|19:40| 			"TYPE"	"1"
|   12284|DEBUG|2018/03/16|19:40| 			"V_DESC"	"Transfert du fichier VIDE pour clearer le fichier BDCHANGEFX.TXT. Journalier"
|   12284|DEBUG|2018/03/16|19:40| 			"V_JNAME"	"VIDCHANGE"
|   12284|DEBUG|2018/03/16|19:40| 			"XYWH"	"-200 -2260 30 30"
|   12284|DEBUG|2018/03/16|19:40| 			"F_LPOS"	"4"
|   12284|DEBUG|2018/03/16|19:40| 			"URL_DOC"	""
|   12284|DEBUG|2018/03/16|19:40| 			"F_TYPE"	"3"
|   12284|DEBUG|2018/03/16|19:40| 			"F_CTYPE"	""
|   12284|DEBUG|2018/03/16|19:40| 		}
|   12284|DEBUG|2018/03/16|19:40| 		ELEM {
|   12284|DEBUG|2018/03/16|19:40| 			NB_PROP	"10"
|   12284|DEBUG|2018/03/16|19:40| 			"v_groupexec"	""
|   12284|DEBUG|2018/03/16|19:40| 			"ID"	"JO0000000518"
|   12284|DEBUG|2018/03/16|19:40| 			"TYPE"	"1"
|   12284|DEBUG|2018/03/16|19:40| 			"V_DESC"	"Contrôle si fichier BDPROVAN a glissé avant le premier traitement trimestriel de l'année. 15 janvier."
|   12284|DEBUG|2018/03/16|19:40| 			"V_JNAME"	"BCMAJPRO15"
|   12284|DEBUG|2018/03/16|19:40| 			"XYWH"	"430 4020 30 30"
|   12284|DEBUG|2018/03/16|19:40| 			"F_LPOS"	"1"
|   12284|DEBUG|2018/03/16|19:40| 			"URL_DOC"	""
|   12284|DEBUG|2018/03/16|19:40| 			"F_TYPE"	"3"
|   12284|DEBUG|2018/03/16|19:40| 			"F_CTYPE"	""
|   12284|DEBUG|2018/03/16|19:40| 		}
|   12284|DEBUG|2018/03/16|19:40| 		ELEM {
|   12284|DEBUG|2018/03/16|19:40| 			NB_PROP	"10"
|   12284|DEBUG|2018/03/16|19:40| 			"v_groupexec"	""
|   12284|DEBUG|2018/03/16|19:40| 			"ID"	"JO0000000519"
|   12284|DEBUG|2018/03/16|19:40| 			"TYPE"	"1"
|   12284|DEBUG|2018/03/16|19:40| 			"V_DESC"	"Archivage automatique flux commerçants dans BASEBCIDTA par copie. Mensuel 1er JO."
|   12284|DEBUG|2018/03/16|19:40| 			"V_JNAME"	"BCBCITRCOM"
|   12284|DEBUG|2018/03/16|19:40| 			"XYWH"	"250 3310 30 30"
|   12284|DEBUG|2018/03/16|19:40| 			"F_LPOS"	"1"
|   12284|DEBUG|2018/03/16|19:40| 			"URL_DOC"	""
|   12284|DEBUG|2018/03/16|19:40| 			"F_TYPE"	"3"
|   12284|DEBUG|2018/03/16|19:40| 			"F_CTYPE"	""
|   12284|DEBUG|2018/03/16|19:40| 		}
|   12284|DEBUG|2018/03/16|19:40| 		ELEM {
|   12284|DEBUG|2018/03/16|19:40| 			NB_PROP	"10"
|   12284|DEBUG|2018/03/16|19:40| 			"v_groupexec"	""
|   12284|DEBUG|2018/03/16|19:40| 			"ID"	"JO0000000520"
|   12284|DEBUG|2018/03/16|19:40| 			"TYPE"	"1"
|   12284|DEBUG|2018/03/16|19:40| 			"V_DESC"	"Transfert BDFATCA de la BCIRECVDTA vers BDFATCASPMC.CSV sur le serveur de fichier pour le grp FATCA SPM. 4ème JO du Trim."
|   12284|DEBUG|2018/03/16|19:40| 			"V_JNAME"	"FTPFATCASP"
|   12284|DEBUG|2018/03/16|19:40| 			"XYWH"	"610 3790 30 30"
|   12284|DEBUG|2018/03/16|19:40| 			"F_LPOS"	"1"
|   12284|DEBUG|2018/03/16|19:40| 			"URL_DOC"	""
|   12284|DEBUG|2018/03/16|19:40| 			"F_TYPE"	"3"
|   12284|DEBUG|2018/03/16|19:40| 			"F_CTYPE"	""
|   12284|DEBUG|2018/03/16|19:40| 		}
|   12284|DEBUG|2018/03/16|19:40| 		ELEM {
|   12284|DEBUG|2018/03/16|19:40| 			NB_PROP	"10"
|   12284|DEBUG|2018/03/16|19:40| 			"v_groupexec"	""
|   12284|DEBUG|2018/03/16|19:40| 			"ID"	"JO0000000521"
|   12284|DEBUG|2018/03/16|19:40| 			"TYPE"	"1"
|   12284|DEBUG|2018/03/16|19:40| 			"V_DESC"	"Stat des dépôts d'espèce sur automates (ADV) et guichet. 1er JO du mois."
|   12284|DEBUG|2018/03/16|19:40| 			"V_JNAME"	"BCSTATADV"
|   12284|DEBUG|2018/03/16|19:40| 			"XYWH"	"1160 3250 30 30"
|   12284|DEBUG|2018/03/16|19:40| 			"F_LPOS"	"0"
|   12284|DEBUG|2018/03/16|19:40| 			"URL_DOC"	""
|   12284|DEBUG|2018/03/16|19:40| 			"F_TYPE"	"3"
|   12284|DEBUG|2018/03/16|19:40| 			"F_CTYPE"	""
|   12284|DEBUG|2018/03/16|19:40| 		}
|   12284|DEBUG|2018/03/16|19:40| 		ELEM {
|   12284|DEBUG|2018/03/16|19:40| 			NB_PROP	"10"
|   12284|DEBUG|2018/03/16|19:40| 			"v_groupexec"	""
|   12284|DEBUG|2018/03/16|19:40| 			"ID"	"JO0000000522"
|   12284|DEBUG|2018/03/16|19:40| 			"TYPE"	"1"
|   12284|DEBUG|2018/03/16|19:40| 			"V_DESC"	"Transfert Interpel - Retour Declaration FICP. Tous les JO."
|   12284|DEBUG|2018/03/16|19:40| 			"V_JNAME"	"XFBIC1C"
|   12284|DEBUG|2018/03/16|19:40| 			"XYWH"	"920 -2240 30 30"
|   12284|DEBUG|2018/03/16|19:40| 			"F_LPOS"	"1"
|   12284|DEBUG|2018/03/16|19:40| 			"URL_DOC"	""
|   12284|DEBUG|2018/03/16|19:40| 			"F_TYPE"	"6"
|   12284|DEBUG|2018/03/16|19:40| 			"F_CTYPE"	""
|   12284|DEBUG|2018/03/16|19:40| 		}
|   12284|DEBUG|2018/03/16|19:40| 		ELEM {
|   12284|DEBUG|2018/03/16|19:40| 			NB_PROP	"10"
|   12284|DEBUG|2018/03/16|19:40| 			"v_groupexec"	""
|   12284|DEBUG|2018/03/16|19:40| 			"ID"	"JO0000000523"
|   12284|DEBUG|2018/03/16|19:40| 			"TYPE"	"1"
|   12284|DEBUG|2018/03/16|19:40| 			"V_DESC"	"Transfert Interpel - Retour Interrogation FICP. Tous les JO."
|   12284|DEBUG|2018/03/16|19:40| 			"V_JNAME"	"XFBIC1B"
|   12284|DEBUG|2018/03/16|19:40| 			"XYWH"	"540 -2240 30 30"
|   12284|DEBUG|2018/03/16|19:40| 			"F_LPOS"	"1"
|   12284|DEBUG|2018/03/16|19:40| 			"URL_DOC"	""
|   12284|DEBUG|2018/03/16|19:40| 			"F_TYPE"	"6"
|   12285|DEBUG|2018/03/16|19:40| 			"F_CTYPE"	""
|   12285|DEBUG|2018/03/16|19:40| 		}
|   12285|DEBUG|2018/03/16|19:40| 		ELEM {
|   12285|DEBUG|2018/03/16|19:40| 			NB_PROP	"10"
|   12285|DEBUG|2018/03/16|19:40| 			"v_groupexec"	""
|   12285|DEBUG|2018/03/16|19:40| 			"ID"	"JO0000000524"
|   12285|DEBUG|2018/03/16|19:40| 			"TYPE"	"1"
|   12285|DEBUG|2018/03/16|19:40| 			"V_DESC"	"Transfert Interpel - Compte rendu déclaration FCI FC1D. Tous les JO."
|   12285|DEBUG|2018/03/16|19:40| 			"V_JNAME"	"XFBFC1D"
|   12285|DEBUG|2018/03/16|19:40| 			"XYWH"	"720 -2240 30 30"
|   12285|DEBUG|2018/03/16|19:40| 			"F_LPOS"	"1"
|   12285|DEBUG|2018/03/16|19:40| 			"URL_DOC"	""
|   12285|DEBUG|2018/03/16|19:40| 			"F_TYPE"	"6"
|   12285|DEBUG|2018/03/16|19:40| 			"F_CTYPE"	""
|   12285|DEBUG|2018/03/16|19:40| 		}
|   12285|DEBUG|2018/03/16|19:40| 		ELEM {
|   12285|DEBUG|2018/03/16|19:40| 			NB_PROP	"10"
|   12285|DEBUG|2018/03/16|19:40| 			"v_groupexec"	""
|   12285|DEBUG|2018/03/16|19:40| 			"ID"	"JO0000000525"
|   12285|DEBUG|2018/03/16|19:40| 			"TYPE"	"1"
|   12285|DEBUG|2018/03/16|19:40| 			"V_DESC"	"Décrypte le fichier IC1C.gpg de la BDF/FICP Déclaration Retour. Tous les JO."
|   12285|DEBUG|2018/03/16|19:40| 			"V_JNAME"	"OPENPGPIC1C"
|   12285|DEBUG|2018/03/16|19:40| 			"XYWH"	"920 -2180 30 30"
|   12285|DEBUG|2018/03/16|19:40| 			"F_LPOS"	"1"
|   12285|DEBUG|2018/03/16|19:40| 			"URL_DOC"	""
|   12285|DEBUG|2018/03/16|19:40| 			"F_TYPE"	"0"
|   12285|DEBUG|2018/03/16|19:40| 			"F_CTYPE"	""
|   12285|DEBUG|2018/03/16|19:40| 		}
|   12285|DEBUG|2018/03/16|19:40| 		ELEM {
|   12285|DEBUG|2018/03/16|19:40| 			NB_PROP	"10"
|   12285|DEBUG|2018/03/16|19:40| 			"v_groupexec"	""
|   12285|DEBUG|2018/03/16|19:40| 			"ID"	"JO0000000526"
|   12285|DEBUG|2018/03/16|19:40| 			"TYPE"	"1"
|   12285|DEBUG|2018/03/16|19:40| 			"V_DESC"	"Décrypte le fichier IC1B.gpg de la BDF/FICP Interrogations Retour. Tous les JO."
|   12285|DEBUG|2018/03/16|19:40| 			"V_JNAME"	"OPENPGPIC1B"
|   12285|DEBUG|2018/03/16|19:40| 			"XYWH"	"540 -2180 30 30"
|   12285|DEBUG|2018/03/16|19:40| 			"F_LPOS"	"1"
|   12285|DEBUG|2018/03/16|19:40| 			"URL_DOC"	""
|   12285|DEBUG|2018/03/16|19:40| 			"F_TYPE"	"0"
|   12285|DEBUG|2018/03/16|19:40| 			"F_CTYPE"	""
|   12285|DEBUG|2018/03/16|19:40| 		}
|   12285|DEBUG|2018/03/16|19:40| 		ELEM {
|   12285|DEBUG|2018/03/16|19:40| 			NB_PROP	"10"
|   12285|DEBUG|2018/03/16|19:40| 			"v_groupexec"	""
|   12285|DEBUG|2018/03/16|19:40| 			"ID"	"JO0000000527"
|   12285|DEBUG|2018/03/16|19:40| 			"TYPE"	"1"
|   12285|DEBUG|2018/03/16|19:40| 			"V_DESC"	"Décrypte le fichier fc1d.gpg de la BDF. Journalier."
|   12285|DEBUG|2018/03/16|19:40| 			"V_JNAME"	"OPENPGPFC1D"
|   12285|DEBUG|2018/03/16|19:40| 			"XYWH"	"720 -2180 30 30"
|   12285|DEBUG|2018/03/16|19:40| 			"F_LPOS"	"1"
|   12285|DEBUG|2018/03/16|19:40| 			"URL_DOC"	""
|   12285|DEBUG|2018/03/16|19:40| 			"F_TYPE"	"0"
|   12285|DEBUG|2018/03/16|19:40| 			"F_CTYPE"	""
|   12285|DEBUG|2018/03/16|19:40| 		}
|   12285|DEBUG|2018/03/16|19:40| 		ELEM {
|   12285|DEBUG|2018/03/16|19:40| 			NB_PROP	"10"
|   12285|DEBUG|2018/03/16|19:40| 			"v_groupexec"	""
|   12285|DEBUG|2018/03/16|19:40| 			"ID"	"JO0000000528"
|   12285|DEBUG|2018/03/16|19:40| 			"TYPE"	"1"
|   12285|DEBUG|2018/03/16|19:40| 			"V_DESC"	"Archivage de IC1C.TXT dans D:\Archive\BDF\IC1C. Tous les JO."
|   12285|DEBUG|2018/03/16|19:40| 			"V_JNAME"	"ARCIC1C"
|   12285|DEBUG|2018/03/16|19:40| 			"XYWH"	"920 -2060 30 30"
|   12285|DEBUG|2018/03/16|19:40| 			"F_LPOS"	"1"
|   12285|DEBUG|2018/03/16|19:40| 			"URL_DOC"	""
|   12285|DEBUG|2018/03/16|19:40| 			"F_TYPE"	"0"
|   12285|DEBUG|2018/03/16|19:40| 			"F_CTYPE"	""
|   12285|DEBUG|2018/03/16|19:40| 		}
|   12285|DEBUG|2018/03/16|19:40| 		ELEM {
|   12285|DEBUG|2018/03/16|19:40| 			NB_PROP	"10"
|   12285|DEBUG|2018/03/16|19:40| 			"v_groupexec"	""
|   12285|DEBUG|2018/03/16|19:40| 			"ID"	"JO0000000529"
|   12285|DEBUG|2018/03/16|19:40| 			"TYPE"	"1"
|   12285|DEBUG|2018/03/16|19:40| 			"V_DESC"	"Archivage de IC1B.TXT dans D:\Archive\BDF\IC1B. Tous les JO."
|   12285|DEBUG|2018/03/16|19:40| 			"V_JNAME"	"ARCIC1B"
|   12285|DEBUG|2018/03/16|19:40| 			"XYWH"	"540 -2060 30 30"
|   12285|DEBUG|2018/03/16|19:40| 			"F_LPOS"	"1"
|   12285|DEBUG|2018/03/16|19:40| 			"URL_DOC"	""
|   12285|DEBUG|2018/03/16|19:40| 			"F_TYPE"	"0"
|   12285|DEBUG|2018/03/16|19:40| 			"F_CTYPE"	""
|   12285|DEBUG|2018/03/16|19:40| 		}
|   12285|DEBUG|2018/03/16|19:40| 		ELEM {
|   12285|DEBUG|2018/03/16|19:40| 			NB_PROP	"10"
|   12285|DEBUG|2018/03/16|19:40| 			"v_groupexec"	""
|   12285|DEBUG|2018/03/16|19:40| 			"ID"	"JO0000000530"
|   12285|DEBUG|2018/03/16|19:40| 			"TYPE"	"1"
|   12285|DEBUG|2018/03/16|19:40| 			"V_DESC"	"Archivage de FC1D.TXT dans D:\Archive\BDF\FC1D. Tous les JO."
|   12285|DEBUG|2018/03/16|19:40| 			"V_JNAME"	"ARCFC1D"
|   12285|DEBUG|2018/03/16|19:40| 			"XYWH"	"720 -2060 30 30"
|   12285|DEBUG|2018/03/16|19:40| 			"F_LPOS"	"1"
|   12285|DEBUG|2018/03/16|19:40| 			"URL_DOC"	""
|   12285|DEBUG|2018/03/16|19:40| 			"F_TYPE"	"0"
|   12285|DEBUG|2018/03/16|19:40| 			"F_CTYPE"	""
|   12285|DEBUG|2018/03/16|19:40| 		}
|   12285|DEBUG|2018/03/16|19:40| 		ELEM {
|   12285|DEBUG|2018/03/16|19:40| 			NB_PROP	"10"
|   12285|DEBUG|2018/03/16|19:40| 			"v_groupexec"	""
|   12285|DEBUG|2018/03/16|19:40| 			"ID"	"JO0000000531"
|   12285|DEBUG|2018/03/16|19:40| 			"TYPE"	"1"
|   12285|DEBUG|2018/03/16|19:40| 			"V_DESC"	"Transfert Interpel - Réception des réponse FCC fichier FC1E-R. Tous les JO."
|   12285|DEBUG|2018/03/16|19:40| 			"V_JNAME"	"XFBFC1ER"
|   12285|DEBUG|2018/03/16|19:40| 			"XYWH"	"320 -2240 30 30"
|   12285|DEBUG|2018/03/16|19:40| 			"F_LPOS"	"1"
|   12285|DEBUG|2018/03/16|19:40| 			"URL_DOC"	""
|   12285|DEBUG|2018/03/16|19:40| 			"F_TYPE"	"6"
|   12285|DEBUG|2018/03/16|19:40| 			"F_CTYPE"	""
|   12285|DEBUG|2018/03/16|19:40| 		}
|   12285|DEBUG|2018/03/16|19:40| 		ELEM {
|   12285|DEBUG|2018/03/16|19:40| 			NB_PROP	"10"
|   12285|DEBUG|2018/03/16|19:40| 			"v_groupexec"	""
|   12285|DEBUG|2018/03/16|19:40| 			"ID"	"JO0000000532"
|   12285|DEBUG|2018/03/16|19:40| 			"TYPE"	"1"
|   12285|DEBUG|2018/03/16|19:40| 			"V_DESC"	"Décrypte le fichier fc1e-r.gpg de la BDF. Journalier."
|   12285|DEBUG|2018/03/16|19:40| 			"V_JNAME"	"OPENPGPFC1E-R"
|   12285|DEBUG|2018/03/16|19:40| 			"XYWH"	"320 -2180 30 30"
|   12285|DEBUG|2018/03/16|19:40| 			"F_LPOS"	"1"
|   12285|DEBUG|2018/03/16|19:40| 			"URL_DOC"	""
|   12285|DEBUG|2018/03/16|19:40| 			"F_TYPE"	"0"
|   12285|DEBUG|2018/03/16|19:40| 			"F_CTYPE"	""
|   12285|DEBUG|2018/03/16|19:40| 		}
|   12285|DEBUG|2018/03/16|19:40| 		ELEM {
|   12285|DEBUG|2018/03/16|19:40| 			NB_PROP	"10"
|   12285|DEBUG|2018/03/16|19:40| 			"v_groupexec"	""
|   12285|DEBUG|2018/03/16|19:40| 			"ID"	"JO0000000533"
|   12285|DEBUG|2018/03/16|19:40| 			"TYPE"	"1"
|   12285|DEBUG|2018/03/16|19:40| 			"V_DESC"	"Archivage de FC1E-R.TXT dans D:\Archive\BDF\FC1E-R. Tous les JO."
|   12285|DEBUG|2018/03/16|19:40| 			"V_JNAME"	"ARCFC1E-R"
|   12285|DEBUG|2018/03/16|19:40| 			"XYWH"	"320 -2060 30 30"
|   12285|DEBUG|2018/03/16|19:40| 			"F_LPOS"	"1"
|   12285|DEBUG|2018/03/16|19:40| 			"URL_DOC"	""
|   12285|DEBUG|2018/03/16|19:40| 			"F_TYPE"	"0"
|   12285|DEBUG|2018/03/16|19:40| 			"F_CTYPE"	""
|   12285|DEBUG|2018/03/16|19:40| 		}
|   12285|DEBUG|2018/03/16|19:40| 		ELEM {
|   12285|DEBUG|2018/03/16|19:40| 			NB_PROP	"10"
|   12285|DEBUG|2018/03/16|19:40| 			"v_groupexec"	""
|   12285|DEBUG|2018/03/16|19:40| 			"ID"	"JO0000000534"
|   12285|DEBUG|2018/03/16|19:40| 			"TYPE"	"1"
|   12285|DEBUG|2018/03/16|19:40| 			"V_DESC"	"Récup nb chèques BCI et autres. Tous les JO."
|   12285|DEBUG|2018/03/16|19:40| 			"V_JNAME"	"RTVNBCHQCL"
|   12285|DEBUG|2018/03/16|19:40| 			"XYWH"	"430 -520 30 30"
|   12285|DEBUG|2018/03/16|19:40| 			"F_LPOS"	"7"
|   12285|DEBUG|2018/03/16|19:40| 			"URL_DOC"	""
|   12285|DEBUG|2018/03/16|19:40| 			"F_TYPE"	"3"
|   12285|DEBUG|2018/03/16|19:40| 			"F_CTYPE"	""
|   12285|DEBUG|2018/03/16|19:40| 		}
|   12285|DEBUG|2018/03/16|19:40| 		ELEM {
|   12285|DEBUG|2018/03/16|19:40| 			NB_PROP	"10"
|   12285|DEBUG|2018/03/16|19:40| 			"v_groupexec"	""
|   12285|DEBUG|2018/03/16|19:40| 			"ID"	"JO0000000535"
|   12285|DEBUG|2018/03/16|19:40| 			"TYPE"	"1"
|   12285|DEBUG|2018/03/16|19:40| 			"V_DESC"	"Levée Opposition Abusif Automatique. Le 15 du mois ou le JO précédent si week-end ou férié."
|   12286|DEBUG|2018/03/16|19:40| 			"V_JNAME"	"BCLEVOPP15"
|   12286|DEBUG|2018/03/16|19:40| 			"XYWH"	"1160 3410 30 30"
|   12286|DEBUG|2018/03/16|19:40| 			"F_LPOS"	"0"
|   12286|DEBUG|2018/03/16|19:40| 			"URL_DOC"	""
|   12286|DEBUG|2018/03/16|19:40| 			"F_TYPE"	"3"
|   12286|DEBUG|2018/03/16|19:40| 			"F_CTYPE"	""
|   12286|DEBUG|2018/03/16|19:40| 		}
|   12286|DEBUG|2018/03/16|19:40| 		ELEM {
|   12286|DEBUG|2018/03/16|19:40| 			NB_PROP	"10"
|   12286|DEBUG|2018/03/16|19:40| 			"v_groupexec"	""
|   12286|DEBUG|2018/03/16|19:40| 			"ID"	"JO0000000536"
|   12286|DEBUG|2018/03/16|19:40| 			"TYPE"	"1"
|   12286|DEBUG|2018/03/16|19:40| 			"V_DESC"	"Zippe BCIALSIE.txt dans BCIALSIESV.zip. tous les JO."
|   12286|DEBUG|2018/03/16|19:40| 			"V_JNAME"	"ZIPBCIALSIE"
|   12286|DEBUG|2018/03/16|19:40| 			"XYWH"	"450 -240 30 30"
|   12286|DEBUG|2018/03/16|19:40| 			"F_LPOS"	"4"
|   12286|DEBUG|2018/03/16|19:40| 			"URL_DOC"	""
|   12286|DEBUG|2018/03/16|19:40| 			"F_TYPE"	"0"
|   12286|DEBUG|2018/03/16|19:40| 			"F_CTYPE"	""
|   12286|DEBUG|2018/03/16|19:40| 		}
|   12286|DEBUG|2018/03/16|19:40| 		ELEM {
|   12286|DEBUG|2018/03/16|19:40| 			NB_PROP	"10"
|   12286|DEBUG|2018/03/16|19:40| 			"v_groupexec"	""
|   12286|DEBUG|2018/03/16|19:40| 			"ID"	"JO0000000537"
|   12286|DEBUG|2018/03/16|19:40| 			"TYPE"	"1"
|   12286|DEBUG|2018/03/16|19:40| 			"V_DESC"	"Zippe SIEREBCI.txt dans SIEREBCI.zip. tous les JO."
|   12286|DEBUG|2018/03/16|19:40| 			"V_JNAME"	"ZIPSIEREBCI"
|   12286|DEBUG|2018/03/16|19:40| 			"XYWH"	"360 1190 30 30"
|   12286|DEBUG|2018/03/16|19:40| 			"F_LPOS"	"0"
|   12286|DEBUG|2018/03/16|19:40| 			"URL_DOC"	""
|   12286|DEBUG|2018/03/16|19:40| 			"F_TYPE"	"0"
|   12286|DEBUG|2018/03/16|19:40| 			"F_CTYPE"	""
|   12286|DEBUG|2018/03/16|19:40| 		}
|   12286|DEBUG|2018/03/16|19:40| 		ELEM {
|   12286|DEBUG|2018/03/16|19:40| 			NB_PROP	"10"
|   12286|DEBUG|2018/03/16|19:40| 			"v_groupexec"	""
|   12286|DEBUG|2018/03/16|19:40| 			"ID"	"JO0000000538"
|   12286|DEBUG|2018/03/16|19:40| 			"TYPE"	"1"
|   12286|DEBUG|2018/03/16|19:40| 			"V_DESC"	"Supprime le fichier bcialsie.txt dans D:\transferts\sienc sur le serveur Interpel. Tous les JO."
|   12286|DEBUG|2018/03/16|19:40| 			"V_JNAME"	"DELBCIALSIETXT"
|   12286|DEBUG|2018/03/16|19:40| 			"XYWH"	"370 -180 30 30"
|   12286|DEBUG|2018/03/16|19:40| 			"F_LPOS"	"4"
|   12286|DEBUG|2018/03/16|19:40| 			"URL_DOC"	""
|   12286|DEBUG|2018/03/16|19:40| 			"F_TYPE"	"0"
|   12286|DEBUG|2018/03/16|19:40| 			"F_CTYPE"	""
|   12286|DEBUG|2018/03/16|19:40| 		}
|   12286|DEBUG|2018/03/16|19:40| 		ELEM {
|   12286|DEBUG|2018/03/16|19:40| 			NB_PROP	"10"
|   12286|DEBUG|2018/03/16|19:40| 			"v_groupexec"	""
|   12286|DEBUG|2018/03/16|19:40| 			"ID"	"JO0000000539"
|   12286|DEBUG|2018/03/16|19:40| 			"TYPE"	"1"
|   12286|DEBUG|2018/03/16|19:40| 			"V_DESC"	"Supprime le fichier sierebci.txt dans D:\transferts\sienc sur le serveur Interpel. Tous les JO."
|   12286|DEBUG|2018/03/16|19:40| 			"V_JNAME"	"DELSIEREBCITXT"
|   12286|DEBUG|2018/03/16|19:40| 			"XYWH"	"470 1310 30 30"
|   12286|DEBUG|2018/03/16|19:40| 			"F_LPOS"	"0"
|   12286|DEBUG|2018/03/16|19:40| 			"URL_DOC"	""
|   12286|DEBUG|2018/03/16|19:40| 			"F_TYPE"	"0"
|   12286|DEBUG|2018/03/16|19:40| 			"F_CTYPE"	""
|   12286|DEBUG|2018/03/16|19:40| 		}
|   12286|DEBUG|2018/03/16|19:40| 		ELEM {
|   12286|DEBUG|2018/03/16|19:40| 			NB_PROP	"10"
|   12286|DEBUG|2018/03/16|19:40| 			"v_groupexec"	""
|   12286|DEBUG|2018/03/16|19:40| 			"ID"	"JO0000000540"
|   12286|DEBUG|2018/03/16|19:40| 			"TYPE"	"1"
|   12286|DEBUG|2018/03/16|19:40| 			"V_DESC"	"EXPLOIT - Récup du nombre de chèques BCI/BCI et Autres. 4ème jour ouvré (lendemain des Glissements)."
|   12286|DEBUG|2018/03/16|19:40| 			"V_JNAME"	"BCMVTCPT"
|   12286|DEBUG|2018/03/16|19:40| 			"XYWH"	"720 3510 30 30"
|   12286|DEBUG|2018/03/16|19:40| 			"F_LPOS"	"0"
|   12286|DEBUG|2018/03/16|19:40| 			"URL_DOC"	""
|   12286|DEBUG|2018/03/16|19:40| 			"F_TYPE"	"3"
|   12286|DEBUG|2018/03/16|19:40| 			"F_CTYPE"	""
|   12286|DEBUG|2018/03/16|19:40| 		}
|   12286|DEBUG|2018/03/16|19:40| 		ELEM {
|   12286|DEBUG|2018/03/16|19:40| 			NB_PROP	"10"
|   12286|DEBUG|2018/03/16|19:40| 			"v_groupexec"	""
|   12286|DEBUG|2018/03/16|19:40| 			"ID"	"JO0000000541"
|   12286|DEBUG|2018/03/16|19:40| 			"TYPE"	"1"
|   12286|DEBUG|2018/03/16|19:40| 			"V_DESC"	"Test l'alerte Sentinel matin. Ts les JO."
|   12286|DEBUG|2018/03/16|19:40| 			"V_JNAME"	"Sentinel_Matin_OK"
|   12286|DEBUG|2018/03/16|19:40| 			"XYWH"	"-200 -3120 30 30"
|   12286|DEBUG|2018/03/16|19:40| 			"F_LPOS"	"1"
|   12286|DEBUG|2018/03/16|19:40| 			"URL_DOC"	""
|   12286|DEBUG|2018/03/16|19:40| 			"F_TYPE"	"0"
|   12286|DEBUG|2018/03/16|19:40| 			"F_CTYPE"	""
|   12286|DEBUG|2018/03/16|19:40| 		}
|   12286|DEBUG|2018/03/16|19:40| 		ELEM {
|   12286|DEBUG|2018/03/16|19:40| 			NB_PROP	"10"
|   12286|DEBUG|2018/03/16|19:40| 			"v_groupexec"	""
|   12286|DEBUG|2018/03/16|19:40| 			"ID"	"JO0000000542"
|   12286|DEBUG|2018/03/16|19:40| 			"TYPE"	"1"
|   12286|DEBUG|2018/03/16|19:40| 			"V_DESC"	"Redémarre XFBNT sur Axway-prd."
|   12286|DEBUG|2018/03/16|19:40| 			"V_JNAME"	"Restart_SVC_XFBNT_Matin"
|   12286|DEBUG|2018/03/16|19:40| 			"XYWH"	"-350 -3080 30 30"
|   12286|DEBUG|2018/03/16|19:40| 			"F_LPOS"	"1"
|   12286|DEBUG|2018/03/16|19:40| 			"URL_DOC"	""
|   12286|DEBUG|2018/03/16|19:40| 			"F_TYPE"	"0"
|   12286|DEBUG|2018/03/16|19:40| 			"F_CTYPE"	""
|   12286|DEBUG|2018/03/16|19:40| 		}
|   12286|DEBUG|2018/03/16|19:40| 		ELEM {
|   12286|DEBUG|2018/03/16|19:40| 			NB_PROP	"10"
|   12286|DEBUG|2018/03/16|19:40| 			"v_groupexec"	""
|   12286|DEBUG|2018/03/16|19:40| 			"ID"	"JO0000000543"
|   12286|DEBUG|2018/03/16|19:40| 			"TYPE"	"1"
|   12286|DEBUG|2018/03/16|19:40| 			"V_DESC"	"Redémarre Sentinel Event Router (SNTLEV_BCI) sur Axway-prd."
|   12286|DEBUG|2018/03/16|19:40| 			"V_JNAME"	"Restart_SVC_Sentinel"
|   12286|DEBUG|2018/03/16|19:40| 			"XYWH"	"-350 -3120 30 30"
|   12286|DEBUG|2018/03/16|19:40| 			"F_LPOS"	"1"
|   12286|DEBUG|2018/03/16|19:40| 			"URL_DOC"	""
|   12286|DEBUG|2018/03/16|19:40| 			"F_TYPE"	"0"
|   12286|DEBUG|2018/03/16|19:40| 			"F_CTYPE"	""
|   12286|DEBUG|2018/03/16|19:40| 		}
|   12286|DEBUG|2018/03/16|19:40| 		ELEM {
|   12286|DEBUG|2018/03/16|19:40| 			NB_PROP	"10"
|   12286|DEBUG|2018/03/16|19:40| 			"v_groupexec"	""
|   12286|DEBUG|2018/03/16|19:40| 			"ID"	"JO0000000544"
|   12286|DEBUG|2018/03/16|19:40| 			"TYPE"	"1"
|   12286|DEBUG|2018/03/16|19:40| 			"V_DESC"	"Passage à "terminé" du job precedent dans le graph "
|   12286|DEBUG|2018/03/16|19:40| 			"V_JNAME"	"ACTION_JOB_Sentinel_Matin_finOK"
|   12286|DEBUG|2018/03/16|19:40| 			"XYWH"	"-60 -3120 30 30"
|   12286|DEBUG|2018/03/16|19:40| 			"F_LPOS"	"1"
|   12286|DEBUG|2018/03/16|19:40| 			"URL_DOC"	""
|   12286|DEBUG|2018/03/16|19:40| 			"F_TYPE"	"0"
|   12286|DEBUG|2018/03/16|19:40| 			"F_CTYPE"	""
|   12286|DEBUG|2018/03/16|19:40| 		}
|   12286|DEBUG|2018/03/16|19:40| 		ELEM {
|   12286|DEBUG|2018/03/16|19:40| 			NB_PROP	"10"
|   12286|DEBUG|2018/03/16|19:40| 			"v_groupexec"	""
|   12286|DEBUG|2018/03/16|19:40| 			"ID"	"JO0000000545"
|   12286|DEBUG|2018/03/16|19:40| 			"TYPE"	"1"
|   12286|DEBUG|2018/03/16|19:40| 			"V_DESC"	"Préparation du fichier liste des écritures comptables sur les comptes caisses ADE: Alimentation du fichier BDRAPPADE. Tous les JO."
|   12286|DEBUG|2018/03/16|19:40| 			"V_JNAME"	"BCRAPPADE"
|   12286|DEBUG|2018/03/16|19:40| 			"XYWH"	"-310 -2440 30 30"
|   12286|DEBUG|2018/03/16|19:40| 			"F_LPOS"	"1"
|   12286|DEBUG|2018/03/16|19:40| 			"URL_DOC"	""
|   12286|DEBUG|2018/03/16|19:40| 			"F_TYPE"	"3"
|   12286|DEBUG|2018/03/16|19:40| 			"F_CTYPE"	""
|   12286|DEBUG|2018/03/16|19:40| 		}
|   12286|DEBUG|2018/03/16|19:40| 		ELEM {
|   12286|DEBUG|2018/03/16|19:40| 			NB_PROP	"10"
|   12286|DEBUG|2018/03/16|19:40| 			"v_groupexec"	""
|   12286|DEBUG|2018/03/16|19:40| 			"ID"	"JO0000000546"
|   12286|DEBUG|2018/03/16|19:40| 			"TYPE"	"1"
|   12286|DEBUG|2018/03/16|19:40| 			"V_DESC"	"Transfert du fichier BDXLSADECR de la BCIRECVDTA  vers le fichier BDXLSADECR.TXT sur le serveur de fichier/Engagements. Ts les JO."
|   12286|DEBUG|2018/03/16|19:40| 			"V_JNAME"	"FTPXLSADEC"
|   12286|DEBUG|2018/03/16|19:40| 			"XYWH"	"-210 -2440 30 30"
|   12286|DEBUG|2018/03/16|19:40| 			"F_LPOS"	"1"
|   12286|DEBUG|2018/03/16|19:40| 			"URL_DOC"	""
|   12286|DEBUG|2018/03/16|19:40| 			"F_TYPE"	"3"
|   12286|DEBUG|2018/03/16|19:40| 			"F_CTYPE"	""
|   12287|DEBUG|2018/03/16|19:40| 		}
|   12287|DEBUG|2018/03/16|19:40| 		ELEM {
|   12287|DEBUG|2018/03/16|19:40| 			NB_PROP	"10"
|   12287|DEBUG|2018/03/16|19:40| 			"v_groupexec"	""
|   12287|DEBUG|2018/03/16|19:40| 			"ID"	"JO0000000547"
|   12287|DEBUG|2018/03/16|19:40| 			"TYPE"	"1"
|   12287|DEBUG|2018/03/16|19:40| 			"V_DESC"	"Historisation des SMS informatiques envoyés sur le boitier Eagle.Tous les JO.Déplanifiable"
|   12287|DEBUG|2018/03/16|19:40| 			"V_JNAME"	"BCHSTSMS"
|   12287|DEBUG|2018/03/16|19:40| 			"XYWH"	"-310 -2610 30 30"
|   12287|DEBUG|2018/03/16|19:40| 			"F_LPOS"	"0"
|   12287|DEBUG|2018/03/16|19:40| 			"URL_DOC"	""
|   12287|DEBUG|2018/03/16|19:40| 			"F_TYPE"	"3"
|   12287|DEBUG|2018/03/16|19:40| 			"F_CTYPE"	""
|   12287|DEBUG|2018/03/16|19:40| 		}
|   12287|DEBUG|2018/03/16|19:40| 		ELEM {
|   12287|DEBUG|2018/03/16|19:40| 			NB_PROP	"10"
|   12287|DEBUG|2018/03/16|19:40| 			"v_groupexec"	""
|   12287|DEBUG|2018/03/16|19:40| 			"ID"	"JO0000000548"
|   12287|DEBUG|2018/03/16|19:40| 			"TYPE"	"1"
|   12287|DEBUG|2018/03/16|19:40| 			"V_DESC"	"Production d'un fichier BDCBPORT des operations effectues par des clients qui n'ont pas communique de tel portable."
|   12287|DEBUG|2018/03/16|19:40| 			"V_JNAME"	"BCCBPORT"
|   12287|DEBUG|2018/03/16|19:40| 			"XYWH"	"1020 -1060 30 30"
|   12287|DEBUG|2018/03/16|19:40| 			"F_LPOS"	"1"
|   12287|DEBUG|2018/03/16|19:40| 			"URL_DOC"	""
|   12287|DEBUG|2018/03/16|19:40| 			"F_TYPE"	"3"
|   12287|DEBUG|2018/03/16|19:40| 			"F_CTYPE"	""
|   12287|DEBUG|2018/03/16|19:40| 		}
|   12287|DEBUG|2018/03/16|19:40| 		ELEM {
|   12287|DEBUG|2018/03/16|19:40| 			NB_PROP	"10"
|   12287|DEBUG|2018/03/16|19:40| 			"v_groupexec"	""
|   12287|DEBUG|2018/03/16|19:40| 			"ID"	"JO0000000549"
|   12287|DEBUG|2018/03/16|19:40| 			"TYPE"	"1"
|   12287|DEBUG|2018/03/16|19:40| 			"V_DESC"	"Transfert du fichier BDCBPORT de la BCIRECVDTA  vers le fichier BDCBPORT.csv sur le serveur de fichier pour la monetique.SOC"
|   12287|DEBUG|2018/03/16|19:40| 			"V_JNAME"	"FTPCBPORT"
|   12287|DEBUG|2018/03/16|19:40| 			"XYWH"	"1120 -1060 30 30"
|   12287|DEBUG|2018/03/16|19:40| 			"F_LPOS"	"1"
|   12287|DEBUG|2018/03/16|19:40| 			"URL_DOC"	""
|   12287|DEBUG|2018/03/16|19:40| 			"F_TYPE"	"3"
|   12287|DEBUG|2018/03/16|19:40| 			"F_CTYPE"	""
|   12287|DEBUG|2018/03/16|19:40| 		}
|   12287|DEBUG|2018/03/16|19:40| 		ELEM {
|   12287|DEBUG|2018/03/16|19:40| 			NB_PROP	"10"
|   12287|DEBUG|2018/03/16|19:40| 			"v_groupexec"	""
|   12287|DEBUG|2018/03/16|19:40| 			"ID"	"JO0000000550"
|   12287|DEBUG|2018/03/16|19:40| 			"TYPE"	"1"
|   12287|DEBUG|2018/03/16|19:40| 			"V_DESC"	"Envoi d'un mail pour prévenir de la disponibilité du fichier csv à la monétique"
|   12287|DEBUG|2018/03/16|19:40| 			"V_JNAME"	"MELBDCPORT"
|   12287|DEBUG|2018/03/16|19:40| 			"XYWH"	"1220 -1060 30 30"
|   12287|DEBUG|2018/03/16|19:40| 			"F_LPOS"	"1"
|   12287|DEBUG|2018/03/16|19:40| 			"URL_DOC"	""
|   12287|DEBUG|2018/03/16|19:40| 			"F_TYPE"	"0"
|   12287|DEBUG|2018/03/16|19:40| 			"F_CTYPE"	""
|   12287|DEBUG|2018/03/16|19:40| 		}
|   12287|DEBUG|2018/03/16|19:40| 		ELEM {
|   12287|DEBUG|2018/03/16|19:40| 			NB_PROP	"10"
|   12287|DEBUG|2018/03/16|19:40| 			"v_groupexec"	""
|   12287|DEBUG|2018/03/16|19:40| 			"ID"	"JO0000000551"
|   12287|DEBUG|2018/03/16|19:40| 			"TYPE"	"1"
|   12287|DEBUG|2018/03/16|19:40| 			"V_DESC"	"Transfert du spool BEACRANO apres 1er passage"
|   12287|DEBUG|2018/03/16|19:40| 			"V_JNAME"	"FTPBEACRAN"
|   12287|DEBUG|2018/03/16|19:40| 			"XYWH"	"330 -650 30 30"
|   12287|DEBUG|2018/03/16|19:40| 			"F_LPOS"	"1"
|   12287|DEBUG|2018/03/16|19:40| 			"URL_DOC"	""
|   12287|DEBUG|2018/03/16|19:40| 			"F_TYPE"	"3"
|   12287|DEBUG|2018/03/16|19:40| 			"F_CTYPE"	""
|   12287|DEBUG|2018/03/16|19:40| 		}
|   12287|DEBUG|2018/03/16|19:40| 		ELEM {
|   12287|DEBUG|2018/03/16|19:40| 			NB_PROP	"10"
|   12287|DEBUG|2018/03/16|19:40| 			"v_groupexec"	""
|   12287|DEBUG|2018/03/16|19:40| 			"ID"	"JO0000000552"
|   12287|DEBUG|2018/03/16|19:40| 			"TYPE"	"1"
|   12287|DEBUG|2018/03/16|19:40| 			"V_DESC"	"Envoi un mail avec le compte rendu du premier passage"
|   12287|DEBUG|2018/03/16|19:40| 			"V_JNAME"	"MAIL_1erpassage"
|   12287|DEBUG|2018/03/16|19:40| 			"XYWH"	"210 -650 30 30"
|   12287|DEBUG|2018/03/16|19:40| 			"F_LPOS"	"1"
|   12287|DEBUG|2018/03/16|19:40| 			"URL_DOC"	""
|   12287|DEBUG|2018/03/16|19:40| 			"F_TYPE"	"0"
|   12287|DEBUG|2018/03/16|19:40| 			"F_CTYPE"	""
|   12287|DEBUG|2018/03/16|19:40| 		}
|   12287|DEBUG|2018/03/16|19:40| 		ELEM {
|   12287|DEBUG|2018/03/16|19:40| 			NB_PROP	"10"
|   12287|DEBUG|2018/03/16|19:40| 			"v_groupexec"	"GX0000000001"
|   12287|DEBUG|2018/03/16|19:40| 			"ID"	"JO0000000553"
|   12287|DEBUG|2018/03/16|19:40| 			"TYPE"	"1"
|   12287|DEBUG|2018/03/16|19:40| 			"V_DESC"	"Suppression de la ressource BCOAVWEB_VALID.tem pour arret application Opération à venir dans chaine BCINET_H24. Jounalier."
|   12287|DEBUG|2018/03/16|19:40| 			"V_JNAME"	"ARRET_BCINET_H24"
|   12287|DEBUG|2018/03/16|19:40| 			"XYWH"	"-40 -180 30 30"
|   12287|DEBUG|2018/03/16|19:40| 			"F_LPOS"	"1"
|   12287|DEBUG|2018/03/16|19:40| 			"URL_DOC"	""
|   12287|DEBUG|2018/03/16|19:40| 			"F_TYPE"	"0"
|   12287|DEBUG|2018/03/16|19:40| 			"F_CTYPE"	""
|   12287|DEBUG|2018/03/16|19:40| 		}
|   12287|DEBUG|2018/03/16|19:40| 		ELEM {
|   12287|DEBUG|2018/03/16|19:40| 			NB_PROP	"10"
|   12287|DEBUG|2018/03/16|19:40| 			"v_groupexec"	"GX0000000001"
|   12287|DEBUG|2018/03/16|19:40| 			"ID"	"JO0000000554"
|   12287|DEBUG|2018/03/16|19:40| 			"TYPE"	"1"
|   12287|DEBUG|2018/03/16|19:40| 			"V_DESC"	"Fin cylce BCINET_H24. Jounalier."
|   12287|DEBUG|2018/03/16|19:40| 			"V_JNAME"	"FIN_CYCLE_BCINET"
|   12287|DEBUG|2018/03/16|19:40| 			"XYWH"	"-40 -120 30 30"
|   12287|DEBUG|2018/03/16|19:40| 			"F_LPOS"	"1"
|   12287|DEBUG|2018/03/16|19:40| 			"URL_DOC"	""
|   12287|DEBUG|2018/03/16|19:40| 			"F_TYPE"	"0"
|   12287|DEBUG|2018/03/16|19:40| 			"F_CTYPE"	""
|   12287|DEBUG|2018/03/16|19:40| 		}
|   12287|DEBUG|2018/03/16|19:40| 		ELEM {
|   12287|DEBUG|2018/03/16|19:40| 			NB_PROP	"10"
|   12287|DEBUG|2018/03/16|19:40| 			"v_groupexec"	"GX0000000001"
|   12287|DEBUG|2018/03/16|19:40| 			"ID"	"JO0000000555"
|   12287|DEBUG|2018/03/16|19:40| 			"TYPE"	"1"
|   12287|DEBUG|2018/03/16|19:40| 			"V_DESC"	"Création de la ressource BCOAVWEB_VALID.tem."
|   12287|DEBUG|2018/03/16|19:40| 			"V_JNAME"	"CRT_BCOAVWEB_VALID"
|   12287|DEBUG|2018/03/16|19:40| 			"XYWH"	"-40 120 30 30"
|   12287|DEBUG|2018/03/16|19:40| 			"F_LPOS"	"1"
|   12287|DEBUG|2018/03/16|19:40| 			"URL_DOC"	""
|   12287|DEBUG|2018/03/16|19:40| 			"F_TYPE"	"0"
|   12287|DEBUG|2018/03/16|19:40| 			"F_CTYPE"	""
|   12287|DEBUG|2018/03/16|19:40| 		}
|   12287|DEBUG|2018/03/16|19:40| 		ELEM {
|   12287|DEBUG|2018/03/16|19:40| 			NB_PROP	"10"
|   12287|DEBUG|2018/03/16|19:40| 			"v_groupexec"	""
|   12287|DEBUG|2018/03/16|19:40| 			"ID"	"JO0000000556"
|   12287|DEBUG|2018/03/16|19:40| 			"TYPE"	"1"
|   12287|DEBUG|2018/03/16|19:40| 			"V_DESC"	"purge de certains dossiers sur diférents serveurs. Tous les JO."
|   12287|DEBUG|2018/03/16|19:40| 			"V_JNAME"	"ADM_PURGE_SVR"
|   12287|DEBUG|2018/03/16|19:40| 			"XYWH"	"580 -2870 30 30"
|   12287|DEBUG|2018/03/16|19:40| 			"F_LPOS"	"1"
|   12287|DEBUG|2018/03/16|19:40| 			"URL_DOC"	""
|   12287|DEBUG|2018/03/16|19:40| 			"F_TYPE"	"0"
|   12287|DEBUG|2018/03/16|19:40| 			"F_CTYPE"	""
|   12287|DEBUG|2018/03/16|19:40| 		}
|   12287|DEBUG|2018/03/16|19:40| 		ELEM {
|   12287|DEBUG|2018/03/16|19:40| 			NB_PROP	"10"
|   12287|DEBUG|2018/03/16|19:40| 			"v_groupexec"	""
|   12287|DEBUG|2018/03/16|19:40| 			"ID"	"JO0000000557"
|   12287|DEBUG|2018/03/16|19:40| 			"TYPE"	"1"
|   12287|DEBUG|2018/03/16|19:40| 			"V_DESC"	"ZIP BDNEMETT.txt"
|   12287|DEBUG|2018/03/16|19:40| 			"V_JNAME"	"ZIP_BDNEMETT"
|   12287|DEBUG|2018/03/16|19:40| 			"XYWH"	"930 -2890 30 30"
|   12287|DEBUG|2018/03/16|19:40| 			"F_LPOS"	"1"
|   12287|DEBUG|2018/03/16|19:40| 			"URL_DOC"	""
|   12287|DEBUG|2018/03/16|19:40| 			"F_TYPE"	"0"
|   12287|DEBUG|2018/03/16|19:40| 			"F_CTYPE"	""
|   12287|DEBUG|2018/03/16|19:40| 		}
|   12287|DEBUG|2018/03/16|19:40| 		ELEM {
|   12287|DEBUG|2018/03/16|19:40| 			NB_PROP	"10"
|   12288|DEBUG|2018/03/16|19:40| 			"v_groupexec"	""
|   12288|DEBUG|2018/03/16|19:40| 			"ID"	"JO0000000558"
|   12288|DEBUG|2018/03/16|19:40| 			"TYPE"	"1"
|   12288|DEBUG|2018/03/16|19:40| 			"V_DESC"	"Transfert Interpel - Envoi du fichier BDNEMETT à la CSB. Tous les JO"
|   12288|DEBUG|2018/03/16|19:40| 			"V_JNAME"	"XFBBCIPRLAL"
|   12288|DEBUG|2018/03/16|19:40| 			"XYWH"	"930 -2830 30 30"
|   12288|DEBUG|2018/03/16|19:40| 			"F_LPOS"	"1"
|   12288|DEBUG|2018/03/16|19:40| 			"URL_DOC"	""
|   12288|DEBUG|2018/03/16|19:40| 			"F_TYPE"	"6"
|   12288|DEBUG|2018/03/16|19:40| 			"F_CTYPE"	""
|   12288|DEBUG|2018/03/16|19:40| 		}
|   12288|DEBUG|2018/03/16|19:40| 		ELEM {
|   12288|DEBUG|2018/03/16|19:40| 			NB_PROP	"10"
|   12288|DEBUG|2018/03/16|19:40| 			"v_groupexec"	""
|   12288|DEBUG|2018/03/16|19:40| 			"ID"	"JO0000000559"
|   12288|DEBUG|2018/03/16|19:40| 			"TYPE"	"1"
|   12288|DEBUG|2018/03/16|19:40| 			"V_DESC"	"Vide DOSSIER NNE_ALLER de la CSB. Tous les JO."
|   12288|DEBUG|2018/03/16|19:40| 			"V_JNAME"	"VIDE_DOSSIER_AL"
|   12288|DEBUG|2018/03/16|19:40| 			"XYWH"	"790 -2830 30 30"
|   12288|DEBUG|2018/03/16|19:40| 			"F_LPOS"	"1"
|   12288|DEBUG|2018/03/16|19:40| 			"URL_DOC"	""
|   12288|DEBUG|2018/03/16|19:40| 			"F_TYPE"	"0"
|   12288|DEBUG|2018/03/16|19:40| 			"F_CTYPE"	""
|   12288|DEBUG|2018/03/16|19:40| 		}
|   12288|DEBUG|2018/03/16|19:40| 		ELEM {
|   12288|DEBUG|2018/03/16|19:40| 			NB_PROP	"10"
|   12288|DEBUG|2018/03/16|19:40| 			"v_groupexec"	""
|   12288|DEBUG|2018/03/16|19:40| 			"ID"	"JO0000000560"
|   12288|DEBUG|2018/03/16|19:40| 			"TYPE"	"1"
|   12288|DEBUG|2018/03/16|19:40| 			"V_DESC"	"FTP BCIRECVDTA/BDNEMETT sur axway en BCIPRAL.txt"
|   12288|DEBUG|2018/03/16|19:40| 			"V_JNAME"	"FTP_BCIPRE"
|   12288|DEBUG|2018/03/16|19:40| 			"XYWH"	"790 -2890 30 30"
|   12288|DEBUG|2018/03/16|19:40| 			"F_LPOS"	"1"
|   12288|DEBUG|2018/03/16|19:40| 			"URL_DOC"	""
|   12288|DEBUG|2018/03/16|19:40| 			"F_TYPE"	"3"
|   12288|DEBUG|2018/03/16|19:40| 			"F_CTYPE"	""
|   12288|DEBUG|2018/03/16|19:40| 		}
|   12288|DEBUG|2018/03/16|19:40| 		ELEM {
|   12288|DEBUG|2018/03/16|19:40| 			NB_PROP	"10"
|   12288|DEBUG|2018/03/16|19:40| 			"v_groupexec"	""
|   12288|DEBUG|2018/03/16|19:40| 			"ID"	"JO0000000561"
|   12288|DEBUG|2018/03/16|19:40| 			"TYPE"	"1"
|   12288|DEBUG|2018/03/16|19:40| 			"V_DESC"	"renvoi du mail Cotation de la semaine "
|   12288|DEBUG|2018/03/16|19:40| 			"V_JNAME"	"MEL_COTATION"
|   12288|DEBUG|2018/03/16|19:40| 			"XYWH"	"340 2450 30 30"
|   12288|DEBUG|2018/03/16|19:40| 			"F_LPOS"	"4"
|   12288|DEBUG|2018/03/16|19:40| 			"URL_DOC"	""
|   12288|DEBUG|2018/03/16|19:40| 			"F_TYPE"	"0"
|   12288|DEBUG|2018/03/16|19:40| 			"F_CTYPE"	""
|   12288|DEBUG|2018/03/16|19:40| 		}
|   12288|DEBUG|2018/03/16|19:40| 		ELEM {
|   12288|DEBUG|2018/03/16|19:40| 			NB_PROP	"10"
|   12288|DEBUG|2018/03/16|19:40| 			"v_groupexec"	""
|   12288|DEBUG|2018/03/16|19:40| 			"ID"	"JO0000000562"
|   12288|DEBUG|2018/03/16|19:40| 			"TYPE"	"1"
|   12288|DEBUG|2018/03/16|19:40| 			"V_DESC"	"Archivage de HWN99VIS.TXT dans D:\Archive\MONEXT\HWN99VIS"
|   12288|DEBUG|2018/03/16|19:40| 			"V_JNAME"	"ARCHWN99VIS"
|   12288|DEBUG|2018/03/16|19:40| 			"XYWH"	"1170 -530 30 30"
|   12288|DEBUG|2018/03/16|19:40| 			"F_LPOS"	"0"
|   12288|DEBUG|2018/03/16|19:40| 			"URL_DOC"	""
|   12288|DEBUG|2018/03/16|19:40| 			"F_TYPE"	"0"
|   12288|DEBUG|2018/03/16|19:40| 			"F_CTYPE"	""
|   12288|DEBUG|2018/03/16|19:40| 		}
|   12288|DEBUG|2018/03/16|19:40| 		ELEM {
|   12288|DEBUG|2018/03/16|19:40| 			NB_PROP	"10"
|   12288|DEBUG|2018/03/16|19:40| 			"v_groupexec"	""
|   12288|DEBUG|2018/03/16|19:40| 			"ID"	"JO0000000563"
|   12288|DEBUG|2018/03/16|19:40| 			"TYPE"	"1"
|   12288|DEBUG|2018/03/16|19:40| 			"V_DESC"	"Transfert fichier HWN99VIS.TXT sur le serveur de fichiers. 1er JO."
|   12288|DEBUG|2018/03/16|19:40| 			"V_JNAME"	"FTPHWN99VIS"
|   12288|DEBUG|2018/03/16|19:40| 			"XYWH"	"1100 -530 30 30"
|   12288|DEBUG|2018/03/16|19:40| 			"F_LPOS"	"0"
|   12288|DEBUG|2018/03/16|19:40| 			"URL_DOC"	""
|   12288|DEBUG|2018/03/16|19:40| 			"F_TYPE"	"0"
|   12288|DEBUG|2018/03/16|19:40| 			"F_CTYPE"	""
|   12288|DEBUG|2018/03/16|19:40| 		}
|   12288|DEBUG|2018/03/16|19:40| 		ELEM {
|   12288|DEBUG|2018/03/16|19:40| 			NB_PROP	"10"
|   12288|DEBUG|2018/03/16|19:40| 			"v_groupexec"	""
|   12288|DEBUG|2018/03/16|19:40| 			"ID"	"JO0000000564"
|   12288|DEBUG|2018/03/16|19:40| 			"TYPE"	"1"
|   12288|DEBUG|2018/03/16|19:40| 			"V_DESC"	"Transfert Interpel - Recup HWN99VIS chez MONEXT. 1er JO."
|   12288|DEBUG|2018/03/16|19:40| 			"V_JNAME"	"XFBHWN99VIS"
|   12288|DEBUG|2018/03/16|19:40| 			"XYWH"	"1030 -530 30 30"
|   12288|DEBUG|2018/03/16|19:40| 			"F_LPOS"	"7"
|   12288|DEBUG|2018/03/16|19:40| 			"URL_DOC"	""
|   12288|DEBUG|2018/03/16|19:40| 			"F_TYPE"	"0"
|   12288|DEBUG|2018/03/16|19:40| 			"F_CTYPE"	""
|   12288|DEBUG|2018/03/16|19:40| 		}
|   12288|DEBUG|2018/03/16|19:40| 		ELEM {
|   12288|DEBUG|2018/03/16|19:40| 			NB_PROP	"10"
|   12288|DEBUG|2018/03/16|19:40| 			"v_groupexec"	""
|   12288|DEBUG|2018/03/16|19:40| 			"ID"	"JO0000000565"
|   12288|DEBUG|2018/03/16|19:40| 			"TYPE"	"1"
|   12288|DEBUG|2018/03/16|19:40| 			"V_DESC"	"Envoi d'un mail au service Monétique."
|   12288|DEBUG|2018/03/16|19:40| 			"V_JNAME"	"Mel_HWN99VIS"
|   12288|DEBUG|2018/03/16|19:40| 			"XYWH"	"1230 -530 30 30"
|   12288|DEBUG|2018/03/16|19:40| 			"F_LPOS"	"1"
|   12288|DEBUG|2018/03/16|19:40| 			"URL_DOC"	""
|   12288|DEBUG|2018/03/16|19:40| 			"F_TYPE"	"0"
|   12288|DEBUG|2018/03/16|19:40| 			"F_CTYPE"	""
|   12288|DEBUG|2018/03/16|19:40| 		}
|   12288|DEBUG|2018/03/16|19:40| 		ELEM {
|   12288|DEBUG|2018/03/16|19:40| 			NB_PROP	"10"
|   12288|DEBUG|2018/03/16|19:40| 			"v_groupexec"	""
|   12288|DEBUG|2018/03/16|19:40| 			"ID"	"JO0000000566"
|   12288|DEBUG|2018/03/16|19:40| 			"TYPE"	"1"
|   12288|DEBUG|2018/03/16|19:40| 			"V_DESC"	"Envoi d'un mail pour prevenir de la bonne fin de 1 partie"
|   12288|DEBUG|2018/03/16|19:40| 			"V_JNAME"	"Mel_majdev1"
|   12288|DEBUG|2018/03/16|19:40| 			"XYWH"	"-310 -2260 30 30"
|   12288|DEBUG|2018/03/16|19:40| 			"F_LPOS"	"1"
|   12288|DEBUG|2018/03/16|19:40| 			"URL_DOC"	""
|   12288|DEBUG|2018/03/16|19:40| 			"F_TYPE"	"0"
|   12288|DEBUG|2018/03/16|19:40| 			"F_CTYPE"	""
|   12288|DEBUG|2018/03/16|19:40| 		}
|   12288|DEBUG|2018/03/16|19:40| 		ELEM {
|   12288|DEBUG|2018/03/16|19:40| 			NB_PROP	"10"
|   12288|DEBUG|2018/03/16|19:40| 			"v_groupexec"	""
|   12288|DEBUG|2018/03/16|19:40| 			"ID"	"JO0000000567"
|   12288|DEBUG|2018/03/16|19:40| 			"TYPE"	"1"
|   12288|DEBUG|2018/03/16|19:40| 			"V_DESC"	"Envoi d'un mail pour prevenir de la bonne fin de 2e partie"
|   12288|DEBUG|2018/03/16|19:40| 			"V_JNAME"	"Mel_majdev2"
|   12288|DEBUG|2018/03/16|19:40| 			"XYWH"	"-200 -2030 30 30"
|   12288|DEBUG|2018/03/16|19:40| 			"F_LPOS"	"4"
|   12288|DEBUG|2018/03/16|19:40| 			"URL_DOC"	""
|   12288|DEBUG|2018/03/16|19:40| 			"F_TYPE"	"0"
|   12288|DEBUG|2018/03/16|19:40| 			"F_CTYPE"	""
|   12288|DEBUG|2018/03/16|19:40| 		}
|   12288|DEBUG|2018/03/16|19:40| 		ELEM {
|   12288|DEBUG|2018/03/16|19:40| 			NB_PROP	"10"
|   12288|DEBUG|2018/03/16|19:40| 			"v_groupexec"	""
|   12288|DEBUG|2018/03/16|19:40| 			"ID"	"JO0000000568"
|   12288|DEBUG|2018/03/16|19:40| 			"TYPE"	"1"
|   12288|DEBUG|2018/03/16|19:40| 			"V_DESC"	"controle le temoin"
|   12288|DEBUG|2018/03/16|19:40| 			"V_JNAME"	"ADM_CHK_TEM_dev2"
|   12288|DEBUG|2018/03/16|19:40| 			"XYWH"	"-120 -2200 30 30"
|   12288|DEBUG|2018/03/16|19:40| 			"F_LPOS"	"1"
|   12288|DEBUG|2018/03/16|19:40| 			"URL_DOC"	""
|   12288|DEBUG|2018/03/16|19:40| 			"F_TYPE"	"0"
|   12288|DEBUG|2018/03/16|19:40| 			"F_CTYPE"	""
|   12288|DEBUG|2018/03/16|19:40| 		}
|   12288|DEBUG|2018/03/16|19:40| 		ELEM {
|   12288|DEBUG|2018/03/16|19:40| 			NB_PROP	"10"
|   12288|DEBUG|2018/03/16|19:40| 			"v_groupexec"	""
|   12288|DEBUG|2018/03/16|19:40| 			"ID"	"JO0000000569"
|   12288|DEBUG|2018/03/16|19:40| 			"TYPE"	"1"
|   12289|DEBUG|2018/03/16|19:40| 			"V_DESC"	"controle le temoin"
|   12289|DEBUG|2018/03/16|19:40| 			"V_JNAME"	"ADM_CHK_TEM_dev1"
|   12289|DEBUG|2018/03/16|19:40| 			"XYWH"	"-260 -2320 30 30"
|   12289|DEBUG|2018/03/16|19:40| 			"F_LPOS"	"1"
|   12289|DEBUG|2018/03/16|19:40| 			"URL_DOC"	""
|   12289|DEBUG|2018/03/16|19:40| 			"F_TYPE"	"0"
|   12289|DEBUG|2018/03/16|19:40| 			"F_CTYPE"	""
|   12289|DEBUG|2018/03/16|19:40| 		}
|   12289|DEBUG|2018/03/16|19:40| 		ELEM {
|   12289|DEBUG|2018/03/16|19:40| 			NB_PROP	"10"
|   12289|DEBUG|2018/03/16|19:40| 			"v_groupexec"	""
|   12289|DEBUG|2018/03/16|19:40| 			"ID"	"JO0000000570"
|   12289|DEBUG|2018/03/16|19:40| 			"TYPE"	"1"
|   12289|DEBUG|2018/03/16|19:40| 			"V_DESC"	"controle le temoin"
|   12289|DEBUG|2018/03/16|19:40| 			"V_JNAME"	"ADM_CHK_TEM_flux"
|   12289|DEBUG|2018/03/16|19:40| 			"XYWH"	"-120 -680 30 30"
|   12289|DEBUG|2018/03/16|19:40| 			"F_LPOS"	"1"
|   12289|DEBUG|2018/03/16|19:40| 			"URL_DOC"	""
|   12289|DEBUG|2018/03/16|19:40| 			"F_TYPE"	"0"
|   12289|DEBUG|2018/03/16|19:40| 			"F_CTYPE"	""
|   12289|DEBUG|2018/03/16|19:40| 		}
|   12289|DEBUG|2018/03/16|19:40| 		ELEM {
|   12289|DEBUG|2018/03/16|19:40| 			NB_PROP	"10"
|   12289|DEBUG|2018/03/16|19:40| 			"v_groupexec"	""
|   12289|DEBUG|2018/03/16|19:40| 			"ID"	"JO0000000571"
|   12289|DEBUG|2018/03/16|19:40| 			"TYPE"	"1"
|   12289|DEBUG|2018/03/16|19:40| 			"V_DESC"	"Envoi d'un mail pour prevenir de la bonne fin du traitement des flux"
|   12289|DEBUG|2018/03/16|19:40| 			"V_JNAME"	"Mel_flux"
|   12289|DEBUG|2018/03/16|19:40| 			"XYWH"	"40 -650 30 30"
|   12289|DEBUG|2018/03/16|19:40| 			"F_LPOS"	"1"
|   12289|DEBUG|2018/03/16|19:40| 			"URL_DOC"	""
|   12289|DEBUG|2018/03/16|19:40| 			"F_TYPE"	"0"
|   12289|DEBUG|2018/03/16|19:40| 			"F_CTYPE"	""
|   12289|DEBUG|2018/03/16|19:40| 		}
|   12289|DEBUG|2018/03/16|19:40| 		ELEM {
|   12289|DEBUG|2018/03/16|19:40| 			NB_PROP	"10"
|   12289|DEBUG|2018/03/16|19:40| 			"v_groupexec"	""
|   12289|DEBUG|2018/03/16|19:40| 			"ID"	"JO0000000572"
|   12289|DEBUG|2018/03/16|19:40| 			"TYPE"	"1"
|   12289|DEBUG|2018/03/16|19:40| 			"V_DESC"	"controle le temoin"
|   12289|DEBUG|2018/03/16|19:40| 			"V_JNAME"	"ADM_CHK_TEM_1p"
|   12289|DEBUG|2018/03/16|19:40| 			"XYWH"	"730 -650 30 30"
|   12289|DEBUG|2018/03/16|19:40| 			"F_LPOS"	"1"
|   12289|DEBUG|2018/03/16|19:40| 			"URL_DOC"	""
|   12289|DEBUG|2018/03/16|19:40| 			"F_TYPE"	"0"
|   12289|DEBUG|2018/03/16|19:40| 			"F_CTYPE"	""
|   12289|DEBUG|2018/03/16|19:40| 		}
|   12289|DEBUG|2018/03/16|19:40| 		ELEM {
|   12289|DEBUG|2018/03/16|19:40| 			NB_PROP	"10"
|   12289|DEBUG|2018/03/16|19:40| 			"v_groupexec"	""
|   12289|DEBUG|2018/03/16|19:40| 			"ID"	"JO0000000573"
|   12289|DEBUG|2018/03/16|19:40| 			"TYPE"	"1"
|   12289|DEBUG|2018/03/16|19:40| 			"V_DESC"	"controle le temoin"
|   12289|DEBUG|2018/03/16|19:40| 			"V_JNAME"	"ADM_CHK_TEM_2p"
|   12289|DEBUG|2018/03/16|19:40| 			"XYWH"	"340 -600 30 30"
|   12289|DEBUG|2018/03/16|19:40| 			"F_LPOS"	"1"
|   12289|DEBUG|2018/03/16|19:40| 			"URL_DOC"	""
|   12289|DEBUG|2018/03/16|19:40| 			"F_TYPE"	"0"
|   12289|DEBUG|2018/03/16|19:40| 			"F_CTYPE"	""
|   12289|DEBUG|2018/03/16|19:40| 		}
|   12289|DEBUG|2018/03/16|19:40| 		ELEM {
|   12289|DEBUG|2018/03/16|19:40| 			NB_PROP	"10"
|   12289|DEBUG|2018/03/16|19:40| 			"v_groupexec"	""
|   12289|DEBUG|2018/03/16|19:40| 			"ID"	"JO0000000574"
|   12289|DEBUG|2018/03/16|19:40| 			"TYPE"	"1"
|   12289|DEBUG|2018/03/16|19:40| 			"V_DESC"	"Envoi d'un mail pour prevenir de la bonne fin du traitement du 1p"
|   12289|DEBUG|2018/03/16|19:40| 			"V_JNAME"	"Mel_1p"
|   12289|DEBUG|2018/03/16|19:40| 			"XYWH"	"780 -630 30 30"
|   12289|DEBUG|2018/03/16|19:40| 			"F_LPOS"	"1"
|   12289|DEBUG|2018/03/16|19:40| 			"URL_DOC"	""
|   12289|DEBUG|2018/03/16|19:40| 			"F_TYPE"	"0"
|   12289|DEBUG|2018/03/16|19:40| 			"F_CTYPE"	""
|   12289|DEBUG|2018/03/16|19:40| 		}
|   12289|DEBUG|2018/03/16|19:40| 		ELEM {
|   12289|DEBUG|2018/03/16|19:40| 			NB_PROP	"10"
|   12289|DEBUG|2018/03/16|19:40| 			"v_groupexec"	""
|   12289|DEBUG|2018/03/16|19:40| 			"ID"	"JO0000000575"
|   12289|DEBUG|2018/03/16|19:40| 			"TYPE"	"1"
|   12289|DEBUG|2018/03/16|19:40| 			"V_DESC"	"Envoi d'un mail pour prevenir de la bonne fin du traitement du 2p"
|   12289|DEBUG|2018/03/16|19:40| 			"V_JNAME"	"Mel_2p"
|   12289|DEBUG|2018/03/16|19:40| 			"XYWH"	"380 -570 30 30"
|   12289|DEBUG|2018/03/16|19:40| 			"F_LPOS"	"1"
|   12289|DEBUG|2018/03/16|19:40| 			"URL_DOC"	""
|   12289|DEBUG|2018/03/16|19:40| 			"F_TYPE"	"0"
|   12289|DEBUG|2018/03/16|19:40| 			"F_CTYPE"	""
|   12289|DEBUG|2018/03/16|19:40| 		}
|   12289|DEBUG|2018/03/16|19:40| 		ELEM {
|   12289|DEBUG|2018/03/16|19:40| 			NB_PROP	"10"
|   12289|DEBUG|2018/03/16|19:40| 			"v_groupexec"	""
|   12289|DEBUG|2018/03/16|19:40| 			"ID"	"JO0000000576"
|   12289|DEBUG|2018/03/16|19:40| 			"TYPE"	"1"
|   12289|DEBUG|2018/03/16|19:40| 			"V_DESC"	"controle le temoin"
|   12289|DEBUG|2018/03/16|19:40| 			"V_JNAME"	"ADM_CHK_TEM_3p"
|   12289|DEBUG|2018/03/16|19:40| 			"XYWH"	"490 -330 30 30"
|   12289|DEBUG|2018/03/16|19:40| 			"F_LPOS"	"1"
|   12289|DEBUG|2018/03/16|19:40| 			"URL_DOC"	""
|   12289|DEBUG|2018/03/16|19:40| 			"F_TYPE"	"0"
|   12289|DEBUG|2018/03/16|19:40| 			"F_CTYPE"	""
|   12289|DEBUG|2018/03/16|19:40| 		}
|   12289|DEBUG|2018/03/16|19:40| 		ELEM {
|   12289|DEBUG|2018/03/16|19:40| 			NB_PROP	"10"
|   12289|DEBUG|2018/03/16|19:40| 			"v_groupexec"	""
|   12289|DEBUG|2018/03/16|19:40| 			"ID"	"JO0000000577"
|   12289|DEBUG|2018/03/16|19:40| 			"TYPE"	"1"
|   12289|DEBUG|2018/03/16|19:40| 			"V_DESC"	"Envoi d'un mail pour prevenir de la bonne fin du traitement du 3p"
|   12289|DEBUG|2018/03/16|19:40| 			"V_JNAME"	"Mel_3p"
|   12289|DEBUG|2018/03/16|19:40| 			"XYWH"	"590 -320 30 30"
|   12289|DEBUG|2018/03/16|19:40| 			"F_LPOS"	"1"
|   12289|DEBUG|2018/03/16|19:40| 			"URL_DOC"	""
|   12289|DEBUG|2018/03/16|19:40| 			"F_TYPE"	"0"
|   12289|DEBUG|2018/03/16|19:40| 			"F_CTYPE"	""
|   12289|DEBUG|2018/03/16|19:40| 		}
|   12289|DEBUG|2018/03/16|19:40| 		ELEM {
|   12289|DEBUG|2018/03/16|19:40| 			NB_PROP	"10"
|   12289|DEBUG|2018/03/16|19:40| 			"v_groupexec"	""
|   12289|DEBUG|2018/03/16|19:40| 			"ID"	"JO0000000578"
|   12289|DEBUG|2018/03/16|19:40| 			"TYPE"	"1"
|   12289|DEBUG|2018/03/16|19:40| 			"V_DESC"	"controle le temoin"
|   12289|DEBUG|2018/03/16|19:40| 			"V_JNAME"	"ADM_CHK_TEM_AS"
|   12289|DEBUG|2018/03/16|19:40| 			"XYWH"	"770 -310 30 30"
|   12289|DEBUG|2018/03/16|19:40| 			"F_LPOS"	"1"
|   12289|DEBUG|2018/03/16|19:40| 			"URL_DOC"	""
|   12289|DEBUG|2018/03/16|19:40| 			"F_TYPE"	"0"
|   12289|DEBUG|2018/03/16|19:40| 			"F_CTYPE"	""
|   12289|DEBUG|2018/03/16|19:40| 		}
|   12289|DEBUG|2018/03/16|19:40| 		ELEM {
|   12289|DEBUG|2018/03/16|19:40| 			NB_PROP	"10"
|   12289|DEBUG|2018/03/16|19:40| 			"v_groupexec"	""
|   12289|DEBUG|2018/03/16|19:40| 			"ID"	"JO0000000579"
|   12289|DEBUG|2018/03/16|19:40| 			"TYPE"	"1"
|   12289|DEBUG|2018/03/16|19:40| 			"V_DESC"	"Envoi d'un mail pour prevenir de la bonne fin du traitement du AS"
|   12289|DEBUG|2018/03/16|19:40| 			"V_JNAME"	"Mel_AS"
|   12289|DEBUG|2018/03/16|19:40| 			"XYWH"	"800 -270 30 30"
|   12289|DEBUG|2018/03/16|19:40| 			"F_LPOS"	"1"
|   12289|DEBUG|2018/03/16|19:40| 			"URL_DOC"	""
|   12289|DEBUG|2018/03/16|19:40| 			"F_TYPE"	"0"
|   12289|DEBUG|2018/03/16|19:40| 			"F_CTYPE"	""
|   12289|DEBUG|2018/03/16|19:40| 		}
|   12289|DEBUG|2018/03/16|19:40| 		ELEM {
|   12289|DEBUG|2018/03/16|19:40| 			NB_PROP	"10"
|   12289|DEBUG|2018/03/16|19:40| 			"v_groupexec"	""
|   12289|DEBUG|2018/03/16|19:40| 			"ID"	"JO0000000580"
|   12289|DEBUG|2018/03/16|19:40| 			"TYPE"	"1"
|   12289|DEBUG|2018/03/16|19:40| 			"V_DESC"	"controle le temoin"
|   12289|DEBUG|2018/03/16|19:40| 			"V_JNAME"	"ADM_CHK_TEM_RS"
|   12289|DEBUG|2018/03/16|19:40| 			"XYWH"	"-530 140 30 30"
|   12289|DEBUG|2018/03/16|19:40| 			"F_LPOS"	"1"
|   12290|DEBUG|2018/03/16|19:40| 			"URL_DOC"	""
|   12290|DEBUG|2018/03/16|19:40| 			"F_TYPE"	"0"
|   12290|DEBUG|2018/03/16|19:40| 			"F_CTYPE"	""
|   12290|DEBUG|2018/03/16|19:40| 		}
|   12290|DEBUG|2018/03/16|19:40| 		ELEM {
|   12290|DEBUG|2018/03/16|19:40| 			NB_PROP	"10"
|   12290|DEBUG|2018/03/16|19:40| 			"v_groupexec"	""
|   12290|DEBUG|2018/03/16|19:40| 			"ID"	"JO0000000581"
|   12290|DEBUG|2018/03/16|19:40| 			"TYPE"	"1"
|   12290|DEBUG|2018/03/16|19:40| 			"V_DESC"	"controle le temoin"
|   12290|DEBUG|2018/03/16|19:40| 			"V_JNAME"	"ADM_CHK_TEM_RSIENC"
|   12290|DEBUG|2018/03/16|19:40| 			"XYWH"	"390 1520 30 30"
|   12290|DEBUG|2018/03/16|19:40| 			"F_LPOS"	"1"
|   12290|DEBUG|2018/03/16|19:40| 			"URL_DOC"	""
|   12290|DEBUG|2018/03/16|19:40| 			"F_TYPE"	"0"
|   12290|DEBUG|2018/03/16|19:40| 			"F_CTYPE"	""
|   12290|DEBUG|2018/03/16|19:40| 		}
|   12290|DEBUG|2018/03/16|19:40| 		ELEM {
|   12290|DEBUG|2018/03/16|19:40| 			NB_PROP	"10"
|   12290|DEBUG|2018/03/16|19:40| 			"v_groupexec"	""
|   12290|DEBUG|2018/03/16|19:40| 			"ID"	"JO0000000582"
|   12290|DEBUG|2018/03/16|19:40| 			"TYPE"	"1"
|   12290|DEBUG|2018/03/16|19:40| 			"V_DESC"	"Envoi d'un mail pour prevenir de la bonne fin du traitement du RS"
|   12290|DEBUG|2018/03/16|19:40| 			"V_JNAME"	"Mel_RS"
|   12290|DEBUG|2018/03/16|19:40| 			"XYWH"	"-530 200 30 30"
|   12290|DEBUG|2018/03/16|19:40| 			"F_LPOS"	"1"
|   12290|DEBUG|2018/03/16|19:40| 			"URL_DOC"	""
|   12290|DEBUG|2018/03/16|19:40| 			"F_TYPE"	"0"
|   12290|DEBUG|2018/03/16|19:40| 			"F_CTYPE"	""
|   12290|DEBUG|2018/03/16|19:40| 		}
|   12290|DEBUG|2018/03/16|19:40| 		ELEM {
|   12290|DEBUG|2018/03/16|19:40| 			NB_PROP	"10"
|   12290|DEBUG|2018/03/16|19:40| 			"v_groupexec"	""
|   12290|DEBUG|2018/03/16|19:40| 			"ID"	"JO0000000583"
|   12290|DEBUG|2018/03/16|19:40| 			"TYPE"	"1"
|   12290|DEBUG|2018/03/16|19:40| 			"V_DESC"	"Envoi d'un mail pour prevenir de la bonne fin du traitement du RSIENC"
|   12290|DEBUG|2018/03/16|19:40| 			"V_JNAME"	"Mel_RSIENC"
|   12290|DEBUG|2018/03/16|19:40| 			"XYWH"	"390 1560 30 30"
|   12290|DEBUG|2018/03/16|19:40| 			"F_LPOS"	"1"
|   12290|DEBUG|2018/03/16|19:40| 			"URL_DOC"	""
|   12290|DEBUG|2018/03/16|19:40| 			"F_TYPE"	"0"
|   12290|DEBUG|2018/03/16|19:40| 			"F_CTYPE"	""
|   12290|DEBUG|2018/03/16|19:40| 		}
|   12290|DEBUG|2018/03/16|19:40| 		ELEM {
|   12290|DEBUG|2018/03/16|19:40| 			NB_PROP	"10"
|   12290|DEBUG|2018/03/16|19:40| 			"v_groupexec"	""
|   12290|DEBUG|2018/03/16|19:40| 			"ID"	"JO0000000584"
|   12290|DEBUG|2018/03/16|19:40| 			"TYPE"	"1"
|   12290|DEBUG|2018/03/16|19:40| 			"V_DESC"	"controle le temoin"
|   12290|DEBUG|2018/03/16|19:40| 			"V_JNAME"	"ADM_CHK_TEM_RSIT"
|   12290|DEBUG|2018/03/16|19:40| 			"XYWH"	"130 30 30 30"
|   12290|DEBUG|2018/03/16|19:40| 			"F_LPOS"	"7"
|   12290|DEBUG|2018/03/16|19:40| 			"URL_DOC"	""
|   12290|DEBUG|2018/03/16|19:40| 			"F_TYPE"	"0"
|   12290|DEBUG|2018/03/16|19:40| 			"F_CTYPE"	""
|   12290|DEBUG|2018/03/16|19:40| 		}
|   12290|DEBUG|2018/03/16|19:40| 		ELEM {
|   12290|DEBUG|2018/03/16|19:40| 			NB_PROP	"10"
|   12290|DEBUG|2018/03/16|19:40| 			"v_groupexec"	""
|   12290|DEBUG|2018/03/16|19:40| 			"ID"	"JO0000000585"
|   12290|DEBUG|2018/03/16|19:40| 			"TYPE"	"1"
|   12290|DEBUG|2018/03/16|19:40| 			"V_DESC"	"Envoi d'un mail pour prevenir de la bonne fin du traitement du RSIT"
|   12290|DEBUG|2018/03/16|19:40| 			"V_JNAME"	"Mel_RSIT"
|   12290|DEBUG|2018/03/16|19:40| 			"XYWH"	"130 -70 30 30"
|   12290|DEBUG|2018/03/16|19:40| 			"F_LPOS"	"1"
|   12290|DEBUG|2018/03/16|19:40| 			"URL_DOC"	""
|   12290|DEBUG|2018/03/16|19:40| 			"F_TYPE"	"0"
|   12290|DEBUG|2018/03/16|19:40| 			"F_CTYPE"	""
|   12290|DEBUG|2018/03/16|19:40| 		}
|   12290|DEBUG|2018/03/16|19:40| 		ELEM {
|   12290|DEBUG|2018/03/16|19:40| 			NB_PROP	"10"
|   12290|DEBUG|2018/03/16|19:40| 			"v_groupexec"	""
|   12290|DEBUG|2018/03/16|19:40| 			"ID"	"JO0000000586"
|   12290|DEBUG|2018/03/16|19:40| 			"TYPE"	"1"
|   12290|DEBUG|2018/03/16|19:40| 			"V_DESC"	"Tous les JO."
|   12290|DEBUG|2018/03/16|19:40| 			"V_JNAME"	"VALIDE_SIT"
|   12290|DEBUG|2018/03/16|19:40| 			"XYWH"	"370 720 30 30"
|   12290|DEBUG|2018/03/16|19:40| 			"F_LPOS"	"1"
|   12290|DEBUG|2018/03/16|19:40| 			"URL_DOC"	""
|   12290|DEBUG|2018/03/16|19:40| 			"F_TYPE"	"3"
|   12290|DEBUG|2018/03/16|19:40| 			"F_CTYPE"	""
|   12290|DEBUG|2018/03/16|19:40| 		}
|   12290|DEBUG|2018/03/16|19:40| 		ELEM {
|   12290|DEBUG|2018/03/16|19:40| 			NB_PROP	"10"
|   12290|DEBUG|2018/03/16|19:40| 			"v_groupexec"	""
|   12290|DEBUG|2018/03/16|19:40| 			"ID"	"JO0000000587"
|   12290|DEBUG|2018/03/16|19:40| 			"TYPE"	"1"
|   12290|DEBUG|2018/03/16|19:40| 			"V_DESC"	"controle le temoin"
|   12290|DEBUG|2018/03/16|19:40| 			"V_JNAME"	"ADM_CHK_TEM_ASIT"
|   12290|DEBUG|2018/03/16|19:40| 			"XYWH"	"30 550 30 30"
|   12290|DEBUG|2018/03/16|19:40| 			"F_LPOS"	"1"
|   12290|DEBUG|2018/03/16|19:40| 			"URL_DOC"	""
|   12290|DEBUG|2018/03/16|19:40| 			"F_TYPE"	"0"
|   12290|DEBUG|2018/03/16|19:40| 			"F_CTYPE"	""
|   12290|DEBUG|2018/03/16|19:40| 		}
|   12290|DEBUG|2018/03/16|19:40| 		ELEM {
|   12290|DEBUG|2018/03/16|19:40| 			NB_PROP	"10"
|   12290|DEBUG|2018/03/16|19:40| 			"v_groupexec"	""
|   12290|DEBUG|2018/03/16|19:40| 			"ID"	"JO0000000588"
|   12290|DEBUG|2018/03/16|19:40| 			"TYPE"	"1"
|   12290|DEBUG|2018/03/16|19:40| 			"V_DESC"	"Envoi d'un mail pour prevenir de la bonne fin du traitement du ASIT"
|   12290|DEBUG|2018/03/16|19:40| 			"V_JNAME"	"Mel_ASIT"
|   12290|DEBUG|2018/03/16|19:40| 			"XYWH"	"30 650 30 30"
|   12290|DEBUG|2018/03/16|19:40| 			"F_LPOS"	"1"
|   12290|DEBUG|2018/03/16|19:40| 			"URL_DOC"	""
|   12290|DEBUG|2018/03/16|19:40| 			"F_TYPE"	"0"
|   12290|DEBUG|2018/03/16|19:40| 			"F_CTYPE"	""
|   12290|DEBUG|2018/03/16|19:40| 		}
|   12290|DEBUG|2018/03/16|19:40| 		ELEM {
|   12290|DEBUG|2018/03/16|19:40| 			NB_PROP	"10"
|   12290|DEBUG|2018/03/16|19:40| 			"v_groupexec"	""
|   12290|DEBUG|2018/03/16|19:40| 			"ID"	"JO0000000589"
|   12290|DEBUG|2018/03/16|19:40| 			"TYPE"	"1"
|   12290|DEBUG|2018/03/16|19:40| 			"V_DESC"	"Envoi d'un mail pour prevenir de la bonne fin du traitement NOSIT"
|   12290|DEBUG|2018/03/16|19:40| 			"V_JNAME"	"Mel_NOSIT"
|   12290|DEBUG|2018/03/16|19:40| 			"XYWH"	"100 590 30 30"
|   12290|DEBUG|2018/03/16|19:40| 			"F_LPOS"	"1"
|   12290|DEBUG|2018/03/16|19:40| 			"URL_DOC"	""
|   12290|DEBUG|2018/03/16|19:40| 			"F_TYPE"	"0"
|   12290|DEBUG|2018/03/16|19:40| 			"F_CTYPE"	""
|   12290|DEBUG|2018/03/16|19:40| 		}
|   12290|DEBUG|2018/03/16|19:40| 		ELEM {
|   12290|DEBUG|2018/03/16|19:40| 			NB_PROP	"10"
|   12290|DEBUG|2018/03/16|19:40| 			"v_groupexec"	""
|   12290|DEBUG|2018/03/16|19:40| 			"ID"	"JO0000000590"
|   12290|DEBUG|2018/03/16|19:40| 			"TYPE"	"1"
|   12290|DEBUG|2018/03/16|19:40| 			"V_DESC"	"controle le temoin"
|   12290|DEBUG|2018/03/16|19:40| 			"V_JNAME"	"ADM_CHK_TEM_ASEPA"
|   12290|DEBUG|2018/03/16|19:40| 			"XYWH"	"-470 620 30 30"
|   12290|DEBUG|2018/03/16|19:40| 			"F_LPOS"	"1"
|   12290|DEBUG|2018/03/16|19:40| 			"URL_DOC"	""
|   12290|DEBUG|2018/03/16|19:40| 			"F_TYPE"	"0"
|   12290|DEBUG|2018/03/16|19:40| 			"F_CTYPE"	""
|   12290|DEBUG|2018/03/16|19:40| 		}
|   12290|DEBUG|2018/03/16|19:40| 		ELEM {
|   12290|DEBUG|2018/03/16|19:40| 			NB_PROP	"10"
|   12290|DEBUG|2018/03/16|19:40| 			"v_groupexec"	""
|   12290|DEBUG|2018/03/16|19:40| 			"ID"	"JO0000000591"
|   12290|DEBUG|2018/03/16|19:40| 			"TYPE"	"1"
|   12290|DEBUG|2018/03/16|19:40| 			"V_DESC"	"Envoi d'un mail pour prevenir de la bonne fin du traitement ASEPA"
|   12290|DEBUG|2018/03/16|19:40| 			"V_JNAME"	"Mel_ASEPA"
|   12290|DEBUG|2018/03/16|19:40| 			"XYWH"	"-470 740 30 30"
|   12290|DEBUG|2018/03/16|19:40| 			"F_LPOS"	"1"
|   12290|DEBUG|2018/03/16|19:40| 			"URL_DOC"	""
|   12290|DEBUG|2018/03/16|19:40| 			"F_TYPE"	"0"
|   12290|DEBUG|2018/03/16|19:40| 			"F_CTYPE"	""
|   12290|DEBUG|2018/03/16|19:40| 		}
|   12290|DEBUG|2018/03/16|19:40| 		ELEM {
|   12290|DEBUG|2018/03/16|19:40| 			NB_PROP	"10"
|   12290|DEBUG|2018/03/16|19:40| 			"v_groupexec"	""
|   12290|DEBUG|2018/03/16|19:40| 			"ID"	"JO0000000592"
|   12291|DEBUG|2018/03/16|19:40| 			"TYPE"	"1"
|   12291|DEBUG|2018/03/16|19:40| 			"V_DESC"	"Tous les JO."
|   12291|DEBUG|2018/03/16|19:40| 			"V_JNAME"	"VALIDE_NOS"
|   12291|DEBUG|2018/03/16|19:40| 			"XYWH"	"170 650 30 30"
|   12291|DEBUG|2018/03/16|19:40| 			"F_LPOS"	"1"
|   12291|DEBUG|2018/03/16|19:40| 			"URL_DOC"	""
|   12291|DEBUG|2018/03/16|19:40| 			"F_TYPE"	"3"
|   12291|DEBUG|2018/03/16|19:40| 			"F_CTYPE"	""
|   12291|DEBUG|2018/03/16|19:40| 		}
|   12291|DEBUG|2018/03/16|19:40| 		ELEM {
|   12291|DEBUG|2018/03/16|19:40| 			NB_PROP	"10"
|   12291|DEBUG|2018/03/16|19:40| 			"v_groupexec"	""
|   12291|DEBUG|2018/03/16|19:40| 			"ID"	"JO0000000593"
|   12291|DEBUG|2018/03/16|19:40| 			"TYPE"	"1"
|   12291|DEBUG|2018/03/16|19:40| 			"V_DESC"	"Supprime "\\axway-prd\MenuSIE\Temoins_SIE_JOB_DEMANDE\Aller SIT.tem""
|   12291|DEBUG|2018/03/16|19:40| 			"V_JNAME"	"DELtem"
|   12291|DEBUG|2018/03/16|19:40| 			"XYWH"	"480 660 30 30"
|   12291|DEBUG|2018/03/16|19:40| 			"F_LPOS"	"1"
|   12291|DEBUG|2018/03/16|19:40| 			"URL_DOC"	""
|   12291|DEBUG|2018/03/16|19:40| 			"F_TYPE"	"0"
|   12291|DEBUG|2018/03/16|19:40| 			"F_CTYPE"	""
|   12291|DEBUG|2018/03/16|19:40| 		}
|   12291|DEBUG|2018/03/16|19:40| 		ELEM {
|   12291|DEBUG|2018/03/16|19:40| 			NB_PROP	"10"
|   12291|DEBUG|2018/03/16|19:40| 			"v_groupexec"	""
|   12291|DEBUG|2018/03/16|19:40| 			"ID"	"JO0000000594"
|   12291|DEBUG|2018/03/16|19:40| 			"TYPE"	"1"
|   12291|DEBUG|2018/03/16|19:40| 			"V_DESC"	"controle le temoin"
|   12291|DEBUG|2018/03/16|19:40| 			"V_JNAME"	"ADM_CHK_TEM_RECPT"
|   12291|DEBUG|2018/03/16|19:40| 			"XYWH"	"650 2450 30 30"
|   12291|DEBUG|2018/03/16|19:40| 			"F_LPOS"	"1"
|   12291|DEBUG|2018/03/16|19:40| 			"URL_DOC"	""
|   12291|DEBUG|2018/03/16|19:40| 			"F_TYPE"	"0"
|   12291|DEBUG|2018/03/16|19:40| 			"F_CTYPE"	""
|   12291|DEBUG|2018/03/16|19:40| 		}
|   12291|DEBUG|2018/03/16|19:40| 		ELEM {
|   12291|DEBUG|2018/03/16|19:40| 			NB_PROP	"10"
|   12291|DEBUG|2018/03/16|19:40| 			"v_groupexec"	""
|   12291|DEBUG|2018/03/16|19:40| 			"ID"	"JO0000000595"
|   12291|DEBUG|2018/03/16|19:40| 			"TYPE"	"1"
|   12291|DEBUG|2018/03/16|19:40| 			"V_DESC"	"Envoi d'un mail pour prevenir de la bonne fin du traitement du Envoi RSCPT"
|   12291|DEBUG|2018/03/16|19:40| 			"V_JNAME"	"Mel_RSCPT"
|   12291|DEBUG|2018/03/16|19:40| 			"XYWH"	"650 2510 30 30"
|   12291|DEBUG|2018/03/16|19:40| 			"F_LPOS"	"1"
|   12291|DEBUG|2018/03/16|19:40| 			"URL_DOC"	""
|   12291|DEBUG|2018/03/16|19:40| 			"F_TYPE"	"0"
|   12291|DEBUG|2018/03/16|19:40| 			"F_CTYPE"	""
|   12291|DEBUG|2018/03/16|19:40| 		}
|   12291|DEBUG|2018/03/16|19:40| 		ELEM {
|   12291|DEBUG|2018/03/16|19:40| 			NB_PROP	"10"
|   12291|DEBUG|2018/03/16|19:40| 			"v_groupexec"	""
|   12291|DEBUG|2018/03/16|19:40| 			"ID"	"JO0000000596"
|   12291|DEBUG|2018/03/16|19:40| 			"TYPE"	"1"
|   12291|DEBUG|2018/03/16|19:40| 			"V_DESC"	"Envoi d'un mail pour prevenir de la bonne fin du traitement NORSCPT"
|   12291|DEBUG|2018/03/16|19:40| 			"V_JNAME"	"Mel_NORCPT"
|   12291|DEBUG|2018/03/16|19:40| 			"XYWH"	"800 2450 30 30"
|   12291|DEBUG|2018/03/16|19:40| 			"F_LPOS"	"1"
|   12291|DEBUG|2018/03/16|19:40| 			"URL_DOC"	""
|   12291|DEBUG|2018/03/16|19:40| 			"F_TYPE"	"0"
|   12291|DEBUG|2018/03/16|19:40| 			"F_CTYPE"	""
|   12291|DEBUG|2018/03/16|19:40| 		}
|   12291|DEBUG|2018/03/16|19:40| 		ELEM {
|   12291|DEBUG|2018/03/16|19:40| 			NB_PROP	"10"
|   12291|DEBUG|2018/03/16|19:40| 			"v_groupexec"	""
|   12291|DEBUG|2018/03/16|19:40| 			"ID"	"JO0000000597"
|   12291|DEBUG|2018/03/16|19:40| 			"TYPE"	"1"
|   12291|DEBUG|2018/03/16|19:40| 			"V_DESC"	"Supprime "\\axway-prd\MenuSIE\Temoins_SIE_JOB_DEMANDE\REESCOMPTE.tem""
|   12291|DEBUG|2018/03/16|19:40| 			"V_JNAME"	"DELtem_RSCPT"
|   12291|DEBUG|2018/03/16|19:40| 			"XYWH"	"650 2930 30 30"
|   12291|DEBUG|2018/03/16|19:40| 			"F_LPOS"	"1"
|   12291|DEBUG|2018/03/16|19:40| 			"URL_DOC"	""
|   12291|DEBUG|2018/03/16|19:40| 			"F_TYPE"	"0"
|   12291|DEBUG|2018/03/16|19:40| 			"F_CTYPE"	""
|   12291|DEBUG|2018/03/16|19:40| 		}
|   12291|DEBUG|2018/03/16|19:40| 		ELEM {
|   12291|DEBUG|2018/03/16|19:40| 			NB_PROP	"10"
|   12291|DEBUG|2018/03/16|19:40| 			"v_groupexec"	""
|   12291|DEBUG|2018/03/16|19:40| 			"ID"	"JO0000000598"
|   12291|DEBUG|2018/03/16|19:40| 			"TYPE"	"1"
|   12291|DEBUG|2018/03/16|19:40| 			"V_DESC"	"Suivi du réescompte. Tous les jeudis (le jour ouvré après le trt de la disquette Cotation BDF) . Fin de semaine."
|   12291|DEBUG|2018/03/16|19:40| 			"V_JNAME"	"BCMOBILI2C"
|   12291|DEBUG|2018/03/16|19:40| 			"XYWH"	"390 2620 30 30"
|   12291|DEBUG|2018/03/16|19:40| 			"F_LPOS"	"1"
|   12291|DEBUG|2018/03/16|19:40| 			"URL_DOC"	""
|   12291|DEBUG|2018/03/16|19:40| 			"F_TYPE"	"3"
|   12291|DEBUG|2018/03/16|19:40| 			"F_CTYPE"	""
|   12291|DEBUG|2018/03/16|19:40| 		}
|   12291|DEBUG|2018/03/16|19:40| 		ELEM {
|   12291|DEBUG|2018/03/16|19:40| 			NB_PROP	"10"
|   12291|DEBUG|2018/03/16|19:40| 			"v_groupexec"	""
|   12291|DEBUG|2018/03/16|19:40| 			"ID"	"JO0000000599"
|   12291|DEBUG|2018/03/16|19:40| 			"TYPE"	"1"
|   12291|DEBUG|2018/03/16|19:40| 			"V_DESC"	"Permet de gerer des fichiers. Tous les JO."
|   12291|DEBUG|2018/03/16|19:40| 			"V_JNAME"	"JOBXFILE"
|   12291|DEBUG|2018/03/16|19:40| 			"XYWH"	"650 -2700 30 30"
|   12291|DEBUG|2018/03/16|19:40| 			"F_LPOS"	"1"
|   12291|DEBUG|2018/03/16|19:40| 			"URL_DOC"	""
|   12291|DEBUG|2018/03/16|19:40| 			"F_TYPE"	"0"
|   12291|DEBUG|2018/03/16|19:40| 			"F_CTYPE"	""
|   12291|DEBUG|2018/03/16|19:40| 		}
|   12291|DEBUG|2018/03/16|19:40| 		ELEM {
|   12291|DEBUG|2018/03/16|19:40| 			NB_PROP	"10"
|   12291|DEBUG|2018/03/16|19:40| 			"v_groupexec"	""
|   12291|DEBUG|2018/03/16|19:40| 			"ID"	"JO0000000600"
|   12291|DEBUG|2018/03/16|19:40| 			"TYPE"	"1"
|   12291|DEBUG|2018/03/16|19:40| 			"V_DESC"	"Controle fichier + que 2 lignes. Tous les JO."
|   12291|DEBUG|2018/03/16|19:40| 			"V_JNAME"	"CTRL_SIT"
|   12291|DEBUG|2018/03/16|19:40| 			"XYWH"	"200 30 30 30"
|   12291|DEBUG|2018/03/16|19:40| 			"F_LPOS"	"1"
|   12291|DEBUG|2018/03/16|19:40| 			"URL_DOC"	""
|   12291|DEBUG|2018/03/16|19:40| 			"F_TYPE"	"0"
|   12291|DEBUG|2018/03/16|19:40| 			"F_CTYPE"	""
|   12291|DEBUG|2018/03/16|19:40| 		}
|   12291|DEBUG|2018/03/16|19:40| 		ELEM {
|   12291|DEBUG|2018/03/16|19:40| 			NB_PROP	"10"
|   12291|DEBUG|2018/03/16|19:40| 			"v_groupexec"	""
|   12291|DEBUG|2018/03/16|19:40| 			"ID"	"JO0000000601"
|   12291|DEBUG|2018/03/16|19:40| 			"TYPE"	"1"
|   12291|DEBUG|2018/03/16|19:40| 			"V_DESC"	"Tous les JO."
|   12291|DEBUG|2018/03/16|19:40| 			"V_JNAME"	"VALIDE_S"
|   12291|DEBUG|2018/03/16|19:40| 			"XYWH"	"200 320 30 30"
|   12291|DEBUG|2018/03/16|19:40| 			"F_LPOS"	"1"
|   12291|DEBUG|2018/03/16|19:40| 			"URL_DOC"	""
|   12291|DEBUG|2018/03/16|19:40| 			"F_TYPE"	"3"
|   12291|DEBUG|2018/03/16|19:40| 			"F_CTYPE"	""
|   12291|DEBUG|2018/03/16|19:40| 		}
|   12291|DEBUG|2018/03/16|19:40| 		ELEM {
|   12291|DEBUG|2018/03/16|19:40| 			NB_PROP	"10"
|   12291|DEBUG|2018/03/16|19:40| 			"v_groupexec"	""
|   12291|DEBUG|2018/03/16|19:40| 			"ID"	"JO0000000602"
|   12291|DEBUG|2018/03/16|19:40| 			"TYPE"	"1"
|   12291|DEBUG|2018/03/16|19:40| 			"V_DESC"	"Tous les JO."
|   12291|DEBUG|2018/03/16|19:40| 			"V_JNAME"	"VALIDESIT"
|   12291|DEBUG|2018/03/16|19:40| 			"XYWH"	"100 260 30 30"
|   12291|DEBUG|2018/03/16|19:40| 			"F_LPOS"	"1"
|   12291|DEBUG|2018/03/16|19:40| 			"URL_DOC"	""
|   12291|DEBUG|2018/03/16|19:40| 			"F_TYPE"	"3"
|   12291|DEBUG|2018/03/16|19:40| 			"F_CTYPE"	""
|   12291|DEBUG|2018/03/16|19:40| 		}
|   12291|DEBUG|2018/03/16|19:40| 		ELEM {
|   12291|DEBUG|2018/03/16|19:40| 			NB_PROP	"10"
|   12291|DEBUG|2018/03/16|19:40| 			"v_groupexec"	""
|   12291|DEBUG|2018/03/16|19:40| 			"ID"	"JO0000000603"
|   12291|DEBUG|2018/03/16|19:40| 			"TYPE"	"1"
|   12291|DEBUG|2018/03/16|19:40| 			"V_DESC"	"Tous les JO."
|   12291|DEBUG|2018/03/16|19:40| 			"V_JNAME"	"VALSEP"
|   12291|DEBUG|2018/03/16|19:40| 			"XYWH"	"-250 320 30 30"
|   12291|DEBUG|2018/03/16|19:40| 			"F_LPOS"	"1"
|   12292|DEBUG|2018/03/16|19:40| 			"URL_DOC"	""
|   12292|DEBUG|2018/03/16|19:40| 			"F_TYPE"	"3"
|   12292|DEBUG|2018/03/16|19:40| 			"F_CTYPE"	""
|   12292|DEBUG|2018/03/16|19:40| 		}
|   12292|DEBUG|2018/03/16|19:40| 		ELEM {
|   12292|DEBUG|2018/03/16|19:40| 			NB_PROP	"10"
|   12292|DEBUG|2018/03/16|19:40| 			"v_groupexec"	""
|   12292|DEBUG|2018/03/16|19:40| 			"ID"	"JO0000000604"
|   12292|DEBUG|2018/03/16|19:40| 			"TYPE"	"1"
|   12292|DEBUG|2018/03/16|19:40| 			"V_DESC"	"Concaténation du fichier CNCA\CSRMIN.TXT  Jours Férié."
|   12292|DEBUG|2018/03/16|19:40| 			"V_JNAME"	"CONCA_CSRMIN"
|   12292|DEBUG|2018/03/16|19:40| 			"XYWH"	"200 -280 30 30"
|   12292|DEBUG|2018/03/16|19:40| 			"F_LPOS"	"1"
|   12292|DEBUG|2018/03/16|19:40| 			"URL_DOC"	""
|   12292|DEBUG|2018/03/16|19:40| 			"F_TYPE"	"0"
|   12292|DEBUG|2018/03/16|19:40| 			"F_CTYPE"	""
|   12292|DEBUG|2018/03/16|19:40| 		}
|   12292|DEBUG|2018/03/16|19:40| 		ELEM {
|   12292|DEBUG|2018/03/16|19:40| 			NB_PROP	"10"
|   12292|DEBUG|2018/03/16|19:40| 			"v_groupexec"	""
|   12292|DEBUG|2018/03/16|19:40| 			"ID"	"JO0000000605"
|   12292|DEBUG|2018/03/16|19:40| 			"TYPE"	"1"
|   12292|DEBUG|2018/03/16|19:40| 			"V_DESC"	"Concatenation de IP17499P.TXT. Jours Férié."
|   12292|DEBUG|2018/03/16|19:40| 			"V_JNAME"	"CONCA_IP17499P"
|   12292|DEBUG|2018/03/16|19:40| 			"XYWH"	"1090 -180 30 30"
|   12292|DEBUG|2018/03/16|19:40| 			"F_LPOS"	"0"
|   12292|DEBUG|2018/03/16|19:40| 			"URL_DOC"	""
|   12292|DEBUG|2018/03/16|19:40| 			"F_TYPE"	"0"
|   12292|DEBUG|2018/03/16|19:40| 			"F_CTYPE"	""
|   12292|DEBUG|2018/03/16|19:40| 		}
|   12292|DEBUG|2018/03/16|19:40| 		ELEM {
|   12292|DEBUG|2018/03/16|19:40| 			NB_PROP	"10"
|   12292|DEBUG|2018/03/16|19:40| 			"v_groupexec"	""
|   12292|DEBUG|2018/03/16|19:40| 			"ID"	"JO0000000606"
|   12292|DEBUG|2018/03/16|19:40| 			"TYPE"	"1"
|   12292|DEBUG|2018/03/16|19:40| 			"V_DESC"	"Concatenation de EV17499P.TXT. Jours Férié."
|   12292|DEBUG|2018/03/16|19:40| 			"V_JNAME"	"CONCA_EV17499P"
|   12292|DEBUG|2018/03/16|19:40| 			"XYWH"	"1100 -240 30 30"
|   12292|DEBUG|2018/03/16|19:40| 			"F_LPOS"	"0"
|   12292|DEBUG|2018/03/16|19:40| 			"URL_DOC"	""
|   12292|DEBUG|2018/03/16|19:40| 			"F_TYPE"	"0"
|   12292|DEBUG|2018/03/16|19:40| 			"F_CTYPE"	""
|   12292|DEBUG|2018/03/16|19:40| 		}
|   12292|DEBUG|2018/03/16|19:40| 		ELEM {
|   12292|DEBUG|2018/03/16|19:40| 			NB_PROP	"10"
|   12292|DEBUG|2018/03/16|19:40| 			"v_groupexec"	""
|   12292|DEBUG|2018/03/16|19:40| 			"ID"	"JO0000000607"
|   12292|DEBUG|2018/03/16|19:40| 			"TYPE"	"1"
|   12292|DEBUG|2018/03/16|19:40| 			"V_DESC"	"Concatenation de ED17499P.txt. Jours Férié."
|   12292|DEBUG|2018/03/16|19:40| 			"V_JNAME"	"CONCA_ED17499P"
|   12292|DEBUG|2018/03/16|19:40| 			"XYWH"	"1100 -300 30 30"
|   12292|DEBUG|2018/03/16|19:40| 			"F_LPOS"	"0"
|   12292|DEBUG|2018/03/16|19:40| 			"URL_DOC"	""
|   12292|DEBUG|2018/03/16|19:40| 			"F_TYPE"	"0"
|   12292|DEBUG|2018/03/16|19:40| 			"F_CTYPE"	""
|   12292|DEBUG|2018/03/16|19:40| 		}
|   12292|DEBUG|2018/03/16|19:40| 		ELEM {
|   12292|DEBUG|2018/03/16|19:40| 			NB_PROP	"10"
|   12292|DEBUG|2018/03/16|19:40| 			"v_groupexec"	""
|   12292|DEBUG|2018/03/16|19:40| 			"ID"	"JO0000000608"
|   12292|DEBUG|2018/03/16|19:40| 			"TYPE"	"1"
|   12292|DEBUG|2018/03/16|19:40| 			"V_DESC"	"Concatenation de DI17499P.TXT. Jours Férié."
|   12292|DEBUG|2018/03/16|19:40| 			"V_JNAME"	"CONCA_DI17499P"
|   12292|DEBUG|2018/03/16|19:40| 			"XYWH"	"1090 -130 30 30"
|   12292|DEBUG|2018/03/16|19:40| 			"F_LPOS"	"0"
|   12292|DEBUG|2018/03/16|19:40| 			"URL_DOC"	""
|   12292|DEBUG|2018/03/16|19:40| 			"F_TYPE"	"0"
|   12292|DEBUG|2018/03/16|19:40| 			"F_CTYPE"	""
|   12292|DEBUG|2018/03/16|19:40| 		}
|   12292|DEBUG|2018/03/16|19:40| 		ELEM {
|   12292|DEBUG|2018/03/16|19:40| 			NB_PROP	"10"
|   12292|DEBUG|2018/03/16|19:40| 			"v_groupexec"	""
|   12292|DEBUG|2018/03/16|19:40| 			"ID"	"JO0000000609"
|   12292|DEBUG|2018/03/16|19:40| 			"TYPE"	"1"
|   12292|DEBUG|2018/03/16|19:40| 			"V_DESC"	"Concaténation du fichier CB17499P.TXT  Jours Férié."
|   12292|DEBUG|2018/03/16|19:40| 			"V_JNAME"	"CONCA_CB17499P"
|   12292|DEBUG|2018/03/16|19:40| 			"XYWH"	"1100 -360 30 30"
|   12292|DEBUG|2018/03/16|19:40| 			"F_LPOS"	"0"
|   12292|DEBUG|2018/03/16|19:40| 			"URL_DOC"	""
|   12292|DEBUG|2018/03/16|19:40| 			"F_TYPE"	"0"
|   12292|DEBUG|2018/03/16|19:40| 			"F_CTYPE"	""
|   12292|DEBUG|2018/03/16|19:40| 		}
|   12292|DEBUG|2018/03/16|19:40| 		ELEM {
|   12292|DEBUG|2018/03/16|19:40| 			NB_PROP	"10"
|   12292|DEBUG|2018/03/16|19:40| 			"v_groupexec"	""
|   12292|DEBUG|2018/03/16|19:40| 			"ID"	"JO0000000610"
|   12292|DEBUG|2018/03/16|19:40| 			"TYPE"	"1"
|   12292|DEBUG|2018/03/16|19:40| 			"V_DESC"	"Archivage de CB17499.TXT dans D:\Archive\MONEXT\CB17499P. Tous les JO."
|   12292|DEBUG|2018/03/16|19:40| 			"V_JNAME"	"ARCCB17499P2"
|   12292|DEBUG|2018/03/16|19:40| 			"XYWH"	"1640 -360 30 30"
|   12292|DEBUG|2018/03/16|19:40| 			"F_LPOS"	"0"
|   12292|DEBUG|2018/03/16|19:40| 			"URL_DOC"	""
|   12292|DEBUG|2018/03/16|19:40| 			"F_TYPE"	"0"
|   12292|DEBUG|2018/03/16|19:40| 			"F_CTYPE"	""
|   12292|DEBUG|2018/03/16|19:40| 		}
|   12292|DEBUG|2018/03/16|19:40| 		ELEM {
|   12292|DEBUG|2018/03/16|19:40| 			NB_PROP	"10"
|   12292|DEBUG|2018/03/16|19:40| 			"v_groupexec"	""
|   12292|DEBUG|2018/03/16|19:40| 			"ID"	"JO0000000611"
|   12292|DEBUG|2018/03/16|19:40| 			"TYPE"	"1"
|   12292|DEBUG|2018/03/16|19:40| 			"V_DESC"	"Renomme le fichier CB17499P-CONCA.TXT EN CB17499P.TXT . ous les JO."
|   12292|DEBUG|2018/03/16|19:40| 			"V_JNAME"	"RENCB17499PC"
|   12292|DEBUG|2018/03/16|19:40| 			"XYWH"	"1270 -360 30 30"
|   12292|DEBUG|2018/03/16|19:40| 			"F_LPOS"	"0"
|   12292|DEBUG|2018/03/16|19:40| 			"URL_DOC"	""
|   12292|DEBUG|2018/03/16|19:40| 			"F_TYPE"	"0"
|   12292|DEBUG|2018/03/16|19:40| 			"F_CTYPE"	""
|   12292|DEBUG|2018/03/16|19:40| 		}
|   12292|DEBUG|2018/03/16|19:40| 		ELEM {
|   12292|DEBUG|2018/03/16|19:40| 			NB_PROP	"10"
|   12292|DEBUG|2018/03/16|19:40| 			"v_groupexec"	""
|   12292|DEBUG|2018/03/16|19:40| 			"ID"	"JO0000000612"
|   12292|DEBUG|2018/03/16|19:40| 			"TYPE"	"1"
|   12292|DEBUG|2018/03/16|19:40| 			"V_DESC"	"Tous les JO."
|   12292|DEBUG|2018/03/16|19:40| 			"V_JNAME"	"VALIDEMONE"
|   12292|DEBUG|2018/03/16|19:40| 			"XYWH"	"1350 -360 30 30"
|   12292|DEBUG|2018/03/16|19:40| 			"F_LPOS"	"0"
|   12292|DEBUG|2018/03/16|19:40| 			"URL_DOC"	""
|   12292|DEBUG|2018/03/16|19:40| 			"F_TYPE"	"3"
|   12292|DEBUG|2018/03/16|19:40| 			"F_CTYPE"	""
|   12292|DEBUG|2018/03/16|19:40| 		}
|   12292|DEBUG|2018/03/16|19:40| 		ELEM {
|   12292|DEBUG|2018/03/16|19:40| 			NB_PROP	"10"
|   12292|DEBUG|2018/03/16|19:40| 			"v_groupexec"	""
|   12292|DEBUG|2018/03/16|19:40| 			"ID"	"JO0000000613"
|   12292|DEBUG|2018/03/16|19:40| 			"TYPE"	"1"
|   12292|DEBUG|2018/03/16|19:40| 			"V_DESC"	"Archivage de ED17499P.TXT dans D:\Archive\MONEXT\ED17499P. Tous les JO."
|   12292|DEBUG|2018/03/16|19:40| 			"V_JNAME"	"ARCED17499P"
|   12292|DEBUG|2018/03/16|19:40| 			"XYWH"	"1190 -300 30 30"
|   12292|DEBUG|2018/03/16|19:40| 			"F_LPOS"	"0"
|   12292|DEBUG|2018/03/16|19:40| 			"URL_DOC"	""
|   12292|DEBUG|2018/03/16|19:40| 			"F_TYPE"	"0"
|   12292|DEBUG|2018/03/16|19:40| 			"F_CTYPE"	""
|   12292|DEBUG|2018/03/16|19:40| 		}
|   12292|DEBUG|2018/03/16|19:40| 		ELEM {
|   12292|DEBUG|2018/03/16|19:40| 			NB_PROP	"10"
|   12292|DEBUG|2018/03/16|19:40| 			"v_groupexec"	""
|   12292|DEBUG|2018/03/16|19:40| 			"ID"	"JO0000000614"
|   12292|DEBUG|2018/03/16|19:40| 			"TYPE"	"1"
|   12292|DEBUG|2018/03/16|19:40| 			"V_DESC"	"Renomme le fichier ED17499P-CONCA.TXT EN ED17499P.TXT . ous les JO."
|   12292|DEBUG|2018/03/16|19:40| 			"V_JNAME"	"RENED17499P"
|   12292|DEBUG|2018/03/16|19:40| 			"XYWH"	"1270 -300 30 30"
|   12292|DEBUG|2018/03/16|19:40| 			"F_LPOS"	"0"
|   12292|DEBUG|2018/03/16|19:40| 			"URL_DOC"	""
|   12292|DEBUG|2018/03/16|19:40| 			"F_TYPE"	"0"
|   12292|DEBUG|2018/03/16|19:40| 			"F_CTYPE"	""
|   12292|DEBUG|2018/03/16|19:40| 		}
|   12292|DEBUG|2018/03/16|19:40| 		ELEM {
|   12292|DEBUG|2018/03/16|19:40| 			NB_PROP	"10"
|   12292|DEBUG|2018/03/16|19:40| 			"v_groupexec"	""
|   12292|DEBUG|2018/03/16|19:40| 			"ID"	"JO0000000615"
|   12292|DEBUG|2018/03/16|19:40| 			"TYPE"	"1"
|   12292|DEBUG|2018/03/16|19:40| 			"V_DESC"	"Tous les JO."
|   12292|DEBUG|2018/03/16|19:40| 			"V_JNAME"	"VALIDMONEX"
|   12292|DEBUG|2018/03/16|19:40| 			"XYWH"	"1350 -300 30 30"
|   12293|DEBUG|2018/03/16|19:40| 			"F_LPOS"	"0"
|   12293|DEBUG|2018/03/16|19:40| 			"URL_DOC"	""
|   12293|DEBUG|2018/03/16|19:40| 			"F_TYPE"	"3"
|   12293|DEBUG|2018/03/16|19:40| 			"F_CTYPE"	""
|   12293|DEBUG|2018/03/16|19:40| 		}
|   12293|DEBUG|2018/03/16|19:40| 		ELEM {
|   12293|DEBUG|2018/03/16|19:40| 			NB_PROP	"10"
|   12293|DEBUG|2018/03/16|19:40| 			"v_groupexec"	""
|   12293|DEBUG|2018/03/16|19:40| 			"ID"	"JO0000000616"
|   12293|DEBUG|2018/03/16|19:40| 			"TYPE"	"1"
|   12293|DEBUG|2018/03/16|19:40| 			"V_DESC"	"Archivage de EV17499P.TXT dans D:\Archive\MONEXT\EV17499. Tous les JO."
|   12293|DEBUG|2018/03/16|19:40| 			"V_JNAME"	"ARCEV174991"
|   12293|DEBUG|2018/03/16|19:40| 			"XYWH"	"1190 -240 30 30"
|   12293|DEBUG|2018/03/16|19:40| 			"F_LPOS"	"0"
|   12293|DEBUG|2018/03/16|19:40| 			"URL_DOC"	""
|   12293|DEBUG|2018/03/16|19:40| 			"F_TYPE"	"0"
|   12293|DEBUG|2018/03/16|19:40| 			"F_CTYPE"	""
|   12293|DEBUG|2018/03/16|19:40| 		}
|   12293|DEBUG|2018/03/16|19:40| 		ELEM {
|   12293|DEBUG|2018/03/16|19:40| 			NB_PROP	"10"
|   12293|DEBUG|2018/03/16|19:40| 			"v_groupexec"	""
|   12293|DEBUG|2018/03/16|19:40| 			"ID"	"JO0000000617"
|   12293|DEBUG|2018/03/16|19:40| 			"TYPE"	"1"
|   12293|DEBUG|2018/03/16|19:40| 			"V_DESC"	"Renomme le fichier EV17499P-CONCA.TXT EN EV17499P.TXT . ous les JO."
|   12293|DEBUG|2018/03/16|19:40| 			"V_JNAME"	"RENEV17499P"
|   12293|DEBUG|2018/03/16|19:40| 			"XYWH"	"1270 -240 30 30"
|   12293|DEBUG|2018/03/16|19:40| 			"F_LPOS"	"0"
|   12293|DEBUG|2018/03/16|19:40| 			"URL_DOC"	""
|   12293|DEBUG|2018/03/16|19:40| 			"F_TYPE"	"0"
|   12293|DEBUG|2018/03/16|19:40| 			"F_CTYPE"	""
|   12293|DEBUG|2018/03/16|19:40| 		}
|   12293|DEBUG|2018/03/16|19:40| 		ELEM {
|   12293|DEBUG|2018/03/16|19:40| 			NB_PROP	"10"
|   12293|DEBUG|2018/03/16|19:40| 			"v_groupexec"	""
|   12293|DEBUG|2018/03/16|19:40| 			"ID"	"JO0000000618"
|   12293|DEBUG|2018/03/16|19:40| 			"TYPE"	"1"
|   12293|DEBUG|2018/03/16|19:40| 			"V_DESC"	"Tous les JO."
|   12293|DEBUG|2018/03/16|19:40| 			"V_JNAME"	"VALMON"
|   12293|DEBUG|2018/03/16|19:40| 			"XYWH"	"1350 -240 30 30"
|   12293|DEBUG|2018/03/16|19:40| 			"F_LPOS"	"0"
|   12293|DEBUG|2018/03/16|19:40| 			"URL_DOC"	""
|   12293|DEBUG|2018/03/16|19:40| 			"F_TYPE"	"3"
|   12293|DEBUG|2018/03/16|19:40| 			"F_CTYPE"	""
|   12293|DEBUG|2018/03/16|19:40| 		}
|   12293|DEBUG|2018/03/16|19:40| 		ELEM {
|   12293|DEBUG|2018/03/16|19:40| 			NB_PROP	"10"
|   12293|DEBUG|2018/03/16|19:40| 			"v_groupexec"	""
|   12293|DEBUG|2018/03/16|19:40| 			"ID"	"JO0000000619"
|   12293|DEBUG|2018/03/16|19:40| 			"TYPE"	"1"
|   12293|DEBUG|2018/03/16|19:40| 			"V_DESC"	"Archivage de IP17499P.TXT dans D:\Archive\MONEXT\IP17499P. Tous les JO."
|   12293|DEBUG|2018/03/16|19:40| 			"V_JNAME"	"ARCIP174991"
|   12293|DEBUG|2018/03/16|19:40| 			"XYWH"	"1170 -180 30 30"
|   12293|DEBUG|2018/03/16|19:40| 			"F_LPOS"	"0"
|   12293|DEBUG|2018/03/16|19:40| 			"URL_DOC"	""
|   12293|DEBUG|2018/03/16|19:40| 			"F_TYPE"	"0"
|   12293|DEBUG|2018/03/16|19:40| 			"F_CTYPE"	""
|   12293|DEBUG|2018/03/16|19:40| 		}
|   12293|DEBUG|2018/03/16|19:40| 		ELEM {
|   12293|DEBUG|2018/03/16|19:40| 			NB_PROP	"10"
|   12293|DEBUG|2018/03/16|19:40| 			"v_groupexec"	""
|   12293|DEBUG|2018/03/16|19:40| 			"ID"	"JO0000000620"
|   12293|DEBUG|2018/03/16|19:40| 			"TYPE"	"1"
|   12293|DEBUG|2018/03/16|19:40| 			"V_DESC"	"Renomme le fichier IP17499P-CONCA.TXT EN IP17499P.TXT . ous les JO."
|   12293|DEBUG|2018/03/16|19:40| 			"V_JNAME"	"RENIP17499P"
|   12293|DEBUG|2018/03/16|19:40| 			"XYWH"	"1250 -180 30 30"
|   12293|DEBUG|2018/03/16|19:40| 			"F_LPOS"	"0"
|   12293|DEBUG|2018/03/16|19:40| 			"URL_DOC"	""
|   12293|DEBUG|2018/03/16|19:40| 			"F_TYPE"	"0"
|   12293|DEBUG|2018/03/16|19:40| 			"F_CTYPE"	""
|   12293|DEBUG|2018/03/16|19:40| 		}
|   12293|DEBUG|2018/03/16|19:40| 		ELEM {
|   12293|DEBUG|2018/03/16|19:40| 			NB_PROP	"10"
|   12293|DEBUG|2018/03/16|19:40| 			"v_groupexec"	""
|   12293|DEBUG|2018/03/16|19:40| 			"ID"	"JO0000000621"
|   12293|DEBUG|2018/03/16|19:40| 			"TYPE"	"1"
|   12293|DEBUG|2018/03/16|19:40| 			"V_DESC"	"Tous les JO."
|   12293|DEBUG|2018/03/16|19:40| 			"V_JNAME"	"VALMON2"
|   12293|DEBUG|2018/03/16|19:40| 			"XYWH"	"1320 -180 30 30"
|   12293|DEBUG|2018/03/16|19:40| 			"F_LPOS"	"0"
|   12293|DEBUG|2018/03/16|19:40| 			"URL_DOC"	""
|   12293|DEBUG|2018/03/16|19:40| 			"F_TYPE"	"3"
|   12293|DEBUG|2018/03/16|19:40| 			"F_CTYPE"	""
|   12293|DEBUG|2018/03/16|19:40| 		}
|   12293|DEBUG|2018/03/16|19:40| 		ELEM {
|   12293|DEBUG|2018/03/16|19:40| 			NB_PROP	"10"
|   12293|DEBUG|2018/03/16|19:40| 			"v_groupexec"	""
|   12293|DEBUG|2018/03/16|19:40| 			"ID"	"JO0000000622"
|   12293|DEBUG|2018/03/16|19:40| 			"TYPE"	"1"
|   12293|DEBUG|2018/03/16|19:40| 			"V_DESC"	"Archivage de DI17499P.TXT dans D:\Archive\MONEXT\DI17499P"
|   12293|DEBUG|2018/03/16|19:40| 			"V_JNAME"	"ARCDI174991"
|   12293|DEBUG|2018/03/16|19:40| 			"XYWH"	"1170 -130 30 30"
|   12293|DEBUG|2018/03/16|19:40| 			"F_LPOS"	"0"
|   12293|DEBUG|2018/03/16|19:40| 			"URL_DOC"	""
|   12293|DEBUG|2018/03/16|19:40| 			"F_TYPE"	"0"
|   12293|DEBUG|2018/03/16|19:40| 			"F_CTYPE"	""
|   12293|DEBUG|2018/03/16|19:40| 		}
|   12293|DEBUG|2018/03/16|19:40| 		ELEM {
|   12293|DEBUG|2018/03/16|19:40| 			NB_PROP	"10"
|   12293|DEBUG|2018/03/16|19:40| 			"v_groupexec"	""
|   12293|DEBUG|2018/03/16|19:40| 			"ID"	"JO0000000623"
|   12293|DEBUG|2018/03/16|19:40| 			"TYPE"	"1"
|   12293|DEBUG|2018/03/16|19:40| 			"V_DESC"	"Renomme le fichier DI17499P-CONCA.TXT EN DI17499P.TXT . ous les JO."
|   12293|DEBUG|2018/03/16|19:40| 			"V_JNAME"	"RENDI17499P"
|   12293|DEBUG|2018/03/16|19:40| 			"XYWH"	"1250 -130 30 30"
|   12293|DEBUG|2018/03/16|19:40| 			"F_LPOS"	"0"
|   12293|DEBUG|2018/03/16|19:40| 			"URL_DOC"	""
|   12293|DEBUG|2018/03/16|19:40| 			"F_TYPE"	"0"
|   12293|DEBUG|2018/03/16|19:40| 			"F_CTYPE"	""
|   12293|DEBUG|2018/03/16|19:40| 		}
|   12293|DEBUG|2018/03/16|19:40| 		ELEM {
|   12293|DEBUG|2018/03/16|19:40| 			NB_PROP	"10"
|   12293|DEBUG|2018/03/16|19:40| 			"v_groupexec"	""
|   12293|DEBUG|2018/03/16|19:40| 			"ID"	"JO0000000624"
|   12293|DEBUG|2018/03/16|19:40| 			"TYPE"	"1"
|   12293|DEBUG|2018/03/16|19:40| 			"V_DESC"	"Tous les JO."
|   12293|DEBUG|2018/03/16|19:40| 			"V_JNAME"	"VALMON3"
|   12293|DEBUG|2018/03/16|19:40| 			"XYWH"	"1320 -130 30 30"
|   12293|DEBUG|2018/03/16|19:40| 			"F_LPOS"	"0"
|   12293|DEBUG|2018/03/16|19:40| 			"URL_DOC"	""
|   12293|DEBUG|2018/03/16|19:40| 			"F_TYPE"	"3"
|   12293|DEBUG|2018/03/16|19:40| 			"F_CTYPE"	""
|   12293|DEBUG|2018/03/16|19:40| 		}
|   12293|DEBUG|2018/03/16|19:40| 		ELEM {
|   12293|DEBUG|2018/03/16|19:40| 			NB_PROP	"10"
|   12293|DEBUG|2018/03/16|19:40| 			"v_groupexec"	""
|   12293|DEBUG|2018/03/16|19:40| 			"ID"	"JO0000000625"
|   12293|DEBUG|2018/03/16|19:40| 			"TYPE"	"1"
|   12293|DEBUG|2018/03/16|19:40| 			"V_DESC"	"Archivage de CSRMIN.TXT dans D:\Archive\CNCA\Retour. Tous les JO."
|   12293|DEBUG|2018/03/16|19:40| 			"V_JNAME"	"ARCCSRMIN1"
|   12293|DEBUG|2018/03/16|19:40| 			"XYWH"	"200 -220 30 30"
|   12293|DEBUG|2018/03/16|19:40| 			"F_LPOS"	"1"
|   12293|DEBUG|2018/03/16|19:40| 			"URL_DOC"	""
|   12293|DEBUG|2018/03/16|19:40| 			"F_TYPE"	"0"
|   12293|DEBUG|2018/03/16|19:40| 			"F_CTYPE"	""
|   12293|DEBUG|2018/03/16|19:40| 		}
|   12293|DEBUG|2018/03/16|19:40| 		ELEM {
|   12293|DEBUG|2018/03/16|19:40| 			NB_PROP	"10"
|   12293|DEBUG|2018/03/16|19:40| 			"v_groupexec"	""
|   12293|DEBUG|2018/03/16|19:40| 			"ID"	"JO0000000626"
|   12293|DEBUG|2018/03/16|19:40| 			"TYPE"	"1"
|   12293|DEBUG|2018/03/16|19:40| 			"V_DESC"	"Renomme le fichier CSRMIN-CONCA.TXT EN CSRMIN.TXT . ous les JO."
|   12293|DEBUG|2018/03/16|19:40| 			"V_JNAME"	"RENCSRMIN"
|   12293|DEBUG|2018/03/16|19:40| 			"XYWH"	"200 -170 30 30"
|   12293|DEBUG|2018/03/16|19:40| 			"F_LPOS"	"1"
|   12293|DEBUG|2018/03/16|19:40| 			"URL_DOC"	""
|   12293|DEBUG|2018/03/16|19:40| 			"F_TYPE"	"0"
|   12293|DEBUG|2018/03/16|19:40| 			"F_CTYPE"	""
|   12293|DEBUG|2018/03/16|19:40| 		}
|   12293|DEBUG|2018/03/16|19:40| 		ELEM {
|   12293|DEBUG|2018/03/16|19:40| 			NB_PROP	"10"
|   12293|DEBUG|2018/03/16|19:40| 			"v_groupexec"	""
|   12293|DEBUG|2018/03/16|19:40| 			"ID"	"JO0000000627"
|   12293|DEBUG|2018/03/16|19:40| 			"TYPE"	"1"
|   12293|DEBUG|2018/03/16|19:40| 			"V_DESC"	"Tous les JO."
|   12293|DEBUG|2018/03/16|19:40| 			"V_JNAME"	"VALSITR"
|   12293|DEBUG|2018/03/16|19:40| 			"XYWH"	"200 -120 30 30"
|   12294|DEBUG|2018/03/16|19:40| 			"F_LPOS"	"1"
|   12294|DEBUG|2018/03/16|19:40| 			"URL_DOC"	""
|   12294|DEBUG|2018/03/16|19:40| 			"F_TYPE"	"3"
|   12294|DEBUG|2018/03/16|19:40| 			"F_CTYPE"	""
|   12294|DEBUG|2018/03/16|19:40| 		}
|   12294|DEBUG|2018/03/16|19:40| 		ELEM {
|   12294|DEBUG|2018/03/16|19:40| 			NB_PROP	"10"
|   12294|DEBUG|2018/03/16|19:40| 			"v_groupexec"	""
|   12294|DEBUG|2018/03/16|19:40| 			"ID"	"JO0000000628"
|   12294|DEBUG|2018/03/16|19:40| 			"TYPE"	"1"
|   12294|DEBUG|2018/03/16|19:40| 			"V_DESC"	"controle la bonne reception du transfert associe en mode sur le serveur Interpel. Journalier."
|   12294|DEBUG|2018/03/16|19:40| 			"V_JNAME"	"CHKCNBCTR1E"
|   12294|DEBUG|2018/03/16|19:40| 			"XYWH"	"-410 -160 30 30"
|   12294|DEBUG|2018/03/16|19:40| 			"F_LPOS"	"0"
|   12294|DEBUG|2018/03/16|19:40| 			"URL_DOC"	""
|   12294|DEBUG|2018/03/16|19:40| 			"F_TYPE"	"0"
|   12294|DEBUG|2018/03/16|19:40| 			"F_CTYPE"	""
|   12294|DEBUG|2018/03/16|19:40| 		}
|   12294|DEBUG|2018/03/16|19:40| 		ELEM {
|   12294|DEBUG|2018/03/16|19:40| 			NB_PROP	"10"
|   12294|DEBUG|2018/03/16|19:40| 			"v_groupexec"	""
|   12294|DEBUG|2018/03/16|19:40| 			"ID"	"JO0000000629"
|   12294|DEBUG|2018/03/16|19:40| 			"TYPE"	"1"
|   12294|DEBUG|2018/03/16|19:40| 			"V_DESC"	"controle la bonne reception du transfert associe en mode sur le serveur Interpel. Journalier."
|   12294|DEBUG|2018/03/16|19:40| 			"V_JNAME"	"CHKCNBCTR2E"
|   12294|DEBUG|2018/03/16|19:40| 			"XYWH"	"-250 -160 30 30"
|   12294|DEBUG|2018/03/16|19:40| 			"F_LPOS"	"0"
|   12294|DEBUG|2018/03/16|19:40| 			"URL_DOC"	""
|   12294|DEBUG|2018/03/16|19:40| 			"F_TYPE"	"0"
|   12294|DEBUG|2018/03/16|19:40| 			"F_CTYPE"	""
|   12294|DEBUG|2018/03/16|19:40| 		}
|   12294|DEBUG|2018/03/16|19:40| 		ELEM {
|   12294|DEBUG|2018/03/16|19:40| 			NB_PROP	"10"
|   12294|DEBUG|2018/03/16|19:40| 			"v_groupexec"	""
|   12294|DEBUG|2018/03/16|19:40| 			"ID"	"JO0000000630"
|   12294|DEBUG|2018/03/16|19:40| 			"TYPE"	"1"
|   12294|DEBUG|2018/03/16|19:40| 			"V_DESC"	"controle la bonne reception du transfert associe en mode sur le serveur Interpel. Journalier."
|   12294|DEBUG|2018/03/16|19:40| 			"V_JNAME"	"CHKCSRMIN"
|   12294|DEBUG|2018/03/16|19:40| 			"XYWH"	"140 -140 30 30"
|   12294|DEBUG|2018/03/16|19:40| 			"F_LPOS"	"0"
|   12294|DEBUG|2018/03/16|19:40| 			"URL_DOC"	""
|   12294|DEBUG|2018/03/16|19:40| 			"F_TYPE"	"0"
|   12294|DEBUG|2018/03/16|19:40| 			"F_CTYPE"	""
|   12294|DEBUG|2018/03/16|19:40| 		}
|   12294|DEBUG|2018/03/16|19:40| 		ELEM {
|   12294|DEBUG|2018/03/16|19:40| 			NB_PROP	"10"
|   12294|DEBUG|2018/03/16|19:40| 			"v_groupexec"	""
|   12294|DEBUG|2018/03/16|19:40| 			"ID"	"JO0000000631"
|   12294|DEBUG|2018/03/16|19:40| 			"TYPE"	"1"
|   12294|DEBUG|2018/03/16|19:40| 			"V_DESC"	"controle la bonne reception du transfert associe en mode sur le serveur Interpel. Journalier."
|   12294|DEBUG|2018/03/16|19:40| 			"V_JNAME"	"CHKKRCNBAE1"
|   12294|DEBUG|2018/03/16|19:40| 			"XYWH"	"-270 -1380 30 30"
|   12294|DEBUG|2018/03/16|19:40| 			"F_LPOS"	"1"
|   12294|DEBUG|2018/03/16|19:40| 			"URL_DOC"	""
|   12294|DEBUG|2018/03/16|19:40| 			"F_TYPE"	"0"
|   12294|DEBUG|2018/03/16|19:40| 			"F_CTYPE"	""
|   12294|DEBUG|2018/03/16|19:40| 		}
|   12294|DEBUG|2018/03/16|19:40| 		ELEM {
|   12294|DEBUG|2018/03/16|19:40| 			NB_PROP	"10"
|   12294|DEBUG|2018/03/16|19:40| 			"v_groupexec"	""
|   12294|DEBUG|2018/03/16|19:40| 			"ID"	"JO0000000632"
|   12294|DEBUG|2018/03/16|19:40| 			"TYPE"	"1"
|   12294|DEBUG|2018/03/16|19:40| 			"V_DESC"	"controle la bonne reception du transfert associe en mode sur le serveur Interpel. Journalier."
|   12294|DEBUG|2018/03/16|19:40| 			"V_JNAME"	"CHKIM17499"
|   12294|DEBUG|2018/03/16|19:40| 			"XYWH"	"1030 -70 30 30"
|   12294|DEBUG|2018/03/16|19:40| 			"F_LPOS"	"7"
|   12294|DEBUG|2018/03/16|19:40| 			"URL_DOC"	""
|   12294|DEBUG|2018/03/16|19:40| 			"F_TYPE"	"0"
|   12294|DEBUG|2018/03/16|19:40| 			"F_CTYPE"	""
|   12294|DEBUG|2018/03/16|19:40| 		}
|   12294|DEBUG|2018/03/16|19:40| 		ELEM {
|   12294|DEBUG|2018/03/16|19:40| 			NB_PROP	"10"
|   12294|DEBUG|2018/03/16|19:40| 			"v_groupexec"	""
|   12294|DEBUG|2018/03/16|19:40| 			"ID"	"JO0000000633"
|   12294|DEBUG|2018/03/16|19:40| 			"TYPE"	"1"
|   12294|DEBUG|2018/03/16|19:40| 			"V_DESC"	"controle la bonne reception du transfert associe en mode sur le serveur Interpel. Journalier."
|   12294|DEBUG|2018/03/16|19:40| 			"V_JNAME"	"CHKVPCEDI"
|   12294|DEBUG|2018/03/16|19:40| 			"XYWH"	"1030 50 30 30"
|   12294|DEBUG|2018/03/16|19:40| 			"F_LPOS"	"7"
|   12294|DEBUG|2018/03/16|19:40| 			"URL_DOC"	""
|   12294|DEBUG|2018/03/16|19:40| 			"F_TYPE"	"0"
|   12294|DEBUG|2018/03/16|19:40| 			"F_CTYPE"	""
|   12294|DEBUG|2018/03/16|19:40| 		}
|   12294|DEBUG|2018/03/16|19:40| 		ELEM {
|   12294|DEBUG|2018/03/16|19:40| 			NB_PROP	"10"
|   12294|DEBUG|2018/03/16|19:40| 			"v_groupexec"	""
|   12294|DEBUG|2018/03/16|19:40| 			"ID"	"JO0000000634"
|   12294|DEBUG|2018/03/16|19:40| 			"TYPE"	"1"
|   12294|DEBUG|2018/03/16|19:40| 			"V_DESC"	"controle la bonne reception du transfert associe en mode sur le serveur Interpel. Journalier."
|   12294|DEBUG|2018/03/16|19:40| 			"V_JNAME"	"CHKVPEXPER"
|   12294|DEBUG|2018/03/16|19:40| 			"XYWH"	"1030 110 30 30"
|   12294|DEBUG|2018/03/16|19:40| 			"F_LPOS"	"7"
|   12294|DEBUG|2018/03/16|19:40| 			"URL_DOC"	""
|   12294|DEBUG|2018/03/16|19:40| 			"F_TYPE"	"0"
|   12294|DEBUG|2018/03/16|19:40| 			"F_CTYPE"	""
|   12294|DEBUG|2018/03/16|19:40| 		}
|   12294|DEBUG|2018/03/16|19:40| 		ELEM {
|   12294|DEBUG|2018/03/16|19:40| 			NB_PROP	"10"
|   12294|DEBUG|2018/03/16|19:40| 			"v_groupexec"	""
|   12294|DEBUG|2018/03/16|19:40| 			"ID"	"JO0000000635"
|   12294|DEBUG|2018/03/16|19:40| 			"TYPE"	"1"
|   12294|DEBUG|2018/03/16|19:40| 			"V_DESC"	"controle la bonne reception du transfert associe en mode sur le serveur Interpel. Journalier."
|   12294|DEBUG|2018/03/16|19:40| 			"V_JNAME"	"CHKVPRECAP"
|   12294|DEBUG|2018/03/16|19:40| 			"XYWH"	"1030 -10 30 30"
|   12294|DEBUG|2018/03/16|19:40| 			"F_LPOS"	"7"
|   12294|DEBUG|2018/03/16|19:40| 			"URL_DOC"	""
|   12294|DEBUG|2018/03/16|19:40| 			"F_TYPE"	"0"
|   12294|DEBUG|2018/03/16|19:40| 			"F_CTYPE"	""
|   12294|DEBUG|2018/03/16|19:40| 		}
|   12294|DEBUG|2018/03/16|19:40| 		ELEM {
|   12294|DEBUG|2018/03/16|19:40| 			NB_PROP	"10"
|   12294|DEBUG|2018/03/16|19:40| 			"v_groupexec"	""
|   12294|DEBUG|2018/03/16|19:40| 			"ID"	"JO0000000636"
|   12294|DEBUG|2018/03/16|19:40| 			"TYPE"	"1"
|   12294|DEBUG|2018/03/16|19:40| 			"V_DESC"	"controle la bonne reception du transfert associe en mode sur le serveur Interpel. Journalier."
|   12294|DEBUG|2018/03/16|19:40| 			"V_JNAME"	"CHKIM17499G"
|   12294|DEBUG|2018/03/16|19:40| 			"XYWH"	"1100 170 30 30"
|   12294|DEBUG|2018/03/16|19:40| 			"F_LPOS"	"7"
|   12294|DEBUG|2018/03/16|19:40| 			"URL_DOC"	""
|   12294|DEBUG|2018/03/16|19:40| 			"F_TYPE"	"0"
|   12294|DEBUG|2018/03/16|19:40| 			"F_CTYPE"	""
|   12294|DEBUG|2018/03/16|19:40| 		}
|   12294|DEBUG|2018/03/16|19:40| 		ELEM {
|   12294|DEBUG|2018/03/16|19:40| 			NB_PROP	"10"
|   12294|DEBUG|2018/03/16|19:40| 			"v_groupexec"	""
|   12294|DEBUG|2018/03/16|19:40| 			"ID"	"JO0000000637"
|   12294|DEBUG|2018/03/16|19:40| 			"TYPE"	"1"
|   12294|DEBUG|2018/03/16|19:40| 			"V_DESC"	"Transfert Interpel - MAJGAB. Tous les JO."
|   12294|DEBUG|2018/03/16|19:40| 			"V_JNAME"	"XFBBCIREPWC"
|   12294|DEBUG|2018/03/16|19:40| 			"XYWH"	"540 -2750 30 30"
|   12294|DEBUG|2018/03/16|19:40| 			"F_LPOS"	"1"
|   12294|DEBUG|2018/03/16|19:40| 			"URL_DOC"	""
|   12294|DEBUG|2018/03/16|19:40| 			"F_TYPE"	"0"
|   12294|DEBUG|2018/03/16|19:40| 			"F_CTYPE"	""
|   12294|DEBUG|2018/03/16|19:40| 		}
|   12294|DEBUG|2018/03/16|19:40| 		ELEM {
|   12294|DEBUG|2018/03/16|19:40| 			NB_PROP	"10"
|   12294|DEBUG|2018/03/16|19:40| 			"v_groupexec"	""
|   12294|DEBUG|2018/03/16|19:40| 			"ID"	"JO0000000638"
|   12294|DEBUG|2018/03/16|19:40| 			"TYPE"	"1"
|   12294|DEBUG|2018/03/16|19:40| 			"V_DESC"	"Supprime les fichiers csv powercard * dans D:\transferts\CSB\Atraiter sur le serveur Interpel. Tous les JO."
|   12294|DEBUG|2018/03/16|19:40| 			"V_JNAME"	"DELFIC_pwcard"
|   12294|DEBUG|2018/03/16|19:40| 			"XYWH"	"650 -2440 30 30"
|   12294|DEBUG|2018/03/16|19:40| 			"F_LPOS"	"1"
|   12294|DEBUG|2018/03/16|19:40| 			"URL_DOC"	""
|   12294|DEBUG|2018/03/16|19:40| 			"F_TYPE"	"0"
|   12294|DEBUG|2018/03/16|19:40| 			"F_CTYPE"	""
|   12294|DEBUG|2018/03/16|19:40| 		}
|   12294|DEBUG|2018/03/16|19:40| 		ELEM {
|   12294|DEBUG|2018/03/16|19:40| 			NB_PROP	"10"
|   12294|DEBUG|2018/03/16|19:40| 			"v_groupexec"	""
|   12294|DEBUG|2018/03/16|19:40| 			"ID"	"JO0000000639"
|   12294|DEBUG|2018/03/16|19:40| 			"TYPE"	"1"
|   12294|DEBUG|2018/03/16|19:40| 			"V_DESC"	"Supprime le fichier ZIP recu de la csb dans D:\transferts\CSB\ARRivée sur le serveur Interpel. Tous les JO."
|   12294|DEBUG|2018/03/16|19:40| 			"V_JNAME"	"DELFIC_ZIP"
|   12294|DEBUG|2018/03/16|19:40| 			"XYWH"	"650 -2380 30 30"
|   12294|DEBUG|2018/03/16|19:40| 			"F_LPOS"	"1"
|   12294|DEBUG|2018/03/16|19:40| 			"URL_DOC"	""
|   12294|DEBUG|2018/03/16|19:40| 			"F_TYPE"	"0"
|   12294|DEBUG|2018/03/16|19:40| 			"F_CTYPE"	""
|   12294|DEBUG|2018/03/16|19:40| 		}
|   12294|DEBUG|2018/03/16|19:40| 		ELEM {
|   12294|DEBUG|2018/03/16|19:40| 			NB_PROP	"10"
|   12294|DEBUG|2018/03/16|19:40| 			"v_groupexec"	""
|   12294|DEBUG|2018/03/16|19:40| 			"ID"	"JO0000000640"
|   12294|DEBUG|2018/03/16|19:40| 			"TYPE"	"1"
|   12294|DEBUG|2018/03/16|19:40| 			"V_DESC"	"Transfert fichier 17499_pcrd_03_CARTES_CAPTURE.csv sur le serveur de fichiers. Tous les JO."
|   12294|DEBUG|2018/03/16|19:40| 			"V_JNAME"	"FTPCARTECAPT"
|   12294|DEBUG|2018/03/16|19:40| 			"XYWH"	"540 -2700 30 30"
|   12294|DEBUG|2018/03/16|19:40| 			"F_LPOS"	"1"
|   12295|DEBUG|2018/03/16|19:40| 			"URL_DOC"	""
|   12295|DEBUG|2018/03/16|19:40| 			"F_TYPE"	"0"
|   12295|DEBUG|2018/03/16|19:40| 			"F_CTYPE"	""
|   12295|DEBUG|2018/03/16|19:40| 		}
|   12295|DEBUG|2018/03/16|19:40| 		ELEM {
|   12295|DEBUG|2018/03/16|19:40| 			NB_PROP	"10"
|   12295|DEBUG|2018/03/16|19:40| 			"v_groupexec"	""
|   12295|DEBUG|2018/03/16|19:40| 			"ID"	"JO0000000641"
|   12295|DEBUG|2018/03/16|19:40| 			"TYPE"	"1"
|   12295|DEBUG|2018/03/16|19:40| 			"V_DESC"	"Supprime les fichiers <$VA0000004332:REPTRANSF>\CNCA\CNBCTR1E-*.XML"
|   12295|DEBUG|2018/03/16|19:40| 			"V_JNAME"	"DELCNBCTR1E"
|   12295|DEBUG|2018/03/16|19:40| 			"XYWH"	"-410 260 30 30"
|   12295|DEBUG|2018/03/16|19:40| 			"F_LPOS"	"1"
|   12295|DEBUG|2018/03/16|19:40| 			"URL_DOC"	""
|   12295|DEBUG|2018/03/16|19:40| 			"F_TYPE"	"0"
|   12295|DEBUG|2018/03/16|19:40| 			"F_CTYPE"	""
|   12295|DEBUG|2018/03/16|19:40| 		}
|   12295|DEBUG|2018/03/16|19:40| 		ELEM {
|   12295|DEBUG|2018/03/16|19:40| 			NB_PROP	"10"
|   12295|DEBUG|2018/03/16|19:40| 			"v_groupexec"	""
|   12295|DEBUG|2018/03/16|19:40| 			"ID"	"JO0000000642"
|   12295|DEBUG|2018/03/16|19:40| 			"TYPE"	"1"
|   12295|DEBUG|2018/03/16|19:40| 			"V_DESC"	"Supprime les fichiers <$VA0000004332:REPTRANSF>\CNCA\"
|   12295|DEBUG|2018/03/16|19:40| 			"V_JNAME"	"DELKRCNBAE"
|   12295|DEBUG|2018/03/16|19:40| 			"XYWH"	"60 -1380 30 30"
|   12295|DEBUG|2018/03/16|19:40| 			"F_LPOS"	"1"
|   12295|DEBUG|2018/03/16|19:40| 			"URL_DOC"	""
|   12295|DEBUG|2018/03/16|19:40| 			"F_TYPE"	"0"
|   12295|DEBUG|2018/03/16|19:40| 			"F_CTYPE"	""
|   12295|DEBUG|2018/03/16|19:40| 		}
|   12295|DEBUG|2018/03/16|19:40| 		ELEM {
|   12295|DEBUG|2018/03/16|19:40| 			NB_PROP	"10"
|   12295|DEBUG|2018/03/16|19:40| 			"v_groupexec"	""
|   12295|DEBUG|2018/03/16|19:40| 			"ID"	"JO0000000643"
|   12295|DEBUG|2018/03/16|19:40| 			"TYPE"	"1"
|   12295|DEBUG|2018/03/16|19:40| 			"V_DESC"	"Supprime les fichiers REPTRANSF\CNCA\CNBCTR2E-*.XML"
|   12295|DEBUG|2018/03/16|19:40| 			"V_JNAME"	"DELCNBCTR2E"
|   12295|DEBUG|2018/03/16|19:40| 			"XYWH"	"-250 260 30 30"
|   12295|DEBUG|2018/03/16|19:40| 			"F_LPOS"	"1"
|   12295|DEBUG|2018/03/16|19:40| 			"URL_DOC"	""
|   12295|DEBUG|2018/03/16|19:40| 			"F_TYPE"	"0"
|   12295|DEBUG|2018/03/16|19:40| 			"F_CTYPE"	""
|   12295|DEBUG|2018/03/16|19:40| 		}
|   12295|DEBUG|2018/03/16|19:40| 		ELEM {
|   12295|DEBUG|2018/03/16|19:40| 			NB_PROP	"12"
|   12295|DEBUG|2018/03/16|19:40| 			"v_groupexec"	""
|   12295|DEBUG|2018/03/16|19:40| 			"ID"	"CO0000000002"
|   12295|DEBUG|2018/03/16|19:40| 			"V_COMMENT"	"sitretour_C1_C0_C0"
|   12295|DEBUG|2018/03/16|19:40| 			"ID_ENV"	"EB0000000008"
|   12295|DEBUG|2018/03/16|19:40| 			"ID_APP"	""
|   12295|DEBUG|2018/03/16|19:40| 			"V_DESC"	"
  Attendre Feu vert
         du SOC
   (Sonia & Carine)"
|   12295|DEBUG|2018/03/16|19:40| 			"XYWH"	"-460 560 100 50"
|   12295|DEBUG|2018/03/16|19:40| 			"F_LPOS"	"1"
|   12295|DEBUG|2018/03/16|19:40| 			"URL_DOC"	""
|   12295|DEBUG|2018/03/16|19:40| 			"TYPE"	"4"
|   12295|DEBUG|2018/03/16|19:40| 			"FORE_COLOR"	""
|   12295|DEBUG|2018/03/16|19:40| 			"BACK_COLOR"	"255,51,0"
|   12295|DEBUG|2018/03/16|19:40| 		}
|   12295|DEBUG|2018/03/16|19:40| 		ELEM {
|   12295|DEBUG|2018/03/16|19:40| 			NB_PROP	"12"
|   12295|DEBUG|2018/03/16|19:40| 			"v_groupexec"	""
|   12295|DEBUG|2018/03/16|19:40| 			"ID"	"CO0000000003"
|   12295|DEBUG|2018/03/16|19:40| 			"V_COMMENT"	"sitretour_C1_C1"
|   12295|DEBUG|2018/03/16|19:40| 			"ID_ENV"	"EB0000000008"
|   12295|DEBUG|2018/03/16|19:40| 			"ID_APP"	""
|   12295|DEBUG|2018/03/16|19:40| 			"V_DESC"	"
  Attendre Feu vert
     Comptabilité"
|   12295|DEBUG|2018/03/16|19:40| 			"XYWH"	"-600 50 100 40"
|   12295|DEBUG|2018/03/16|19:40| 			"F_LPOS"	"1"
|   12295|DEBUG|2018/03/16|19:40| 			"URL_DOC"	""
|   12295|DEBUG|2018/03/16|19:40| 			"TYPE"	"4"
|   12295|DEBUG|2018/03/16|19:40| 			"FORE_COLOR"	""
|   12295|DEBUG|2018/03/16|19:40| 			"BACK_COLOR"	"255,51,0"
|   12295|DEBUG|2018/03/16|19:40| 		}
|   12295|DEBUG|2018/03/16|19:40| 		ELEM {
|   12295|DEBUG|2018/03/16|19:40| 			NB_PROP	"12"
|   12295|DEBUG|2018/03/16|19:40| 			"v_groupexec"	""
|   12295|DEBUG|2018/03/16|19:40| 			"ID"	"CO0000000004"
|   12295|DEBUG|2018/03/16|19:40| 			"V_COMMENT"	"ALL_COMP_C0_C0_C0"
|   12295|DEBUG|2018/03/16|19:40| 			"ID_ENV"	"EB0000000008"
|   12295|DEBUG|2018/03/16|19:40| 			"ID_APP"	""
|   12295|DEBUG|2018/03/16|19:40| 			"V_DESC"	"

     TRAITEMENT SEPA RETOUR"
|   12295|DEBUG|2018/03/16|19:40| 			"XYWH"	"-400 -240 180 50"
|   12295|DEBUG|2018/03/16|19:40| 			"F_LPOS"	"1"
|   12295|DEBUG|2018/03/16|19:40| 			"URL_DOC"	""
|   12295|DEBUG|2018/03/16|19:40| 			"TYPE"	"4"
|   12295|DEBUG|2018/03/16|19:40| 			"FORE_COLOR"	""
|   12295|DEBUG|2018/03/16|19:40| 			"BACK_COLOR"	"255,204,255"
|   12295|DEBUG|2018/03/16|19:40| 		}
|   12295|DEBUG|2018/03/16|19:40| 		ELEM {
|   12295|DEBUG|2018/03/16|19:40| 			NB_PROP	"12"
|   12295|DEBUG|2018/03/16|19:40| 			"v_groupexec"	""
|   12295|DEBUG|2018/03/16|19:40| 			"ID"	"CO0000000005"
|   12295|DEBUG|2018/03/16|19:40| 			"V_COMMENT"	"ALL_COMP_C0_C0_C0_C0"
|   12295|DEBUG|2018/03/16|19:40| 			"ID_ENV"	"EB0000000008"
|   12295|DEBUG|2018/03/16|19:40| 			"ID_APP"	""
|   12295|DEBUG|2018/03/16|19:40| 			"V_DESC"	"

     TRAITEMENT SEPA ALLER"
|   12295|DEBUG|2018/03/16|19:40| 			"XYWH"	"-410 380 180 50"
|   12295|DEBUG|2018/03/16|19:40| 			"F_LPOS"	"1"
|   12295|DEBUG|2018/03/16|19:40| 			"URL_DOC"	""
|   12295|DEBUG|2018/03/16|19:40| 			"TYPE"	"4"
|   12295|DEBUG|2018/03/16|19:40| 			"FORE_COLOR"	""
|   12295|DEBUG|2018/03/16|19:40| 			"BACK_COLOR"	"255,204,255"
|   12295|DEBUG|2018/03/16|19:40| 		}
|   12295|DEBUG|2018/03/16|19:40| 		ELEM {
|   12295|DEBUG|2018/03/16|19:40| 			NB_PROP	"12"
|   12295|DEBUG|2018/03/16|19:40| 			"v_groupexec"	""
|   12295|DEBUG|2018/03/16|19:40| 			"ID"	"CO0000000006"
|   12295|DEBUG|2018/03/16|19:40| 			"V_COMMENT"	"CMT_1_C1_C0_C0"
|   12295|DEBUG|2018/03/16|19:40| 			"ID_ENV"	"EB0000000008"
|   12295|DEBUG|2018/03/16|19:40| 			"ID_APP"	""
|   12295|DEBUG|2018/03/16|19:40| 			"V_DESC"	"
  Intégration des remises
    CHEQUES VIGIFOND
  "
|   12295|DEBUG|2018/03/16|19:40| 			"XYWH"	"170 -2690 130 50"
|   12295|DEBUG|2018/03/16|19:40| 			"F_LPOS"	"1"
|   12295|DEBUG|2018/03/16|19:40| 			"URL_DOC"	""
|   12295|DEBUG|2018/03/16|19:40| 			"TYPE"	"4"
|   12295|DEBUG|2018/03/16|19:40| 			"FORE_COLOR"	""
|   12295|DEBUG|2018/03/16|19:40| 			"BACK_COLOR"	"255,102,102"
|   12295|DEBUG|2018/03/16|19:40| 		}
|   12295|DEBUG|2018/03/16|19:40| 		ELEM {
|   12295|DEBUG|2018/03/16|19:40| 			NB_PROP	"12"
|   12295|DEBUG|2018/03/16|19:40| 			"v_groupexec"	""
|   12295|DEBUG|2018/03/16|19:40| 			"ID"	"CO0000000007"
|   12295|DEBUG|2018/03/16|19:40| 			"V_COMMENT"	"CMT_1_C1_C0"
|   12295|DEBUG|2018/03/16|19:40| 			"ID_ENV"	"EB0000000008"
|   12295|DEBUG|2018/03/16|19:40| 			"ID_APP"	""
|   12295|DEBUG|2018/03/16|19:40| 			"V_DESC"	"Import donnees ext GED,
    Import Base Periode,
       Import TXT CRC,
               Divers
  "
|   12295|DEBUG|2018/03/16|19:40| 			"XYWH"	"170 -2820 130 50"
|   12295|DEBUG|2018/03/16|19:40| 			"F_LPOS"	"1"
|   12295|DEBUG|2018/03/16|19:40| 			"URL_DOC"	""
|   12295|DEBUG|2018/03/16|19:40| 			"TYPE"	"4"
|   12295|DEBUG|2018/03/16|19:40| 			"FORE_COLOR"	""
|   12295|DEBUG|2018/03/16|19:40| 			"BACK_COLOR"	"255,102,102"
|   12295|DEBUG|2018/03/16|19:40| 		}
|   12295|DEBUG|2018/03/16|19:40| 		ELEM {
|   12295|DEBUG|2018/03/16|19:40| 			NB_PROP	"12"
|   12295|DEBUG|2018/03/16|19:40| 			"v_groupexec"	""
|   12295|DEBUG|2018/03/16|19:40| 			"ID"	"CO0000000008"
|   12295|DEBUG|2018/03/16|19:40| 			"V_COMMENT"	"_C0_C0_C1_C0_C0_C0_C0_C1_C0_C0"
|   12295|DEBUG|2018/03/16|19:40| 			"ID_ENV"	"EB0000000008"
|   12295|DEBUG|2018/03/16|19:40| 			"ID_APP"	""
|   12295|DEBUG|2018/03/16|19:40| 			"V_DESC"	"
 Génération et envois des états
         de contrôles OSD"
|   12295|DEBUG|2018/03/16|19:40| 			"XYWH"	"-150 -2690 150 40"
|   12295|DEBUG|2018/03/16|19:40| 			"F_LPOS"	"1"
|   12295|DEBUG|2018/03/16|19:40| 			"URL_DOC"	""
|   12295|DEBUG|2018/03/16|19:40| 			"TYPE"	"4"
|   12295|DEBUG|2018/03/16|19:40| 			"FORE_COLOR"	"0,0,0"
|   12295|DEBUG|2018/03/16|19:40| 			"BACK_COLOR"	"255,204,102"
|   12295|DEBUG|2018/03/16|19:40| 		}
|   12295|DEBUG|2018/03/16|19:40| 		ELEM {
|   12295|DEBUG|2018/03/16|19:40| 			NB_PROP	"12"
|   12295|DEBUG|2018/03/16|19:40| 			"v_groupexec"	""
|   12295|DEBUG|2018/03/16|19:40| 			"ID"	"CO0000000009"
|   12295|DEBUG|2018/03/16|19:40| 			"V_COMMENT"	"rcmsb1_C0_C0_C1_C0_C2"
|   12295|DEBUG|2018/03/16|19:40| 			"ID_ENV"	"EB0000000008"
|   12295|DEBUG|2018/03/16|19:40| 			"ID_APP"	""
|   12295|DEBUG|2018/03/16|19:40| 			"V_DESC"	"
   Réception des états
     pour la monétique
             08H30"
|   12295|DEBUG|2018/03/16|19:40| 			"XYWH"	"-200 -1690 120 50"
|   12295|DEBUG|2018/03/16|19:40| 			"F_LPOS"	"1"
|   12295|DEBUG|2018/03/16|19:40| 			"URL_DOC"	""
|   12295|DEBUG|2018/03/16|19:40| 			"TYPE"	"4"
|   12295|DEBUG|2018/03/16|19:40| 			"FORE_COLOR"	""
|   12295|DEBUG|2018/03/16|19:40| 			"BACK_COLOR"	"255,255,51"
|   12295|DEBUG|2018/03/16|19:40| 		}
|   12295|DEBUG|2018/03/16|19:40| 		ELEM {
|   12295|DEBUG|2018/03/16|19:40| 			NB_PROP	"12"
|   12295|DEBUG|2018/03/16|19:40| 			"v_groupexec"	""
|   12295|DEBUG|2018/03/16|19:40| 			"ID"	"CO0000000010"
|   12295|DEBUG|2018/03/16|19:40| 			"V_COMMENT"	"rcmsb1_C0_C0_C1_C0_C0_C0"
|   12295|DEBUG|2018/03/16|19:40| 			"ID_ENV"	"EB0000000008"
|   12295|DEBUG|2018/03/16|19:40| 			"ID_APP"	""
|   12295|DEBUG|2018/03/16|19:40| 			"V_DESC"	"
            Assurances déléguées
                         07h00
           "
|   12295|DEBUG|2018/03/16|19:40| 			"XYWH"	"330 -2690 180 50"
|   12296|DEBUG|2018/03/16|19:40| 			"F_LPOS"	"1"
|   12296|DEBUG|2018/03/16|19:40| 			"URL_DOC"	""
|   12296|DEBUG|2018/03/16|19:40| 			"TYPE"	"4"
|   12296|DEBUG|2018/03/16|19:40| 			"FORE_COLOR"	""
|   12296|DEBUG|2018/03/16|19:40| 			"BACK_COLOR"	"255,204,204"
|   12296|DEBUG|2018/03/16|19:40| 		}
|   12296|DEBUG|2018/03/16|19:40| 		ELEM {
|   12296|DEBUG|2018/03/16|19:40| 			NB_PROP	"12"
|   12296|DEBUG|2018/03/16|19:40| 			"v_groupexec"	""
|   12296|DEBUG|2018/03/16|19:40| 			"ID"	"CO0000000011"
|   12296|DEBUG|2018/03/16|19:40| 			"V_COMMENT"	"CMT_0_X1"
|   12296|DEBUG|2018/03/16|19:40| 			"ID_ENV"	"EB0000000008"
|   12296|DEBUG|2018/03/16|19:40| 			"ID_APP"	""
|   12296|DEBUG|2018/03/16|19:40| 			"V_DESC"	"
                               Extraction flux commerçants
                               ---------------------------------------------
                                    1er jour ouvré 08h00"
|   12296|DEBUG|2018/03/16|19:40| 			"XYWH"	"250 3150 320 70"
|   12296|DEBUG|2018/03/16|19:40| 			"F_LPOS"	"1"
|   12296|DEBUG|2018/03/16|19:40| 			"URL_DOC"	""
|   12296|DEBUG|2018/03/16|19:40| 			"TYPE"	"4"
|   12296|DEBUG|2018/03/16|19:40| 			"FORE_COLOR"	""
|   12296|DEBUG|2018/03/16|19:40| 			"BACK_COLOR"	"204,255,204"
|   12296|DEBUG|2018/03/16|19:40| 		}
|   12296|DEBUG|2018/03/16|19:40| 		ELEM {
|   12296|DEBUG|2018/03/16|19:40| 			NB_PROP	"12"
|   12296|DEBUG|2018/03/16|19:40| 			"v_groupexec"	""
|   12296|DEBUG|2018/03/16|19:40| 			"ID"	"CO0000000012"
|   12329|DEBUG|2018/03/16|19:40| 			"V_COMMENT"	"rcmsb1_C0_C0_C2_C0_C0"
|   12329|DEBUG|2018/03/16|19:40| 			"ID_ENV"	"EB0000000008"
|   12329|DEBUG|2018/03/16|19:40| 			"ID_APP"	""
|   12329|DEBUG|2018/03/16|19:40| 			"V_DESC"	"
   Etat d'alerte pour gérer les renouv
        de bureau des associations
        -------------------------------------------
            1er jour ouvré 06h00

           "
|   12329|DEBUG|2018/03/16|19:40| 			"XYWH"	"-140 3150 180 70"
|   12329|DEBUG|2018/03/16|19:40| 			"F_LPOS"	"1"
|   12329|DEBUG|2018/03/16|19:40| 			"URL_DOC"	""
|   12329|DEBUG|2018/03/16|19:40| 			"TYPE"	"4"
|   12329|DEBUG|2018/03/16|19:40| 			"FORE_COLOR"	""
|   12329|DEBUG|2018/03/16|19:40| 			"BACK_COLOR"	"204,255,204"
|   12329|DEBUG|2018/03/16|19:40| 		}
|   12329|DEBUG|2018/03/16|19:40| 		ELEM {
|   12329|DEBUG|2018/03/16|19:40| 			NB_PROP	"12"
|   12329|DEBUG|2018/03/16|19:40| 			"v_groupexec"	""
|   12329|DEBUG|2018/03/16|19:40| 			"ID"	"CO0000000013"
|   12329|DEBUG|2018/03/16|19:40| 			"V_COMMENT"	"RET_COMP_X1_C1_C1_C0_C0"
|   12329|DEBUG|2018/03/16|19:40| 			"ID_ENV"	"EB0000000008"
|   12329|DEBUG|2018/03/16|19:40| 			"ID_APP"	""
|   12329|DEBUG|2018/03/16|19:40| 			"V_DESC"	"
       Réception fichier Bred
              DJO Auto 06h00
     Correspondance des codes
      postaux/codes communes

"
|   12329|DEBUG|2018/03/16|19:40| 			"XYWH"	"-330 3150 170 70"
|   12329|DEBUG|2018/03/16|19:40| 			"F_LPOS"	"1"
|   12329|DEBUG|2018/03/16|19:40| 			"URL_DOC"	""
|   12329|DEBUG|2018/03/16|19:40| 			"TYPE"	"4"
|   12329|DEBUG|2018/03/16|19:40| 			"FORE_COLOR"	""
|   12329|DEBUG|2018/03/16|19:40| 			"BACK_COLOR"	"204,255,204"
|   12329|DEBUG|2018/03/16|19:40| 		}
|   12329|DEBUG|2018/03/16|19:40| 		ELEM {
|   12329|DEBUG|2018/03/16|19:40| 			NB_PROP	"12"
|   12329|DEBUG|2018/03/16|19:40| 			"v_groupexec"	""
|   12329|DEBUG|2018/03/16|19:40| 			"ID"	"CO0000000014"
|   12329|DEBUG|2018/03/16|19:40| 			"V_COMMENT"	"_C0_C0_C0_C0_C0_C0_C0_C0_C0_C0"
|   12329|DEBUG|2018/03/16|19:40| 			"ID_ENV"	"EB0000000008"
|   12329|DEBUG|2018/03/16|19:40| 			"ID_APP"	""
|   12329|DEBUG|2018/03/16|19:40| 			"V_DESC"	"
           Mise à jour de la
    Base Extraits de comptes
          Décade et Quizaine
                 à 08H00
"
|   12329|DEBUG|2018/03/16|19:40| 			"XYWH"	"1120 2450 150 60"
|   12329|DEBUG|2018/03/16|19:40| 			"F_LPOS"	"1"
|   12329|DEBUG|2018/03/16|19:40| 			"URL_DOC"	""
|   12329|DEBUG|2018/03/16|19:40| 			"TYPE"	"4"
|   12329|DEBUG|2018/03/16|19:40| 			"FORE_COLOR"	""
|   12329|DEBUG|2018/03/16|19:40| 			"BACK_COLOR"	"204,255,204"
|   12329|DEBUG|2018/03/16|19:40| 		}
|   12329|DEBUG|2018/03/16|19:40| 		ELEM {
|   12329|DEBUG|2018/03/16|19:40| 			NB_PROP	"12"
|   12329|DEBUG|2018/03/16|19:40| 			"v_groupexec"	""
|   12329|DEBUG|2018/03/16|19:40| 			"ID"	"CO0000000015"
|   12329|DEBUG|2018/03/16|19:40| 			"V_COMMENT"	"_C1_C0_C0_C0_C0_C0_C0_C0_C0_C0"
|   12329|DEBUG|2018/03/16|19:40| 			"ID_ENV"	"EB0000000008"
|   12329|DEBUG|2018/03/16|19:40| 			"ID_APP"	""
|   12329|DEBUG|2018/03/16|19:40| 			"V_DESC"	"
           Mise à jour de la
    Base Extraits de comptes
------------------------------------------------
LENDEMAIN DE LA CLOTURE
                 à 08H00
"
|   12329|DEBUG|2018/03/16|19:40| 			"XYWH"	"660 3150 150 70"
|   12329|DEBUG|2018/03/16|19:40| 			"F_LPOS"	"1"
|   12329|DEBUG|2018/03/16|19:40| 			"URL_DOC"	""
|   12330|DEBUG|2018/03/16|19:40| 			"TYPE"	"4"
|   12330|DEBUG|2018/03/16|19:40| 			"FORE_COLOR"	""
|   12330|DEBUG|2018/03/16|19:40| 			"BACK_COLOR"	"204,255,204"
|   12330|DEBUG|2018/03/16|19:40| 		}
|   12330|DEBUG|2018/03/16|19:40| 		ELEM {
|   12330|DEBUG|2018/03/16|19:40| 			NB_PROP	"12"
|   12330|DEBUG|2018/03/16|19:40| 			"v_groupexec"	""
|   12330|DEBUG|2018/03/16|19:40| 			"ID"	"CO0000000016"
|   12330|DEBUG|2018/03/16|19:40| 			"V_COMMENT"	"ALL_COMP"
|   12330|DEBUG|2018/03/16|19:40| 			"ID_ENV"	"EB0000000008"
|   12330|DEBUG|2018/03/16|19:40| 			"ID_APP"	""
|   12330|DEBUG|2018/03/16|19:40| 			"V_DESC"	"

     TRAITEMENT Prise en compte retour CSB"
|   12330|DEBUG|2018/03/16|19:40| 			"XYWH"	"410 -1130 230 50"
|   12330|DEBUG|2018/03/16|19:40| 			"F_LPOS"	"1"
|   12330|DEBUG|2018/03/16|19:40| 			"URL_DOC"	""
|   12330|DEBUG|2018/03/16|19:40| 			"TYPE"	"4"
|   12330|DEBUG|2018/03/16|19:40| 			"FORE_COLOR"	""
|   12330|DEBUG|2018/03/16|19:40| 			"BACK_COLOR"	"153,153,255"
|   12330|DEBUG|2018/03/16|19:40| 		}
|   12330|DEBUG|2018/03/16|19:40| 		ELEM {
|   12330|DEBUG|2018/03/16|19:40| 			NB_PROP	"12"
|   12330|DEBUG|2018/03/16|19:40| 			"v_groupexec"	""
|   12330|DEBUG|2018/03/16|19:40| 			"ID"	"CO0000000017"
|   12330|DEBUG|2018/03/16|19:40| 			"V_COMMENT"	"ALL_COMP_C0"
|   12330|DEBUG|2018/03/16|19:40| 			"ID_ENV"	"EB0000000008"
|   12330|DEBUG|2018/03/16|19:40| 			"ID_APP"	""
|   12330|DEBUG|2018/03/16|19:40| 			"V_DESC"	"

     TRAITEMENT DU SIT ALLER"
|   12330|DEBUG|2018/03/16|19:40| 			"XYWH"	"460 400 180 50"
|   12330|DEBUG|2018/03/16|19:40| 			"F_LPOS"	"1"
|   12330|DEBUG|2018/03/16|19:40| 			"URL_DOC"	""
|   12330|DEBUG|2018/03/16|19:40| 			"TYPE"	"4"
|   12330|DEBUG|2018/03/16|19:40| 			"FORE_COLOR"	""
|   12330|DEBUG|2018/03/16|19:40| 			"BACK_COLOR"	"255,204,255"
|   12330|DEBUG|2018/03/16|19:40| 		}
|   12330|DEBUG|2018/03/16|19:40| 		ELEM {
|   12330|DEBUG|2018/03/16|19:40| 			NB_PROP	"12"
|   12330|DEBUG|2018/03/16|19:40| 			"v_groupexec"	""
|   12330|DEBUG|2018/03/16|19:40| 			"ID"	"CO0000000018"
|   12330|DEBUG|2018/03/16|19:40| 			"V_COMMENT"	"ALL_COMP_C0_C0"
|   12330|DEBUG|2018/03/16|19:40| 			"ID_ENV"	"EB0000000008"
|   12330|DEBUG|2018/03/16|19:40| 			"ID_APP"	""
|   12330|DEBUG|2018/03/16|19:40| 			"V_DESC"	"

     TRAITEMENT DU SIT RETOUR"
|   12330|DEBUG|2018/03/16|19:40| 			"XYWH"	"130 -350 180 50"
|   12330|DEBUG|2018/03/16|19:40| 			"F_LPOS"	"1"
|   12330|DEBUG|2018/03/16|19:40| 			"URL_DOC"	""
|   12330|DEBUG|2018/03/16|19:40| 			"TYPE"	"4"
|   12330|DEBUG|2018/03/16|19:40| 			"FORE_COLOR"	""
|   12330|DEBUG|2018/03/16|19:40| 			"BACK_COLOR"	"255,204,255"
|   12330|DEBUG|2018/03/16|19:40| 		}
|   12330|DEBUG|2018/03/16|19:40| 		ELEM {
|   12330|DEBUG|2018/03/16|19:40| 			NB_PROP	"12"
|   12330|DEBUG|2018/03/16|19:40| 			"v_groupexec"	""
|   12330|DEBUG|2018/03/16|19:40| 			"ID"	"CO0000000019"
|   12330|DEBUG|2018/03/16|19:40| 			"V_COMMENT"	"ALL_COMP_C0_C1_C0_C0"
|   12330|DEBUG|2018/03/16|19:40| 			"ID_ENV"	"EB0000000008"
|   12330|DEBUG|2018/03/16|19:40| 			"ID_APP"	""
|   12330|DEBUG|2018/03/16|19:40| 			"V_DESC"	"                                                         SUIVI DU REESCOMPTE
                                   Le Vendredi après Cotation BDF - A la demande de la Compta
                                       Si OK pour ENVOI du fichier demander SUPPTEMCOTA,
                                      si l'on ENVOI PAS le fichier demander SUPPTEMCOTA2"
|   12330|DEBUG|2018/03/16|19:40| 			"XYWH"	"320 2380 540 50"
|   12330|DEBUG|2018/03/16|19:40| 			"F_LPOS"	"1"
|   12330|DEBUG|2018/03/16|19:40| 			"URL_DOC"	""
|   12330|DEBUG|2018/03/16|19:40| 			"TYPE"	"4"
|   12330|DEBUG|2018/03/16|19:40| 			"FORE_COLOR"	""
|   12330|DEBUG|2018/03/16|19:40| 			"BACK_COLOR"	"255,255,153"
|   12330|DEBUG|2018/03/16|19:40| 		}
|   12330|DEBUG|2018/03/16|19:40| 		ELEM {
|   12330|DEBUG|2018/03/16|19:40| 			NB_PROP	"12"
|   12330|DEBUG|2018/03/16|19:40| 			"v_groupexec"	""
|   12330|DEBUG|2018/03/16|19:40| 			"ID"	"CO0000000020"
|   12330|DEBUG|2018/03/16|19:40| 			"V_COMMENT"	"ALL_COMP_C1"
|   12330|DEBUG|2018/03/16|19:40| 			"ID_ENV"	"EB0000000008"
|   12330|DEBUG|2018/03/16|19:40| 			"ID_APP"	""
|   12330|DEBUG|2018/03/16|19:40| 			"V_DESC"	"

     TRAITEMENT GFM"
|   12330|DEBUG|2018/03/16|19:40| 			"XYWH"	"-160 -1130 130 50"
|   12330|DEBUG|2018/03/16|19:40| 			"F_LPOS"	"1"
|   12330|DEBUG|2018/03/16|19:40| 			"URL_DOC"	""
|   12330|DEBUG|2018/03/16|19:40| 			"TYPE"	"4"
|   12330|DEBUG|2018/03/16|19:40| 			"FORE_COLOR"	""
|   12330|DEBUG|2018/03/16|19:40| 			"BACK_COLOR"	"51,255,0"
|   12330|DEBUG|2018/03/16|19:40| 		}
|   12330|DEBUG|2018/03/16|19:40| 		ELEM {
|   12330|DEBUG|2018/03/16|19:40| 			NB_PROP	"12"
|   12330|DEBUG|2018/03/16|19:40| 			"v_groupexec"	""
|   12330|DEBUG|2018/03/16|19:40| 			"ID"	"CO0000000021"
|   12330|DEBUG|2018/03/16|19:40| 			"V_COMMENT"	"CMT_1"
|   12330|DEBUG|2018/03/16|19:40| 			"ID_ENV"	"EB0000000008"
|   12330|DEBUG|2018/03/16|19:40| 			"ID_APP"	""
|   12330|DEBUG|2018/03/16|19:40| 			"V_DESC"	"
            NOTATION INTERNE
           ------------------------------------
   Traitement Mensuel tous les 25
                  a 09H00
"
|   12330|DEBUG|2018/03/16|19:40| 			"XYWH"	"-130 3300 170 70"
|   12330|DEBUG|2018/03/16|19:40| 			"F_LPOS"	"1"
|   12330|DEBUG|2018/03/16|19:40| 			"URL_DOC"	""
|   12330|DEBUG|2018/03/16|19:40| 			"TYPE"	"4"
|   12330|DEBUG|2018/03/16|19:40| 			"FORE_COLOR"	""
|   12330|DEBUG|2018/03/16|19:40| 			"BACK_COLOR"	"204,255,204"
|   12330|DEBUG|2018/03/16|19:40| 		}
|   12330|DEBUG|2018/03/16|19:40| 		ELEM {
|   12330|DEBUG|2018/03/16|19:40| 			NB_PROP	"12"
|   12330|DEBUG|2018/03/16|19:40| 			"v_groupexec"	""
|   12330|DEBUG|2018/03/16|19:40| 			"ID"	"CO0000000022"
|   12330|DEBUG|2018/03/16|19:40| 			"V_COMMENT"	"CMT_1_C0"
|   12330|DEBUG|2018/03/16|19:40| 			"ID_ENV"	"EB0000000008"
|   12330|DEBUG|2018/03/16|19:40| 			"ID_APP"	""
|   12330|DEBUG|2018/03/16|19:40| 			"V_DESC"	"
     Tombées des Echéances"
|   12330|DEBUG|2018/03/16|19:40| 			"XYWH"	"610 -1830 150 30"
|   12330|DEBUG|2018/03/16|19:40| 			"F_LPOS"	"1"
|   12330|DEBUG|2018/03/16|19:40| 			"URL_DOC"	""
|   12330|DEBUG|2018/03/16|19:40| 			"TYPE"	"4"
|   12330|DEBUG|2018/03/16|19:40| 			"FORE_COLOR"	""
|   12330|DEBUG|2018/03/16|19:40| 			"BACK_COLOR"	""
|   12330|DEBUG|2018/03/16|19:40| 		}
|   12330|DEBUG|2018/03/16|19:40| 		ELEM {
|   12330|DEBUG|2018/03/16|19:40| 			NB_PROP	"12"
|   12330|DEBUG|2018/03/16|19:40| 			"v_groupexec"	""
|   12330|DEBUG|2018/03/16|19:40| 			"ID"	"CO0000000023"
|   12330|DEBUG|2018/03/16|19:40| 			"V_COMMENT"	"CMT_1_C0_C0"
|   12330|DEBUG|2018/03/16|19:40| 			"ID_ENV"	"EB0000000008"
|   12330|DEBUG|2018/03/16|19:40| 			"ID_APP"	""
|   12330|DEBUG|2018/03/16|19:40| 			"V_DESC"	"
     Annulation des Contrats"
|   12330|DEBUG|2018/03/16|19:40| 			"XYWH"	"770 -1830 150 30"
|   12330|DEBUG|2018/03/16|19:40| 			"F_LPOS"	"1"
|   12330|DEBUG|2018/03/16|19:40| 			"URL_DOC"	""
|   12330|DEBUG|2018/03/16|19:40| 			"TYPE"	"4"
|   12330|DEBUG|2018/03/16|19:40| 			"FORE_COLOR"	""
|   12330|DEBUG|2018/03/16|19:40| 			"BACK_COLOR"	""
|   12330|DEBUG|2018/03/16|19:40| 		}
|   12330|DEBUG|2018/03/16|19:40| 		ELEM {
|   12330|DEBUG|2018/03/16|19:40| 			NB_PROP	"12"
|   12330|DEBUG|2018/03/16|19:40| 			"v_groupexec"	""
|   12330|DEBUG|2018/03/16|19:40| 			"ID"	"CO0000000024"
|   12330|DEBUG|2018/03/16|19:40| 			"V_COMMENT"	"CMT_1_C0_C1"
|   12330|DEBUG|2018/03/16|19:40| 			"ID_ENV"	"EB0000000008"
|   12330|DEBUG|2018/03/16|19:40| 			"ID_APP"	""
|   12330|DEBUG|2018/03/16|19:40| 			"V_DESC"	"
                                                                                          Paiement en N fois par Carte
                                                                                                           10H
"
|   12330|DEBUG|2018/03/16|19:40| 			"XYWH"	"300 -1890 780 40"
|   12331|DEBUG|2018/03/16|19:40| 			"F_LPOS"	"1"
|   12331|DEBUG|2018/03/16|19:40| 			"URL_DOC"	""
|   12331|DEBUG|2018/03/16|19:40| 			"TYPE"	"4"
|   12331|DEBUG|2018/03/16|19:40| 			"FORE_COLOR"	""
|   12331|DEBUG|2018/03/16|19:40| 			"BACK_COLOR"	"255,204,102"
|   12331|DEBUG|2018/03/16|19:40| 		}
|   12331|DEBUG|2018/03/16|19:40| 		ELEM {
|   12331|DEBUG|2018/03/16|19:40| 			NB_PROP	"12"
|   12331|DEBUG|2018/03/16|19:40| 			"v_groupexec"	""
|   12331|DEBUG|2018/03/16|19:40| 			"ID"	"CO0000000025"
|   12331|DEBUG|2018/03/16|19:40| 			"V_COMMENT"	"CMT_1_C1"
|   12331|DEBUG|2018/03/16|19:40| 			"ID_ENV"	"EB0000000008"
|   12331|DEBUG|2018/03/16|19:40| 			"ID_APP"	""
|   12331|DEBUG|2018/03/16|19:40| 			"V_DESC"	"
 Transfert des fichiers SMS
         Sur Axway-PRD
  "
|   12331|DEBUG|2018/03/16|19:40| 			"XYWH"	"170 -2950 130 50"
|   12331|DEBUG|2018/03/16|19:40| 			"F_LPOS"	"1"
|   12331|DEBUG|2018/03/16|19:40| 			"URL_DOC"	""
|   12331|DEBUG|2018/03/16|19:40| 			"TYPE"	"4"
|   12331|DEBUG|2018/03/16|19:40| 			"FORE_COLOR"	""
|   12331|DEBUG|2018/03/16|19:40| 			"BACK_COLOR"	"0,255,204"
|   12331|DEBUG|2018/03/16|19:40| 		}
|   12331|DEBUG|2018/03/16|19:40| 		ELEM {
|   12331|DEBUG|2018/03/16|19:40| 			NB_PROP	"12"
|   12331|DEBUG|2018/03/16|19:40| 			"v_groupexec"	""
|   12331|DEBUG|2018/03/16|19:40| 			"ID"	"CO0000000026"
|   12331|DEBUG|2018/03/16|19:40| 			"V_COMMENT"	"CMT_1_X1"
|   12331|DEBUG|2018/03/16|19:40| 			"ID_ENV"	"EB0000000008"
|   12331|DEBUG|2018/03/16|19:40| 			"ID_APP"	""
|   12331|DEBUG|2018/03/16|19:40| 			"V_DESC"	"
        Nouveaux Contrats"
|   12331|DEBUG|2018/03/16|19:40| 			"XYWH"	"460 -1830 140 30"
|   12331|DEBUG|2018/03/16|19:40| 			"F_LPOS"	"1"
|   12331|DEBUG|2018/03/16|19:40| 			"URL_DOC"	""
|   12331|DEBUG|2018/03/16|19:40| 			"TYPE"	"4"
|   12331|DEBUG|2018/03/16|19:40| 			"FORE_COLOR"	""
|   12331|DEBUG|2018/03/16|19:40| 			"BACK_COLOR"	""
|   12331|DEBUG|2018/03/16|19:40| 		}
|   12331|DEBUG|2018/03/16|19:40| 		ELEM {
|   12331|DEBUG|2018/03/16|19:40| 			NB_PROP	"12"
|   12331|DEBUG|2018/03/16|19:40| 			"v_groupexec"	""
|   12331|DEBUG|2018/03/16|19:40| 			"ID"	"CO0000000027"
|   12331|DEBUG|2018/03/16|19:40| 			"V_COMMENT"	"CMT_2"
|   12331|DEBUG|2018/03/16|19:40| 			"ID_ENV"	"EB0000000008"
|   12331|DEBUG|2018/03/16|19:40| 			"ID_APP"	""
|   12331|DEBUG|2018/03/16|19:40| 			"V_DESC"	"
 Création de la RESSOURCE SIENCNOALL
       si pas d'ALLER COMPENSATION"
|   12331|DEBUG|2018/03/16|19:40| 			"XYWH"	"190 -490 210 40"
|   12331|DEBUG|2018/03/16|19:40| 			"F_LPOS"	"1"
|   12331|DEBUG|2018/03/16|19:40| 			"URL_DOC"	""
|   12331|DEBUG|2018/03/16|19:40| 			"TYPE"	"4"
|   12331|DEBUG|2018/03/16|19:40| 			"FORE_COLOR"	""
|   12331|DEBUG|2018/03/16|19:40| 			"BACK_COLOR"	"255,153,204"
|   12331|DEBUG|2018/03/16|19:40| 		}
|   12331|DEBUG|2018/03/16|19:40| 		ELEM {
|   12331|DEBUG|2018/03/16|19:40| 			NB_PROP	"12"
|   12331|DEBUG|2018/03/16|19:40| 			"v_groupexec"	""
|   12331|DEBUG|2018/03/16|19:40| 			"ID"	"CO0000000028"
|   12331|DEBUG|2018/03/16|19:40| 			"V_COMMENT"	"CMT_3"
|   12331|DEBUG|2018/03/16|19:40| 			"ID_ENV"	"EB0000000008"
|   12331|DEBUG|2018/03/16|19:40| 			"ID_APP"	""
|   12331|DEBUG|2018/03/16|19:40| 			"V_DESC"	"
   Envoi Aller FICOM
         Le Lundi
           07h40"
|   12331|DEBUG|2018/03/16|19:40| 			"XYWH"	"40 2420 110 50"
|   12331|DEBUG|2018/03/16|19:40| 			"F_LPOS"	"1"
|   12331|DEBUG|2018/03/16|19:40| 			"URL_DOC"	""
|   12331|DEBUG|2018/03/16|19:40| 			"TYPE"	"4"
|   12331|DEBUG|2018/03/16|19:40| 			"FORE_COLOR"	""
|   12331|DEBUG|2018/03/16|19:40| 			"BACK_COLOR"	"255,255,153"
|   12331|DEBUG|2018/03/16|19:40| 		}
|   12331|DEBUG|2018/03/16|19:40| 		ELEM {
|   12331|DEBUG|2018/03/16|19:40| 			NB_PROP	"12"
|   12331|DEBUG|2018/03/16|19:40| 			"v_groupexec"	""
|   12331|DEBUG|2018/03/16|19:40| 			"ID"	"CO0000000029"
|   12331|DEBUG|2018/03/16|19:40| 			"V_COMMENT"	"CMT_3_C0"
|   12331|DEBUG|2018/03/16|19:40| 			"ID_ENV"	"EB0000000008"
|   12331|DEBUG|2018/03/16|19:40| 			"ID_APP"	""
|   12331|DEBUG|2018/03/16|19:40| 			"V_DESC"	"
   Récup des compteurs GAB
          Internes et Externes"
|   12331|DEBUG|2018/03/16|19:40| 			"XYWH"	"540 -2810 150 50"
|   12331|DEBUG|2018/03/16|19:40| 			"F_LPOS"	"1"
|   12331|DEBUG|2018/03/16|19:40| 			"URL_DOC"	""
|   12331|DEBUG|2018/03/16|19:40| 			"TYPE"	"4"
|   12331|DEBUG|2018/03/16|19:40| 			"FORE_COLOR"	""
|   12331|DEBUG|2018/03/16|19:40| 			"BACK_COLOR"	"102,153,255"
|   12331|DEBUG|2018/03/16|19:40| 		}
|   12331|DEBUG|2018/03/16|19:40| 		ELEM {
|   12331|DEBUG|2018/03/16|19:40| 			NB_PROP	"12"
|   12331|DEBUG|2018/03/16|19:40| 			"v_groupexec"	""
|   12331|DEBUG|2018/03/16|19:40| 			"ID"	"CO0000000030"
|   12331|DEBUG|2018/03/16|19:40| 			"V_COMMENT"	"CMT_4"
|   12331|DEBUG|2018/03/16|19:40| 			"ID_ENV"	"EB0000000008"
|   12331|DEBUG|2018/03/16|19:40| 			"ID_APP"	""
|   12331|DEBUG|2018/03/16|19:40| 			"V_DESC"	"




                                                                                                                                                                                                                                                                        ANNUEL"
|   12331|DEBUG|2018/03/16|19:40| 			"XYWH"	"-350 3860 1640 70"
|   12331|DEBUG|2018/03/16|19:40| 			"F_LPOS"	"1"
|   12331|DEBUG|2018/03/16|19:40| 			"URL_DOC"	""
|   12331|DEBUG|2018/03/16|19:40| 			"TYPE"	"4"
|   12331|DEBUG|2018/03/16|19:40| 			"FORE_COLOR"	""
|   12331|DEBUG|2018/03/16|19:40| 			"BACK_COLOR"	""
|   12331|DEBUG|2018/03/16|19:40| 		}
|   12331|DEBUG|2018/03/16|19:40| 		ELEM {
|   12331|DEBUG|2018/03/16|19:40| 			NB_PROP	"12"
|   12331|DEBUG|2018/03/16|19:40| 			"v_groupexec"	""
|   12331|DEBUG|2018/03/16|19:40| 			"ID"	"CO0000000031"
|   12331|DEBUG|2018/03/16|19:40| 			"V_COMMENT"	"CMT_4_C0"
|   12331|DEBUG|2018/03/16|19:40| 			"ID_ENV"	"EB0000000008"
|   12331|DEBUG|2018/03/16|19:40| 			"ID_APP"	""
|   12331|DEBUG|2018/03/16|19:40| 			"V_DESC"	"
                                                                                                                                                                                                                                                              HEBDOMADAIRE "
|   12331|DEBUG|2018/03/16|19:40| 			"XYWH"	"-360 2250 1640 70"
|   12331|DEBUG|2018/03/16|19:40| 			"F_LPOS"	"1"
|   12331|DEBUG|2018/03/16|19:40| 			"URL_DOC"	""
|   12331|DEBUG|2018/03/16|19:40| 			"TYPE"	"4"
|   12331|DEBUG|2018/03/16|19:40| 			"FORE_COLOR"	""
|   12331|DEBUG|2018/03/16|19:40| 			"BACK_COLOR"	""
|   12331|DEBUG|2018/03/16|19:40| 		}
|   12331|DEBUG|2018/03/16|19:40| 		ELEM {
|   12331|DEBUG|2018/03/16|19:40| 			NB_PROP	"12"
|   12331|DEBUG|2018/03/16|19:40| 			"v_groupexec"	""
|   12331|DEBUG|2018/03/16|19:40| 			"ID"	"CO0000000032"
|   12331|DEBUG|2018/03/16|19:40| 			"V_COMMENT"	"CMT_4_C0_C0"
|   12331|DEBUG|2018/03/16|19:40| 			"ID_ENV"	"EB0000000008"
|   12331|DEBUG|2018/03/16|19:40| 			"ID_APP"	""
|   12331|DEBUG|2018/03/16|19:40| 			"V_DESC"	"




                                                                                                                                                                                                                                                                      MENSUEL"
|   12331|DEBUG|2018/03/16|19:40| 			"XYWH"	"-350 3060 1640 70"
|   12331|DEBUG|2018/03/16|19:40| 			"F_LPOS"	"1"
|   12331|DEBUG|2018/03/16|19:40| 			"URL_DOC"	""
|   12331|DEBUG|2018/03/16|19:40| 			"TYPE"	"4"
|   12331|DEBUG|2018/03/16|19:40| 			"FORE_COLOR"	""
|   12331|DEBUG|2018/03/16|19:40| 			"BACK_COLOR"	""
|   12331|DEBUG|2018/03/16|19:40| 		}
|   12331|DEBUG|2018/03/16|19:40| 		ELEM {
|   12331|DEBUG|2018/03/16|19:40| 			NB_PROP	"12"
|   12331|DEBUG|2018/03/16|19:40| 			"v_groupexec"	""
|   12331|DEBUG|2018/03/16|19:40| 			"ID"	"CO0000000033"
|   12331|DEBUG|2018/03/16|19:40| 			"V_COMMENT"	"CMT_4_C1"
|   12331|DEBUG|2018/03/16|19:40| 			"ID_ENV"	"EB0000000008"
|   12331|DEBUG|2018/03/16|19:40| 			"ID_APP"	""
|   12331|DEBUG|2018/03/16|19:40| 			"V_DESC"	""
|   12331|DEBUG|2018/03/16|19:40| 			"XYWH"	"-360 -1220 1640 70"
|   12331|DEBUG|2018/03/16|19:40| 			"F_LPOS"	"1"
|   12331|DEBUG|2018/03/16|19:40| 			"URL_DOC"	""
|   12331|DEBUG|2018/03/16|19:40| 			"TYPE"	"4"
|   12331|DEBUG|2018/03/16|19:40| 			"FORE_COLOR"	""
|   12331|DEBUG|2018/03/16|19:40| 			"BACK_COLOR"	""
|   12331|DEBUG|2018/03/16|19:40| 		}
|   12331|DEBUG|2018/03/16|19:40| 		ELEM {
|   12331|DEBUG|2018/03/16|19:40| 			NB_PROP	"12"
|   12331|DEBUG|2018/03/16|19:40| 			"v_groupexec"	""
|   12331|DEBUG|2018/03/16|19:40| 			"ID"	"CO0000000034"
|   12331|DEBUG|2018/03/16|19:40| 			"V_COMMENT"	"CMT_4_C1_C0"
|   12331|DEBUG|2018/03/16|19:40| 			"ID_ENV"	"EB0000000008"
|   12331|DEBUG|2018/03/16|19:40| 			"ID_APP"	""
|   12331|DEBUG|2018/03/16|19:40| 			"V_DESC"	"
                                                                                                                                                                                                                                                                JOURNALIERS"
|   12331|DEBUG|2018/03/16|19:40| 			"XYWH"	"-350 -3040 1640 70"
|   12331|DEBUG|2018/03/16|19:40| 			"F_LPOS"	"1"
|   12331|DEBUG|2018/03/16|19:40| 			"URL_DOC"	""
|   12331|DEBUG|2018/03/16|19:40| 			"TYPE"	"4"
|   12331|DEBUG|2018/03/16|19:40| 			"FORE_COLOR"	""
|   12332|DEBUG|2018/03/16|19:40| 			"BACK_COLOR"	""
|   12332|DEBUG|2018/03/16|19:40| 		}
|   12332|DEBUG|2018/03/16|19:40| 		ELEM {
|   12332|DEBUG|2018/03/16|19:40| 			NB_PROP	"12"
|   12332|DEBUG|2018/03/16|19:40| 			"v_groupexec"	""
|   12332|DEBUG|2018/03/16|19:40| 			"ID"	"CO0000000035"
|   12332|DEBUG|2018/03/16|19:40| 			"V_COMMENT"	"CMT_5"
|   12332|DEBUG|2018/03/16|19:40| 			"ID_ENV"	"EB0000000008"
|   12332|DEBUG|2018/03/16|19:40| 			"ID_APP"	""
|   12332|DEBUG|2018/03/16|19:40| 			"V_DESC"	"
      Attendre Feu Vert
        de la monétique"
|   12332|DEBUG|2018/03/16|19:40| 			"XYWH"	"-250 -690 120 40"
|   12332|DEBUG|2018/03/16|19:40| 			"F_LPOS"	"1"
|   12332|DEBUG|2018/03/16|19:40| 			"URL_DOC"	""
|   12332|DEBUG|2018/03/16|19:40| 			"TYPE"	"4"
|   12332|DEBUG|2018/03/16|19:40| 			"FORE_COLOR"	""
|   12332|DEBUG|2018/03/16|19:40| 			"BACK_COLOR"	"255,51,0"
|   12332|DEBUG|2018/03/16|19:40| 		}
|   12332|DEBUG|2018/03/16|19:40| 		ELEM {
|   12332|DEBUG|2018/03/16|19:40| 			NB_PROP	"12"
|   12332|DEBUG|2018/03/16|19:40| 			"v_groupexec"	""
|   12332|DEBUG|2018/03/16|19:40| 			"ID"	"CO0000000036"
|   12332|DEBUG|2018/03/16|19:40| 			"V_COMMENT"	"CMT_6"
|   12332|DEBUG|2018/03/16|19:40| 			"ID_ENV"	"EB0000000008"
|   12332|DEBUG|2018/03/16|19:40| 			"ID_APP"	""
|   12332|DEBUG|2018/03/16|19:40| 			"V_DESC"	" Attendre Feu Vert
          du SOI"
|   12332|DEBUG|2018/03/16|19:40| 			"XYWH"	"-370 -2320 100 30"
|   12332|DEBUG|2018/03/16|19:40| 			"F_LPOS"	"1"
|   12332|DEBUG|2018/03/16|19:40| 			"URL_DOC"	""
|   12332|DEBUG|2018/03/16|19:40| 			"TYPE"	"4"
|   12332|DEBUG|2018/03/16|19:40| 			"FORE_COLOR"	""
|   12332|DEBUG|2018/03/16|19:40| 			"BACK_COLOR"	"255,51,0"
|   12332|DEBUG|2018/03/16|19:40| 		}
|   12332|DEBUG|2018/03/16|19:40| 		ELEM {
|   12332|DEBUG|2018/03/16|19:40| 			NB_PROP	"12"
|   12332|DEBUG|2018/03/16|19:40| 			"v_groupexec"	""
|   12332|DEBUG|2018/03/16|19:40| 			"ID"	"CO0000000037"
|   12332|DEBUG|2018/03/16|19:40| 			"V_COMMENT"	"CMT_9"
|   12332|DEBUG|2018/03/16|19:40| 			"ID_ENV"	"EB0000000008"
|   12332|DEBUG|2018/03/16|19:40| 			"ID_APP"	""
|   12332|DEBUG|2018/03/16|19:40| 			"V_DESC"	"    Attendre FEU VERT
       de la monétique
                  et
             compens"
|   12332|DEBUG|2018/03/16|19:40| 			"XYWH"	"400 -430 120 50"
|   12332|DEBUG|2018/03/16|19:40| 			"F_LPOS"	"1"
|   12332|DEBUG|2018/03/16|19:40| 			"URL_DOC"	""
|   12332|DEBUG|2018/03/16|19:40| 			"TYPE"	"4"
|   12332|DEBUG|2018/03/16|19:40| 			"FORE_COLOR"	""
|   12332|DEBUG|2018/03/16|19:40| 			"BACK_COLOR"	"255,51,0"
|   12332|DEBUG|2018/03/16|19:40| 		}
|   12332|DEBUG|2018/03/16|19:40| 		ELEM {
|   12332|DEBUG|2018/03/16|19:40| 			NB_PROP	"12"
|   12332|DEBUG|2018/03/16|19:40| 			"v_groupexec"	""
|   12332|DEBUG|2018/03/16|19:40| 			"ID"	"CO0000000038"
|   12332|DEBUG|2018/03/16|19:40| 			"V_COMMENT"	"etiq1_C0_C0_C0_C1_C0_C0"
|   12332|DEBUG|2018/03/16|19:40| 			"ID_ENV"	"EB0000000008"
|   12332|DEBUG|2018/03/16|19:40| 			"ID_APP"	""
|   12332|DEBUG|2018/03/16|19:40| 			"V_DESC"	"
          Extraction de la table des
          gestionnaires à la demande
             de l'OMP ou du RSSI "
|   12332|DEBUG|2018/03/16|19:40| 			"XYWH"	"520 4170 180 50"
|   12332|DEBUG|2018/03/16|19:40| 			"F_LPOS"	"1"
|   12332|DEBUG|2018/03/16|19:40| 			"URL_DOC"	""
|   12332|DEBUG|2018/03/16|19:40| 			"TYPE"	"4"
|   12332|DEBUG|2018/03/16|19:40| 			"FORE_COLOR"	""
|   12332|DEBUG|2018/03/16|19:40| 			"BACK_COLOR"	"255,153,153"
|   12332|DEBUG|2018/03/16|19:40| 		}
|   12332|DEBUG|2018/03/16|19:40| 		ELEM {
|   12332|DEBUG|2018/03/16|19:40| 			NB_PROP	"12"
|   12332|DEBUG|2018/03/16|19:40| 			"v_groupexec"	""
|   12332|DEBUG|2018/03/16|19:40| 			"ID"	"CO0000000039"
|   12332|DEBUG|2018/03/16|19:40| 			"V_COMMENT"	"etiq1_C0_C0_C0_C1_C0_C0_C0"
|   12332|DEBUG|2018/03/16|19:40| 			"ID_ENV"	"EB0000000008"
|   12332|DEBUG|2018/03/16|19:40| 			"ID_APP"	""
|   12332|DEBUG|2018/03/16|19:40| 			"V_DESC"	"
          Extraction des profils
          serveur AS400 iSeries
          à la demande  du Rssi "
|   12332|DEBUG|2018/03/16|19:40| 			"XYWH"	"330 4170 180 50"
|   12332|DEBUG|2018/03/16|19:40| 			"F_LPOS"	"1"
|   12332|DEBUG|2018/03/16|19:40| 			"URL_DOC"	""
|   12332|DEBUG|2018/03/16|19:40| 			"TYPE"	"4"
|   12332|DEBUG|2018/03/16|19:40| 			"FORE_COLOR"	""
|   12332|DEBUG|2018/03/16|19:40| 			"BACK_COLOR"	"255,153,153"
|   12332|DEBUG|2018/03/16|19:40| 		}
|   12332|DEBUG|2018/03/16|19:40| 		ELEM {
|   12332|DEBUG|2018/03/16|19:40| 			NB_PROP	"12"
|   12332|DEBUG|2018/03/16|19:40| 			"v_groupexec"	""
|   12332|DEBUG|2018/03/16|19:40| 			"ID"	"CO0000000040"
|   12332|DEBUG|2018/03/16|19:40| 			"V_COMMENT"	"etiq1_C0_C0_C0_C1_C0_C0_C0_C0"
|   12332|DEBUG|2018/03/16|19:40| 			"ID_ENV"	"EB0000000008"
|   12332|DEBUG|2018/03/16|19:40| 			"ID_APP"	""
|   12332|DEBUG|2018/03/16|19:40| 			"V_DESC"	"
          Extraction des profils
        AS400 avec  un mot de
                    par défaut "
|   12332|DEBUG|2018/03/16|19:40| 			"XYWH"	"-30 4170 180 50"
|   12332|DEBUG|2018/03/16|19:40| 			"F_LPOS"	"1"
|   12332|DEBUG|2018/03/16|19:40| 			"URL_DOC"	""
|   12332|DEBUG|2018/03/16|19:40| 			"TYPE"	"4"
|   12332|DEBUG|2018/03/16|19:40| 			"FORE_COLOR"	""
|   12332|DEBUG|2018/03/16|19:40| 			"BACK_COLOR"	"255,153,153"
|   12332|DEBUG|2018/03/16|19:40| 		}
|   12332|DEBUG|2018/03/16|19:40| 		ELEM {
|   12332|DEBUG|2018/03/16|19:40| 			NB_PROP	"12"
|   12332|DEBUG|2018/03/16|19:40| 			"v_groupexec"	""
|   12332|DEBUG|2018/03/16|19:40| 			"ID"	"CO0000000041"
|   12332|DEBUG|2018/03/16|19:40| 			"V_COMMENT"	"etiq1_C0_C0_C0_C1_C0_C0_C0_C1"
|   12332|DEBUG|2018/03/16|19:40| 			"ID_ENV"	"EB0000000008"
|   12332|DEBUG|2018/03/16|19:40| 			"ID_APP"	""
|   12332|DEBUG|2018/03/16|19:40| 			"V_DESC"	"
          Edition  des  rapports
          sur les droits publics
          et privés des profiles"
|   12332|DEBUG|2018/03/16|19:40| 			"XYWH"	"160 4170 160 50"
|   12332|DEBUG|2018/03/16|19:40| 			"F_LPOS"	"1"
|   12332|DEBUG|2018/03/16|19:40| 			"URL_DOC"	""
|   12332|DEBUG|2018/03/16|19:40| 			"TYPE"	"4"
|   12332|DEBUG|2018/03/16|19:40| 			"FORE_COLOR"	""
|   12332|DEBUG|2018/03/16|19:40| 			"BACK_COLOR"	"255,153,153"
|   12332|DEBUG|2018/03/16|19:40| 		}
|   12332|DEBUG|2018/03/16|19:40| 		ELEM {
|   12332|DEBUG|2018/03/16|19:40| 			NB_PROP	"12"
|   12332|DEBUG|2018/03/16|19:40| 			"v_groupexec"	""
|   12332|DEBUG|2018/03/16|19:40| 			"ID"	"CO0000000042"
|   12332|DEBUG|2018/03/16|19:40| 			"V_COMMENT"	"etiq1_C0_C0_C0_C1_C0_C0_C1"
|   12332|DEBUG|2018/03/16|19:40| 			"ID_ENV"	"EB0000000008"
|   12332|DEBUG|2018/03/16|19:40| 			"ID_APP"	""
|   12332|DEBUG|2018/03/16|19:40| 			"V_DESC"	"
Lancement de l'analyse Sysload
         mensuelle du serveur
              de production"
|   12332|DEBUG|2018/03/16|19:40| 			"XYWH"	"710 4170 160 50"
|   12332|DEBUG|2018/03/16|19:40| 			"F_LPOS"	"1"
|   12332|DEBUG|2018/03/16|19:40| 			"URL_DOC"	""
|   12332|DEBUG|2018/03/16|19:40| 			"TYPE"	"4"
|   12332|DEBUG|2018/03/16|19:40| 			"FORE_COLOR"	""
|   12332|DEBUG|2018/03/16|19:40| 			"BACK_COLOR"	"255,153,153"
|   12332|DEBUG|2018/03/16|19:40| 		}
|   12332|DEBUG|2018/03/16|19:40| 		ELEM {
|   12332|DEBUG|2018/03/16|19:40| 			NB_PROP	"12"
|   12332|DEBUG|2018/03/16|19:40| 			"v_groupexec"	""
|   12332|DEBUG|2018/03/16|19:40| 			"ID"	"CO0000000043"
|   12332|DEBUG|2018/03/16|19:40| 			"V_COMMENT"	"rcmsb"
|   12332|DEBUG|2018/03/16|19:40| 			"ID_ENV"	"EB0000000008"
|   12332|DEBUG|2018/03/16|19:40| 			"ID_APP"	""
|   12332|DEBUG|2018/03/16|19:40| 			"V_DESC"	"
  1er Passage de contrôle.
        OBLIGATOIRE"
|   12332|DEBUG|2018/03/16|19:40| 			"XYWH"	"350 -700 130 40"
|   12332|DEBUG|2018/03/16|19:40| 			"F_LPOS"	"1"
|   12332|DEBUG|2018/03/16|19:40| 			"URL_DOC"	""
|   12332|DEBUG|2018/03/16|19:40| 			"TYPE"	"4"
|   12332|DEBUG|2018/03/16|19:40| 			"FORE_COLOR"	""
|   12332|DEBUG|2018/03/16|19:40| 			"BACK_COLOR"	"153,153,255"
|   12332|DEBUG|2018/03/16|19:40| 		}
|   12332|DEBUG|2018/03/16|19:40| 		ELEM {
|   12332|DEBUG|2018/03/16|19:40| 			NB_PROP	"12"
|   12332|DEBUG|2018/03/16|19:40| 			"v_groupexec"	""
|   12332|DEBUG|2018/03/16|19:40| 			"ID"	"CO0000000044"
|   12332|DEBUG|2018/03/16|19:40| 			"V_COMMENT"	"rcmsb1"
|   12332|DEBUG|2018/03/16|19:40| 			"ID_ENV"	"EB0000000008"
|   12332|DEBUG|2018/03/16|19:40| 			"ID_APP"	""
|   12332|DEBUG|2018/03/16|19:40| 			"V_DESC"	"
  2eme Passage de contrôle.
       après CORRECTION"
|   12332|DEBUG|2018/03/16|19:40| 			"XYWH"	"590 -700 140 40"
|   12332|DEBUG|2018/03/16|19:40| 			"F_LPOS"	"1"
|   12332|DEBUG|2018/03/16|19:40| 			"URL_DOC"	""
|   12332|DEBUG|2018/03/16|19:40| 			"TYPE"	"4"
|   12332|DEBUG|2018/03/16|19:40| 			"FORE_COLOR"	""
|   12332|DEBUG|2018/03/16|19:40| 			"BACK_COLOR"	"153,153,255"
|   12332|DEBUG|2018/03/16|19:40| 		}
|   12332|DEBUG|2018/03/16|19:40| 		ELEM {
|   12332|DEBUG|2018/03/16|19:40| 			NB_PROP	"12"
|   12332|DEBUG|2018/03/16|19:40| 			"v_groupexec"	""
|   12332|DEBUG|2018/03/16|19:40| 			"ID"	"CO0000000045"
|   12332|DEBUG|2018/03/16|19:40| 			"V_COMMENT"	"rcmsb1_C0_C0"
|   12332|DEBUG|2018/03/16|19:40| 			"ID_ENV"	"EB0000000008"
|   12332|DEBUG|2018/03/16|19:40| 			"ID_APP"	""
|   12332|DEBUG|2018/03/16|19:40| 			"V_DESC"	"
Constitution fichier BDLSTPTF
  1er jour de la semaine 08h00"
|   12332|DEBUG|2018/03/16|19:40| 			"XYWH"	"-350 2420 150 40"
|   12332|DEBUG|2018/03/16|19:40| 			"F_LPOS"	"1"
|   12332|DEBUG|2018/03/16|19:40| 			"URL_DOC"	""
|   12332|DEBUG|2018/03/16|19:40| 			"TYPE"	"4"
|   12332|DEBUG|2018/03/16|19:40| 			"FORE_COLOR"	""
|   12332|DEBUG|2018/03/16|19:40| 			"BACK_COLOR"	"255,255,153"
|   12332|DEBUG|2018/03/16|19:40| 		}
|   12332|DEBUG|2018/03/16|19:40| 		ELEM {
|   12332|DEBUG|2018/03/16|19:40| 			NB_PROP	"12"
|   12332|DEBUG|2018/03/16|19:40| 			"v_groupexec"	""
|   12332|DEBUG|2018/03/16|19:40| 			"ID"	"CO0000000046"
|   12332|DEBUG|2018/03/16|19:40| 			"V_COMMENT"	"rcmsb1_C0_C0_C0"
|   12332|DEBUG|2018/03/16|19:40| 			"ID_ENV"	"EB0000000008"
|   12332|DEBUG|2018/03/16|19:40| 			"ID_APP"	""
|   12332|DEBUG|2018/03/16|19:40| 			"V_DESC"	"
   Mise a jour de la date GAB
                  03h00
           "
|   12332|DEBUG|2018/03/16|19:40| 			"XYWH"	"-320 -2950 150 50"
|   12332|DEBUG|2018/03/16|19:40| 			"F_LPOS"	"1"
|   12332|DEBUG|2018/03/16|19:40| 			"URL_DOC"	""
|   12332|DEBUG|2018/03/16|19:40| 			"TYPE"	"4"
|   12332|DEBUG|2018/03/16|19:40| 			"FORE_COLOR"	""
|   12332|DEBUG|2018/03/16|19:40| 			"BACK_COLOR"	"102,153,255"
|   12332|DEBUG|2018/03/16|19:40| 		}
|   12332|DEBUG|2018/03/16|19:40| 		ELEM {
|   12332|DEBUG|2018/03/16|19:40| 			NB_PROP	"12"
|   12332|DEBUG|2018/03/16|19:40| 			"v_groupexec"	""
|   12332|DEBUG|2018/03/16|19:40| 			"ID"	"CO0000000047"
|   12332|DEBUG|2018/03/16|19:40| 			"V_COMMENT"	"rcmsb1_C0_C0_C0_C0"
|   12332|DEBUG|2018/03/16|19:40| 			"ID_ENV"	"EB0000000008"
|   12332|DEBUG|2018/03/16|19:40| 			"ID_APP"	""
|   12332|DEBUG|2018/03/16|19:40| 			"V_DESC"	"
   Edition de l'historique SAISAR
   1er jour de la semaine 08h00
           "
|   12332|DEBUG|2018/03/16|19:40| 			"XYWH"	"-170 2420 160 40"
|   12332|DEBUG|2018/03/16|19:40| 			"F_LPOS"	"1"
|   12332|DEBUG|2018/03/16|19:40| 			"URL_DOC"	""
|   12332|DEBUG|2018/03/16|19:40| 			"TYPE"	"4"
|   12332|DEBUG|2018/03/16|19:40| 			"FORE_COLOR"	""
|   12332|DEBUG|2018/03/16|19:40| 			"BACK_COLOR"	"255,255,153"
|   12332|DEBUG|2018/03/16|19:40| 		}
|   12332|DEBUG|2018/03/16|19:40| 		ELEM {
|   12332|DEBUG|2018/03/16|19:40| 			NB_PROP	"12"
|   12332|DEBUG|2018/03/16|19:40| 			"v_groupexec"	""
|   12332|DEBUG|2018/03/16|19:40| 			"ID"	"CO0000000048"
|   12332|DEBUG|2018/03/16|19:40| 			"V_COMMENT"	"rcmsb1_C0_C0_C0_C0_C0"
|   12332|DEBUG|2018/03/16|19:40| 			"ID_ENV"	"EB0000000008"
|   12332|DEBUG|2018/03/16|19:40| 			"ID_APP"	""
|   12332|DEBUG|2018/03/16|19:40| 			"V_DESC"	"
     Mail à CSB Interne
                07h15
           "
|   12332|DEBUG|2018/03/16|19:40| 			"XYWH"	"820 -2760 120 40"
|   12332|DEBUG|2018/03/16|19:40| 			"F_LPOS"	"1"
|   12332|DEBUG|2018/03/16|19:40| 			"URL_DOC"	""
|   12332|DEBUG|2018/03/16|19:40| 			"TYPE"	"4"
|   12332|DEBUG|2018/03/16|19:40| 			"FORE_COLOR"	""
|   12332|DEBUG|2018/03/16|19:40| 			"BACK_COLOR"	"204,255,255"
|   12332|DEBUG|2018/03/16|19:40| 		}
|   12332|DEBUG|2018/03/16|19:40| 		ELEM {
|   12332|DEBUG|2018/03/16|19:40| 			NB_PROP	"12"
|   12332|DEBUG|2018/03/16|19:40| 			"v_groupexec"	""
|   12332|DEBUG|2018/03/16|19:40| 			"ID"	"CO0000000049"
|   12332|DEBUG|2018/03/16|19:40| 			"V_COMMENT"	"rcmsb1_C0_C0_C1"
|   12332|DEBUG|2018/03/16|19:40| 			"ID_ENV"	"EB0000000008"
|   12332|DEBUG|2018/03/16|19:40| 			"ID_APP"	""
|   12332|DEBUG|2018/03/16|19:40| 			"V_DESC"	"
           B C I N E T
 Mise à jour Interlocuteur
     Démarrage à 06H00
           "
|   12332|DEBUG|2018/03/16|19:40| 			"XYWH"	"-140 -2950 130 50"
|   12332|DEBUG|2018/03/16|19:40| 			"F_LPOS"	"1"
|   12332|DEBUG|2018/03/16|19:40| 			"URL_DOC"	""
|   12332|DEBUG|2018/03/16|19:40| 			"TYPE"	"4"
|   12332|DEBUG|2018/03/16|19:40| 			"FORE_COLOR"	""
|   12333|DEBUG|2018/03/16|19:40| 			"BACK_COLOR"	"204,255,255"
|   12333|DEBUG|2018/03/16|19:40| 		}
|   12333|DEBUG|2018/03/16|19:40| 		ELEM {
|   12333|DEBUG|2018/03/16|19:40| 			NB_PROP	"12"
|   12333|DEBUG|2018/03/16|19:40| 			"v_groupexec"	""
|   12333|DEBUG|2018/03/16|19:40| 			"ID"	"CO0000000050"
|   12333|DEBUG|2018/03/16|19:40| 			"V_COMMENT"	"rcmsb1_C0_C0_C1_C0"
|   12333|DEBUG|2018/03/16|19:40| 			"ID_ENV"	"EB0000000008"
|   12333|DEBUG|2018/03/16|19:40| 			"ID_APP"	""
|   12333|DEBUG|2018/03/16|19:40| 			"V_DESC"	"
   Réception du fichier
        CNCA Compta
              9h00
           "
|   12333|DEBUG|2018/03/16|19:40| 			"XYWH"	"-210 -1460 120 50"
|   12333|DEBUG|2018/03/16|19:40| 			"F_LPOS"	"1"
|   12333|DEBUG|2018/03/16|19:40| 			"URL_DOC"	""
|   12333|DEBUG|2018/03/16|19:40| 			"TYPE"	"4"
|   12333|DEBUG|2018/03/16|19:40| 			"FORE_COLOR"	""
|   12333|DEBUG|2018/03/16|19:40| 			"BACK_COLOR"	"255,255,51"
|   12333|DEBUG|2018/03/16|19:40| 		}
|   12333|DEBUG|2018/03/16|19:40| 		ELEM {
|   12333|DEBUG|2018/03/16|19:40| 			NB_PROP	"12"
|   12333|DEBUG|2018/03/16|19:40| 			"v_groupexec"	""
|   12333|DEBUG|2018/03/16|19:40| 			"ID"	"CO0000000051"
|   12333|DEBUG|2018/03/16|19:40| 			"V_COMMENT"	"rcmsb1_C0_C0_C1_C0_C0"
|   12333|DEBUG|2018/03/16|19:40| 			"ID_ENV"	"EB0000000008"
|   12333|DEBUG|2018/03/16|19:40| 			"ID_APP"	""
|   12333|DEBUG|2018/03/16|19:40| 			"V_DESC"	"
  Courrier Info cessasion d'assurance
             en cas de fin de prêt
                        07h00
           "
|   12333|DEBUG|2018/03/16|19:40| 			"XYWH"	"330 -2820 180 50"
|   12333|DEBUG|2018/03/16|19:40| 			"F_LPOS"	"1"
|   12333|DEBUG|2018/03/16|19:40| 			"URL_DOC"	""
|   12333|DEBUG|2018/03/16|19:40| 			"TYPE"	"4"
|   12333|DEBUG|2018/03/16|19:40| 			"FORE_COLOR"	""
|   12333|DEBUG|2018/03/16|19:40| 			"BACK_COLOR"	"255,153,153"
|   12333|DEBUG|2018/03/16|19:40| 		}
|   12333|DEBUG|2018/03/16|19:40| 		ELEM {
|   12333|DEBUG|2018/03/16|19:40| 			NB_PROP	"12"
|   12333|DEBUG|2018/03/16|19:40| 			"v_groupexec"	""
|   12333|DEBUG|2018/03/16|19:40| 			"ID"	"CO0000000052"
|   12333|DEBUG|2018/03/16|19:40| 			"V_COMMENT"	"rcmsb1_C0_C0_C1_C0_C1"
|   12333|DEBUG|2018/03/16|19:40| 			"ID_ENV"	"EB0000000008"
|   12333|DEBUG|2018/03/16|19:40| 			"ID_APP"	""
|   12333|DEBUG|2018/03/16|19:40| 			"V_DESC"	"
   Réception du fichier
        Retour CADIF
              6h30
           "
|   12333|DEBUG|2018/03/16|19:40| 			"XYWH"	"60 -290 120 50"
|   12333|DEBUG|2018/03/16|19:40| 			"F_LPOS"	"1"
|   12333|DEBUG|2018/03/16|19:40| 			"URL_DOC"	""
|   12333|DEBUG|2018/03/16|19:40| 			"TYPE"	"4"
|   12333|DEBUG|2018/03/16|19:40| 			"FORE_COLOR"	""
|   12333|DEBUG|2018/03/16|19:40| 			"BACK_COLOR"	"255,204,255"
|   12333|DEBUG|2018/03/16|19:40| 		}
|   12333|DEBUG|2018/03/16|19:40| 		ELEM {
|   12333|DEBUG|2018/03/16|19:40| 			NB_PROP	"12"
|   12333|DEBUG|2018/03/16|19:40| 			"v_groupexec"	""
|   12333|DEBUG|2018/03/16|19:40| 			"ID"	"CO0000000053"
|   12333|DEBUG|2018/03/16|19:40| 			"V_COMMENT"	"rcmsb1_C0_C0_C1_C0_C1_C0"
|   12333|DEBUG|2018/03/16|19:40| 			"ID_ENV"	"EB0000000008"
|   12333|DEBUG|2018/03/16|19:40| 			"ID_APP"	""
|   12333|DEBUG|2018/03/16|19:40| 			"V_DESC"	"
     Réception des fichiers
     MONEXT/MONECAM
                  8h00
           "
|   12333|DEBUG|2018/03/16|19:40| 			"XYWH"	"970 -480 140 50"
|   12333|DEBUG|2018/03/16|19:40| 			"F_LPOS"	"1"
|   12333|DEBUG|2018/03/16|19:40| 			"URL_DOC"	""
|   12333|DEBUG|2018/03/16|19:40| 			"TYPE"	"4"
|   12333|DEBUG|2018/03/16|19:40| 			"FORE_COLOR"	""
|   12333|DEBUG|2018/03/16|19:40| 			"BACK_COLOR"	"255,255,51"
|   12333|DEBUG|2018/03/16|19:40| 		}
|   12333|DEBUG|2018/03/16|19:40| 		ELEM {
|   12333|DEBUG|2018/03/16|19:40| 			NB_PROP	"12"
|   12333|DEBUG|2018/03/16|19:40| 			"v_groupexec"	""
|   12333|DEBUG|2018/03/16|19:40| 			"ID"	"CO0000000054"
|   12333|DEBUG|2018/03/16|19:40| 			"V_COMMENT"	"rcmsb1_C0_C0_C2"
|   12333|DEBUG|2018/03/16|19:40| 			"ID_ENV"	"EB0000000008"
|   12333|DEBUG|2018/03/16|19:40| 			"ID_APP"	""
|   12333|DEBUG|2018/03/16|19:40| 			"V_DESC"	"
   Contrôle de Calendrier
                 07h00

           "
|   12333|DEBUG|2018/03/16|19:40| 			"XYWH"	"350 -2950 130 50"
|   12333|DEBUG|2018/03/16|19:40| 			"F_LPOS"	"1"
|   12333|DEBUG|2018/03/16|19:40| 			"URL_DOC"	""
|   12333|DEBUG|2018/03/16|19:40| 			"TYPE"	"4"
|   12333|DEBUG|2018/03/16|19:40| 			"FORE_COLOR"	""
|   12333|DEBUG|2018/03/16|19:40| 			"BACK_COLOR"	"255,153,153"
|   12333|DEBUG|2018/03/16|19:40| 		}
|   12333|DEBUG|2018/03/16|19:40| 		ELEM {
|   12333|DEBUG|2018/03/16|19:40| 			NB_PROP	"12"
|   12333|DEBUG|2018/03/16|19:40| 			"v_groupexec"	""
|   12333|DEBUG|2018/03/16|19:40| 			"ID"	"CO0000000055"
|   12333|DEBUG|2018/03/16|19:40| 			"V_COMMENT"	"rcmsb1_C0_C0_C2_C0"
|   12333|DEBUG|2018/03/16|19:40| 			"ID_ENV"	"EB0000000008"
|   12333|DEBUG|2018/03/16|19:40| 			"ID_APP"	""
|   12333|DEBUG|2018/03/16|19:40| 			"V_DESC"	"
   Contrôle MAJ Provision
-------------------------------------------
     1er jour ouvré 07h00

           "
|   12333|DEBUG|2018/03/16|19:40| 			"XYWH"	"70 3150 130 70"
|   12333|DEBUG|2018/03/16|19:40| 			"F_LPOS"	"1"
|   12333|DEBUG|2018/03/16|19:40| 			"URL_DOC"	""
|   12333|DEBUG|2018/03/16|19:40| 			"TYPE"	"4"
|   12333|DEBUG|2018/03/16|19:40| 			"FORE_COLOR"	""
|   12333|DEBUG|2018/03/16|19:40| 			"BACK_COLOR"	"204,255,204"
|   12333|DEBUG|2018/03/16|19:40| 		}
|   12333|DEBUG|2018/03/16|19:40| 		ELEM {
|   12333|DEBUG|2018/03/16|19:40| 			NB_PROP	"12"
|   12333|DEBUG|2018/03/16|19:40| 			"v_groupexec"	""
|   12333|DEBUG|2018/03/16|19:40| 			"ID"	"CO0000000056"
|   12333|DEBUG|2018/03/16|19:40| 			"V_COMMENT"	"rcmsb2"
|   12333|DEBUG|2018/03/16|19:40| 			"ID_ENV"	"EB0000000008"
|   12333|DEBUG|2018/03/16|19:40| 			"ID_APP"	""
|   12333|DEBUG|2018/03/16|19:40| 			"V_DESC"	"
  Passage de VALIDATION.
          OBLIGATOIRE
         après FEU VERT"
|   12333|DEBUG|2018/03/16|19:40| 			"XYWH"	"590 -610 140 50"
|   12333|DEBUG|2018/03/16|19:40| 			"F_LPOS"	"1"
|   12333|DEBUG|2018/03/16|19:40| 			"URL_DOC"	""
|   12333|DEBUG|2018/03/16|19:40| 			"TYPE"	"4"
|   12333|DEBUG|2018/03/16|19:40| 			"FORE_COLOR"	""
|   12333|DEBUG|2018/03/16|19:40| 			"BACK_COLOR"	"153,153,255"
|   12333|DEBUG|2018/03/16|19:40| 		}
|   12333|DEBUG|2018/03/16|19:40| 		ELEM {
|   12333|DEBUG|2018/03/16|19:40| 			NB_PROP	"12"
|   12333|DEBUG|2018/03/16|19:40| 			"v_groupexec"	""
|   12333|DEBUG|2018/03/16|19:40| 			"ID"	"CO0000000057"
|   12333|DEBUG|2018/03/16|19:40| 			"V_COMMENT"	"rcmsb2_C0"
|   12333|DEBUG|2018/03/16|19:40| 			"ID_ENV"	"EB0000000008"
|   12333|DEBUG|2018/03/16|19:40| 			"ID_APP"	""
|   12333|DEBUG|2018/03/16|19:40| 			"V_DESC"	"
         Mise à jour des DEVISES
           Entre 07h30 et 08h00"
|   12333|DEBUG|2018/03/16|19:40| 			"XYWH"	"-210 -2390 170 50"
|   12333|DEBUG|2018/03/16|19:40| 			"F_LPOS"	"1"
|   12333|DEBUG|2018/03/16|19:40| 			"URL_DOC"	""
|   12333|DEBUG|2018/03/16|19:40| 			"TYPE"	"4"
|   12333|DEBUG|2018/03/16|19:40| 			"FORE_COLOR"	"255,255,255"
|   12333|DEBUG|2018/03/16|19:40| 			"BACK_COLOR"	"102,0,102"
|   12333|DEBUG|2018/03/16|19:40| 		}
|   12333|DEBUG|2018/03/16|19:40| 		ELEM {
|   12333|DEBUG|2018/03/16|19:40| 			NB_PROP	"12"
|   12333|DEBUG|2018/03/16|19:40| 			"v_groupexec"	""
|   12333|DEBUG|2018/03/16|19:40| 			"ID"	"CO0000000058"
|   12333|DEBUG|2018/03/16|19:40| 			"V_COMMENT"	"rcmsb2_C0_C0_C0_C0"
|   12333|DEBUG|2018/03/16|19:40| 			"ID_ENV"	"EB0000000008"
|   12333|DEBUG|2018/03/16|19:40| 			"ID_APP"	""
|   12333|DEBUG|2018/03/16|19:40| 			"V_DESC"	"   Attendre Feu vert
    de la compens"
|   12333|DEBUG|2018/03/16|19:40| 			"XYWH"	"520 -280 100 30"
|   12333|DEBUG|2018/03/16|19:40| 			"F_LPOS"	"1"
|   12333|DEBUG|2018/03/16|19:40| 			"URL_DOC"	""
|   12333|DEBUG|2018/03/16|19:40| 			"TYPE"	"4"
|   12333|DEBUG|2018/03/16|19:40| 			"FORE_COLOR"	"51,51,51"
|   12333|DEBUG|2018/03/16|19:40| 			"BACK_COLOR"	"255,51,0"
|   12333|DEBUG|2018/03/16|19:40| 		}
|   12333|DEBUG|2018/03/16|19:40| 		ELEM {
|   12333|DEBUG|2018/03/16|19:40| 			NB_PROP	"12"
|   12333|DEBUG|2018/03/16|19:40| 			"v_groupexec"	""
|   12333|DEBUG|2018/03/16|19:40| 			"ID"	"CO0000000059"
|   12333|DEBUG|2018/03/16|19:40| 			"V_COMMENT"	"rcmsb2_C0_C0_C0_C0_C0_C0"
|   12333|DEBUG|2018/03/16|19:40| 			"ID_ENV"	"EB0000000008"
|   12333|DEBUG|2018/03/16|19:40| 			"ID_APP"	""
|   12333|DEBUG|2018/03/16|19:40| 			"V_DESC"	"
                                     ATTENTION ! NE PAS EXECUTER LES DEL SI ON ATTEND PLUSIEURS FICHIERS !"
|   12333|DEBUG|2018/03/16|19:40| 			"XYWH"	"300 -2020 790 30"
|   12333|DEBUG|2018/03/16|19:40| 			"F_LPOS"	"1"
|   12333|DEBUG|2018/03/16|19:40| 			"URL_DOC"	""
|   12333|DEBUG|2018/03/16|19:40| 			"TYPE"	"4"
|   12333|DEBUG|2018/03/16|19:40| 			"FORE_COLOR"	"0,0,0"
|   12333|DEBUG|2018/03/16|19:40| 			"BACK_COLOR"	"255,0,51"
|   12333|DEBUG|2018/03/16|19:40| 		}
|   12333|DEBUG|2018/03/16|19:40| 		ELEM {
|   12333|DEBUG|2018/03/16|19:40| 			NB_PROP	"12"
|   12333|DEBUG|2018/03/16|19:40| 			"v_groupexec"	""
|   12333|DEBUG|2018/03/16|19:40| 			"ID"	"CO0000000060"
|   12333|DEBUG|2018/03/16|19:40| 			"V_COMMENT"	"rcmsb2_C0_C0_C0_C0_C1"
|   12333|DEBUG|2018/03/16|19:40| 			"ID_ENV"	"EB0000000008"
|   12333|DEBUG|2018/03/16|19:40| 			"ID_APP"	""
|   12333|DEBUG|2018/03/16|19:40| 			"V_DESC"	"
      Envoi du fichier
            à l'IEOM"
|   12333|DEBUG|2018/03/16|19:40| 			"XYWH"	"620 2970 120 40"
|   12333|DEBUG|2018/03/16|19:40| 			"F_LPOS"	"1"
|   12333|DEBUG|2018/03/16|19:40| 			"URL_DOC"	""
|   12333|DEBUG|2018/03/16|19:40| 			"TYPE"	"4"
|   12333|DEBUG|2018/03/16|19:40| 			"FORE_COLOR"	"0,0,0"
|   12333|DEBUG|2018/03/16|19:40| 			"BACK_COLOR"	"255,51,0"
|   12333|DEBUG|2018/03/16|19:40| 		}
|   12333|DEBUG|2018/03/16|19:40| 		ELEM {
|   12333|DEBUG|2018/03/16|19:40| 			NB_PROP	"12"
|   12333|DEBUG|2018/03/16|19:40| 			"v_groupexec"	""
|   12333|DEBUG|2018/03/16|19:40| 			"ID"	"CO0000000061"
|   12333|DEBUG|2018/03/16|19:40| 			"V_COMMENT"	"rcmsb2_C0_C1"
|   12333|DEBUG|2018/03/16|19:40| 			"ID_ENV"	"EB0000000008"
|   12333|DEBUG|2018/03/16|19:40| 			"ID_APP"	""
|   12333|DEBUG|2018/03/16|19:40| 			"V_DESC"	"
    ALLER COMPENSATION"
|   12333|DEBUG|2018/03/16|19:40| 			"XYWH"	"560 -420 150 30"
|   12333|DEBUG|2018/03/16|19:40| 			"F_LPOS"	"1"
|   12333|DEBUG|2018/03/16|19:40| 			"URL_DOC"	""
|   12333|DEBUG|2018/03/16|19:40| 			"TYPE"	"4"
|   12333|DEBUG|2018/03/16|19:40| 			"FORE_COLOR"	"0,0,51"
|   12333|DEBUG|2018/03/16|19:40| 			"BACK_COLOR"	"153,153,255"
|   12333|DEBUG|2018/03/16|19:40| 		}
|   12333|DEBUG|2018/03/16|19:40| 		ELEM {
|   12333|DEBUG|2018/03/16|19:40| 			NB_PROP	"12"
|   12333|DEBUG|2018/03/16|19:40| 			"v_groupexec"	""
|   12333|DEBUG|2018/03/16|19:40| 			"ID"	"CO0000000062"
|   12333|DEBUG|2018/03/16|19:40| 			"V_COMMENT"	"rcmsb_C0"
|   12333|DEBUG|2018/03/16|19:40| 			"ID_ENV"	"EB0000000008"
|   12333|DEBUG|2018/03/16|19:40| 			"ID_APP"	""
|   12333|DEBUG|2018/03/16|19:40| 			"V_DESC"	"
  Déclaration Rejet LCR"
|   12333|DEBUG|2018/03/16|19:40| 			"XYWH"	"750 -350 120 30"
|   12333|DEBUG|2018/03/16|19:40| 			"F_LPOS"	"1"
|   12333|DEBUG|2018/03/16|19:40| 			"URL_DOC"	""
|   12333|DEBUG|2018/03/16|19:40| 			"TYPE"	"4"
|   12333|DEBUG|2018/03/16|19:40| 			"FORE_COLOR"	""
|   12333|DEBUG|2018/03/16|19:40| 			"BACK_COLOR"	"153,153,255"
|   12333|DEBUG|2018/03/16|19:40| 		}
|   12333|DEBUG|2018/03/16|19:40| 		ELEM {
|   12333|DEBUG|2018/03/16|19:40| 			NB_PROP	"12"
|   12333|DEBUG|2018/03/16|19:40| 			"v_groupexec"	""
|   12333|DEBUG|2018/03/16|19:40| 			"ID"	"CO0000000063"
|   12333|DEBUG|2018/03/16|19:40| 			"V_COMMENT"	"RET_COMP_X1"
|   12333|DEBUG|2018/03/16|19:40| 			"ID_ENV"	"EB0000000008"
|   12333|DEBUG|2018/03/16|19:40| 			"ID_APP"	""
|   12334|DEBUG|2018/03/16|19:40| 			"V_DESC"	"

     TRAITEMENT RETOUR COMPENSATION"
|   12334|DEBUG|2018/03/16|19:40| 			"XYWH"	"350 970 230 50"
|   12334|DEBUG|2018/03/16|19:40| 			"F_LPOS"	"1"
|   12334|DEBUG|2018/03/16|19:40| 			"URL_DOC"	""
|   12334|DEBUG|2018/03/16|19:40| 			"TYPE"	"4"
|   12334|DEBUG|2018/03/16|19:40| 			"FORE_COLOR"	""
|   12334|DEBUG|2018/03/16|19:40| 			"BACK_COLOR"	"153,153,255"
|   12334|DEBUG|2018/03/16|19:40| 		}
|   12334|DEBUG|2018/03/16|19:40| 		ELEM {
|   12334|DEBUG|2018/03/16|19:40| 			NB_PROP	"12"
|   12334|DEBUG|2018/03/16|19:40| 			"v_groupexec"	""
|   12334|DEBUG|2018/03/16|19:40| 			"ID"	"CO0000000064"
|   12334|DEBUG|2018/03/16|19:40| 			"V_COMMENT"	"RET_COMP_X1_C0_C0_C1"
|   12334|DEBUG|2018/03/16|19:40| 			"ID_ENV"	"EB0000000008"
|   12334|DEBUG|2018/03/16|19:40| 			"ID_APP"	""
|   12334|DEBUG|2018/03/16|19:40| 			"V_DESC"	"
   Récupération fichier
       Retour SIENC
             à 10h40"
|   12334|DEBUG|2018/03/16|19:40| 			"XYWH"	"90 1040 120 50"
|   12334|DEBUG|2018/03/16|19:40| 			"F_LPOS"	"1"
|   12334|DEBUG|2018/03/16|19:40| 			"URL_DOC"	""
|   12334|DEBUG|2018/03/16|19:40| 			"TYPE"	"4"
|   12334|DEBUG|2018/03/16|19:40| 			"FORE_COLOR"	""
|   12334|DEBUG|2018/03/16|19:40| 			"BACK_COLOR"	"153,153,255"
|   12334|DEBUG|2018/03/16|19:40| 		}
|   12334|DEBUG|2018/03/16|19:40| 		ELEM {
|   12334|DEBUG|2018/03/16|19:40| 			NB_PROP	"12"
|   12334|DEBUG|2018/03/16|19:40| 			"v_groupexec"	""
|   12334|DEBUG|2018/03/16|19:40| 			"ID"	"CO0000000065"
|   12334|DEBUG|2018/03/16|19:40| 			"V_COMMENT"	"RET_COMP_X1_C0_C0_C1_C0"
|   12334|DEBUG|2018/03/16|19:40| 			"ID_ENV"	"EB0000000008"
|   12334|DEBUG|2018/03/16|19:40| 			"ID_APP"	""
|   12334|DEBUG|2018/03/16|19:40| 			"V_DESC"	"
   Récupération fichiers
     PDF Retour SIENC
             à 10h45"
|   12334|DEBUG|2018/03/16|19:40| 			"XYWH"	"570 1410 120 50"
|   12334|DEBUG|2018/03/16|19:40| 			"F_LPOS"	"1"
|   12334|DEBUG|2018/03/16|19:40| 			"URL_DOC"	""
|   12334|DEBUG|2018/03/16|19:40| 			"TYPE"	"4"
|   12334|DEBUG|2018/03/16|19:40| 			"FORE_COLOR"	""
|   12334|DEBUG|2018/03/16|19:40| 			"BACK_COLOR"	"153,153,255"
|   12334|DEBUG|2018/03/16|19:40| 		}
|   12334|DEBUG|2018/03/16|19:40| 		ELEM {
|   12334|DEBUG|2018/03/16|19:40| 			NB_PROP	"12"
|   12334|DEBUG|2018/03/16|19:40| 			"v_groupexec"	""
|   12334|DEBUG|2018/03/16|19:40| 			"ID"	"CO0000000066"
|   12334|DEBUG|2018/03/16|19:40| 			"V_COMMENT"	"RET_COMP_X1_C0_C0_C1_C0_C0"
|   12334|DEBUG|2018/03/16|19:40| 			"ID_ENV"	"EB0000000008"
|   12334|DEBUG|2018/03/16|19:40| 			"ID_APP"	""
|   12334|DEBUG|2018/03/16|19:40| 			"V_DESC"	"        A LA DEMANDE
                 --------
    Récupération fichier
   Extourne Retour SIENC
        Passé à à venir si
       besoin d'extourner"
|   12334|DEBUG|2018/03/16|19:40| 			"XYWH"	"670 1820 130 70"
|   12334|DEBUG|2018/03/16|19:40| 			"F_LPOS"	"1"
|   12334|DEBUG|2018/03/16|19:40| 			"URL_DOC"	""
|   12334|DEBUG|2018/03/16|19:40| 			"TYPE"	"4"
|   12334|DEBUG|2018/03/16|19:40| 			"FORE_COLOR"	""
|   12334|DEBUG|2018/03/16|19:40| 			"BACK_COLOR"	"255,153,204"
|   12334|DEBUG|2018/03/16|19:40| 		}
|   12334|DEBUG|2018/03/16|19:40| 		ELEM {
|   12334|DEBUG|2018/03/16|19:40| 			NB_PROP	"12"
|   12334|DEBUG|2018/03/16|19:40| 			"v_groupexec"	""
|   12334|DEBUG|2018/03/16|19:40| 			"ID"	"CO0000000067"
|   12334|DEBUG|2018/03/16|19:40| 			"V_COMMENT"	"RET_COMP_X1_C0_C0_C1_C0_C1"
|   12334|DEBUG|2018/03/16|19:40| 			"ID_ENV"	"EB0000000008"
|   12334|DEBUG|2018/03/16|19:40| 			"ID_APP"	""
|   12334|DEBUG|2018/03/16|19:40| 			"V_DESC"	"
   Récupération fichiers
     PDF Retour SIENC
             à 10h15"
|   12334|DEBUG|2018/03/16|19:40| 			"XYWH"	"560 1040 120 50"
|   12334|DEBUG|2018/03/16|19:40| 			"F_LPOS"	"1"
|   12334|DEBUG|2018/03/16|19:40| 			"URL_DOC"	""
|   12334|DEBUG|2018/03/16|19:40| 			"TYPE"	"4"
|   12334|DEBUG|2018/03/16|19:40| 			"FORE_COLOR"	""
|   12334|DEBUG|2018/03/16|19:40| 			"BACK_COLOR"	"153,153,255"
|   12334|DEBUG|2018/03/16|19:40| 		}
|   12334|DEBUG|2018/03/16|19:40| 		ELEM {
|   12334|DEBUG|2018/03/16|19:40| 			NB_PROP	"12"
|   12334|DEBUG|2018/03/16|19:40| 			"v_groupexec"	""
|   12334|DEBUG|2018/03/16|19:40| 			"ID"	"CO0000000068"
|   12334|DEBUG|2018/03/16|19:40| 			"V_COMMENT"	"RET_COMP_X1_C0_C0_C1_C0_C2"
|   12334|DEBUG|2018/03/16|19:40| 			"ID_ENV"	"EB0000000008"
|   12334|DEBUG|2018/03/16|19:40| 			"ID_APP"	""
|   12334|DEBUG|2018/03/16|19:40| 			"V_DESC"	"
        Après feu vert
      de la COMPENS"
|   12334|DEBUG|2018/03/16|19:40| 			"XYWH"	"110 1550 120 40"
|   12334|DEBUG|2018/03/16|19:40| 			"F_LPOS"	"1"
|   12334|DEBUG|2018/03/16|19:40| 			"URL_DOC"	""
|   12334|DEBUG|2018/03/16|19:40| 			"TYPE"	"4"
|   12334|DEBUG|2018/03/16|19:40| 			"FORE_COLOR"	""
|   12334|DEBUG|2018/03/16|19:40| 			"BACK_COLOR"	"255,51,0"
|   12334|DEBUG|2018/03/16|19:40| 		}
|   12334|DEBUG|2018/03/16|19:40| 		ELEM {
|   12334|DEBUG|2018/03/16|19:40| 			NB_PROP	"12"
|   12334|DEBUG|2018/03/16|19:40| 			"v_groupexec"	""
|   12334|DEBUG|2018/03/16|19:40| 			"ID"	"CO0000000069"
|   12334|DEBUG|2018/03/16|19:40| 			"V_COMMENT"	"RET_COMP_X1_C1_C1"
|   12334|DEBUG|2018/03/16|19:40| 			"ID_ENV"	"EB0000000008"
|   12334|DEBUG|2018/03/16|19:40| 			"ID_APP"	""
|   12334|DEBUG|2018/03/16|19:40| 			"V_DESC"	"

          RELEVE DES FLUX BCI
  Après les acquisitions et le SIT aller"
|   12334|DEBUG|2018/03/16|19:40| 			"XYWH"	"160 1970 190 40"
|   12334|DEBUG|2018/03/16|19:40| 			"F_LPOS"	"1"
|   12334|DEBUG|2018/03/16|19:40| 			"URL_DOC"	""
|   12334|DEBUG|2018/03/16|19:40| 			"TYPE"	"4"
|   12334|DEBUG|2018/03/16|19:40| 			"FORE_COLOR"	""
|   12334|DEBUG|2018/03/16|19:40| 			"BACK_COLOR"	"153,255,255"
|   12334|DEBUG|2018/03/16|19:40| 		}
|   12334|DEBUG|2018/03/16|19:40| 		ELEM {
|   12334|DEBUG|2018/03/16|19:40| 			NB_PROP	"12"
|   12334|DEBUG|2018/03/16|19:40| 			"v_groupexec"	""
|   12334|DEBUG|2018/03/16|19:40| 			"ID"	"CO0000000070"
|   12334|DEBUG|2018/03/16|19:40| 			"V_COMMENT"	"sitretour_C1"
|   12334|DEBUG|2018/03/16|19:40| 			"ID_ENV"	"EB0000000008"
|   12334|DEBUG|2018/03/16|19:40| 			"ID_APP"	""
|   12334|DEBUG|2018/03/16|19:40| 			"V_DESC"	"
  Attendre Feu vert
     Comptabilité"
|   12334|DEBUG|2018/03/16|19:40| 			"XYWH"	"90 -20 100 40"
|   12334|DEBUG|2018/03/16|19:40| 			"F_LPOS"	"1"
|   12334|DEBUG|2018/03/16|19:40| 			"URL_DOC"	""
|   12334|DEBUG|2018/03/16|19:40| 			"TYPE"	"4"
|   12334|DEBUG|2018/03/16|19:40| 			"FORE_COLOR"	""
|   12334|DEBUG|2018/03/16|19:40| 			"BACK_COLOR"	"255,51,0"
|   12334|DEBUG|2018/03/16|19:40| 		}
|   12334|DEBUG|2018/03/16|19:40| 		ELEM {
|   12334|DEBUG|2018/03/16|19:40| 			NB_PROP	"12"
|   12334|DEBUG|2018/03/16|19:40| 			"v_groupexec"	""
|   12334|DEBUG|2018/03/16|19:40| 			"ID"	"CO0000000071"
|   12334|DEBUG|2018/03/16|19:40| 			"V_COMMENT"	"sitretour_C1_C0"
|   12334|DEBUG|2018/03/16|19:40| 			"ID_ENV"	"EB0000000008"
|   12334|DEBUG|2018/03/16|19:40| 			"ID_APP"	""
|   12334|DEBUG|2018/03/16|19:40| 			"V_DESC"	"
  Attendre Feu vert
         du SOC
   (Sonia & Carine)"
|   12334|DEBUG|2018/03/16|19:40| 			"XYWH"	"260 640 100 50"
|   12334|DEBUG|2018/03/16|19:40| 			"F_LPOS"	"1"
|   12334|DEBUG|2018/03/16|19:40| 			"URL_DOC"	""
|   12334|DEBUG|2018/03/16|19:40| 			"TYPE"	"4"
|   12334|DEBUG|2018/03/16|19:40| 			"FORE_COLOR"	""
|   12334|DEBUG|2018/03/16|19:40| 			"BACK_COLOR"	"255,51,0"
|   12334|DEBUG|2018/03/16|19:40| 		}
|   12334|DEBUG|2018/03/16|19:40| 		ELEM {
|   12334|DEBUG|2018/03/16|19:40| 			NB_PROP	"12"
|   12334|DEBUG|2018/03/16|19:40| 			"v_groupexec"	""
|   12334|DEBUG|2018/03/16|19:40| 			"ID"	"CO0000000072"
|   12334|DEBUG|2018/03/16|19:40| 			"V_COMMENT"	"sitretour_C2"
|   12334|DEBUG|2018/03/16|19:40| 			"ID_ENV"	"EB0000000008"
|   12334|DEBUG|2018/03/16|19:40| 			"ID_APP"	""
|   12334|DEBUG|2018/03/16|19:40| 			"V_DESC"	"
      Prise en compte
          SIT Retour
   MONEXT/MONECAM"
|   12334|DEBUG|2018/03/16|19:40| 			"XYWH"	"970 310 120 50"
|   12334|DEBUG|2018/03/16|19:40| 			"F_LPOS"	"1"
|   12334|DEBUG|2018/03/16|19:40| 			"URL_DOC"	""
|   12334|DEBUG|2018/03/16|19:40| 			"TYPE"	"4"
|   12334|DEBUG|2018/03/16|19:40| 			"FORE_COLOR"	""
|   12334|DEBUG|2018/03/16|19:40| 			"BACK_COLOR"	"255,255,0"
|   12334|DEBUG|2018/03/16|19:40| 		}
|   12334|DEBUG|2018/03/16|19:40| 		ELEM {
|   12334|DEBUG|2018/03/16|19:40| 			NB_PROP	"12"
|   12334|DEBUG|2018/03/16|19:40| 			"v_groupexec"	""
|   12334|DEBUG|2018/03/16|19:40| 			"ID"	"CO0000000073"
|   12334|DEBUG|2018/03/16|19:40| 			"V_COMMENT"	"sitretour_C2_C0"
|   12334|DEBUG|2018/03/16|19:40| 			"ID_ENV"	"EB0000000008"
|   12334|DEBUG|2018/03/16|19:40| 			"ID_APP"	""
|   12334|DEBUG|2018/03/16|19:40| 			"V_DESC"	"
     Prise en compte
  IM17499 MONECAM"
|   12334|DEBUG|2018/03/16|19:40| 			"XYWH"	"660 710 110 50"
|   12334|DEBUG|2018/03/16|19:40| 			"F_LPOS"	"1"
|   12334|DEBUG|2018/03/16|19:40| 			"URL_DOC"	""
|   12334|DEBUG|2018/03/16|19:40| 			"TYPE"	"4"
|   12334|DEBUG|2018/03/16|19:40| 			"FORE_COLOR"	""
|   12334|DEBUG|2018/03/16|19:40| 			"BACK_COLOR"	"255,255,0"
|   12334|DEBUG|2018/03/16|19:40| 		}
|   12334|DEBUG|2018/03/16|19:40| 		ELEM {
|   12334|DEBUG|2018/03/16|19:40| 			NB_PROP	"12"
|   12334|DEBUG|2018/03/16|19:40| 			"v_groupexec"	""
|   12334|DEBUG|2018/03/16|19:40| 			"ID"	"CO0000000074"
|   12334|DEBUG|2018/03/16|19:40| 			"V_COMMENT"	"sitretour_C2_C0_C0"
|   12334|DEBUG|2018/03/16|19:40| 			"ID_ENV"	"EB0000000008"
|   12334|DEBUG|2018/03/16|19:40| 			"ID_APP"	""
|   12334|DEBUG|2018/03/16|19:40| 			"V_DESC"	"
 Récupération Statistique Cartes
          5 éme Jour Ouvré"
|   12334|DEBUG|2018/03/16|19:40| 			"XYWH"	"1050 210 160 40"
|   12334|DEBUG|2018/03/16|19:40| 			"F_LPOS"	"1"
|   12334|DEBUG|2018/03/16|19:40| 			"URL_DOC"	""
|   12334|DEBUG|2018/03/16|19:40| 			"TYPE"	"4"
|   12334|DEBUG|2018/03/16|19:40| 			"FORE_COLOR"	""
|   12334|DEBUG|2018/03/16|19:40| 			"BACK_COLOR"	"255,255,51"
|   12334|DEBUG|2018/03/16|19:40| 		}
|   12334|DEBUG|2018/03/16|19:40| 		ELEM {
|   12334|DEBUG|2018/03/16|19:40| 			NB_PROP	"12"
|   12334|DEBUG|2018/03/16|19:40| 			"v_groupexec"	""
|   12334|DEBUG|2018/03/16|19:40| 			"ID"	"CO0000000075"
|   12334|DEBUG|2018/03/16|19:40| 			"V_COMMENT"	"sitretour_C2_C0_C0_C0"
|   12334|DEBUG|2018/03/16|19:40| 			"ID_ENV"	"EB0000000008"
|   12334|DEBUG|2018/03/16|19:40| 			"ID_APP"	""
|   12334|DEBUG|2018/03/16|19:40| 			"V_DESC"	"
                  Mailing
 renouvellements de Carte JADE
----------------------------------------------------
        6ème Jour Ouvré 08h00"
|   12334|DEBUG|2018/03/16|19:40| 			"XYWH"	"900 3150 160 70"
|   12334|DEBUG|2018/03/16|19:40| 			"F_LPOS"	"1"
|   12334|DEBUG|2018/03/16|19:40| 			"URL_DOC"	""
|   12334|DEBUG|2018/03/16|19:40| 			"TYPE"	"4"
|   12334|DEBUG|2018/03/16|19:40| 			"FORE_COLOR"	""
|   12334|DEBUG|2018/03/16|19:40| 			"BACK_COLOR"	"204,255,204"
|   12334|DEBUG|2018/03/16|19:40| 		}
|   12334|DEBUG|2018/03/16|19:40| 		ELEM {
|   12334|DEBUG|2018/03/16|19:40| 			NB_PROP	"12"
|   12334|DEBUG|2018/03/16|19:40| 			"v_groupexec"	""
|   12334|DEBUG|2018/03/16|19:40| 			"ID"	"CO0000000076"
|   12334|DEBUG|2018/03/16|19:40| 			"V_COMMENT"	"sitretour_C2_C0_C0_C0_C0"
|   12334|DEBUG|2018/03/16|19:40| 			"ID_ENV"	"EB0000000008"
|   12334|DEBUG|2018/03/16|19:40| 			"ID_APP"	""
|   12334|DEBUG|2018/03/16|19:40| 			"V_DESC"	"
   A la demande de la monétique
      Renouvellement Carte CB"
|   12334|DEBUG|2018/03/16|19:40| 			"XYWH"	"1050 370 170 50"
|   12334|DEBUG|2018/03/16|19:40| 			"F_LPOS"	"1"
|   12334|DEBUG|2018/03/16|19:40| 			"URL_DOC"	""
|   12334|DEBUG|2018/03/16|19:40| 			"TYPE"	"4"
|   12334|DEBUG|2018/03/16|19:40| 			"FORE_COLOR"	""
|   12335|DEBUG|2018/03/16|19:40| 			"BACK_COLOR"	"51,255,51"
|   12335|DEBUG|2018/03/16|19:40| 		}
|   12335|DEBUG|2018/03/16|19:40| 		ELEM {
|   12335|DEBUG|2018/03/16|19:40| 			NB_PROP	"12"
|   12335|DEBUG|2018/03/16|19:40| 			"v_groupexec"	""
|   12335|DEBUG|2018/03/16|19:40| 			"ID"	"CO0000000077"
|   12335|DEBUG|2018/03/16|19:40| 			"V_COMMENT"	"sitretour_C2_C0_C0_C0_C1_X1"
|   12335|DEBUG|2018/03/16|19:40| 			"ID_ENV"	"EB0000000008"
|   12335|DEBUG|2018/03/16|19:40| 			"ID_APP"	""
|   12335|DEBUG|2018/03/16|19:40| 			"V_DESC"	"
          Base commerçants
          "
|   12335|DEBUG|2018/03/16|19:40| 			"XYWH"	"300 -1830 150 30"
|   12335|DEBUG|2018/03/16|19:40| 			"F_LPOS"	"1"
|   12335|DEBUG|2018/03/16|19:40| 			"URL_DOC"	""
|   12335|DEBUG|2018/03/16|19:40| 			"TYPE"	"4"
|   12335|DEBUG|2018/03/16|19:40| 			"FORE_COLOR"	""
|   12335|DEBUG|2018/03/16|19:40| 			"BACK_COLOR"	"255,255,204"
|   12335|DEBUG|2018/03/16|19:40| 		}
|   12335|DEBUG|2018/03/16|19:40| 		ELEM {
|   12335|DEBUG|2018/03/16|19:40| 			NB_PROP	"12"
|   12335|DEBUG|2018/03/16|19:40| 			"v_groupexec"	""
|   12335|DEBUG|2018/03/16|19:40| 			"ID"	"CO0000000078"
|   12335|DEBUG|2018/03/16|19:40| 			"V_COMMENT"	"sitretour_C2_C0_C0_C1"
|   12335|DEBUG|2018/03/16|19:40| 			"ID_ENV"	"EB0000000008"
|   12335|DEBUG|2018/03/16|19:40| 			"ID_APP"	""
|   12335|DEBUG|2018/03/16|19:40| 			"V_DESC"	"
   Commandes et modifs de CB
  Compte-rendu d'interprétation
         Démarrage à 6h00"
|   12335|DEBUG|2018/03/16|19:40| 			"XYWH"	"0 -2950 160 50"
|   12335|DEBUG|2018/03/16|19:40| 			"F_LPOS"	"1"
|   12335|DEBUG|2018/03/16|19:40| 			"URL_DOC"	""
|   12335|DEBUG|2018/03/16|19:40| 			"TYPE"	"4"
|   12335|DEBUG|2018/03/16|19:40| 			"FORE_COLOR"	""
|   12335|DEBUG|2018/03/16|19:40| 			"BACK_COLOR"	"255,255,204"
|   12335|DEBUG|2018/03/16|19:40| 		}
|   12335|DEBUG|2018/03/16|19:40| 		ELEM {
|   12335|DEBUG|2018/03/16|19:40| 			NB_PROP	"12"
|   12335|DEBUG|2018/03/16|19:40| 			"v_groupexec"	""
|   12335|DEBUG|2018/03/16|19:40| 			"ID"	"CO0000000079"
|   12335|DEBUG|2018/03/16|19:40| 			"V_COMMENT"	"Titre_graph"
|   12335|DEBUG|2018/03/16|19:40| 			"ID_ENV"	"EB0000000008"
|   12335|DEBUG|2018/03/16|19:40| 			"ID_APP"	""
|   12335|DEBUG|2018/03/16|19:40| 			"V_DESC"	"

            EXPLOITATION DU MATIN"
|   12335|DEBUG|2018/03/16|19:40| 			"XYWH"	"150 -3100 210 50"
|   12335|DEBUG|2018/03/16|19:40| 			"F_LPOS"	"1"
|   12335|DEBUG|2018/03/16|19:40| 			"URL_DOC"	""
|   12335|DEBUG|2018/03/16|19:40| 			"TYPE"	"4"
|   12335|DEBUG|2018/03/16|19:40| 			"FORE_COLOR"	"255,255,255"
|   12335|DEBUG|2018/03/16|19:40| 			"BACK_COLOR"	"153,0,204"
|   12335|DEBUG|2018/03/16|19:40| 		}
|   12335|DEBUG|2018/03/16|19:40| 		ELEM {
|   12335|DEBUG|2018/03/16|19:40| 			NB_PROP	"12"
|   12335|DEBUG|2018/03/16|19:40| 			"v_groupexec"	""
|   12335|DEBUG|2018/03/16|19:40| 			"ID"	"CO0000000080"
|   12335|DEBUG|2018/03/16|19:40| 			"V_COMMENT"	"rcmsb1_C0_C0_C1_C0_C0_C0_C0"
|   12335|DEBUG|2018/03/16|19:40| 			"ID_ENV"	"EB0000000008"
|   12335|DEBUG|2018/03/16|19:40| 			"ID_APP"	""
|   12335|DEBUG|2018/03/16|19:40| 			"V_DESC"	"

 Etat mensuel des promotions
        immobilières ouvertes
             1er JO/07h00
           "
|   12335|DEBUG|2018/03/16|19:40| 			"XYWH"	"70 3300 150 70"
|   12335|DEBUG|2018/03/16|19:40| 			"F_LPOS"	"1"
|   12335|DEBUG|2018/03/16|19:40| 			"URL_DOC"	""
|   12335|DEBUG|2018/03/16|19:40| 			"TYPE"	"4"
|   12335|DEBUG|2018/03/16|19:40| 			"FORE_COLOR"	""
|   12335|DEBUG|2018/03/16|19:40| 			"BACK_COLOR"	"204,255,204"
|   12335|DEBUG|2018/03/16|19:40| 		}
|   12335|DEBUG|2018/03/16|19:40| 		ELEM {
|   12335|DEBUG|2018/03/16|19:40| 			NB_PROP	"12"
|   12335|DEBUG|2018/03/16|19:40| 			"v_groupexec"	""
|   12335|DEBUG|2018/03/16|19:40| 			"ID"	"CO0000000081"
|   12335|DEBUG|2018/03/16|19:40| 			"V_COMMENT"	"CMT_1_C0_C0_C0"
|   12335|DEBUG|2018/03/16|19:40| 			"ID_ENV"	"EB0000000008"
|   12335|DEBUG|2018/03/16|19:40| 			"ID_APP"	""
|   12335|DEBUG|2018/03/16|19:40| 			"V_DESC"	"
           Facturation Split"
|   12335|DEBUG|2018/03/16|19:40| 			"XYWH"	"930 -1830 150 30"
|   12335|DEBUG|2018/03/16|19:40| 			"F_LPOS"	"1"
|   12335|DEBUG|2018/03/16|19:40| 			"URL_DOC"	""
|   12335|DEBUG|2018/03/16|19:40| 			"TYPE"	"4"
|   12335|DEBUG|2018/03/16|19:40| 			"FORE_COLOR"	""
|   12335|DEBUG|2018/03/16|19:40| 			"BACK_COLOR"	""
|   12335|DEBUG|2018/03/16|19:40| 		}
|   12335|DEBUG|2018/03/16|19:40| 		ELEM {
|   12335|DEBUG|2018/03/16|19:40| 			NB_PROP	"12"
|   12335|DEBUG|2018/03/16|19:40| 			"v_groupexec"	""
|   12335|DEBUG|2018/03/16|19:40| 			"ID"	"CO0000000082"
|   12335|DEBUG|2018/03/16|19:40| 			"V_COMMENT"	"CMT_4_C0_C0_C0"
|   12335|DEBUG|2018/03/16|19:40| 			"ID_ENV"	"EB0000000008"
|   12335|DEBUG|2018/03/16|19:40| 			"ID_APP"	""
|   12335|DEBUG|2018/03/16|19:40| 			"V_DESC"	"




                                                                                                                                                                                                                                                                  TRIMESTRIEL"
|   12335|DEBUG|2018/03/16|19:40| 			"XYWH"	"-350 3550 1640 70"
|   12335|DEBUG|2018/03/16|19:40| 			"F_LPOS"	"1"
|   12335|DEBUG|2018/03/16|19:40| 			"URL_DOC"	""
|   12335|DEBUG|2018/03/16|19:40| 			"TYPE"	"4"
|   12335|DEBUG|2018/03/16|19:40| 			"FORE_COLOR"	""
|   12335|DEBUG|2018/03/16|19:40| 			"BACK_COLOR"	""
|   12335|DEBUG|2018/03/16|19:40| 		}
|   12335|DEBUG|2018/03/16|19:40| 		ELEM {
|   12335|DEBUG|2018/03/16|19:40| 			NB_PROP	"12"
|   12335|DEBUG|2018/03/16|19:40| 			"v_groupexec"	""
|   12335|DEBUG|2018/03/16|19:40| 			"ID"	"CO0000000083"
|   12335|DEBUG|2018/03/16|19:40| 			"V_COMMENT"	"rcmsb1_C0_C0_C2_C0_C1"
|   12335|DEBUG|2018/03/16|19:40| 			"ID_ENV"	"EB0000000008"
|   12335|DEBUG|2018/03/16|19:40| 			"ID_APP"	""
|   12335|DEBUG|2018/03/16|19:40| 			"V_DESC"	"
          Purge des comptes
          de défiscalisation
   -------------------------------------------
    1er jour ouvré du Trimestre
                   07h15

           "
|   12335|DEBUG|2018/03/16|19:40| 			"XYWH"	"260 3640 150 70"
|   12335|DEBUG|2018/03/16|19:40| 			"F_LPOS"	"1"
|   12335|DEBUG|2018/03/16|19:40| 			"URL_DOC"	""
|   12335|DEBUG|2018/03/16|19:40| 			"TYPE"	"4"
|   12335|DEBUG|2018/03/16|19:40| 			"FORE_COLOR"	""
|   12335|DEBUG|2018/03/16|19:40| 			"BACK_COLOR"	"204,255,204"
|   12335|DEBUG|2018/03/16|19:40| 		}
|   12335|DEBUG|2018/03/16|19:40| 		ELEM {
|   12335|DEBUG|2018/03/16|19:40| 			NB_PROP	"12"
|   12335|DEBUG|2018/03/16|19:40| 			"v_groupexec"	""
|   12335|DEBUG|2018/03/16|19:40| 			"ID"	"CO0000000084"
|   12335|DEBUG|2018/03/16|19:40| 			"V_COMMENT"	"rcmsb1_C0_C0_C1_C0_C0_C0_C1"
|   12335|DEBUG|2018/03/16|19:40| 			"ID_ENV"	"EB0000000008"
|   12335|DEBUG|2018/03/16|19:40| 			"ID_APP"	""
|   12335|DEBUG|2018/03/16|19:40| 			"V_DESC"	"
              Liste des remises
       VGF et ESPACE VALEUR
                    07h15
           "
|   12335|DEBUG|2018/03/16|19:40| 			"XYWH"	"800 -2530 160 50"
|   12335|DEBUG|2018/03/16|19:40| 			"F_LPOS"	"1"
|   12335|DEBUG|2018/03/16|19:40| 			"URL_DOC"	""
|   12335|DEBUG|2018/03/16|19:40| 			"TYPE"	"4"
|   12335|DEBUG|2018/03/16|19:40| 			"FORE_COLOR"	""
|   12335|DEBUG|2018/03/16|19:40| 			"BACK_COLOR"	"204,255,255"
|   12335|DEBUG|2018/03/16|19:40| 		}
|   12335|DEBUG|2018/03/16|19:40| 		ELEM {
|   12335|DEBUG|2018/03/16|19:40| 			NB_PROP	"12"
|   12335|DEBUG|2018/03/16|19:40| 			"v_groupexec"	""
|   12335|DEBUG|2018/03/16|19:40| 			"ID"	"CO0000000085"
|   12335|DEBUG|2018/03/16|19:40| 			"V_COMMENT"	"rcmsb1_C0_C0_C1_C0_C0_C0_C1_C0"
|   12335|DEBUG|2018/03/16|19:40| 			"ID_ENV"	"EB0000000008"
|   12335|DEBUG|2018/03/16|19:40| 			"ID_APP"	""
|   12335|DEBUG|2018/03/16|19:40| 			"V_DESC"	"
                   FATCA
          Critères Américanité
     -------------------------------------------
         4ème JO du Trimestre
                    07h15
           "
|   12335|DEBUG|2018/03/16|19:40| 			"XYWH"	"490 3640 160 70"
|   12335|DEBUG|2018/03/16|19:40| 			"F_LPOS"	"1"
|   12335|DEBUG|2018/03/16|19:40| 			"URL_DOC"	""
|   12335|DEBUG|2018/03/16|19:40| 			"TYPE"	"4"
|   12335|DEBUG|2018/03/16|19:40| 			"FORE_COLOR"	""
|   12335|DEBUG|2018/03/16|19:40| 			"BACK_COLOR"	"204,255,204"
|   12335|DEBUG|2018/03/16|19:40| 		}
|   12335|DEBUG|2018/03/16|19:40| 		ELEM {
|   12335|DEBUG|2018/03/16|19:40| 			NB_PROP	"12"
|   12335|DEBUG|2018/03/16|19:40| 			"v_groupexec"	""
|   12335|DEBUG|2018/03/16|19:40| 			"ID"	"CO0000000086"
|   12335|DEBUG|2018/03/16|19:40| 			"V_COMMENT"	"rcmsb2_C0_C0_C0_C0_C1_C0"
|   12335|DEBUG|2018/03/16|19:40| 			"ID_ENV"	"EB0000000008"
|   12335|DEBUG|2018/03/16|19:40| 			"ID_APP"	""
|   12335|DEBUG|2018/03/16|19:40| 			"V_DESC"	"
     Non envoi du fichier
            à l'IEOM"
|   12335|DEBUG|2018/03/16|19:40| 			"XYWH"	"770 2680 120 40"
|   12335|DEBUG|2018/03/16|19:40| 			"F_LPOS"	"1"
|   12335|DEBUG|2018/03/16|19:40| 			"URL_DOC"	""
|   12335|DEBUG|2018/03/16|19:40| 			"TYPE"	"4"
|   12335|DEBUG|2018/03/16|19:40| 			"FORE_COLOR"	"0,0,0"
|   12335|DEBUG|2018/03/16|19:40| 			"BACK_COLOR"	"255,51,0"
|   12335|DEBUG|2018/03/16|19:40| 		}
|   12335|DEBUG|2018/03/16|19:40| 		ELEM {
|   12335|DEBUG|2018/03/16|19:40| 			NB_PROP	"12"
|   12335|DEBUG|2018/03/16|19:40| 			"v_groupexec"	""
|   12335|DEBUG|2018/03/16|19:40| 			"ID"	"CO0000000087"
|   12335|DEBUG|2018/03/16|19:40| 			"V_COMMENT"	"CMT_1_C0_C0_C0_C2_C0_C0_C0"
|   12335|DEBUG|2018/03/16|19:40| 			"ID_ENV"	"EB0000000008"
|   12335|DEBUG|2018/03/16|19:40| 			"ID_APP"	""
|   12335|DEBUG|2018/03/16|19:40| 			"V_DESC"	"
              - Transfert Interpel -
      Fichier des adresses pour CSB
                          08H00"
|   12335|DEBUG|2018/03/16|19:40| 			"XYWH"	"-210 -1900 180 50"
|   12335|DEBUG|2018/03/16|19:40| 			"F_LPOS"	"1"
|   12335|DEBUG|2018/03/16|19:40| 			"URL_DOC"	""
|   12335|DEBUG|2018/03/16|19:40| 			"TYPE"	"4"
|   12335|DEBUG|2018/03/16|19:40| 			"FORE_COLOR"	""
|   12335|DEBUG|2018/03/16|19:40| 			"BACK_COLOR"	"172,147,247"
|   12335|DEBUG|2018/03/16|19:40| 		}
|   12335|DEBUG|2018/03/16|19:40| 		ELEM {
|   12335|DEBUG|2018/03/16|19:40| 			NB_PROP	"12"
|   12335|DEBUG|2018/03/16|19:40| 			"v_groupexec"	""
|   12335|DEBUG|2018/03/16|19:40| 			"ID"	"CO0000000088"
|   12335|DEBUG|2018/03/16|19:40| 			"V_COMMENT"	"rcmsb1_C0_C0_C2_C0_C2"
|   12335|DEBUG|2018/03/16|19:40| 			"ID_ENV"	"EB0000000008"
|   12335|DEBUG|2018/03/16|19:40| 			"ID_APP"	""
|   12335|DEBUG|2018/03/16|19:40| 			"V_DESC"	"
   Contrôle MAJ Provision
-------------------------------------------
             15 janvier

           "
|   12335|DEBUG|2018/03/16|19:40| 			"XYWH"	"400 3950 130 50"
|   12335|DEBUG|2018/03/16|19:40| 			"F_LPOS"	"1"
|   12335|DEBUG|2018/03/16|19:40| 			"URL_DOC"	""
|   12335|DEBUG|2018/03/16|19:40| 			"TYPE"	"4"
|   12335|DEBUG|2018/03/16|19:40| 			"FORE_COLOR"	""
|   12335|DEBUG|2018/03/16|19:40| 			"BACK_COLOR"	"204,255,204"
|   12335|DEBUG|2018/03/16|19:40| 		}
|   12335|DEBUG|2018/03/16|19:40| 		ELEM {
|   12335|DEBUG|2018/03/16|19:40| 			NB_PROP	"12"
|   12335|DEBUG|2018/03/16|19:40| 			"v_groupexec"	""
|   12335|DEBUG|2018/03/16|19:40| 			"ID"	"CO0000000089"
|   12335|DEBUG|2018/03/16|19:40| 			"V_COMMENT"	"CMT_4_C2"
|   12335|DEBUG|2018/03/16|19:40| 			"ID_ENV"	"EB0000000008"
|   12335|DEBUG|2018/03/16|19:40| 			"ID_APP"	""
|   12335|DEBUG|2018/03/16|19:40| 			"V_DESC"	"




                                                                                                                                                                                                                                                              ADMINISTRATION"
|   12335|DEBUG|2018/03/16|19:40| 			"XYWH"	"-350 4080 1640 70"
|   12335|DEBUG|2018/03/16|19:40| 			"F_LPOS"	"1"
|   12335|DEBUG|2018/03/16|19:40| 			"URL_DOC"	""
|   12335|DEBUG|2018/03/16|19:40| 			"TYPE"	"4"
|   12335|DEBUG|2018/03/16|19:40| 			"FORE_COLOR"	""
|   12336|DEBUG|2018/03/16|19:40| 			"BACK_COLOR"	""
|   12336|DEBUG|2018/03/16|19:40| 		}
|   12336|DEBUG|2018/03/16|19:40| 		ELEM {
|   12336|DEBUG|2018/03/16|19:40| 			NB_PROP	"12"
|   12336|DEBUG|2018/03/16|19:40| 			"v_groupexec"	""
|   12336|DEBUG|2018/03/16|19:40| 			"ID"	"CO0000000090"
|   12336|DEBUG|2018/03/16|19:40| 			"V_COMMENT"	"rcmsb1_C0_C0_C1_C0_C0_C0_C0_C0"
|   12336|DEBUG|2018/03/16|19:40| 			"ID_ENV"	"EB0000000008"
|   12336|DEBUG|2018/03/16|19:40| 			"ID_APP"	""
|   12336|DEBUG|2018/03/16|19:40| 			"V_DESC"	"
     Stat des dépôts d'espèce
  sur automates (ADV) et guichet
----------------------------------------------------
              1er JO/08h00
           "
|   12336|DEBUG|2018/03/16|19:40| 			"XYWH"	"1100 3150 160 70"
|   12336|DEBUG|2018/03/16|19:40| 			"F_LPOS"	"1"
|   12336|DEBUG|2018/03/16|19:40| 			"URL_DOC"	""
|   12336|DEBUG|2018/03/16|19:40| 			"TYPE"	"4"
|   12336|DEBUG|2018/03/16|19:40| 			"FORE_COLOR"	""
|   12336|DEBUG|2018/03/16|19:40| 			"BACK_COLOR"	"204,255,204"
|   12336|DEBUG|2018/03/16|19:40| 		}
|   12336|DEBUG|2018/03/16|19:40| 		ELEM {
|   12336|DEBUG|2018/03/16|19:40| 			NB_PROP	"12"
|   12336|DEBUG|2018/03/16|19:40| 			"v_groupexec"	""
|   12336|DEBUG|2018/03/16|19:40| 			"ID"	"CO0000000091"
|   12336|DEBUG|2018/03/16|19:40| 			"V_COMMENT"	"ALL_COMP_C0_C1_C1"
|   12336|DEBUG|2018/03/16|19:40| 			"ID_ENV"	"EB0000000008"
|   12336|DEBUG|2018/03/16|19:40| 			"ID_APP"	""
|   12336|DEBUG|2018/03/16|19:40| 			"V_DESC"	"
       TRAITEMENT FC1D DU FCC
          Réponse au FC1C
                    08h30"
|   12336|DEBUG|2018/03/16|19:40| 			"XYWH"	"700 -2310 170 50"
|   12336|DEBUG|2018/03/16|19:40| 			"F_LPOS"	"1"
|   12336|DEBUG|2018/03/16|19:40| 			"URL_DOC"	""
|   12336|DEBUG|2018/03/16|19:40| 			"TYPE"	"4"
|   12336|DEBUG|2018/03/16|19:40| 			"FORE_COLOR"	""
|   12336|DEBUG|2018/03/16|19:40| 			"BACK_COLOR"	"0,255,255"
|   12336|DEBUG|2018/03/16|19:40| 		}
|   12336|DEBUG|2018/03/16|19:40| 		ELEM {
|   12336|DEBUG|2018/03/16|19:40| 			NB_PROP	"12"
|   12336|DEBUG|2018/03/16|19:40| 			"v_groupexec"	""
|   12336|DEBUG|2018/03/16|19:40| 			"ID"	"CO0000000092"
|   12336|DEBUG|2018/03/16|19:40| 			"V_COMMENT"	"ALL_COMP_C0_C1_C0_X1_C0"
|   12336|DEBUG|2018/03/16|19:40| 			"ID_ENV"	"EB0000000008"
|   12336|DEBUG|2018/03/16|19:40| 			"ID_APP"	""
|   12336|DEBUG|2018/03/16|19:40| 			"V_DESC"	"
      TRAITEMENT IC1C DU FICP
           Réponse au IC1F
                   09h30"
|   12336|DEBUG|2018/03/16|19:40| 			"XYWH"	"900 -2310 160 50"
|   12336|DEBUG|2018/03/16|19:40| 			"F_LPOS"	"1"
|   12336|DEBUG|2018/03/16|19:40| 			"URL_DOC"	""
|   12336|DEBUG|2018/03/16|19:40| 			"TYPE"	"4"
|   12336|DEBUG|2018/03/16|19:40| 			"FORE_COLOR"	""
|   12336|DEBUG|2018/03/16|19:40| 			"BACK_COLOR"	"0,255,255"
|   12336|DEBUG|2018/03/16|19:40| 		}
|   12336|DEBUG|2018/03/16|19:40| 		ELEM {
|   12336|DEBUG|2018/03/16|19:40| 			NB_PROP	"12"
|   12336|DEBUG|2018/03/16|19:40| 			"v_groupexec"	""
|   12336|DEBUG|2018/03/16|19:40| 			"ID"	"CO0000000093"
|   12336|DEBUG|2018/03/16|19:40| 			"V_COMMENT"	"ALL_COMP_C0_C1_C0_C1_C0"
|   12336|DEBUG|2018/03/16|19:40| 			"ID_ENV"	"EB0000000008"
|   12336|DEBUG|2018/03/16|19:40| 			"ID_APP"	""
|   12336|DEBUG|2018/03/16|19:40| 			"V_DESC"	"
      TRAITEMENT IC1B DU FICP
        Réponse au IC1E
                  07h00"
|   12336|DEBUG|2018/03/16|19:40| 			"XYWH"	"500 -2310 160 50"
|   12336|DEBUG|2018/03/16|19:40| 			"F_LPOS"	"0"
|   12336|DEBUG|2018/03/16|19:40| 			"URL_DOC"	""
|   12336|DEBUG|2018/03/16|19:40| 			"TYPE"	"4"
|   12336|DEBUG|2018/03/16|19:40| 			"FORE_COLOR"	""
|   12336|DEBUG|2018/03/16|19:40| 			"BACK_COLOR"	"0,255,255"
|   12336|DEBUG|2018/03/16|19:40| 		}
|   12336|DEBUG|2018/03/16|19:40| 		ELEM {
|   12336|DEBUG|2018/03/16|19:40| 			NB_PROP	"12"
|   12336|DEBUG|2018/03/16|19:40| 			"v_groupexec"	""
|   12336|DEBUG|2018/03/16|19:40| 			"ID"	"CO0000000094"
|   12336|DEBUG|2018/03/16|19:40| 			"V_COMMENT"	"ALL_COMP_C0_C1_C0_C0_X1"
|   12336|DEBUG|2018/03/16|19:40| 			"ID_ENV"	"EB0000000008"
|   12336|DEBUG|2018/03/16|19:40| 			"ID_APP"	""
|   12336|DEBUG|2018/03/16|19:40| 			"V_DESC"	"
       TRAITEMENT FC1ER DU FCC
          Réponse au FC1E
                   07h00"
|   12336|DEBUG|2018/03/16|19:40| 			"XYWH"	"310 -2310 170 50"
|   12336|DEBUG|2018/03/16|19:40| 			"F_LPOS"	"1"
|   12336|DEBUG|2018/03/16|19:40| 			"URL_DOC"	""
|   12336|DEBUG|2018/03/16|19:40| 			"TYPE"	"4"
|   12336|DEBUG|2018/03/16|19:40| 			"FORE_COLOR"	""
|   12336|DEBUG|2018/03/16|19:40| 			"BACK_COLOR"	"0,255,255"
|   12336|DEBUG|2018/03/16|19:40| 		}
|   12336|DEBUG|2018/03/16|19:40| 		ELEM {
|   12336|DEBUG|2018/03/16|19:40| 			NB_PROP	"12"
|   12336|DEBUG|2018/03/16|19:40| 			"v_groupexec"	""
|   12336|DEBUG|2018/03/16|19:40| 			"ID"	"CO0000000095"
|   12336|DEBUG|2018/03/16|19:40| 			"V_COMMENT"	"sb1_C0_C0_C1_C0_C0_C0_C0_C0_C0"
|   12336|DEBUG|2018/03/16|19:40| 			"ID_ENV"	"EB0000000008"
|   12336|DEBUG|2018/03/16|19:40| 			"ID_APP"	""
|   12336|DEBUG|2018/03/16|19:40| 			"V_DESC"	"
          Levée opposition FCI
            carte usage abusif
----------------------------------------------------
   15 du mois ou JO précédent
           "
|   12336|DEBUG|2018/03/16|19:40| 			"XYWH"	"1100 3310 160 70"
|   12336|DEBUG|2018/03/16|19:40| 			"F_LPOS"	"1"
|   12336|DEBUG|2018/03/16|19:40| 			"URL_DOC"	""
|   12336|DEBUG|2018/03/16|19:40| 			"TYPE"	"4"
|   12336|DEBUG|2018/03/16|19:40| 			"FORE_COLOR"	""
|   12336|DEBUG|2018/03/16|19:40| 			"BACK_COLOR"	"204,255,204"
|   12336|DEBUG|2018/03/16|19:40| 		}
|   12336|DEBUG|2018/03/16|19:40| 		ELEM {
|   12336|DEBUG|2018/03/16|19:40| 			NB_PROP	"12"
|   12336|DEBUG|2018/03/16|19:40| 			"v_groupexec"	""
|   12336|DEBUG|2018/03/16|19:40| 			"ID"	"CO0000000096"
|   12336|DEBUG|2018/03/16|19:40| 			"V_COMMENT"	"sitretour_C2_C0_C0_C0_C1"
|   12336|DEBUG|2018/03/16|19:40| 			"ID_ENV"	"EB0000000008"
|   12336|DEBUG|2018/03/16|19:40| 			"ID_APP"	""
|   12336|DEBUG|2018/03/16|19:40| 			"V_DESC"	"
           Mvts des comptes
           ------------------------------
    Lendemain des Glissements"
|   12336|DEBUG|2018/03/16|19:40| 			"XYWH"	"660 3430 160 60"
|   12336|DEBUG|2018/03/16|19:40| 			"F_LPOS"	"1"
|   12336|DEBUG|2018/03/16|19:40| 			"URL_DOC"	""
|   12336|DEBUG|2018/03/16|19:40| 			"TYPE"	"4"
|   12336|DEBUG|2018/03/16|19:40| 			"FORE_COLOR"	""
|   12336|DEBUG|2018/03/16|19:40| 			"BACK_COLOR"	"204,255,204"
|   12336|DEBUG|2018/03/16|19:40| 		}
|   12336|DEBUG|2018/03/16|19:40| 		ELEM {
|   12336|DEBUG|2018/03/16|19:40| 			NB_PROP	"12"
|   12336|DEBUG|2018/03/16|19:40| 			"v_groupexec"	""
|   12336|DEBUG|2018/03/16|19:40| 			"ID"	"CO0000000097"
|   12336|DEBUG|2018/03/16|19:40| 			"V_COMMENT"	"rcmsb1_C0_C0_C2_C1"
|   12336|DEBUG|2018/03/16|19:40| 			"ID_ENV"	"EB0000000008"
|   12336|DEBUG|2018/03/16|19:40| 			"ID_APP"	""
|   12336|DEBUG|2018/03/16|19:40| 			"V_DESC"	"
Redemarage SVC Sentinel et XFBMT
                 06h00

           "
|   12336|DEBUG|2018/03/16|19:40| 			"XYWH"	"-350 -3190 140 50"
|   12336|DEBUG|2018/03/16|19:40| 			"F_LPOS"	"1"
|   12336|DEBUG|2018/03/16|19:40| 			"URL_DOC"	""
|   12336|DEBUG|2018/03/16|19:40| 			"TYPE"	"4"
|   12336|DEBUG|2018/03/16|19:40| 			"FORE_COLOR"	""
|   12336|DEBUG|2018/03/16|19:40| 			"BACK_COLOR"	"255,153,153"
|   12336|DEBUG|2018/03/16|19:40| 		}
|   12336|DEBUG|2018/03/16|19:40| 		ELEM {
|   12336|DEBUG|2018/03/16|19:40| 			NB_PROP	"12"
|   12336|DEBUG|2018/03/16|19:40| 			"v_groupexec"	""
|   12336|DEBUG|2018/03/16|19:40| 			"ID"	"CO0000000098"
|   12336|DEBUG|2018/03/16|19:40| 			"V_COMMENT"	"rcmsb1_C0_C0_C1_C1"
|   12336|DEBUG|2018/03/16|19:40| 			"ID_ENV"	"EB0000000008"
|   12336|DEBUG|2018/03/16|19:40| 			"ID_APP"	""
|   12336|DEBUG|2018/03/16|19:40| 			"V_DESC"	"ADE- rapprochements comptables

                  BCRAPPADE
            "
|   12336|DEBUG|2018/03/16|19:40| 			"XYWH"	"-310 -2510 170 50"
|   12336|DEBUG|2018/03/16|19:40| 			"F_LPOS"	"1"
|   12336|DEBUG|2018/03/16|19:40| 			"URL_DOC"	""
|   12336|DEBUG|2018/03/16|19:40| 			"TYPE"	"4"
|   12336|DEBUG|2018/03/16|19:40| 			"FORE_COLOR"	""
|   12336|DEBUG|2018/03/16|19:40| 			"BACK_COLOR"	"204,255,255"
|   12336|DEBUG|2018/03/16|19:40| 		}
|   12336|DEBUG|2018/03/16|19:40| 		ELEM {
|   12336|DEBUG|2018/03/16|19:40| 			NB_PROP	"12"
|   12336|DEBUG|2018/03/16|19:40| 			"v_groupexec"	""
|   12336|DEBUG|2018/03/16|19:40| 			"ID"	"CO0000000099"
|   12336|DEBUG|2018/03/16|19:40| 			"V_COMMENT"	"rcmsb1_C0_C0_C0_C1"
|   12336|DEBUG|2018/03/16|19:40| 			"ID_ENV"	"EB0000000008"
|   12336|DEBUG|2018/03/16|19:40| 			"ID_APP"	""
|   12336|DEBUG|2018/03/16|19:40| 			"V_DESC"	"
   Historisation des SMS informatiques
                  6h30
           "
|   12336|DEBUG|2018/03/16|19:40| 			"XYWH"	"-370 -2690 150 50"
|   12336|DEBUG|2018/03/16|19:40| 			"F_LPOS"	"1"
|   12336|DEBUG|2018/03/16|19:40| 			"URL_DOC"	""
|   12336|DEBUG|2018/03/16|19:40| 			"TYPE"	"4"
|   12336|DEBUG|2018/03/16|19:40| 			"FORE_COLOR"	""
|   12336|DEBUG|2018/03/16|19:40| 			"BACK_COLOR"	"102,153,255"
|   12336|DEBUG|2018/03/16|19:40| 		}
|   12336|DEBUG|2018/03/16|19:40| 		ELEM {
|   12336|DEBUG|2018/03/16|19:40| 			NB_PROP	"12"
|   12336|DEBUG|2018/03/16|19:40| 			"v_groupexec"	""
|   12336|DEBUG|2018/03/16|19:40| 			"ID"	"CO0000000100"
|   12336|DEBUG|2018/03/16|19:40| 			"V_COMMENT"	"ALL_COMP_C1_C0"
|   12336|DEBUG|2018/03/16|19:40| 			"ID_ENV"	"EB0000000008"
|   12336|DEBUG|2018/03/16|19:40| 			"ID_APP"	""
|   12336|DEBUG|2018/03/16|19:40| 			"V_DESC"	"

     TRAITEMENT Porteur CB sans tél Portable"
|   12336|DEBUG|2018/03/16|19:40| 			"XYWH"	"1020 -1130 240 50"
|   12336|DEBUG|2018/03/16|19:40| 			"F_LPOS"	"1"
|   12336|DEBUG|2018/03/16|19:40| 			"URL_DOC"	""
|   12336|DEBUG|2018/03/16|19:40| 			"TYPE"	"4"
|   12336|DEBUG|2018/03/16|19:40| 			"FORE_COLOR"	""
|   12336|DEBUG|2018/03/16|19:40| 			"BACK_COLOR"	"51,255,0"
|   12336|DEBUG|2018/03/16|19:40| 		}
|   12336|DEBUG|2018/03/16|19:40| 		ELEM {
|   12336|DEBUG|2018/03/16|19:40| 			NB_PROP	"12"
|   12336|DEBUG|2018/03/16|19:40| 			"v_groupexec"	""
|   12336|DEBUG|2018/03/16|19:40| 			"ID"	"CO0000000101"
|   12336|DEBUG|2018/03/16|19:40| 			"V_COMMENT"	"rcmsb1_C0_C0_C2_C2"
|   12336|DEBUG|2018/03/16|19:40| 			"ID_ENV"	"EB0000000008"
|   12336|DEBUG|2018/03/16|19:40| 			"ID_APP"	""
|   12336|DEBUG|2018/03/16|19:40| 			"V_DESC"	"
 Purge dossiers sur serveurs
               07h00

           "
|   12336|DEBUG|2018/03/16|19:40| 			"XYWH"	"560 -2950 130 50"
|   12336|DEBUG|2018/03/16|19:40| 			"F_LPOS"	"1"
|   12336|DEBUG|2018/03/16|19:40| 			"URL_DOC"	""
|   12336|DEBUG|2018/03/16|19:40| 			"TYPE"	"4"
|   12336|DEBUG|2018/03/16|19:40| 			"FORE_COLOR"	""
|   12336|DEBUG|2018/03/16|19:40| 			"BACK_COLOR"	"255,51,255"
|   12336|DEBUG|2018/03/16|19:40| 		}
|   12336|DEBUG|2018/03/16|19:40| 		ELEM {
|   12336|DEBUG|2018/03/16|19:40| 			NB_PROP	"12"
|   12336|DEBUG|2018/03/16|19:40| 			"v_groupexec"	""
|   12336|DEBUG|2018/03/16|19:40| 			"ID"	"CO0000000102"
|   12336|DEBUG|2018/03/16|19:40| 			"V_COMMENT"	"rcmsb1_C0_C0_C2_C3"
|   12336|DEBUG|2018/03/16|19:40| 			"ID_ENV"	"EB0000000008"
|   12336|DEBUG|2018/03/16|19:40| 			"ID_APP"	""
|   12336|DEBUG|2018/03/16|19:40| 			"V_DESC"	"
   Mise à dispo NNE vers CSB
            07h00

           "
|   12336|DEBUG|2018/03/16|19:40| 			"XYWH"	"800 -2950 150 50"
|   12336|DEBUG|2018/03/16|19:40| 			"F_LPOS"	"1"
|   12336|DEBUG|2018/03/16|19:40| 			"URL_DOC"	""
|   12336|DEBUG|2018/03/16|19:40| 			"TYPE"	"4"
|   12336|DEBUG|2018/03/16|19:40| 			"FORE_COLOR"	""
|   12336|DEBUG|2018/03/16|19:40| 			"BACK_COLOR"	"255,153,153"
|   12336|DEBUG|2018/03/16|19:40| 		}
|   12336|DEBUG|2018/03/16|19:40| 		ELEM {
|   12336|DEBUG|2018/03/16|19:40| 			NB_PROP	"12"
|   12336|DEBUG|2018/03/16|19:40| 			"v_groupexec"	""
|   12336|DEBUG|2018/03/16|19:40| 			"ID"	"CO0000000103"
|   12336|DEBUG|2018/03/16|19:40| 			"V_COMMENT"	"rcmsb2_C0_C0_C0_C0_C1_C0_C0"
|   12336|DEBUG|2018/03/16|19:40| 			"ID_ENV"	"EB0000000008"
|   12336|DEBUG|2018/03/16|19:40| 			"ID_APP"	""
|   12336|DEBUG|2018/03/16|19:40| 			"V_DESC"	"
     Mail cotation de la semaine
            pour verif"
|   12336|DEBUG|2018/03/16|19:40| 			"XYWH"	"280 2500 160 40"
|   12336|DEBUG|2018/03/16|19:40| 			"F_LPOS"	"1"
|   12337|DEBUG|2018/03/16|19:40| 			"URL_DOC"	""
|   12337|DEBUG|2018/03/16|19:40| 			"TYPE"	"4"
|   12337|DEBUG|2018/03/16|19:40| 			"FORE_COLOR"	"0,0,0"
|   12337|DEBUG|2018/03/16|19:40| 			"BACK_COLOR"	"255,51,0"
|   12337|DEBUG|2018/03/16|19:40| 		}
|   12337|DEBUG|2018/03/16|19:40| 		ELEM {
|   12337|DEBUG|2018/03/16|19:40| 			NB_PROP	"12"
|   12337|DEBUG|2018/03/16|19:40| 			"v_groupexec"	""
|   12337|DEBUG|2018/03/16|19:40| 			"ID"	"CO0000000104"
|   12337|DEBUG|2018/03/16|19:40| 			"V_COMMENT"	"sitretour_C2_C0_C0_C2"
|   12337|DEBUG|2018/03/16|19:40| 			"ID_ENV"	"EB0000000008"
|   12337|DEBUG|2018/03/16|19:40| 			"ID_APP"	""
|   12337|DEBUG|2018/03/16|19:40| 			"V_DESC"	"
        Récupération Facturation Membre
     Principal VISA Justif Facturation BCI
              chez MONEXT 1er JO"
|   12337|DEBUG|2018/03/16|19:40| 			"XYWH"	"1040 -610 210 50"
|   12337|DEBUG|2018/03/16|19:40| 			"F_LPOS"	"1"
|   12337|DEBUG|2018/03/16|19:40| 			"URL_DOC"	""
|   12337|DEBUG|2018/03/16|19:40| 			"TYPE"	"4"
|   12337|DEBUG|2018/03/16|19:40| 			"FORE_COLOR"	""
|   12337|DEBUG|2018/03/16|19:40| 			"BACK_COLOR"	"255,255,51"
|   12337|DEBUG|2018/03/16|19:40| 		}
|   12337|DEBUG|2018/03/16|19:40| 		ELEM {
|   12337|DEBUG|2018/03/16|19:40| 			NB_PROP	"12"
|   12337|DEBUG|2018/03/16|19:40| 			"v_groupexec"	""
|   12337|DEBUG|2018/03/16|19:40| 			"ID"	"CO0000000105"
|   12337|DEBUG|2018/03/16|19:40| 			"V_COMMENT"	"rcmsb2_C0_C0_C0_C0_C1_C0_C1"
|   12337|DEBUG|2018/03/16|19:40| 			"ID_ENV"	"EB0000000008"
|   12337|DEBUG|2018/03/16|19:40| 			"ID_APP"	""
|   12337|DEBUG|2018/03/16|19:40| 			"V_DESC"	"A planifier si demande
de recalcul"
|   12337|DEBUG|2018/03/16|19:40| 			"XYWH"	"360 2570 120 30"
|   12337|DEBUG|2018/03/16|19:40| 			"F_LPOS"	"1"
|   12337|DEBUG|2018/03/16|19:40| 			"URL_DOC"	""
|   12337|DEBUG|2018/03/16|19:40| 			"TYPE"	"4"
|   12337|DEBUG|2018/03/16|19:40| 			"FORE_COLOR"	"0,0,0"
|   12337|DEBUG|2018/03/16|19:40| 			"BACK_COLOR"	"255,255,0"
|   12337|DEBUG|2018/03/16|19:40| 		}
|   12337|DEBUG|2018/03/16|19:40| 		ELEM {
|   12337|DEBUG|2018/03/16|19:40| 			NB_PROP	"12"
|   12337|DEBUG|2018/03/16|19:40| 			"v_groupexec"	""
|   12337|DEBUG|2018/03/16|19:40| 			"ID"	"CO0000000106"
|   12337|DEBUG|2018/03/16|19:40| 			"V_COMMENT"	"rcmsb1_C0_C0_C1_C0_C1_C0_C0"
|   12337|DEBUG|2018/03/16|19:40| 			"ID_ENV"	"EB0000000008"
|   12337|DEBUG|2018/03/16|19:40| 			"ID_APP"	""
|   12337|DEBUG|2018/03/16|19:40| 			"V_DESC"	"
     Concaténation des fichiers automatique au retour de jour férié
  Si pas de fichier du jour deplanifier Le job CONCA et ARC
Laisser le renommage pour traiter le fichier recu pendant le jour ferié
           "
|   12337|DEBUG|2018/03/16|19:40| 			"XYWH"	"1040 -430 330 50"
|   12337|DEBUG|2018/03/16|19:40| 			"F_LPOS"	"1"
|   12337|DEBUG|2018/03/16|19:40| 			"URL_DOC"	""
|   12337|DEBUG|2018/03/16|19:40| 			"TYPE"	"4"
|   12337|DEBUG|2018/03/16|19:40| 			"FORE_COLOR"	""
|   12337|DEBUG|2018/03/16|19:40| 			"BACK_COLOR"	"255,255,51"
|   12337|DEBUG|2018/03/16|19:40| 		}
|   12337|DEBUG|2018/03/16|19:40| 		ELEM {
|   12337|DEBUG|2018/03/16|19:40| 			NB_PROP	"8"
|   12337|DEBUG|2018/03/16|19:40| 			"v_groupexec"	""
|   12337|DEBUG|2018/03/16|19:40| 			"ID"	"AP0000000001"
|   12337|DEBUG|2018/03/16|19:40| 			"TYPE"	"0"
|   12337|DEBUG|2018/03/16|19:40| 			"V_DESC"	"Intégration des Remise CHQ VIGIFOND"
|   12337|DEBUG|2018/03/16|19:40| 			"V_ANAME"	"REM_CHQ_VGF"
|   12337|DEBUG|2018/03/16|19:40| 			"XYWH"	"210 -2610 30 30"
|   12337|DEBUG|2018/03/16|19:40| 			"F_LPOS"	"0"
|   12337|DEBUG|2018/03/16|19:40| 			"URL_DOC"	""
|   12337|DEBUG|2018/03/16|19:40| 		}
|   12337|DEBUG|2018/03/16|19:40| 		ELEM {
|   12337|DEBUG|2018/03/16|19:40| 			NB_PROP	"8"
|   12337|DEBUG|2018/03/16|19:40| 			"v_groupexec"	""
|   12337|DEBUG|2018/03/16|19:40| 			"ID"	"AP0000000002"
|   12337|DEBUG|2018/03/16|19:40| 			"TYPE"	"0"
|   12337|DEBUG|2018/03/16|19:40| 			"V_DESC"	""
|   12337|DEBUG|2018/03/16|19:40| 			"V_ANAME"	"IMP_DIV_SQL"
|   12337|DEBUG|2018/03/16|19:40| 			"XYWH"	"210 -2750 30 30"
|   12337|DEBUG|2018/03/16|19:40| 			"F_LPOS"	"1"
|   12337|DEBUG|2018/03/16|19:40| 			"URL_DOC"	""
|   12337|DEBUG|2018/03/16|19:40| 		}
|   12337|DEBUG|2018/03/16|19:40| 		ELEM {
|   12337|DEBUG|2018/03/16|19:40| 			NB_PROP	"8"
|   12337|DEBUG|2018/03/16|19:40| 			"v_groupexec"	""
|   12337|DEBUG|2018/03/16|19:40| 			"ID"	"AP0000000003"
|   12337|DEBUG|2018/03/16|19:40| 			"TYPE"	"0"
|   12337|DEBUG|2018/03/16|19:40| 			"V_DESC"	"Application de la notation interne mensuelle"
|   12337|DEBUG|2018/03/16|19:40| 			"V_ANAME"	"NOTATION_MENSUELLE"
|   12337|DEBUG|2018/03/16|19:40| 			"XYWH"	"-70 3400 30 30"
|   12337|DEBUG|2018/03/16|19:40| 			"F_LPOS"	"0"
|   12337|DEBUG|2018/03/16|19:40| 			"URL_DOC"	""
|   12337|DEBUG|2018/03/16|19:40| 		}
|   12337|DEBUG|2018/03/16|19:40| 		ELEM {
|   12337|DEBUG|2018/03/16|19:40| 			NB_PROP	"8"
|   12337|DEBUG|2018/03/16|19:40| 			"v_groupexec"	""
|   12337|DEBUG|2018/03/16|19:40| 			"ID"	"AP0000000004"
|   12337|DEBUG|2018/03/16|19:40| 			"TYPE"	"0"
|   12337|DEBUG|2018/03/16|19:40| 			"V_DESC"	"Envoi des SMS"
|   12337|DEBUG|2018/03/16|19:40| 			"V_ANAME"	"SMS"
|   12337|DEBUG|2018/03/16|19:40| 			"XYWH"	"220 -2870 30 30"
|   12337|DEBUG|2018/03/16|19:40| 			"F_LPOS"	"1"
|   12337|DEBUG|2018/03/16|19:40| 			"URL_DOC"	""
|   12337|DEBUG|2018/03/16|19:40| 		}
|   12337|DEBUG|2018/03/16|19:40| 		ELEM {
|   12337|DEBUG|2018/03/16|19:40| 			NB_PROP	"8"
|   12337|DEBUG|2018/03/16|19:40| 			"v_groupexec"	""
|   12337|DEBUG|2018/03/16|19:40| 			"ID"	"AP0000000005"
|   12337|DEBUG|2018/03/16|19:40| 			"TYPE"	"0"
|   12337|DEBUG|2018/03/16|19:40| 			"V_DESC"	"Contient des jobs bidons qui tournent sur tous les serveurs de fàcons à etre en mesure de piloter n'importe quel graph."
|   12337|DEBUG|2018/03/16|19:40| 			"V_ANAME"	"ADM_SERVEUR"
|   12337|DEBUG|2018/03/16|19:40| 			"XYWH"	"-160 -3080 30 30"
|   12337|DEBUG|2018/03/16|19:40| 			"F_LPOS"	"1"
|   12337|DEBUG|2018/03/16|19:40| 			"URL_DOC"	""
|   12337|DEBUG|2018/03/16|19:40| 		}
|   12337|DEBUG|2018/03/16|19:40| 		ELEM {
|   12337|DEBUG|2018/03/16|19:40| 			NB_PROP	"15"
|   12337|DEBUG|2018/03/16|19:40| 			"TO"	"JO0000000643"
|   12337|DEBUG|2018/03/16|19:40| 			"FROM"	"JO0000000431"
|   12337|DEBUG|2018/03/16|19:40| 			"v_groupexec"	""
|   12337|DEBUG|2018/03/16|19:40| 			"ID"	"LN0000000002"
|   12337|DEBUG|2018/03/16|19:40| 			"ID_ENV"	"EB0000000008"
|   12337|DEBUG|2018/03/16|19:40| 			"ID_APP"	""
|   12337|DEBUG|2018/03/16|19:40| 			"TYPE"	"2"
|   12337|DEBUG|2018/03/16|19:40| 			"V_DESC"	""
|   12337|DEBUG|2018/03/16|19:40| 			"V_USRNAME"	"LIE_357"
|   12337|DEBUG|2018/03/16|19:40| 			"LTYPE"	"0"
|   12337|DEBUG|2018/03/16|19:40| 			"XYWH"	"-300 120 50 120"
|   12337|DEBUG|2018/03/16|19:40| 			"DS_DELAY"	""
|   12337|DEBUG|2018/03/16|19:40| 			"F_KILL"	""
|   12337|DEBUG|2018/03/16|19:40| 			"F_LPOS"	""
|   12337|DEBUG|2018/03/16|19:40| 			"URL_DOC"	""
|   12337|DEBUG|2018/03/16|19:40| 		}
|   12337|DEBUG|2018/03/16|19:40| 		ELEM {
|   12337|DEBUG|2018/03/16|19:40| 			NB_PROP	"15"
|   12337|DEBUG|2018/03/16|19:40| 			"TO"	"JO0000000642"
|   12337|DEBUG|2018/03/16|19:40| 			"FROM"	"JO0000000373"
|   12337|DEBUG|2018/03/16|19:40| 			"v_groupexec"	""
|   12337|DEBUG|2018/03/16|19:40| 			"ID"	"LN0000000003"
|   12337|DEBUG|2018/03/16|19:40| 			"ID_ENV"	"EB0000000008"
|   12337|DEBUG|2018/03/16|19:40| 			"ID_APP"	""
|   12337|DEBUG|2018/03/16|19:40| 			"TYPE"	"2"
|   12337|DEBUG|2018/03/16|19:40| 			"V_DESC"	""
|   12337|DEBUG|2018/03/16|19:40| 			"V_USRNAME"	"LIE_334"
|   12337|DEBUG|2018/03/16|19:40| 			"LTYPE"	"0"
|   12337|DEBUG|2018/03/16|19:40| 			"XYWH"	"-30 -1360 90 10"
|   12337|DEBUG|2018/03/16|19:40| 			"DS_DELAY"	""
|   12337|DEBUG|2018/03/16|19:40| 			"F_KILL"	""
|   12337|DEBUG|2018/03/16|19:40| 			"F_LPOS"	""
|   12337|DEBUG|2018/03/16|19:40| 			"URL_DOC"	""
|   12337|DEBUG|2018/03/16|19:40| 		}
|   12337|DEBUG|2018/03/16|19:40| 		ELEM {
|   12337|DEBUG|2018/03/16|19:40| 			NB_PROP	"15"
|   12337|DEBUG|2018/03/16|19:40| 			"TO"	"JO0000000641"
|   12337|DEBUG|2018/03/16|19:40| 			"FROM"	"JO0000000431"
|   12337|DEBUG|2018/03/16|19:40| 			"v_groupexec"	""
|   12337|DEBUG|2018/03/16|19:40| 			"ID"	"LN0000000004"
|   12337|DEBUG|2018/03/16|19:40| 			"ID_ENV"	"EB0000000008"
|   12337|DEBUG|2018/03/16|19:40| 			"ID_APP"	""
|   12337|DEBUG|2018/03/16|19:40| 			"TYPE"	"2"
|   12337|DEBUG|2018/03/16|19:40| 			"V_DESC"	""
|   12337|DEBUG|2018/03/16|19:40| 			"V_USRNAME"	"LIE_349"
|   12337|DEBUG|2018/03/16|19:40| 			"LTYPE"	"0"
|   12337|DEBUG|2018/03/16|19:40| 			"XYWH"	"-300 120 80 10"
|   12337|DEBUG|2018/03/16|19:40| 			"DS_DELAY"	""
|   12337|DEBUG|2018/03/16|19:40| 			"F_KILL"	""
|   12337|DEBUG|2018/03/16|19:40| 			"F_LPOS"	""
|   12337|DEBUG|2018/03/16|19:40| 			"URL_DOC"	""
|   12337|DEBUG|2018/03/16|19:40| 		}
|   12337|DEBUG|2018/03/16|19:40| 		ELEM {
|   12337|DEBUG|2018/03/16|19:40| 			NB_PROP	"15"
|   12337|DEBUG|2018/03/16|19:40| 			"TO"	"JO0000000453"
|   12337|DEBUG|2018/03/16|19:40| 			"FROM"	"JO0000000315"
|   12337|DEBUG|2018/03/16|19:40| 			"v_groupexec"	""
|   12337|DEBUG|2018/03/16|19:40| 			"ID"	"LN0000000005"
|   12337|DEBUG|2018/03/16|19:40| 			"ID_ENV"	"EB0000000008"
|   12337|DEBUG|2018/03/16|19:40| 			"ID_APP"	""
|   12337|DEBUG|2018/03/16|19:40| 			"TYPE"	"2"
|   12337|DEBUG|2018/03/16|19:40| 			"V_DESC"	""
|   12337|DEBUG|2018/03/16|19:40| 			"V_USRNAME"	"LIE_69"
|   12337|DEBUG|2018/03/16|19:40| 			"LTYPE"	"0"
|   12337|DEBUG|2018/03/16|19:40| 			"XYWH"	"870 1040 70 10"
|   12337|DEBUG|2018/03/16|19:40| 			"DS_DELAY"	""
|   12337|DEBUG|2018/03/16|19:40| 			"F_KILL"	""
|   12337|DEBUG|2018/03/16|19:40| 			"F_LPOS"	""
|   12337|DEBUG|2018/03/16|19:40| 			"URL_DOC"	""
|   12337|DEBUG|2018/03/16|19:40| 		}
|   12337|DEBUG|2018/03/16|19:40| 		ELEM {
|   12337|DEBUG|2018/03/16|19:40| 			NB_PROP	"15"
|   12337|DEBUG|2018/03/16|19:40| 			"TO"	"JO0000000321"
|   12337|DEBUG|2018/03/16|19:40| 			"FROM"	"JO0000000453"
|   12337|DEBUG|2018/03/16|19:40| 			"v_groupexec"	""
|   12337|DEBUG|2018/03/16|19:40| 			"ID"	"LN0000000006"
|   12337|DEBUG|2018/03/16|19:40| 			"ID_ENV"	"EB0000000008"
|   12337|DEBUG|2018/03/16|19:40| 			"ID_APP"	""
|   12337|DEBUG|2018/03/16|19:40| 			"TYPE"	"2"
|   12338|DEBUG|2018/03/16|19:40| 			"V_DESC"	""
|   12338|DEBUG|2018/03/16|19:40| 			"V_USRNAME"	"LIE_380"
|   12338|DEBUG|2018/03/16|19:40| 			"LTYPE"	"0"
|   12338|DEBUG|2018/03/16|19:40| 			"XYWH"	"850 1060 10 40"
|   12338|DEBUG|2018/03/16|19:40| 			"DS_DELAY"	""
|   12338|DEBUG|2018/03/16|19:40| 			"F_KILL"	""
|   12338|DEBUG|2018/03/16|19:40| 			"F_LPOS"	""
|   12338|DEBUG|2018/03/16|19:40| 			"URL_DOC"	""
|   12338|DEBUG|2018/03/16|19:40| 		}
|   12338|DEBUG|2018/03/16|19:40| 		ELEM {
|   12338|DEBUG|2018/03/16|19:40| 			NB_PROP	"15"
|   12338|DEBUG|2018/03/16|19:40| 			"TO"	"JO0000000455"
|   12338|DEBUG|2018/03/16|19:40| 			"FROM"	"JO0000000454"
|   12338|DEBUG|2018/03/16|19:40| 			"v_groupexec"	""
|   12338|DEBUG|2018/03/16|19:40| 			"ID"	"LN0000000007"
|   12338|DEBUG|2018/03/16|19:40| 			"ID_ENV"	"EB0000000008"
|   12338|DEBUG|2018/03/16|19:40| 			"ID_APP"	""
|   12338|DEBUG|2018/03/16|19:40| 			"TYPE"	"2"
|   12338|DEBUG|2018/03/16|19:40| 			"V_DESC"	""
|   12338|DEBUG|2018/03/16|19:40| 			"V_USRNAME"	"LIE_381"
|   12338|DEBUG|2018/03/16|19:40| 			"LTYPE"	"1"
|   12338|DEBUG|2018/03/16|19:40| 			"XYWH"	"630 1230 90 10"
|   12338|DEBUG|2018/03/16|19:40| 			"DS_DELAY"	""
|   12338|DEBUG|2018/03/16|19:40| 			"F_KILL"	""
|   12338|DEBUG|2018/03/16|19:40| 			"F_LPOS"	"1"
|   12338|DEBUG|2018/03/16|19:40| 			"URL_DOC"	""
|   12338|DEBUG|2018/03/16|19:40| 		}
|   12338|DEBUG|2018/03/16|19:40| 		ELEM {
|   12338|DEBUG|2018/03/16|19:40| 			NB_PROP	"15"
|   12338|DEBUG|2018/03/16|19:40| 			"TO"	"JO0000000308"
|   12338|DEBUG|2018/03/16|19:40| 			"FROM"	"JO0000000455"
|   12338|DEBUG|2018/03/16|19:40| 			"v_groupexec"	""
|   12338|DEBUG|2018/03/16|19:40| 			"ID"	"LN0000000008"
|   12338|DEBUG|2018/03/16|19:40| 			"ID_ENV"	"EB0000000008"
|   12338|DEBUG|2018/03/16|19:40| 			"ID_APP"	""
|   12338|DEBUG|2018/03/16|19:40| 			"TYPE"	"2"
|   12338|DEBUG|2018/03/16|19:40| 			"V_DESC"	""
|   12338|DEBUG|2018/03/16|19:40| 			"V_USRNAME"	"LIE_382"
|   12338|DEBUG|2018/03/16|19:40| 			"LTYPE"	"0"
|   12338|DEBUG|2018/03/16|19:40| 			"XYWH"	"500 1230 100 10"
|   12338|DEBUG|2018/03/16|19:40| 			"DS_DELAY"	""
|   12338|DEBUG|2018/03/16|19:40| 			"F_KILL"	""
|   12338|DEBUG|2018/03/16|19:40| 			"F_LPOS"	"1"
|   12338|DEBUG|2018/03/16|19:40| 			"URL_DOC"	""
|   12338|DEBUG|2018/03/16|19:40| 		}
|   12338|DEBUG|2018/03/16|19:40| 		ELEM {
|   12338|DEBUG|2018/03/16|19:40| 			NB_PROP	"15"
|   12338|DEBUG|2018/03/16|19:40| 			"TO"	"JO0000000452"
|   12338|DEBUG|2018/03/16|19:40| 			"FROM"	"JO0000000441"
|   12338|DEBUG|2018/03/16|19:40| 			"v_groupexec"	""
|   12338|DEBUG|2018/03/16|19:40| 			"ID"	"LN0000000009"
|   12338|DEBUG|2018/03/16|19:40| 			"ID_ENV"	"EB0000000008"
|   12338|DEBUG|2018/03/16|19:40| 			"ID_APP"	""
|   12338|DEBUG|2018/03/16|19:40| 			"TYPE"	"2"
|   12338|DEBUG|2018/03/16|19:40| 			"V_DESC"	""
|   12338|DEBUG|2018/03/16|19:40| 			"V_USRNAME"	"LIE_377"
|   12338|DEBUG|2018/03/16|19:40| 			"LTYPE"	"0"
|   12338|DEBUG|2018/03/16|19:40| 			"XYWH"	"-400 1020 10 30"
|   12338|DEBUG|2018/03/16|19:40| 			"DS_DELAY"	""
|   12338|DEBUG|2018/03/16|19:40| 			"F_KILL"	""
|   12338|DEBUG|2018/03/16|19:40| 			"F_LPOS"	""
|   12338|DEBUG|2018/03/16|19:40| 			"URL_DOC"	""
|   12338|DEBUG|2018/03/16|19:40| 		}
|   12338|DEBUG|2018/03/16|19:40| 		ELEM {
|   12338|DEBUG|2018/03/16|19:40| 			NB_PROP	"15"
|   12338|DEBUG|2018/03/16|19:40| 			"TO"	"JO0000000442"
|   12338|DEBUG|2018/03/16|19:40| 			"FROM"	"JO0000000452"
|   12338|DEBUG|2018/03/16|19:40| 			"v_groupexec"	""
|   12338|DEBUG|2018/03/16|19:40| 			"ID"	"LN0000000010"
|   12338|DEBUG|2018/03/16|19:40| 			"ID_ENV"	"EB0000000008"
|   12338|DEBUG|2018/03/16|19:40| 			"ID_APP"	""
|   12338|DEBUG|2018/03/16|19:40| 			"TYPE"	"2"
|   12338|DEBUG|2018/03/16|19:40| 			"V_DESC"	""
|   12338|DEBUG|2018/03/16|19:40| 			"V_USRNAME"	"LIE_378"
|   12338|DEBUG|2018/03/16|19:40| 			"LTYPE"	"1"
|   12338|DEBUG|2018/03/16|19:40| 			"XYWH"	"-500 1060 80 10"
|   12338|DEBUG|2018/03/16|19:40| 			"DS_DELAY"	""
|   12338|DEBUG|2018/03/16|19:40| 			"F_KILL"	""
|   12338|DEBUG|2018/03/16|19:40| 			"F_LPOS"	"1"
|   12338|DEBUG|2018/03/16|19:40| 			"URL_DOC"	""
|   12338|DEBUG|2018/03/16|19:40| 		}
|   12338|DEBUG|2018/03/16|19:40| 		ELEM {
|   12338|DEBUG|2018/03/16|19:40| 			NB_PROP	"15"
|   12338|DEBUG|2018/03/16|19:40| 			"TO"	"JO0000000451"
|   12338|DEBUG|2018/03/16|19:40| 			"FROM"	"JO0000000442"
|   12338|DEBUG|2018/03/16|19:40| 			"v_groupexec"	""
|   12338|DEBUG|2018/03/16|19:40| 			"ID"	"LN0000000011"
|   12338|DEBUG|2018/03/16|19:40| 			"ID_ENV"	"EB0000000008"
|   12338|DEBUG|2018/03/16|19:40| 			"ID_APP"	""
|   12338|DEBUG|2018/03/16|19:40| 			"TYPE"	"2"
|   12338|DEBUG|2018/03/16|19:40| 			"V_DESC"	""
|   12338|DEBUG|2018/03/16|19:40| 			"V_USRNAME"	"LIE_379"
|   12338|DEBUG|2018/03/16|19:40| 			"LTYPE"	"0"
|   12338|DEBUG|2018/03/16|19:40| 			"XYWH"	"-510 1080 10 30"
|   12338|DEBUG|2018/03/16|19:40| 			"DS_DELAY"	""
|   12338|DEBUG|2018/03/16|19:40| 			"F_KILL"	""
|   12338|DEBUG|2018/03/16|19:40| 			"F_LPOS"	""
|   12338|DEBUG|2018/03/16|19:40| 			"URL_DOC"	""
|   12338|DEBUG|2018/03/16|19:40| 		}
|   12338|DEBUG|2018/03/16|19:40| 		ELEM {
|   12338|DEBUG|2018/03/16|19:40| 			NB_PROP	"15"
|   12338|DEBUG|2018/03/16|19:40| 			"TO"	"JO0000000450"
|   12338|DEBUG|2018/03/16|19:40| 			"FROM"	"JO0000000445"
|   12338|DEBUG|2018/03/16|19:40| 			"v_groupexec"	""
|   12338|DEBUG|2018/03/16|19:40| 			"ID"	"LN0000000012"
|   12338|DEBUG|2018/03/16|19:40| 			"ID_ENV"	"EB0000000008"
|   12338|DEBUG|2018/03/16|19:40| 			"ID_APP"	""
|   12338|DEBUG|2018/03/16|19:40| 			"TYPE"	"2"
|   12338|DEBUG|2018/03/16|19:40| 			"V_DESC"	""
|   12338|DEBUG|2018/03/16|19:40| 			"V_USRNAME"	"LIE_370"
|   12338|DEBUG|2018/03/16|19:40| 			"LTYPE"	"0"
|   12338|DEBUG|2018/03/16|19:40| 			"XYWH"	"-500 910 30 40"
|   12338|DEBUG|2018/03/16|19:40| 			"DS_DELAY"	""
|   12338|DEBUG|2018/03/16|19:40| 			"F_KILL"	""
|   12338|DEBUG|2018/03/16|19:40| 			"F_LPOS"	""
|   12338|DEBUG|2018/03/16|19:40| 			"URL_DOC"	""
|   12338|DEBUG|2018/03/16|19:40| 		}
|   12338|DEBUG|2018/03/16|19:40| 		ELEM {
|   12338|DEBUG|2018/03/16|19:40| 			NB_PROP	"15"
|   12338|DEBUG|2018/03/16|19:40| 			"TO"	"JO0000000441"
|   12338|DEBUG|2018/03/16|19:40| 			"FROM"	"JO0000000450"
|   12338|DEBUG|2018/03/16|19:40| 			"v_groupexec"	""
|   12338|DEBUG|2018/03/16|19:40| 			"ID"	"LN0000000013"
|   12338|DEBUG|2018/03/16|19:40| 			"ID_ENV"	"EB0000000008"
|   12338|DEBUG|2018/03/16|19:40| 			"ID_APP"	""
|   12338|DEBUG|2018/03/16|19:40| 			"TYPE"	"2"
|   12338|DEBUG|2018/03/16|19:40| 			"V_DESC"	""
|   12338|DEBUG|2018/03/16|19:40| 			"V_USRNAME"	"LIE_376"
|   12338|DEBUG|2018/03/16|19:40| 			"LTYPE"	"0"
|   12338|DEBUG|2018/03/16|19:40| 			"XYWH"	"-530 950 60 40"
|   12338|DEBUG|2018/03/16|19:40| 			"DS_DELAY"	""
|   12338|DEBUG|2018/03/16|19:40| 			"F_KILL"	""
|   12338|DEBUG|2018/03/16|19:40| 			"F_LPOS"	""
|   12338|DEBUG|2018/03/16|19:40| 			"URL_DOC"	""
|   12338|DEBUG|2018/03/16|19:40| 		}
|   12338|DEBUG|2018/03/16|19:40| 		ELEM {
|   12338|DEBUG|2018/03/16|19:40| 			NB_PROP	"15"
|   12338|DEBUG|2018/03/16|19:40| 			"TO"	"JO0000000447"
|   12338|DEBUG|2018/03/16|19:40| 			"FROM"	"JO0000000449"
|   12338|DEBUG|2018/03/16|19:40| 			"v_groupexec"	""
|   12338|DEBUG|2018/03/16|19:40| 			"ID"	"LN0000000014"
|   12338|DEBUG|2018/03/16|19:40| 			"ID_ENV"	"EB0000000008"
|   12338|DEBUG|2018/03/16|19:40| 			"ID_APP"	""
|   12338|DEBUG|2018/03/16|19:40| 			"TYPE"	"2"
|   12338|DEBUG|2018/03/16|19:40| 			"V_DESC"	""
|   12338|DEBUG|2018/03/16|19:40| 			"V_USRNAME"	"LIE_374"
|   12338|DEBUG|2018/03/16|19:40| 			"LTYPE"	"0"
|   12338|DEBUG|2018/03/16|19:40| 			"XYWH"	"-160 910 30 80"
|   12338|DEBUG|2018/03/16|19:40| 			"DS_DELAY"	""
|   12338|DEBUG|2018/03/16|19:40| 			"F_KILL"	""
|   12338|DEBUG|2018/03/16|19:40| 			"F_LPOS"	""
|   12338|DEBUG|2018/03/16|19:40| 			"URL_DOC"	""
|   12338|DEBUG|2018/03/16|19:40| 		}
|   12338|DEBUG|2018/03/16|19:40| 		ELEM {
|   12338|DEBUG|2018/03/16|19:40| 			NB_PROP	"15"
|   12338|DEBUG|2018/03/16|19:40| 			"TO"	"JO0000000449"
|   12338|DEBUG|2018/03/16|19:40| 			"FROM"	"JO0000000448"
|   12338|DEBUG|2018/03/16|19:40| 			"v_groupexec"	""
|   12338|DEBUG|2018/03/16|19:40| 			"ID"	"LN0000000015"
|   12338|DEBUG|2018/03/16|19:40| 			"ID_ENV"	"EB0000000008"
|   12338|DEBUG|2018/03/16|19:40| 			"ID_APP"	""
|   12338|DEBUG|2018/03/16|19:40| 			"TYPE"	"2"
|   12338|DEBUG|2018/03/16|19:40| 			"V_DESC"	""
|   12338|DEBUG|2018/03/16|19:40| 			"V_USRNAME"	"LIE_375"
|   12338|DEBUG|2018/03/16|19:40| 			"LTYPE"	"0"
|   12338|DEBUG|2018/03/16|19:40| 			"XYWH"	"-280 850 150 60"
|   12338|DEBUG|2018/03/16|19:40| 			"DS_DELAY"	""
|   12338|DEBUG|2018/03/16|19:40| 			"F_KILL"	""
|   12338|DEBUG|2018/03/16|19:40| 			"F_LPOS"	""
|   12338|DEBUG|2018/03/16|19:40| 			"URL_DOC"	""
|   12338|DEBUG|2018/03/16|19:40| 		}
|   12338|DEBUG|2018/03/16|19:40| 		ELEM {
|   12338|DEBUG|2018/03/16|19:40| 			NB_PROP	"15"
|   12338|DEBUG|2018/03/16|19:40| 			"TO"	"JO0000000430"
|   12338|DEBUG|2018/03/16|19:40| 			"FROM"	"JO0000000438"
|   12338|DEBUG|2018/03/16|19:40| 			"v_groupexec"	""
|   12338|DEBUG|2018/03/16|19:40| 			"ID"	"LN0000000016"
|   12338|DEBUG|2018/03/16|19:40| 			"ID_ENV"	"EB0000000008"
|   12338|DEBUG|2018/03/16|19:40| 			"ID_APP"	""
|   12338|DEBUG|2018/03/16|19:40| 			"TYPE"	"2"
|   12338|DEBUG|2018/03/16|19:40| 			"V_DESC"	""
|   12338|DEBUG|2018/03/16|19:40| 			"V_USRNAME"	"LIE_356"
|   12338|DEBUG|2018/03/16|19:40| 			"LTYPE"	"0"
|   12338|DEBUG|2018/03/16|19:40| 			"XYWH"	"-280 400 40 50"
|   12338|DEBUG|2018/03/16|19:40| 			"DS_DELAY"	""
|   12338|DEBUG|2018/03/16|19:40| 			"F_KILL"	""
|   12338|DEBUG|2018/03/16|19:40| 			"F_LPOS"	""
|   12338|DEBUG|2018/03/16|19:40| 			"URL_DOC"	""
|   12338|DEBUG|2018/03/16|19:40| 		}
|   12338|DEBUG|2018/03/16|19:40| 		ELEM {
|   12338|DEBUG|2018/03/16|19:40| 			NB_PROP	"15"
|   12338|DEBUG|2018/03/16|19:40| 			"TO"	"JO0000000429"
|   12338|DEBUG|2018/03/16|19:40| 			"FROM"	"JO0000000438"
|   12338|DEBUG|2018/03/16|19:40| 			"v_groupexec"	""
|   12338|DEBUG|2018/03/16|19:40| 			"ID"	"LN0000000017"
|   12338|DEBUG|2018/03/16|19:40| 			"ID_ENV"	"EB0000000008"
|   12338|DEBUG|2018/03/16|19:40| 			"ID_APP"	""
|   12338|DEBUG|2018/03/16|19:40| 			"TYPE"	"2"
|   12338|DEBUG|2018/03/16|19:40| 			"V_DESC"	""
|   12338|DEBUG|2018/03/16|19:40| 			"V_USRNAME"	"LIE_359"
|   12338|DEBUG|2018/03/16|19:40| 			"LTYPE"	"0"
|   12338|DEBUG|2018/03/16|19:40| 			"XYWH"	"-360 400 50 50"
|   12339|DEBUG|2018/03/16|19:40| 			"DS_DELAY"	""
|   12339|DEBUG|2018/03/16|19:40| 			"F_KILL"	""
|   12339|DEBUG|2018/03/16|19:40| 			"F_LPOS"	""
|   12339|DEBUG|2018/03/16|19:40| 			"URL_DOC"	""
|   12339|DEBUG|2018/03/16|19:40| 		}
|   12339|DEBUG|2018/03/16|19:40| 		ELEM {
|   12339|DEBUG|2018/03/16|19:40| 			NB_PROP	"15"
|   12339|DEBUG|2018/03/16|19:40| 			"TO"	"JO0000000448"
|   12339|DEBUG|2018/03/16|19:40| 			"FROM"	"JO0000000439"
|   12339|DEBUG|2018/03/16|19:40| 			"v_groupexec"	""
|   12339|DEBUG|2018/03/16|19:40| 			"ID"	"LN0000000018"
|   12339|DEBUG|2018/03/16|19:40| 			"ID_ENV"	"EB0000000008"
|   12339|DEBUG|2018/03/16|19:40| 			"ID_APP"	""
|   12339|DEBUG|2018/03/16|19:40| 			"TYPE"	"2"
|   12339|DEBUG|2018/03/16|19:40| 			"V_DESC"	""
|   12339|DEBUG|2018/03/16|19:40| 			"V_USRNAME"	"LIE_366"
|   12339|DEBUG|2018/03/16|19:40| 			"LTYPE"	"0"
|   12339|DEBUG|2018/03/16|19:40| 			"XYWH"	"-260 810 10 30"
|   12339|DEBUG|2018/03/16|19:40| 			"DS_DELAY"	""
|   12339|DEBUG|2018/03/16|19:40| 			"F_KILL"	""
|   12339|DEBUG|2018/03/16|19:40| 			"F_LPOS"	""
|   12339|DEBUG|2018/03/16|19:40| 			"URL_DOC"	""
|   12339|DEBUG|2018/03/16|19:40| 		}
|   12339|DEBUG|2018/03/16|19:40| 		ELEM {
|   12339|DEBUG|2018/03/16|19:40| 			NB_PROP	"15"
|   12339|DEBUG|2018/03/16|19:40| 			"TO"	"JO0000000445"
|   12339|DEBUG|2018/03/16|19:40| 			"FROM"	"JO0000000448"
|   12339|DEBUG|2018/03/16|19:40| 			"v_groupexec"	""
|   12339|DEBUG|2018/03/16|19:40| 			"ID"	"LN0000000019"
|   12339|DEBUG|2018/03/16|19:40| 			"ID_ENV"	"EB0000000008"
|   12339|DEBUG|2018/03/16|19:40| 			"ID_APP"	""
|   12339|DEBUG|2018/03/16|19:40| 			"TYPE"	"2"
|   12339|DEBUG|2018/03/16|19:40| 			"V_DESC"	""
|   12339|DEBUG|2018/03/16|19:40| 			"V_USRNAME"	"LIE_367"
|   12339|DEBUG|2018/03/16|19:40| 			"LTYPE"	"0"
|   12339|DEBUG|2018/03/16|19:40| 			"XYWH"	"-370 850 90 60"
|   12339|DEBUG|2018/03/16|19:40| 			"DS_DELAY"	""
|   12339|DEBUG|2018/03/16|19:40| 			"F_KILL"	""
|   12339|DEBUG|2018/03/16|19:40| 			"F_LPOS"	""
|   12339|DEBUG|2018/03/16|19:40| 			"URL_DOC"	""
|   12339|DEBUG|2018/03/16|19:40| 		}
|   12339|DEBUG|2018/03/16|19:40| 		ELEM {
|   12339|DEBUG|2018/03/16|19:40| 			NB_PROP	"15"
|   12339|DEBUG|2018/03/16|19:40| 			"TO"	"JO0000000444"
|   12339|DEBUG|2018/03/16|19:40| 			"FROM"	"JO0000000448"
|   12339|DEBUG|2018/03/16|19:40| 			"v_groupexec"	""
|   12339|DEBUG|2018/03/16|19:40| 			"ID"	"LN0000000020"
|   12339|DEBUG|2018/03/16|19:40| 			"ID_ENV"	"EB0000000008"
|   12339|DEBUG|2018/03/16|19:40| 			"ID_APP"	""
|   12339|DEBUG|2018/03/16|19:40| 			"TYPE"	"2"
|   12339|DEBUG|2018/03/16|19:40| 			"V_DESC"	""
|   12339|DEBUG|2018/03/16|19:40| 			"V_USRNAME"	"LIE_368"
|   12339|DEBUG|2018/03/16|19:40| 			"LTYPE"	"0"
|   12339|DEBUG|2018/03/16|19:40| 			"XYWH"	"-270 870 10 30"
|   12339|DEBUG|2018/03/16|19:40| 			"DS_DELAY"	""
|   12339|DEBUG|2018/03/16|19:40| 			"F_KILL"	""
|   12339|DEBUG|2018/03/16|19:40| 			"F_LPOS"	""
|   12339|DEBUG|2018/03/16|19:40| 			"URL_DOC"	""
|   12339|DEBUG|2018/03/16|19:40| 		}
|   12339|DEBUG|2018/03/16|19:40| 		ELEM {
|   12339|DEBUG|2018/03/16|19:40| 			NB_PROP	"15"
|   12339|DEBUG|2018/03/16|19:40| 			"TO"	"JO0000000446"
|   12339|DEBUG|2018/03/16|19:40| 			"FROM"	"JO0000000448"
|   12339|DEBUG|2018/03/16|19:40| 			"v_groupexec"	""
|   12339|DEBUG|2018/03/16|19:40| 			"ID"	"LN0000000021"
|   12339|DEBUG|2018/03/16|19:40| 			"ID_ENV"	"EB0000000008"
|   12339|DEBUG|2018/03/16|19:40| 			"ID_APP"	""
|   12339|DEBUG|2018/03/16|19:40| 			"TYPE"	"2"
|   12339|DEBUG|2018/03/16|19:40| 			"V_DESC"	""
|   12339|DEBUG|2018/03/16|19:40| 			"V_USRNAME"	"LIE_373"
|   12339|DEBUG|2018/03/16|19:40| 			"LTYPE"	"0"
|   12339|DEBUG|2018/03/16|19:40| 			"XYWH"	"-250 850 90 60"
|   12339|DEBUG|2018/03/16|19:40| 			"DS_DELAY"	""
|   12339|DEBUG|2018/03/16|19:40| 			"F_KILL"	""
|   12339|DEBUG|2018/03/16|19:40| 			"F_LPOS"	""
|   12339|DEBUG|2018/03/16|19:40| 			"URL_DOC"	""
|   12339|DEBUG|2018/03/16|19:40| 		}
|   12339|DEBUG|2018/03/16|19:40| 		ELEM {
|   12339|DEBUG|2018/03/16|19:40| 			NB_PROP	"15"
|   12339|DEBUG|2018/03/16|19:40| 			"TO"	"JO0000000440"
|   12339|DEBUG|2018/03/16|19:40| 			"FROM"	"JO0000000444"
|   12339|DEBUG|2018/03/16|19:40| 			"v_groupexec"	""
|   12339|DEBUG|2018/03/16|19:40| 			"ID"	"LN0000000022"
|   12339|DEBUG|2018/03/16|19:40| 			"ID_ENV"	"EB0000000008"
|   12339|DEBUG|2018/03/16|19:40| 			"ID_APP"	""
|   12339|DEBUG|2018/03/16|19:40| 			"TYPE"	"2"
|   12339|DEBUG|2018/03/16|19:40| 			"V_DESC"	""
|   12339|DEBUG|2018/03/16|19:40| 			"V_USRNAME"	"LIE_369"
|   12339|DEBUG|2018/03/16|19:40| 			"LTYPE"	"0"
|   12339|DEBUG|2018/03/16|19:40| 			"XYWH"	"-300 680 10 110"
|   12339|DEBUG|2018/03/16|19:40| 			"DS_DELAY"	""
|   12339|DEBUG|2018/03/16|19:40| 			"F_KILL"	""
|   12339|DEBUG|2018/03/16|19:40| 			"F_LPOS"	""
|   12339|DEBUG|2018/03/16|19:40| 			"URL_DOC"	""
|   12339|DEBUG|2018/03/16|19:40| 		}
|   12339|DEBUG|2018/03/16|19:40| 		ELEM {
|   12339|DEBUG|2018/03/16|19:40| 			NB_PROP	"15"
|   12339|DEBUG|2018/03/16|19:40| 			"TO"	"JO0000000447"
|   12339|DEBUG|2018/03/16|19:40| 			"FROM"	"JO0000000446"
|   12339|DEBUG|2018/03/16|19:40| 			"v_groupexec"	""
|   12339|DEBUG|2018/03/16|19:40| 			"ID"	"LN0000000023"
|   12339|DEBUG|2018/03/16|19:40| 			"ID_ENV"	"EB0000000008"
|   12339|DEBUG|2018/03/16|19:40| 			"ID_APP"	""
|   12339|DEBUG|2018/03/16|19:40| 			"TYPE"	"2"
|   12339|DEBUG|2018/03/16|19:40| 			"V_DESC"	""
|   12339|DEBUG|2018/03/16|19:40| 			"V_USRNAME"	"LIE_371"
|   12339|DEBUG|2018/03/16|19:40| 			"LTYPE"	"0"
|   12339|DEBUG|2018/03/16|19:40| 			"XYWH"	"-220 660 20 80"
|   12339|DEBUG|2018/03/16|19:40| 			"DS_DELAY"	""
|   12339|DEBUG|2018/03/16|19:40| 			"F_KILL"	""
|   12339|DEBUG|2018/03/16|19:40| 			"F_LPOS"	""
|   12339|DEBUG|2018/03/16|19:40| 			"URL_DOC"	""
|   12339|DEBUG|2018/03/16|19:40| 		}
|   12339|DEBUG|2018/03/16|19:40| 		ELEM {
|   12339|DEBUG|2018/03/16|19:40| 			NB_PROP	"15"
|   12339|DEBUG|2018/03/16|19:40| 			"TO"	"JO0000000443"
|   12339|DEBUG|2018/03/16|19:40| 			"FROM"	"JO0000000440"
|   12339|DEBUG|2018/03/16|19:40| 			"v_groupexec"	""
|   12339|DEBUG|2018/03/16|19:40| 			"ID"	"LN0000000024"
|   12339|DEBUG|2018/03/16|19:40| 			"ID_ENV"	"EB0000000008"
|   12339|DEBUG|2018/03/16|19:40| 			"ID_APP"	""
|   12339|DEBUG|2018/03/16|19:40| 			"TYPE"	"2"
|   12339|DEBUG|2018/03/16|19:40| 			"V_DESC"	""
|   12339|DEBUG|2018/03/16|19:40| 			"V_USRNAME"	"LIE_40_C0"
|   12339|DEBUG|2018/03/16|19:40| 			"LTYPE"	"0"
|   12339|DEBUG|2018/03/16|19:40| 			"XYWH"	"-1210 -780 50 40"
|   12339|DEBUG|2018/03/16|19:40| 			"DS_DELAY"	""
|   12339|DEBUG|2018/03/16|19:40| 			"F_KILL"	""
|   12339|DEBUG|2018/03/16|19:40| 			"F_LPOS"	""
|   12339|DEBUG|2018/03/16|19:40| 			"URL_DOC"	""
|   12339|DEBUG|2018/03/16|19:40| 		}
|   12339|DEBUG|2018/03/16|19:40| 		ELEM {
|   12339|DEBUG|2018/03/16|19:40| 			NB_PROP	"15"
|   12339|DEBUG|2018/03/16|19:40| 			"TO"	"JO0000000434"
|   12339|DEBUG|2018/03/16|19:40| 			"FROM"	"JO0000000436"
|   12339|DEBUG|2018/03/16|19:40| 			"v_groupexec"	""
|   12339|DEBUG|2018/03/16|19:40| 			"ID"	"LN0000000025"
|   12339|DEBUG|2018/03/16|19:40| 			"ID_ENV"	"EB0000000008"
|   12339|DEBUG|2018/03/16|19:40| 			"ID_APP"	""
|   12339|DEBUG|2018/03/16|19:40| 			"TYPE"	"2"
|   12339|DEBUG|2018/03/16|19:40| 			"V_DESC"	""
|   12339|DEBUG|2018/03/16|19:40| 			"V_USRNAME"	"LIE_355"
|   12339|DEBUG|2018/03/16|19:40| 			"LTYPE"	"0"
|   12339|DEBUG|2018/03/16|19:40| 			"XYWH"	"-320 280 10 30"
|   12339|DEBUG|2018/03/16|19:40| 			"DS_DELAY"	""
|   12339|DEBUG|2018/03/16|19:40| 			"F_KILL"	""
|   12339|DEBUG|2018/03/16|19:40| 			"F_LPOS"	""
|   12339|DEBUG|2018/03/16|19:40| 			"URL_DOC"	""
|   12339|DEBUG|2018/03/16|19:40| 		}
|   12339|DEBUG|2018/03/16|19:40| 		ELEM {
|   12339|DEBUG|2018/03/16|19:40| 			NB_PROP	"15"
|   12339|DEBUG|2018/03/16|19:40| 			"TO"	"JO0000000435"
|   12339|DEBUG|2018/03/16|19:40| 			"FROM"	"JO0000000437"
|   12339|DEBUG|2018/03/16|19:40| 			"v_groupexec"	""
|   12339|DEBUG|2018/03/16|19:40| 			"ID"	"LN0000000026"
|   12339|DEBUG|2018/03/16|19:40| 			"ID_ENV"	"EB0000000008"
|   12339|DEBUG|2018/03/16|19:40| 			"ID_APP"	""
|   12339|DEBUG|2018/03/16|19:40| 			"TYPE"	"2"
|   12339|DEBUG|2018/03/16|19:40| 			"V_DESC"	""
|   12339|DEBUG|2018/03/16|19:40| 			"V_USRNAME"	"LIE_358"
|   12339|DEBUG|2018/03/16|19:40| 			"LTYPE"	"0"
|   12339|DEBUG|2018/03/16|19:40| 			"XYWH"	"-220 280 10 30"
|   12339|DEBUG|2018/03/16|19:40| 			"DS_DELAY"	""
|   12339|DEBUG|2018/03/16|19:40| 			"F_KILL"	""
|   12339|DEBUG|2018/03/16|19:40| 			"F_LPOS"	""
|   12339|DEBUG|2018/03/16|19:40| 			"URL_DOC"	""
|   12339|DEBUG|2018/03/16|19:40| 		}
|   12339|DEBUG|2018/03/16|19:40| 		ELEM {
|   12339|DEBUG|2018/03/16|19:40| 			NB_PROP	"15"
|   12339|DEBUG|2018/03/16|19:40| 			"TO"	"JO0000000438"
|   12339|DEBUG|2018/03/16|19:40| 			"FROM"	"JO0000000434"
|   12339|DEBUG|2018/03/16|19:40| 			"v_groupexec"	""
|   12339|DEBUG|2018/03/16|19:40| 			"ID"	"LN0000000027"
|   12339|DEBUG|2018/03/16|19:40| 			"ID_ENV"	"EB0000000008"
|   12339|DEBUG|2018/03/16|19:40| 			"ID_APP"	""
|   12339|DEBUG|2018/03/16|19:40| 			"TYPE"	"2"
|   12339|DEBUG|2018/03/16|19:40| 			"V_DESC"	""
|   12339|DEBUG|2018/03/16|19:40| 			"V_USRNAME"	"LIE_362"
|   12339|DEBUG|2018/03/16|19:40| 			"LTYPE"	"0"
|   12339|DEBUG|2018/03/16|19:40| 			"XYWH"	"-310 320 20 40"
|   12339|DEBUG|2018/03/16|19:40| 			"DS_DELAY"	""
|   12339|DEBUG|2018/03/16|19:40| 			"F_KILL"	""
|   12339|DEBUG|2018/03/16|19:40| 			"F_LPOS"	""
|   12339|DEBUG|2018/03/16|19:40| 			"URL_DOC"	""
|   12339|DEBUG|2018/03/16|19:40| 		}
|   12339|DEBUG|2018/03/16|19:40| 		ELEM {
|   12339|DEBUG|2018/03/16|19:40| 			NB_PROP	"15"
|   12339|DEBUG|2018/03/16|19:40| 			"TO"	"JO0000000438"
|   12339|DEBUG|2018/03/16|19:40| 			"FROM"	"JO0000000435"
|   12339|DEBUG|2018/03/16|19:40| 			"v_groupexec"	""
|   12339|DEBUG|2018/03/16|19:40| 			"ID"	"LN0000000028"
|   12339|DEBUG|2018/03/16|19:40| 			"ID_ENV"	"EB0000000008"
|   12339|DEBUG|2018/03/16|19:40| 			"ID_APP"	""
|   12339|DEBUG|2018/03/16|19:40| 			"TYPE"	"2"
|   12339|DEBUG|2018/03/16|19:40| 			"V_DESC"	""
|   12339|DEBUG|2018/03/16|19:40| 			"V_USRNAME"	"LIE_363"
|   12339|DEBUG|2018/03/16|19:40| 			"LTYPE"	"0"
|   12339|DEBUG|2018/03/16|19:40| 			"XYWH"	"-260 320 20 40"
|   12339|DEBUG|2018/03/16|19:40| 			"DS_DELAY"	""
|   12339|DEBUG|2018/03/16|19:40| 			"F_KILL"	""
|   12339|DEBUG|2018/03/16|19:40| 			"F_LPOS"	""
|   12340|DEBUG|2018/03/16|19:40| 			"URL_DOC"	""
|   12340|DEBUG|2018/03/16|19:40| 		}
|   12340|DEBUG|2018/03/16|19:40| 		ELEM {
|   12340|DEBUG|2018/03/16|19:40| 			NB_PROP	"15"
|   12340|DEBUG|2018/03/16|19:40| 			"TO"	"JO0000000433"
|   12340|DEBUG|2018/03/16|19:40| 			"FROM"	"JO0000000431"
|   12340|DEBUG|2018/03/16|19:40| 			"v_groupexec"	""
|   12340|DEBUG|2018/03/16|19:40| 			"ID"	"LN0000000029"
|   12340|DEBUG|2018/03/16|19:40| 			"ID_ENV"	"EB0000000008"
|   12340|DEBUG|2018/03/16|19:40| 			"ID_APP"	""
|   12340|DEBUG|2018/03/16|19:40| 			"TYPE"	"2"
|   12340|DEBUG|2018/03/16|19:40| 			"V_DESC"	""
|   12340|DEBUG|2018/03/16|19:40| 			"V_USRNAME"	"LIE_364"
|   12340|DEBUG|2018/03/16|19:40| 			"LTYPE"	"0"
|   12340|DEBUG|2018/03/16|19:40| 			"XYWH"	"-300 470 10 30"
|   12340|DEBUG|2018/03/16|19:40| 			"DS_DELAY"	""
|   12340|DEBUG|2018/03/16|19:40| 			"F_KILL"	""
|   12340|DEBUG|2018/03/16|19:40| 			"F_LPOS"	""
|   12340|DEBUG|2018/03/16|19:40| 			"URL_DOC"	""
|   12340|DEBUG|2018/03/16|19:40| 		}
|   12340|DEBUG|2018/03/16|19:40| 		ELEM {
|   12340|DEBUG|2018/03/16|19:40| 			NB_PROP	"15"
|   12340|DEBUG|2018/03/16|19:40| 			"TO"	"JO0000000432"
|   12340|DEBUG|2018/03/16|19:40| 			"FROM"	"JO0000000431"
|   12340|DEBUG|2018/03/16|19:40| 			"v_groupexec"	""
|   12340|DEBUG|2018/03/16|19:40| 			"ID"	"LN0000000030"
|   12340|DEBUG|2018/03/16|19:40| 			"ID_ENV"	"EB0000000008"
|   12340|DEBUG|2018/03/16|19:40| 			"ID_APP"	""
|   12340|DEBUG|2018/03/16|19:40| 			"TYPE"	"2"
|   12340|DEBUG|2018/03/16|19:40| 			"V_DESC"	""
|   12340|DEBUG|2018/03/16|19:40| 			"V_USRNAME"	"LIE_365"
|   12340|DEBUG|2018/03/16|19:40| 			"LTYPE"	"0"
|   12340|DEBUG|2018/03/16|19:40| 			"XYWH"	"-290 450 30 60"
|   12340|DEBUG|2018/03/16|19:40| 			"DS_DELAY"	""
|   12340|DEBUG|2018/03/16|19:40| 			"F_KILL"	""
|   12340|DEBUG|2018/03/16|19:40| 			"F_LPOS"	""
|   12340|DEBUG|2018/03/16|19:40| 			"URL_DOC"	""
|   12340|DEBUG|2018/03/16|19:40| 		}
|   12340|DEBUG|2018/03/16|19:40| 		ELEM {
|   12340|DEBUG|2018/03/16|19:40| 			NB_PROP	"15"
|   12340|DEBUG|2018/03/16|19:40| 			"TO"	"JO0000000252"
|   12340|DEBUG|2018/03/16|19:40| 			"FROM"	"JO0000000153"
|   12340|DEBUG|2018/03/16|19:40| 			"v_groupexec"	""
|   12340|DEBUG|2018/03/16|19:40| 			"ID"	"LN0000000031"
|   12340|DEBUG|2018/03/16|19:40| 			"ID_ENV"	"EB0000000008"
|   12340|DEBUG|2018/03/16|19:40| 			"ID_APP"	""
|   12340|DEBUG|2018/03/16|19:40| 			"TYPE"	"2"
|   12340|DEBUG|2018/03/16|19:40| 			"V_DESC"	""
|   12340|DEBUG|2018/03/16|19:40| 			"V_USRNAME"	"LIE_351"
|   12340|DEBUG|2018/03/16|19:40| 			"LTYPE"	"0"
|   12340|DEBUG|2018/03/16|19:40| 			"XYWH"	"950 -2340 90 110"
|   12340|DEBUG|2018/03/16|19:40| 			"DS_DELAY"	""
|   12340|DEBUG|2018/03/16|19:40| 			"F_KILL"	""
|   12340|DEBUG|2018/03/16|19:40| 			"F_LPOS"	""
|   12340|DEBUG|2018/03/16|19:40| 			"URL_DOC"	""
|   12340|DEBUG|2018/03/16|19:40| 		}
|   12340|DEBUG|2018/03/16|19:40| 		ELEM {
|   12340|DEBUG|2018/03/16|19:40| 			NB_PROP	"15"
|   12340|DEBUG|2018/03/16|19:40| 			"TO"	"JO0000000428"
|   12340|DEBUG|2018/03/16|19:40| 			"FROM"	"JO0000000270"
|   12340|DEBUG|2018/03/16|19:40| 			"v_groupexec"	""
|   12340|DEBUG|2018/03/16|19:40| 			"ID"	"LN0000000032"
|   12340|DEBUG|2018/03/16|19:40| 			"ID_ENV"	"EB0000000008"
|   12340|DEBUG|2018/03/16|19:40| 			"ID_APP"	""
|   12340|DEBUG|2018/03/16|19:40| 			"TYPE"	"2"
|   12340|DEBUG|2018/03/16|19:40| 			"V_DESC"	""
|   12340|DEBUG|2018/03/16|19:40| 			"V_USRNAME"	"LIE_352"
|   12340|DEBUG|2018/03/16|19:40| 			"LTYPE"	"0"
|   12340|DEBUG|2018/03/16|19:40| 			"XYWH"	"1000 -2530 40 50"
|   12340|DEBUG|2018/03/16|19:40| 			"DS_DELAY"	""
|   12340|DEBUG|2018/03/16|19:40| 			"F_KILL"	""
|   12340|DEBUG|2018/03/16|19:40| 			"F_LPOS"	""
|   12340|DEBUG|2018/03/16|19:40| 			"URL_DOC"	""
|   12340|DEBUG|2018/03/16|19:40| 		}
|   12340|DEBUG|2018/03/16|19:40| 		ELEM {
|   12340|DEBUG|2018/03/16|19:40| 			NB_PROP	"15"
|   12340|DEBUG|2018/03/16|19:40| 			"TO"	"JO0000000426"
|   12340|DEBUG|2018/03/16|19:40| 			"FROM"	"JO0000000425"
|   12340|DEBUG|2018/03/16|19:40| 			"v_groupexec"	""
|   12340|DEBUG|2018/03/16|19:40| 			"ID"	"LN0000000033"
|   12340|DEBUG|2018/03/16|19:40| 			"ID_ENV"	"EB0000000008"
|   12340|DEBUG|2018/03/16|19:40| 			"ID_APP"	""
|   12340|DEBUG|2018/03/16|19:40| 			"TYPE"	"2"
|   12340|DEBUG|2018/03/16|19:40| 			"V_DESC"	""
|   12340|DEBUG|2018/03/16|19:40| 			"V_USRNAME"	"LIE_18_C0"
|   12340|DEBUG|2018/03/16|19:40| 			"LTYPE"	"0"
|   12340|DEBUG|2018/03/16|19:40| 			"XYWH"	"-820 -260 40 60"
|   12340|DEBUG|2018/03/16|19:40| 			"DS_DELAY"	""
|   12340|DEBUG|2018/03/16|19:40| 			"F_KILL"	""
|   12340|DEBUG|2018/03/16|19:40| 			"F_LPOS"	""
|   12340|DEBUG|2018/03/16|19:40| 			"URL_DOC"	""
|   12340|DEBUG|2018/03/16|19:40| 		}
|   12340|DEBUG|2018/03/16|19:40| 		ELEM {
|   12340|DEBUG|2018/03/16|19:40| 			NB_PROP	"15"
|   12340|DEBUG|2018/03/16|19:40| 			"TO"	"JO0000000426"
|   12340|DEBUG|2018/03/16|19:40| 			"FROM"	"JO0000000424"
|   12340|DEBUG|2018/03/16|19:40| 			"v_groupexec"	""
|   12340|DEBUG|2018/03/16|19:40| 			"ID"	"LN0000000034"
|   12340|DEBUG|2018/03/16|19:40| 			"ID_ENV"	"EB0000000008"
|   12340|DEBUG|2018/03/16|19:40| 			"ID_APP"	""
|   12340|DEBUG|2018/03/16|19:40| 			"TYPE"	"2"
|   12340|DEBUG|2018/03/16|19:40| 			"V_DESC"	""
|   12340|DEBUG|2018/03/16|19:40| 			"V_USRNAME"	"LIE_19_C0"
|   12340|DEBUG|2018/03/16|19:40| 			"LTYPE"	"0"
|   12340|DEBUG|2018/03/16|19:40| 			"XYWH"	"-750 -260 40 60"
|   12340|DEBUG|2018/03/16|19:40| 			"DS_DELAY"	""
|   12340|DEBUG|2018/03/16|19:40| 			"F_KILL"	""
|   12340|DEBUG|2018/03/16|19:40| 			"F_LPOS"	""
|   12340|DEBUG|2018/03/16|19:40| 			"URL_DOC"	""
|   12340|DEBUG|2018/03/16|19:40| 		}
|   12340|DEBUG|2018/03/16|19:40| 		ELEM {
|   12340|DEBUG|2018/03/16|19:40| 			NB_PROP	"15"
|   12340|DEBUG|2018/03/16|19:40| 			"TO"	"JO0000000423"
|   12340|DEBUG|2018/03/16|19:40| 			"FROM"	"JO0000000417"
|   12340|DEBUG|2018/03/16|19:40| 			"v_groupexec"	""
|   12340|DEBUG|2018/03/16|19:40| 			"ID"	"LN0000000035"
|   12340|DEBUG|2018/03/16|19:40| 			"ID_ENV"	"EB0000000008"
|   12340|DEBUG|2018/03/16|19:40| 			"ID_APP"	""
|   12340|DEBUG|2018/03/16|19:40| 			"TYPE"	"2"
|   12340|DEBUG|2018/03/16|19:40| 			"V_DESC"	""
|   12340|DEBUG|2018/03/16|19:40| 			"V_USRNAME"	"LIE_326"
|   12340|DEBUG|2018/03/16|19:40| 			"LTYPE"	"0"
|   12340|DEBUG|2018/03/16|19:40| 			"XYWH"	"-70 -1510 60 10"
|   12340|DEBUG|2018/03/16|19:40| 			"DS_DELAY"	""
|   12340|DEBUG|2018/03/16|19:40| 			"F_KILL"	""
|   12340|DEBUG|2018/03/16|19:40| 			"F_LPOS"	""
|   12340|DEBUG|2018/03/16|19:40| 			"URL_DOC"	""
|   12340|DEBUG|2018/03/16|19:40| 		}
|   12340|DEBUG|2018/03/16|19:40| 		ELEM {
|   12340|DEBUG|2018/03/16|19:40| 			NB_PROP	"15"
|   12340|DEBUG|2018/03/16|19:40| 			"TO"	"JO0000000420"
|   12340|DEBUG|2018/03/16|19:40| 			"FROM"	"JO0000000423"
|   12340|DEBUG|2018/03/16|19:40| 			"v_groupexec"	""
|   12340|DEBUG|2018/03/16|19:40| 			"ID"	"LN0000000036"
|   12340|DEBUG|2018/03/16|19:40| 			"ID_ENV"	"EB0000000008"
|   12340|DEBUG|2018/03/16|19:40| 			"ID_APP"	""
|   12340|DEBUG|2018/03/16|19:40| 			"TYPE"	"2"
|   12340|DEBUG|2018/03/16|19:40| 			"V_DESC"	""
|   12340|DEBUG|2018/03/16|19:40| 			"V_USRNAME"	"LIE_327"
|   12340|DEBUG|2018/03/16|19:40| 			"LTYPE"	"0"
|   12340|DEBUG|2018/03/16|19:40| 			"XYWH"	"-280 -1440 10 40"
|   12340|DEBUG|2018/03/16|19:40| 			"DS_DELAY"	""
|   12340|DEBUG|2018/03/16|19:40| 			"F_KILL"	""
|   12340|DEBUG|2018/03/16|19:40| 			"F_LPOS"	""
|   12340|DEBUG|2018/03/16|19:40| 			"URL_DOC"	""
|   12340|DEBUG|2018/03/16|19:40| 		}
|   12340|DEBUG|2018/03/16|19:40| 		ELEM {
|   12340|DEBUG|2018/03/16|19:40| 			NB_PROP	"15"
|   12340|DEBUG|2018/03/16|19:40| 			"TO"	"JO0000000419"
|   12340|DEBUG|2018/03/16|19:40| 			"FROM"	"JO0000000420"
|   12340|DEBUG|2018/03/16|19:40| 			"v_groupexec"	""
|   12340|DEBUG|2018/03/16|19:40| 			"ID"	"LN0000000037"
|   12340|DEBUG|2018/03/16|19:40| 			"ID_ENV"	"EB0000000008"
|   12340|DEBUG|2018/03/16|19:40| 			"ID_APP"	""
|   12340|DEBUG|2018/03/16|19:40| 			"TYPE"	"2"
|   12340|DEBUG|2018/03/16|19:40| 			"V_DESC"	""
|   12340|DEBUG|2018/03/16|19:40| 			"V_USRNAME"	"LIE_328"
|   12340|DEBUG|2018/03/16|19:40| 			"LTYPE"	"0"
|   12340|DEBUG|2018/03/16|19:40| 			"XYWH"	"-160 -1450 70 10"
|   12340|DEBUG|2018/03/16|19:40| 			"DS_DELAY"	""
|   12340|DEBUG|2018/03/16|19:40| 			"F_KILL"	""
|   12340|DEBUG|2018/03/16|19:40| 			"F_LPOS"	""
|   12340|DEBUG|2018/03/16|19:40| 			"URL_DOC"	""
|   12340|DEBUG|2018/03/16|19:40| 		}
|   12340|DEBUG|2018/03/16|19:40| 		ELEM {
|   12340|DEBUG|2018/03/16|19:40| 			NB_PROP	"15"
|   12340|DEBUG|2018/03/16|19:40| 			"TO"	"JO0000000422"
|   12340|DEBUG|2018/03/16|19:40| 			"FROM"	"JO0000000419"
|   12340|DEBUG|2018/03/16|19:40| 			"v_groupexec"	""
|   12340|DEBUG|2018/03/16|19:40| 			"ID"	"LN0000000038"
|   12340|DEBUG|2018/03/16|19:40| 			"ID_ENV"	"EB0000000008"
|   12340|DEBUG|2018/03/16|19:40| 			"ID_APP"	""
|   12340|DEBUG|2018/03/16|19:40| 			"TYPE"	"2"
|   12340|DEBUG|2018/03/16|19:40| 			"V_DESC"	""
|   12340|DEBUG|2018/03/16|19:40| 			"V_USRNAME"	"LIE_329"
|   12340|DEBUG|2018/03/16|19:40| 			"LTYPE"	"0"
|   12340|DEBUG|2018/03/16|19:40| 			"XYWH"	"-70 -1440 10 20"
|   12340|DEBUG|2018/03/16|19:40| 			"DS_DELAY"	""
|   12340|DEBUG|2018/03/16|19:40| 			"F_KILL"	""
|   12340|DEBUG|2018/03/16|19:40| 			"F_LPOS"	""
|   12340|DEBUG|2018/03/16|19:40| 			"URL_DOC"	""
|   12340|DEBUG|2018/03/16|19:40| 		}
|   12340|DEBUG|2018/03/16|19:40| 		ELEM {
|   12340|DEBUG|2018/03/16|19:40| 			NB_PROP	"15"
|   12340|DEBUG|2018/03/16|19:40| 			"TO"	"JO0000000421"
|   12340|DEBUG|2018/03/16|19:40| 			"FROM"	"JO0000000422"
|   12340|DEBUG|2018/03/16|19:40| 			"v_groupexec"	""
|   12340|DEBUG|2018/03/16|19:40| 			"ID"	"LN0000000039"
|   12340|DEBUG|2018/03/16|19:40| 			"ID_ENV"	"EB0000000008"
|   12340|DEBUG|2018/03/16|19:40| 			"ID_APP"	""
|   12340|DEBUG|2018/03/16|19:40| 			"TYPE"	"2"
|   12340|DEBUG|2018/03/16|19:40| 			"V_DESC"	""
|   12340|DEBUG|2018/03/16|19:40| 			"V_USRNAME"	"LIE_330"
|   12340|DEBUG|2018/03/16|19:40| 			"LTYPE"	"0"
|   12340|DEBUG|2018/03/16|19:40| 			"XYWH"	"-160 -1400 70 10"
|   12340|DEBUG|2018/03/16|19:40| 			"DS_DELAY"	""
|   12340|DEBUG|2018/03/16|19:40| 			"F_KILL"	""
|   12340|DEBUG|2018/03/16|19:40| 			"F_LPOS"	""
|   12340|DEBUG|2018/03/16|19:40| 			"URL_DOC"	""
|   12340|DEBUG|2018/03/16|19:40| 		}
|   12340|DEBUG|2018/03/16|19:40| 		ELEM {
|   12340|DEBUG|2018/03/16|19:40| 			NB_PROP	"15"
|   12340|DEBUG|2018/03/16|19:40| 			"TO"	"JO0000000416"
|   12340|DEBUG|2018/03/16|19:40| 			"FROM"	"JO0000000418"
|   12340|DEBUG|2018/03/16|19:40| 			"v_groupexec"	""
|   12340|DEBUG|2018/03/16|19:40| 			"ID"	"LN0000000040"
|   12340|DEBUG|2018/03/16|19:40| 			"ID_ENV"	"EB0000000008"
|   12340|DEBUG|2018/03/16|19:40| 			"ID_APP"	""
|   12340|DEBUG|2018/03/16|19:40| 			"TYPE"	"2"
|   12340|DEBUG|2018/03/16|19:40| 			"V_DESC"	""
|   12340|DEBUG|2018/03/16|19:40| 			"V_USRNAME"	"LIE_324"
|   12340|DEBUG|2018/03/16|19:40| 			"LTYPE"	"0"
|   12340|DEBUG|2018/03/16|19:40| 			"XYWH"	"-290 -1630 50 10"
|   12340|DEBUG|2018/03/16|19:40| 			"DS_DELAY"	""
|   12340|DEBUG|2018/03/16|19:40| 			"F_KILL"	""
|   12340|DEBUG|2018/03/16|19:40| 			"F_LPOS"	""
|   12340|DEBUG|2018/03/16|19:40| 			"URL_DOC"	""
|   12340|DEBUG|2018/03/16|19:40| 		}
|   12340|DEBUG|2018/03/16|19:40| 		ELEM {
|   12340|DEBUG|2018/03/16|19:40| 			NB_PROP	"15"
|   12340|DEBUG|2018/03/16|19:40| 			"TO"	"JO0000000417"
|   12340|DEBUG|2018/03/16|19:40| 			"FROM"	"JO0000000416"
|   12340|DEBUG|2018/03/16|19:40| 			"v_groupexec"	""
|   12340|DEBUG|2018/03/16|19:40| 			"ID"	"LN0000000041"
|   12340|DEBUG|2018/03/16|19:40| 			"ID_ENV"	"EB0000000008"
|   12340|DEBUG|2018/03/16|19:40| 			"ID_APP"	""
|   12340|DEBUG|2018/03/16|19:40| 			"TYPE"	"2"
|   12340|DEBUG|2018/03/16|19:40| 			"V_DESC"	""
|   12340|DEBUG|2018/03/16|19:40| 			"V_USRNAME"	"LIE_325"
|   12341|DEBUG|2018/03/16|19:40| 			"LTYPE"	"0"
|   12341|DEBUG|2018/03/16|19:40| 			"XYWH"	"-210 -1630 50 10"
|   12341|DEBUG|2018/03/16|19:40| 			"DS_DELAY"	""
|   12341|DEBUG|2018/03/16|19:40| 			"F_KILL"	""
|   12341|DEBUG|2018/03/16|19:40| 			"F_LPOS"	""
|   12341|DEBUG|2018/03/16|19:40| 			"URL_DOC"	""
|   12341|DEBUG|2018/03/16|19:40| 		}
|   12341|DEBUG|2018/03/16|19:40| 		ELEM {
|   12341|DEBUG|2018/03/16|19:40| 			NB_PROP	"15"
|   12341|DEBUG|2018/03/16|19:40| 			"TO"	"JO0000000415"
|   12341|DEBUG|2018/03/16|19:40| 			"FROM"	"NW0000000001"
|   12341|DEBUG|2018/03/16|19:40| 			"v_groupexec"	""
|   12341|DEBUG|2018/03/16|19:40| 			"ID"	"LN0000000042"
|   12341|DEBUG|2018/03/16|19:40| 			"ID_ENV"	"EB0000000008"
|   12341|DEBUG|2018/03/16|19:40| 			"ID_APP"	""
|   12341|DEBUG|2018/03/16|19:40| 			"TYPE"	"2"
|   12341|DEBUG|2018/03/16|19:40| 			"V_DESC"	""
|   12341|DEBUG|2018/03/16|19:40| 			"V_USRNAME"	"LIE_179"
|   12341|DEBUG|2018/03/16|19:40| 			"LTYPE"	"-1"
|   12341|DEBUG|2018/03/16|19:40| 			"XYWH"	"-130 -2750 40 60"
|   12341|DEBUG|2018/03/16|19:40| 			"DS_DELAY"	""
|   12341|DEBUG|2018/03/16|19:40| 			"F_KILL"	""
|   12341|DEBUG|2018/03/16|19:40| 			"F_LPOS"	""
|   12341|DEBUG|2018/03/16|19:40| 			"URL_DOC"	""
|   12341|DEBUG|2018/03/16|19:40| 		}
|   12341|DEBUG|2018/03/16|19:40| 		ELEM {
|   12341|DEBUG|2018/03/16|19:40| 			NB_PROP	"15"
|   12341|DEBUG|2018/03/16|19:40| 			"TO"	"JO0000000303"
|   12341|DEBUG|2018/03/16|19:40| 			"FROM"	"JO0000000415"
|   12341|DEBUG|2018/03/16|19:40| 			"v_groupexec"	""
|   12341|DEBUG|2018/03/16|19:40| 			"ID"	"LN0000000043"
|   12341|DEBUG|2018/03/16|19:40| 			"ID_ENV"	"EB0000000008"
|   12341|DEBUG|2018/03/16|19:40| 			"ID_APP"	""
|   12341|DEBUG|2018/03/16|19:40| 			"TYPE"	"2"
|   12341|DEBUG|2018/03/16|19:40| 			"V_DESC"	""
|   12341|DEBUG|2018/03/16|19:40| 			"V_USRNAME"	"LIE_321"
|   12341|DEBUG|2018/03/16|19:40| 			"LTYPE"	"0"
|   12341|DEBUG|2018/03/16|19:40| 			"XYWH"	"-130 -2690 40 130"
|   12341|DEBUG|2018/03/16|19:40| 			"DS_DELAY"	""
|   12341|DEBUG|2018/03/16|19:40| 			"F_KILL"	""
|   12341|DEBUG|2018/03/16|19:40| 			"F_LPOS"	""
|   12341|DEBUG|2018/03/16|19:40| 			"URL_DOC"	""
|   12341|DEBUG|2018/03/16|19:40| 		}
|   12341|DEBUG|2018/03/16|19:40| 		ELEM {
|   12341|DEBUG|2018/03/16|19:40| 			NB_PROP	"15"
|   12341|DEBUG|2018/03/16|19:40| 			"TO"	"JO0000000320"
|   12341|DEBUG|2018/03/16|19:40| 			"FROM"	"JO0000000310"
|   12341|DEBUG|2018/03/16|19:40| 			"v_groupexec"	""
|   12341|DEBUG|2018/03/16|19:40| 			"ID"	"LN0000000044"
|   12341|DEBUG|2018/03/16|19:40| 			"ID_ENV"	"EB0000000008"
|   12341|DEBUG|2018/03/16|19:40| 			"ID_APP"	""
|   12341|DEBUG|2018/03/16|19:40| 			"TYPE"	"2"
|   12341|DEBUG|2018/03/16|19:40| 			"V_DESC"	""
|   12341|DEBUG|2018/03/16|19:40| 			"V_USRNAME"	"LIE_319"
|   12341|DEBUG|2018/03/16|19:40| 			"LTYPE"	"0"
|   12341|DEBUG|2018/03/16|19:40| 			"XYWH"	"390 -1480 140 180"
|   12341|DEBUG|2018/03/16|19:40| 			"DS_DELAY"	""
|   12341|DEBUG|2018/03/16|19:40| 			"F_KILL"	""
|   12341|DEBUG|2018/03/16|19:40| 			"F_LPOS"	""
|   12341|DEBUG|2018/03/16|19:40| 			"URL_DOC"	""
|   12341|DEBUG|2018/03/16|19:40| 		}
|   12341|DEBUG|2018/03/16|19:40| 		ELEM {
|   12341|DEBUG|2018/03/16|19:40| 			NB_PROP	"15"
|   12341|DEBUG|2018/03/16|19:40| 			"TO"	"JO0000000412"
|   12341|DEBUG|2018/03/16|19:40| 			"FROM"	"JO0000000413"
|   12341|DEBUG|2018/03/16|19:40| 			"v_groupexec"	""
|   12341|DEBUG|2018/03/16|19:40| 			"ID"	"LN0000000045"
|   12341|DEBUG|2018/03/16|19:40| 			"ID_ENV"	"EB0000000008"
|   12341|DEBUG|2018/03/16|19:40| 			"ID_APP"	""
|   12341|DEBUG|2018/03/16|19:40| 			"TYPE"	"2"
|   12341|DEBUG|2018/03/16|19:40| 			"V_DESC"	""
|   12341|DEBUG|2018/03/16|19:40| 			"V_USRNAME"	"LIE_317"
|   12341|DEBUG|2018/03/16|19:40| 			"LTYPE"	"0"
|   12341|DEBUG|2018/03/16|19:40| 			"XYWH"	"390 -2510 80 10"
|   12341|DEBUG|2018/03/16|19:40| 			"DS_DELAY"	""
|   12341|DEBUG|2018/03/16|19:40| 			"F_KILL"	""
|   12341|DEBUG|2018/03/16|19:40| 			"F_LPOS"	""
|   12341|DEBUG|2018/03/16|19:40| 			"URL_DOC"	""
|   12341|DEBUG|2018/03/16|19:40| 		}
|   12341|DEBUG|2018/03/16|19:40| 		ELEM {
|   12341|DEBUG|2018/03/16|19:40| 			NB_PROP	"15"
|   12341|DEBUG|2018/03/16|19:40| 			"TO"	"JO0000000414"
|   12341|DEBUG|2018/03/16|19:40| 			"FROM"	"JO0000000412"
|   12341|DEBUG|2018/03/16|19:40| 			"v_groupexec"	""
|   12341|DEBUG|2018/03/16|19:40| 			"ID"	"LN0000000046"
|   12341|DEBUG|2018/03/16|19:40| 			"ID_ENV"	"EB0000000008"
|   12341|DEBUG|2018/03/16|19:40| 			"ID_APP"	""
|   12341|DEBUG|2018/03/16|19:40| 			"TYPE"	"2"
|   12341|DEBUG|2018/03/16|19:40| 			"V_DESC"	""
|   12341|DEBUG|2018/03/16|19:40| 			"V_USRNAME"	"LIE_199"
|   12341|DEBUG|2018/03/16|19:40| 			"LTYPE"	"0"
|   12341|DEBUG|2018/03/16|19:40| 			"XYWH"	"480 -2500 10 30"
|   12341|DEBUG|2018/03/16|19:40| 			"DS_DELAY"	""
|   12341|DEBUG|2018/03/16|19:40| 			"F_KILL"	""
|   12341|DEBUG|2018/03/16|19:40| 			"F_LPOS"	""
|   12341|DEBUG|2018/03/16|19:40| 			"URL_DOC"	""
|   12341|DEBUG|2018/03/16|19:40| 		}
|   12341|DEBUG|2018/03/16|19:40| 		ELEM {
|   12341|DEBUG|2018/03/16|19:40| 			NB_PROP	"15"
|   12341|DEBUG|2018/03/16|19:40| 			"TO"	"JO0000000408"
|   12341|DEBUG|2018/03/16|19:40| 			"FROM"	"JO0000000406"
|   12341|DEBUG|2018/03/16|19:40| 			"v_groupexec"	""
|   12341|DEBUG|2018/03/16|19:40| 			"ID"	"LN0000000047"
|   12341|DEBUG|2018/03/16|19:40| 			"ID_ENV"	"EB0000000008"
|   12341|DEBUG|2018/03/16|19:40| 			"ID_APP"	""
|   12341|DEBUG|2018/03/16|19:40| 			"TYPE"	"2"
|   12341|DEBUG|2018/03/16|19:40| 			"V_DESC"	""
|   12341|DEBUG|2018/03/16|19:40| 			"V_USRNAME"	"LIE_0_X2"
|   12341|DEBUG|2018/03/16|19:40| 			"LTYPE"	"0"
|   12341|DEBUG|2018/03/16|19:40| 			"XYWH"	"120 120 10 100"
|   12341|DEBUG|2018/03/16|19:40| 			"DS_DELAY"	""
|   12341|DEBUG|2018/03/16|19:40| 			"F_KILL"	""
|   12341|DEBUG|2018/03/16|19:40| 			"F_LPOS"	""
|   12341|DEBUG|2018/03/16|19:40| 			"URL_DOC"	""
|   12341|DEBUG|2018/03/16|19:40| 		}
|   12341|DEBUG|2018/03/16|19:40| 		ELEM {
|   12341|DEBUG|2018/03/16|19:40| 			NB_PROP	"15"
|   12341|DEBUG|2018/03/16|19:40| 			"TO"	"JO0000000409"
|   12341|DEBUG|2018/03/16|19:40| 			"FROM"	"JO0000000405"
|   12341|DEBUG|2018/03/16|19:40| 			"v_groupexec"	""
|   12341|DEBUG|2018/03/16|19:40| 			"ID"	"LN0000000048"
|   12341|DEBUG|2018/03/16|19:40| 			"ID_ENV"	"EB0000000008"
|   12341|DEBUG|2018/03/16|19:40| 			"ID_APP"	""
|   12341|DEBUG|2018/03/16|19:40| 			"TYPE"	"2"
|   12341|DEBUG|2018/03/16|19:40| 			"V_DESC"	""
|   12341|DEBUG|2018/03/16|19:40| 			"V_USRNAME"	"LIE_1_X2"
|   12341|DEBUG|2018/03/16|19:40| 			"LTYPE"	"0"
|   12341|DEBUG|2018/03/16|19:40| 			"XYWH"	"140 40 110 10"
|   12341|DEBUG|2018/03/16|19:40| 			"DS_DELAY"	""
|   12341|DEBUG|2018/03/16|19:40| 			"F_KILL"	""
|   12341|DEBUG|2018/03/16|19:40| 			"F_LPOS"	""
|   12341|DEBUG|2018/03/16|19:40| 			"URL_DOC"	""
|   12341|DEBUG|2018/03/16|19:40| 		}
|   12341|DEBUG|2018/03/16|19:40| 		ELEM {
|   12341|DEBUG|2018/03/16|19:40| 			NB_PROP	"15"
|   12341|DEBUG|2018/03/16|19:40| 			"TO"	"JO0000000402"
|   12341|DEBUG|2018/03/16|19:40| 			"FROM"	"JO0000000401"
|   12341|DEBUG|2018/03/16|19:40| 			"v_groupexec"	""
|   12341|DEBUG|2018/03/16|19:40| 			"ID"	"LN0000000049"
|   12341|DEBUG|2018/03/16|19:40| 			"ID_ENV"	"EB0000000008"
|   12341|DEBUG|2018/03/16|19:40| 			"ID_APP"	""
|   12341|DEBUG|2018/03/16|19:40| 			"TYPE"	"2"
|   12341|DEBUG|2018/03/16|19:40| 			"V_DESC"	""
|   12341|DEBUG|2018/03/16|19:40| 			"V_USRNAME"	"LIE_323"
|   12341|DEBUG|2018/03/16|19:40| 			"LTYPE"	"0"
|   12341|DEBUG|2018/03/16|19:40| 			"XYWH"	"20 3590 160 130"
|   12341|DEBUG|2018/03/16|19:40| 			"DS_DELAY"	""
|   12341|DEBUG|2018/03/16|19:40| 			"F_KILL"	""
|   12341|DEBUG|2018/03/16|19:40| 			"F_LPOS"	""
|   12341|DEBUG|2018/03/16|19:40| 			"URL_DOC"	""
|   12341|DEBUG|2018/03/16|19:40| 		}
|   12341|DEBUG|2018/03/16|19:40| 		ELEM {
|   12341|DEBUG|2018/03/16|19:40| 			NB_PROP	"15"
|   12341|DEBUG|2018/03/16|19:40| 			"TO"	"JO0000000403"
|   12341|DEBUG|2018/03/16|19:40| 			"FROM"	"JO0000000402"
|   12341|DEBUG|2018/03/16|19:40| 			"v_groupexec"	""
|   12341|DEBUG|2018/03/16|19:40| 			"ID"	"LN0000000050"
|   12341|DEBUG|2018/03/16|19:40| 			"ID_ENV"	"EB0000000008"
|   12341|DEBUG|2018/03/16|19:40| 			"ID_APP"	""
|   12341|DEBUG|2018/03/16|19:40| 			"TYPE"	"2"
|   12341|DEBUG|2018/03/16|19:40| 			"V_DESC"	""
|   12341|DEBUG|2018/03/16|19:40| 			"V_USRNAME"	"LIE_198_X1"
|   12341|DEBUG|2018/03/16|19:40| 			"LTYPE"	"0"
|   12341|DEBUG|2018/03/16|19:40| 			"XYWH"	"530 370 10 40"
|   12341|DEBUG|2018/03/16|19:40| 			"DS_DELAY"	""
|   12341|DEBUG|2018/03/16|19:40| 			"F_KILL"	""
|   12341|DEBUG|2018/03/16|19:40| 			"F_LPOS"	""
|   12341|DEBUG|2018/03/16|19:40| 			"URL_DOC"	""
|   12341|DEBUG|2018/03/16|19:40| 		}
|   12341|DEBUG|2018/03/16|19:40| 		ELEM {
|   12341|DEBUG|2018/03/16|19:40| 			NB_PROP	"15"
|   12341|DEBUG|2018/03/16|19:40| 			"TO"	"JO0000000399"
|   12341|DEBUG|2018/03/16|19:40| 			"FROM"	"JO0000000400"
|   12341|DEBUG|2018/03/16|19:40| 			"v_groupexec"	""
|   12341|DEBUG|2018/03/16|19:40| 			"ID"	"LN0000000051"
|   12341|DEBUG|2018/03/16|19:40| 			"ID_ENV"	"EB0000000008"
|   12341|DEBUG|2018/03/16|19:40| 			"ID_APP"	""
|   12341|DEBUG|2018/03/16|19:40| 			"TYPE"	"2"
|   12341|DEBUG|2018/03/16|19:40| 			"V_DESC"	""
|   12341|DEBUG|2018/03/16|19:40| 			"V_USRNAME"	"LIE_7_X3"
|   12341|DEBUG|2018/03/16|19:40| 			"LTYPE"	"0"
|   12341|DEBUG|2018/03/16|19:40| 			"XYWH"	"230 1190 70 10"
|   12341|DEBUG|2018/03/16|19:40| 			"DS_DELAY"	""
|   12341|DEBUG|2018/03/16|19:40| 			"F_KILL"	""
|   12341|DEBUG|2018/03/16|19:40| 			"F_LPOS"	""
|   12341|DEBUG|2018/03/16|19:40| 			"URL_DOC"	""
|   12341|DEBUG|2018/03/16|19:40| 		}
|   12341|DEBUG|2018/03/16|19:40| 		ELEM {
|   12341|DEBUG|2018/03/16|19:40| 			NB_PROP	"15"
|   12341|DEBUG|2018/03/16|19:40| 			"TO"	"JO0000000401"
|   12341|DEBUG|2018/03/16|19:40| 			"FROM"	"JO0000000400"
|   12341|DEBUG|2018/03/16|19:40| 			"v_groupexec"	""
|   12341|DEBUG|2018/03/16|19:40| 			"ID"	"LN0000000052"
|   12341|DEBUG|2018/03/16|19:40| 			"ID_ENV"	"EB0000000008"
|   12341|DEBUG|2018/03/16|19:40| 			"ID_APP"	""
|   12341|DEBUG|2018/03/16|19:40| 			"TYPE"	"2"
|   12341|DEBUG|2018/03/16|19:40| 			"V_DESC"	""
|   12341|DEBUG|2018/03/16|19:40| 			"V_USRNAME"	"LIE_133_X2"
|   12341|DEBUG|2018/03/16|19:40| 			"LTYPE"	"0"
|   12341|DEBUG|2018/03/16|19:40| 			"XYWH"	"-300 -440 10 40"
|   12341|DEBUG|2018/03/16|19:40| 			"DS_DELAY"	""
|   12341|DEBUG|2018/03/16|19:40| 			"F_KILL"	""
|   12341|DEBUG|2018/03/16|19:40| 			"F_LPOS"	""
|   12341|DEBUG|2018/03/16|19:40| 			"URL_DOC"	""
|   12341|DEBUG|2018/03/16|19:40| 		}
|   12341|DEBUG|2018/03/16|19:40| 		ELEM {
|   12341|DEBUG|2018/03/16|19:40| 			NB_PROP	"15"
|   12341|DEBUG|2018/03/16|19:40| 			"TO"	"JO0000000308"
|   12341|DEBUG|2018/03/16|19:40| 			"FROM"	"JO0000000301"
|   12341|DEBUG|2018/03/16|19:40| 			"v_groupexec"	""
|   12341|DEBUG|2018/03/16|19:40| 			"ID"	"LN0000000053"
|   12341|DEBUG|2018/03/16|19:40| 			"ID_ENV"	"EB0000000008"
|   12341|DEBUG|2018/03/16|19:40| 			"ID_APP"	""
|   12341|DEBUG|2018/03/16|19:40| 			"TYPE"	"2"
|   12341|DEBUG|2018/03/16|19:40| 			"V_DESC"	""
|   12341|DEBUG|2018/03/16|19:40| 			"V_USRNAME"	"LIE_205"
|   12341|DEBUG|2018/03/16|19:40| 			"LTYPE"	"0"
|   12341|DEBUG|2018/03/16|19:40| 			"XYWH"	"0 600 470 630"
|   12341|DEBUG|2018/03/16|19:40| 			"DS_DELAY"	""
|   12341|DEBUG|2018/03/16|19:40| 			"F_KILL"	""
|   12341|DEBUG|2018/03/16|19:40| 			"F_LPOS"	""
|   12341|DEBUG|2018/03/16|19:40| 			"URL_DOC"	""
|   12341|DEBUG|2018/03/16|19:40| 		}
|   12341|DEBUG|2018/03/16|19:40| 		ELEM {
|   12341|DEBUG|2018/03/16|19:40| 			NB_PROP	"15"
|   12341|DEBUG|2018/03/16|19:40| 			"TO"	"NA0000000003"
|   12341|DEBUG|2018/03/16|19:40| 			"FROM"	"JO0000000300"
|   12341|DEBUG|2018/03/16|19:40| 			"v_groupexec"	""
|   12342|DEBUG|2018/03/16|19:40| 			"ID"	"LN0000000054"
|   12342|DEBUG|2018/03/16|19:40| 			"ID_ENV"	"EB0000000008"
|   12342|DEBUG|2018/03/16|19:40| 			"ID_APP"	""
|   12342|DEBUG|2018/03/16|19:40| 			"TYPE"	"2"
|   12342|DEBUG|2018/03/16|19:40| 			"V_DESC"	""
|   12342|DEBUG|2018/03/16|19:40| 			"V_USRNAME"	"LIE_31"
|   12342|DEBUG|2018/03/16|19:40| 			"LTYPE"	"0"
|   12342|DEBUG|2018/03/16|19:40| 			"XYWH"	"1040 1040 10 90"
|   12342|DEBUG|2018/03/16|19:40| 			"DS_DELAY"	""
|   12342|DEBUG|2018/03/16|19:40| 			"F_KILL"	""
|   12342|DEBUG|2018/03/16|19:40| 			"F_LPOS"	""
|   12342|DEBUG|2018/03/16|19:40| 			"URL_DOC"	""
|   12342|DEBUG|2018/03/16|19:40| 		}
|   12342|DEBUG|2018/03/16|19:40| 		ELEM {
|   12342|DEBUG|2018/03/16|19:40| 			NB_PROP	"15"
|   12342|DEBUG|2018/03/16|19:40| 			"TO"	"JO0000000398"
|   12342|DEBUG|2018/03/16|19:40| 			"FROM"	"JO0000000397"
|   12342|DEBUG|2018/03/16|19:40| 			"v_groupexec"	""
|   12342|DEBUG|2018/03/16|19:40| 			"ID"	"LN0000000055"
|   12342|DEBUG|2018/03/16|19:40| 			"ID_ENV"	"EB0000000008"
|   12342|DEBUG|2018/03/16|19:40| 			"ID_APP"	""
|   12342|DEBUG|2018/03/16|19:40| 			"TYPE"	"2"
|   12342|DEBUG|2018/03/16|19:40| 			"V_DESC"	""
|   12342|DEBUG|2018/03/16|19:40| 			"V_USRNAME"	"LIE_131_C0"
|   12342|DEBUG|2018/03/16|19:40| 			"LTYPE"	"0"
|   12342|DEBUG|2018/03/16|19:40| 			"XYWH"	"220 -980 10 60"
|   12342|DEBUG|2018/03/16|19:40| 			"DS_DELAY"	""
|   12342|DEBUG|2018/03/16|19:40| 			"F_KILL"	""
|   12342|DEBUG|2018/03/16|19:40| 			"F_LPOS"	""
|   12342|DEBUG|2018/03/16|19:40| 			"URL_DOC"	""
|   12342|DEBUG|2018/03/16|19:40| 		}
|   12342|DEBUG|2018/03/16|19:40| 		ELEM {
|   12342|DEBUG|2018/03/16|19:40| 			NB_PROP	"15"
|   12342|DEBUG|2018/03/16|19:40| 			"TO"	"JO0000000395"
|   12342|DEBUG|2018/03/16|19:40| 			"FROM"	"JO0000000397"
|   12342|DEBUG|2018/03/16|19:40| 			"v_groupexec"	""
|   12342|DEBUG|2018/03/16|19:40| 			"ID"	"LN0000000056"
|   12342|DEBUG|2018/03/16|19:40| 			"ID_ENV"	"EB0000000008"
|   12342|DEBUG|2018/03/16|19:40| 			"ID_APP"	""
|   12342|DEBUG|2018/03/16|19:40| 			"TYPE"	"2"
|   12342|DEBUG|2018/03/16|19:40| 			"V_DESC"	""
|   12342|DEBUG|2018/03/16|19:40| 			"V_USRNAME"	"LIE_133_C0"
|   12342|DEBUG|2018/03/16|19:40| 			"LTYPE"	"0"
|   12342|DEBUG|2018/03/16|19:40| 			"XYWH"	"130 -1000 80 90"
|   12342|DEBUG|2018/03/16|19:40| 			"DS_DELAY"	""
|   12342|DEBUG|2018/03/16|19:40| 			"F_KILL"	""
|   12342|DEBUG|2018/03/16|19:40| 			"F_LPOS"	""
|   12342|DEBUG|2018/03/16|19:40| 			"URL_DOC"	""
|   12342|DEBUG|2018/03/16|19:40| 		}
|   12342|DEBUG|2018/03/16|19:40| 		ELEM {
|   12342|DEBUG|2018/03/16|19:40| 			NB_PROP	"15"
|   12342|DEBUG|2018/03/16|19:40| 			"TO"	"JO0000000396"
|   12342|DEBUG|2018/03/16|19:40| 			"FROM"	"JO0000000397"
|   12342|DEBUG|2018/03/16|19:40| 			"v_groupexec"	""
|   12342|DEBUG|2018/03/16|19:40| 			"ID"	"LN0000000057"
|   12342|DEBUG|2018/03/16|19:40| 			"ID_ENV"	"EB0000000008"
|   12342|DEBUG|2018/03/16|19:40| 			"ID_APP"	""
|   12342|DEBUG|2018/03/16|19:40| 			"TYPE"	"2"
|   12342|DEBUG|2018/03/16|19:40| 			"V_DESC"	""
|   12342|DEBUG|2018/03/16|19:40| 			"V_USRNAME"	"LIE_3_C0"
|   12342|DEBUG|2018/03/16|19:40| 			"LTYPE"	"0"
|   12342|DEBUG|2018/03/16|19:40| 			"XYWH"	"220 -990 10 60"
|   12342|DEBUG|2018/03/16|19:40| 			"DS_DELAY"	""
|   12342|DEBUG|2018/03/16|19:40| 			"F_KILL"	""
|   12342|DEBUG|2018/03/16|19:40| 			"F_LPOS"	""
|   12342|DEBUG|2018/03/16|19:40| 			"URL_DOC"	""
|   12342|DEBUG|2018/03/16|19:40| 		}
|   12342|DEBUG|2018/03/16|19:40| 		ELEM {
|   12342|DEBUG|2018/03/16|19:40| 			NB_PROP	"15"
|   12342|DEBUG|2018/03/16|19:40| 			"TO"	"JO0000000397"
|   12342|DEBUG|2018/03/16|19:40| 			"FROM"	"JO0000000394"
|   12342|DEBUG|2018/03/16|19:40| 			"v_groupexec"	""
|   12342|DEBUG|2018/03/16|19:40| 			"ID"	"LN0000000058"
|   12342|DEBUG|2018/03/16|19:40| 			"ID_ENV"	"EB0000000008"
|   12342|DEBUG|2018/03/16|19:40| 			"ID_APP"	""
|   12342|DEBUG|2018/03/16|19:40| 			"TYPE"	"2"
|   12342|DEBUG|2018/03/16|19:40| 			"V_DESC"	""
|   12342|DEBUG|2018/03/16|19:40| 			"V_USRNAME"	"LIE_5_X1_C0"
|   12342|DEBUG|2018/03/16|19:40| 			"LTYPE"	"0"
|   12342|DEBUG|2018/03/16|19:40| 			"XYWH"	"90 600 10 40"
|   12342|DEBUG|2018/03/16|19:40| 			"DS_DELAY"	""
|   12342|DEBUG|2018/03/16|19:40| 			"F_KILL"	""
|   12342|DEBUG|2018/03/16|19:40| 			"F_LPOS"	""
|   12342|DEBUG|2018/03/16|19:40| 			"URL_DOC"	""
|   12342|DEBUG|2018/03/16|19:40| 		}
|   12342|DEBUG|2018/03/16|19:40| 		ELEM {
|   12342|DEBUG|2018/03/16|19:40| 			NB_PROP	"15"
|   12342|DEBUG|2018/03/16|19:40| 			"TO"	"JO0000000354"
|   12342|DEBUG|2018/03/16|19:40| 			"FROM"	"JO0000000356"
|   12342|DEBUG|2018/03/16|19:40| 			"v_groupexec"	""
|   12342|DEBUG|2018/03/16|19:40| 			"ID"	"LN0000000059"
|   12342|DEBUG|2018/03/16|19:40| 			"ID_ENV"	"EB0000000008"
|   12342|DEBUG|2018/03/16|19:40| 			"ID_APP"	""
|   12342|DEBUG|2018/03/16|19:40| 			"TYPE"	"2"
|   12342|DEBUG|2018/03/16|19:40| 			"V_DESC"	""
|   12342|DEBUG|2018/03/16|19:40| 			"V_USRNAME"	"LIE_0"
|   12342|DEBUG|2018/03/16|19:40| 			"LTYPE"	"0"
|   12342|DEBUG|2018/03/16|19:40| 			"XYWH"	"40 50 145 109"
|   12342|DEBUG|2018/03/16|19:40| 			"DS_DELAY"	""
|   12342|DEBUG|2018/03/16|19:40| 			"F_KILL"	""
|   12342|DEBUG|2018/03/16|19:40| 			"F_LPOS"	""
|   12342|DEBUG|2018/03/16|19:40| 			"URL_DOC"	""
|   12342|DEBUG|2018/03/16|19:40| 		}
|   12342|DEBUG|2018/03/16|19:40| 		ELEM {
|   12342|DEBUG|2018/03/16|19:40| 			NB_PROP	"15"
|   12342|DEBUG|2018/03/16|19:40| 			"TO"	"JO0000000168"
|   12342|DEBUG|2018/03/16|19:40| 			"FROM"	"JO0000000289"
|   12342|DEBUG|2018/03/16|19:40| 			"v_groupexec"	""
|   12342|DEBUG|2018/03/16|19:40| 			"ID"	"LN0000000060"
|   12342|DEBUG|2018/03/16|19:40| 			"ID_ENV"	"EB0000000008"
|   12342|DEBUG|2018/03/16|19:40| 			"ID_APP"	""
|   12342|DEBUG|2018/03/16|19:40| 			"TYPE"	"2"
|   12342|DEBUG|2018/03/16|19:40| 			"V_DESC"	""
|   12342|DEBUG|2018/03/16|19:40| 			"V_USRNAME"	"LIE_0_C0"
|   12342|DEBUG|2018/03/16|19:40| 			"LTYPE"	"0"
|   12342|DEBUG|2018/03/16|19:40| 			"XYWH"	"190 100 10 30"
|   12342|DEBUG|2018/03/16|19:40| 			"DS_DELAY"	""
|   12342|DEBUG|2018/03/16|19:40| 			"F_KILL"	""
|   12342|DEBUG|2018/03/16|19:40| 			"F_LPOS"	""
|   12342|DEBUG|2018/03/16|19:40| 			"URL_DOC"	""
|   12342|DEBUG|2018/03/16|19:40| 		}
|   12342|DEBUG|2018/03/16|19:40| 		ELEM {
|   12342|DEBUG|2018/03/16|19:40| 			NB_PROP	"15"
|   12342|DEBUG|2018/03/16|19:40| 			"TO"	"JO0000000302"
|   12342|DEBUG|2018/03/16|19:40| 			"FROM"	"JO0000000316"
|   12342|DEBUG|2018/03/16|19:40| 			"v_groupexec"	""
|   12342|DEBUG|2018/03/16|19:40| 			"ID"	"LN0000000061"
|   12342|DEBUG|2018/03/16|19:40| 			"ID_ENV"	"EB0000000008"
|   12342|DEBUG|2018/03/16|19:40| 			"ID_APP"	""
|   12342|DEBUG|2018/03/16|19:40| 			"TYPE"	"2"
|   12342|DEBUG|2018/03/16|19:40| 			"V_DESC"	""
|   12342|DEBUG|2018/03/16|19:40| 			"V_USRNAME"	"LIE_1"
|   12342|DEBUG|2018/03/16|19:40| 			"LTYPE"	"0"
|   12342|DEBUG|2018/03/16|19:40| 			"XYWH"	"150 1620 160 40"
|   12342|DEBUG|2018/03/16|19:40| 			"DS_DELAY"	""
|   12342|DEBUG|2018/03/16|19:40| 			"F_KILL"	""
|   12342|DEBUG|2018/03/16|19:40| 			"F_LPOS"	""
|   12342|DEBUG|2018/03/16|19:40| 			"URL_DOC"	""
|   12342|DEBUG|2018/03/16|19:40| 		}
|   12342|DEBUG|2018/03/16|19:40| 		ELEM {
|   12342|DEBUG|2018/03/16|19:40| 			NB_PROP	"15"
|   12342|DEBUG|2018/03/16|19:40| 			"TO"	"JO0000000113"
|   12342|DEBUG|2018/03/16|19:40| 			"FROM"	"JO0000000233"
|   12342|DEBUG|2018/03/16|19:40| 			"v_groupexec"	""
|   12342|DEBUG|2018/03/16|19:40| 			"ID"	"LN0000000062"
|   12342|DEBUG|2018/03/16|19:40| 			"ID_ENV"	"EB0000000008"
|   12342|DEBUG|2018/03/16|19:40| 			"ID_APP"	""
|   12342|DEBUG|2018/03/16|19:40| 			"TYPE"	"2"
|   12342|DEBUG|2018/03/16|19:40| 			"V_DESC"	""
|   12342|DEBUG|2018/03/16|19:40| 			"V_USRNAME"	"LIE_10"
|   12342|DEBUG|2018/03/16|19:40| 			"LTYPE"	"0"
|   12342|DEBUG|2018/03/16|19:40| 			"XYWH"	"600 -510 170 70"
|   12342|DEBUG|2018/03/16|19:40| 			"DS_DELAY"	""
|   12342|DEBUG|2018/03/16|19:40| 			"F_KILL"	""
|   12342|DEBUG|2018/03/16|19:40| 			"F_LPOS"	""
|   12342|DEBUG|2018/03/16|19:40| 			"URL_DOC"	""
|   12342|DEBUG|2018/03/16|19:40| 		}
|   12342|DEBUG|2018/03/16|19:40| 		ELEM {
|   12342|DEBUG|2018/03/16|19:40| 			NB_PROP	"15"
|   12342|DEBUG|2018/03/16|19:40| 			"TO"	"JO0000000329"
|   12342|DEBUG|2018/03/16|19:40| 			"FROM"	"JO0000000189"
|   12342|DEBUG|2018/03/16|19:40| 			"v_groupexec"	""
|   12342|DEBUG|2018/03/16|19:40| 			"ID"	"LN0000000063"
|   12342|DEBUG|2018/03/16|19:40| 			"ID_ENV"	"EB0000000008"
|   12342|DEBUG|2018/03/16|19:40| 			"ID_APP"	""
|   12342|DEBUG|2018/03/16|19:40| 			"TYPE"	"2"
|   12342|DEBUG|2018/03/16|19:40| 			"V_DESC"	""
|   12342|DEBUG|2018/03/16|19:40| 			"V_USRNAME"	"LIE_101"
|   12342|DEBUG|2018/03/16|19:40| 			"LTYPE"	"0"
|   12342|DEBUG|2018/03/16|19:40| 			"XYWH"	"670 990 80 80"
|   12342|DEBUG|2018/03/16|19:40| 			"DS_DELAY"	""
|   12342|DEBUG|2018/03/16|19:40| 			"F_KILL"	""
|   12342|DEBUG|2018/03/16|19:40| 			"F_LPOS"	""
|   12342|DEBUG|2018/03/16|19:40| 			"URL_DOC"	""
|   12342|DEBUG|2018/03/16|19:40| 		}
|   12342|DEBUG|2018/03/16|19:40| 		ELEM {
|   12342|DEBUG|2018/03/16|19:40| 			NB_PROP	"15"
|   12342|DEBUG|2018/03/16|19:40| 			"TO"	"JO0000000244"
|   12342|DEBUG|2018/03/16|19:40| 			"FROM"	"JO0000000119"
|   12342|DEBUG|2018/03/16|19:40| 			"v_groupexec"	""
|   12342|DEBUG|2018/03/16|19:40| 			"ID"	"LN0000000064"
|   12342|DEBUG|2018/03/16|19:40| 			"ID_ENV"	"EB0000000008"
|   12342|DEBUG|2018/03/16|19:40| 			"ID_APP"	""
|   12342|DEBUG|2018/03/16|19:40| 			"TYPE"	"2"
|   12342|DEBUG|2018/03/16|19:40| 			"V_DESC"	""
|   12342|DEBUG|2018/03/16|19:40| 			"V_USRNAME"	"LIE_103"
|   12342|DEBUG|2018/03/16|19:40| 			"LTYPE"	"1"
|   12342|DEBUG|2018/03/16|19:40| 			"XYWH"	"920 2170 150 290"
|   12342|DEBUG|2018/03/16|19:40| 			"DS_DELAY"	""
|   12342|DEBUG|2018/03/16|19:40| 			"F_KILL"	""
|   12342|DEBUG|2018/03/16|19:40| 			"F_LPOS"	""
|   12342|DEBUG|2018/03/16|19:40| 			"URL_DOC"	""
|   12342|DEBUG|2018/03/16|19:40| 		}
|   12342|DEBUG|2018/03/16|19:40| 		ELEM {
|   12342|DEBUG|2018/03/16|19:40| 			NB_PROP	"15"
|   12342|DEBUG|2018/03/16|19:40| 			"TO"	"JO0000000364"
|   12342|DEBUG|2018/03/16|19:40| 			"FROM"	"JO0000000166"
|   12342|DEBUG|2018/03/16|19:40| 			"v_groupexec"	""
|   12342|DEBUG|2018/03/16|19:40| 			"ID"	"LN0000000065"
|   12342|DEBUG|2018/03/16|19:40| 			"ID_ENV"	"EB0000000008"
|   12342|DEBUG|2018/03/16|19:40| 			"ID_APP"	""
|   12342|DEBUG|2018/03/16|19:40| 			"TYPE"	"2"
|   12342|DEBUG|2018/03/16|19:40| 			"V_DESC"	""
|   12342|DEBUG|2018/03/16|19:40| 			"V_USRNAME"	"LIE_105"
|   12342|DEBUG|2018/03/16|19:40| 			"LTYPE"	"0"
|   12342|DEBUG|2018/03/16|19:40| 			"XYWH"	"80 1980 40 10"
|   12342|DEBUG|2018/03/16|19:40| 			"DS_DELAY"	""
|   12342|DEBUG|2018/03/16|19:40| 			"F_KILL"	""
|   12342|DEBUG|2018/03/16|19:40| 			"F_LPOS"	""
|   12342|DEBUG|2018/03/16|19:40| 			"URL_DOC"	""
|   12342|DEBUG|2018/03/16|19:40| 		}
|   12342|DEBUG|2018/03/16|19:40| 		ELEM {
|   12342|DEBUG|2018/03/16|19:40| 			NB_PROP	"15"
|   12342|DEBUG|2018/03/16|19:40| 			"TO"	"JO0000000383"
|   12342|DEBUG|2018/03/16|19:40| 			"FROM"	"JO0000000114"
|   12342|DEBUG|2018/03/16|19:40| 			"v_groupexec"	""
|   12342|DEBUG|2018/03/16|19:40| 			"ID"	"LN0000000066"
|   12342|DEBUG|2018/03/16|19:40| 			"ID_ENV"	"EB0000000008"
|   12342|DEBUG|2018/03/16|19:40| 			"ID_APP"	""
|   12342|DEBUG|2018/03/16|19:40| 			"TYPE"	"2"
|   12342|DEBUG|2018/03/16|19:40| 			"V_DESC"	""
|   12342|DEBUG|2018/03/16|19:40| 			"V_USRNAME"	"LIE_109"
|   12342|DEBUG|2018/03/16|19:40| 			"LTYPE"	"0"
|   12342|DEBUG|2018/03/16|19:40| 			"XYWH"	"820 440 20 40"
|   12342|DEBUG|2018/03/16|19:40| 			"DS_DELAY"	""
|   12342|DEBUG|2018/03/16|19:40| 			"F_KILL"	""
|   12342|DEBUG|2018/03/16|19:40| 			"F_LPOS"	""
|   12342|DEBUG|2018/03/16|19:40| 			"URL_DOC"	""
|   12342|DEBUG|2018/03/16|19:40| 		}
|   12342|DEBUG|2018/03/16|19:40| 		ELEM {
|   12342|DEBUG|2018/03/16|19:40| 			NB_PROP	"15"
|   12342|DEBUG|2018/03/16|19:40| 			"TO"	"JO0000000089"
|   12342|DEBUG|2018/03/16|19:40| 			"FROM"	"JO0000000171"
|   12342|DEBUG|2018/03/16|19:40| 			"v_groupexec"	""
|   12342|DEBUG|2018/03/16|19:40| 			"ID"	"LN0000000067"
|   12342|DEBUG|2018/03/16|19:40| 			"ID_ENV"	"EB0000000008"
|   12342|DEBUG|2018/03/16|19:40| 			"ID_APP"	""
|   12342|DEBUG|2018/03/16|19:40| 			"TYPE"	"2"
|   12342|DEBUG|2018/03/16|19:40| 			"V_DESC"	""
|   12342|DEBUG|2018/03/16|19:40| 			"V_USRNAME"	"LIE_10_X1"
|   12342|DEBUG|2018/03/16|19:40| 			"LTYPE"	"0"
|   12342|DEBUG|2018/03/16|19:40| 			"XYWH"	"-390 570 50 10"
|   12342|DEBUG|2018/03/16|19:40| 			"DS_DELAY"	""
|   12342|DEBUG|2018/03/16|19:40| 			"F_KILL"	""
|   12342|DEBUG|2018/03/16|19:40| 			"F_LPOS"	""
|   12343|DEBUG|2018/03/16|19:40| 			"URL_DOC"	""
|   12343|DEBUG|2018/03/16|19:40| 		}
|   12343|DEBUG|2018/03/16|19:40| 		ELEM {
|   12343|DEBUG|2018/03/16|19:40| 			NB_PROP	"15"
|   12343|DEBUG|2018/03/16|19:40| 			"TO"	"JO0000000156"
|   12343|DEBUG|2018/03/16|19:40| 			"FROM"	"JO0000000114"
|   12343|DEBUG|2018/03/16|19:40| 			"v_groupexec"	""
|   12343|DEBUG|2018/03/16|19:40| 			"ID"	"LN0000000068"
|   12343|DEBUG|2018/03/16|19:40| 			"ID_ENV"	"EB0000000008"
|   12343|DEBUG|2018/03/16|19:40| 			"ID_APP"	""
|   12343|DEBUG|2018/03/16|19:40| 			"TYPE"	"2"
|   12343|DEBUG|2018/03/16|19:40| 			"V_DESC"	""
|   12343|DEBUG|2018/03/16|19:40| 			"V_USRNAME"	"LIE_113"
|   12343|DEBUG|2018/03/16|19:40| 			"LTYPE"	"0"
|   12343|DEBUG|2018/03/16|19:40| 			"XYWH"	"720 420 110 150"
|   12343|DEBUG|2018/03/16|19:40| 			"DS_DELAY"	""
|   12343|DEBUG|2018/03/16|19:40| 			"F_KILL"	""
|   12343|DEBUG|2018/03/16|19:40| 			"F_LPOS"	""
|   12343|DEBUG|2018/03/16|19:40| 			"URL_DOC"	""
|   12343|DEBUG|2018/03/16|19:40| 		}
|   12343|DEBUG|2018/03/16|19:40| 		ELEM {
|   12343|DEBUG|2018/03/16|19:40| 			NB_PROP	"15"
|   12343|DEBUG|2018/03/16|19:40| 			"TO"	"JO0000000267"
|   12343|DEBUG|2018/03/16|19:40| 			"FROM"	"JO0000000099"
|   12343|DEBUG|2018/03/16|19:40| 			"v_groupexec"	""
|   12343|DEBUG|2018/03/16|19:40| 			"ID"	"LN0000000069"
|   12343|DEBUG|2018/03/16|19:40| 			"ID_ENV"	"EB0000000008"
|   12343|DEBUG|2018/03/16|19:40| 			"ID_APP"	""
|   12343|DEBUG|2018/03/16|19:40| 			"TYPE"	"2"
|   12343|DEBUG|2018/03/16|19:40| 			"V_DESC"	""
|   12343|DEBUG|2018/03/16|19:40| 			"V_USRNAME"	"LIE_114"
|   12343|DEBUG|2018/03/16|19:40| 			"LTYPE"	"0"
|   12343|DEBUG|2018/03/16|19:40| 			"XYWH"	"460 570 90 60"
|   12343|DEBUG|2018/03/16|19:40| 			"DS_DELAY"	""
|   12343|DEBUG|2018/03/16|19:40| 			"F_KILL"	""
|   12343|DEBUG|2018/03/16|19:40| 			"F_LPOS"	""
|   12343|DEBUG|2018/03/16|19:40| 			"URL_DOC"	""
|   12343|DEBUG|2018/03/16|19:40| 		}
|   12343|DEBUG|2018/03/16|19:40| 		ELEM {
|   12343|DEBUG|2018/03/16|19:40| 			NB_PROP	"15"
|   12343|DEBUG|2018/03/16|19:40| 			"TO"	"JO0000000223"
|   12343|DEBUG|2018/03/16|19:40| 			"FROM"	"JO0000000102"
|   12343|DEBUG|2018/03/16|19:40| 			"v_groupexec"	""
|   12343|DEBUG|2018/03/16|19:40| 			"ID"	"LN0000000070"
|   12343|DEBUG|2018/03/16|19:40| 			"ID_ENV"	"EB0000000008"
|   12343|DEBUG|2018/03/16|19:40| 			"ID_APP"	""
|   12343|DEBUG|2018/03/16|19:40| 			"TYPE"	"2"
|   12343|DEBUG|2018/03/16|19:40| 			"V_DESC"	""
|   12343|DEBUG|2018/03/16|19:40| 			"V_USRNAME"	"LIE_115"
|   12343|DEBUG|2018/03/16|19:40| 			"LTYPE"	"0"
|   12343|DEBUG|2018/03/16|19:40| 			"XYWH"	"-20 -280 50 10"
|   12343|DEBUG|2018/03/16|19:40| 			"DS_DELAY"	""
|   12343|DEBUG|2018/03/16|19:40| 			"F_KILL"	""
|   12343|DEBUG|2018/03/16|19:40| 			"F_LPOS"	""
|   12343|DEBUG|2018/03/16|19:40| 			"URL_DOC"	""
|   12343|DEBUG|2018/03/16|19:40| 		}
|   12343|DEBUG|2018/03/16|19:40| 		ELEM {
|   12343|DEBUG|2018/03/16|19:40| 			NB_PROP	"15"
|   12343|DEBUG|2018/03/16|19:40| 			"TO"	"JO0000000114"
|   12343|DEBUG|2018/03/16|19:40| 			"FROM"	"JO0000000115"
|   12343|DEBUG|2018/03/16|19:40| 			"v_groupexec"	""
|   12343|DEBUG|2018/03/16|19:40| 			"ID"	"LN0000000071"
|   12343|DEBUG|2018/03/16|19:40| 			"ID_ENV"	"EB0000000008"
|   12343|DEBUG|2018/03/16|19:40| 			"ID_APP"	""
|   12343|DEBUG|2018/03/16|19:40| 			"TYPE"	"2"
|   12343|DEBUG|2018/03/16|19:40| 			"V_DESC"	""
|   12343|DEBUG|2018/03/16|19:40| 			"V_USRNAME"	"LIE_117"
|   12343|DEBUG|2018/03/16|19:40| 			"LTYPE"	"0"
|   12343|DEBUG|2018/03/16|19:40| 			"XYWH"	"580 420 250 50"
|   12343|DEBUG|2018/03/16|19:40| 			"DS_DELAY"	""
|   12343|DEBUG|2018/03/16|19:40| 			"F_KILL"	""
|   12343|DEBUG|2018/03/16|19:40| 			"F_LPOS"	""
|   12343|DEBUG|2018/03/16|19:40| 			"URL_DOC"	""
|   12343|DEBUG|2018/03/16|19:40| 		}
|   12343|DEBUG|2018/03/16|19:40| 		ELEM {
|   12343|DEBUG|2018/03/16|19:40| 			NB_PROP	"15"
|   12343|DEBUG|2018/03/16|19:40| 			"TO"	"JO0000000241"
|   12343|DEBUG|2018/03/16|19:40| 			"FROM"	"JO0000000370"
|   12343|DEBUG|2018/03/16|19:40| 			"v_groupexec"	""
|   12343|DEBUG|2018/03/16|19:40| 			"ID"	"LN0000000072"
|   12343|DEBUG|2018/03/16|19:40| 			"ID_ENV"	"EB0000000008"
|   12343|DEBUG|2018/03/16|19:40| 			"ID_APP"	""
|   12343|DEBUG|2018/03/16|19:40| 			"TYPE"	"2"
|   12343|DEBUG|2018/03/16|19:40| 			"V_DESC"	""
|   12343|DEBUG|2018/03/16|19:40| 			"V_USRNAME"	"LIE_119"
|   12343|DEBUG|2018/03/16|19:40| 			"LTYPE"	"0"
|   12343|DEBUG|2018/03/16|19:40| 			"XYWH"	"620 720 70 10"
|   12343|DEBUG|2018/03/16|19:40| 			"DS_DELAY"	""
|   12343|DEBUG|2018/03/16|19:40| 			"F_KILL"	""
|   12343|DEBUG|2018/03/16|19:40| 			"F_LPOS"	"1"
|   12343|DEBUG|2018/03/16|19:40| 			"URL_DOC"	""
|   12343|DEBUG|2018/03/16|19:40| 		}
|   12343|DEBUG|2018/03/16|19:40| 		ELEM {
|   12343|DEBUG|2018/03/16|19:40| 			NB_PROP	"15"
|   12343|DEBUG|2018/03/16|19:40| 			"TO"	"JO0000000094"
|   12343|DEBUG|2018/03/16|19:40| 			"FROM"	"JO0000000089"
|   12343|DEBUG|2018/03/16|19:40| 			"v_groupexec"	""
|   12343|DEBUG|2018/03/16|19:40| 			"ID"	"LN0000000073"
|   12343|DEBUG|2018/03/16|19:40| 			"ID_ENV"	"EB0000000008"
|   12343|DEBUG|2018/03/16|19:40| 			"ID_APP"	""
|   12343|DEBUG|2018/03/16|19:40| 			"TYPE"	"2"
|   12343|DEBUG|2018/03/16|19:40| 			"V_DESC"	""
|   12343|DEBUG|2018/03/16|19:40| 			"V_USRNAME"	"LIE_11_X1"
|   12343|DEBUG|2018/03/16|19:40| 			"LTYPE"	"0"
|   12343|DEBUG|2018/03/16|19:40| 			"XYWH"	"-310 570 50 10"
|   12343|DEBUG|2018/03/16|19:40| 			"DS_DELAY"	""
|   12343|DEBUG|2018/03/16|19:40| 			"F_KILL"	""
|   12343|DEBUG|2018/03/16|19:40| 			"F_LPOS"	""
|   12343|DEBUG|2018/03/16|19:40| 			"URL_DOC"	""
|   12343|DEBUG|2018/03/16|19:40| 		}
|   12343|DEBUG|2018/03/16|19:40| 		ELEM {
|   12343|DEBUG|2018/03/16|19:40| 			NB_PROP	"15"
|   12343|DEBUG|2018/03/16|19:40| 			"TO"	"JO0000000315"
|   12343|DEBUG|2018/03/16|19:40| 			"FROM"	"JO0000000284"
|   12343|DEBUG|2018/03/16|19:40| 			"v_groupexec"	""
|   12343|DEBUG|2018/03/16|19:40| 			"ID"	"LN0000000074"
|   12343|DEBUG|2018/03/16|19:40| 			"ID_ENV"	"EB0000000008"
|   12343|DEBUG|2018/03/16|19:40| 			"ID_APP"	""
|   12343|DEBUG|2018/03/16|19:40| 			"TYPE"	"2"
|   12343|DEBUG|2018/03/16|19:40| 			"V_DESC"	""
|   12343|DEBUG|2018/03/16|19:40| 			"V_USRNAME"	"LIE_12"
|   12343|DEBUG|2018/03/16|19:40| 			"LTYPE"	"0"
|   12343|DEBUG|2018/03/16|19:40| 			"XYWH"	"250 990 10 60"
|   12343|DEBUG|2018/03/16|19:40| 			"DS_DELAY"	""
|   12343|DEBUG|2018/03/16|19:40| 			"F_KILL"	""
|   12343|DEBUG|2018/03/16|19:40| 			"F_LPOS"	""
|   12343|DEBUG|2018/03/16|19:40| 			"URL_DOC"	""
|   12343|DEBUG|2018/03/16|19:40| 		}
|   12343|DEBUG|2018/03/16|19:40| 		ELEM {
|   12343|DEBUG|2018/03/16|19:40| 			NB_PROP	"15"
|   12343|DEBUG|2018/03/16|19:40| 			"TO"	"JO0000000216"
|   12343|DEBUG|2018/03/16|19:40| 			"FROM"	"JO0000000126"
|   12343|DEBUG|2018/03/16|19:40| 			"v_groupexec"	""
|   12343|DEBUG|2018/03/16|19:40| 			"ID"	"LN0000000075"
|   12343|DEBUG|2018/03/16|19:40| 			"ID_ENV"	"EB0000000008"
|   12343|DEBUG|2018/03/16|19:40| 			"ID_APP"	""
|   12343|DEBUG|2018/03/16|19:40| 			"TYPE"	"2"
|   12343|DEBUG|2018/03/16|19:40| 			"V_DESC"	""
|   12343|DEBUG|2018/03/16|19:40| 			"V_USRNAME"	"LIE_121"
|   12343|DEBUG|2018/03/16|19:40| 			"LTYPE"	"0"
|   12343|DEBUG|2018/03/16|19:40| 			"XYWH"	"460 660 320 50"
|   12343|DEBUG|2018/03/16|19:40| 			"DS_DELAY"	""
|   12343|DEBUG|2018/03/16|19:40| 			"F_KILL"	""
|   12343|DEBUG|2018/03/16|19:40| 			"F_LPOS"	""
|   12343|DEBUG|2018/03/16|19:40| 			"URL_DOC"	""
|   12343|DEBUG|2018/03/16|19:40| 		}
|   12343|DEBUG|2018/03/16|19:40| 		ELEM {
|   12343|DEBUG|2018/03/16|19:40| 			NB_PROP	"15"
|   12343|DEBUG|2018/03/16|19:40| 			"TO"	"JO0000000125"
|   12343|DEBUG|2018/03/16|19:40| 			"FROM"	"JO0000000267"
|   12343|DEBUG|2018/03/16|19:40| 			"v_groupexec"	""
|   12343|DEBUG|2018/03/16|19:40| 			"ID"	"LN0000000076"
|   12343|DEBUG|2018/03/16|19:40| 			"ID_ENV"	"EB0000000008"
|   12343|DEBUG|2018/03/16|19:40| 			"ID_APP"	""
|   12343|DEBUG|2018/03/16|19:40| 			"TYPE"	"2"
|   12343|DEBUG|2018/03/16|19:40| 			"V_DESC"	""
|   12343|DEBUG|2018/03/16|19:40| 			"V_USRNAME"	"LIE_122"
|   12343|DEBUG|2018/03/16|19:40| 			"LTYPE"	"0"
|   12343|DEBUG|2018/03/16|19:40| 			"XYWH"	"790 630 10 30"
|   12343|DEBUG|2018/03/16|19:40| 			"DS_DELAY"	""
|   12343|DEBUG|2018/03/16|19:40| 			"F_KILL"	""
|   12343|DEBUG|2018/03/16|19:40| 			"F_LPOS"	""
|   12343|DEBUG|2018/03/16|19:40| 			"URL_DOC"	""
|   12343|DEBUG|2018/03/16|19:40| 		}
|   12343|DEBUG|2018/03/16|19:40| 		ELEM {
|   12343|DEBUG|2018/03/16|19:40| 			NB_PROP	"15"
|   12343|DEBUG|2018/03/16|19:40| 			"TO"	"JO0000000126"
|   12343|DEBUG|2018/03/16|19:40| 			"FROM"	"JO0000000125"
|   12343|DEBUG|2018/03/16|19:40| 			"v_groupexec"	""
|   12343|DEBUG|2018/03/16|19:40| 			"ID"	"LN0000000077"
|   12343|DEBUG|2018/03/16|19:40| 			"ID_ENV"	"EB0000000008"
|   12343|DEBUG|2018/03/16|19:40| 			"ID_APP"	""
|   12343|DEBUG|2018/03/16|19:40| 			"TYPE"	"2"
|   12343|DEBUG|2018/03/16|19:40| 			"V_DESC"	""
|   12343|DEBUG|2018/03/16|19:40| 			"V_USRNAME"	"LIE_123"
|   12343|DEBUG|2018/03/16|19:40| 			"LTYPE"	"0"
|   12343|DEBUG|2018/03/16|19:40| 			"XYWH"	"660 670 120 10"
|   12343|DEBUG|2018/03/16|19:40| 			"DS_DELAY"	""
|   12343|DEBUG|2018/03/16|19:40| 			"F_KILL"	""
|   12343|DEBUG|2018/03/16|19:40| 			"F_LPOS"	""
|   12343|DEBUG|2018/03/16|19:40| 			"URL_DOC"	""
|   12343|DEBUG|2018/03/16|19:40| 		}
|   12343|DEBUG|2018/03/16|19:40| 		ELEM {
|   12343|DEBUG|2018/03/16|19:40| 			NB_PROP	"15"
|   12343|DEBUG|2018/03/16|19:40| 			"TO"	"JO0000000365"
|   12343|DEBUG|2018/03/16|19:40| 			"FROM"	"JO0000000094"
|   12343|DEBUG|2018/03/16|19:40| 			"v_groupexec"	""
|   12343|DEBUG|2018/03/16|19:40| 			"ID"	"LN0000000078"
|   12343|DEBUG|2018/03/16|19:40| 			"ID_ENV"	"EB0000000008"
|   12343|DEBUG|2018/03/16|19:40| 			"ID_APP"	""
|   12343|DEBUG|2018/03/16|19:40| 			"TYPE"	"2"
|   12343|DEBUG|2018/03/16|19:40| 			"V_DESC"	""
|   12343|DEBUG|2018/03/16|19:40| 			"V_USRNAME"	"LIE_12_X1"
|   12343|DEBUG|2018/03/16|19:40| 			"LTYPE"	"0"
|   12343|DEBUG|2018/03/16|19:40| 			"XYWH"	"-230 570 50 10"
|   12343|DEBUG|2018/03/16|19:40| 			"DS_DELAY"	""
|   12343|DEBUG|2018/03/16|19:40| 			"F_KILL"	""
|   12343|DEBUG|2018/03/16|19:40| 			"F_LPOS"	""
|   12343|DEBUG|2018/03/16|19:40| 			"URL_DOC"	""
|   12343|DEBUG|2018/03/16|19:40| 		}
|   12343|DEBUG|2018/03/16|19:40| 		ELEM {
|   12343|DEBUG|2018/03/16|19:40| 			NB_PROP	"15"
|   12343|DEBUG|2018/03/16|19:40| 			"TO"	"JO0000000337"
|   12343|DEBUG|2018/03/16|19:40| 			"FROM"	"JO0000000169"
|   12343|DEBUG|2018/03/16|19:40| 			"v_groupexec"	""
|   12343|DEBUG|2018/03/16|19:40| 			"ID"	"LN0000000079"
|   12343|DEBUG|2018/03/16|19:40| 			"ID_ENV"	"EB0000000008"
|   12343|DEBUG|2018/03/16|19:40| 			"ID_APP"	""
|   12343|DEBUG|2018/03/16|19:40| 			"TYPE"	"2"
|   12343|DEBUG|2018/03/16|19:40| 			"V_DESC"	""
|   12343|DEBUG|2018/03/16|19:40| 			"V_USRNAME"	"LIE_12_X2"
|   12343|DEBUG|2018/03/16|19:40| 			"LTYPE"	"0"
|   12343|DEBUG|2018/03/16|19:40| 			"XYWH"	"260 -1280 10 40"
|   12343|DEBUG|2018/03/16|19:40| 			"DS_DELAY"	""
|   12343|DEBUG|2018/03/16|19:40| 			"F_KILL"	""
|   12343|DEBUG|2018/03/16|19:40| 			"F_LPOS"	""
|   12343|DEBUG|2018/03/16|19:40| 			"URL_DOC"	""
|   12343|DEBUG|2018/03/16|19:40| 		}
|   12343|DEBUG|2018/03/16|19:40| 		ELEM {
|   12343|DEBUG|2018/03/16|19:40| 			NB_PROP	"15"
|   12343|DEBUG|2018/03/16|19:40| 			"TO"	"JO0000000336"
|   12343|DEBUG|2018/03/16|19:40| 			"FROM"	"JO0000000291"
|   12343|DEBUG|2018/03/16|19:40| 			"v_groupexec"	""
|   12343|DEBUG|2018/03/16|19:40| 			"ID"	"LN0000000080"
|   12343|DEBUG|2018/03/16|19:40| 			"ID_ENV"	"EB0000000008"
|   12343|DEBUG|2018/03/16|19:40| 			"ID_APP"	""
|   12343|DEBUG|2018/03/16|19:40| 			"TYPE"	"2"
|   12343|DEBUG|2018/03/16|19:40| 			"V_DESC"	""
|   12343|DEBUG|2018/03/16|19:40| 			"V_USRNAME"	"LIE_13"
|   12343|DEBUG|2018/03/16|19:40| 			"LTYPE"	"0"
|   12343|DEBUG|2018/03/16|19:40| 			"XYWH"	"-130 620 150 50"
|   12343|DEBUG|2018/03/16|19:40| 			"DS_DELAY"	""
|   12344|DEBUG|2018/03/16|19:40| 			"F_KILL"	""
|   12344|DEBUG|2018/03/16|19:40| 			"F_LPOS"	""
|   12344|DEBUG|2018/03/16|19:40| 			"URL_DOC"	""
|   12344|DEBUG|2018/03/16|19:40| 		}
|   12344|DEBUG|2018/03/16|19:40| 		ELEM {
|   12344|DEBUG|2018/03/16|19:40| 			NB_PROP	"15"
|   12344|DEBUG|2018/03/16|19:40| 			"TO"	"JO0000000157"
|   12344|DEBUG|2018/03/16|19:40| 			"FROM"	"JO0000000215"
|   12344|DEBUG|2018/03/16|19:40| 			"v_groupexec"	""
|   12344|DEBUG|2018/03/16|19:40| 			"ID"	"LN0000000081"
|   12344|DEBUG|2018/03/16|19:40| 			"ID_ENV"	"EB0000000008"
|   12344|DEBUG|2018/03/16|19:40| 			"ID_APP"	""
|   12344|DEBUG|2018/03/16|19:40| 			"TYPE"	"2"
|   12344|DEBUG|2018/03/16|19:40| 			"V_DESC"	""
|   12344|DEBUG|2018/03/16|19:40| 			"V_USRNAME"	"LIE_131"
|   12344|DEBUG|2018/03/16|19:40| 			"LTYPE"	"0"
|   12344|DEBUG|2018/03/16|19:40| 			"XYWH"	"220 -980 10 60"
|   12344|DEBUG|2018/03/16|19:40| 			"DS_DELAY"	""
|   12344|DEBUG|2018/03/16|19:40| 			"F_KILL"	""
|   12344|DEBUG|2018/03/16|19:40| 			"F_LPOS"	""
|   12344|DEBUG|2018/03/16|19:40| 			"URL_DOC"	""
|   12344|DEBUG|2018/03/16|19:40| 		}
|   12344|DEBUG|2018/03/16|19:40| 		ELEM {
|   12344|DEBUG|2018/03/16|19:40| 			NB_PROP	"15"
|   12344|DEBUG|2018/03/16|19:40| 			"TO"	"JO0000000353"
|   12344|DEBUG|2018/03/16|19:40| 			"FROM"	"JO0000000352"
|   12344|DEBUG|2018/03/16|19:40| 			"v_groupexec"	""
|   12344|DEBUG|2018/03/16|19:40| 			"ID"	"LN0000000082"
|   12344|DEBUG|2018/03/16|19:40| 			"ID_ENV"	"EB0000000008"
|   12344|DEBUG|2018/03/16|19:40| 			"ID_APP"	""
|   12344|DEBUG|2018/03/16|19:40| 			"TYPE"	"2"
|   12344|DEBUG|2018/03/16|19:40| 			"V_DESC"	""
|   12344|DEBUG|2018/03/16|19:40| 			"V_USRNAME"	"LIE_132"
|   12344|DEBUG|2018/03/16|19:40| 			"LTYPE"	"0"
|   12344|DEBUG|2018/03/16|19:40| 			"XYWH"	"250 230 270 20"
|   12344|DEBUG|2018/03/16|19:40| 			"DS_DELAY"	""
|   12344|DEBUG|2018/03/16|19:40| 			"F_KILL"	""
|   12344|DEBUG|2018/03/16|19:40| 			"F_LPOS"	""
|   12344|DEBUG|2018/03/16|19:40| 			"URL_DOC"	""
|   12344|DEBUG|2018/03/16|19:40| 		}
|   12344|DEBUG|2018/03/16|19:40| 		ELEM {
|   12344|DEBUG|2018/03/16|19:40| 			NB_PROP	"15"
|   12344|DEBUG|2018/03/16|19:40| 			"TO"	"JO0000000279"
|   12344|DEBUG|2018/03/16|19:40| 			"FROM"	"JO0000000215"
|   12344|DEBUG|2018/03/16|19:40| 			"v_groupexec"	""
|   12344|DEBUG|2018/03/16|19:40| 			"ID"	"LN0000000083"
|   12344|DEBUG|2018/03/16|19:40| 			"ID_ENV"	"EB0000000008"
|   12344|DEBUG|2018/03/16|19:40| 			"ID_APP"	""
|   12344|DEBUG|2018/03/16|19:40| 			"TYPE"	"2"
|   12344|DEBUG|2018/03/16|19:40| 			"V_DESC"	""
|   12344|DEBUG|2018/03/16|19:40| 			"V_USRNAME"	"LIE_133"
|   12344|DEBUG|2018/03/16|19:40| 			"LTYPE"	"0"
|   12344|DEBUG|2018/03/16|19:40| 			"XYWH"	"130 -1000 80 90"
|   12344|DEBUG|2018/03/16|19:40| 			"DS_DELAY"	""
|   12344|DEBUG|2018/03/16|19:40| 			"F_KILL"	""
|   12344|DEBUG|2018/03/16|19:40| 			"F_LPOS"	""
|   12344|DEBUG|2018/03/16|19:40| 			"URL_DOC"	""
|   12344|DEBUG|2018/03/16|19:40| 		}
|   12344|DEBUG|2018/03/16|19:40| 		ELEM {
|   12344|DEBUG|2018/03/16|19:40| 			NB_PROP	"15"
|   12344|DEBUG|2018/03/16|19:40| 			"TO"	"JO0000000121"
|   12344|DEBUG|2018/03/16|19:40| 			"FROM"	"JO0000000341"
|   12344|DEBUG|2018/03/16|19:40| 			"v_groupexec"	""
|   12344|DEBUG|2018/03/16|19:40| 			"ID"	"LN0000000084"
|   12344|DEBUG|2018/03/16|19:40| 			"ID_ENV"	"EB0000000008"
|   12344|DEBUG|2018/03/16|19:40| 			"ID_APP"	""
|   12344|DEBUG|2018/03/16|19:40| 			"TYPE"	"2"
|   12344|DEBUG|2018/03/16|19:40| 			"V_DESC"	""
|   12344|DEBUG|2018/03/16|19:40| 			"V_USRNAME"	"LIE_134"
|   12344|DEBUG|2018/03/16|19:40| 			"LTYPE"	"0"
|   12344|DEBUG|2018/03/16|19:40| 			"XYWH"	"550 800 90 10"
|   12344|DEBUG|2018/03/16|19:40| 			"DS_DELAY"	""
|   12344|DEBUG|2018/03/16|19:40| 			"F_KILL"	""
|   12344|DEBUG|2018/03/16|19:40| 			"F_LPOS"	""
|   12344|DEBUG|2018/03/16|19:40| 			"URL_DOC"	""
|   12344|DEBUG|2018/03/16|19:40| 		}
|   12344|DEBUG|2018/03/16|19:40| 		ELEM {
|   12344|DEBUG|2018/03/16|19:40| 			NB_PROP	"15"
|   12344|DEBUG|2018/03/16|19:40| 			"TO"	"JO0000000219"
|   12344|DEBUG|2018/03/16|19:40| 			"FROM"	"JO0000000341"
|   12344|DEBUG|2018/03/16|19:40| 			"v_groupexec"	""
|   12344|DEBUG|2018/03/16|19:40| 			"ID"	"LN0000000085"
|   12344|DEBUG|2018/03/16|19:40| 			"ID_ENV"	"EB0000000008"
|   12344|DEBUG|2018/03/16|19:40| 			"ID_APP"	""
|   12344|DEBUG|2018/03/16|19:40| 			"TYPE"	"2"
|   12344|DEBUG|2018/03/16|19:40| 			"V_DESC"	""
|   12344|DEBUG|2018/03/16|19:40| 			"V_USRNAME"	"LIE_135"
|   12344|DEBUG|2018/03/16|19:40| 			"LTYPE"	"1"
|   12344|DEBUG|2018/03/16|19:40| 			"XYWH"	"530 820 50 40"
|   12344|DEBUG|2018/03/16|19:40| 			"DS_DELAY"	""
|   12344|DEBUG|2018/03/16|19:40| 			"F_KILL"	""
|   12344|DEBUG|2018/03/16|19:40| 			"F_LPOS"	"1"
|   12344|DEBUG|2018/03/16|19:40| 			"URL_DOC"	""
|   12344|DEBUG|2018/03/16|19:40| 		}
|   12344|DEBUG|2018/03/16|19:40| 		ELEM {
|   12344|DEBUG|2018/03/16|19:40| 			NB_PROP	"15"
|   12344|DEBUG|2018/03/16|19:40| 			"TO"	"JO0000000219"
|   12344|DEBUG|2018/03/16|19:40| 			"FROM"	"JO0000000121"
|   12344|DEBUG|2018/03/16|19:40| 			"v_groupexec"	""
|   12344|DEBUG|2018/03/16|19:40| 			"ID"	"LN0000000086"
|   12344|DEBUG|2018/03/16|19:40| 			"ID_ENV"	"EB0000000008"
|   12344|DEBUG|2018/03/16|19:40| 			"ID_APP"	""
|   12344|DEBUG|2018/03/16|19:40| 			"TYPE"	"2"
|   12344|DEBUG|2018/03/16|19:40| 			"V_DESC"	""
|   12344|DEBUG|2018/03/16|19:40| 			"V_USRNAME"	"LIE_136"
|   12344|DEBUG|2018/03/16|19:40| 			"LTYPE"	"1"
|   12344|DEBUG|2018/03/16|19:40| 			"XYWH"	"590 810 50 30"
|   12344|DEBUG|2018/03/16|19:40| 			"DS_DELAY"	""
|   12344|DEBUG|2018/03/16|19:40| 			"F_KILL"	""
|   12344|DEBUG|2018/03/16|19:40| 			"F_LPOS"	"1"
|   12344|DEBUG|2018/03/16|19:40| 			"URL_DOC"	""
|   12344|DEBUG|2018/03/16|19:40| 		}
|   12344|DEBUG|2018/03/16|19:40| 		ELEM {
|   12344|DEBUG|2018/03/16|19:40| 			NB_PROP	"15"
|   12344|DEBUG|2018/03/16|19:40| 			"TO"	"JO0000000353"
|   12344|DEBUG|2018/03/16|19:40| 			"FROM"	"JO0000000269"
|   12344|DEBUG|2018/03/16|19:40| 			"v_groupexec"	""
|   12344|DEBUG|2018/03/16|19:40| 			"ID"	"LN0000000087"
|   12344|DEBUG|2018/03/16|19:40| 			"ID_ENV"	"EB0000000008"
|   12344|DEBUG|2018/03/16|19:40| 			"ID_APP"	""
|   12344|DEBUG|2018/03/16|19:40| 			"TYPE"	"2"
|   12344|DEBUG|2018/03/16|19:40| 			"V_DESC"	""
|   12344|DEBUG|2018/03/16|19:40| 			"V_USRNAME"	"LIE_137"
|   12344|DEBUG|2018/03/16|19:40| 			"LTYPE"	"0"
|   12344|DEBUG|2018/03/16|19:40| 			"XYWH"	"550 140 130 90"
|   12344|DEBUG|2018/03/16|19:40| 			"DS_DELAY"	""
|   12344|DEBUG|2018/03/16|19:40| 			"F_KILL"	""
|   12344|DEBUG|2018/03/16|19:40| 			"F_LPOS"	""
|   12344|DEBUG|2018/03/16|19:40| 			"URL_DOC"	""
|   12344|DEBUG|2018/03/16|19:40| 		}
|   12344|DEBUG|2018/03/16|19:40| 		ELEM {
|   12344|DEBUG|2018/03/16|19:40| 			NB_PROP	"15"
|   12344|DEBUG|2018/03/16|19:40| 			"TO"	"JO0000000111"
|   12344|DEBUG|2018/03/16|19:40| 			"FROM"	"JO0000000212"
|   12344|DEBUG|2018/03/16|19:40| 			"v_groupexec"	""
|   12344|DEBUG|2018/03/16|19:40| 			"ID"	"LN0000000088"
|   12344|DEBUG|2018/03/16|19:40| 			"ID_ENV"	"EB0000000008"
|   12344|DEBUG|2018/03/16|19:40| 			"ID_APP"	""
|   12344|DEBUG|2018/03/16|19:40| 			"TYPE"	"2"
|   12344|DEBUG|2018/03/16|19:40| 			"V_DESC"	""
|   12344|DEBUG|2018/03/16|19:40| 			"V_USRNAME"	"LIE_139"
|   12344|DEBUG|2018/03/16|19:40| 			"LTYPE"	"0"
|   12344|DEBUG|2018/03/16|19:40| 			"XYWH"	"480 -530 90 30"
|   12344|DEBUG|2018/03/16|19:40| 			"DS_DELAY"	""
|   12344|DEBUG|2018/03/16|19:40| 			"F_KILL"	""
|   12344|DEBUG|2018/03/16|19:40| 			"F_LPOS"	""
|   12344|DEBUG|2018/03/16|19:40| 			"URL_DOC"	""
|   12344|DEBUG|2018/03/16|19:40| 		}
|   12344|DEBUG|2018/03/16|19:40| 		ELEM {
|   12344|DEBUG|2018/03/16|19:40| 			NB_PROP	"15"
|   12344|DEBUG|2018/03/16|19:40| 			"TO"	"JO0000000237"
|   12344|DEBUG|2018/03/16|19:40| 			"FROM"	"JO0000000365"
|   12344|DEBUG|2018/03/16|19:40| 			"v_groupexec"	""
|   12344|DEBUG|2018/03/16|19:40| 			"ID"	"LN0000000089"
|   12344|DEBUG|2018/03/16|19:40| 			"ID_ENV"	"EB0000000008"
|   12344|DEBUG|2018/03/16|19:40| 			"ID_APP"	""
|   12344|DEBUG|2018/03/16|19:40| 			"TYPE"	"2"
|   12344|DEBUG|2018/03/16|19:40| 			"V_DESC"	""
|   12344|DEBUG|2018/03/16|19:40| 			"V_USRNAME"	"LIE_14"
|   12344|DEBUG|2018/03/16|19:40| 			"LTYPE"	"0"
|   12344|DEBUG|2018/03/16|19:40| 			"XYWH"	"-1410 -660 10 40"
|   12344|DEBUG|2018/03/16|19:40| 			"DS_DELAY"	""
|   12344|DEBUG|2018/03/16|19:40| 			"F_KILL"	""
|   12344|DEBUG|2018/03/16|19:40| 			"F_LPOS"	""
|   12344|DEBUG|2018/03/16|19:40| 			"URL_DOC"	""
|   12344|DEBUG|2018/03/16|19:40| 		}
|   12344|DEBUG|2018/03/16|19:40| 		ELEM {
|   12344|DEBUG|2018/03/16|19:40| 			NB_PROP	"15"
|   12344|DEBUG|2018/03/16|19:40| 			"TO"	"JO0000000325"
|   12344|DEBUG|2018/03/16|19:40| 			"FROM"	"JO0000000188"
|   12344|DEBUG|2018/03/16|19:40| 			"v_groupexec"	""
|   12344|DEBUG|2018/03/16|19:40| 			"ID"	"LN0000000090"
|   12344|DEBUG|2018/03/16|19:40| 			"ID_ENV"	"EB0000000008"
|   12344|DEBUG|2018/03/16|19:40| 			"ID_APP"	""
|   12344|DEBUG|2018/03/16|19:40| 			"TYPE"	"2"
|   12344|DEBUG|2018/03/16|19:40| 			"V_DESC"	""
|   12344|DEBUG|2018/03/16|19:40| 			"V_USRNAME"	"LIE_143"
|   12344|DEBUG|2018/03/16|19:40| 			"LTYPE"	"0"
|   12344|DEBUG|2018/03/16|19:40| 			"XYWH"	"1200 1040 90 80"
|   12344|DEBUG|2018/03/16|19:40| 			"DS_DELAY"	""
|   12344|DEBUG|2018/03/16|19:40| 			"F_KILL"	""
|   12344|DEBUG|2018/03/16|19:40| 			"F_LPOS"	""
|   12344|DEBUG|2018/03/16|19:40| 			"URL_DOC"	""
|   12344|DEBUG|2018/03/16|19:40| 		}
|   12344|DEBUG|2018/03/16|19:40| 		ELEM {
|   12344|DEBUG|2018/03/16|19:40| 			NB_PROP	"15"
|   12344|DEBUG|2018/03/16|19:40| 			"TO"	"JO0000000372"
|   12344|DEBUG|2018/03/16|19:40| 			"FROM"	"JO0000000220"
|   12344|DEBUG|2018/03/16|19:40| 			"v_groupexec"	""
|   12344|DEBUG|2018/03/16|19:40| 			"ID"	"LN0000000091"
|   12344|DEBUG|2018/03/16|19:40| 			"ID_ENV"	"EB0000000008"
|   12344|DEBUG|2018/03/16|19:40| 			"ID_APP"	""
|   12344|DEBUG|2018/03/16|19:40| 			"TYPE"	"2"
|   12344|DEBUG|2018/03/16|19:40| 			"V_DESC"	""
|   12344|DEBUG|2018/03/16|19:40| 			"V_USRNAME"	"LIE_144"
|   12344|DEBUG|2018/03/16|19:40| 			"LTYPE"	"0"
|   12344|DEBUG|2018/03/16|19:40| 			"XYWH"	"1250 -1280 80 60"
|   12344|DEBUG|2018/03/16|19:40| 			"DS_DELAY"	""
|   12344|DEBUG|2018/03/16|19:40| 			"F_KILL"	""
|   12344|DEBUG|2018/03/16|19:40| 			"F_LPOS"	""
|   12344|DEBUG|2018/03/16|19:40| 			"URL_DOC"	""
|   12344|DEBUG|2018/03/16|19:40| 		}
|   12344|DEBUG|2018/03/16|19:40| 		ELEM {
|   12344|DEBUG|2018/03/16|19:40| 			NB_PROP	"15"
|   12344|DEBUG|2018/03/16|19:40| 			"TO"	"JO0000000257"
|   12344|DEBUG|2018/03/16|19:40| 			"FROM"	"JO0000000231"
|   12344|DEBUG|2018/03/16|19:40| 			"v_groupexec"	""
|   12344|DEBUG|2018/03/16|19:40| 			"ID"	"LN0000000092"
|   12344|DEBUG|2018/03/16|19:40| 			"ID_ENV"	"EB0000000008"
|   12344|DEBUG|2018/03/16|19:40| 			"ID_APP"	""
|   12344|DEBUG|2018/03/16|19:40| 			"TYPE"	"2"
|   12344|DEBUG|2018/03/16|19:40| 			"V_DESC"	""
|   12344|DEBUG|2018/03/16|19:40| 			"V_USRNAME"	"LIE_145"
|   12344|DEBUG|2018/03/16|19:40| 			"LTYPE"	"0"
|   12344|DEBUG|2018/03/16|19:40| 			"XYWH"	"540 2990 10 40"
|   12344|DEBUG|2018/03/16|19:40| 			"DS_DELAY"	""
|   12344|DEBUG|2018/03/16|19:40| 			"F_KILL"	""
|   12344|DEBUG|2018/03/16|19:40| 			"F_LPOS"	""
|   12344|DEBUG|2018/03/16|19:40| 			"URL_DOC"	""
|   12344|DEBUG|2018/03/16|19:40| 		}
|   12344|DEBUG|2018/03/16|19:40| 		ELEM {
|   12344|DEBUG|2018/03/16|19:40| 			NB_PROP	"15"
|   12344|DEBUG|2018/03/16|19:40| 			"TO"	"JO0000000254"
|   12344|DEBUG|2018/03/16|19:40| 			"FROM"	"JO0000000227"
|   12344|DEBUG|2018/03/16|19:40| 			"v_groupexec"	""
|   12344|DEBUG|2018/03/16|19:40| 			"ID"	"LN0000000093"
|   12344|DEBUG|2018/03/16|19:40| 			"ID_ENV"	"EB0000000008"
|   12344|DEBUG|2018/03/16|19:40| 			"ID_APP"	""
|   12344|DEBUG|2018/03/16|19:40| 			"TYPE"	"2"
|   12344|DEBUG|2018/03/16|19:40| 			"V_DESC"	""
|   12344|DEBUG|2018/03/16|19:40| 			"V_USRNAME"	"LIE_145_C0_X1"
|   12344|DEBUG|2018/03/16|19:40| 			"LTYPE"	"0"
|   12344|DEBUG|2018/03/16|19:40| 			"XYWH"	"540 2990 10 40"
|   12344|DEBUG|2018/03/16|19:40| 			"DS_DELAY"	""
|   12344|DEBUG|2018/03/16|19:40| 			"F_KILL"	""
|   12344|DEBUG|2018/03/16|19:40| 			"F_LPOS"	""
|   12344|DEBUG|2018/03/16|19:40| 			"URL_DOC"	""
|   12344|DEBUG|2018/03/16|19:40| 		}
|   12344|DEBUG|2018/03/16|19:40| 		ELEM {
|   12345|DEBUG|2018/03/16|19:40| 			NB_PROP	"15"
|   12345|DEBUG|2018/03/16|19:40| 			"TO"	"JO0000000137"
|   12345|DEBUG|2018/03/16|19:40| 			"FROM"	"JO0000000257"
|   12345|DEBUG|2018/03/16|19:40| 			"v_groupexec"	""
|   12345|DEBUG|2018/03/16|19:40| 			"ID"	"LN0000000094"
|   12345|DEBUG|2018/03/16|19:40| 			"ID_ENV"	"EB0000000008"
|   12345|DEBUG|2018/03/16|19:40| 			"ID_APP"	""
|   12345|DEBUG|2018/03/16|19:40| 			"TYPE"	"2"
|   12345|DEBUG|2018/03/16|19:40| 			"V_DESC"	""
|   12345|DEBUG|2018/03/16|19:40| 			"V_USRNAME"	"LIE_146"
|   12345|DEBUG|2018/03/16|19:40| 			"LTYPE"	"0"
|   12345|DEBUG|2018/03/16|19:40| 			"XYWH"	"540 3060 10 40"
|   12345|DEBUG|2018/03/16|19:40| 			"DS_DELAY"	""
|   12345|DEBUG|2018/03/16|19:40| 			"F_KILL"	""
|   12345|DEBUG|2018/03/16|19:40| 			"F_LPOS"	""
|   12345|DEBUG|2018/03/16|19:40| 			"URL_DOC"	""
|   12345|DEBUG|2018/03/16|19:40| 		}
|   12345|DEBUG|2018/03/16|19:40| 		ELEM {
|   12345|DEBUG|2018/03/16|19:40| 			NB_PROP	"15"
|   12345|DEBUG|2018/03/16|19:40| 			"TO"	"JO0000000128"
|   12345|DEBUG|2018/03/16|19:40| 			"FROM"	"JO0000000254"
|   12345|DEBUG|2018/03/16|19:40| 			"v_groupexec"	""
|   12345|DEBUG|2018/03/16|19:40| 			"ID"	"LN0000000095"
|   12345|DEBUG|2018/03/16|19:40| 			"ID_ENV"	"EB0000000008"
|   12345|DEBUG|2018/03/16|19:40| 			"ID_APP"	""
|   12345|DEBUG|2018/03/16|19:40| 			"TYPE"	"2"
|   12345|DEBUG|2018/03/16|19:40| 			"V_DESC"	""
|   12345|DEBUG|2018/03/16|19:40| 			"V_USRNAME"	"LIE_146_C0_X1"
|   12345|DEBUG|2018/03/16|19:40| 			"LTYPE"	"0"
|   12345|DEBUG|2018/03/16|19:40| 			"XYWH"	"540 3060 10 40"
|   12345|DEBUG|2018/03/16|19:40| 			"DS_DELAY"	""
|   12345|DEBUG|2018/03/16|19:40| 			"F_KILL"	""
|   12345|DEBUG|2018/03/16|19:40| 			"F_LPOS"	""
|   12345|DEBUG|2018/03/16|19:40| 			"URL_DOC"	""
|   12345|DEBUG|2018/03/16|19:40| 		}
|   12345|DEBUG|2018/03/16|19:40| 		ELEM {
|   12345|DEBUG|2018/03/16|19:40| 			NB_PROP	"15"
|   12345|DEBUG|2018/03/16|19:40| 			"TO"	"JO0000000338"
|   12345|DEBUG|2018/03/16|19:40| 			"FROM"	"JO0000000308"
|   12345|DEBUG|2018/03/16|19:40| 			"v_groupexec"	""
|   12345|DEBUG|2018/03/16|19:40| 			"ID"	"LN0000000096"
|   12345|DEBUG|2018/03/16|19:40| 			"ID_ENV"	"EB0000000008"
|   12345|DEBUG|2018/03/16|19:40| 			"ID_APP"	""
|   12345|DEBUG|2018/03/16|19:40| 			"TYPE"	"2"
|   12345|DEBUG|2018/03/16|19:40| 			"V_DESC"	""
|   12345|DEBUG|2018/03/16|19:40| 			"V_USRNAME"	"LIE_147"
|   12345|DEBUG|2018/03/16|19:40| 			"LTYPE"	"0"
|   12345|DEBUG|2018/03/16|19:40| 			"XYWH"	"170 2430 70 10"
|   12345|DEBUG|2018/03/16|19:40| 			"DS_DELAY"	""
|   12345|DEBUG|2018/03/16|19:40| 			"F_KILL"	""
|   12345|DEBUG|2018/03/16|19:40| 			"F_LPOS"	""
|   12345|DEBUG|2018/03/16|19:40| 			"URL_DOC"	""
|   12345|DEBUG|2018/03/16|19:40| 		}
|   12345|DEBUG|2018/03/16|19:40| 		ELEM {
|   12345|DEBUG|2018/03/16|19:40| 			NB_PROP	"15"
|   12345|DEBUG|2018/03/16|19:40| 			"TO"	"JO0000000293"
|   12345|DEBUG|2018/03/16|19:40| 			"FROM"	"JO0000000353"
|   12345|DEBUG|2018/03/16|19:40| 			"v_groupexec"	""
|   12345|DEBUG|2018/03/16|19:40| 			"ID"	"LN0000000097"
|   12345|DEBUG|2018/03/16|19:40| 			"ID_ENV"	"EB0000000008"
|   12345|DEBUG|2018/03/16|19:40| 			"ID_APP"	""
|   12345|DEBUG|2018/03/16|19:40| 			"TYPE"	"2"
|   12345|DEBUG|2018/03/16|19:40| 			"V_DESC"	""
|   12345|DEBUG|2018/03/16|19:40| 			"V_USRNAME"	"LIE_149"
|   12345|DEBUG|2018/03/16|19:40| 			"LTYPE"	"0"
|   12345|DEBUG|2018/03/16|19:40| 			"XYWH"	"280 240 240 1840"
|   12345|DEBUG|2018/03/16|19:40| 			"DS_DELAY"	""
|   12345|DEBUG|2018/03/16|19:40| 			"F_KILL"	""
|   12345|DEBUG|2018/03/16|19:40| 			"F_LPOS"	""
|   12345|DEBUG|2018/03/16|19:40| 			"URL_DOC"	""
|   12345|DEBUG|2018/03/16|19:40| 		}
|   12345|DEBUG|2018/03/16|19:40| 		ELEM {
|   12345|DEBUG|2018/03/16|19:40| 			NB_PROP	"15"
|   12345|DEBUG|2018/03/16|19:40| 			"TO"	"JO0000000294"
|   12345|DEBUG|2018/03/16|19:40| 			"FROM"	"JO0000000322"
|   12345|DEBUG|2018/03/16|19:40| 			"v_groupexec"	""
|   12345|DEBUG|2018/03/16|19:40| 			"ID"	"LN0000000098"
|   12345|DEBUG|2018/03/16|19:40| 			"ID_ENV"	"EB0000000008"
|   12345|DEBUG|2018/03/16|19:40| 			"ID_APP"	""
|   12345|DEBUG|2018/03/16|19:40| 			"TYPE"	"2"
|   12345|DEBUG|2018/03/16|19:40| 			"V_DESC"	""
|   12345|DEBUG|2018/03/16|19:40| 			"V_USRNAME"	"LIE_15"
|   12345|DEBUG|2018/03/16|19:40| 			"LTYPE"	"0"
|   12345|DEBUG|2018/03/16|19:40| 			"XYWH"	"360 2170 210 10"
|   12345|DEBUG|2018/03/16|19:40| 			"DS_DELAY"	""
|   12345|DEBUG|2018/03/16|19:40| 			"F_KILL"	""
|   12345|DEBUG|2018/03/16|19:40| 			"F_LPOS"	""
|   12345|DEBUG|2018/03/16|19:40| 			"URL_DOC"	""
|   12345|DEBUG|2018/03/16|19:40| 		}
|   12345|DEBUG|2018/03/16|19:40| 		ELEM {
|   12345|DEBUG|2018/03/16|19:40| 			NB_PROP	"15"
|   12345|DEBUG|2018/03/16|19:40| 			"TO"	"JO0000000176"
|   12345|DEBUG|2018/03/16|19:40| 			"FROM"	"NW0000000001"
|   12345|DEBUG|2018/03/16|19:40| 			"v_groupexec"	""
|   12345|DEBUG|2018/03/16|19:40| 			"ID"	"LN0000000099"
|   12345|DEBUG|2018/03/16|19:40| 			"ID_ENV"	"EB0000000008"
|   12345|DEBUG|2018/03/16|19:40| 			"ID_APP"	""
|   12345|DEBUG|2018/03/16|19:40| 			"TYPE"	"2"
|   12345|DEBUG|2018/03/16|19:40| 			"V_DESC"	""
|   12345|DEBUG|2018/03/16|19:40| 			"V_USRNAME"	"LIE_152"
|   12345|DEBUG|2018/03/16|19:40| 			"LTYPE"	"-1"
|   12345|DEBUG|2018/03/16|19:40| 			"XYWH"	"-190 -790 10 40"
|   12345|DEBUG|2018/03/16|19:40| 			"DS_DELAY"	""
|   12345|DEBUG|2018/03/16|19:40| 			"F_KILL"	""
|   12345|DEBUG|2018/03/16|19:40| 			"F_LPOS"	""
|   12345|DEBUG|2018/03/16|19:40| 			"URL_DOC"	""
|   12345|DEBUG|2018/03/16|19:40| 		}
|   12345|DEBUG|2018/03/16|19:40| 		ELEM {
|   12345|DEBUG|2018/03/16|19:40| 			NB_PROP	"15"
|   12345|DEBUG|2018/03/16|19:40| 			"TO"	"JO0000000253"
|   12345|DEBUG|2018/03/16|19:40| 			"FROM"	"JO0000000226"
|   12345|DEBUG|2018/03/16|19:40| 			"v_groupexec"	""
|   12345|DEBUG|2018/03/16|19:40| 			"ID"	"LN0000000100"
|   12345|DEBUG|2018/03/16|19:40| 			"ID_ENV"	"EB0000000008"
|   12345|DEBUG|2018/03/16|19:40| 			"ID_APP"	""
|   12345|DEBUG|2018/03/16|19:40| 			"TYPE"	"2"
|   12345|DEBUG|2018/03/16|19:40| 			"V_DESC"	""
|   12345|DEBUG|2018/03/16|19:40| 			"V_USRNAME"	"LIE_153"
|   12345|DEBUG|2018/03/16|19:40| 			"LTYPE"	"0"
|   12345|DEBUG|2018/03/16|19:40| 			"XYWH"	"10 -760 10 30"
|   12345|DEBUG|2018/03/16|19:40| 			"DS_DELAY"	""
|   12345|DEBUG|2018/03/16|19:40| 			"F_KILL"	""
|   12345|DEBUG|2018/03/16|19:40| 			"F_LPOS"	"1"
|   12345|DEBUG|2018/03/16|19:40| 			"URL_DOC"	""
|   12345|DEBUG|2018/03/16|19:40| 		}
|   12345|DEBUG|2018/03/16|19:40| 		ELEM {
|   12345|DEBUG|2018/03/16|19:40| 			NB_PROP	"15"
|   12345|DEBUG|2018/03/16|19:40| 			"TO"	"JO0000000339"
|   12345|DEBUG|2018/03/16|19:40| 			"FROM"	"JO0000000345"
|   12345|DEBUG|2018/03/16|19:40| 			"v_groupexec"	""
|   12345|DEBUG|2018/03/16|19:40| 			"ID"	"LN0000000101"
|   12345|DEBUG|2018/03/16|19:40| 			"ID_ENV"	"EB0000000008"
|   12345|DEBUG|2018/03/16|19:40| 			"ID_APP"	""
|   12345|DEBUG|2018/03/16|19:40| 			"TYPE"	"2"
|   12345|DEBUG|2018/03/16|19:40| 			"V_DESC"	""
|   12345|DEBUG|2018/03/16|19:40| 			"V_USRNAME"	"LIE_155"
|   12345|DEBUG|2018/03/16|19:40| 			"LTYPE"	"1"
|   12345|DEBUG|2018/03/16|19:40| 			"XYWH"	"530 -100 10 30"
|   12345|DEBUG|2018/03/16|19:40| 			"DS_DELAY"	""
|   12345|DEBUG|2018/03/16|19:40| 			"F_KILL"	""
|   12345|DEBUG|2018/03/16|19:40| 			"F_LPOS"	""
|   12345|DEBUG|2018/03/16|19:40| 			"URL_DOC"	""
|   12345|DEBUG|2018/03/16|19:40| 		}
|   12345|DEBUG|2018/03/16|19:40| 		ELEM {
|   12345|DEBUG|2018/03/16|19:40| 			NB_PROP	"15"
|   12345|DEBUG|2018/03/16|19:40| 			"TO"	"JO0000000120"
|   12345|DEBUG|2018/03/16|19:40| 			"FROM"	"JO0000000213"
|   12345|DEBUG|2018/03/16|19:40| 			"v_groupexec"	""
|   12345|DEBUG|2018/03/16|19:40| 			"ID"	"LN0000000102"
|   12345|DEBUG|2018/03/16|19:40| 			"ID_ENV"	"EB0000000008"
|   12345|DEBUG|2018/03/16|19:40| 			"ID_APP"	""
|   12345|DEBUG|2018/03/16|19:40| 			"TYPE"	"2"
|   12345|DEBUG|2018/03/16|19:40| 			"V_DESC"	""
|   12345|DEBUG|2018/03/16|19:40| 			"V_USRNAME"	"LIE_156"
|   12345|DEBUG|2018/03/16|19:40| 			"LTYPE"	"1"
|   12345|DEBUG|2018/03/16|19:40| 			"XYWH"	"460 -210 60 60"
|   12345|DEBUG|2018/03/16|19:40| 			"DS_DELAY"	""
|   12345|DEBUG|2018/03/16|19:40| 			"F_KILL"	""
|   12345|DEBUG|2018/03/16|19:40| 			"F_LPOS"	""
|   12345|DEBUG|2018/03/16|19:40| 			"URL_DOC"	""
|   12345|DEBUG|2018/03/16|19:40| 		}
|   12345|DEBUG|2018/03/16|19:40| 		ELEM {
|   12345|DEBUG|2018/03/16|19:40| 			NB_PROP	"15"
|   12345|DEBUG|2018/03/16|19:40| 			"TO"	"JO0000000339"
|   12345|DEBUG|2018/03/16|19:40| 			"FROM"	"JO0000000120"
|   12345|DEBUG|2018/03/16|19:40| 			"v_groupexec"	""
|   12345|DEBUG|2018/03/16|19:40| 			"ID"	"LN0000000103"
|   12345|DEBUG|2018/03/16|19:40| 			"ID_ENV"	"EB0000000008"
|   12345|DEBUG|2018/03/16|19:40| 			"ID_APP"	""
|   12345|DEBUG|2018/03/16|19:40| 			"TYPE"	"2"
|   12345|DEBUG|2018/03/16|19:40| 			"V_DESC"	""
|   12345|DEBUG|2018/03/16|19:40| 			"V_USRNAME"	"LIE_158"
|   12345|DEBUG|2018/03/16|19:40| 			"LTYPE"	"0"
|   12345|DEBUG|2018/03/16|19:40| 			"XYWH"	"460 -150 60 60"
|   12345|DEBUG|2018/03/16|19:40| 			"DS_DELAY"	""
|   12345|DEBUG|2018/03/16|19:40| 			"F_KILL"	""
|   12345|DEBUG|2018/03/16|19:40| 			"F_LPOS"	""
|   12345|DEBUG|2018/03/16|19:40| 			"URL_DOC"	""
|   12345|DEBUG|2018/03/16|19:40| 		}
|   12345|DEBUG|2018/03/16|19:40| 		ELEM {
|   12345|DEBUG|2018/03/16|19:40| 			NB_PROP	"15"
|   12345|DEBUG|2018/03/16|19:40| 			"TO"	"JO0000000391"
|   12345|DEBUG|2018/03/16|19:40| 			"FROM"	"JO0000000140"
|   12345|DEBUG|2018/03/16|19:40| 			"v_groupexec"	""
|   12345|DEBUG|2018/03/16|19:40| 			"ID"	"LN0000000104"
|   12345|DEBUG|2018/03/16|19:40| 			"ID_ENV"	"EB0000000008"
|   12345|DEBUG|2018/03/16|19:40| 			"ID_APP"	""
|   12345|DEBUG|2018/03/16|19:40| 			"TYPE"	"2"
|   12345|DEBUG|2018/03/16|19:40| 			"V_DESC"	""
|   12345|DEBUG|2018/03/16|19:40| 			"V_USRNAME"	"LIE_159"
|   12345|DEBUG|2018/03/16|19:40| 			"LTYPE"	"0"
|   12345|DEBUG|2018/03/16|19:40| 			"XYWH"	"1170 -610 60 10"
|   12345|DEBUG|2018/03/16|19:40| 			"DS_DELAY"	""
|   12345|DEBUG|2018/03/16|19:40| 			"F_KILL"	""
|   12345|DEBUG|2018/03/16|19:40| 			"F_LPOS"	""
|   12345|DEBUG|2018/03/16|19:40| 			"URL_DOC"	""
|   12345|DEBUG|2018/03/16|19:40| 		}
|   12345|DEBUG|2018/03/16|19:40| 		ELEM {
|   12345|DEBUG|2018/03/16|19:40| 			NB_PROP	"15"
|   12345|DEBUG|2018/03/16|19:40| 			"TO"	"JO0000000296"
|   12345|DEBUG|2018/03/16|19:40| 			"FROM"	"JO0000000317"
|   12345|DEBUG|2018/03/16|19:40| 			"v_groupexec"	""
|   12345|DEBUG|2018/03/16|19:40| 			"ID"	"LN0000000105"
|   12345|DEBUG|2018/03/16|19:40| 			"ID_ENV"	"EB0000000008"
|   12345|DEBUG|2018/03/16|19:40| 			"ID_APP"	""
|   12345|DEBUG|2018/03/16|19:40| 			"TYPE"	"2"
|   12345|DEBUG|2018/03/16|19:40| 			"V_DESC"	""
|   12345|DEBUG|2018/03/16|19:40| 			"V_USRNAME"	"LIE_15_X1"
|   12345|DEBUG|2018/03/16|19:40| 			"LTYPE"	"0"
|   12345|DEBUG|2018/03/16|19:40| 			"XYWH"	"280 -580 100 70"
|   12345|DEBUG|2018/03/16|19:40| 			"DS_DELAY"	""
|   12345|DEBUG|2018/03/16|19:40| 			"F_KILL"	""
|   12345|DEBUG|2018/03/16|19:40| 			"F_LPOS"	""
|   12345|DEBUG|2018/03/16|19:40| 			"URL_DOC"	""
|   12345|DEBUG|2018/03/16|19:40| 		}
|   12345|DEBUG|2018/03/16|19:40| 		ELEM {
|   12345|DEBUG|2018/03/16|19:40| 			NB_PROP	"15"
|   12345|DEBUG|2018/03/16|19:40| 			"TO"	"JO0000000138"
|   12345|DEBUG|2018/03/16|19:40| 			"FROM"	"JO0000000258"
|   12345|DEBUG|2018/03/16|19:40| 			"v_groupexec"	""
|   12345|DEBUG|2018/03/16|19:40| 			"ID"	"LN0000000106"
|   12345|DEBUG|2018/03/16|19:40| 			"ID_ENV"	"EB0000000008"
|   12345|DEBUG|2018/03/16|19:40| 			"ID_APP"	""
|   12345|DEBUG|2018/03/16|19:40| 			"TYPE"	"2"
|   12345|DEBUG|2018/03/16|19:40| 			"V_DESC"	""
|   12345|DEBUG|2018/03/16|19:40| 			"V_USRNAME"	"LIE_16"
|   12345|DEBUG|2018/03/16|19:40| 			"LTYPE"	"0"
|   12345|DEBUG|2018/03/16|19:40| 			"XYWH"	"690 -610 70 10"
|   12345|DEBUG|2018/03/16|19:40| 			"DS_DELAY"	""
|   12345|DEBUG|2018/03/16|19:40| 			"F_KILL"	""
|   12346|DEBUG|2018/03/16|19:40| 			"F_LPOS"	""
|   12346|DEBUG|2018/03/16|19:40| 			"URL_DOC"	""
|   12346|DEBUG|2018/03/16|19:40| 		}
|   12346|DEBUG|2018/03/16|19:40| 		ELEM {
|   12346|DEBUG|2018/03/16|19:40| 			NB_PROP	"15"
|   12346|DEBUG|2018/03/16|19:40| 			"TO"	"JO0000000259"
|   12346|DEBUG|2018/03/16|19:40| 			"FROM"	"JO0000000113"
|   12346|DEBUG|2018/03/16|19:40| 			"v_groupexec"	""
|   12346|DEBUG|2018/03/16|19:40| 			"ID"	"LN0000000107"
|   12346|DEBUG|2018/03/16|19:40| 			"ID_ENV"	"EB0000000008"
|   12346|DEBUG|2018/03/16|19:40| 			"ID_APP"	""
|   12346|DEBUG|2018/03/16|19:40| 			"TYPE"	"2"
|   12346|DEBUG|2018/03/16|19:40| 			"V_DESC"	""
|   12346|DEBUG|2018/03/16|19:40| 			"V_USRNAME"	"LIE_160"
|   12346|DEBUG|2018/03/16|19:40| 			"LTYPE"	"0"
|   12346|DEBUG|2018/03/16|19:40| 			"XYWH"	"770 -500 10 40"
|   12346|DEBUG|2018/03/16|19:40| 			"DS_DELAY"	""
|   12346|DEBUG|2018/03/16|19:40| 			"F_KILL"	""
|   12346|DEBUG|2018/03/16|19:40| 			"F_LPOS"	""
|   12346|DEBUG|2018/03/16|19:40| 			"URL_DOC"	""
|   12346|DEBUG|2018/03/16|19:40| 		}
|   12346|DEBUG|2018/03/16|19:40| 		ELEM {
|   12346|DEBUG|2018/03/16|19:40| 			NB_PROP	"15"
|   12346|DEBUG|2018/03/16|19:40| 			"TO"	"JO0000000101"
|   12346|DEBUG|2018/03/16|19:40| 			"FROM"	"JO0000000249"
|   12346|DEBUG|2018/03/16|19:40| 			"v_groupexec"	""
|   12346|DEBUG|2018/03/16|19:40| 			"ID"	"LN0000000108"
|   12346|DEBUG|2018/03/16|19:40| 			"ID_ENV"	"EB0000000008"
|   12346|DEBUG|2018/03/16|19:40| 			"ID_APP"	""
|   12346|DEBUG|2018/03/16|19:40| 			"TYPE"	"2"
|   12346|DEBUG|2018/03/16|19:40| 			"V_DESC"	""
|   12346|DEBUG|2018/03/16|19:40| 			"V_USRNAME"	"LIE_161"
|   12346|DEBUG|2018/03/16|19:40| 			"LTYPE"	"0"
|   12346|DEBUG|2018/03/16|19:40| 			"XYWH"	"140 -470 70 70"
|   12346|DEBUG|2018/03/16|19:40| 			"DS_DELAY"	""
|   12346|DEBUG|2018/03/16|19:40| 			"F_KILL"	""
|   12346|DEBUG|2018/03/16|19:40| 			"F_LPOS"	""
|   12346|DEBUG|2018/03/16|19:40| 			"URL_DOC"	""
|   12346|DEBUG|2018/03/16|19:40| 		}
|   12346|DEBUG|2018/03/16|19:40| 		ELEM {
|   12346|DEBUG|2018/03/16|19:40| 			NB_PROP	"15"
|   12346|DEBUG|2018/03/16|19:40| 			"TO"	"JO0000000312"
|   12346|DEBUG|2018/03/16|19:40| 			"FROM"	"JO0000000294"
|   12346|DEBUG|2018/03/16|19:40| 			"v_groupexec"	""
|   12346|DEBUG|2018/03/16|19:40| 			"ID"	"LN0000000109"
|   12346|DEBUG|2018/03/16|19:40| 			"ID_ENV"	"EB0000000008"
|   12346|DEBUG|2018/03/16|19:40| 			"ID_APP"	""
|   12346|DEBUG|2018/03/16|19:40| 			"TYPE"	"2"
|   12346|DEBUG|2018/03/16|19:40| 			"V_DESC"	""
|   12346|DEBUG|2018/03/16|19:40| 			"V_USRNAME"	"LIE_162"
|   12346|DEBUG|2018/03/16|19:40| 			"LTYPE"	"0"
|   12346|DEBUG|2018/03/16|19:40| 			"XYWH"	"480 2040 30 200"
|   12346|DEBUG|2018/03/16|19:40| 			"DS_DELAY"	""
|   12346|DEBUG|2018/03/16|19:40| 			"F_KILL"	""
|   12346|DEBUG|2018/03/16|19:40| 			"F_LPOS"	""
|   12346|DEBUG|2018/03/16|19:40| 			"URL_DOC"	""
|   12346|DEBUG|2018/03/16|19:40| 		}
|   12346|DEBUG|2018/03/16|19:40| 		ELEM {
|   12346|DEBUG|2018/03/16|19:40| 			NB_PROP	"15"
|   12346|DEBUG|2018/03/16|19:40| 			"TO"	"JO0000000353"
|   12346|DEBUG|2018/03/16|19:40| 			"FROM"	"JO0000000343"
|   12346|DEBUG|2018/03/16|19:40| 			"v_groupexec"	""
|   12346|DEBUG|2018/03/16|19:40| 			"ID"	"LN0000000110"
|   12346|DEBUG|2018/03/16|19:40| 			"ID_ENV"	"EB0000000008"
|   12346|DEBUG|2018/03/16|19:40| 			"ID_APP"	""
|   12346|DEBUG|2018/03/16|19:40| 			"TYPE"	"2"
|   12346|DEBUG|2018/03/16|19:40| 			"V_DESC"	""
|   12346|DEBUG|2018/03/16|19:40| 			"V_USRNAME"	"LIE_163"
|   12346|DEBUG|2018/03/16|19:40| 			"LTYPE"	"0"
|   12346|DEBUG|2018/03/16|19:40| 			"XYWH"	"550 -40 310 280"
|   12346|DEBUG|2018/03/16|19:40| 			"DS_DELAY"	""
|   12346|DEBUG|2018/03/16|19:40| 			"F_KILL"	""
|   12346|DEBUG|2018/03/16|19:40| 			"F_LPOS"	""
|   12346|DEBUG|2018/03/16|19:40| 			"URL_DOC"	""
|   12346|DEBUG|2018/03/16|19:40| 		}
|   12346|DEBUG|2018/03/16|19:40| 		ELEM {
|   12346|DEBUG|2018/03/16|19:40| 			NB_PROP	"15"
|   12346|DEBUG|2018/03/16|19:40| 			"TO"	"JO0000000146"
|   12346|DEBUG|2018/03/16|19:40| 			"FROM"	"JO0000000191"
|   12346|DEBUG|2018/03/16|19:40| 			"v_groupexec"	""
|   12346|DEBUG|2018/03/16|19:40| 			"ID"	"LN0000000111"
|   12346|DEBUG|2018/03/16|19:40| 			"ID_ENV"	"EB0000000008"
|   12346|DEBUG|2018/03/16|19:40| 			"ID_APP"	""
|   12346|DEBUG|2018/03/16|19:40| 			"TYPE"	"2"
|   12346|DEBUG|2018/03/16|19:40| 			"V_DESC"	""
|   12346|DEBUG|2018/03/16|19:40| 			"V_USRNAME"	"LIE_164"
|   12346|DEBUG|2018/03/16|19:40| 			"LTYPE"	"0"
|   12346|DEBUG|2018/03/16|19:40| 			"XYWH"	"340 2610 10 70"
|   12346|DEBUG|2018/03/16|19:40| 			"DS_DELAY"	""
|   12346|DEBUG|2018/03/16|19:40| 			"F_KILL"	""
|   12346|DEBUG|2018/03/16|19:40| 			"F_LPOS"	""
|   12346|DEBUG|2018/03/16|19:40| 			"URL_DOC"	""
|   12346|DEBUG|2018/03/16|19:40| 		}
|   12346|DEBUG|2018/03/16|19:40| 		ELEM {
|   12346|DEBUG|2018/03/16|19:40| 			NB_PROP	"15"
|   12346|DEBUG|2018/03/16|19:40| 			"TO"	"JO0000000145"
|   12346|DEBUG|2018/03/16|19:40| 			"FROM"	"JO0000000381"
|   12346|DEBUG|2018/03/16|19:40| 			"v_groupexec"	""
|   12346|DEBUG|2018/03/16|19:40| 			"ID"	"LN0000000112"
|   12346|DEBUG|2018/03/16|19:40| 			"ID_ENV"	"EB0000000008"
|   12346|DEBUG|2018/03/16|19:40| 			"ID_APP"	""
|   12346|DEBUG|2018/03/16|19:40| 			"TYPE"	"2"
|   12346|DEBUG|2018/03/16|19:40| 			"V_DESC"	""
|   12346|DEBUG|2018/03/16|19:40| 			"V_USRNAME"	"LIE_165"
|   12346|DEBUG|2018/03/16|19:40| 			"LTYPE"	"0"
|   12346|DEBUG|2018/03/16|19:40| 			"XYWH"	"-90 970 80 10"
|   12346|DEBUG|2018/03/16|19:40| 			"DS_DELAY"	""
|   12346|DEBUG|2018/03/16|19:40| 			"F_KILL"	""
|   12346|DEBUG|2018/03/16|19:40| 			"F_LPOS"	""
|   12346|DEBUG|2018/03/16|19:40| 			"URL_DOC"	""
|   12346|DEBUG|2018/03/16|19:40| 		}
|   12346|DEBUG|2018/03/16|19:40| 		ELEM {
|   12346|DEBUG|2018/03/16|19:40| 			NB_PROP	"15"
|   12346|DEBUG|2018/03/16|19:40| 			"TO"	"JO0000000155"
|   12346|DEBUG|2018/03/16|19:40| 			"FROM"	"JO0000000207"
|   12346|DEBUG|2018/03/16|19:40| 			"v_groupexec"	""
|   12346|DEBUG|2018/03/16|19:40| 			"ID"	"LN0000000113"
|   12346|DEBUG|2018/03/16|19:40| 			"ID_ENV"	"EB0000000008"
|   12346|DEBUG|2018/03/16|19:40| 			"ID_APP"	""
|   12346|DEBUG|2018/03/16|19:40| 			"TYPE"	"2"
|   12346|DEBUG|2018/03/16|19:40| 			"V_DESC"	""
|   12346|DEBUG|2018/03/16|19:40| 			"V_USRNAME"	"LIE_166_X1"
|   12346|DEBUG|2018/03/16|19:40| 			"LTYPE"	"0"
|   12346|DEBUG|2018/03/16|19:40| 			"XYWH"	"650 1420 80 10"
|   12346|DEBUG|2018/03/16|19:40| 			"DS_DELAY"	""
|   12346|DEBUG|2018/03/16|19:40| 			"F_KILL"	""
|   12346|DEBUG|2018/03/16|19:40| 			"F_LPOS"	"1"
|   12346|DEBUG|2018/03/16|19:40| 			"URL_DOC"	""
|   12346|DEBUG|2018/03/16|19:40| 		}
|   12346|DEBUG|2018/03/16|19:40| 		ELEM {
|   12346|DEBUG|2018/03/16|19:40| 			NB_PROP	"15"
|   12346|DEBUG|2018/03/16|19:40| 			"TO"	"JO0000000382"
|   12346|DEBUG|2018/03/16|19:40| 			"FROM"	"JO0000000331"
|   12346|DEBUG|2018/03/16|19:40| 			"v_groupexec"	""
|   12346|DEBUG|2018/03/16|19:40| 			"ID"	"LN0000000114"
|   12346|DEBUG|2018/03/16|19:40| 			"ID_ENV"	"EB0000000008"
|   12346|DEBUG|2018/03/16|19:40| 			"ID_APP"	""
|   12346|DEBUG|2018/03/16|19:40| 			"TYPE"	"2"
|   12346|DEBUG|2018/03/16|19:40| 			"V_DESC"	""
|   12346|DEBUG|2018/03/16|19:40| 			"V_USRNAME"	"LIE_167"
|   12346|DEBUG|2018/03/16|19:40| 			"LTYPE"	"0"
|   12346|DEBUG|2018/03/16|19:40| 			"XYWH"	"60 2900 110 10"
|   12346|DEBUG|2018/03/16|19:40| 			"DS_DELAY"	""
|   12346|DEBUG|2018/03/16|19:40| 			"F_KILL"	""
|   12346|DEBUG|2018/03/16|19:40| 			"F_LPOS"	""
|   12346|DEBUG|2018/03/16|19:40| 			"URL_DOC"	""
|   12346|DEBUG|2018/03/16|19:40| 		}
|   12346|DEBUG|2018/03/16|19:40| 		ELEM {
|   12346|DEBUG|2018/03/16|19:40| 			NB_PROP	"15"
|   12346|DEBUG|2018/03/16|19:40| 			"TO"	"JO0000000151"
|   12346|DEBUG|2018/03/16|19:40| 			"FROM"	"JO0000000182"
|   12346|DEBUG|2018/03/16|19:40| 			"v_groupexec"	""
|   12346|DEBUG|2018/03/16|19:40| 			"ID"	"LN0000000115"
|   12346|DEBUG|2018/03/16|19:40| 			"ID_ENV"	"EB0000000008"
|   12346|DEBUG|2018/03/16|19:40| 			"ID_APP"	""
|   12346|DEBUG|2018/03/16|19:40| 			"TYPE"	"2"
|   12346|DEBUG|2018/03/16|19:40| 			"V_DESC"	""
|   12346|DEBUG|2018/03/16|19:40| 			"V_USRNAME"	"LIE_168"
|   12346|DEBUG|2018/03/16|19:40| 			"LTYPE"	"0"
|   12346|DEBUG|2018/03/16|19:40| 			"XYWH"	"-150 -820 10 50"
|   12346|DEBUG|2018/03/16|19:40| 			"DS_DELAY"	""
|   12346|DEBUG|2018/03/16|19:40| 			"F_KILL"	""
|   12346|DEBUG|2018/03/16|19:40| 			"F_LPOS"	""
|   12346|DEBUG|2018/03/16|19:40| 			"URL_DOC"	""
|   12346|DEBUG|2018/03/16|19:40| 		}
|   12346|DEBUG|2018/03/16|19:40| 		ELEM {
|   12346|DEBUG|2018/03/16|19:40| 			NB_PROP	"15"
|   12346|DEBUG|2018/03/16|19:40| 			"TO"	"JO0000000150"
|   12346|DEBUG|2018/03/16|19:40| 			"FROM"	"JO0000000179"
|   12346|DEBUG|2018/03/16|19:40| 			"v_groupexec"	""
|   12346|DEBUG|2018/03/16|19:40| 			"ID"	"LN0000000116"
|   12346|DEBUG|2018/03/16|19:40| 			"ID_ENV"	"EB0000000008"
|   12346|DEBUG|2018/03/16|19:40| 			"ID_APP"	""
|   12346|DEBUG|2018/03/16|19:40| 			"TYPE"	"2"
|   12346|DEBUG|2018/03/16|19:40| 			"V_DESC"	""
|   12346|DEBUG|2018/03/16|19:40| 			"V_USRNAME"	"LIE_169"
|   12346|DEBUG|2018/03/16|19:40| 			"LTYPE"	"0"
|   12346|DEBUG|2018/03/16|19:40| 			"XYWH"	"0 -820 10 50"
|   12346|DEBUG|2018/03/16|19:40| 			"DS_DELAY"	""
|   12346|DEBUG|2018/03/16|19:40| 			"F_KILL"	""
|   12346|DEBUG|2018/03/16|19:40| 			"F_LPOS"	""
|   12346|DEBUG|2018/03/16|19:40| 			"URL_DOC"	""
|   12346|DEBUG|2018/03/16|19:40| 		}
|   12346|DEBUG|2018/03/16|19:40| 		ELEM {
|   12346|DEBUG|2018/03/16|19:40| 			NB_PROP	"15"
|   12346|DEBUG|2018/03/16|19:40| 			"TO"	"JO0000000196"
|   12346|DEBUG|2018/03/16|19:40| 			"FROM"	"JO0000000332"
|   12346|DEBUG|2018/03/16|19:40| 			"v_groupexec"	""
|   12346|DEBUG|2018/03/16|19:40| 			"ID"	"LN0000000117"
|   12346|DEBUG|2018/03/16|19:40| 			"ID_ENV"	"EB0000000008"
|   12346|DEBUG|2018/03/16|19:40| 			"ID_APP"	""
|   12346|DEBUG|2018/03/16|19:40| 			"TYPE"	"2"
|   12346|DEBUG|2018/03/16|19:40| 			"V_DESC"	""
|   12346|DEBUG|2018/03/16|19:40| 			"V_USRNAME"	"LIE_16_X1"
|   12346|DEBUG|2018/03/16|19:40| 			"LTYPE"	"0"
|   12346|DEBUG|2018/03/16|19:40| 			"XYWH"	"1140 1810 20 50"
|   12346|DEBUG|2018/03/16|19:40| 			"DS_DELAY"	""
|   12346|DEBUG|2018/03/16|19:40| 			"F_KILL"	""
|   12346|DEBUG|2018/03/16|19:40| 			"F_LPOS"	""
|   12346|DEBUG|2018/03/16|19:40| 			"URL_DOC"	""
|   12346|DEBUG|2018/03/16|19:40| 		}
|   12346|DEBUG|2018/03/16|19:40| 		ELEM {
|   12346|DEBUG|2018/03/16|19:40| 			NB_PROP	"15"
|   12346|DEBUG|2018/03/16|19:40| 			"TO"	"JO0000000390"
|   12346|DEBUG|2018/03/16|19:40| 			"FROM"	"JO0000000213"
|   12346|DEBUG|2018/03/16|19:40| 			"v_groupexec"	""
|   12346|DEBUG|2018/03/16|19:40| 			"ID"	"LN0000000118"
|   12346|DEBUG|2018/03/16|19:40| 			"ID_ENV"	"EB0000000008"
|   12346|DEBUG|2018/03/16|19:40| 			"ID_APP"	""
|   12346|DEBUG|2018/03/16|19:40| 			"TYPE"	"2"
|   12346|DEBUG|2018/03/16|19:40| 			"V_DESC"	""
|   12346|DEBUG|2018/03/16|19:40| 			"V_USRNAME"	"LIE_17"
|   12346|DEBUG|2018/03/16|19:40| 			"LTYPE"	"0"
|   12346|DEBUG|2018/03/16|19:40| 			"XYWH"	"550 -210 90 10"
|   12346|DEBUG|2018/03/16|19:40| 			"DS_DELAY"	""
|   12346|DEBUG|2018/03/16|19:40| 			"F_KILL"	""
|   12346|DEBUG|2018/03/16|19:40| 			"F_LPOS"	""
|   12346|DEBUG|2018/03/16|19:40| 			"URL_DOC"	""
|   12346|DEBUG|2018/03/16|19:40| 		}
|   12346|DEBUG|2018/03/16|19:40| 		ELEM {
|   12346|DEBUG|2018/03/16|19:40| 			NB_PROP	"15"
|   12346|DEBUG|2018/03/16|19:40| 			"TO"	"JO0000000100"
|   12346|DEBUG|2018/03/16|19:40| 			"FROM"	"JO0000000247"
|   12346|DEBUG|2018/03/16|19:40| 			"v_groupexec"	""
|   12346|DEBUG|2018/03/16|19:40| 			"ID"	"LN0000000119"
|   12346|DEBUG|2018/03/16|19:40| 			"ID_ENV"	"EB0000000008"
|   12346|DEBUG|2018/03/16|19:40| 			"ID_APP"	""
|   12346|DEBUG|2018/03/16|19:40| 			"TYPE"	"2"
|   12346|DEBUG|2018/03/16|19:40| 			"V_DESC"	""
|   12346|DEBUG|2018/03/16|19:40| 			"V_USRNAME"	"LIE_170"
|   12347|DEBUG|2018/03/16|19:40| 			"LTYPE"	"0"
|   12347|DEBUG|2018/03/16|19:40| 			"XYWH"	"-190 -270 10 100"
|   12347|DEBUG|2018/03/16|19:40| 			"DS_DELAY"	""
|   12347|DEBUG|2018/03/16|19:40| 			"F_KILL"	""
|   12347|DEBUG|2018/03/16|19:40| 			"F_LPOS"	""
|   12347|DEBUG|2018/03/16|19:40| 			"URL_DOC"	""
|   12347|DEBUG|2018/03/16|19:40| 		}
|   12347|DEBUG|2018/03/16|19:40| 		ELEM {
|   12347|DEBUG|2018/03/16|19:40| 			NB_PROP	"15"
|   12347|DEBUG|2018/03/16|19:40| 			"TO"	"JO0000000309"
|   12347|DEBUG|2018/03/16|19:40| 			"FROM"	"JO0000000204"
|   12347|DEBUG|2018/03/16|19:40| 			"v_groupexec"	""
|   12347|DEBUG|2018/03/16|19:40| 			"ID"	"LN0000000120"
|   12347|DEBUG|2018/03/16|19:40| 			"ID_ENV"	"EB0000000008"
|   12347|DEBUG|2018/03/16|19:40| 			"ID_APP"	""
|   12347|DEBUG|2018/03/16|19:40| 			"TYPE"	"2"
|   12347|DEBUG|2018/03/16|19:40| 			"V_DESC"	""
|   12347|DEBUG|2018/03/16|19:40| 			"V_USRNAME"	"LIE_18"
|   12347|DEBUG|2018/03/16|19:40| 			"LTYPE"	"0"
|   12347|DEBUG|2018/03/16|19:40| 			"XYWH"	"170 1220 8 40"
|   12347|DEBUG|2018/03/16|19:40| 			"DS_DELAY"	""
|   12347|DEBUG|2018/03/16|19:40| 			"F_KILL"	""
|   12347|DEBUG|2018/03/16|19:40| 			"F_LPOS"	"1"
|   12347|DEBUG|2018/03/16|19:40| 			"URL_DOC"	""
|   12347|DEBUG|2018/03/16|19:40| 		}
|   12347|DEBUG|2018/03/16|19:40| 		ELEM {
|   12347|DEBUG|2018/03/16|19:40| 			NB_PROP	"15"
|   12347|DEBUG|2018/03/16|19:40| 			"TO"	"JO0000000255"
|   12347|DEBUG|2018/03/16|19:40| 			"FROM"	"JO0000000228"
|   12347|DEBUG|2018/03/16|19:40| 			"v_groupexec"	""
|   12347|DEBUG|2018/03/16|19:40| 			"ID"	"LN0000000121"
|   12347|DEBUG|2018/03/16|19:40| 			"ID_ENV"	"EB0000000008"
|   12347|DEBUG|2018/03/16|19:40| 			"ID_APP"	""
|   12347|DEBUG|2018/03/16|19:40| 			"TYPE"	"2"
|   12347|DEBUG|2018/03/16|19:40| 			"V_DESC"	""
|   12347|DEBUG|2018/03/16|19:40| 			"V_USRNAME"	"LIE_185"
|   12347|DEBUG|2018/03/16|19:40| 			"LTYPE"	"0"
|   12347|DEBUG|2018/03/16|19:40| 			"XYWH"	"-150 80 10 30"
|   12347|DEBUG|2018/03/16|19:40| 			"DS_DELAY"	""
|   12347|DEBUG|2018/03/16|19:40| 			"F_KILL"	""
|   12347|DEBUG|2018/03/16|19:40| 			"F_LPOS"	""
|   12347|DEBUG|2018/03/16|19:40| 			"URL_DOC"	""
|   12347|DEBUG|2018/03/16|19:40| 		}
|   12347|DEBUG|2018/03/16|19:40| 		ELEM {
|   12347|DEBUG|2018/03/16|19:40| 			NB_PROP	"15"
|   12347|DEBUG|2018/03/16|19:40| 			"TO"	"JO0000000270"
|   12347|DEBUG|2018/03/16|19:40| 			"FROM"	"JO0000000136"
|   12347|DEBUG|2018/03/16|19:40| 			"v_groupexec"	""
|   12347|DEBUG|2018/03/16|19:40| 			"ID"	"LN0000000122"
|   12347|DEBUG|2018/03/16|19:40| 			"ID_ENV"	"EB0000000008"
|   12347|DEBUG|2018/03/16|19:40| 			"ID_APP"	""
|   12347|DEBUG|2018/03/16|19:40| 			"TYPE"	"2"
|   12347|DEBUG|2018/03/16|19:40| 			"V_DESC"	""
|   12347|DEBUG|2018/03/16|19:40| 			"V_USRNAME"	"LIE_186"
|   12347|DEBUG|2018/03/16|19:40| 			"LTYPE"	"0"
|   12347|DEBUG|2018/03/16|19:40| 			"XYWH"	"-350 -130 10 30"
|   12347|DEBUG|2018/03/16|19:40| 			"DS_DELAY"	""
|   12347|DEBUG|2018/03/16|19:40| 			"F_KILL"	""
|   12347|DEBUG|2018/03/16|19:40| 			"F_LPOS"	""
|   12347|DEBUG|2018/03/16|19:40| 			"URL_DOC"	""
|   12347|DEBUG|2018/03/16|19:40| 		}
|   12347|DEBUG|2018/03/16|19:40| 		ELEM {
|   12347|DEBUG|2018/03/16|19:40| 			NB_PROP	"15"
|   12347|DEBUG|2018/03/16|19:40| 			"TO"	"JO0000000129"
|   12347|DEBUG|2018/03/16|19:40| 			"FROM"	"JO0000000255"
|   12347|DEBUG|2018/03/16|19:40| 			"v_groupexec"	""
|   12347|DEBUG|2018/03/16|19:40| 			"ID"	"LN0000000123"
|   12347|DEBUG|2018/03/16|19:40| 			"ID_ENV"	"EB0000000008"
|   12347|DEBUG|2018/03/16|19:40| 			"ID_APP"	""
|   12347|DEBUG|2018/03/16|19:40| 			"TYPE"	"2"
|   12347|DEBUG|2018/03/16|19:40| 			"V_DESC"	""
|   12347|DEBUG|2018/03/16|19:40| 			"V_USRNAME"	"LIE_187"
|   12347|DEBUG|2018/03/16|19:40| 			"LTYPE"	"0"
|   12347|DEBUG|2018/03/16|19:40| 			"XYWH"	"-150 140 10 40"
|   12347|DEBUG|2018/03/16|19:40| 			"DS_DELAY"	""
|   12347|DEBUG|2018/03/16|19:40| 			"F_KILL"	""
|   12347|DEBUG|2018/03/16|19:40| 			"F_LPOS"	""
|   12347|DEBUG|2018/03/16|19:40| 			"URL_DOC"	""
|   12347|DEBUG|2018/03/16|19:40| 		}
|   12347|DEBUG|2018/03/16|19:40| 		ELEM {
|   12347|DEBUG|2018/03/16|19:40| 			NB_PROP	"15"
|   12347|DEBUG|2018/03/16|19:40| 			"TO"	"JO0000000236"
|   12347|DEBUG|2018/03/16|19:40| 			"FROM"	"JO0000000364"
|   12347|DEBUG|2018/03/16|19:40| 			"v_groupexec"	""
|   12347|DEBUG|2018/03/16|19:40| 			"ID"	"LN0000000124"
|   12347|DEBUG|2018/03/16|19:40| 			"ID_ENV"	"EB0000000008"
|   12347|DEBUG|2018/03/16|19:40| 			"ID_APP"	""
|   12347|DEBUG|2018/03/16|19:40| 			"TYPE"	"2"
|   12347|DEBUG|2018/03/16|19:40| 			"V_DESC"	""
|   12347|DEBUG|2018/03/16|19:40| 			"V_USRNAME"	"LIE_188"
|   12347|DEBUG|2018/03/16|19:40| 			"LTYPE"	"0"
|   12347|DEBUG|2018/03/16|19:40| 			"XYWH"	"620 2040 10 40"
|   12347|DEBUG|2018/03/16|19:40| 			"DS_DELAY"	""
|   12347|DEBUG|2018/03/16|19:40| 			"F_KILL"	""
|   12347|DEBUG|2018/03/16|19:40| 			"F_LPOS"	""
|   12347|DEBUG|2018/03/16|19:40| 			"URL_DOC"	""
|   12347|DEBUG|2018/03/16|19:40| 		}
|   12347|DEBUG|2018/03/16|19:40| 		ELEM {
|   12347|DEBUG|2018/03/16|19:40| 			NB_PROP	"15"
|   12347|DEBUG|2018/03/16|19:40| 			"TO"	"JO0000000345"
|   12347|DEBUG|2018/03/16|19:40| 			"FROM"	"JO0000000213"
|   12347|DEBUG|2018/03/16|19:40| 			"v_groupexec"	""
|   12347|DEBUG|2018/03/16|19:40| 			"ID"	"LN0000000125"
|   12347|DEBUG|2018/03/16|19:40| 			"ID_ENV"	"EB0000000008"
|   12347|DEBUG|2018/03/16|19:40| 			"ID_APP"	""
|   12347|DEBUG|2018/03/16|19:40| 			"TYPE"	"2"
|   12347|DEBUG|2018/03/16|19:40| 			"V_DESC"	""
|   12347|DEBUG|2018/03/16|19:40| 			"V_USRNAME"	"LIE_19"
|   12347|DEBUG|2018/03/16|19:40| 			"LTYPE"	"0"
|   12347|DEBUG|2018/03/16|19:40| 			"XYWH"	"350 -110 10 40"
|   12347|DEBUG|2018/03/16|19:40| 			"DS_DELAY"	""
|   12347|DEBUG|2018/03/16|19:40| 			"F_KILL"	""
|   12347|DEBUG|2018/03/16|19:40| 			"F_LPOS"	""
|   12347|DEBUG|2018/03/16|19:40| 			"URL_DOC"	""
|   12347|DEBUG|2018/03/16|19:40| 		}
|   12347|DEBUG|2018/03/16|19:40| 		ELEM {
|   12347|DEBUG|2018/03/16|19:40| 			NB_PROP	"15"
|   12347|DEBUG|2018/03/16|19:40| 			"TO"	"JO0000000231"
|   12347|DEBUG|2018/03/16|19:40| 			"FROM"	"JO0000000109"
|   12347|DEBUG|2018/03/16|19:40| 			"v_groupexec"	""
|   12347|DEBUG|2018/03/16|19:40| 			"ID"	"LN0000000126"
|   12347|DEBUG|2018/03/16|19:40| 			"ID_ENV"	"EB0000000008"
|   12347|DEBUG|2018/03/16|19:40| 			"ID_APP"	""
|   12347|DEBUG|2018/03/16|19:40| 			"TYPE"	"2"
|   12347|DEBUG|2018/03/16|19:40| 			"V_DESC"	""
|   12347|DEBUG|2018/03/16|19:40| 			"V_USRNAME"	"LIE_190"
|   12347|DEBUG|2018/03/16|19:40| 			"LTYPE"	"0"
|   12347|DEBUG|2018/03/16|19:40| 			"XYWH"	"530 2180 40 70"
|   12347|DEBUG|2018/03/16|19:40| 			"DS_DELAY"	""
|   12347|DEBUG|2018/03/16|19:40| 			"F_KILL"	""
|   12347|DEBUG|2018/03/16|19:40| 			"F_LPOS"	""
|   12347|DEBUG|2018/03/16|19:40| 			"URL_DOC"	""
|   12347|DEBUG|2018/03/16|19:40| 		}
|   12347|DEBUG|2018/03/16|19:40| 		ELEM {
|   12347|DEBUG|2018/03/16|19:40| 			NB_PROP	"15"
|   12347|DEBUG|2018/03/16|19:40| 			"TO"	"JO0000000328"
|   12347|DEBUG|2018/03/16|19:40| 			"FROM"	"JO0000000325"
|   12347|DEBUG|2018/03/16|19:40| 			"v_groupexec"	""
|   12347|DEBUG|2018/03/16|19:40| 			"ID"	"LN0000000127"
|   12347|DEBUG|2018/03/16|19:40| 			"ID_ENV"	"EB0000000008"
|   12347|DEBUG|2018/03/16|19:40| 			"ID_APP"	""
|   12347|DEBUG|2018/03/16|19:40| 			"TYPE"	"2"
|   12347|DEBUG|2018/03/16|19:40| 			"V_DESC"	""
|   12347|DEBUG|2018/03/16|19:40| 			"V_USRNAME"	"LIE_191"
|   12347|DEBUG|2018/03/16|19:40| 			"LTYPE"	"0"
|   12347|DEBUG|2018/03/16|19:40| 			"XYWH"	"1110 1060 10 50"
|   12347|DEBUG|2018/03/16|19:40| 			"DS_DELAY"	""
|   12347|DEBUG|2018/03/16|19:40| 			"F_KILL"	""
|   12347|DEBUG|2018/03/16|19:40| 			"F_LPOS"	""
|   12347|DEBUG|2018/03/16|19:40| 			"URL_DOC"	""
|   12347|DEBUG|2018/03/16|19:40| 		}
|   12347|DEBUG|2018/03/16|19:40| 		ELEM {
|   12347|DEBUG|2018/03/16|19:40| 			NB_PROP	"15"
|   12347|DEBUG|2018/03/16|19:40| 			"TO"	"JO0000000326"
|   12347|DEBUG|2018/03/16|19:40| 			"FROM"	"JO0000000328"
|   12347|DEBUG|2018/03/16|19:40| 			"v_groupexec"	""
|   12347|DEBUG|2018/03/16|19:40| 			"ID"	"LN0000000128"
|   12347|DEBUG|2018/03/16|19:40| 			"ID_ENV"	"EB0000000008"
|   12347|DEBUG|2018/03/16|19:40| 			"ID_APP"	""
|   12347|DEBUG|2018/03/16|19:40| 			"TYPE"	"2"
|   12347|DEBUG|2018/03/16|19:40| 			"V_DESC"	""
|   12347|DEBUG|2018/03/16|19:40| 			"V_USRNAME"	"LIE_192"
|   12347|DEBUG|2018/03/16|19:40| 			"LTYPE"	"0"
|   12347|DEBUG|2018/03/16|19:40| 			"XYWH"	"1130 1120 70 10"
|   12347|DEBUG|2018/03/16|19:40| 			"DS_DELAY"	""
|   12347|DEBUG|2018/03/16|19:40| 			"F_KILL"	""
|   12347|DEBUG|2018/03/16|19:40| 			"F_LPOS"	""
|   12347|DEBUG|2018/03/16|19:40| 			"URL_DOC"	""
|   12347|DEBUG|2018/03/16|19:40| 		}
|   12347|DEBUG|2018/03/16|19:40| 		ELEM {
|   12347|DEBUG|2018/03/16|19:40| 			NB_PROP	"15"
|   12347|DEBUG|2018/03/16|19:40| 			"TO"	"JO0000000327"
|   12347|DEBUG|2018/03/16|19:40| 			"FROM"	"JO0000000326"
|   12347|DEBUG|2018/03/16|19:40| 			"v_groupexec"	""
|   12347|DEBUG|2018/03/16|19:40| 			"ID"	"LN0000000129"
|   12347|DEBUG|2018/03/16|19:40| 			"ID_ENV"	"EB0000000008"
|   12347|DEBUG|2018/03/16|19:40| 			"ID_APP"	""
|   12347|DEBUG|2018/03/16|19:40| 			"TYPE"	"2"
|   12347|DEBUG|2018/03/16|19:40| 			"V_DESC"	""
|   12347|DEBUG|2018/03/16|19:40| 			"V_USRNAME"	"LIE_193"
|   12347|DEBUG|2018/03/16|19:40| 			"LTYPE"	"0"
|   12347|DEBUG|2018/03/16|19:40| 			"XYWH"	"1210 1140 10 40"
|   12347|DEBUG|2018/03/16|19:40| 			"DS_DELAY"	""
|   12347|DEBUG|2018/03/16|19:40| 			"F_KILL"	""
|   12347|DEBUG|2018/03/16|19:40| 			"F_LPOS"	""
|   12347|DEBUG|2018/03/16|19:40| 			"URL_DOC"	""
|   12347|DEBUG|2018/03/16|19:40| 		}
|   12347|DEBUG|2018/03/16|19:40| 		ELEM {
|   12347|DEBUG|2018/03/16|19:40| 			NB_PROP	"15"
|   12347|DEBUG|2018/03/16|19:40| 			"TO"	"JO0000000344"
|   12347|DEBUG|2018/03/16|19:40| 			"FROM"	"JO0000000353"
|   12347|DEBUG|2018/03/16|19:40| 			"v_groupexec"	""
|   12347|DEBUG|2018/03/16|19:40| 			"ID"	"LN0000000130"
|   12347|DEBUG|2018/03/16|19:40| 			"ID_ENV"	"EB0000000008"
|   12347|DEBUG|2018/03/16|19:40| 			"ID_APP"	""
|   12347|DEBUG|2018/03/16|19:40| 			"TYPE"	"2"
|   12347|DEBUG|2018/03/16|19:40| 			"V_DESC"	""
|   12347|DEBUG|2018/03/16|19:40| 			"V_USRNAME"	"LIE_194"
|   12347|DEBUG|2018/03/16|19:40| 			"LTYPE"	"0"
|   12347|DEBUG|2018/03/16|19:40| 			"XYWH"	"200 230 320 2230"
|   12347|DEBUG|2018/03/16|19:40| 			"DS_DELAY"	""
|   12347|DEBUG|2018/03/16|19:40| 			"F_KILL"	""
|   12347|DEBUG|2018/03/16|19:40| 			"F_LPOS"	""
|   12347|DEBUG|2018/03/16|19:40| 			"URL_DOC"	""
|   12347|DEBUG|2018/03/16|19:40| 		}
|   12347|DEBUG|2018/03/16|19:40| 		ELEM {
|   12347|DEBUG|2018/03/16|19:40| 			NB_PROP	"15"
|   12347|DEBUG|2018/03/16|19:40| 			"TO"	"JO0000000221"
|   12347|DEBUG|2018/03/16|19:40| 			"FROM"	"JO0000000100"
|   12347|DEBUG|2018/03/16|19:40| 			"v_groupexec"	""
|   12347|DEBUG|2018/03/16|19:40| 			"ID"	"LN0000000131"
|   12347|DEBUG|2018/03/16|19:40| 			"ID_ENV"	"EB0000000008"
|   12347|DEBUG|2018/03/16|19:40| 			"ID_APP"	""
|   12347|DEBUG|2018/03/16|19:40| 			"TYPE"	"2"
|   12347|DEBUG|2018/03/16|19:40| 			"V_DESC"	""
|   12347|DEBUG|2018/03/16|19:40| 			"V_USRNAME"	"LIE_195"
|   12347|DEBUG|2018/03/16|19:40| 			"LTYPE"	"0"
|   12347|DEBUG|2018/03/16|19:40| 			"XYWH"	"-180 -220 50 70"
|   12347|DEBUG|2018/03/16|19:40| 			"DS_DELAY"	""
|   12347|DEBUG|2018/03/16|19:40| 			"F_KILL"	""
|   12347|DEBUG|2018/03/16|19:40| 			"F_LPOS"	""
|   12347|DEBUG|2018/03/16|19:40| 			"URL_DOC"	""
|   12348|DEBUG|2018/03/16|19:40| 		}
|   12348|DEBUG|2018/03/16|19:40| 		ELEM {
|   12348|DEBUG|2018/03/16|19:40| 			NB_PROP	"15"
|   12348|DEBUG|2018/03/16|19:40| 			"TO"	"JO0000000354"
|   12348|DEBUG|2018/03/16|19:40| 			"FROM"	"JO0000000355"
|   12348|DEBUG|2018/03/16|19:40| 			"v_groupexec"	""
|   12348|DEBUG|2018/03/16|19:40| 			"ID"	"LN0000000132"
|   12348|DEBUG|2018/03/16|19:40| 			"ID_ENV"	"EB0000000008"
|   12348|DEBUG|2018/03/16|19:40| 			"ID_APP"	""
|   12348|DEBUG|2018/03/16|19:40| 			"TYPE"	"2"
|   12348|DEBUG|2018/03/16|19:40| 			"V_DESC"	""
|   12348|DEBUG|2018/03/16|19:40| 			"V_USRNAME"	"LIE_2"
|   12348|DEBUG|2018/03/16|19:40| 			"LTYPE"	"1"
|   12348|DEBUG|2018/03/16|19:40| 			"XYWH"	"220 50 135 109"
|   12348|DEBUG|2018/03/16|19:40| 			"DS_DELAY"	""
|   12348|DEBUG|2018/03/16|19:40| 			"F_KILL"	""
|   12348|DEBUG|2018/03/16|19:40| 			"F_LPOS"	""
|   12348|DEBUG|2018/03/16|19:40| 			"URL_DOC"	""
|   12348|DEBUG|2018/03/16|19:40| 		}
|   12348|DEBUG|2018/03/16|19:40| 		ELEM {
|   12348|DEBUG|2018/03/16|19:40| 			NB_PROP	"15"
|   12348|DEBUG|2018/03/16|19:40| 			"TO"	"JO0000000356"
|   12348|DEBUG|2018/03/16|19:40| 			"FROM"	"JO0000000339"
|   12348|DEBUG|2018/03/16|19:40| 			"v_groupexec"	""
|   12348|DEBUG|2018/03/16|19:40| 			"ID"	"LN0000000133"
|   12348|DEBUG|2018/03/16|19:40| 			"ID_ENV"	"EB0000000008"
|   12348|DEBUG|2018/03/16|19:40| 			"ID_APP"	""
|   12348|DEBUG|2018/03/16|19:40| 			"TYPE"	"2"
|   12348|DEBUG|2018/03/16|19:40| 			"V_DESC"	""
|   12348|DEBUG|2018/03/16|19:40| 			"V_USRNAME"	"LIE_20"
|   12348|DEBUG|2018/03/16|19:40| 			"LTYPE"	"0"
|   12348|DEBUG|2018/03/16|19:40| 			"XYWH"	"390 -50 130 50"
|   12348|DEBUG|2018/03/16|19:40| 			"DS_DELAY"	""
|   12348|DEBUG|2018/03/16|19:40| 			"F_KILL"	""
|   12348|DEBUG|2018/03/16|19:40| 			"F_LPOS"	""
|   12348|DEBUG|2018/03/16|19:40| 			"URL_DOC"	""
|   12348|DEBUG|2018/03/16|19:40| 		}
|   12348|DEBUG|2018/03/16|19:40| 		ELEM {
|   12348|DEBUG|2018/03/16|19:40| 			NB_PROP	"15"
|   12348|DEBUG|2018/03/16|19:40| 			"TO"	"JO0000000290"
|   12348|DEBUG|2018/03/16|19:40| 			"FROM"	"JO0000000316"
|   12348|DEBUG|2018/03/16|19:40| 			"v_groupexec"	""
|   12348|DEBUG|2018/03/16|19:40| 			"ID"	"LN0000000134"
|   12348|DEBUG|2018/03/16|19:40| 			"ID_ENV"	"EB0000000008"
|   12348|DEBUG|2018/03/16|19:40| 			"ID_APP"	""
|   12348|DEBUG|2018/03/16|19:40| 			"TYPE"	"2"
|   12348|DEBUG|2018/03/16|19:40| 			"V_DESC"	""
|   12348|DEBUG|2018/03/16|19:40| 			"V_USRNAME"	"LIE_200"
|   12348|DEBUG|2018/03/16|19:40| 			"LTYPE"	"0"
|   12348|DEBUG|2018/03/16|19:40| 			"XYWH"	"-260 1810 140 150"
|   12348|DEBUG|2018/03/16|19:40| 			"DS_DELAY"	""
|   12348|DEBUG|2018/03/16|19:40| 			"F_KILL"	""
|   12348|DEBUG|2018/03/16|19:40| 			"F_LPOS"	""
|   12348|DEBUG|2018/03/16|19:40| 			"URL_DOC"	""
|   12348|DEBUG|2018/03/16|19:40| 		}
|   12348|DEBUG|2018/03/16|19:40| 		ELEM {
|   12348|DEBUG|2018/03/16|19:40| 			NB_PROP	"15"
|   12348|DEBUG|2018/03/16|19:40| 			"TO"	"JO0000000306"
|   12348|DEBUG|2018/03/16|19:40| 			"FROM"	"JO0000000347"
|   12348|DEBUG|2018/03/16|19:40| 			"v_groupexec"	""
|   12348|DEBUG|2018/03/16|19:40| 			"ID"	"LN0000000135"
|   12348|DEBUG|2018/03/16|19:40| 			"ID_ENV"	"EB0000000008"
|   12348|DEBUG|2018/03/16|19:40| 			"ID_APP"	""
|   12348|DEBUG|2018/03/16|19:40| 			"TYPE"	"2"
|   12348|DEBUG|2018/03/16|19:40| 			"V_DESC"	""
|   12348|DEBUG|2018/03/16|19:40| 			"V_USRNAME"	"LIE_20_X1"
|   12348|DEBUG|2018/03/16|19:40| 			"LTYPE"	"0"
|   12348|DEBUG|2018/03/16|19:40| 			"XYWH"	"360 -1110 10 70"
|   12348|DEBUG|2018/03/16|19:40| 			"DS_DELAY"	""
|   12348|DEBUG|2018/03/16|19:40| 			"F_KILL"	""
|   12348|DEBUG|2018/03/16|19:40| 			"F_LPOS"	""
|   12348|DEBUG|2018/03/16|19:40| 			"URL_DOC"	""
|   12348|DEBUG|2018/03/16|19:40| 		}
|   12348|DEBUG|2018/03/16|19:40| 		ELEM {
|   12348|DEBUG|2018/03/16|19:40| 			NB_PROP	"15"
|   12348|DEBUG|2018/03/16|19:40| 			"TO"	"JO0000000335"
|   12348|DEBUG|2018/03/16|19:40| 			"FROM"	"JO0000000290"
|   12348|DEBUG|2018/03/16|19:40| 			"v_groupexec"	""
|   12348|DEBUG|2018/03/16|19:40| 			"ID"	"LN0000000136"
|   12348|DEBUG|2018/03/16|19:40| 			"ID_ENV"	"EB0000000008"
|   12348|DEBUG|2018/03/16|19:40| 			"ID_APP"	""
|   12348|DEBUG|2018/03/16|19:40| 			"TYPE"	"2"
|   12348|DEBUG|2018/03/16|19:40| 			"V_DESC"	""
|   12348|DEBUG|2018/03/16|19:40| 			"V_USRNAME"	"LIE_21"
|   12348|DEBUG|2018/03/16|19:40| 			"LTYPE"	"0"
|   12348|DEBUG|2018/03/16|19:40| 			"XYWH"	"-140 1030 10 50"
|   12348|DEBUG|2018/03/16|19:40| 			"DS_DELAY"	""
|   12348|DEBUG|2018/03/16|19:40| 			"F_KILL"	""
|   12348|DEBUG|2018/03/16|19:40| 			"F_LPOS"	""
|   12348|DEBUG|2018/03/16|19:40| 			"URL_DOC"	""
|   12348|DEBUG|2018/03/16|19:40| 		}
|   12348|DEBUG|2018/03/16|19:40| 		ELEM {
|   12348|DEBUG|2018/03/16|19:40| 			NB_PROP	"15"
|   12348|DEBUG|2018/03/16|19:40| 			"TO"	"JO0000000300"
|   12348|DEBUG|2018/03/16|19:40| 			"FROM"	"JO0000000315"
|   12348|DEBUG|2018/03/16|19:40| 			"v_groupexec"	""
|   12348|DEBUG|2018/03/16|19:40| 			"ID"	"LN0000000137"
|   12348|DEBUG|2018/03/16|19:40| 			"ID_ENV"	"EB0000000008"
|   12348|DEBUG|2018/03/16|19:40| 			"ID_APP"	""
|   12348|DEBUG|2018/03/16|19:40| 			"TYPE"	"2"
|   12348|DEBUG|2018/03/16|19:40| 			"V_DESC"	""
|   12348|DEBUG|2018/03/16|19:40| 			"V_USRNAME"	"LIE_213"
|   12348|DEBUG|2018/03/16|19:40| 			"LTYPE"	"0"
|   12348|DEBUG|2018/03/16|19:40| 			"XYWH"	"360 2300 90 10"
|   12348|DEBUG|2018/03/16|19:40| 			"DS_DELAY"	""
|   12348|DEBUG|2018/03/16|19:40| 			"F_KILL"	""
|   12348|DEBUG|2018/03/16|19:40| 			"F_LPOS"	""
|   12348|DEBUG|2018/03/16|19:40| 			"URL_DOC"	""
|   12348|DEBUG|2018/03/16|19:40| 		}
|   12348|DEBUG|2018/03/16|19:40| 		ELEM {
|   12348|DEBUG|2018/03/16|19:40| 			NB_PROP	"15"
|   12348|DEBUG|2018/03/16|19:40| 			"TO"	"JO0000000376"
|   12348|DEBUG|2018/03/16|19:40| 			"FROM"	"JO0000000152"
|   12348|DEBUG|2018/03/16|19:40| 			"v_groupexec"	""
|   12348|DEBUG|2018/03/16|19:40| 			"ID"	"LN0000000138"
|   12348|DEBUG|2018/03/16|19:40| 			"ID_ENV"	"EB0000000008"
|   12348|DEBUG|2018/03/16|19:40| 			"ID_APP"	""
|   12348|DEBUG|2018/03/16|19:40| 			"TYPE"	"2"
|   12348|DEBUG|2018/03/16|19:40| 			"V_DESC"	""
|   12348|DEBUG|2018/03/16|19:40| 			"V_USRNAME"	"LIE_215"
|   12348|DEBUG|2018/03/16|19:40| 			"LTYPE"	"0"
|   12348|DEBUG|2018/03/16|19:40| 			"XYWH"	"240 1950 30 30"
|   12348|DEBUG|2018/03/16|19:40| 			"DS_DELAY"	""
|   12348|DEBUG|2018/03/16|19:40| 			"F_KILL"	""
|   12348|DEBUG|2018/03/16|19:40| 			"F_LPOS"	""
|   12348|DEBUG|2018/03/16|19:40| 			"URL_DOC"	""
|   12348|DEBUG|2018/03/16|19:40| 		}
|   12348|DEBUG|2018/03/16|19:40| 		ELEM {
|   12348|DEBUG|2018/03/16|19:40| 			NB_PROP	"15"
|   12348|DEBUG|2018/03/16|19:40| 			"TO"	"JO0000000262"
|   12348|DEBUG|2018/03/16|19:40| 			"FROM"	"JO0000000383"
|   12348|DEBUG|2018/03/16|19:40| 			"v_groupexec"	""
|   12348|DEBUG|2018/03/16|19:40| 			"ID"	"LN0000000139"
|   12348|DEBUG|2018/03/16|19:40| 			"ID_ENV"	"EB0000000008"
|   12348|DEBUG|2018/03/16|19:40| 			"ID_APP"	""
|   12348|DEBUG|2018/03/16|19:40| 			"TYPE"	"2"
|   12348|DEBUG|2018/03/16|19:40| 			"V_DESC"	""
|   12348|DEBUG|2018/03/16|19:40| 			"V_USRNAME"	"LIE_216"
|   12348|DEBUG|2018/03/16|19:40| 			"LTYPE"	"0"
|   12348|DEBUG|2018/03/16|19:40| 			"XYWH"	"810 480 70 10"
|   12348|DEBUG|2018/03/16|19:40| 			"DS_DELAY"	""
|   12348|DEBUG|2018/03/16|19:40| 			"F_KILL"	""
|   12348|DEBUG|2018/03/16|19:40| 			"F_LPOS"	""
|   12348|DEBUG|2018/03/16|19:40| 			"URL_DOC"	""
|   12348|DEBUG|2018/03/16|19:40| 		}
|   12348|DEBUG|2018/03/16|19:40| 		ELEM {
|   12348|DEBUG|2018/03/16|19:40| 			NB_PROP	"15"
|   12348|DEBUG|2018/03/16|19:40| 			"TO"	"JO0000000264"
|   12348|DEBUG|2018/03/16|19:40| 			"FROM"	"JO0000000095"
|   12348|DEBUG|2018/03/16|19:40| 			"v_groupexec"	""
|   12348|DEBUG|2018/03/16|19:40| 			"ID"	"LN0000000140"
|   12348|DEBUG|2018/03/16|19:40| 			"ID_ENV"	"EB0000000008"
|   12348|DEBUG|2018/03/16|19:40| 			"ID_APP"	""
|   12348|DEBUG|2018/03/16|19:40| 			"TYPE"	"2"
|   12348|DEBUG|2018/03/16|19:40| 			"V_DESC"	""
|   12348|DEBUG|2018/03/16|19:40| 			"V_USRNAME"	"LIE_216_X1"
|   12348|DEBUG|2018/03/16|19:40| 			"LTYPE"	"0"
|   12348|DEBUG|2018/03/16|19:40| 			"XYWH"	"740 -1480 120 70"
|   12348|DEBUG|2018/03/16|19:40| 			"DS_DELAY"	""
|   12348|DEBUG|2018/03/16|19:40| 			"F_KILL"	""
|   12348|DEBUG|2018/03/16|19:40| 			"F_LPOS"	""
|   12348|DEBUG|2018/03/16|19:40| 			"URL_DOC"	""
|   12348|DEBUG|2018/03/16|19:40| 		}
|   12348|DEBUG|2018/03/16|19:40| 		ELEM {
|   12348|DEBUG|2018/03/16|19:40| 			NB_PROP	"15"
|   12348|DEBUG|2018/03/16|19:40| 			"TO"	"JO0000000135"
|   12348|DEBUG|2018/03/16|19:40| 			"FROM"	"JO0000000225"
|   12348|DEBUG|2018/03/16|19:40| 			"v_groupexec"	""
|   12348|DEBUG|2018/03/16|19:40| 			"ID"	"LN0000000141"
|   12348|DEBUG|2018/03/16|19:40| 			"ID_ENV"	"EB0000000008"
|   12348|DEBUG|2018/03/16|19:40| 			"ID_APP"	""
|   12348|DEBUG|2018/03/16|19:40| 			"TYPE"	"2"
|   12348|DEBUG|2018/03/16|19:40| 			"V_DESC"	""
|   12348|DEBUG|2018/03/16|19:40| 			"V_USRNAME"	"LIE_217"
|   12348|DEBUG|2018/03/16|19:40| 			"LTYPE"	"0"
|   12348|DEBUG|2018/03/16|19:40| 			"XYWH"	"-30 -470 50 10"
|   12348|DEBUG|2018/03/16|19:40| 			"DS_DELAY"	""
|   12348|DEBUG|2018/03/16|19:40| 			"F_KILL"	""
|   12348|DEBUG|2018/03/16|19:40| 			"F_LPOS"	""
|   12348|DEBUG|2018/03/16|19:40| 			"URL_DOC"	""
|   12348|DEBUG|2018/03/16|19:40| 		}
|   12348|DEBUG|2018/03/16|19:40| 		ELEM {
|   12348|DEBUG|2018/03/16|19:40| 			NB_PROP	"15"
|   12348|DEBUG|2018/03/16|19:40| 			"TO"	"JO0000000098"
|   12348|DEBUG|2018/03/16|19:40| 			"FROM"	"JO0000000246"
|   12348|DEBUG|2018/03/16|19:40| 			"v_groupexec"	""
|   12348|DEBUG|2018/03/16|19:40| 			"ID"	"LN0000000142"
|   12348|DEBUG|2018/03/16|19:40| 			"ID_ENV"	"EB0000000008"
|   12348|DEBUG|2018/03/16|19:40| 			"ID_APP"	""
|   12348|DEBUG|2018/03/16|19:40| 			"TYPE"	"2"
|   12348|DEBUG|2018/03/16|19:40| 			"V_DESC"	""
|   12348|DEBUG|2018/03/16|19:40| 			"V_USRNAME"	"LIE_217_X1"
|   12348|DEBUG|2018/03/16|19:40| 			"LTYPE"	"0"
|   12348|DEBUG|2018/03/16|19:40| 			"XYWH"	"910 -1180 30 40"
|   12348|DEBUG|2018/03/16|19:40| 			"DS_DELAY"	""
|   12348|DEBUG|2018/03/16|19:40| 			"F_KILL"	""
|   12348|DEBUG|2018/03/16|19:40| 			"F_LPOS"	""
|   12348|DEBUG|2018/03/16|19:40| 			"URL_DOC"	""
|   12348|DEBUG|2018/03/16|19:40| 		}
|   12348|DEBUG|2018/03/16|19:40| 		ELEM {
|   12348|DEBUG|2018/03/16|19:40| 			NB_PROP	"15"
|   12348|DEBUG|2018/03/16|19:40| 			"TO"	"JO0000000107"
|   12348|DEBUG|2018/03/16|19:40| 			"FROM"	"JO0000000281"
|   12348|DEBUG|2018/03/16|19:40| 			"v_groupexec"	""
|   12348|DEBUG|2018/03/16|19:40| 			"ID"	"LN0000000143"
|   12348|DEBUG|2018/03/16|19:40| 			"ID_ENV"	"EB0000000008"
|   12348|DEBUG|2018/03/16|19:40| 			"ID_APP"	""
|   12348|DEBUG|2018/03/16|19:40| 			"TYPE"	"2"
|   12348|DEBUG|2018/03/16|19:40| 			"V_DESC"	""
|   12348|DEBUG|2018/03/16|19:40| 			"V_USRNAME"	"LIE_218"
|   12348|DEBUG|2018/03/16|19:40| 			"LTYPE"	"0"
|   12348|DEBUG|2018/03/16|19:40| 			"XYWH"	"-270 -80 330 90"
|   12348|DEBUG|2018/03/16|19:40| 			"DS_DELAY"	""
|   12348|DEBUG|2018/03/16|19:40| 			"F_KILL"	""
|   12348|DEBUG|2018/03/16|19:40| 			"F_LPOS"	""
|   12348|DEBUG|2018/03/16|19:40| 			"URL_DOC"	""
|   12348|DEBUG|2018/03/16|19:40| 		}
|   12348|DEBUG|2018/03/16|19:40| 		ELEM {
|   12348|DEBUG|2018/03/16|19:40| 			NB_PROP	"15"
|   12348|DEBUG|2018/03/16|19:40| 			"TO"	"JO0000000266"
|   12348|DEBUG|2018/03/16|19:40| 			"FROM"	"JO0000000098"
|   12348|DEBUG|2018/03/16|19:40| 			"v_groupexec"	""
|   12348|DEBUG|2018/03/16|19:40| 			"ID"	"LN0000000144"
|   12349|DEBUG|2018/03/16|19:40| 			"ID_ENV"	"EB0000000008"
|   12349|DEBUG|2018/03/16|19:40| 			"ID_APP"	""
|   12349|DEBUG|2018/03/16|19:40| 			"TYPE"	"2"
|   12349|DEBUG|2018/03/16|19:40| 			"V_DESC"	""
|   12349|DEBUG|2018/03/16|19:40| 			"V_USRNAME"	"LIE_218_X1"
|   12349|DEBUG|2018/03/16|19:40| 			"LTYPE"	"0"
|   12349|DEBUG|2018/03/16|19:40| 			"XYWH"	"740 -1120 160 70"
|   12349|DEBUG|2018/03/16|19:40| 			"DS_DELAY"	""
|   12349|DEBUG|2018/03/16|19:40| 			"F_KILL"	""
|   12349|DEBUG|2018/03/16|19:40| 			"F_LPOS"	""
|   12349|DEBUG|2018/03/16|19:40| 			"URL_DOC"	""
|   12349|DEBUG|2018/03/16|19:40| 		}
|   12349|DEBUG|2018/03/16|19:40| 		ELEM {
|   12349|DEBUG|2018/03/16|19:40| 			NB_PROP	"15"
|   12349|DEBUG|2018/03/16|19:40| 			"TO"	"JO0000000134"
|   12349|DEBUG|2018/03/16|19:40| 			"FROM"	"JO0000000224"
|   12349|DEBUG|2018/03/16|19:40| 			"v_groupexec"	""
|   12349|DEBUG|2018/03/16|19:40| 			"ID"	"LN0000000145"
|   12349|DEBUG|2018/03/16|19:40| 			"ID_ENV"	"EB0000000008"
|   12349|DEBUG|2018/03/16|19:40| 			"ID_APP"	""
|   12349|DEBUG|2018/03/16|19:40| 			"TYPE"	"2"
|   12349|DEBUG|2018/03/16|19:40| 			"V_DESC"	""
|   12349|DEBUG|2018/03/16|19:40| 			"V_USRNAME"	"LIE_219"
|   12349|DEBUG|2018/03/16|19:40| 			"LTYPE"	"0"
|   12349|DEBUG|2018/03/16|19:40| 			"XYWH"	"50 -340 50 10"
|   12349|DEBUG|2018/03/16|19:40| 			"DS_DELAY"	""
|   12349|DEBUG|2018/03/16|19:40| 			"F_KILL"	""
|   12349|DEBUG|2018/03/16|19:40| 			"F_LPOS"	""
|   12349|DEBUG|2018/03/16|19:40| 			"URL_DOC"	""
|   12349|DEBUG|2018/03/16|19:40| 		}
|   12349|DEBUG|2018/03/16|19:40| 		ELEM {
|   12349|DEBUG|2018/03/16|19:40| 			NB_PROP	"15"
|   12349|DEBUG|2018/03/16|19:40| 			"TO"	"JO0000000218"
|   12349|DEBUG|2018/03/16|19:40| 			"FROM"	"JO0000000291"
|   12349|DEBUG|2018/03/16|19:40| 			"v_groupexec"	""
|   12349|DEBUG|2018/03/16|19:40| 			"ID"	"LN0000000146"
|   12349|DEBUG|2018/03/16|19:40| 			"ID_ENV"	"EB0000000008"
|   12349|DEBUG|2018/03/16|19:40| 			"ID_APP"	""
|   12349|DEBUG|2018/03/16|19:40| 			"TYPE"	"2"
|   12349|DEBUG|2018/03/16|19:40| 			"V_DESC"	""
|   12349|DEBUG|2018/03/16|19:40| 			"V_USRNAME"	"LIE_22"
|   12349|DEBUG|2018/03/16|19:40| 			"LTYPE"	"0"
|   12349|DEBUG|2018/03/16|19:40| 			"XYWH"	"210 610 10 30"
|   12349|DEBUG|2018/03/16|19:40| 			"DS_DELAY"	""
|   12349|DEBUG|2018/03/16|19:40| 			"F_KILL"	""
|   12349|DEBUG|2018/03/16|19:40| 			"F_LPOS"	""
|   12349|DEBUG|2018/03/16|19:40| 			"URL_DOC"	""
|   12349|DEBUG|2018/03/16|19:40| 		}
|   12349|DEBUG|2018/03/16|19:40| 		ELEM {
|   12349|DEBUG|2018/03/16|19:40| 			NB_PROP	"15"
|   12349|DEBUG|2018/03/16|19:40| 			"TO"	"JO0000000133"
|   12349|DEBUG|2018/03/16|19:40| 			"FROM"	"JO0000000223"
|   12349|DEBUG|2018/03/16|19:40| 			"v_groupexec"	""
|   12349|DEBUG|2018/03/16|19:40| 			"ID"	"LN0000000147"
|   12349|DEBUG|2018/03/16|19:40| 			"ID_ENV"	"EB0000000008"
|   12349|DEBUG|2018/03/16|19:40| 			"ID_APP"	""
|   12349|DEBUG|2018/03/16|19:40| 			"TYPE"	"2"
|   12349|DEBUG|2018/03/16|19:40| 			"V_DESC"	""
|   12349|DEBUG|2018/03/16|19:40| 			"V_USRNAME"	"LIE_220"
|   12349|DEBUG|2018/03/16|19:40| 			"LTYPE"	"0"
|   12349|DEBUG|2018/03/16|19:40| 			"XYWH"	"-30 -260 60 10"
|   12349|DEBUG|2018/03/16|19:40| 			"DS_DELAY"	""
|   12349|DEBUG|2018/03/16|19:40| 			"F_KILL"	""
|   12349|DEBUG|2018/03/16|19:40| 			"F_LPOS"	""
|   12349|DEBUG|2018/03/16|19:40| 			"URL_DOC"	""
|   12349|DEBUG|2018/03/16|19:40| 		}
|   12349|DEBUG|2018/03/16|19:40| 		ELEM {
|   12349|DEBUG|2018/03/16|19:40| 			NB_PROP	"15"
|   12349|DEBUG|2018/03/16|19:40| 			"TO"	"JO0000000256"
|   12349|DEBUG|2018/03/16|19:40| 			"FROM"	"JO0000000229"
|   12349|DEBUG|2018/03/16|19:40| 			"v_groupexec"	""
|   12349|DEBUG|2018/03/16|19:40| 			"ID"	"LN0000000148"
|   12349|DEBUG|2018/03/16|19:40| 			"ID_ENV"	"EB0000000008"
|   12349|DEBUG|2018/03/16|19:40| 			"ID_APP"	""
|   12349|DEBUG|2018/03/16|19:40| 			"TYPE"	"2"
|   12349|DEBUG|2018/03/16|19:40| 			"V_DESC"	""
|   12349|DEBUG|2018/03/16|19:40| 			"V_USRNAME"	"LIE_221"
|   12349|DEBUG|2018/03/16|19:40| 			"LTYPE"	"0"
|   12349|DEBUG|2018/03/16|19:40| 			"XYWH"	"-30 80 10 30"
|   12349|DEBUG|2018/03/16|19:40| 			"DS_DELAY"	""
|   12349|DEBUG|2018/03/16|19:40| 			"F_KILL"	""
|   12349|DEBUG|2018/03/16|19:40| 			"F_LPOS"	""
|   12349|DEBUG|2018/03/16|19:40| 			"URL_DOC"	""
|   12349|DEBUG|2018/03/16|19:40| 		}
|   12349|DEBUG|2018/03/16|19:40| 		ELEM {
|   12349|DEBUG|2018/03/16|19:40| 			NB_PROP	"15"
|   12349|DEBUG|2018/03/16|19:40| 			"TO"	"JO0000000130"
|   12349|DEBUG|2018/03/16|19:40| 			"FROM"	"JO0000000256"
|   12349|DEBUG|2018/03/16|19:40| 			"v_groupexec"	""
|   12349|DEBUG|2018/03/16|19:40| 			"ID"	"LN0000000149"
|   12349|DEBUG|2018/03/16|19:40| 			"ID_ENV"	"EB0000000008"
|   12349|DEBUG|2018/03/16|19:40| 			"ID_APP"	""
|   12349|DEBUG|2018/03/16|19:40| 			"TYPE"	"2"
|   12349|DEBUG|2018/03/16|19:40| 			"V_DESC"	""
|   12349|DEBUG|2018/03/16|19:40| 			"V_USRNAME"	"LIE_222"
|   12349|DEBUG|2018/03/16|19:40| 			"LTYPE"	"0"
|   12349|DEBUG|2018/03/16|19:40| 			"XYWH"	"-30 140 10 40"
|   12349|DEBUG|2018/03/16|19:40| 			"DS_DELAY"	""
|   12349|DEBUG|2018/03/16|19:40| 			"F_KILL"	""
|   12349|DEBUG|2018/03/16|19:40| 			"F_LPOS"	""
|   12349|DEBUG|2018/03/16|19:40| 			"URL_DOC"	""
|   12349|DEBUG|2018/03/16|19:40| 		}
|   12349|DEBUG|2018/03/16|19:40| 		ELEM {
|   12349|DEBUG|2018/03/16|19:40| 			NB_PROP	"15"
|   12349|DEBUG|2018/03/16|19:40| 			"TO"	"JO0000000228"
|   12349|DEBUG|2018/03/16|19:40| 			"FROM"	"JO0000000107"
|   12349|DEBUG|2018/03/16|19:40| 			"v_groupexec"	""
|   12349|DEBUG|2018/03/16|19:40| 			"ID"	"LN0000000150"
|   12349|DEBUG|2018/03/16|19:40| 			"ID_ENV"	"EB0000000008"
|   12349|DEBUG|2018/03/16|19:40| 			"ID_APP"	""
|   12349|DEBUG|2018/03/16|19:40| 			"TYPE"	"2"
|   12349|DEBUG|2018/03/16|19:40| 			"V_DESC"	""
|   12349|DEBUG|2018/03/16|19:40| 			"V_USRNAME"	"LIE_223"
|   12349|DEBUG|2018/03/16|19:40| 			"LTYPE"	"0"
|   12349|DEBUG|2018/03/16|19:40| 			"XYWH"	"-270 0 100 60"
|   12349|DEBUG|2018/03/16|19:40| 			"DS_DELAY"	""
|   12349|DEBUG|2018/03/16|19:40| 			"F_KILL"	""
|   12349|DEBUG|2018/03/16|19:40| 			"F_LPOS"	""
|   12349|DEBUG|2018/03/16|19:40| 			"URL_DOC"	""
|   12349|DEBUG|2018/03/16|19:40| 		}
|   12349|DEBUG|2018/03/16|19:40| 		ELEM {
|   12349|DEBUG|2018/03/16|19:40| 			NB_PROP	"15"
|   12349|DEBUG|2018/03/16|19:40| 			"TO"	"JO0000000108"
|   12349|DEBUG|2018/03/16|19:40| 			"FROM"	"JO0000000107"
|   12349|DEBUG|2018/03/16|19:40| 			"v_groupexec"	""
|   12349|DEBUG|2018/03/16|19:40| 			"ID"	"LN0000000151"
|   12349|DEBUG|2018/03/16|19:40| 			"ID_ENV"	"EB0000000008"
|   12349|DEBUG|2018/03/16|19:40| 			"ID_APP"	""
|   12349|DEBUG|2018/03/16|19:40| 			"TYPE"	"2"
|   12349|DEBUG|2018/03/16|19:40| 			"V_DESC"	""
|   12349|DEBUG|2018/03/16|19:40| 			"V_USRNAME"	"LIE_224"
|   12349|DEBUG|2018/03/16|19:40| 			"LTYPE"	"1"
|   12349|DEBUG|2018/03/16|19:40| 			"XYWH"	"-140 0 230 10"
|   12349|DEBUG|2018/03/16|19:40| 			"DS_DELAY"	""
|   12349|DEBUG|2018/03/16|19:40| 			"F_KILL"	""
|   12349|DEBUG|2018/03/16|19:40| 			"F_LPOS"	""
|   12349|DEBUG|2018/03/16|19:40| 			"URL_DOC"	""
|   12349|DEBUG|2018/03/16|19:40| 		}
|   12349|DEBUG|2018/03/16|19:40| 		ELEM {
|   12349|DEBUG|2018/03/16|19:40| 			NB_PROP	"15"
|   12349|DEBUG|2018/03/16|19:40| 			"TO"	"JO0000000278"
|   12349|DEBUG|2018/03/16|19:40| 			"FROM"	"JO0000000243"
|   12349|DEBUG|2018/03/16|19:40| 			"v_groupexec"	""
|   12349|DEBUG|2018/03/16|19:40| 			"ID"	"LN0000000152"
|   12349|DEBUG|2018/03/16|19:40| 			"ID_ENV"	"EB0000000008"
|   12349|DEBUG|2018/03/16|19:40| 			"ID_APP"	""
|   12349|DEBUG|2018/03/16|19:40| 			"TYPE"	"2"
|   12349|DEBUG|2018/03/16|19:40| 			"V_DESC"	""
|   12349|DEBUG|2018/03/16|19:40| 			"V_USRNAME"	"LIE_225"
|   12349|DEBUG|2018/03/16|19:40| 			"LTYPE"	"0"
|   12349|DEBUG|2018/03/16|19:40| 			"XYWH"	"-140 -250 60 10"
|   12349|DEBUG|2018/03/16|19:40| 			"DS_DELAY"	""
|   12349|DEBUG|2018/03/16|19:40| 			"F_KILL"	""
|   12349|DEBUG|2018/03/16|19:40| 			"F_LPOS"	""
|   12349|DEBUG|2018/03/16|19:40| 			"URL_DOC"	""
|   12349|DEBUG|2018/03/16|19:40| 		}
|   12349|DEBUG|2018/03/16|19:40| 		ELEM {
|   12349|DEBUG|2018/03/16|19:40| 			NB_PROP	"15"
|   12349|DEBUG|2018/03/16|19:40| 			"TO"	"JO0000000250"
|   12349|DEBUG|2018/03/16|19:40| 			"FROM"	"JO0000000372"
|   12349|DEBUG|2018/03/16|19:40| 			"v_groupexec"	""
|   12349|DEBUG|2018/03/16|19:40| 			"ID"	"LN0000000153"
|   12349|DEBUG|2018/03/16|19:40| 			"ID_ENV"	"EB0000000008"
|   12349|DEBUG|2018/03/16|19:40| 			"ID_APP"	""
|   12349|DEBUG|2018/03/16|19:40| 			"TYPE"	"2"
|   12349|DEBUG|2018/03/16|19:40| 			"V_DESC"	""
|   12349|DEBUG|2018/03/16|19:40| 			"V_USRNAME"	"LIE_226"
|   12349|DEBUG|2018/03/16|19:40| 			"LTYPE"	"0"
|   12349|DEBUG|2018/03/16|19:40| 			"XYWH"	"1370 -1280 80 10"
|   12349|DEBUG|2018/03/16|19:40| 			"DS_DELAY"	""
|   12349|DEBUG|2018/03/16|19:40| 			"F_KILL"	""
|   12349|DEBUG|2018/03/16|19:40| 			"F_LPOS"	"1"
|   12349|DEBUG|2018/03/16|19:40| 			"URL_DOC"	""
|   12349|DEBUG|2018/03/16|19:40| 		}
|   12349|DEBUG|2018/03/16|19:40| 		ELEM {
|   12349|DEBUG|2018/03/16|19:40| 			NB_PROP	"15"
|   12349|DEBUG|2018/03/16|19:40| 			"TO"	"JO0000000229"
|   12349|DEBUG|2018/03/16|19:40| 			"FROM"	"JO0000000108"
|   12349|DEBUG|2018/03/16|19:40| 			"v_groupexec"	""
|   12349|DEBUG|2018/03/16|19:40| 			"ID"	"LN0000000154"
|   12349|DEBUG|2018/03/16|19:40| 			"ID_ENV"	"EB0000000008"
|   12349|DEBUG|2018/03/16|19:40| 			"ID_APP"	""
|   12349|DEBUG|2018/03/16|19:40| 			"TYPE"	"2"
|   12349|DEBUG|2018/03/16|19:40| 			"V_DESC"	""
|   12349|DEBUG|2018/03/16|19:40| 			"V_USRNAME"	"LIE_227"
|   12349|DEBUG|2018/03/16|19:40| 			"LTYPE"	"0"
|   12349|DEBUG|2018/03/16|19:40| 			"XYWH"	"-20 0 110 60"
|   12349|DEBUG|2018/03/16|19:40| 			"DS_DELAY"	""
|   12349|DEBUG|2018/03/16|19:40| 			"F_KILL"	""
|   12349|DEBUG|2018/03/16|19:40| 			"F_LPOS"	""
|   12349|DEBUG|2018/03/16|19:40| 			"URL_DOC"	""
|   12349|DEBUG|2018/03/16|19:40| 		}
|   12349|DEBUG|2018/03/16|19:40| 		ELEM {
|   12349|DEBUG|2018/03/16|19:40| 			NB_PROP	"15"
|   12349|DEBUG|2018/03/16|19:40| 			"TO"	"JO0000000277"
|   12349|DEBUG|2018/03/16|19:40| 			"FROM"	"JO0000000242"
|   12349|DEBUG|2018/03/16|19:40| 			"v_groupexec"	""
|   12349|DEBUG|2018/03/16|19:40| 			"ID"	"LN0000000155"
|   12349|DEBUG|2018/03/16|19:40| 			"ID_ENV"	"EB0000000008"
|   12349|DEBUG|2018/03/16|19:40| 			"ID_APP"	""
|   12349|DEBUG|2018/03/16|19:40| 			"TYPE"	"2"
|   12349|DEBUG|2018/03/16|19:40| 			"V_DESC"	""
|   12349|DEBUG|2018/03/16|19:40| 			"V_USRNAME"	"LIE_228"
|   12349|DEBUG|2018/03/16|19:40| 			"LTYPE"	"0"
|   12349|DEBUG|2018/03/16|19:40| 			"XYWH"	"-160 -120 40 10"
|   12349|DEBUG|2018/03/16|19:40| 			"DS_DELAY"	""
|   12350|DEBUG|2018/03/16|19:40| 			"F_KILL"	""
|   12350|DEBUG|2018/03/16|19:40| 			"F_LPOS"	""
|   12350|DEBUG|2018/03/16|19:40| 			"URL_DOC"	""
|   12350|DEBUG|2018/03/16|19:40| 		}
|   12350|DEBUG|2018/03/16|19:40| 		ELEM {
|   12350|DEBUG|2018/03/16|19:40| 			NB_PROP	"15"
|   12350|DEBUG|2018/03/16|19:40| 			"TO"	"JO0000000211"
|   12350|DEBUG|2018/03/16|19:40| 			"FROM"	"JO0000000130"
|   12350|DEBUG|2018/03/16|19:40| 			"v_groupexec"	""
|   12350|DEBUG|2018/03/16|19:40| 			"ID"	"LN0000000156"
|   12350|DEBUG|2018/03/16|19:40| 			"ID_ENV"	"EB0000000008"
|   12350|DEBUG|2018/03/16|19:40| 			"ID_APP"	""
|   12350|DEBUG|2018/03/16|19:40| 			"TYPE"	"2"
|   12350|DEBUG|2018/03/16|19:40| 			"V_DESC"	""
|   12350|DEBUG|2018/03/16|19:40| 			"V_USRNAME"	"LIE_229"
|   12350|DEBUG|2018/03/16|19:40| 			"LTYPE"	"0"
|   12350|DEBUG|2018/03/16|19:40| 			"XYWH"	"-30 210 10 30"
|   12350|DEBUG|2018/03/16|19:40| 			"DS_DELAY"	""
|   12350|DEBUG|2018/03/16|19:40| 			"F_KILL"	""
|   12350|DEBUG|2018/03/16|19:40| 			"F_LPOS"	""
|   12350|DEBUG|2018/03/16|19:40| 			"URL_DOC"	""
|   12350|DEBUG|2018/03/16|19:40| 		}
|   12350|DEBUG|2018/03/16|19:40| 		ELEM {
|   12350|DEBUG|2018/03/16|19:40| 			NB_PROP	"15"
|   12350|DEBUG|2018/03/16|19:40| 			"TO"	"JO0000000195"
|   12350|DEBUG|2018/03/16|19:40| 			"FROM"	"JO0000000332"
|   12350|DEBUG|2018/03/16|19:40| 			"v_groupexec"	""
|   12350|DEBUG|2018/03/16|19:40| 			"ID"	"LN0000000157"
|   12350|DEBUG|2018/03/16|19:40| 			"ID_ENV"	"EB0000000008"
|   12350|DEBUG|2018/03/16|19:40| 			"ID_APP"	""
|   12350|DEBUG|2018/03/16|19:40| 			"TYPE"	"2"
|   12350|DEBUG|2018/03/16|19:40| 			"V_DESC"	""
|   12350|DEBUG|2018/03/16|19:40| 			"V_USRNAME"	"LIE_22_X1"
|   12350|DEBUG|2018/03/16|19:40| 			"LTYPE"	"0"
|   12350|DEBUG|2018/03/16|19:40| 			"XYWH"	"1190 1810 30 60"
|   12350|DEBUG|2018/03/16|19:40| 			"DS_DELAY"	""
|   12350|DEBUG|2018/03/16|19:40| 			"F_KILL"	""
|   12350|DEBUG|2018/03/16|19:40| 			"F_LPOS"	""
|   12350|DEBUG|2018/03/16|19:40| 			"URL_DOC"	""
|   12350|DEBUG|2018/03/16|19:40| 		}
|   12350|DEBUG|2018/03/16|19:40| 		ELEM {
|   12350|DEBUG|2018/03/16|19:40| 			NB_PROP	"15"
|   12350|DEBUG|2018/03/16|19:40| 			"TO"	"JO0000000180"
|   12350|DEBUG|2018/03/16|19:40| 			"FROM"	"JO0000000312"
|   12350|DEBUG|2018/03/16|19:40| 			"v_groupexec"	""
|   12350|DEBUG|2018/03/16|19:40| 			"ID"	"LN0000000158"
|   12350|DEBUG|2018/03/16|19:40| 			"ID_ENV"	"EB0000000008"
|   12350|DEBUG|2018/03/16|19:40| 			"ID_APP"	""
|   12350|DEBUG|2018/03/16|19:40| 			"TYPE"	"2"
|   12350|DEBUG|2018/03/16|19:40| 			"V_DESC"	""
|   12350|DEBUG|2018/03/16|19:40| 			"V_USRNAME"	"LIE_23"
|   12350|DEBUG|2018/03/16|19:40| 			"LTYPE"	"0"
|   12350|DEBUG|2018/03/16|19:40| 			"XYWH"	"350 1080 70 40"
|   12350|DEBUG|2018/03/16|19:40| 			"DS_DELAY"	""
|   12350|DEBUG|2018/03/16|19:40| 			"F_KILL"	""
|   12350|DEBUG|2018/03/16|19:40| 			"F_LPOS"	""
|   12350|DEBUG|2018/03/16|19:40| 			"URL_DOC"	""
|   12350|DEBUG|2018/03/16|19:40| 		}
|   12350|DEBUG|2018/03/16|19:40| 		ELEM {
|   12350|DEBUG|2018/03/16|19:40| 			NB_PROP	"15"
|   12350|DEBUG|2018/03/16|19:40| 			"TO"	"JO0000000210"
|   12350|DEBUG|2018/03/16|19:40| 			"FROM"	"JO0000000129"
|   12350|DEBUG|2018/03/16|19:40| 			"v_groupexec"	""
|   12350|DEBUG|2018/03/16|19:40| 			"ID"	"LN0000000159"
|   12350|DEBUG|2018/03/16|19:40| 			"ID_ENV"	"EB0000000008"
|   12350|DEBUG|2018/03/16|19:40| 			"ID_APP"	""
|   12350|DEBUG|2018/03/16|19:40| 			"TYPE"	"2"
|   12350|DEBUG|2018/03/16|19:40| 			"V_DESC"	""
|   12350|DEBUG|2018/03/16|19:40| 			"V_USRNAME"	"LIE_230"
|   12350|DEBUG|2018/03/16|19:40| 			"LTYPE"	"0"
|   12350|DEBUG|2018/03/16|19:40| 			"XYWH"	"-150 210 10 30"
|   12350|DEBUG|2018/03/16|19:40| 			"DS_DELAY"	""
|   12350|DEBUG|2018/03/16|19:40| 			"F_KILL"	""
|   12350|DEBUG|2018/03/16|19:40| 			"F_LPOS"	""
|   12350|DEBUG|2018/03/16|19:40| 			"URL_DOC"	""
|   12350|DEBUG|2018/03/16|19:40| 		}
|   12350|DEBUG|2018/03/16|19:40| 		ELEM {
|   12350|DEBUG|2018/03/16|19:40| 			NB_PROP	"15"
|   12350|DEBUG|2018/03/16|19:40| 			"TO"	"JO0000000199"
|   12350|DEBUG|2018/03/16|19:40| 			"FROM"	"JO0000000137"
|   12350|DEBUG|2018/03/16|19:40| 			"v_groupexec"	""
|   12350|DEBUG|2018/03/16|19:40| 			"ID"	"LN0000000160"
|   12350|DEBUG|2018/03/16|19:40| 			"ID_ENV"	"EB0000000008"
|   12350|DEBUG|2018/03/16|19:40| 			"ID_APP"	""
|   12350|DEBUG|2018/03/16|19:40| 			"TYPE"	"2"
|   12350|DEBUG|2018/03/16|19:40| 			"V_DESC"	""
|   12350|DEBUG|2018/03/16|19:40| 			"V_USRNAME"	"LIE_231"
|   12350|DEBUG|2018/03/16|19:40| 			"LTYPE"	"0"
|   12350|DEBUG|2018/03/16|19:40| 			"XYWH"	"540 3130 10 40"
|   12350|DEBUG|2018/03/16|19:40| 			"DS_DELAY"	""
|   12350|DEBUG|2018/03/16|19:40| 			"F_KILL"	""
|   12350|DEBUG|2018/03/16|19:40| 			"F_LPOS"	""
|   12350|DEBUG|2018/03/16|19:40| 			"URL_DOC"	""
|   12350|DEBUG|2018/03/16|19:40| 		}
|   12350|DEBUG|2018/03/16|19:40| 		ELEM {
|   12350|DEBUG|2018/03/16|19:40| 			NB_PROP	"15"
|   12350|DEBUG|2018/03/16|19:40| 			"TO"	"JO0000000209"
|   12350|DEBUG|2018/03/16|19:40| 			"FROM"	"JO0000000128"
|   12350|DEBUG|2018/03/16|19:40| 			"v_groupexec"	""
|   12350|DEBUG|2018/03/16|19:40| 			"ID"	"LN0000000161"
|   12350|DEBUG|2018/03/16|19:40| 			"ID_ENV"	"EB0000000008"
|   12350|DEBUG|2018/03/16|19:40| 			"ID_APP"	""
|   12350|DEBUG|2018/03/16|19:40| 			"TYPE"	"2"
|   12350|DEBUG|2018/03/16|19:40| 			"V_DESC"	""
|   12350|DEBUG|2018/03/16|19:40| 			"V_USRNAME"	"LIE_231_C0_X1"
|   12350|DEBUG|2018/03/16|19:40| 			"LTYPE"	"0"
|   12350|DEBUG|2018/03/16|19:40| 			"XYWH"	"540 3130 10 40"
|   12350|DEBUG|2018/03/16|19:40| 			"DS_DELAY"	""
|   12350|DEBUG|2018/03/16|19:40| 			"F_KILL"	""
|   12350|DEBUG|2018/03/16|19:40| 			"F_LPOS"	""
|   12350|DEBUG|2018/03/16|19:40| 			"URL_DOC"	""
|   12350|DEBUG|2018/03/16|19:40| 		}
|   12350|DEBUG|2018/03/16|19:40| 		ELEM {
|   12350|DEBUG|2018/03/16|19:40| 			NB_PROP	"15"
|   12350|DEBUG|2018/03/16|19:40| 			"TO"	"JO0000000127"
|   12350|DEBUG|2018/03/16|19:40| 			"FROM"	"JO0000000253"
|   12350|DEBUG|2018/03/16|19:40| 			"v_groupexec"	""
|   12350|DEBUG|2018/03/16|19:40| 			"ID"	"LN0000000162"
|   12350|DEBUG|2018/03/16|19:40| 			"ID_ENV"	"EB0000000008"
|   12350|DEBUG|2018/03/16|19:40| 			"ID_APP"	""
|   12350|DEBUG|2018/03/16|19:40| 			"TYPE"	"2"
|   12350|DEBUG|2018/03/16|19:40| 			"V_DESC"	""
|   12350|DEBUG|2018/03/16|19:40| 			"V_USRNAME"	"LIE_232"
|   12350|DEBUG|2018/03/16|19:40| 			"LTYPE"	"0"
|   12350|DEBUG|2018/03/16|19:40| 			"XYWH"	"10 -700 10 30"
|   12350|DEBUG|2018/03/16|19:40| 			"DS_DELAY"	""
|   12350|DEBUG|2018/03/16|19:40| 			"F_KILL"	""
|   12350|DEBUG|2018/03/16|19:40| 			"F_LPOS"	""
|   12350|DEBUG|2018/03/16|19:40| 			"URL_DOC"	""
|   12350|DEBUG|2018/03/16|19:40| 		}
|   12350|DEBUG|2018/03/16|19:40| 		ELEM {
|   12350|DEBUG|2018/03/16|19:40| 			NB_PROP	"15"
|   12350|DEBUG|2018/03/16|19:40| 			"TO"	"JO0000000208"
|   12350|DEBUG|2018/03/16|19:40| 			"FROM"	"JO0000000127"
|   12350|DEBUG|2018/03/16|19:40| 			"v_groupexec"	""
|   12350|DEBUG|2018/03/16|19:40| 			"ID"	"LN0000000163"
|   12350|DEBUG|2018/03/16|19:40| 			"ID_ENV"	"EB0000000008"
|   12350|DEBUG|2018/03/16|19:40| 			"ID_APP"	""
|   12350|DEBUG|2018/03/16|19:40| 			"TYPE"	"2"
|   12350|DEBUG|2018/03/16|19:40| 			"V_DESC"	""
|   12350|DEBUG|2018/03/16|19:40| 			"V_USRNAME"	"LIE_236"
|   12350|DEBUG|2018/03/16|19:40| 			"LTYPE"	"0"
|   12350|DEBUG|2018/03/16|19:40| 			"XYWH"	"10 -640 10 30"
|   12350|DEBUG|2018/03/16|19:40| 			"DS_DELAY"	""
|   12350|DEBUG|2018/03/16|19:40| 			"F_KILL"	""
|   12350|DEBUG|2018/03/16|19:40| 			"F_LPOS"	""
|   12350|DEBUG|2018/03/16|19:40| 			"URL_DOC"	""
|   12350|DEBUG|2018/03/16|19:40| 		}
|   12350|DEBUG|2018/03/16|19:40| 		ELEM {
|   12350|DEBUG|2018/03/16|19:40| 			NB_PROP	"15"
|   12350|DEBUG|2018/03/16|19:40| 			"TO"	"JO0000000222"
|   12350|DEBUG|2018/03/16|19:40| 			"FROM"	"JO0000000101"
|   12350|DEBUG|2018/03/16|19:40| 			"v_groupexec"	""
|   12350|DEBUG|2018/03/16|19:40| 			"ID"	"LN0000000164"
|   12350|DEBUG|2018/03/16|19:40| 			"ID_ENV"	"EB0000000008"
|   12350|DEBUG|2018/03/16|19:40| 			"ID_APP"	""
|   12350|DEBUG|2018/03/16|19:40| 			"TYPE"	"2"
|   12350|DEBUG|2018/03/16|19:40| 			"V_DESC"	""
|   12350|DEBUG|2018/03/16|19:40| 			"V_USRNAME"	"LIE_239"
|   12350|DEBUG|2018/03/16|19:40| 			"LTYPE"	"0"
|   12350|DEBUG|2018/03/16|19:40| 			"XYWH"	"60 -400 150 10"
|   12350|DEBUG|2018/03/16|19:40| 			"DS_DELAY"	""
|   12350|DEBUG|2018/03/16|19:40| 			"F_KILL"	""
|   12350|DEBUG|2018/03/16|19:40| 			"F_LPOS"	""
|   12350|DEBUG|2018/03/16|19:40| 			"URL_DOC"	""
|   12350|DEBUG|2018/03/16|19:40| 		}
|   12350|DEBUG|2018/03/16|19:40| 		ELEM {
|   12350|DEBUG|2018/03/16|19:40| 			NB_PROP	"15"
|   12350|DEBUG|2018/03/16|19:40| 			"TO"	"JO0000000147"
|   12350|DEBUG|2018/03/16|19:40| 			"FROM"	"JO0000000196"
|   12350|DEBUG|2018/03/16|19:40| 			"v_groupexec"	""
|   12350|DEBUG|2018/03/16|19:40| 			"ID"	"LN0000000165"
|   12350|DEBUG|2018/03/16|19:40| 			"ID_ENV"	"EB0000000008"
|   12350|DEBUG|2018/03/16|19:40| 			"ID_APP"	""
|   12350|DEBUG|2018/03/16|19:40| 			"TYPE"	"2"
|   12350|DEBUG|2018/03/16|19:40| 			"V_DESC"	""
|   12350|DEBUG|2018/03/16|19:40| 			"V_USRNAME"	"LIE_23_X1"
|   12350|DEBUG|2018/03/16|19:40| 			"LTYPE"	"0"
|   12351|DEBUG|2018/03/16|19:40| 			"XYWH"	"1070 1870 60 80"
|   12351|DEBUG|2018/03/16|19:40| 			"DS_DELAY"	""
|   12351|DEBUG|2018/03/16|19:40| 			"F_KILL"	""
|   12351|DEBUG|2018/03/16|19:40| 			"F_LPOS"	""
|   12351|DEBUG|2018/03/16|19:40| 			"URL_DOC"	""
|   12351|DEBUG|2018/03/16|19:40| 		}
|   12351|DEBUG|2018/03/16|19:40| 		ELEM {
|   12351|DEBUG|2018/03/16|19:40| 			NB_PROP	"15"
|   12351|DEBUG|2018/03/16|19:40| 			"TO"	"JO0000000104"
|   12351|DEBUG|2018/03/16|19:40| 			"FROM"	"JO0000000251"
|   12351|DEBUG|2018/03/16|19:40| 			"v_groupexec"	""
|   12351|DEBUG|2018/03/16|19:40| 			"ID"	"LN0000000166"
|   12351|DEBUG|2018/03/16|19:40| 			"ID_ENV"	"EB0000000008"
|   12351|DEBUG|2018/03/16|19:40| 			"ID_APP"	""
|   12351|DEBUG|2018/03/16|19:40| 			"TYPE"	"2"
|   12351|DEBUG|2018/03/16|19:40| 			"V_DESC"	""
|   12351|DEBUG|2018/03/16|19:40| 			"V_USRNAME"	"LIE_24"
|   12351|DEBUG|2018/03/16|19:40| 			"LTYPE"	"0"
|   12351|DEBUG|2018/03/16|19:40| 			"XYWH"	"-180 -470 50 10"
|   12351|DEBUG|2018/03/16|19:40| 			"DS_DELAY"	""
|   12351|DEBUG|2018/03/16|19:40| 			"F_KILL"	""
|   12351|DEBUG|2018/03/16|19:40| 			"F_LPOS"	""
|   12351|DEBUG|2018/03/16|19:40| 			"URL_DOC"	""
|   12351|DEBUG|2018/03/16|19:40| 		}
|   12351|DEBUG|2018/03/16|19:40| 		ELEM {
|   12351|DEBUG|2018/03/16|19:40| 			NB_PROP	"15"
|   12351|DEBUG|2018/03/16|19:40| 			"TO"	"JO0000000260"
|   12351|DEBUG|2018/03/16|19:40| 			"FROM"	"JO0000000234"
|   12351|DEBUG|2018/03/16|19:40| 			"v_groupexec"	""
|   12351|DEBUG|2018/03/16|19:40| 			"ID"	"LN0000000167"
|   12351|DEBUG|2018/03/16|19:40| 			"ID_ENV"	"EB0000000008"
|   12351|DEBUG|2018/03/16|19:40| 			"ID_APP"	""
|   12351|DEBUG|2018/03/16|19:40| 			"TYPE"	"2"
|   12351|DEBUG|2018/03/16|19:40| 			"V_DESC"	""
|   12351|DEBUG|2018/03/16|19:40| 			"V_USRNAME"	"LIE_240"
|   12351|DEBUG|2018/03/16|19:40| 			"LTYPE"	"0"
|   12351|DEBUG|2018/03/16|19:40| 			"XYWH"	"970 -610 70 10"
|   12351|DEBUG|2018/03/16|19:40| 			"DS_DELAY"	""
|   12351|DEBUG|2018/03/16|19:40| 			"F_KILL"	""
|   12351|DEBUG|2018/03/16|19:40| 			"F_LPOS"	""
|   12351|DEBUG|2018/03/16|19:40| 			"URL_DOC"	""
|   12351|DEBUG|2018/03/16|19:40| 		}
|   12351|DEBUG|2018/03/16|19:40| 		ELEM {
|   12351|DEBUG|2018/03/16|19:40| 			NB_PROP	"15"
|   12351|DEBUG|2018/03/16|19:40| 			"TO"	"JO0000000384"
|   12351|DEBUG|2018/03/16|19:40| 			"FROM"	"JO0000000208"
|   12351|DEBUG|2018/03/16|19:40| 			"v_groupexec"	""
|   12351|DEBUG|2018/03/16|19:40| 			"ID"	"LN0000000168"
|   12351|DEBUG|2018/03/16|19:40| 			"ID_ENV"	"EB0000000008"
|   12351|DEBUG|2018/03/16|19:40| 			"ID_APP"	""
|   12351|DEBUG|2018/03/16|19:40| 			"TYPE"	"2"
|   12351|DEBUG|2018/03/16|19:40| 			"V_DESC"	""
|   12351|DEBUG|2018/03/16|19:40| 			"V_USRNAME"	"LIE_241"
|   12351|DEBUG|2018/03/16|19:40| 			"LTYPE"	"0"
|   12351|DEBUG|2018/03/16|19:40| 			"XYWH"	"-30 -590 30 10"
|   12351|DEBUG|2018/03/16|19:40| 			"DS_DELAY"	""
|   12351|DEBUG|2018/03/16|19:40| 			"F_KILL"	""
|   12351|DEBUG|2018/03/16|19:40| 			"F_LPOS"	""
|   12351|DEBUG|2018/03/16|19:40| 			"URL_DOC"	""
|   12351|DEBUG|2018/03/16|19:40| 		}
|   12351|DEBUG|2018/03/16|19:40| 		ELEM {
|   12351|DEBUG|2018/03/16|19:40| 			NB_PROP	"15"
|   12351|DEBUG|2018/03/16|19:40| 			"TO"	"JO0000000140"
|   12351|DEBUG|2018/03/16|19:40| 			"FROM"	"JO0000000260"
|   12351|DEBUG|2018/03/16|19:40| 			"v_groupexec"	""
|   12351|DEBUG|2018/03/16|19:40| 			"ID"	"LN0000000169"
|   12351|DEBUG|2018/03/16|19:40| 			"ID_ENV"	"EB0000000008"
|   12351|DEBUG|2018/03/16|19:40| 			"ID_APP"	""
|   12351|DEBUG|2018/03/16|19:40| 			"TYPE"	"2"
|   12351|DEBUG|2018/03/16|19:40| 			"V_DESC"	""
|   12351|DEBUG|2018/03/16|19:40| 			"V_USRNAME"	"LIE_242"
|   12351|DEBUG|2018/03/16|19:40| 			"LTYPE"	"0"
|   12351|DEBUG|2018/03/16|19:40| 			"XYWH"	"1070 -610 70 10"
|   12351|DEBUG|2018/03/16|19:40| 			"DS_DELAY"	""
|   12351|DEBUG|2018/03/16|19:40| 			"F_KILL"	""
|   12351|DEBUG|2018/03/16|19:40| 			"F_LPOS"	""
|   12351|DEBUG|2018/03/16|19:40| 			"URL_DOC"	""
|   12351|DEBUG|2018/03/16|19:40| 		}
|   12351|DEBUG|2018/03/16|19:40| 		ELEM {
|   12351|DEBUG|2018/03/16|19:40| 			NB_PROP	"15"
|   12351|DEBUG|2018/03/16|19:40| 			"TO"	"JO0000000212"
|   12351|DEBUG|2018/03/16|19:40| 			"FROM"	"JO0000000138"
|   12351|DEBUG|2018/03/16|19:40| 			"v_groupexec"	""
|   12351|DEBUG|2018/03/16|19:40| 			"ID"	"LN0000000170"
|   12351|DEBUG|2018/03/16|19:40| 			"ID_ENV"	"EB0000000008"
|   12351|DEBUG|2018/03/16|19:40| 			"ID_APP"	""
|   12351|DEBUG|2018/03/16|19:40| 			"TYPE"	"2"
|   12351|DEBUG|2018/03/16|19:40| 			"V_DESC"	""
|   12351|DEBUG|2018/03/16|19:40| 			"V_USRNAME"	"LIE_243"
|   12351|DEBUG|2018/03/16|19:40| 			"LTYPE"	"0"
|   12351|DEBUG|2018/03/16|19:40| 			"XYWH"	"660 -610 100 80"
|   12351|DEBUG|2018/03/16|19:40| 			"DS_DELAY"	""
|   12351|DEBUG|2018/03/16|19:40| 			"F_KILL"	""
|   12351|DEBUG|2018/03/16|19:40| 			"F_LPOS"	""
|   12351|DEBUG|2018/03/16|19:40| 			"URL_DOC"	""
|   12351|DEBUG|2018/03/16|19:40| 		}
|   12351|DEBUG|2018/03/16|19:40| 		ELEM {
|   12351|DEBUG|2018/03/16|19:40| 			NB_PROP	"15"
|   12351|DEBUG|2018/03/16|19:40| 			"TO"	"JO0000000386"
|   12351|DEBUG|2018/03/16|19:40| 			"FROM"	"JO0000000210"
|   12351|DEBUG|2018/03/16|19:40| 			"v_groupexec"	""
|   12351|DEBUG|2018/03/16|19:40| 			"ID"	"LN0000000171"
|   12351|DEBUG|2018/03/16|19:40| 			"ID_ENV"	"EB0000000008"
|   12351|DEBUG|2018/03/16|19:40| 			"ID_APP"	""
|   12351|DEBUG|2018/03/16|19:40| 			"TYPE"	"2"
|   12351|DEBUG|2018/03/16|19:40| 			"V_DESC"	""
|   12351|DEBUG|2018/03/16|19:40| 			"V_USRNAME"	"LIE_245"
|   12351|DEBUG|2018/03/16|19:40| 			"LTYPE"	"0"
|   12351|DEBUG|2018/03/16|19:40| 			"XYWH"	"-260 250 90 10"
|   12351|DEBUG|2018/03/16|19:40| 			"DS_DELAY"	""
|   12351|DEBUG|2018/03/16|19:40| 			"F_KILL"	""
|   12351|DEBUG|2018/03/16|19:40| 			"F_LPOS"	""
|   12351|DEBUG|2018/03/16|19:40| 			"URL_DOC"	""
|   12351|DEBUG|2018/03/16|19:40| 		}
|   12351|DEBUG|2018/03/16|19:40| 		ELEM {
|   12351|DEBUG|2018/03/16|19:40| 			NB_PROP	"15"
|   12351|DEBUG|2018/03/16|19:40| 			"TO"	"JO0000000139"
|   12351|DEBUG|2018/03/16|19:40| 			"FROM"	"JO0000000259"
|   12351|DEBUG|2018/03/16|19:40| 			"v_groupexec"	""
|   12351|DEBUG|2018/03/16|19:40| 			"ID"	"LN0000000172"
|   12351|DEBUG|2018/03/16|19:40| 			"ID_ENV"	"EB0000000008"
|   12351|DEBUG|2018/03/16|19:40| 			"ID_APP"	""
|   12351|DEBUG|2018/03/16|19:40| 			"TYPE"	"2"
|   12351|DEBUG|2018/03/16|19:40| 			"V_DESC"	""
|   12351|DEBUG|2018/03/16|19:40| 			"V_USRNAME"	"LIE_246"
|   12351|DEBUG|2018/03/16|19:40| 			"LTYPE"	"0"
|   12351|DEBUG|2018/03/16|19:40| 			"XYWH"	"860 -440 60 10"
|   12351|DEBUG|2018/03/16|19:40| 			"DS_DELAY"	""
|   12351|DEBUG|2018/03/16|19:40| 			"F_KILL"	""
|   12351|DEBUG|2018/03/16|19:40| 			"F_LPOS"	""
|   12351|DEBUG|2018/03/16|19:40| 			"URL_DOC"	""
|   12351|DEBUG|2018/03/16|19:40| 		}
|   12351|DEBUG|2018/03/16|19:40| 		ELEM {
|   12351|DEBUG|2018/03/16|19:40| 			NB_PROP	"15"
|   12351|DEBUG|2018/03/16|19:40| 			"TO"	"JO0000000235"
|   12351|DEBUG|2018/03/16|19:40| 			"FROM"	"JO0000000139"
|   12351|DEBUG|2018/03/16|19:40| 			"v_groupexec"	""
|   12351|DEBUG|2018/03/16|19:40| 			"ID"	"LN0000000173"
|   12351|DEBUG|2018/03/16|19:40| 			"ID_ENV"	"EB0000000008"
|   12351|DEBUG|2018/03/16|19:40| 			"ID_APP"	""
|   12351|DEBUG|2018/03/16|19:40| 			"TYPE"	"2"
|   12351|DEBUG|2018/03/16|19:40| 			"V_DESC"	""
|   12351|DEBUG|2018/03/16|19:40| 			"V_USRNAME"	"LIE_247"
|   12351|DEBUG|2018/03/16|19:40| 			"LTYPE"	"0"
|   12351|DEBUG|2018/03/16|19:40| 			"XYWH"	"950 -440 60 10"
|   12351|DEBUG|2018/03/16|19:40| 			"DS_DELAY"	""
|   12351|DEBUG|2018/03/16|19:40| 			"F_KILL"	""
|   12351|DEBUG|2018/03/16|19:40| 			"F_LPOS"	""
|   12351|DEBUG|2018/03/16|19:40| 			"URL_DOC"	""
|   12351|DEBUG|2018/03/16|19:40| 		}
|   12351|DEBUG|2018/03/16|19:40| 		ELEM {
|   12351|DEBUG|2018/03/16|19:40| 			NB_PROP	"15"
|   12351|DEBUG|2018/03/16|19:40| 			"TO"	"JO0000000387"
|   12351|DEBUG|2018/03/16|19:40| 			"FROM"	"JO0000000211"
|   12351|DEBUG|2018/03/16|19:40| 			"v_groupexec"	""
|   12351|DEBUG|2018/03/16|19:40| 			"ID"	"LN0000000174"
|   12351|DEBUG|2018/03/16|19:40| 			"ID_ENV"	"EB0000000008"
|   12351|DEBUG|2018/03/16|19:40| 			"ID_APP"	""
|   12351|DEBUG|2018/03/16|19:40| 			"TYPE"	"2"
|   12351|DEBUG|2018/03/16|19:40| 			"V_DESC"	""
|   12351|DEBUG|2018/03/16|19:40| 			"V_USRNAME"	"LIE_248"
|   12351|DEBUG|2018/03/16|19:40| 			"LTYPE"	"0"
|   12351|DEBUG|2018/03/16|19:40| 			"XYWH"	"-20 250 70 10"
|   12351|DEBUG|2018/03/16|19:40| 			"DS_DELAY"	""
|   12351|DEBUG|2018/03/16|19:40| 			"F_KILL"	""
|   12351|DEBUG|2018/03/16|19:40| 			"F_LPOS"	""
|   12351|DEBUG|2018/03/16|19:40| 			"URL_DOC"	""
|   12351|DEBUG|2018/03/16|19:40| 		}
|   12351|DEBUG|2018/03/16|19:40| 		ELEM {
|   12351|DEBUG|2018/03/16|19:40| 			NB_PROP	"15"
|   12351|DEBUG|2018/03/16|19:40| 			"TO"	"JO0000000311"
|   12351|DEBUG|2018/03/16|19:40| 			"FROM"	"JO0000000199"
|   12351|DEBUG|2018/03/16|19:40| 			"v_groupexec"	""
|   12351|DEBUG|2018/03/16|19:40| 			"ID"	"LN0000000175"
|   12351|DEBUG|2018/03/16|19:40| 			"ID_ENV"	"EB0000000008"
|   12351|DEBUG|2018/03/16|19:40| 			"ID_APP"	""
|   12351|DEBUG|2018/03/16|19:40| 			"TYPE"	"2"
|   12351|DEBUG|2018/03/16|19:40| 			"V_DESC"	""
|   12351|DEBUG|2018/03/16|19:40| 			"V_USRNAME"	"LIE_249"
|   12351|DEBUG|2018/03/16|19:40| 			"LTYPE"	"0"
|   12351|DEBUG|2018/03/16|19:40| 			"XYWH"	"540 3200 10 40"
|   12351|DEBUG|2018/03/16|19:40| 			"DS_DELAY"	""
|   12351|DEBUG|2018/03/16|19:40| 			"F_KILL"	""
|   12351|DEBUG|2018/03/16|19:40| 			"F_LPOS"	""
|   12351|DEBUG|2018/03/16|19:40| 			"URL_DOC"	""
|   12351|DEBUG|2018/03/16|19:40| 		}
|   12351|DEBUG|2018/03/16|19:40| 		ELEM {
|   12351|DEBUG|2018/03/16|19:40| 			NB_PROP	"15"
|   12351|DEBUG|2018/03/16|19:40| 			"TO"	"JO0000000310"
|   12351|DEBUG|2018/03/16|19:40| 			"FROM"	"JO0000000209"
|   12351|DEBUG|2018/03/16|19:40| 			"v_groupexec"	""
|   12351|DEBUG|2018/03/16|19:40| 			"ID"	"LN0000000176"
|   12351|DEBUG|2018/03/16|19:40| 			"ID_ENV"	"EB0000000008"
|   12352|DEBUG|2018/03/16|19:40| 			"ID_APP"	""
|   12352|DEBUG|2018/03/16|19:40| 			"TYPE"	"2"
|   12352|DEBUG|2018/03/16|19:40| 			"V_DESC"	""
|   12352|DEBUG|2018/03/16|19:40| 			"V_USRNAME"	"LIE_249_C0_X1"
|   12352|DEBUG|2018/03/16|19:40| 			"LTYPE"	"0"
|   12352|DEBUG|2018/03/16|19:40| 			"XYWH"	"540 3200 10 40"
|   12352|DEBUG|2018/03/16|19:40| 			"DS_DELAY"	""
|   12352|DEBUG|2018/03/16|19:40| 			"F_KILL"	""
|   12352|DEBUG|2018/03/16|19:40| 			"F_LPOS"	""
|   12352|DEBUG|2018/03/16|19:40| 			"URL_DOC"	""
|   12352|DEBUG|2018/03/16|19:40| 		}
|   12352|DEBUG|2018/03/16|19:40| 		ELEM {
|   12352|DEBUG|2018/03/16|19:40| 			NB_PROP	"15"
|   12352|DEBUG|2018/03/16|19:40| 			"TO"	"JO0000000182"
|   12352|DEBUG|2018/03/16|19:40| 			"FROM"	"JO0000000313"
|   12352|DEBUG|2018/03/16|19:40| 			"v_groupexec"	""
|   12352|DEBUG|2018/03/16|19:40| 			"ID"	"LN0000000177"
|   12352|DEBUG|2018/03/16|19:40| 			"ID_ENV"	"EB0000000008"
|   12352|DEBUG|2018/03/16|19:40| 			"ID_APP"	""
|   12352|DEBUG|2018/03/16|19:40| 			"TYPE"	"2"
|   12352|DEBUG|2018/03/16|19:40| 			"V_DESC"	""
|   12352|DEBUG|2018/03/16|19:40| 			"V_USRNAME"	"LIE_25"
|   12352|DEBUG|2018/03/16|19:40| 			"LTYPE"	"0"
|   12352|DEBUG|2018/03/16|19:40| 			"XYWH"	"320 -300 10 60"
|   12352|DEBUG|2018/03/16|19:40| 			"DS_DELAY"	""
|   12352|DEBUG|2018/03/16|19:40| 			"F_KILL"	""
|   12352|DEBUG|2018/03/16|19:40| 			"F_LPOS"	""
|   12352|DEBUG|2018/03/16|19:40| 			"URL_DOC"	""
|   12352|DEBUG|2018/03/16|19:40| 		}
|   12352|DEBUG|2018/03/16|19:40| 		ELEM {
|   12352|DEBUG|2018/03/16|19:40| 			NB_PROP	"15"
|   12352|DEBUG|2018/03/16|19:40| 			"TO"	"JO0000000261"
|   12352|DEBUG|2018/03/16|19:40| 			"FROM"	"JO0000000235"
|   12352|DEBUG|2018/03/16|19:40| 			"v_groupexec"	""
|   12352|DEBUG|2018/03/16|19:40| 			"ID"	"LN0000000178"
|   12352|DEBUG|2018/03/16|19:40| 			"ID_ENV"	"EB0000000008"
|   12352|DEBUG|2018/03/16|19:40| 			"ID_APP"	""
|   12352|DEBUG|2018/03/16|19:40| 			"TYPE"	"2"
|   12352|DEBUG|2018/03/16|19:40| 			"V_DESC"	""
|   12352|DEBUG|2018/03/16|19:40| 			"V_USRNAME"	"LIE_250"
|   12352|DEBUG|2018/03/16|19:40| 			"LTYPE"	"0"
|   12352|DEBUG|2018/03/16|19:40| 			"XYWH"	"1040 -440 70 10"
|   12352|DEBUG|2018/03/16|19:40| 			"DS_DELAY"	""
|   12352|DEBUG|2018/03/16|19:40| 			"F_KILL"	""
|   12352|DEBUG|2018/03/16|19:40| 			"F_LPOS"	""
|   12352|DEBUG|2018/03/16|19:40| 			"URL_DOC"	""
|   12352|DEBUG|2018/03/16|19:40| 		}
|   12352|DEBUG|2018/03/16|19:40| 		ELEM {
|   12352|DEBUG|2018/03/16|19:40| 			NB_PROP	"15"
|   12352|DEBUG|2018/03/16|19:40| 			"TO"	"JO0000000141"
|   12352|DEBUG|2018/03/16|19:40| 			"FROM"	"JO0000000261"
|   12352|DEBUG|2018/03/16|19:40| 			"v_groupexec"	""
|   12352|DEBUG|2018/03/16|19:40| 			"ID"	"LN0000000179"
|   12352|DEBUG|2018/03/16|19:40| 			"ID_ENV"	"EB0000000008"
|   12352|DEBUG|2018/03/16|19:40| 			"ID_APP"	""
|   12352|DEBUG|2018/03/16|19:40| 			"TYPE"	"2"
|   12352|DEBUG|2018/03/16|19:40| 			"V_DESC"	""
|   12352|DEBUG|2018/03/16|19:40| 			"V_USRNAME"	"LIE_251"
|   12352|DEBUG|2018/03/16|19:40| 			"LTYPE"	"0"
|   12352|DEBUG|2018/03/16|19:40| 			"XYWH"	"1140 -440 70 10"
|   12352|DEBUG|2018/03/16|19:40| 			"DS_DELAY"	""
|   12352|DEBUG|2018/03/16|19:40| 			"F_KILL"	""
|   12352|DEBUG|2018/03/16|19:40| 			"F_LPOS"	""
|   12352|DEBUG|2018/03/16|19:40| 			"URL_DOC"	""
|   12352|DEBUG|2018/03/16|19:40| 		}
|   12352|DEBUG|2018/03/16|19:40| 		ELEM {
|   12352|DEBUG|2018/03/16|19:40| 			NB_PROP	"15"
|   12352|DEBUG|2018/03/16|19:40| 			"TO"	"JO0000000392"
|   12352|DEBUG|2018/03/16|19:40| 			"FROM"	"JO0000000141"
|   12352|DEBUG|2018/03/16|19:40| 			"v_groupexec"	""
|   12352|DEBUG|2018/03/16|19:40| 			"ID"	"LN0000000180"
|   12352|DEBUG|2018/03/16|19:40| 			"ID_ENV"	"EB0000000008"
|   12352|DEBUG|2018/03/16|19:40| 			"ID_APP"	""
|   12352|DEBUG|2018/03/16|19:40| 			"TYPE"	"2"
|   12352|DEBUG|2018/03/16|19:40| 			"V_DESC"	""
|   12352|DEBUG|2018/03/16|19:40| 			"V_USRNAME"	"LIE_252"
|   12352|DEBUG|2018/03/16|19:40| 			"LTYPE"	"0"
|   12352|DEBUG|2018/03/16|19:40| 			"XYWH"	"1240 -440 60 10"
|   12352|DEBUG|2018/03/16|19:40| 			"DS_DELAY"	""
|   12352|DEBUG|2018/03/16|19:40| 			"F_KILL"	""
|   12352|DEBUG|2018/03/16|19:40| 			"F_LPOS"	"1"
|   12352|DEBUG|2018/03/16|19:40| 			"URL_DOC"	""
|   12352|DEBUG|2018/03/16|19:40| 		}
|   12352|DEBUG|2018/03/16|19:40| 		ELEM {
|   12352|DEBUG|2018/03/16|19:40| 			NB_PROP	"15"
|   12352|DEBUG|2018/03/16|19:40| 			"TO"	"JO0000000213"
|   12352|DEBUG|2018/03/16|19:40| 			"FROM"	"JO0000000139"
|   12352|DEBUG|2018/03/16|19:40| 			"v_groupexec"	""
|   12352|DEBUG|2018/03/16|19:40| 			"ID"	"LN0000000181"
|   12352|DEBUG|2018/03/16|19:40| 			"ID_ENV"	"EB0000000008"
|   12352|DEBUG|2018/03/16|19:40| 			"ID_APP"	""
|   12352|DEBUG|2018/03/16|19:40| 			"TYPE"	"2"
|   12352|DEBUG|2018/03/16|19:40| 			"V_DESC"	""
|   12352|DEBUG|2018/03/16|19:40| 			"V_USRNAME"	"LIE_253"
|   12352|DEBUG|2018/03/16|19:40| 			"LTYPE"	"0"
|   12352|DEBUG|2018/03/16|19:40| 			"XYWH"	"640 -440 190 90"
|   12352|DEBUG|2018/03/16|19:40| 			"DS_DELAY"	""
|   12352|DEBUG|2018/03/16|19:40| 			"F_KILL"	""
|   12352|DEBUG|2018/03/16|19:40| 			"F_LPOS"	""
|   12352|DEBUG|2018/03/16|19:40| 			"URL_DOC"	""
|   12352|DEBUG|2018/03/16|19:40| 		}
|   12352|DEBUG|2018/03/16|19:40| 		ELEM {
|   12352|DEBUG|2018/03/16|19:40| 			NB_PROP	"15"
|   12352|DEBUG|2018/03/16|19:40| 			"TO"	"JO0000000181"
|   12352|DEBUG|2018/03/16|19:40| 			"FROM"	"JO0000000311"
|   12352|DEBUG|2018/03/16|19:40| 			"v_groupexec"	""
|   12352|DEBUG|2018/03/16|19:40| 			"ID"	"LN0000000182"
|   12352|DEBUG|2018/03/16|19:40| 			"ID_ENV"	"EB0000000008"
|   12352|DEBUG|2018/03/16|19:40| 			"ID_APP"	""
|   12352|DEBUG|2018/03/16|19:40| 			"TYPE"	"2"
|   12352|DEBUG|2018/03/16|19:40| 			"V_DESC"	""
|   12352|DEBUG|2018/03/16|19:40| 			"V_USRNAME"	"LIE_254"
|   12352|DEBUG|2018/03/16|19:40| 			"LTYPE"	"0"
|   12352|DEBUG|2018/03/16|19:40| 			"XYWH"	"560 3250 60 10"
|   12352|DEBUG|2018/03/16|19:40| 			"DS_DELAY"	""
|   12352|DEBUG|2018/03/16|19:40| 			"F_KILL"	""
|   12352|DEBUG|2018/03/16|19:40| 			"F_LPOS"	""
|   12352|DEBUG|2018/03/16|19:40| 			"URL_DOC"	""
|   12352|DEBUG|2018/03/16|19:40| 		}
|   12352|DEBUG|2018/03/16|19:40| 		ELEM {
|   12352|DEBUG|2018/03/16|19:40| 			NB_PROP	"15"
|   12352|DEBUG|2018/03/16|19:40| 			"TO"	"JO0000000249"
|   12352|DEBUG|2018/03/16|19:40| 			"FROM"	"JO0000000135"
|   12352|DEBUG|2018/03/16|19:40| 			"v_groupexec"	""
|   12352|DEBUG|2018/03/16|19:40| 			"ID"	"LN0000000183"
|   12352|DEBUG|2018/03/16|19:40| 			"ID_ENV"	"EB0000000008"
|   12352|DEBUG|2018/03/16|19:40| 			"ID_APP"	""
|   12352|DEBUG|2018/03/16|19:40| 			"TYPE"	"2"
|   12352|DEBUG|2018/03/16|19:40| 			"V_DESC"	""
|   12352|DEBUG|2018/03/16|19:40| 			"V_USRNAME"	"LIE_255"
|   12352|DEBUG|2018/03/16|19:40| 			"LTYPE"	"0"
|   12352|DEBUG|2018/03/16|19:40| 			"XYWH"	"50 -470 50 10"
|   12352|DEBUG|2018/03/16|19:40| 			"DS_DELAY"	""
|   12352|DEBUG|2018/03/16|19:40| 			"F_KILL"	""
|   12352|DEBUG|2018/03/16|19:40| 			"F_LPOS"	""
|   12352|DEBUG|2018/03/16|19:40| 			"URL_DOC"	""
|   12352|DEBUG|2018/03/16|19:40| 		}
|   12352|DEBUG|2018/03/16|19:40| 		ELEM {
|   12352|DEBUG|2018/03/16|19:40| 			NB_PROP	"15"
|   12352|DEBUG|2018/03/16|19:40| 			"TO"	"JO0000000243"
|   12352|DEBUG|2018/03/16|19:40| 			"FROM"	"JO0000000132"
|   12352|DEBUG|2018/03/16|19:40| 			"v_groupexec"	""
|   12352|DEBUG|2018/03/16|19:40| 			"ID"	"LN0000000184"
|   12352|DEBUG|2018/03/16|19:40| 			"ID_ENV"	"EB0000000008"
|   12352|DEBUG|2018/03/16|19:40| 			"ID_APP"	""
|   12352|DEBUG|2018/03/16|19:40| 			"TYPE"	"2"
|   12352|DEBUG|2018/03/16|19:40| 			"V_DESC"	""
|   12352|DEBUG|2018/03/16|19:40| 			"V_USRNAME"	"LIE_256"
|   12352|DEBUG|2018/03/16|19:40| 			"LTYPE"	"0"
|   12352|DEBUG|2018/03/16|19:40| 			"XYWH"	"-120 -400 60 10"
|   12352|DEBUG|2018/03/16|19:40| 			"DS_DELAY"	""
|   12352|DEBUG|2018/03/16|19:40| 			"F_KILL"	""
|   12352|DEBUG|2018/03/16|19:40| 			"F_LPOS"	""
|   12352|DEBUG|2018/03/16|19:40| 			"URL_DOC"	""
|   12352|DEBUG|2018/03/16|19:40| 		}
|   12352|DEBUG|2018/03/16|19:40| 		ELEM {
|   12352|DEBUG|2018/03/16|19:40| 			NB_PROP	"15"
|   12352|DEBUG|2018/03/16|19:40| 			"TO"	"JO0000000248"
|   12352|DEBUG|2018/03/16|19:40| 			"FROM"	"JO0000000134"
|   12352|DEBUG|2018/03/16|19:40| 			"v_groupexec"	""
|   12352|DEBUG|2018/03/16|19:40| 			"ID"	"LN0000000185"
|   12352|DEBUG|2018/03/16|19:40| 			"ID_ENV"	"EB0000000008"
|   12352|DEBUG|2018/03/16|19:40| 			"ID_APP"	""
|   12352|DEBUG|2018/03/16|19:40| 			"TYPE"	"2"
|   12352|DEBUG|2018/03/16|19:40| 			"V_DESC"	""
|   12352|DEBUG|2018/03/16|19:40| 			"V_USRNAME"	"LIE_257"
|   12352|DEBUG|2018/03/16|19:40| 			"LTYPE"	"0"
|   12352|DEBUG|2018/03/16|19:40| 			"XYWH"	"-180 -340 280 80"
|   12352|DEBUG|2018/03/16|19:40| 			"DS_DELAY"	""
|   12352|DEBUG|2018/03/16|19:40| 			"F_KILL"	""
|   12352|DEBUG|2018/03/16|19:40| 			"F_LPOS"	""
|   12352|DEBUG|2018/03/16|19:40| 			"URL_DOC"	""
|   12352|DEBUG|2018/03/16|19:40| 		}
|   12352|DEBUG|2018/03/16|19:40| 		ELEM {
|   12352|DEBUG|2018/03/16|19:40| 			NB_PROP	"15"
|   12352|DEBUG|2018/03/16|19:40| 			"TO"	"JO0000000247"
|   12352|DEBUG|2018/03/16|19:40| 			"FROM"	"JO0000000133"
|   12352|DEBUG|2018/03/16|19:40| 			"v_groupexec"	""
|   12352|DEBUG|2018/03/16|19:40| 			"ID"	"LN0000000186"
|   12352|DEBUG|2018/03/16|19:40| 			"ID_ENV"	"EB0000000008"
|   12352|DEBUG|2018/03/16|19:40| 			"ID_APP"	""
|   12352|DEBUG|2018/03/16|19:40| 			"TYPE"	"2"
|   12352|DEBUG|2018/03/16|19:40| 			"V_DESC"	""
|   12352|DEBUG|2018/03/16|19:40| 			"V_USRNAME"	"LIE_258"
|   12352|DEBUG|2018/03/16|19:40| 			"LTYPE"	"0"
|   12352|DEBUG|2018/03/16|19:40| 			"XYWH"	"60 -260 50 10"
|   12353|DEBUG|2018/03/16|19:40| 			"DS_DELAY"	""
|   12353|DEBUG|2018/03/16|19:40| 			"F_KILL"	""
|   12353|DEBUG|2018/03/16|19:40| 			"F_LPOS"	""
|   12353|DEBUG|2018/03/16|19:40| 			"URL_DOC"	""
|   12353|DEBUG|2018/03/16|19:40| 		}
|   12353|DEBUG|2018/03/16|19:40| 		ELEM {
|   12353|DEBUG|2018/03/16|19:40| 			NB_PROP	"15"
|   12353|DEBUG|2018/03/16|19:40| 			"TO"	"JO0000000242"
|   12353|DEBUG|2018/03/16|19:40| 			"FROM"	"JO0000000131"
|   12353|DEBUG|2018/03/16|19:40| 			"v_groupexec"	""
|   12353|DEBUG|2018/03/16|19:40| 			"ID"	"LN0000000187"
|   12353|DEBUG|2018/03/16|19:40| 			"ID_ENV"	"EB0000000008"
|   12353|DEBUG|2018/03/16|19:40| 			"ID_APP"	""
|   12353|DEBUG|2018/03/16|19:40| 			"TYPE"	"2"
|   12353|DEBUG|2018/03/16|19:40| 			"V_DESC"	""
|   12353|DEBUG|2018/03/16|19:40| 			"V_USRNAME"	"LIE_259"
|   12353|DEBUG|2018/03/16|19:40| 			"LTYPE"	"0"
|   12353|DEBUG|2018/03/16|19:40| 			"XYWH"	"-110 -190 60 10"
|   12353|DEBUG|2018/03/16|19:40| 			"DS_DELAY"	""
|   12353|DEBUG|2018/03/16|19:40| 			"F_KILL"	""
|   12353|DEBUG|2018/03/16|19:40| 			"F_LPOS"	""
|   12353|DEBUG|2018/03/16|19:40| 			"URL_DOC"	""
|   12353|DEBUG|2018/03/16|19:40| 		}
|   12353|DEBUG|2018/03/16|19:40| 		ELEM {
|   12353|DEBUG|2018/03/16|19:40| 			NB_PROP	"15"
|   12353|DEBUG|2018/03/16|19:40| 			"TO"	"JO0000000265"
|   12353|DEBUG|2018/03/16|19:40| 			"FROM"	"JO0000000096"
|   12353|DEBUG|2018/03/16|19:40| 			"v_groupexec"	""
|   12353|DEBUG|2018/03/16|19:40| 			"ID"	"LN0000000188"
|   12353|DEBUG|2018/03/16|19:40| 			"ID_ENV"	"EB0000000008"
|   12353|DEBUG|2018/03/16|19:40| 			"ID_APP"	""
|   12353|DEBUG|2018/03/16|19:40| 			"TYPE"	"2"
|   12353|DEBUG|2018/03/16|19:40| 			"V_DESC"	""
|   12353|DEBUG|2018/03/16|19:40| 			"V_USRNAME"	"LIE_25_X1"
|   12353|DEBUG|2018/03/16|19:40| 			"LTYPE"	"0"
|   12353|DEBUG|2018/03/16|19:40| 			"XYWH"	"270 -1500 100 70"
|   12353|DEBUG|2018/03/16|19:40| 			"DS_DELAY"	""
|   12353|DEBUG|2018/03/16|19:40| 			"F_KILL"	""
|   12353|DEBUG|2018/03/16|19:40| 			"F_LPOS"	""
|   12353|DEBUG|2018/03/16|19:40| 			"URL_DOC"	""
|   12353|DEBUG|2018/03/16|19:40| 		}
|   12353|DEBUG|2018/03/16|19:40| 		ELEM {
|   12353|DEBUG|2018/03/16|19:40| 			NB_PROP	"15"
|   12353|DEBUG|2018/03/16|19:40| 			"TO"	"JO0000000192"
|   12353|DEBUG|2018/03/16|19:40| 			"FROM"	"JO0000000291"
|   12353|DEBUG|2018/03/16|19:40| 			"v_groupexec"	""
|   12353|DEBUG|2018/03/16|19:40| 			"ID"	"LN0000000189"
|   12353|DEBUG|2018/03/16|19:40| 			"ID_ENV"	"EB0000000008"
|   12353|DEBUG|2018/03/16|19:40| 			"ID_APP"	""
|   12353|DEBUG|2018/03/16|19:40| 			"TYPE"	"2"
|   12353|DEBUG|2018/03/16|19:40| 			"V_DESC"	""
|   12353|DEBUG|2018/03/16|19:40| 			"V_USRNAME"	"LIE_26"
|   12353|DEBUG|2018/03/16|19:40| 			"LTYPE"	"0"
|   12353|DEBUG|2018/03/16|19:40| 			"XYWH"	"-30 620 100 40"
|   12353|DEBUG|2018/03/16|19:40| 			"DS_DELAY"	""
|   12353|DEBUG|2018/03/16|19:40| 			"F_KILL"	""
|   12353|DEBUG|2018/03/16|19:40| 			"F_LPOS"	""
|   12353|DEBUG|2018/03/16|19:40| 			"URL_DOC"	""
|   12353|DEBUG|2018/03/16|19:40| 		}
|   12353|DEBUG|2018/03/16|19:40| 		ELEM {
|   12353|DEBUG|2018/03/16|19:40| 			NB_PROP	"15"
|   12353|DEBUG|2018/03/16|19:40| 			"TO"	"JO0000000388"
|   12353|DEBUG|2018/03/16|19:40| 			"FROM"	"JO0000000181"
|   12353|DEBUG|2018/03/16|19:40| 			"v_groupexec"	""
|   12353|DEBUG|2018/03/16|19:40| 			"ID"	"LN0000000190"
|   12353|DEBUG|2018/03/16|19:40| 			"ID_ENV"	"EB0000000008"
|   12353|DEBUG|2018/03/16|19:40| 			"ID_APP"	""
|   12353|DEBUG|2018/03/16|19:40| 			"TYPE"	"2"
|   12353|DEBUG|2018/03/16|19:40| 			"V_DESC"	""
|   12353|DEBUG|2018/03/16|19:40| 			"V_USRNAME"	"LIE_263"
|   12353|DEBUG|2018/03/16|19:40| 			"LTYPE"	"0"
|   12353|DEBUG|2018/03/16|19:40| 			"XYWH"	"650 3250 60 10"
|   12353|DEBUG|2018/03/16|19:40| 			"DS_DELAY"	""
|   12353|DEBUG|2018/03/16|19:40| 			"F_KILL"	""
|   12353|DEBUG|2018/03/16|19:40| 			"F_LPOS"	""
|   12353|DEBUG|2018/03/16|19:40| 			"URL_DOC"	""
|   12353|DEBUG|2018/03/16|19:40| 		}
|   12353|DEBUG|2018/03/16|19:40| 		ELEM {
|   12353|DEBUG|2018/03/16|19:40| 			NB_PROP	"15"
|   12353|DEBUG|2018/03/16|19:40| 			"TO"	"JO0000000232"
|   12353|DEBUG|2018/03/16|19:40| 			"FROM"	"JO0000000110"
|   12353|DEBUG|2018/03/16|19:40| 			"v_groupexec"	""
|   12353|DEBUG|2018/03/16|19:40| 			"ID"	"LN0000000191"
|   12353|DEBUG|2018/03/16|19:40| 			"ID_ENV"	"EB0000000008"
|   12353|DEBUG|2018/03/16|19:40| 			"ID_APP"	""
|   12353|DEBUG|2018/03/16|19:40| 			"TYPE"	"2"
|   12353|DEBUG|2018/03/16|19:40| 			"V_DESC"	""
|   12353|DEBUG|2018/03/16|19:40| 			"V_USRNAME"	"LIE_266"
|   12353|DEBUG|2018/03/16|19:40| 			"LTYPE"	"0"
|   12353|DEBUG|2018/03/16|19:40| 			"XYWH"	"480 -680 90 70"
|   12353|DEBUG|2018/03/16|19:40| 			"DS_DELAY"	""
|   12353|DEBUG|2018/03/16|19:40| 			"F_KILL"	""
|   12353|DEBUG|2018/03/16|19:40| 			"F_LPOS"	""
|   12353|DEBUG|2018/03/16|19:40| 			"URL_DOC"	""
|   12353|DEBUG|2018/03/16|19:40| 		}
|   12353|DEBUG|2018/03/16|19:40| 		ELEM {
|   12353|DEBUG|2018/03/16|19:40| 			NB_PROP	"15"
|   12353|DEBUG|2018/03/16|19:40| 			"TO"	"JO0000000112"
|   12353|DEBUG|2018/03/16|19:40| 			"FROM"	"JO0000000138"
|   12353|DEBUG|2018/03/16|19:40| 			"v_groupexec"	""
|   12353|DEBUG|2018/03/16|19:40| 			"ID"	"LN0000000192"
|   12353|DEBUG|2018/03/16|19:40| 			"ID_ENV"	"EB0000000008"
|   12353|DEBUG|2018/03/16|19:40| 			"ID_APP"	""
|   12353|DEBUG|2018/03/16|19:40| 			"TYPE"	"2"
|   12353|DEBUG|2018/03/16|19:40| 			"V_DESC"	""
|   12353|DEBUG|2018/03/16|19:40| 			"V_USRNAME"	"LIE_267"
|   12353|DEBUG|2018/03/16|19:40| 			"LTYPE"	"0"
|   12353|DEBUG|2018/03/16|19:40| 			"XYWH"	"790 -610 60 60"
|   12353|DEBUG|2018/03/16|19:40| 			"DS_DELAY"	""
|   12353|DEBUG|2018/03/16|19:40| 			"F_KILL"	""
|   12353|DEBUG|2018/03/16|19:40| 			"F_LPOS"	""
|   12353|DEBUG|2018/03/16|19:40| 			"URL_DOC"	""
|   12353|DEBUG|2018/03/16|19:40| 		}
|   12353|DEBUG|2018/03/16|19:40| 		ELEM {
|   12353|DEBUG|2018/03/16|19:40| 			NB_PROP	"15"
|   12353|DEBUG|2018/03/16|19:40| 			"TO"	"JO0000000186"
|   12353|DEBUG|2018/03/16|19:40| 			"FROM"	"JO0000000168"
|   12353|DEBUG|2018/03/16|19:40| 			"v_groupexec"	""
|   12353|DEBUG|2018/03/16|19:40| 			"ID"	"LN0000000193"
|   12353|DEBUG|2018/03/16|19:40| 			"ID_ENV"	"EB0000000008"
|   12353|DEBUG|2018/03/16|19:40| 			"ID_APP"	""
|   12353|DEBUG|2018/03/16|19:40| 			"TYPE"	"2"
|   12353|DEBUG|2018/03/16|19:40| 			"V_DESC"	""
|   12353|DEBUG|2018/03/16|19:40| 			"V_USRNAME"	"LIE_268"
|   12353|DEBUG|2018/03/16|19:40| 			"LTYPE"	"0"
|   12353|DEBUG|2018/03/16|19:40| 			"XYWH"	"-360 3510 10 20"
|   12353|DEBUG|2018/03/16|19:40| 			"DS_DELAY"	""
|   12353|DEBUG|2018/03/16|19:40| 			"F_KILL"	""
|   12353|DEBUG|2018/03/16|19:40| 			"F_LPOS"	""
|   12353|DEBUG|2018/03/16|19:40| 			"URL_DOC"	""
|   12353|DEBUG|2018/03/16|19:40| 		}
|   12353|DEBUG|2018/03/16|19:40| 		ELEM {
|   12353|DEBUG|2018/03/16|19:40| 			NB_PROP	"15"
|   12353|DEBUG|2018/03/16|19:40| 			"TO"	"JO0000000147"
|   12353|DEBUG|2018/03/16|19:40| 			"FROM"	"JO0000000186"
|   12353|DEBUG|2018/03/16|19:40| 			"v_groupexec"	""
|   12353|DEBUG|2018/03/16|19:40| 			"ID"	"LN0000000194"
|   12353|DEBUG|2018/03/16|19:40| 			"ID_ENV"	"EB0000000008"
|   12353|DEBUG|2018/03/16|19:40| 			"ID_APP"	""
|   12353|DEBUG|2018/03/16|19:40| 			"TYPE"	"2"
|   12353|DEBUG|2018/03/16|19:40| 			"V_DESC"	""
|   12353|DEBUG|2018/03/16|19:40| 			"V_USRNAME"	"LIE_269"
|   12353|DEBUG|2018/03/16|19:40| 			"LTYPE"	"0"
|   12353|DEBUG|2018/03/16|19:40| 			"XYWH"	"-350 3540 140 70"
|   12353|DEBUG|2018/03/16|19:40| 			"DS_DELAY"	""
|   12353|DEBUG|2018/03/16|19:40| 			"F_KILL"	""
|   12353|DEBUG|2018/03/16|19:40| 			"F_LPOS"	""
|   12353|DEBUG|2018/03/16|19:40| 			"URL_DOC"	""
|   12353|DEBUG|2018/03/16|19:40| 		}
|   12353|DEBUG|2018/03/16|19:40| 		ELEM {
|   12353|DEBUG|2018/03/16|19:40| 			NB_PROP	"15"
|   12353|DEBUG|2018/03/16|19:40| 			"TO"	"JO0000000191"
|   12353|DEBUG|2018/03/16|19:40| 			"FROM"	"JO0000000291"
|   12353|DEBUG|2018/03/16|19:40| 			"v_groupexec"	""
|   12353|DEBUG|2018/03/16|19:40| 			"ID"	"LN0000000195"
|   12353|DEBUG|2018/03/16|19:40| 			"ID_ENV"	"EB0000000008"
|   12353|DEBUG|2018/03/16|19:40| 			"ID_APP"	""
|   12353|DEBUG|2018/03/16|19:40| 			"TYPE"	"2"
|   12353|DEBUG|2018/03/16|19:40| 			"V_DESC"	""
|   12353|DEBUG|2018/03/16|19:40| 			"V_USRNAME"	"LIE_27"
|   12353|DEBUG|2018/03/16|19:40| 			"LTYPE"	"0"
|   12353|DEBUG|2018/03/16|19:40| 			"XYWH"	"70 620 130 60"
|   12353|DEBUG|2018/03/16|19:40| 			"DS_DELAY"	""
|   12353|DEBUG|2018/03/16|19:40| 			"F_KILL"	""
|   12353|DEBUG|2018/03/16|19:40| 			"F_LPOS"	""
|   12353|DEBUG|2018/03/16|19:40| 			"URL_DOC"	""
|   12353|DEBUG|2018/03/16|19:40| 		}
|   12353|DEBUG|2018/03/16|19:40| 		ELEM {
|   12353|DEBUG|2018/03/16|19:40| 			NB_PROP	"15"
|   12353|DEBUG|2018/03/16|19:40| 			"TO"	"JO0000000149"
|   12353|DEBUG|2018/03/16|19:40| 			"FROM"	"JO0000000178"
|   12353|DEBUG|2018/03/16|19:40| 			"v_groupexec"	""
|   12353|DEBUG|2018/03/16|19:40| 			"ID"	"LN0000000196"
|   12353|DEBUG|2018/03/16|19:40| 			"ID_ENV"	"EB0000000008"
|   12353|DEBUG|2018/03/16|19:40| 			"ID_APP"	""
|   12353|DEBUG|2018/03/16|19:40| 			"TYPE"	"2"
|   12353|DEBUG|2018/03/16|19:40| 			"V_DESC"	""
|   12353|DEBUG|2018/03/16|19:40| 			"V_USRNAME"	"LIE_272"
|   12353|DEBUG|2018/03/16|19:40| 			"LTYPE"	"0"
|   12353|DEBUG|2018/03/16|19:40| 			"XYWH"	"90 -1250 30 20"
|   12353|DEBUG|2018/03/16|19:40| 			"DS_DELAY"	""
|   12353|DEBUG|2018/03/16|19:40| 			"F_KILL"	""
|   12353|DEBUG|2018/03/16|19:40| 			"F_LPOS"	"1"
|   12353|DEBUG|2018/03/16|19:40| 			"URL_DOC"	""
|   12353|DEBUG|2018/03/16|19:40| 		}
|   12353|DEBUG|2018/03/16|19:40| 		ELEM {
|   12353|DEBUG|2018/03/16|19:40| 			NB_PROP	"15"
|   12353|DEBUG|2018/03/16|19:40| 			"TO"	"JO0000000353"
|   12353|DEBUG|2018/03/16|19:40| 			"FROM"	"JO0000000358"
|   12353|DEBUG|2018/03/16|19:40| 			"v_groupexec"	""
|   12353|DEBUG|2018/03/16|19:40| 			"ID"	"LN0000000197"
|   12353|DEBUG|2018/03/16|19:40| 			"ID_ENV"	"EB0000000008"
|   12354|DEBUG|2018/03/16|19:40| 			"ID_APP"	""
|   12354|DEBUG|2018/03/16|19:40| 			"TYPE"	"2"
|   12354|DEBUG|2018/03/16|19:40| 			"V_DESC"	""
|   12354|DEBUG|2018/03/16|19:40| 			"V_USRNAME"	"LIE_274"
|   12354|DEBUG|2018/03/16|19:40| 			"LTYPE"	"0"
|   12354|DEBUG|2018/03/16|19:40| 			"XYWH"	"300 230 290 50"
|   12354|DEBUG|2018/03/16|19:40| 			"DS_DELAY"	""
|   12354|DEBUG|2018/03/16|19:40| 			"F_KILL"	""
|   12354|DEBUG|2018/03/16|19:40| 			"F_LPOS"	""
|   12354|DEBUG|2018/03/16|19:40| 			"URL_DOC"	""
|   12354|DEBUG|2018/03/16|19:40| 		}
|   12354|DEBUG|2018/03/16|19:40| 		ELEM {
|   12354|DEBUG|2018/03/16|19:40| 			NB_PROP	"15"
|   12354|DEBUG|2018/03/16|19:40| 			"TO"	"NA0000000001"
|   12354|DEBUG|2018/03/16|19:40| 			"FROM"	"JO0000000206"
|   12354|DEBUG|2018/03/16|19:40| 			"v_groupexec"	""
|   12354|DEBUG|2018/03/16|19:40| 			"ID"	"LN0000000198"
|   12354|DEBUG|2018/03/16|19:40| 			"ID_ENV"	"EB0000000008"
|   12354|DEBUG|2018/03/16|19:40| 			"ID_APP"	""
|   12354|DEBUG|2018/03/16|19:40| 			"TYPE"	"2"
|   12354|DEBUG|2018/03/16|19:40| 			"V_DESC"	""
|   12354|DEBUG|2018/03/16|19:40| 			"V_USRNAME"	"LIE_276"
|   12354|DEBUG|2018/03/16|19:40| 			"LTYPE"	"0"
|   12354|DEBUG|2018/03/16|19:40| 			"XYWH"	"580 1630 50 110"
|   12354|DEBUG|2018/03/16|19:40| 			"DS_DELAY"	""
|   12354|DEBUG|2018/03/16|19:40| 			"F_KILL"	""
|   12354|DEBUG|2018/03/16|19:40| 			"F_LPOS"	""
|   12354|DEBUG|2018/03/16|19:40| 			"URL_DOC"	""
|   12354|DEBUG|2018/03/16|19:40| 		}
|   12354|DEBUG|2018/03/16|19:40| 		ELEM {
|   12354|DEBUG|2018/03/16|19:40| 			NB_PROP	"15"
|   12354|DEBUG|2018/03/16|19:40| 			"TO"	"JO0000000349"
|   12354|DEBUG|2018/03/16|19:40| 			"FROM"	"JO0000000348"
|   12354|DEBUG|2018/03/16|19:40| 			"v_groupexec"	""
|   12354|DEBUG|2018/03/16|19:40| 			"ID"	"LN0000000199"
|   12354|DEBUG|2018/03/16|19:40| 			"ID_ENV"	"EB0000000008"
|   12354|DEBUG|2018/03/16|19:40| 			"ID_APP"	""
|   12354|DEBUG|2018/03/16|19:40| 			"TYPE"	"2"
|   12354|DEBUG|2018/03/16|19:40| 			"V_DESC"	""
|   12354|DEBUG|2018/03/16|19:40| 			"V_USRNAME"	"LIE_27_X1"
|   12354|DEBUG|2018/03/16|19:40| 			"LTYPE"	"0"
|   12354|DEBUG|2018/03/16|19:40| 			"XYWH"	"260 -770 10 50"
|   12354|DEBUG|2018/03/16|19:40| 			"DS_DELAY"	""
|   12354|DEBUG|2018/03/16|19:40| 			"F_KILL"	""
|   12354|DEBUG|2018/03/16|19:40| 			"F_LPOS"	""
|   12354|DEBUG|2018/03/16|19:40| 			"URL_DOC"	""
|   12354|DEBUG|2018/03/16|19:40| 		}
|   12354|DEBUG|2018/03/16|19:40| 		ELEM {
|   12354|DEBUG|2018/03/16|19:40| 			NB_PROP	"15"
|   12354|DEBUG|2018/03/16|19:40| 			"TO"	"JO0000000268"
|   12354|DEBUG|2018/03/16|19:40| 			"FROM"	"JO0000000217"
|   12354|DEBUG|2018/03/16|19:40| 			"v_groupexec"	""
|   12354|DEBUG|2018/03/16|19:40| 			"ID"	"LN0000000200"
|   12354|DEBUG|2018/03/16|19:40| 			"ID_ENV"	"EB0000000008"
|   12354|DEBUG|2018/03/16|19:40| 			"ID_APP"	""
|   12354|DEBUG|2018/03/16|19:40| 			"TYPE"	"2"
|   12354|DEBUG|2018/03/16|19:40| 			"V_DESC"	""
|   12354|DEBUG|2018/03/16|19:40| 			"V_USRNAME"	"LIE_28"
|   12354|DEBUG|2018/03/16|19:40| 			"LTYPE"	"0"
|   12354|DEBUG|2018/03/16|19:40| 			"XYWH"	"530 340 10 40"
|   12354|DEBUG|2018/03/16|19:40| 			"DS_DELAY"	""
|   12354|DEBUG|2018/03/16|19:40| 			"F_KILL"	""
|   12354|DEBUG|2018/03/16|19:40| 			"F_LPOS"	""
|   12354|DEBUG|2018/03/16|19:40| 			"URL_DOC"	""
|   12354|DEBUG|2018/03/16|19:40| 		}
|   12354|DEBUG|2018/03/16|19:40| 		ELEM {
|   12354|DEBUG|2018/03/16|19:40| 			NB_PROP	"15"
|   12354|DEBUG|2018/03/16|19:40| 			"TO"	"JO0000000092"
|   12354|DEBUG|2018/03/16|19:40| 			"FROM"	"JO0000000175"
|   12354|DEBUG|2018/03/16|19:40| 			"v_groupexec"	""
|   12354|DEBUG|2018/03/16|19:40| 			"ID"	"LN0000000201"
|   12354|DEBUG|2018/03/16|19:40| 			"ID_ENV"	"EB0000000008"
|   12354|DEBUG|2018/03/16|19:40| 			"ID_APP"	""
|   12354|DEBUG|2018/03/16|19:40| 			"TYPE"	"2"
|   12354|DEBUG|2018/03/16|19:40| 			"V_DESC"	""
|   12354|DEBUG|2018/03/16|19:40| 			"V_USRNAME"	"LIE_281"
|   12354|DEBUG|2018/03/16|19:40| 			"LTYPE"	"0"
|   12354|DEBUG|2018/03/16|19:40| 			"XYWH"	"940 -1280 60 10"
|   12354|DEBUG|2018/03/16|19:40| 			"DS_DELAY"	""
|   12354|DEBUG|2018/03/16|19:40| 			"F_KILL"	""
|   12354|DEBUG|2018/03/16|19:40| 			"F_LPOS"	""
|   12354|DEBUG|2018/03/16|19:40| 			"URL_DOC"	""
|   12354|DEBUG|2018/03/16|19:40| 		}
|   12354|DEBUG|2018/03/16|19:40| 		ELEM {
|   12354|DEBUG|2018/03/16|19:40| 			NB_PROP	"15"
|   12354|DEBUG|2018/03/16|19:40| 			"TO"	"JO0000000220"
|   12354|DEBUG|2018/03/16|19:40| 			"FROM"	"JO0000000154"
|   12354|DEBUG|2018/03/16|19:40| 			"v_groupexec"	""
|   12354|DEBUG|2018/03/16|19:40| 			"ID"	"LN0000000202"
|   12354|DEBUG|2018/03/16|19:40| 			"ID_ENV"	"EB0000000008"
|   12354|DEBUG|2018/03/16|19:40| 			"ID_APP"	""
|   12354|DEBUG|2018/03/16|19:40| 			"TYPE"	"2"
|   12354|DEBUG|2018/03/16|19:40| 			"V_DESC"	""
|   12354|DEBUG|2018/03/16|19:40| 			"V_USRNAME"	"LIE_282"
|   12354|DEBUG|2018/03/16|19:40| 			"LTYPE"	"0"
|   12354|DEBUG|2018/03/16|19:40| 			"XYWH"	"1010 -1290 60 10"
|   12354|DEBUG|2018/03/16|19:40| 			"DS_DELAY"	""
|   12354|DEBUG|2018/03/16|19:40| 			"F_KILL"	""
|   12354|DEBUG|2018/03/16|19:40| 			"F_LPOS"	""
|   12354|DEBUG|2018/03/16|19:40| 			"URL_DOC"	""
|   12354|DEBUG|2018/03/16|19:40| 		}
|   12354|DEBUG|2018/03/16|19:40| 		ELEM {
|   12354|DEBUG|2018/03/16|19:40| 			NB_PROP	"15"
|   12354|DEBUG|2018/03/16|19:40| 			"TO"	"JO0000000234"
|   12354|DEBUG|2018/03/16|19:40| 			"FROM"	"JO0000000112"
|   12354|DEBUG|2018/03/16|19:40| 			"v_groupexec"	""
|   12354|DEBUG|2018/03/16|19:40| 			"ID"	"LN0000000203"
|   12354|DEBUG|2018/03/16|19:40| 			"ID_ENV"	"EB0000000008"
|   12354|DEBUG|2018/03/16|19:40| 			"ID_APP"	""
|   12354|DEBUG|2018/03/16|19:40| 			"TYPE"	"2"
|   12354|DEBUG|2018/03/16|19:40| 			"V_DESC"	""
|   12354|DEBUG|2018/03/16|19:40| 			"V_USRNAME"	"LIE_287"
|   12354|DEBUG|2018/03/16|19:40| 			"LTYPE"	"0"
|   12354|DEBUG|2018/03/16|19:40| 			"XYWH"	"880 -610 60 60"
|   12354|DEBUG|2018/03/16|19:40| 			"DS_DELAY"	""
|   12354|DEBUG|2018/03/16|19:40| 			"F_KILL"	""
|   12354|DEBUG|2018/03/16|19:40| 			"F_LPOS"	""
|   12354|DEBUG|2018/03/16|19:40| 			"URL_DOC"	""
|   12354|DEBUG|2018/03/16|19:40| 		}
|   12354|DEBUG|2018/03/16|19:40| 		ELEM {
|   12354|DEBUG|2018/03/16|19:40| 			NB_PROP	"15"
|   12354|DEBUG|2018/03/16|19:40| 			"TO"	"JO0000000233"
|   12354|DEBUG|2018/03/16|19:40| 			"FROM"	"JO0000000111"
|   12354|DEBUG|2018/03/16|19:40| 			"v_groupexec"	""
|   12354|DEBUG|2018/03/16|19:40| 			"ID"	"LN0000000204"
|   12354|DEBUG|2018/03/16|19:40| 			"ID_ENV"	"EB0000000008"
|   12354|DEBUG|2018/03/16|19:40| 			"ID_APP"	""
|   12354|DEBUG|2018/03/16|19:40| 			"TYPE"	"2"
|   12354|DEBUG|2018/03/16|19:40| 			"V_DESC"	""
|   12354|DEBUG|2018/03/16|19:40| 			"V_USRNAME"	"LIE_289"
|   12354|DEBUG|2018/03/16|19:40| 			"LTYPE"	"0"
|   12354|DEBUG|2018/03/16|19:40| 			"XYWH"	"480 -500 90 60"
|   12354|DEBUG|2018/03/16|19:40| 			"DS_DELAY"	""
|   12354|DEBUG|2018/03/16|19:40| 			"F_KILL"	""
|   12354|DEBUG|2018/03/16|19:40| 			"F_LPOS"	""
|   12354|DEBUG|2018/03/16|19:40| 			"URL_DOC"	""
|   12354|DEBUG|2018/03/16|19:40| 		}
|   12354|DEBUG|2018/03/16|19:40| 		ELEM {
|   12354|DEBUG|2018/03/16|19:40| 			NB_PROP	"15"
|   12354|DEBUG|2018/03/16|19:40| 			"TO"	"JO0000000317"
|   12354|DEBUG|2018/03/16|19:40| 			"FROM"	"JO0000000287"
|   12354|DEBUG|2018/03/16|19:40| 			"v_groupexec"	""
|   12354|DEBUG|2018/03/16|19:40| 			"ID"	"LN0000000205"
|   12354|DEBUG|2018/03/16|19:40| 			"ID_ENV"	"EB0000000008"
|   12354|DEBUG|2018/03/16|19:40| 			"ID_APP"	""
|   12354|DEBUG|2018/03/16|19:40| 			"TYPE"	"2"
|   12354|DEBUG|2018/03/16|19:40| 			"V_DESC"	""
|   12354|DEBUG|2018/03/16|19:40| 			"V_USRNAME"	"LIE_28_X1"
|   12354|DEBUG|2018/03/16|19:40| 			"LTYPE"	"0"
|   12354|DEBUG|2018/03/16|19:40| 			"XYWH"	"440 -680 10 30"
|   12354|DEBUG|2018/03/16|19:40| 			"DS_DELAY"	""
|   12354|DEBUG|2018/03/16|19:40| 			"F_KILL"	""
|   12354|DEBUG|2018/03/16|19:40| 			"F_LPOS"	""
|   12354|DEBUG|2018/03/16|19:40| 			"URL_DOC"	""
|   12354|DEBUG|2018/03/16|19:40| 		}
|   12354|DEBUG|2018/03/16|19:40| 		ELEM {
|   12354|DEBUG|2018/03/16|19:40| 			NB_PROP	"15"
|   12354|DEBUG|2018/03/16|19:40| 			"TO"	"JO0000000093"
|   12354|DEBUG|2018/03/16|19:40| 			"FROM"	"JO0000000214"
|   12354|DEBUG|2018/03/16|19:40| 			"v_groupexec"	""
|   12354|DEBUG|2018/03/16|19:40| 			"ID"	"LN0000000206"
|   12354|DEBUG|2018/03/16|19:40| 			"ID_ENV"	"EB0000000008"
|   12354|DEBUG|2018/03/16|19:40| 			"ID_APP"	""
|   12354|DEBUG|2018/03/16|19:40| 			"TYPE"	"2"
|   12354|DEBUG|2018/03/16|19:40| 			"V_DESC"	""
|   12354|DEBUG|2018/03/16|19:40| 			"V_USRNAME"	"LIE_29"
|   12354|DEBUG|2018/03/16|19:40| 			"LTYPE"	"0"
|   12354|DEBUG|2018/03/16|19:40| 			"XYWH"	"670 340 10 40"
|   12354|DEBUG|2018/03/16|19:40| 			"DS_DELAY"	""
|   12354|DEBUG|2018/03/16|19:40| 			"F_KILL"	""
|   12354|DEBUG|2018/03/16|19:40| 			"F_LPOS"	""
|   12354|DEBUG|2018/03/16|19:40| 			"URL_DOC"	""
|   12354|DEBUG|2018/03/16|19:40| 		}
|   12354|DEBUG|2018/03/16|19:40| 		ELEM {
|   12354|DEBUG|2018/03/16|19:40| 			NB_PROP	"15"
|   12354|DEBUG|2018/03/16|19:40| 			"TO"	"JO0000000115"
|   12354|DEBUG|2018/03/16|19:40| 			"FROM"	"JO0000000268"
|   12354|DEBUG|2018/03/16|19:40| 			"v_groupexec"	""
|   12354|DEBUG|2018/03/16|19:40| 			"ID"	"LN0000000207"
|   12354|DEBUG|2018/03/16|19:40| 			"ID_ENV"	"EB0000000008"
|   12354|DEBUG|2018/03/16|19:40| 			"ID_APP"	""
|   12354|DEBUG|2018/03/16|19:40| 			"TYPE"	"2"
|   12354|DEBUG|2018/03/16|19:40| 			"V_DESC"	""
|   12354|DEBUG|2018/03/16|19:40| 			"V_USRNAME"	"LIE_293"
|   12354|DEBUG|2018/03/16|19:40| 			"LTYPE"	"0"
|   12354|DEBUG|2018/03/16|19:40| 			"XYWH"	"430 400 120 160"
|   12354|DEBUG|2018/03/16|19:40| 			"DS_DELAY"	""
|   12354|DEBUG|2018/03/16|19:40| 			"F_KILL"	""
|   12354|DEBUG|2018/03/16|19:40| 			"F_LPOS"	""
|   12354|DEBUG|2018/03/16|19:40| 			"URL_DOC"	""
|   12354|DEBUG|2018/03/16|19:40| 		}
|   12354|DEBUG|2018/03/16|19:40| 		ELEM {
|   12354|DEBUG|2018/03/16|19:40| 			NB_PROP	"15"
|   12354|DEBUG|2018/03/16|19:40| 			"TO"	"JO0000000280"
|   12354|DEBUG|2018/03/16|19:40| 			"FROM"	"JO0000000215"
|   12354|DEBUG|2018/03/16|19:40| 			"v_groupexec"	""
|   12354|DEBUG|2018/03/16|19:40| 			"ID"	"LN0000000208"
|   12354|DEBUG|2018/03/16|19:40| 			"ID_ENV"	"EB0000000008"
|   12354|DEBUG|2018/03/16|19:40| 			"ID_APP"	""
|   12354|DEBUG|2018/03/16|19:40| 			"TYPE"	"2"
|   12354|DEBUG|2018/03/16|19:40| 			"V_DESC"	""
|   12354|DEBUG|2018/03/16|19:40| 			"V_USRNAME"	"LIE_3"
|   12354|DEBUG|2018/03/16|19:40| 			"LTYPE"	"0"
|   12354|DEBUG|2018/03/16|19:40| 			"XYWH"	"220 -990 10 60"
|   12354|DEBUG|2018/03/16|19:40| 			"DS_DELAY"	""
|   12354|DEBUG|2018/03/16|19:40| 			"F_KILL"	""
|   12354|DEBUG|2018/03/16|19:40| 			"F_LPOS"	""
|   12354|DEBUG|2018/03/16|19:40| 			"URL_DOC"	""
|   12354|DEBUG|2018/03/16|19:40| 		}
|   12354|DEBUG|2018/03/16|19:40| 		ELEM {
|   12354|DEBUG|2018/03/16|19:40| 			NB_PROP	"15"
|   12354|DEBUG|2018/03/16|19:40| 			"TO"	"JO0000000285"
|   12354|DEBUG|2018/03/16|19:40| 			"FROM"	"JO0000000321"
|   12354|DEBUG|2018/03/16|19:40| 			"v_groupexec"	""
|   12354|DEBUG|2018/03/16|19:40| 			"ID"	"LN0000000209"
|   12354|DEBUG|2018/03/16|19:40| 			"ID_ENV"	"EB0000000008"
|   12354|DEBUG|2018/03/16|19:40| 			"ID_APP"	""
|   12354|DEBUG|2018/03/16|19:40| 			"TYPE"	"2"
|   12354|DEBUG|2018/03/16|19:40| 			"V_DESC"	""
|   12354|DEBUG|2018/03/16|19:40| 			"V_USRNAME"	"LIE_30"
|   12354|DEBUG|2018/03/16|19:40| 			"LTYPE"	"0"
|   12355|DEBUG|2018/03/16|19:40| 			"XYWH"	"360 1080 60 30"
|   12355|DEBUG|2018/03/16|19:40| 			"DS_DELAY"	""
|   12355|DEBUG|2018/03/16|19:40| 			"F_KILL"	""
|   12355|DEBUG|2018/03/16|19:40| 			"F_LPOS"	""
|   12355|DEBUG|2018/03/16|19:40| 			"URL_DOC"	""
|   12355|DEBUG|2018/03/16|19:40| 		}
|   12355|DEBUG|2018/03/16|19:40| 		ELEM {
|   12355|DEBUG|2018/03/16|19:40| 			NB_PROP	"15"
|   12355|DEBUG|2018/03/16|19:40| 			"TO"	"JO0000000154"
|   12355|DEBUG|2018/03/16|19:40| 			"FROM"	"JO0000000092"
|   12355|DEBUG|2018/03/16|19:40| 			"v_groupexec"	""
|   12355|DEBUG|2018/03/16|19:40| 			"ID"	"LN0000000210"
|   12355|DEBUG|2018/03/16|19:40| 			"ID_ENV"	"EB0000000008"
|   12355|DEBUG|2018/03/16|19:40| 			"ID_APP"	""
|   12355|DEBUG|2018/03/16|19:40| 			"TYPE"	"2"
|   12355|DEBUG|2018/03/16|19:40| 			"V_DESC"	""
|   12355|DEBUG|2018/03/16|19:40| 			"V_USRNAME"	"LIE_300"
|   12355|DEBUG|2018/03/16|19:40| 			"LTYPE"	"0"
|   12355|DEBUG|2018/03/16|19:40| 			"XYWH"	"1030 -1280 80 10"
|   12355|DEBUG|2018/03/16|19:40| 			"DS_DELAY"	""
|   12355|DEBUG|2018/03/16|19:40| 			"F_KILL"	""
|   12355|DEBUG|2018/03/16|19:40| 			"F_LPOS"	""
|   12355|DEBUG|2018/03/16|19:40| 			"URL_DOC"	""
|   12355|DEBUG|2018/03/16|19:40| 		}
|   12355|DEBUG|2018/03/16|19:40| 		ELEM {
|   12355|DEBUG|2018/03/16|19:40| 			NB_PROP	"15"
|   12355|DEBUG|2018/03/16|19:40| 			"TO"	"JO0000000308"
|   12355|DEBUG|2018/03/16|19:40| 			"FROM"	"JO0000000282"
|   12355|DEBUG|2018/03/16|19:40| 			"v_groupexec"	""
|   12355|DEBUG|2018/03/16|19:40| 			"ID"	"LN0000000211"
|   12355|DEBUG|2018/03/16|19:40| 			"ID_ENV"	"EB0000000008"
|   12355|DEBUG|2018/03/16|19:40| 			"ID_APP"	""
|   12355|DEBUG|2018/03/16|19:40| 			"TYPE"	"2"
|   12355|DEBUG|2018/03/16|19:40| 			"V_DESC"	""
|   12355|DEBUG|2018/03/16|19:40| 			"V_USRNAME"	"LIE_301"
|   12355|DEBUG|2018/03/16|19:40| 			"LTYPE"	"0"
|   12355|DEBUG|2018/03/16|19:40| 			"XYWH"	"-170 1000 320 1510"
|   12355|DEBUG|2018/03/16|19:40| 			"DS_DELAY"	""
|   12355|DEBUG|2018/03/16|19:40| 			"F_KILL"	""
|   12355|DEBUG|2018/03/16|19:40| 			"F_LPOS"	""
|   12355|DEBUG|2018/03/16|19:40| 			"URL_DOC"	""
|   12355|DEBUG|2018/03/16|19:40| 		}
|   12355|DEBUG|2018/03/16|19:40| 		ELEM {
|   12355|DEBUG|2018/03/16|19:40| 			NB_PROP	"15"
|   12355|DEBUG|2018/03/16|19:40| 			"TO"	"NA0000000002"
|   12355|DEBUG|2018/03/16|19:40| 			"FROM"	"JO0000000203"
|   12355|DEBUG|2018/03/16|19:40| 			"v_groupexec"	""
|   12355|DEBUG|2018/03/16|19:40| 			"ID"	"LN0000000212"
|   12355|DEBUG|2018/03/16|19:40| 			"ID_ENV"	"EB0000000008"
|   12355|DEBUG|2018/03/16|19:40| 			"ID_APP"	""
|   12355|DEBUG|2018/03/16|19:40| 			"TYPE"	"2"
|   12355|DEBUG|2018/03/16|19:40| 			"V_DESC"	""
|   12355|DEBUG|2018/03/16|19:40| 			"V_USRNAME"	"LIE_309"
|   12355|DEBUG|2018/03/16|19:40| 			"LTYPE"	"0"
|   12355|DEBUG|2018/03/16|19:40| 			"XYWH"	"470 1570 80 90"
|   12355|DEBUG|2018/03/16|19:40| 			"DS_DELAY"	""
|   12355|DEBUG|2018/03/16|19:40| 			"F_KILL"	""
|   12355|DEBUG|2018/03/16|19:40| 			"F_LPOS"	""
|   12355|DEBUG|2018/03/16|19:40| 			"URL_DOC"	""
|   12355|DEBUG|2018/03/16|19:40| 		}
|   12355|DEBUG|2018/03/16|19:40| 		ELEM {
|   12355|DEBUG|2018/03/16|19:40| 			NB_PROP	"15"
|   12355|DEBUG|2018/03/16|19:40| 			"TO"	"JO0000000348"
|   12355|DEBUG|2018/03/16|19:40| 			"FROM"	"JO0000000346"
|   12355|DEBUG|2018/03/16|19:40| 			"v_groupexec"	""
|   12355|DEBUG|2018/03/16|19:40| 			"ID"	"LN0000000213"
|   12355|DEBUG|2018/03/16|19:40| 			"ID_ENV"	"EB0000000008"
|   12355|DEBUG|2018/03/16|19:40| 			"ID_APP"	""
|   12355|DEBUG|2018/03/16|19:40| 			"TYPE"	"2"
|   12355|DEBUG|2018/03/16|19:40| 			"V_DESC"	""
|   12355|DEBUG|2018/03/16|19:40| 			"V_USRNAME"	"LIE_30_X1"
|   12355|DEBUG|2018/03/16|19:40| 			"LTYPE"	"0"
|   12355|DEBUG|2018/03/16|19:40| 			"XYWH"	"360 -830 80 70"
|   12355|DEBUG|2018/03/16|19:40| 			"DS_DELAY"	""
|   12355|DEBUG|2018/03/16|19:40| 			"F_KILL"	""
|   12355|DEBUG|2018/03/16|19:40| 			"F_LPOS"	""
|   12355|DEBUG|2018/03/16|19:40| 			"URL_DOC"	""
|   12355|DEBUG|2018/03/16|19:40| 		}
|   12355|DEBUG|2018/03/16|19:40| 		ELEM {
|   12355|DEBUG|2018/03/16|19:40| 			NB_PROP	"15"
|   12355|DEBUG|2018/03/16|19:40| 			"TO"	"JO0000000206"
|   12355|DEBUG|2018/03/16|19:40| 			"FROM"	"JO0000000203"
|   12355|DEBUG|2018/03/16|19:40| 			"v_groupexec"	""
|   12355|DEBUG|2018/03/16|19:40| 			"ID"	"LN0000000214"
|   12355|DEBUG|2018/03/16|19:40| 			"ID_ENV"	"EB0000000008"
|   12355|DEBUG|2018/03/16|19:40| 			"ID_APP"	""
|   12355|DEBUG|2018/03/16|19:40| 			"TYPE"	"2"
|   12355|DEBUG|2018/03/16|19:40| 			"V_DESC"	""
|   12355|DEBUG|2018/03/16|19:40| 			"V_USRNAME"	"LIE_310"
|   12355|DEBUG|2018/03/16|19:40| 			"LTYPE"	"0"
|   12355|DEBUG|2018/03/16|19:40| 			"XYWH"	"470 1630 80 30"
|   12355|DEBUG|2018/03/16|19:40| 			"DS_DELAY"	""
|   12355|DEBUG|2018/03/16|19:40| 			"F_KILL"	""
|   12355|DEBUG|2018/03/16|19:40| 			"F_LPOS"	""
|   12355|DEBUG|2018/03/16|19:40| 			"URL_DOC"	""
|   12355|DEBUG|2018/03/16|19:40| 		}
|   12355|DEBUG|2018/03/16|19:40| 		ELEM {
|   12355|DEBUG|2018/03/16|19:40| 			NB_PROP	"15"
|   12355|DEBUG|2018/03/16|19:40| 			"TO"	"JO0000000173"
|   12355|DEBUG|2018/03/16|19:40| 			"FROM"	"JO0000000275"
|   12355|DEBUG|2018/03/16|19:40| 			"v_groupexec"	""
|   12355|DEBUG|2018/03/16|19:40| 			"ID"	"LN0000000215"
|   12355|DEBUG|2018/03/16|19:40| 			"ID_ENV"	"EB0000000008"
|   12355|DEBUG|2018/03/16|19:40| 			"ID_APP"	""
|   12355|DEBUG|2018/03/16|19:40| 			"TYPE"	"2"
|   12355|DEBUG|2018/03/16|19:40| 			"V_DESC"	""
|   12355|DEBUG|2018/03/16|19:40| 			"V_USRNAME"	"LIE_312"
|   12355|DEBUG|2018/03/16|19:40| 			"LTYPE"	"0"
|   12355|DEBUG|2018/03/16|19:40| 			"XYWH"	"900 2070 10 40"
|   12355|DEBUG|2018/03/16|19:40| 			"DS_DELAY"	""
|   12355|DEBUG|2018/03/16|19:40| 			"F_KILL"	""
|   12355|DEBUG|2018/03/16|19:40| 			"F_LPOS"	""
|   12355|DEBUG|2018/03/16|19:40| 			"URL_DOC"	""
|   12355|DEBUG|2018/03/16|19:40| 		}
|   12355|DEBUG|2018/03/16|19:40| 		ELEM {
|   12355|DEBUG|2018/03/16|19:40| 			NB_PROP	"15"
|   12355|DEBUG|2018/03/16|19:40| 			"TO"	"JO0000000172"
|   12355|DEBUG|2018/03/16|19:40| 			"FROM"	"JO0000000274"
|   12355|DEBUG|2018/03/16|19:40| 			"v_groupexec"	""
|   12355|DEBUG|2018/03/16|19:40| 			"ID"	"LN0000000216"
|   12355|DEBUG|2018/03/16|19:40| 			"ID_ENV"	"EB0000000008"
|   12355|DEBUG|2018/03/16|19:40| 			"ID_APP"	""
|   12355|DEBUG|2018/03/16|19:40| 			"TYPE"	"2"
|   12355|DEBUG|2018/03/16|19:40| 			"V_DESC"	""
|   12355|DEBUG|2018/03/16|19:40| 			"V_USRNAME"	"LIE_313"
|   12355|DEBUG|2018/03/16|19:40| 			"LTYPE"	"0"
|   12355|DEBUG|2018/03/16|19:40| 			"XYWH"	"1080 2070 10 70"
|   12355|DEBUG|2018/03/16|19:40| 			"DS_DELAY"	""
|   12355|DEBUG|2018/03/16|19:40| 			"F_KILL"	""
|   12355|DEBUG|2018/03/16|19:40| 			"F_LPOS"	""
|   12355|DEBUG|2018/03/16|19:40| 			"URL_DOC"	""
|   12355|DEBUG|2018/03/16|19:40| 		}
|   12355|DEBUG|2018/03/16|19:40| 		ELEM {
|   12355|DEBUG|2018/03/16|19:40| 			NB_PROP	"15"
|   12355|DEBUG|2018/03/16|19:40| 			"TO"	"JO0000000153"
|   12355|DEBUG|2018/03/16|19:40| 			"FROM"	"JO0000000122"
|   12355|DEBUG|2018/03/16|19:40| 			"v_groupexec"	""
|   12355|DEBUG|2018/03/16|19:40| 			"ID"	"LN0000000217"
|   12355|DEBUG|2018/03/16|19:40| 			"ID_ENV"	"EB0000000008"
|   12355|DEBUG|2018/03/16|19:40| 			"ID_APP"	""
|   12355|DEBUG|2018/03/16|19:40| 			"TYPE"	"2"
|   12355|DEBUG|2018/03/16|19:40| 			"V_DESC"	""
|   12355|DEBUG|2018/03/16|19:40| 			"V_USRNAME"	"LIE_313_X1"
|   12355|DEBUG|2018/03/16|19:40| 			"LTYPE"	"0"
|   12355|DEBUG|2018/03/16|19:40| 			"XYWH"	"-420 70 10 40"
|   12355|DEBUG|2018/03/16|19:40| 			"DS_DELAY"	""
|   12355|DEBUG|2018/03/16|19:40| 			"F_KILL"	""
|   12355|DEBUG|2018/03/16|19:40| 			"F_LPOS"	""
|   12355|DEBUG|2018/03/16|19:40| 			"URL_DOC"	""
|   12355|DEBUG|2018/03/16|19:40| 		}
|   12355|DEBUG|2018/03/16|19:40| 		ELEM {
|   12355|DEBUG|2018/03/16|19:40| 			NB_PROP	"15"
|   12355|DEBUG|2018/03/16|19:40| 			"TO"	"JO0000000263"
|   12355|DEBUG|2018/03/16|19:40| 			"FROM"	"JO0000000115"
|   12355|DEBUG|2018/03/16|19:40| 			"v_groupexec"	""
|   12355|DEBUG|2018/03/16|19:40| 			"ID"	"LN0000000218"
|   12355|DEBUG|2018/03/16|19:40| 			"ID_ENV"	"EB0000000008"
|   12355|DEBUG|2018/03/16|19:40| 			"ID_APP"	""
|   12355|DEBUG|2018/03/16|19:40| 			"TYPE"	"2"
|   12355|DEBUG|2018/03/16|19:40| 			"V_DESC"	""
|   12355|DEBUG|2018/03/16|19:40| 			"V_USRNAME"	"LIE_314"
|   12355|DEBUG|2018/03/16|19:40| 			"LTYPE"	"0"
|   12355|DEBUG|2018/03/16|19:40| 			"XYWH"	"430 480 20 80"
|   12355|DEBUG|2018/03/16|19:40| 			"DS_DELAY"	""
|   12355|DEBUG|2018/03/16|19:40| 			"F_KILL"	""
|   12355|DEBUG|2018/03/16|19:40| 			"F_LPOS"	""
|   12355|DEBUG|2018/03/16|19:40| 			"URL_DOC"	""
|   12355|DEBUG|2018/03/16|19:40| 		}
|   12355|DEBUG|2018/03/16|19:40| 		ELEM {
|   12355|DEBUG|2018/03/16|19:40| 			NB_PROP	"15"
|   12355|DEBUG|2018/03/16|19:40| 			"TO"	"AT0000000002"
|   12355|DEBUG|2018/03/16|19:40| 			"FROM"	"JO0000000115"
|   12355|DEBUG|2018/03/16|19:40| 			"v_groupexec"	""
|   12355|DEBUG|2018/03/16|19:40| 			"ID"	"LN0000000219"
|   12355|DEBUG|2018/03/16|19:40| 			"ID_ENV"	"EB0000000008"
|   12355|DEBUG|2018/03/16|19:40| 			"ID_APP"	""
|   12355|DEBUG|2018/03/16|19:40| 			"TYPE"	"2"
|   12355|DEBUG|2018/03/16|19:40| 			"V_DESC"	""
|   12355|DEBUG|2018/03/16|19:40| 			"V_USRNAME"	"LIE_315"
|   12355|DEBUG|2018/03/16|19:40| 			"LTYPE"	"0"
|   12355|DEBUG|2018/03/16|19:40| 			"XYWH"	"430 540 80 20"
|   12355|DEBUG|2018/03/16|19:40| 			"DS_DELAY"	""
|   12355|DEBUG|2018/03/16|19:40| 			"F_KILL"	""
|   12355|DEBUG|2018/03/16|19:40| 			"F_LPOS"	""
|   12355|DEBUG|2018/03/16|19:40| 			"URL_DOC"	""
|   12355|DEBUG|2018/03/16|19:40| 		}
|   12355|DEBUG|2018/03/16|19:40| 		ELEM {
|   12355|DEBUG|2018/03/16|19:40| 			NB_PROP	"15"
|   12355|DEBUG|2018/03/16|19:40| 			"TO"	"JO0000000179"
|   12355|DEBUG|2018/03/16|19:40| 			"FROM"	"JO0000000305"
|   12355|DEBUG|2018/03/16|19:40| 			"v_groupexec"	""
|   12355|DEBUG|2018/03/16|19:40| 			"ID"	"LN0000000220"
|   12355|DEBUG|2018/03/16|19:40| 			"ID_ENV"	"EB0000000008"
|   12355|DEBUG|2018/03/16|19:40| 			"ID_APP"	""
|   12355|DEBUG|2018/03/16|19:40| 			"TYPE"	"2"
|   12356|DEBUG|2018/03/16|19:40| 			"V_DESC"	""
|   12356|DEBUG|2018/03/16|19:40| 			"V_USRNAME"	"LIE_32"
|   12356|DEBUG|2018/03/16|19:40| 			"LTYPE"	"0"
|   12356|DEBUG|2018/03/16|19:40| 			"XYWH"	"30 990 10 50"
|   12356|DEBUG|2018/03/16|19:40| 			"DS_DELAY"	""
|   12356|DEBUG|2018/03/16|19:40| 			"F_KILL"	""
|   12356|DEBUG|2018/03/16|19:40| 			"F_LPOS"	""
|   12356|DEBUG|2018/03/16|19:40| 			"URL_DOC"	""
|   12356|DEBUG|2018/03/16|19:40| 		}
|   12356|DEBUG|2018/03/16|19:40| 		ELEM {
|   12356|DEBUG|2018/03/16|19:40| 			NB_PROP	"15"
|   12356|DEBUG|2018/03/16|19:40| 			"TO"	"JO0000000283"
|   12356|DEBUG|2018/03/16|19:40| 			"FROM"	"JO0000000342"
|   12356|DEBUG|2018/03/16|19:40| 			"v_groupexec"	""
|   12356|DEBUG|2018/03/16|19:40| 			"ID"	"LN0000000221"
|   12356|DEBUG|2018/03/16|19:40| 			"ID_ENV"	"EB0000000008"
|   12356|DEBUG|2018/03/16|19:40| 			"ID_APP"	""
|   12356|DEBUG|2018/03/16|19:40| 			"TYPE"	"2"
|   12356|DEBUG|2018/03/16|19:40| 			"V_DESC"	""
|   12356|DEBUG|2018/03/16|19:40| 			"V_USRNAME"	"LIE_33"
|   12356|DEBUG|2018/03/16|19:40| 			"LTYPE"	"0"
|   12356|DEBUG|2018/03/16|19:40| 			"XYWH"	"50 910 40 40"
|   12356|DEBUG|2018/03/16|19:40| 			"DS_DELAY"	""
|   12356|DEBUG|2018/03/16|19:40| 			"F_KILL"	""
|   12356|DEBUG|2018/03/16|19:40| 			"F_LPOS"	""
|   12356|DEBUG|2018/03/16|19:40| 			"URL_DOC"	""
|   12356|DEBUG|2018/03/16|19:40| 		}
|   12356|DEBUG|2018/03/16|19:40| 		ELEM {
|   12356|DEBUG|2018/03/16|19:40| 			NB_PROP	"15"
|   12356|DEBUG|2018/03/16|19:40| 			"TO"	"JO0000000170"
|   12356|DEBUG|2018/03/16|19:40| 			"FROM"	"JO0000000273"
|   12356|DEBUG|2018/03/16|19:40| 			"v_groupexec"	""
|   12356|DEBUG|2018/03/16|19:40| 			"ID"	"LN0000000222"
|   12356|DEBUG|2018/03/16|19:40| 			"ID_ENV"	"EB0000000008"
|   12356|DEBUG|2018/03/16|19:40| 			"ID_APP"	""
|   12356|DEBUG|2018/03/16|19:40| 			"TYPE"	"2"
|   12356|DEBUG|2018/03/16|19:40| 			"V_DESC"	""
|   12356|DEBUG|2018/03/16|19:40| 			"V_USRNAME"	"LIE_332"
|   12356|DEBUG|2018/03/16|19:40| 			"LTYPE"	"0"
|   12356|DEBUG|2018/03/16|19:40| 			"XYWH"	"1270 2070 10 70"
|   12356|DEBUG|2018/03/16|19:40| 			"DS_DELAY"	""
|   12356|DEBUG|2018/03/16|19:40| 			"F_KILL"	""
|   12356|DEBUG|2018/03/16|19:40| 			"F_LPOS"	""
|   12356|DEBUG|2018/03/16|19:40| 			"URL_DOC"	""
|   12356|DEBUG|2018/03/16|19:40| 		}
|   12356|DEBUG|2018/03/16|19:40| 		ELEM {
|   12356|DEBUG|2018/03/16|19:40| 			NB_PROP	"15"
|   12356|DEBUG|2018/03/16|19:40| 			"TO"	"JO0000000227"
|   12356|DEBUG|2018/03/16|19:40| 			"FROM"	"JO0000000106"
|   12356|DEBUG|2018/03/16|19:40| 			"v_groupexec"	""
|   12356|DEBUG|2018/03/16|19:40| 			"ID"	"LN0000000223"
|   12356|DEBUG|2018/03/16|19:40| 			"ID_ENV"	"EB0000000008"
|   12356|DEBUG|2018/03/16|19:40| 			"ID_APP"	""
|   12356|DEBUG|2018/03/16|19:40| 			"TYPE"	"2"
|   12356|DEBUG|2018/03/16|19:40| 			"V_DESC"	""
|   12356|DEBUG|2018/03/16|19:40| 			"V_USRNAME"	"LIE_332_X1"
|   12356|DEBUG|2018/03/16|19:40| 			"LTYPE"	"0"
|   12356|DEBUG|2018/03/16|19:40| 			"XYWH"	"1000 1460 10 40"
|   12356|DEBUG|2018/03/16|19:40| 			"DS_DELAY"	""
|   12356|DEBUG|2018/03/16|19:40| 			"F_KILL"	""
|   12356|DEBUG|2018/03/16|19:40| 			"F_LPOS"	""
|   12356|DEBUG|2018/03/16|19:40| 			"URL_DOC"	""
|   12356|DEBUG|2018/03/16|19:40| 		}
|   12356|DEBUG|2018/03/16|19:40| 		ELEM {
|   12356|DEBUG|2018/03/16|19:40| 			NB_PROP	"15"
|   12356|DEBUG|2018/03/16|19:40| 			"TO"	"JO0000000117"
|   12356|DEBUG|2018/03/16|19:40| 			"FROM"	"JO0000000318"
|   12356|DEBUG|2018/03/16|19:40| 			"v_groupexec"	""
|   12356|DEBUG|2018/03/16|19:40| 			"ID"	"LN0000000224"
|   12356|DEBUG|2018/03/16|19:40| 			"ID_ENV"	"EB0000000008"
|   12356|DEBUG|2018/03/16|19:40| 			"ID_APP"	""
|   12356|DEBUG|2018/03/16|19:40| 			"TYPE"	"2"
|   12356|DEBUG|2018/03/16|19:40| 			"V_DESC"	""
|   12356|DEBUG|2018/03/16|19:40| 			"V_USRNAME"	"LIE_333"
|   12356|DEBUG|2018/03/16|19:40| 			"LTYPE"	"0"
|   12356|DEBUG|2018/03/16|19:40| 			"XYWH"	"1270 2120 10 30"
|   12356|DEBUG|2018/03/16|19:40| 			"DS_DELAY"	""
|   12356|DEBUG|2018/03/16|19:40| 			"F_KILL"	""
|   12356|DEBUG|2018/03/16|19:40| 			"F_LPOS"	""
|   12356|DEBUG|2018/03/16|19:40| 			"URL_DOC"	""
|   12356|DEBUG|2018/03/16|19:40| 		}
|   12356|DEBUG|2018/03/16|19:40| 		ELEM {
|   12356|DEBUG|2018/03/16|19:40| 			NB_PROP	"15"
|   12356|DEBUG|2018/03/16|19:40| 			"TO"	"JO0000000119"
|   12356|DEBUG|2018/03/16|19:40| 			"FROM"	"JO0000000320"
|   12356|DEBUG|2018/03/16|19:40| 			"v_groupexec"	""
|   12356|DEBUG|2018/03/16|19:40| 			"ID"	"LN0000000225"
|   12356|DEBUG|2018/03/16|19:40| 			"ID_ENV"	"EB0000000008"
|   12356|DEBUG|2018/03/16|19:40| 			"ID_APP"	""
|   12356|DEBUG|2018/03/16|19:40| 			"TYPE"	"2"
|   12356|DEBUG|2018/03/16|19:40| 			"V_DESC"	""
|   12356|DEBUG|2018/03/16|19:40| 			"V_USRNAME"	"LIE_337"
|   12356|DEBUG|2018/03/16|19:40| 			"LTYPE"	"0"
|   12356|DEBUG|2018/03/16|19:40| 			"XYWH"	"920 2090 30 60"
|   12356|DEBUG|2018/03/16|19:40| 			"DS_DELAY"	""
|   12356|DEBUG|2018/03/16|19:40| 			"F_KILL"	""
|   12356|DEBUG|2018/03/16|19:40| 			"F_LPOS"	""
|   12356|DEBUG|2018/03/16|19:40| 			"URL_DOC"	""
|   12356|DEBUG|2018/03/16|19:40| 		}
|   12356|DEBUG|2018/03/16|19:40| 		ELEM {
|   12356|DEBUG|2018/03/16|19:40| 			NB_PROP	"15"
|   12356|DEBUG|2018/03/16|19:40| 			"TO"	"JO0000000172"
|   12356|DEBUG|2018/03/16|19:40| 			"FROM"	"JO0000000119"
|   12356|DEBUG|2018/03/16|19:40| 			"v_groupexec"	""
|   12356|DEBUG|2018/03/16|19:40| 			"ID"	"LN0000000226"
|   12356|DEBUG|2018/03/16|19:40| 			"ID_ENV"	"EB0000000008"
|   12356|DEBUG|2018/03/16|19:40| 			"ID_APP"	""
|   12356|DEBUG|2018/03/16|19:40| 			"TYPE"	"2"
|   12356|DEBUG|2018/03/16|19:40| 			"V_DESC"	""
|   12356|DEBUG|2018/03/16|19:40| 			"V_USRNAME"	"LIE_338"
|   12356|DEBUG|2018/03/16|19:40| 			"LTYPE"	"1"
|   12356|DEBUG|2018/03/16|19:40| 			"XYWH"	"980 2040 90 50"
|   12356|DEBUG|2018/03/16|19:40| 			"DS_DELAY"	""
|   12356|DEBUG|2018/03/16|19:40| 			"F_KILL"	""
|   12356|DEBUG|2018/03/16|19:40| 			"F_LPOS"	""
|   12356|DEBUG|2018/03/16|19:40| 			"URL_DOC"	""
|   12356|DEBUG|2018/03/16|19:40| 		}
|   12356|DEBUG|2018/03/16|19:40| 		ELEM {
|   12356|DEBUG|2018/03/16|19:40| 			NB_PROP	"15"
|   12356|DEBUG|2018/03/16|19:40| 			"TO"	"JO0000000118"
|   12356|DEBUG|2018/03/16|19:40| 			"FROM"	"JO0000000237"
|   12356|DEBUG|2018/03/16|19:40| 			"v_groupexec"	""
|   12356|DEBUG|2018/03/16|19:40| 			"ID"	"LN0000000227"
|   12356|DEBUG|2018/03/16|19:40| 			"ID_ENV"	"EB0000000008"
|   12356|DEBUG|2018/03/16|19:40| 			"ID_APP"	""
|   12356|DEBUG|2018/03/16|19:40| 			"TYPE"	"2"
|   12356|DEBUG|2018/03/16|19:40| 			"V_DESC"	""
|   12356|DEBUG|2018/03/16|19:40| 			"V_USRNAME"	"LIE_339"
|   12356|DEBUG|2018/03/16|19:40| 			"LTYPE"	"0"
|   12356|DEBUG|2018/03/16|19:40| 			"XYWH"	"1100 2400 80 20"
|   12356|DEBUG|2018/03/16|19:40| 			"DS_DELAY"	""
|   12356|DEBUG|2018/03/16|19:40| 			"F_KILL"	""
|   12356|DEBUG|2018/03/16|19:40| 			"F_LPOS"	""
|   12356|DEBUG|2018/03/16|19:40| 			"URL_DOC"	""
|   12356|DEBUG|2018/03/16|19:40| 		}
|   12356|DEBUG|2018/03/16|19:40| 		ELEM {
|   12356|DEBUG|2018/03/16|19:40| 			NB_PROP	"15"
|   12356|DEBUG|2018/03/16|19:40| 			"TO"	"JO0000000314"
|   12356|DEBUG|2018/03/16|19:40| 			"FROM"	"JO0000000283"
|   12356|DEBUG|2018/03/16|19:40| 			"v_groupexec"	""
|   12356|DEBUG|2018/03/16|19:40| 			"ID"	"LN0000000228"
|   12356|DEBUG|2018/03/16|19:40| 			"ID_ENV"	"EB0000000008"
|   12356|DEBUG|2018/03/16|19:40| 			"ID_APP"	""
|   12356|DEBUG|2018/03/16|19:40| 			"TYPE"	"2"
|   12356|DEBUG|2018/03/16|19:40| 			"V_DESC"	""
|   12356|DEBUG|2018/03/16|19:40| 			"V_USRNAME"	"LIE_34"
|   12356|DEBUG|2018/03/16|19:40| 			"LTYPE"	"0"
|   12356|DEBUG|2018/03/16|19:40| 			"XYWH"	"90 900 40 50"
|   12356|DEBUG|2018/03/16|19:40| 			"DS_DELAY"	""
|   12356|DEBUG|2018/03/16|19:40| 			"F_KILL"	""
|   12356|DEBUG|2018/03/16|19:40| 			"F_LPOS"	""
|   12356|DEBUG|2018/03/16|19:40| 			"URL_DOC"	""
|   12356|DEBUG|2018/03/16|19:40| 		}
|   12356|DEBUG|2018/03/16|19:40| 		ELEM {
|   12356|DEBUG|2018/03/16|19:40| 			NB_PROP	"15"
|   12356|DEBUG|2018/03/16|19:40| 			"TO"	"JO0000000244"
|   12356|DEBUG|2018/03/16|19:40| 			"FROM"	"JO0000000118"
|   12356|DEBUG|2018/03/16|19:40| 			"v_groupexec"	""
|   12356|DEBUG|2018/03/16|19:40| 			"ID"	"LN0000000229"
|   12356|DEBUG|2018/03/16|19:40| 			"ID_ENV"	"EB0000000008"
|   12356|DEBUG|2018/03/16|19:40| 			"ID_APP"	""
|   12356|DEBUG|2018/03/16|19:40| 			"TYPE"	"2"
|   12356|DEBUG|2018/03/16|19:40| 			"V_DESC"	""
|   12356|DEBUG|2018/03/16|19:40| 			"V_USRNAME"	"LIE_340"
|   12356|DEBUG|2018/03/16|19:40| 			"LTYPE"	"1"
|   12356|DEBUG|2018/03/16|19:40| 			"XYWH"	"1100 2420 80 40"
|   12356|DEBUG|2018/03/16|19:40| 			"DS_DELAY"	""
|   12356|DEBUG|2018/03/16|19:40| 			"F_KILL"	""
|   12356|DEBUG|2018/03/16|19:40| 			"F_LPOS"	""
|   12356|DEBUG|2018/03/16|19:40| 			"URL_DOC"	""
|   12356|DEBUG|2018/03/16|19:40| 		}
|   12356|DEBUG|2018/03/16|19:40| 		ELEM {
|   12356|DEBUG|2018/03/16|19:40| 			NB_PROP	"15"
|   12356|DEBUG|2018/03/16|19:40| 			"TO"	"JO0000000244"
|   12356|DEBUG|2018/03/16|19:40| 			"FROM"	"JO0000000117"
|   12356|DEBUG|2018/03/16|19:40| 			"v_groupexec"	""
|   12356|DEBUG|2018/03/16|19:40| 			"ID"	"LN0000000230"
|   12356|DEBUG|2018/03/16|19:40| 			"ID_ENV"	"EB0000000008"
|   12356|DEBUG|2018/03/16|19:40| 			"ID_APP"	""
|   12356|DEBUG|2018/03/16|19:40| 			"TYPE"	"2"
|   12356|DEBUG|2018/03/16|19:40| 			"V_DESC"	""
|   12356|DEBUG|2018/03/16|19:40| 			"V_USRNAME"	"LIE_341"
|   12356|DEBUG|2018/03/16|19:40| 			"LTYPE"	"1"
|   12356|DEBUG|2018/03/16|19:40| 			"XYWH"	"1100 2160 160 360"
|   12356|DEBUG|2018/03/16|19:40| 			"DS_DELAY"	""
|   12356|DEBUG|2018/03/16|19:40| 			"F_KILL"	""
|   12356|DEBUG|2018/03/16|19:40| 			"F_LPOS"	""
|   12356|DEBUG|2018/03/16|19:40| 			"URL_DOC"	""
|   12356|DEBUG|2018/03/16|19:40| 		}
|   12356|DEBUG|2018/03/16|19:40| 		ELEM {
|   12356|DEBUG|2018/03/16|19:40| 			NB_PROP	"15"
|   12356|DEBUG|2018/03/16|19:40| 			"TO"	"JO0000000170"
|   12356|DEBUG|2018/03/16|19:40| 			"FROM"	"JO0000000118"
|   12356|DEBUG|2018/03/16|19:40| 			"v_groupexec"	""
|   12356|DEBUG|2018/03/16|19:40| 			"ID"	"LN0000000231"
|   12356|DEBUG|2018/03/16|19:40| 			"ID_ENV"	"EB0000000008"
|   12356|DEBUG|2018/03/16|19:40| 			"ID_APP"	""
|   12356|DEBUG|2018/03/16|19:40| 			"TYPE"	"2"
|   12356|DEBUG|2018/03/16|19:40| 			"V_DESC"	""
|   12356|DEBUG|2018/03/16|19:40| 			"V_USRNAME"	"LIE_342"
|   12356|DEBUG|2018/03/16|19:40| 			"LTYPE"	"1"
|   12356|DEBUG|2018/03/16|19:40| 			"XYWH"	"1100 2040 160 420"
|   12356|DEBUG|2018/03/16|19:40| 			"DS_DELAY"	""
|   12356|DEBUG|2018/03/16|19:40| 			"F_KILL"	""
|   12356|DEBUG|2018/03/16|19:40| 			"F_LPOS"	""
|   12356|DEBUG|2018/03/16|19:40| 			"URL_DOC"	""
|   12356|DEBUG|2018/03/16|19:40| 		}
|   12356|DEBUG|2018/03/16|19:40| 		ELEM {
|   12356|DEBUG|2018/03/16|19:40| 			NB_PROP	"15"
|   12356|DEBUG|2018/03/16|19:40| 			"TO"	"JO0000000357"
|   12356|DEBUG|2018/03/16|19:40| 			"FROM"	"JO0000000285"
|   12356|DEBUG|2018/03/16|19:40| 			"v_groupexec"	""
|   12356|DEBUG|2018/03/16|19:40| 			"ID"	"LN0000000232"
|   12356|DEBUG|2018/03/16|19:40| 			"ID_ENV"	"EB0000000008"
|   12356|DEBUG|2018/03/16|19:40| 			"ID_APP"	""
|   12356|DEBUG|2018/03/16|19:40| 			"TYPE"	"2"
|   12356|DEBUG|2018/03/16|19:40| 			"V_DESC"	""
|   12356|DEBUG|2018/03/16|19:40| 			"V_USRNAME"	"LIE_35"
|   12356|DEBUG|2018/03/16|19:40| 			"LTYPE"	"0"
|   12356|DEBUG|2018/03/16|19:40| 			"XYWH"	"340 1120 80 60"
|   12356|DEBUG|2018/03/16|19:40| 			"DS_DELAY"	""
|   12356|DEBUG|2018/03/16|19:40| 			"F_KILL"	""
|   12356|DEBUG|2018/03/16|19:40| 			"F_LPOS"	""
|   12356|DEBUG|2018/03/16|19:40| 			"URL_DOC"	""
|   12357|DEBUG|2018/03/16|19:40| 		}
|   12357|DEBUG|2018/03/16|19:40| 		ELEM {
|   12357|DEBUG|2018/03/16|19:40| 			NB_PROP	"15"
|   12357|DEBUG|2018/03/16|19:40| 			"TO"	"JO0000000132"
|   12357|DEBUG|2018/03/16|19:40| 			"FROM"	"JO0000000222"
|   12357|DEBUG|2018/03/16|19:40| 			"v_groupexec"	""
|   12357|DEBUG|2018/03/16|19:40| 			"ID"	"LN0000000233"
|   12357|DEBUG|2018/03/16|19:40| 			"ID_ENV"	"EB0000000008"
|   12357|DEBUG|2018/03/16|19:40| 			"ID_APP"	""
|   12357|DEBUG|2018/03/16|19:40| 			"TYPE"	"2"
|   12357|DEBUG|2018/03/16|19:40| 			"V_DESC"	""
|   12357|DEBUG|2018/03/16|19:40| 			"V_USRNAME"	"LIE_38"
|   12357|DEBUG|2018/03/16|19:40| 			"LTYPE"	"0"
|   12357|DEBUG|2018/03/16|19:40| 			"XYWH"	"-30 -400 60 10"
|   12357|DEBUG|2018/03/16|19:40| 			"DS_DELAY"	""
|   12357|DEBUG|2018/03/16|19:40| 			"F_KILL"	""
|   12357|DEBUG|2018/03/16|19:40| 			"F_LPOS"	""
|   12357|DEBUG|2018/03/16|19:40| 			"URL_DOC"	""
|   12357|DEBUG|2018/03/16|19:40| 		}
|   12357|DEBUG|2018/03/16|19:40| 		ELEM {
|   12357|DEBUG|2018/03/16|19:40| 			NB_PROP	"15"
|   12357|DEBUG|2018/03/16|19:40| 			"TO"	"JO0000000272"
|   12357|DEBUG|2018/03/16|19:40| 			"FROM"	"JO0000000278"
|   12357|DEBUG|2018/03/16|19:40| 			"v_groupexec"	""
|   12357|DEBUG|2018/03/16|19:40| 			"ID"	"LN0000000234"
|   12357|DEBUG|2018/03/16|19:40| 			"ID_ENV"	"EB0000000008"
|   12357|DEBUG|2018/03/16|19:40| 			"ID_APP"	""
|   12357|DEBUG|2018/03/16|19:40| 			"TYPE"	"2"
|   12357|DEBUG|2018/03/16|19:40| 			"V_DESC"	""
|   12357|DEBUG|2018/03/16|19:40| 			"V_USRNAME"	"LIE_39"
|   12357|DEBUG|2018/03/16|19:40| 			"LTYPE"	"0"
|   12357|DEBUG|2018/03/16|19:40| 			"XYWH"	"-160 -300 110 10"
|   12357|DEBUG|2018/03/16|19:40| 			"DS_DELAY"	""
|   12357|DEBUG|2018/03/16|19:40| 			"F_KILL"	""
|   12357|DEBUG|2018/03/16|19:40| 			"F_LPOS"	""
|   12357|DEBUG|2018/03/16|19:40| 			"URL_DOC"	""
|   12357|DEBUG|2018/03/16|19:40| 		}
|   12357|DEBUG|2018/03/16|19:40| 		ELEM {
|   12357|DEBUG|2018/03/16|19:40| 			NB_PROP	"15"
|   12357|DEBUG|2018/03/16|19:40| 			"TO"	"JO0000000291"
|   12357|DEBUG|2018/03/16|19:40| 			"FROM"	"JO0000000344"
|   12357|DEBUG|2018/03/16|19:40| 			"v_groupexec"	""
|   12357|DEBUG|2018/03/16|19:40| 			"ID"	"LN0000000235"
|   12357|DEBUG|2018/03/16|19:40| 			"ID_ENV"	"EB0000000008"
|   12357|DEBUG|2018/03/16|19:40| 			"ID_APP"	""
|   12357|DEBUG|2018/03/16|19:40| 			"TYPE"	"2"
|   12357|DEBUG|2018/03/16|19:40| 			"V_DESC"	""
|   12357|DEBUG|2018/03/16|19:40| 			"V_USRNAME"	"LIE_4"
|   12357|DEBUG|2018/03/16|19:40| 			"LTYPE"	"0"
|   12357|DEBUG|2018/03/16|19:40| 			"XYWH"	"110 440 8 30"
|   12357|DEBUG|2018/03/16|19:40| 			"DS_DELAY"	""
|   12357|DEBUG|2018/03/16|19:40| 			"F_KILL"	""
|   12357|DEBUG|2018/03/16|19:40| 			"F_LPOS"	""
|   12357|DEBUG|2018/03/16|19:40| 			"URL_DOC"	""
|   12357|DEBUG|2018/03/16|19:40| 		}
|   12357|DEBUG|2018/03/16|19:40| 		ELEM {
|   12357|DEBUG|2018/03/16|19:40| 			NB_PROP	"15"
|   12357|DEBUG|2018/03/16|19:40| 			"TO"	"JO0000000160"
|   12357|DEBUG|2018/03/16|19:40| 			"FROM"	"JO0000000272"
|   12357|DEBUG|2018/03/16|19:40| 			"v_groupexec"	""
|   12357|DEBUG|2018/03/16|19:40| 			"ID"	"LN0000000236"
|   12357|DEBUG|2018/03/16|19:40| 			"ID_ENV"	"EB0000000008"
|   12357|DEBUG|2018/03/16|19:40| 			"ID_APP"	""
|   12357|DEBUG|2018/03/16|19:40| 			"TYPE"	"2"
|   12357|DEBUG|2018/03/16|19:40| 			"V_DESC"	""
|   12357|DEBUG|2018/03/16|19:40| 			"V_USRNAME"	"LIE_40"
|   12357|DEBUG|2018/03/16|19:40| 			"LTYPE"	"0"
|   12357|DEBUG|2018/03/16|19:40| 			"XYWH"	"-40 -300 120 10"
|   12357|DEBUG|2018/03/16|19:40| 			"DS_DELAY"	""
|   12357|DEBUG|2018/03/16|19:40| 			"F_KILL"	""
|   12357|DEBUG|2018/03/16|19:40| 			"F_LPOS"	""
|   12357|DEBUG|2018/03/16|19:40| 			"URL_DOC"	""
|   12357|DEBUG|2018/03/16|19:40| 		}
|   12357|DEBUG|2018/03/16|19:40| 		ELEM {
|   12357|DEBUG|2018/03/16|19:40| 			NB_PROP	"15"
|   12357|DEBUG|2018/03/16|19:40| 			"TO"	"JO0000000103"
|   12357|DEBUG|2018/03/16|19:40| 			"FROM"	"JO0000000160"
|   12357|DEBUG|2018/03/16|19:40| 			"v_groupexec"	""
|   12357|DEBUG|2018/03/16|19:40| 			"ID"	"LN0000000237"
|   12357|DEBUG|2018/03/16|19:40| 			"ID_ENV"	"EB0000000008"
|   12357|DEBUG|2018/03/16|19:40| 			"ID_APP"	""
|   12357|DEBUG|2018/03/16|19:40| 			"TYPE"	"2"
|   12357|DEBUG|2018/03/16|19:40| 			"V_DESC"	""
|   12357|DEBUG|2018/03/16|19:40| 			"V_USRNAME"	"LIE_41"
|   12357|DEBUG|2018/03/16|19:40| 			"LTYPE"	"0"
|   12357|DEBUG|2018/03/16|19:40| 			"XYWH"	"-100 -340 50 10"
|   12357|DEBUG|2018/03/16|19:40| 			"DS_DELAY"	""
|   12357|DEBUG|2018/03/16|19:40| 			"F_KILL"	""
|   12357|DEBUG|2018/03/16|19:40| 			"F_LPOS"	""
|   12357|DEBUG|2018/03/16|19:40| 			"URL_DOC"	""
|   12357|DEBUG|2018/03/16|19:40| 		}
|   12357|DEBUG|2018/03/16|19:40| 		ELEM {
|   12357|DEBUG|2018/03/16|19:40| 			NB_PROP	"15"
|   12357|DEBUG|2018/03/16|19:40| 			"TO"	"JO0000000224"
|   12357|DEBUG|2018/03/16|19:40| 			"FROM"	"JO0000000103"
|   12357|DEBUG|2018/03/16|19:40| 			"v_groupexec"	""
|   12357|DEBUG|2018/03/16|19:40| 			"ID"	"LN0000000238"
|   12357|DEBUG|2018/03/16|19:40| 			"ID_ENV"	"EB0000000008"
|   12357|DEBUG|2018/03/16|19:40| 			"ID_APP"	""
|   12357|DEBUG|2018/03/16|19:40| 			"TYPE"	"2"
|   12357|DEBUG|2018/03/16|19:40| 			"V_DESC"	""
|   12357|DEBUG|2018/03/16|19:40| 			"V_USRNAME"	"LIE_42"
|   12357|DEBUG|2018/03/16|19:40| 			"LTYPE"	"0"
|   12357|DEBUG|2018/03/16|19:40| 			"XYWH"	"-20 -340 50 10"
|   12357|DEBUG|2018/03/16|19:40| 			"DS_DELAY"	""
|   12357|DEBUG|2018/03/16|19:40| 			"F_KILL"	""
|   12357|DEBUG|2018/03/16|19:40| 			"F_LPOS"	""
|   12357|DEBUG|2018/03/16|19:40| 			"URL_DOC"	""
|   12357|DEBUG|2018/03/16|19:40| 		}
|   12357|DEBUG|2018/03/16|19:40| 		ELEM {
|   12357|DEBUG|2018/03/16|19:40| 			NB_PROP	"15"
|   12357|DEBUG|2018/03/16|19:40| 			"TO"	"JO0000000102"
|   12357|DEBUG|2018/03/16|19:40| 			"FROM"	"JO0000000248"
|   12357|DEBUG|2018/03/16|19:40| 			"v_groupexec"	""
|   12357|DEBUG|2018/03/16|19:40| 			"ID"	"LN0000000239"
|   12357|DEBUG|2018/03/16|19:40| 			"ID_ENV"	"EB0000000008"
|   12357|DEBUG|2018/03/16|19:40| 			"ID_APP"	""
|   12357|DEBUG|2018/03/16|19:40| 			"TYPE"	"2"
|   12357|DEBUG|2018/03/16|19:40| 			"V_DESC"	""
|   12357|DEBUG|2018/03/16|19:40| 			"V_USRNAME"	"LIE_43"
|   12357|DEBUG|2018/03/16|19:40| 			"LTYPE"	"0"
|   12357|DEBUG|2018/03/16|19:40| 			"XYWH"	"60 -280 50 10"
|   12357|DEBUG|2018/03/16|19:40| 			"DS_DELAY"	""
|   12357|DEBUG|2018/03/16|19:40| 			"F_KILL"	""
|   12357|DEBUG|2018/03/16|19:40| 			"F_LPOS"	""
|   12357|DEBUG|2018/03/16|19:40| 			"URL_DOC"	""
|   12357|DEBUG|2018/03/16|19:40| 		}
|   12357|DEBUG|2018/03/16|19:40| 		ELEM {
|   12357|DEBUG|2018/03/16|19:40| 			NB_PROP	"15"
|   12357|DEBUG|2018/03/16|19:40| 			"TO"	"JO0000000131"
|   12357|DEBUG|2018/03/16|19:40| 			"FROM"	"JO0000000221"
|   12357|DEBUG|2018/03/16|19:40| 			"v_groupexec"	""
|   12357|DEBUG|2018/03/16|19:40| 			"ID"	"LN0000000240"
|   12357|DEBUG|2018/03/16|19:40| 			"ID_ENV"	"EB0000000008"
|   12357|DEBUG|2018/03/16|19:40| 			"ID_APP"	""
|   12357|DEBUG|2018/03/16|19:40| 			"TYPE"	"2"
|   12357|DEBUG|2018/03/16|19:40| 			"V_DESC"	""
|   12357|DEBUG|2018/03/16|19:40| 			"V_USRNAME"	"LIE_44"
|   12357|DEBUG|2018/03/16|19:40| 			"LTYPE"	"0"
|   12357|DEBUG|2018/03/16|19:40| 			"XYWH"	"-20 -190 50 10"
|   12357|DEBUG|2018/03/16|19:40| 			"DS_DELAY"	""
|   12357|DEBUG|2018/03/16|19:40| 			"F_KILL"	""
|   12357|DEBUG|2018/03/16|19:40| 			"F_LPOS"	""
|   12357|DEBUG|2018/03/16|19:40| 			"URL_DOC"	""
|   12357|DEBUG|2018/03/16|19:40| 		}
|   12357|DEBUG|2018/03/16|19:40| 		ELEM {
|   12357|DEBUG|2018/03/16|19:40| 			NB_PROP	"15"
|   12357|DEBUG|2018/03/16|19:40| 			"TO"	"JO0000000271"
|   12357|DEBUG|2018/03/16|19:40| 			"FROM"	"JO0000000277"
|   12357|DEBUG|2018/03/16|19:40| 			"v_groupexec"	""
|   12357|DEBUG|2018/03/16|19:40| 			"ID"	"LN0000000241"
|   12357|DEBUG|2018/03/16|19:40| 			"ID_ENV"	"EB0000000008"
|   12357|DEBUG|2018/03/16|19:40| 			"ID_APP"	""
|   12357|DEBUG|2018/03/16|19:40| 			"TYPE"	"2"
|   12357|DEBUG|2018/03/16|19:40| 			"V_DESC"	""
|   12357|DEBUG|2018/03/16|19:40| 			"V_USRNAME"	"LIE_45"
|   12357|DEBUG|2018/03/16|19:40| 			"LTYPE"	"0"
|   12357|DEBUG|2018/03/16|19:40| 			"XYWH"	"-170 -110 100 10"
|   12357|DEBUG|2018/03/16|19:40| 			"DS_DELAY"	""
|   12357|DEBUG|2018/03/16|19:40| 			"F_KILL"	""
|   12357|DEBUG|2018/03/16|19:40| 			"F_LPOS"	""
|   12357|DEBUG|2018/03/16|19:40| 			"URL_DOC"	""
|   12357|DEBUG|2018/03/16|19:40| 		}
|   12357|DEBUG|2018/03/16|19:40| 		ELEM {
|   12357|DEBUG|2018/03/16|19:40| 			NB_PROP	"15"
|   12357|DEBUG|2018/03/16|19:40| 			"TO"	"JO0000000158"
|   12357|DEBUG|2018/03/16|19:40| 			"FROM"	"JO0000000271"
|   12357|DEBUG|2018/03/16|19:40| 			"v_groupexec"	""
|   12357|DEBUG|2018/03/16|19:40| 			"ID"	"LN0000000242"
|   12357|DEBUG|2018/03/16|19:40| 			"ID_ENV"	"EB0000000008"
|   12357|DEBUG|2018/03/16|19:40| 			"ID_APP"	""
|   12357|DEBUG|2018/03/16|19:40| 			"TYPE"	"2"
|   12357|DEBUG|2018/03/16|19:40| 			"V_DESC"	""
|   12357|DEBUG|2018/03/16|19:40| 			"V_USRNAME"	"LIE_46"
|   12357|DEBUG|2018/03/16|19:40| 			"LTYPE"	"0"
|   12357|DEBUG|2018/03/16|19:40| 			"XYWH"	"-60 -110 120 10"
|   12357|DEBUG|2018/03/16|19:40| 			"DS_DELAY"	""
|   12357|DEBUG|2018/03/16|19:40| 			"F_KILL"	""
|   12357|DEBUG|2018/03/16|19:40| 			"F_LPOS"	""
|   12357|DEBUG|2018/03/16|19:40| 			"URL_DOC"	""
|   12357|DEBUG|2018/03/16|19:40| 		}
|   12357|DEBUG|2018/03/16|19:40| 		ELEM {
|   12357|DEBUG|2018/03/16|19:40| 			NB_PROP	"15"
|   12357|DEBUG|2018/03/16|19:40| 			"TO"	"JO0000000159"
|   12357|DEBUG|2018/03/16|19:40| 			"FROM"	"JO0000000158"
|   12357|DEBUG|2018/03/16|19:40| 			"v_groupexec"	""
|   12357|DEBUG|2018/03/16|19:40| 			"ID"	"LN0000000243"
|   12357|DEBUG|2018/03/16|19:40| 			"ID_ENV"	"EB0000000008"
|   12357|DEBUG|2018/03/16|19:40| 			"ID_APP"	""
|   12357|DEBUG|2018/03/16|19:40| 			"TYPE"	"2"
|   12357|DEBUG|2018/03/16|19:40| 			"V_DESC"	""
|   12357|DEBUG|2018/03/16|19:40| 			"V_USRNAME"	"LIE_47"
|   12357|DEBUG|2018/03/16|19:40| 			"LTYPE"	"0"
|   12357|DEBUG|2018/03/16|19:40| 			"XYWH"	"60 -110 130 10"
|   12357|DEBUG|2018/03/16|19:40| 			"DS_DELAY"	""
|   12357|DEBUG|2018/03/16|19:40| 			"F_KILL"	""
|   12357|DEBUG|2018/03/16|19:40| 			"F_LPOS"	""
|   12357|DEBUG|2018/03/16|19:40| 			"URL_DOC"	""
|   12357|DEBUG|2018/03/16|19:40| 		}
|   12357|DEBUG|2018/03/16|19:40| 		ELEM {
|   12357|DEBUG|2018/03/16|19:40| 			NB_PROP	"15"
|   12357|DEBUG|2018/03/16|19:40| 			"TO"	"JO0000000276"
|   12357|DEBUG|2018/03/16|19:40| 			"FROM"	"JO0000000159"
|   12357|DEBUG|2018/03/16|19:40| 			"v_groupexec"	""
|   12357|DEBUG|2018/03/16|19:40| 			"ID"	"LN0000000244"
|   12357|DEBUG|2018/03/16|19:40| 			"ID_ENV"	"EB0000000008"
|   12357|DEBUG|2018/03/16|19:40| 			"ID_APP"	""
|   12358|DEBUG|2018/03/16|19:40| 			"TYPE"	"2"
|   12358|DEBUG|2018/03/16|19:40| 			"V_DESC"	""
|   12358|DEBUG|2018/03/16|19:40| 			"V_USRNAME"	"LIE_48"
|   12358|DEBUG|2018/03/16|19:40| 			"LTYPE"	"0"
|   12358|DEBUG|2018/03/16|19:40| 			"XYWH"	"-160 -110 370 90"
|   12358|DEBUG|2018/03/16|19:40| 			"DS_DELAY"	""
|   12358|DEBUG|2018/03/16|19:40| 			"F_KILL"	""
|   12358|DEBUG|2018/03/16|19:40| 			"F_LPOS"	""
|   12358|DEBUG|2018/03/16|19:40| 			"URL_DOC"	""
|   12358|DEBUG|2018/03/16|19:40| 		}
|   12358|DEBUG|2018/03/16|19:40| 		ELEM {
|   12358|DEBUG|2018/03/16|19:40| 			NB_PROP	"15"
|   12358|DEBUG|2018/03/16|19:40| 			"TO"	"JO0000000281"
|   12358|DEBUG|2018/03/16|19:40| 			"FROM"	"JO0000000276"
|   12358|DEBUG|2018/03/16|19:40| 			"v_groupexec"	""
|   12358|DEBUG|2018/03/16|19:40| 			"ID"	"LN0000000245"
|   12358|DEBUG|2018/03/16|19:40| 			"ID_ENV"	"EB0000000008"
|   12358|DEBUG|2018/03/16|19:40| 			"ID_APP"	""
|   12358|DEBUG|2018/03/16|19:40| 			"TYPE"	"2"
|   12358|DEBUG|2018/03/16|19:40| 			"V_DESC"	""
|   12358|DEBUG|2018/03/16|19:40| 			"V_USRNAME"	"LIE_49"
|   12358|DEBUG|2018/03/16|19:40| 			"LTYPE"	"0"
|   12358|DEBUG|2018/03/16|19:40| 			"XYWH"	"-170 -20 110 10"
|   12358|DEBUG|2018/03/16|19:40| 			"DS_DELAY"	""
|   12358|DEBUG|2018/03/16|19:40| 			"F_KILL"	""
|   12358|DEBUG|2018/03/16|19:40| 			"F_LPOS"	""
|   12358|DEBUG|2018/03/16|19:40| 			"URL_DOC"	""
|   12358|DEBUG|2018/03/16|19:40| 		}
|   12358|DEBUG|2018/03/16|19:40| 		ELEM {
|   12358|DEBUG|2018/03/16|19:40| 			NB_PROP	"15"
|   12358|DEBUG|2018/03/16|19:40| 			"TO"	"JO0000000346"
|   12358|DEBUG|2018/03/16|19:40| 			"FROM"	"JO0000000298"
|   12358|DEBUG|2018/03/16|19:40| 			"v_groupexec"	""
|   12358|DEBUG|2018/03/16|19:40| 			"ID"	"LN0000000246"
|   12358|DEBUG|2018/03/16|19:40| 			"ID_ENV"	"EB0000000008"
|   12358|DEBUG|2018/03/16|19:40| 			"ID_APP"	""
|   12358|DEBUG|2018/03/16|19:40| 			"TYPE"	"2"
|   12358|DEBUG|2018/03/16|19:40| 			"V_DESC"	""
|   12358|DEBUG|2018/03/16|19:40| 			"V_USRNAME"	"LIE_4_X1"
|   12358|DEBUG|2018/03/16|19:40| 			"LTYPE"	"0"
|   12358|DEBUG|2018/03/16|19:40| 			"XYWH"	"360 -880 10 30"
|   12358|DEBUG|2018/03/16|19:40| 			"DS_DELAY"	""
|   12358|DEBUG|2018/03/16|19:40| 			"F_KILL"	""
|   12358|DEBUG|2018/03/16|19:40| 			"F_LPOS"	""
|   12358|DEBUG|2018/03/16|19:40| 			"URL_DOC"	""
|   12358|DEBUG|2018/03/16|19:40| 		}
|   12358|DEBUG|2018/03/16|19:40| 		ELEM {
|   12358|DEBUG|2018/03/16|19:40| 			NB_PROP	"15"
|   12358|DEBUG|2018/03/16|19:40| 			"TO"	"JO0000000258"
|   12358|DEBUG|2018/03/16|19:40| 			"FROM"	"JO0000000232"
|   12358|DEBUG|2018/03/16|19:40| 			"v_groupexec"	""
|   12358|DEBUG|2018/03/16|19:40| 			"ID"	"LN0000000247"
|   12358|DEBUG|2018/03/16|19:40| 			"ID_ENV"	"EB0000000008"
|   12358|DEBUG|2018/03/16|19:40| 			"ID_APP"	""
|   12358|DEBUG|2018/03/16|19:40| 			"TYPE"	"2"
|   12358|DEBUG|2018/03/16|19:40| 			"V_DESC"	""
|   12358|DEBUG|2018/03/16|19:40| 			"V_USRNAME"	"LIE_5"
|   12358|DEBUG|2018/03/16|19:40| 			"LTYPE"	"0"
|   12358|DEBUG|2018/03/16|19:40| 			"XYWH"	"600 -610 60 10"
|   12358|DEBUG|2018/03/16|19:40| 			"DS_DELAY"	""
|   12358|DEBUG|2018/03/16|19:40| 			"F_KILL"	""
|   12358|DEBUG|2018/03/16|19:40| 			"F_LPOS"	""
|   12358|DEBUG|2018/03/16|19:40| 			"URL_DOC"	""
|   12358|DEBUG|2018/03/16|19:40| 		}
|   12358|DEBUG|2018/03/16|19:40| 		ELEM {
|   12358|DEBUG|2018/03/16|19:40| 			NB_PROP	"15"
|   12358|DEBUG|2018/03/16|19:40| 			"TO"	"JO0000000183"
|   12358|DEBUG|2018/03/16|19:40| 			"FROM"	"JO0000000281"
|   12358|DEBUG|2018/03/16|19:40| 			"v_groupexec"	""
|   12358|DEBUG|2018/03/16|19:40| 			"ID"	"LN0000000248"
|   12358|DEBUG|2018/03/16|19:40| 			"ID_ENV"	"EB0000000008"
|   12358|DEBUG|2018/03/16|19:40| 			"ID_APP"	""
|   12358|DEBUG|2018/03/16|19:40| 			"TYPE"	"2"
|   12358|DEBUG|2018/03/16|19:40| 			"V_DESC"	""
|   12358|DEBUG|2018/03/16|19:40| 			"V_USRNAME"	"LIE_50"
|   12358|DEBUG|2018/03/16|19:40| 			"LTYPE"	"0"
|   12358|DEBUG|2018/03/16|19:40| 			"XYWH"	"-220 70 10 80"
|   12358|DEBUG|2018/03/16|19:40| 			"DS_DELAY"	""
|   12358|DEBUG|2018/03/16|19:40| 			"F_KILL"	""
|   12358|DEBUG|2018/03/16|19:40| 			"F_LPOS"	""
|   12358|DEBUG|2018/03/16|19:40| 			"URL_DOC"	""
|   12358|DEBUG|2018/03/16|19:40| 		}
|   12358|DEBUG|2018/03/16|19:40| 		ELEM {
|   12358|DEBUG|2018/03/16|19:40| 			NB_PROP	"15"
|   12358|DEBUG|2018/03/16|19:40| 			"TO"	"JO0000000374"
|   12358|DEBUG|2018/03/16|19:40| 			"FROM"	"JO0000000183"
|   12358|DEBUG|2018/03/16|19:40| 			"v_groupexec"	""
|   12358|DEBUG|2018/03/16|19:40| 			"ID"	"LN0000000249"
|   12358|DEBUG|2018/03/16|19:40| 			"ID_ENV"	"EB0000000008"
|   12358|DEBUG|2018/03/16|19:40| 			"ID_APP"	""
|   12358|DEBUG|2018/03/16|19:40| 			"TYPE"	"2"
|   12358|DEBUG|2018/03/16|19:40| 			"V_DESC"	""
|   12358|DEBUG|2018/03/16|19:40| 			"V_USRNAME"	"LIE_51"
|   12358|DEBUG|2018/03/16|19:40| 			"LTYPE"	"0"
|   12358|DEBUG|2018/03/16|19:40| 			"XYWH"	"-60 190 10 100"
|   12358|DEBUG|2018/03/16|19:40| 			"DS_DELAY"	""
|   12358|DEBUG|2018/03/16|19:40| 			"F_KILL"	""
|   12358|DEBUG|2018/03/16|19:40| 			"F_LPOS"	"1"
|   12358|DEBUG|2018/03/16|19:40| 			"URL_DOC"	""
|   12358|DEBUG|2018/03/16|19:40| 		}
|   12358|DEBUG|2018/03/16|19:40| 		ELEM {
|   12358|DEBUG|2018/03/16|19:40| 			NB_PROP	"15"
|   12358|DEBUG|2018/03/16|19:40| 			"TO"	"JO0000000361"
|   12358|DEBUG|2018/03/16|19:40| 			"FROM"	"JO0000000163"
|   12358|DEBUG|2018/03/16|19:40| 			"v_groupexec"	""
|   12358|DEBUG|2018/03/16|19:40| 			"ID"	"LN0000000250"
|   12358|DEBUG|2018/03/16|19:40| 			"ID_ENV"	"EB0000000008"
|   12358|DEBUG|2018/03/16|19:40| 			"ID_APP"	""
|   12358|DEBUG|2018/03/16|19:40| 			"TYPE"	"2"
|   12358|DEBUG|2018/03/16|19:40| 			"V_DESC"	""
|   12358|DEBUG|2018/03/16|19:40| 			"V_USRNAME"	"LIE_52"
|   12358|DEBUG|2018/03/16|19:40| 			"LTYPE"	"0"
|   12358|DEBUG|2018/03/16|19:40| 			"XYWH"	"40 190 10 100"
|   12358|DEBUG|2018/03/16|19:40| 			"DS_DELAY"	""
|   12358|DEBUG|2018/03/16|19:40| 			"F_KILL"	""
|   12358|DEBUG|2018/03/16|19:40| 			"F_LPOS"	""
|   12358|DEBUG|2018/03/16|19:40| 			"URL_DOC"	""
|   12358|DEBUG|2018/03/16|19:40| 		}
|   12358|DEBUG|2018/03/16|19:40| 		ELEM {
|   12358|DEBUG|2018/03/16|19:40| 			NB_PROP	"15"
|   12358|DEBUG|2018/03/16|19:40| 			"TO"	"JO0000000371"
|   12358|DEBUG|2018/03/16|19:40| 			"FROM"	"JO0000000174"
|   12358|DEBUG|2018/03/16|19:40| 			"v_groupexec"	""
|   12358|DEBUG|2018/03/16|19:40| 			"ID"	"LN0000000251"
|   12358|DEBUG|2018/03/16|19:40| 			"ID_ENV"	"EB0000000008"
|   12358|DEBUG|2018/03/16|19:40| 			"ID_APP"	""
|   12358|DEBUG|2018/03/16|19:40| 			"TYPE"	"2"
|   12358|DEBUG|2018/03/16|19:40| 			"V_DESC"	""
|   12358|DEBUG|2018/03/16|19:40| 			"V_USRNAME"	"LIE_53"
|   12358|DEBUG|2018/03/16|19:40| 			"LTYPE"	"0"
|   12358|DEBUG|2018/03/16|19:40| 			"XYWH"	"150 190 10 100"
|   12358|DEBUG|2018/03/16|19:40| 			"DS_DELAY"	""
|   12358|DEBUG|2018/03/16|19:40| 			"F_KILL"	""
|   12358|DEBUG|2018/03/16|19:40| 			"F_LPOS"	"1"
|   12358|DEBUG|2018/03/16|19:40| 			"URL_DOC"	""
|   12358|DEBUG|2018/03/16|19:40| 		}
|   12358|DEBUG|2018/03/16|19:40| 		ELEM {
|   12358|DEBUG|2018/03/16|19:40| 			NB_PROP	"15"
|   12358|DEBUG|2018/03/16|19:40| 			"TO"	"JO0000000163"
|   12358|DEBUG|2018/03/16|19:40| 			"FROM"	"JO0000000183"
|   12358|DEBUG|2018/03/16|19:40| 			"v_groupexec"	""
|   12358|DEBUG|2018/03/16|19:40| 			"ID"	"LN0000000252"
|   12358|DEBUG|2018/03/16|19:40| 			"ID_ENV"	"EB0000000008"
|   12358|DEBUG|2018/03/16|19:40| 			"ID_APP"	""
|   12358|DEBUG|2018/03/16|19:40| 			"TYPE"	"2"
|   12358|DEBUG|2018/03/16|19:40| 			"V_DESC"	""
|   12358|DEBUG|2018/03/16|19:40| 			"V_USRNAME"	"LIE_54"
|   12358|DEBUG|2018/03/16|19:40| 			"LTYPE"	"0"
|   12358|DEBUG|2018/03/16|19:40| 			"XYWH"	"-50 170 80 10"
|   12358|DEBUG|2018/03/16|19:40| 			"DS_DELAY"	""
|   12358|DEBUG|2018/03/16|19:40| 			"F_KILL"	""
|   12358|DEBUG|2018/03/16|19:40| 			"F_LPOS"	""
|   12358|DEBUG|2018/03/16|19:40| 			"URL_DOC"	""
|   12358|DEBUG|2018/03/16|19:40| 		}
|   12358|DEBUG|2018/03/16|19:40| 		ELEM {
|   12358|DEBUG|2018/03/16|19:40| 			NB_PROP	"15"
|   12358|DEBUG|2018/03/16|19:40| 			"TO"	"JO0000000174"
|   12358|DEBUG|2018/03/16|19:40| 			"FROM"	"JO0000000163"
|   12358|DEBUG|2018/03/16|19:40| 			"v_groupexec"	""
|   12358|DEBUG|2018/03/16|19:40| 			"ID"	"LN0000000253"
|   12358|DEBUG|2018/03/16|19:40| 			"ID_ENV"	"EB0000000008"
|   12358|DEBUG|2018/03/16|19:40| 			"ID_APP"	""
|   12358|DEBUG|2018/03/16|19:40| 			"TYPE"	"2"
|   12358|DEBUG|2018/03/16|19:40| 			"V_DESC"	""
|   12358|DEBUG|2018/03/16|19:40| 			"V_USRNAME"	"LIE_55"
|   12358|DEBUG|2018/03/16|19:40| 			"LTYPE"	"0"
|   12358|DEBUG|2018/03/16|19:40| 			"XYWH"	"60 170 80 10"
|   12358|DEBUG|2018/03/16|19:40| 			"DS_DELAY"	""
|   12358|DEBUG|2018/03/16|19:40| 			"F_KILL"	""
|   12358|DEBUG|2018/03/16|19:40| 			"F_LPOS"	""
|   12358|DEBUG|2018/03/16|19:40| 			"URL_DOC"	""
|   12358|DEBUG|2018/03/16|19:40| 		}
|   12358|DEBUG|2018/03/16|19:40| 		ELEM {
|   12358|DEBUG|2018/03/16|19:40| 			NB_PROP	"15"
|   12358|DEBUG|2018/03/16|19:40| 			"TO"	"JO0000000358"
|   12358|DEBUG|2018/03/16|19:40| 			"FROM"	"JO0000000183"
|   12358|DEBUG|2018/03/16|19:40| 			"v_groupexec"	""
|   12358|DEBUG|2018/03/16|19:40| 			"ID"	"LN0000000254"
|   12358|DEBUG|2018/03/16|19:40| 			"ID_ENV"	"EB0000000008"
|   12358|DEBUG|2018/03/16|19:40| 			"ID_APP"	""
|   12358|DEBUG|2018/03/16|19:40| 			"TYPE"	"2"
|   12358|DEBUG|2018/03/16|19:40| 			"V_DESC"	""
|   12358|DEBUG|2018/03/16|19:40| 			"V_USRNAME"	"LIE_56"
|   12358|DEBUG|2018/03/16|19:40| 			"LTYPE"	"0"
|   12358|DEBUG|2018/03/16|19:40| 			"XYWH"	"180 280 90 10"
|   12358|DEBUG|2018/03/16|19:40| 			"DS_DELAY"	""
|   12358|DEBUG|2018/03/16|19:40| 			"F_KILL"	""
|   12358|DEBUG|2018/03/16|19:40| 			"F_LPOS"	""
|   12358|DEBUG|2018/03/16|19:40| 			"URL_DOC"	""
|   12358|DEBUG|2018/03/16|19:40| 		}
|   12358|DEBUG|2018/03/16|19:40| 		ELEM {
|   12358|DEBUG|2018/03/16|19:40| 			NB_PROP	"15"
|   12358|DEBUG|2018/03/16|19:40| 			"TO"	"JO0000000299"
|   12358|DEBUG|2018/03/16|19:40| 			"FROM"	"JO0000000174"
|   12358|DEBUG|2018/03/16|19:40| 			"v_groupexec"	""
|   12359|DEBUG|2018/03/16|19:40| 			"ID"	"LN0000000255"
|   12359|DEBUG|2018/03/16|19:40| 			"ID_ENV"	"EB0000000008"
|   12359|DEBUG|2018/03/16|19:40| 			"ID_APP"	""
|   12359|DEBUG|2018/03/16|19:40| 			"TYPE"	"2"
|   12359|DEBUG|2018/03/16|19:40| 			"V_DESC"	""
|   12359|DEBUG|2018/03/16|19:40| 			"V_USRNAME"	"LIE_57"
|   12359|DEBUG|2018/03/16|19:40| 			"LTYPE"	"0"
|   12359|DEBUG|2018/03/16|19:40| 			"XYWH"	"-170 400 110 1160"
|   12359|DEBUG|2018/03/16|19:40| 			"DS_DELAY"	""
|   12359|DEBUG|2018/03/16|19:40| 			"F_KILL"	""
|   12359|DEBUG|2018/03/16|19:40| 			"F_LPOS"	""
|   12359|DEBUG|2018/03/16|19:40| 			"URL_DOC"	""
|   12359|DEBUG|2018/03/16|19:40| 		}
|   12359|DEBUG|2018/03/16|19:40| 		ELEM {
|   12359|DEBUG|2018/03/16|19:40| 			NB_PROP	"15"
|   12359|DEBUG|2018/03/16|19:40| 			"TO"	"JO0000000225"
|   12359|DEBUG|2018/03/16|19:40| 			"FROM"	"JO0000000104"
|   12359|DEBUG|2018/03/16|19:40| 			"v_groupexec"	""
|   12359|DEBUG|2018/03/16|19:40| 			"ID"	"LN0000000256"
|   12359|DEBUG|2018/03/16|19:40| 			"ID_ENV"	"EB0000000008"
|   12359|DEBUG|2018/03/16|19:40| 			"ID_APP"	""
|   12359|DEBUG|2018/03/16|19:40| 			"TYPE"	"2"
|   12359|DEBUG|2018/03/16|19:40| 			"V_DESC"	""
|   12359|DEBUG|2018/03/16|19:40| 			"V_USRNAME"	"LIE_58"
|   12359|DEBUG|2018/03/16|19:40| 			"LTYPE"	"0"
|   12359|DEBUG|2018/03/16|19:40| 			"XYWH"	"-100 -470 50 10"
|   12359|DEBUG|2018/03/16|19:40| 			"DS_DELAY"	""
|   12359|DEBUG|2018/03/16|19:40| 			"F_KILL"	""
|   12359|DEBUG|2018/03/16|19:40| 			"F_LPOS"	""
|   12359|DEBUG|2018/03/16|19:40| 			"URL_DOC"	""
|   12359|DEBUG|2018/03/16|19:40| 		}
|   12359|DEBUG|2018/03/16|19:40| 		ELEM {
|   12359|DEBUG|2018/03/16|19:40| 			NB_PROP	"15"
|   12359|DEBUG|2018/03/16|19:40| 			"TO"	"JO0000000347"
|   12359|DEBUG|2018/03/16|19:40| 			"FROM"	"JO0000000337"
|   12359|DEBUG|2018/03/16|19:40| 			"v_groupexec"	""
|   12359|DEBUG|2018/03/16|19:40| 			"ID"	"LN0000000257"
|   12359|DEBUG|2018/03/16|19:40| 			"ID_ENV"	"EB0000000008"
|   12359|DEBUG|2018/03/16|19:40| 			"ID_APP"	""
|   12359|DEBUG|2018/03/16|19:40| 			"TYPE"	"2"
|   12359|DEBUG|2018/03/16|19:40| 			"V_DESC"	""
|   12359|DEBUG|2018/03/16|19:40| 			"V_USRNAME"	"LIE_58_X1"
|   12359|DEBUG|2018/03/16|19:40| 			"LTYPE"	"0"
|   12359|DEBUG|2018/03/16|19:40| 			"XYWH"	"260 -1210 10 40"
|   12359|DEBUG|2018/03/16|19:40| 			"DS_DELAY"	""
|   12359|DEBUG|2018/03/16|19:40| 			"F_KILL"	""
|   12359|DEBUG|2018/03/16|19:40| 			"F_LPOS"	""
|   12359|DEBUG|2018/03/16|19:40| 			"URL_DOC"	""
|   12359|DEBUG|2018/03/16|19:40| 		}
|   12359|DEBUG|2018/03/16|19:40| 		ELEM {
|   12359|DEBUG|2018/03/16|19:40| 			NB_PROP	"15"
|   12359|DEBUG|2018/03/16|19:40| 			"TO"	"JO0000000301"
|   12359|DEBUG|2018/03/16|19:40| 			"FROM"	"JO0000000302"
|   12359|DEBUG|2018/03/16|19:40| 			"v_groupexec"	""
|   12359|DEBUG|2018/03/16|19:40| 			"ID"	"LN0000000258"
|   12359|DEBUG|2018/03/16|19:40| 			"ID_ENV"	"EB0000000008"
|   12359|DEBUG|2018/03/16|19:40| 			"ID_APP"	""
|   12359|DEBUG|2018/03/16|19:40| 			"TYPE"	"2"
|   12359|DEBUG|2018/03/16|19:40| 			"V_DESC"	""
|   12359|DEBUG|2018/03/16|19:40| 			"V_USRNAME"	"LIE_59"
|   12359|DEBUG|2018/03/16|19:40| 			"LTYPE"	"0"
|   12359|DEBUG|2018/03/16|19:40| 			"XYWH"	"-100 2430 10 50"
|   12359|DEBUG|2018/03/16|19:40| 			"DS_DELAY"	""
|   12359|DEBUG|2018/03/16|19:40| 			"F_KILL"	""
|   12359|DEBUG|2018/03/16|19:40| 			"F_LPOS"	""
|   12359|DEBUG|2018/03/16|19:40| 			"URL_DOC"	""
|   12359|DEBUG|2018/03/16|19:40| 		}
|   12359|DEBUG|2018/03/16|19:40| 		ELEM {
|   12359|DEBUG|2018/03/16|19:40| 			NB_PROP	"15"
|   12359|DEBUG|2018/03/16|19:40| 			"TO"	"JO0000000123"
|   12359|DEBUG|2018/03/16|19:40| 			"FROM"	"JO0000000265"
|   12359|DEBUG|2018/03/16|19:40| 			"v_groupexec"	""
|   12359|DEBUG|2018/03/16|19:40| 			"ID"	"LN0000000259"
|   12359|DEBUG|2018/03/16|19:40| 			"ID_ENV"	"EB0000000008"
|   12359|DEBUG|2018/03/16|19:40| 			"ID_APP"	""
|   12359|DEBUG|2018/03/16|19:40| 			"TYPE"	"2"
|   12359|DEBUG|2018/03/16|19:40| 			"V_DESC"	""
|   12359|DEBUG|2018/03/16|19:40| 			"V_USRNAME"	"LIE_59_X1"
|   12359|DEBUG|2018/03/16|19:40| 			"LTYPE"	"0"
|   12359|DEBUG|2018/03/16|19:40| 			"XYWH"	"380 -1270 140 10"
|   12359|DEBUG|2018/03/16|19:40| 			"DS_DELAY"	""
|   12359|DEBUG|2018/03/16|19:40| 			"F_KILL"	""
|   12359|DEBUG|2018/03/16|19:40| 			"F_LPOS"	""
|   12359|DEBUG|2018/03/16|19:40| 			"URL_DOC"	""
|   12359|DEBUG|2018/03/16|19:40| 		}
|   12359|DEBUG|2018/03/16|19:40| 		ELEM {
|   12359|DEBUG|2018/03/16|19:40| 			NB_PROP	"15"
|   12359|DEBUG|2018/03/16|19:40| 			"TO"	"JO0000000215"
|   12359|DEBUG|2018/03/16|19:40| 			"FROM"	"JO0000000340"
|   12359|DEBUG|2018/03/16|19:40| 			"v_groupexec"	""
|   12359|DEBUG|2018/03/16|19:40| 			"ID"	"LN0000000260"
|   12359|DEBUG|2018/03/16|19:40| 			"ID_ENV"	"EB0000000008"
|   12359|DEBUG|2018/03/16|19:40| 			"ID_APP"	""
|   12359|DEBUG|2018/03/16|19:40| 			"TYPE"	"2"
|   12359|DEBUG|2018/03/16|19:40| 			"V_DESC"	""
|   12359|DEBUG|2018/03/16|19:40| 			"V_USRNAME"	"LIE_5_X1"
|   12359|DEBUG|2018/03/16|19:40| 			"LTYPE"	"0"
|   12359|DEBUG|2018/03/16|19:40| 			"XYWH"	"90 600 10 40"
|   12359|DEBUG|2018/03/16|19:40| 			"DS_DELAY"	""
|   12359|DEBUG|2018/03/16|19:40| 			"F_KILL"	""
|   12359|DEBUG|2018/03/16|19:40| 			"F_LPOS"	""
|   12359|DEBUG|2018/03/16|19:40| 			"URL_DOC"	""
|   12359|DEBUG|2018/03/16|19:40| 		}
|   12359|DEBUG|2018/03/16|19:40| 		ELEM {
|   12359|DEBUG|2018/03/16|19:40| 			NB_PROP	"15"
|   12359|DEBUG|2018/03/16|19:40| 			"TO"	"JO0000000322"
|   12359|DEBUG|2018/03/16|19:40| 			"FROM"	"JO0000000293"
|   12359|DEBUG|2018/03/16|19:40| 			"v_groupexec"	""
|   12359|DEBUG|2018/03/16|19:40| 			"ID"	"LN0000000261"
|   12359|DEBUG|2018/03/16|19:40| 			"ID_ENV"	"EB0000000008"
|   12359|DEBUG|2018/03/16|19:40| 			"ID_APP"	""
|   12359|DEBUG|2018/03/16|19:40| 			"TYPE"	"2"
|   12359|DEBUG|2018/03/16|19:40| 			"V_DESC"	""
|   12359|DEBUG|2018/03/16|19:40| 			"V_USRNAME"	"LIE_6"
|   12359|DEBUG|2018/03/16|19:40| 			"LTYPE"	"0"
|   12359|DEBUG|2018/03/16|19:40| 			"XYWH"	"110 1890 10 90"
|   12359|DEBUG|2018/03/16|19:40| 			"DS_DELAY"	""
|   12359|DEBUG|2018/03/16|19:40| 			"F_KILL"	""
|   12359|DEBUG|2018/03/16|19:40| 			"F_LPOS"	""
|   12359|DEBUG|2018/03/16|19:40| 			"URL_DOC"	""
|   12359|DEBUG|2018/03/16|19:40| 		}
|   12359|DEBUG|2018/03/16|19:40| 		ELEM {
|   12359|DEBUG|2018/03/16|19:40| 			NB_PROP	"15"
|   12359|DEBUG|2018/03/16|19:40| 			"TO"	"JO0000000303"
|   12359|DEBUG|2018/03/16|19:40| 			"FROM"	"JO0000000176"
|   12359|DEBUG|2018/03/16|19:40| 			"v_groupexec"	""
|   12359|DEBUG|2018/03/16|19:40| 			"ID"	"LN0000000262"
|   12359|DEBUG|2018/03/16|19:40| 			"ID_ENV"	"EB0000000008"
|   12359|DEBUG|2018/03/16|19:40| 			"ID_APP"	""
|   12359|DEBUG|2018/03/16|19:40| 			"TYPE"	"2"
|   12359|DEBUG|2018/03/16|19:40| 			"V_DESC"	""
|   12359|DEBUG|2018/03/16|19:40| 			"V_USRNAME"	"LIE_60"
|   12359|DEBUG|2018/03/16|19:40| 			"LTYPE"	"0"
|   12359|DEBUG|2018/03/16|19:40| 			"XYWH"	"220 -820 10 50"
|   12359|DEBUG|2018/03/16|19:40| 			"DS_DELAY"	""
|   12359|DEBUG|2018/03/16|19:40| 			"F_KILL"	""
|   12359|DEBUG|2018/03/16|19:40| 			"F_LPOS"	""
|   12359|DEBUG|2018/03/16|19:40| 			"URL_DOC"	""
|   12359|DEBUG|2018/03/16|19:40| 		}
|   12359|DEBUG|2018/03/16|19:40| 		ELEM {
|   12359|DEBUG|2018/03/16|19:40| 			NB_PROP	"15"
|   12359|DEBUG|2018/03/16|19:40| 			"TO"	"JO0000000239"
|   12359|DEBUG|2018/03/16|19:40| 			"FROM"	"JO0000000367"
|   12359|DEBUG|2018/03/16|19:40| 			"v_groupexec"	""
|   12359|DEBUG|2018/03/16|19:40| 			"ID"	"LN0000000263"
|   12359|DEBUG|2018/03/16|19:40| 			"ID_ENV"	"EB0000000008"
|   12359|DEBUG|2018/03/16|19:40| 			"ID_APP"	""
|   12359|DEBUG|2018/03/16|19:40| 			"TYPE"	"2"
|   12359|DEBUG|2018/03/16|19:40| 			"V_DESC"	""
|   12359|DEBUG|2018/03/16|19:40| 			"V_USRNAME"	"LIE_60_X1"
|   12359|DEBUG|2018/03/16|19:40| 			"LTYPE"	"0"
|   12359|DEBUG|2018/03/16|19:40| 			"XYWH"	"430 -1200 80 10"
|   12359|DEBUG|2018/03/16|19:40| 			"DS_DELAY"	""
|   12359|DEBUG|2018/03/16|19:40| 			"F_KILL"	""
|   12359|DEBUG|2018/03/16|19:40| 			"F_LPOS"	""
|   12359|DEBUG|2018/03/16|19:40| 			"URL_DOC"	""
|   12359|DEBUG|2018/03/16|19:40| 		}
|   12359|DEBUG|2018/03/16|19:40| 		ELEM {
|   12359|DEBUG|2018/03/16|19:40| 			NB_PROP	"15"
|   12359|DEBUG|2018/03/16|19:40| 			"TO"	"JO0000000217"
|   12359|DEBUG|2018/03/16|19:40| 			"FROM"	"JO0000000353"
|   12359|DEBUG|2018/03/16|19:40| 			"v_groupexec"	""
|   12359|DEBUG|2018/03/16|19:40| 			"ID"	"LN0000000264"
|   12359|DEBUG|2018/03/16|19:40| 			"ID_ENV"	"EB0000000008"
|   12359|DEBUG|2018/03/16|19:40| 			"ID_APP"	""
|   12359|DEBUG|2018/03/16|19:40| 			"TYPE"	"2"
|   12359|DEBUG|2018/03/16|19:40| 			"V_DESC"	""
|   12359|DEBUG|2018/03/16|19:40| 			"V_USRNAME"	"LIE_61"
|   12359|DEBUG|2018/03/16|19:40| 			"LTYPE"	"0"
|   12359|DEBUG|2018/03/16|19:40| 			"XYWH"	"290 310 40 90"
|   12359|DEBUG|2018/03/16|19:40| 			"DS_DELAY"	""
|   12359|DEBUG|2018/03/16|19:40| 			"F_KILL"	""
|   12359|DEBUG|2018/03/16|19:40| 			"F_LPOS"	""
|   12359|DEBUG|2018/03/16|19:40| 			"URL_DOC"	""
|   12359|DEBUG|2018/03/16|19:40| 		}
|   12359|DEBUG|2018/03/16|19:40| 		ELEM {
|   12359|DEBUG|2018/03/16|19:40| 			NB_PROP	"15"
|   12359|DEBUG|2018/03/16|19:40| 			"TO"	"JO0000000368"
|   12359|DEBUG|2018/03/16|19:40| 			"FROM"	"JO0000000097"
|   12359|DEBUG|2018/03/16|19:40| 			"v_groupexec"	""
|   12359|DEBUG|2018/03/16|19:40| 			"ID"	"LN0000000265"
|   12359|DEBUG|2018/03/16|19:40| 			"ID_ENV"	"EB0000000008"
|   12359|DEBUG|2018/03/16|19:40| 			"ID_APP"	""
|   12359|DEBUG|2018/03/16|19:40| 			"TYPE"	"2"
|   12359|DEBUG|2018/03/16|19:40| 			"V_DESC"	""
|   12359|DEBUG|2018/03/16|19:40| 			"V_USRNAME"	"LIE_61_X1"
|   12359|DEBUG|2018/03/16|19:40| 			"LTYPE"	"0"
|   12359|DEBUG|2018/03/16|19:40| 			"XYWH"	"750 -730 90 80"
|   12359|DEBUG|2018/03/16|19:40| 			"DS_DELAY"	""
|   12359|DEBUG|2018/03/16|19:40| 			"F_KILL"	""
|   12359|DEBUG|2018/03/16|19:40| 			"F_LPOS"	""
|   12359|DEBUG|2018/03/16|19:40| 			"URL_DOC"	""
|   12359|DEBUG|2018/03/16|19:40| 		}
|   12359|DEBUG|2018/03/16|19:40| 		ELEM {
|   12359|DEBUG|2018/03/16|19:40| 			NB_PROP	"15"
|   12359|DEBUG|2018/03/16|19:40| 			"TO"	"JO0000000214"
|   12359|DEBUG|2018/03/16|19:40| 			"FROM"	"JO0000000353"
|   12359|DEBUG|2018/03/16|19:40| 			"v_groupexec"	""
|   12359|DEBUG|2018/03/16|19:40| 			"ID"	"LN0000000266"
|   12359|DEBUG|2018/03/16|19:40| 			"ID_ENV"	"EB0000000008"
|   12359|DEBUG|2018/03/16|19:40| 			"ID_APP"	""
|   12359|DEBUG|2018/03/16|19:40| 			"TYPE"	"2"
|   12359|DEBUG|2018/03/16|19:40| 			"V_DESC"	""
|   12359|DEBUG|2018/03/16|19:40| 			"V_USRNAME"	"LIE_62"
|   12359|DEBUG|2018/03/16|19:40| 			"LTYPE"	"0"
|   12359|DEBUG|2018/03/16|19:40| 			"XYWH"	"340 320 50 100"
|   12359|DEBUG|2018/03/16|19:40| 			"DS_DELAY"	""
|   12359|DEBUG|2018/03/16|19:40| 			"F_KILL"	""
|   12359|DEBUG|2018/03/16|19:40| 			"F_LPOS"	""
|   12359|DEBUG|2018/03/16|19:40| 			"URL_DOC"	""
|   12359|DEBUG|2018/03/16|19:40| 		}
|   12359|DEBUG|2018/03/16|19:40| 		ELEM {
|   12359|DEBUG|2018/03/16|19:40| 			NB_PROP	"15"
|   12359|DEBUG|2018/03/16|19:40| 			"TO"	"JO0000000090"
|   12359|DEBUG|2018/03/16|19:40| 			"FROM"	"JO0000000264"
|   12359|DEBUG|2018/03/16|19:40| 			"v_groupexec"	""
|   12359|DEBUG|2018/03/16|19:40| 			"ID"	"LN0000000267"
|   12359|DEBUG|2018/03/16|19:40| 			"ID_ENV"	"EB0000000008"
|   12359|DEBUG|2018/03/16|19:40| 			"ID_APP"	""
|   12359|DEBUG|2018/03/16|19:40| 			"TYPE"	"2"
|   12359|DEBUG|2018/03/16|19:40| 			"V_DESC"	""
|   12359|DEBUG|2018/03/16|19:40| 			"V_USRNAME"	"LIE_62_C0"
|   12359|DEBUG|2018/03/16|19:40| 			"LTYPE"	"0"
|   12359|DEBUG|2018/03/16|19:40| 			"XYWH"	"720 -1260 10 40"
|   12359|DEBUG|2018/03/16|19:40| 			"DS_DELAY"	""
|   12359|DEBUG|2018/03/16|19:40| 			"F_KILL"	""
|   12359|DEBUG|2018/03/16|19:40| 			"F_LPOS"	""
|   12359|DEBUG|2018/03/16|19:40| 			"URL_DOC"	""
|   12359|DEBUG|2018/03/16|19:40| 		}
|   12359|DEBUG|2018/03/16|19:40| 		ELEM {
|   12359|DEBUG|2018/03/16|19:40| 			NB_PROP	"15"
|   12359|DEBUG|2018/03/16|19:40| 			"TO"	"JO0000000091"
|   12359|DEBUG|2018/03/16|19:40| 			"FROM"	"JO0000000266"
|   12359|DEBUG|2018/03/16|19:40| 			"v_groupexec"	""
|   12359|DEBUG|2018/03/16|19:40| 			"ID"	"LN0000000268"
|   12359|DEBUG|2018/03/16|19:40| 			"ID_ENV"	"EB0000000008"
|   12359|DEBUG|2018/03/16|19:40| 			"ID_APP"	""
|   12360|DEBUG|2018/03/16|19:40| 			"TYPE"	"2"
|   12360|DEBUG|2018/03/16|19:40| 			"V_DESC"	""
|   12360|DEBUG|2018/03/16|19:40| 			"V_USRNAME"	"LIE_62_X1"
|   12360|DEBUG|2018/03/16|19:40| 			"LTYPE"	"0"
|   12360|DEBUG|2018/03/16|19:40| 			"XYWH"	"720 -1260 10 40"
|   12360|DEBUG|2018/03/16|19:40| 			"DS_DELAY"	""
|   12360|DEBUG|2018/03/16|19:40| 			"F_KILL"	""
|   12360|DEBUG|2018/03/16|19:40| 			"F_LPOS"	""
|   12360|DEBUG|2018/03/16|19:40| 			"URL_DOC"	""
|   12360|DEBUG|2018/03/16|19:40| 		}
|   12360|DEBUG|2018/03/16|19:40| 		ELEM {
|   12360|DEBUG|2018/03/16|19:40| 			NB_PROP	"15"
|   12360|DEBUG|2018/03/16|19:40| 			"TO"	"JO0000000114"
|   12360|DEBUG|2018/03/16|19:40| 			"FROM"	"JO0000000093"
|   12360|DEBUG|2018/03/16|19:40| 			"v_groupexec"	""
|   12360|DEBUG|2018/03/16|19:40| 			"ID"	"LN0000000269"
|   12360|DEBUG|2018/03/16|19:40| 			"ID_ENV"	"EB0000000008"
|   12360|DEBUG|2018/03/16|19:40| 			"ID_APP"	""
|   12360|DEBUG|2018/03/16|19:40| 			"TYPE"	"2"
|   12360|DEBUG|2018/03/16|19:40| 			"V_DESC"	""
|   12360|DEBUG|2018/03/16|19:40| 			"V_USRNAME"	"LIE_63"
|   12360|DEBUG|2018/03/16|19:40| 			"LTYPE"	"0"
|   12360|DEBUG|2018/03/16|19:40| 			"XYWH"	"720 400 110 20"
|   12360|DEBUG|2018/03/16|19:40| 			"DS_DELAY"	""
|   12360|DEBUG|2018/03/16|19:40| 			"F_KILL"	""
|   12360|DEBUG|2018/03/16|19:40| 			"F_LPOS"	""
|   12360|DEBUG|2018/03/16|19:40| 			"URL_DOC"	""
|   12360|DEBUG|2018/03/16|19:40| 		}
|   12360|DEBUG|2018/03/16|19:40| 		ELEM {
|   12360|DEBUG|2018/03/16|19:40| 			NB_PROP	"15"
|   12360|DEBUG|2018/03/16|19:40| 			"TO"	"JO0000000205"
|   12360|DEBUG|2018/03/16|19:40| 			"FROM"	"JO0000000206"
|   12360|DEBUG|2018/03/16|19:40| 			"v_groupexec"	""
|   12360|DEBUG|2018/03/16|19:40| 			"ID"	"LN0000000270"
|   12360|DEBUG|2018/03/16|19:40| 			"ID_ENV"	"EB0000000008"
|   12360|DEBUG|2018/03/16|19:40| 			"ID_APP"	""
|   12360|DEBUG|2018/03/16|19:40| 			"TYPE"	"2"
|   12360|DEBUG|2018/03/16|19:40| 			"V_DESC"	""
|   12360|DEBUG|2018/03/16|19:40| 			"V_USRNAME"	"LIE_64"
|   12360|DEBUG|2018/03/16|19:40| 			"LTYPE"	"0"
|   12360|DEBUG|2018/03/16|19:40| 			"XYWH"	"440 1490 10 30"
|   12360|DEBUG|2018/03/16|19:40| 			"DS_DELAY"	""
|   12360|DEBUG|2018/03/16|19:40| 			"F_KILL"	""
|   12360|DEBUG|2018/03/16|19:40| 			"F_LPOS"	""
|   12360|DEBUG|2018/03/16|19:40| 			"URL_DOC"	""
|   12360|DEBUG|2018/03/16|19:40| 		}
|   12360|DEBUG|2018/03/16|19:40| 		ELEM {
|   12360|DEBUG|2018/03/16|19:40| 			NB_PROP	"15"
|   12360|DEBUG|2018/03/16|19:40| 			"TO"	"JO0000000099"
|   12360|DEBUG|2018/03/16|19:40| 			"FROM"	"AT0000000002"
|   12360|DEBUG|2018/03/16|19:40| 			"v_groupexec"	""
|   12360|DEBUG|2018/03/16|19:40| 			"ID"	"LN0000000271"
|   12360|DEBUG|2018/03/16|19:40| 			"ID_ENV"	"EB0000000008"
|   12360|DEBUG|2018/03/16|19:40| 			"ID_APP"	""
|   12360|DEBUG|2018/03/16|19:40| 			"TYPE"	"2"
|   12360|DEBUG|2018/03/16|19:40| 			"V_DESC"	""
|   12360|DEBUG|2018/03/16|19:40| 			"V_USRNAME"	"LIE_65"
|   12360|DEBUG|2018/03/16|19:40| 			"LTYPE"	"-1"
|   12360|DEBUG|2018/03/16|19:40| 			"XYWH"	"460 520 90 50"
|   12360|DEBUG|2018/03/16|19:40| 			"DS_DELAY"	""
|   12360|DEBUG|2018/03/16|19:40| 			"F_KILL"	""
|   12360|DEBUG|2018/03/16|19:40| 			"F_LPOS"	""
|   12360|DEBUG|2018/03/16|19:40| 			"URL_DOC"	""
|   12360|DEBUG|2018/03/16|19:40| 		}
|   12360|DEBUG|2018/03/16|19:40| 		ELEM {
|   12360|DEBUG|2018/03/16|19:40| 			NB_PROP	"15"
|   12360|DEBUG|2018/03/16|19:40| 			"TO"	"JO0000000238"
|   12360|DEBUG|2018/03/16|19:40| 			"FROM"	"JO0000000366"
|   12360|DEBUG|2018/03/16|19:40| 			"v_groupexec"	""
|   12360|DEBUG|2018/03/16|19:40| 			"ID"	"LN0000000272"
|   12360|DEBUG|2018/03/16|19:40| 			"ID_ENV"	"EB0000000008"
|   12360|DEBUG|2018/03/16|19:40| 			"ID_APP"	""
|   12360|DEBUG|2018/03/16|19:40| 			"TYPE"	"2"
|   12360|DEBUG|2018/03/16|19:40| 			"V_DESC"	""
|   12360|DEBUG|2018/03/16|19:40| 			"V_USRNAME"	"LIE_65_C0"
|   12360|DEBUG|2018/03/16|19:40| 			"LTYPE"	"0"
|   12360|DEBUG|2018/03/16|19:40| 			"XYWH"	"720 -1120 10 40"
|   12360|DEBUG|2018/03/16|19:40| 			"DS_DELAY"	""
|   12360|DEBUG|2018/03/16|19:40| 			"F_KILL"	""
|   12360|DEBUG|2018/03/16|19:40| 			"F_LPOS"	""
|   12360|DEBUG|2018/03/16|19:40| 			"URL_DOC"	""
|   12360|DEBUG|2018/03/16|19:40| 		}
|   12360|DEBUG|2018/03/16|19:40| 		ELEM {
|   12360|DEBUG|2018/03/16|19:40| 			NB_PROP	"15"
|   12360|DEBUG|2018/03/16|19:40| 			"TO"	"JO0000000240"
|   12360|DEBUG|2018/03/16|19:40| 			"FROM"	"JO0000000369"
|   12360|DEBUG|2018/03/16|19:40| 			"v_groupexec"	""
|   12360|DEBUG|2018/03/16|19:40| 			"ID"	"LN0000000273"
|   12360|DEBUG|2018/03/16|19:40| 			"ID_ENV"	"EB0000000008"
|   12360|DEBUG|2018/03/16|19:40| 			"ID_APP"	""
|   12360|DEBUG|2018/03/16|19:40| 			"TYPE"	"2"
|   12360|DEBUG|2018/03/16|19:40| 			"V_DESC"	""
|   12360|DEBUG|2018/03/16|19:40| 			"V_USRNAME"	"LIE_65_X1"
|   12360|DEBUG|2018/03/16|19:40| 			"LTYPE"	"0"
|   12360|DEBUG|2018/03/16|19:40| 			"XYWH"	"720 -1120 10 40"
|   12360|DEBUG|2018/03/16|19:40| 			"DS_DELAY"	""
|   12360|DEBUG|2018/03/16|19:40| 			"F_KILL"	""
|   12360|DEBUG|2018/03/16|19:40| 			"F_LPOS"	""
|   12360|DEBUG|2018/03/16|19:40| 			"URL_DOC"	""
|   12360|DEBUG|2018/03/16|19:40| 		}
|   12360|DEBUG|2018/03/16|19:40| 		ELEM {
|   12360|DEBUG|2018/03/16|19:40| 			NB_PROP	"15"
|   12360|DEBUG|2018/03/16|19:40| 			"TO"	"JO0000000385"
|   12360|DEBUG|2018/03/16|19:40| 			"FROM"	"JO0000000310"
|   12360|DEBUG|2018/03/16|19:40| 			"v_groupexec"	""
|   12360|DEBUG|2018/03/16|19:40| 			"ID"	"LN0000000274"
|   12360|DEBUG|2018/03/16|19:40| 			"ID_ENV"	"EB0000000008"
|   12360|DEBUG|2018/03/16|19:40| 			"ID_APP"	""
|   12360|DEBUG|2018/03/16|19:40| 			"TYPE"	"2"
|   12360|DEBUG|2018/03/16|19:40| 			"V_DESC"	""
|   12360|DEBUG|2018/03/16|19:40| 			"V_USRNAME"	"LIE_66"
|   12360|DEBUG|2018/03/16|19:40| 			"LTYPE"	"0"
|   12360|DEBUG|2018/03/16|19:40| 			"XYWH"	"690 2300 10 30"
|   12360|DEBUG|2018/03/16|19:40| 			"DS_DELAY"	""
|   12360|DEBUG|2018/03/16|19:40| 			"F_KILL"	""
|   12360|DEBUG|2018/03/16|19:40| 			"F_LPOS"	""
|   12360|DEBUG|2018/03/16|19:40| 			"URL_DOC"	""
|   12360|DEBUG|2018/03/16|19:40| 		}
|   12360|DEBUG|2018/03/16|19:40| 		ELEM {
|   12360|DEBUG|2018/03/16|19:40| 			NB_PROP	"15"
|   12360|DEBUG|2018/03/16|19:40| 			"TO"	"JO0000000246"
|   12360|DEBUG|2018/03/16|19:40| 			"FROM"	"JO0000000238"
|   12360|DEBUG|2018/03/16|19:40| 			"v_groupexec"	""
|   12360|DEBUG|2018/03/16|19:40| 			"ID"	"LN0000000275"
|   12360|DEBUG|2018/03/16|19:40| 			"ID_ENV"	"EB0000000008"
|   12360|DEBUG|2018/03/16|19:40| 			"ID_APP"	""
|   12360|DEBUG|2018/03/16|19:40| 			"TYPE"	"2"
|   12360|DEBUG|2018/03/16|19:40| 			"V_DESC"	""
|   12360|DEBUG|2018/03/16|19:40| 			"V_USRNAME"	"LIE_66_C0"
|   12360|DEBUG|2018/03/16|19:40| 			"LTYPE"	"0"
|   12360|DEBUG|2018/03/16|19:40| 			"XYWH"	"720 -1050 10 40"
|   12360|DEBUG|2018/03/16|19:40| 			"DS_DELAY"	""
|   12360|DEBUG|2018/03/16|19:40| 			"F_KILL"	""
|   12360|DEBUG|2018/03/16|19:40| 			"F_LPOS"	""
|   12360|DEBUG|2018/03/16|19:40| 			"URL_DOC"	""
|   12360|DEBUG|2018/03/16|19:40| 		}
|   12360|DEBUG|2018/03/16|19:40| 		ELEM {
|   12393|DEBUG|2018/03/16|19:40| 			NB_PROP	"15"
|   12393|DEBUG|2018/03/16|19:40| 			"TO"	"JO0000000245"
|   12393|DEBUG|2018/03/16|19:40| 			"FROM"	"JO0000000240"
|   12393|DEBUG|2018/03/16|19:40| 			"v_groupexec"	""
|   12393|DEBUG|2018/03/16|19:40| 			"ID"	"LN0000000276"
|   12393|DEBUG|2018/03/16|19:40| 			"ID_ENV"	"EB0000000008"
|   12393|DEBUG|2018/03/16|19:40| 			"ID_APP"	""
|   12393|DEBUG|2018/03/16|19:40| 			"TYPE"	"2"
|   12393|DEBUG|2018/03/16|19:40| 			"V_DESC"	""
|   12393|DEBUG|2018/03/16|19:40| 			"V_USRNAME"	"LIE_66_X1"
|   12393|DEBUG|2018/03/16|19:40| 			"LTYPE"	"0"
|   12393|DEBUG|2018/03/16|19:40| 			"XYWH"	"720 -1050 10 40"
|   12393|DEBUG|2018/03/16|19:40| 			"DS_DELAY"	""
|   12393|DEBUG|2018/03/16|19:40| 			"F_KILL"	""
|   12393|DEBUG|2018/03/16|19:40| 			"F_LPOS"	""
|   12393|DEBUG|2018/03/16|19:40| 			"URL_DOC"	""
|   12393|DEBUG|2018/03/16|19:40| 		}
|   12394|DEBUG|2018/03/16|19:40| 		ELEM {
|   12394|DEBUG|2018/03/16|19:40| 			NB_PROP	"15"
|   12394|DEBUG|2018/03/16|19:40| 			"TO"	"JO0000000124"
|   12394|DEBUG|2018/03/16|19:40| 			"FROM"	"JO0000000123"
|   12394|DEBUG|2018/03/16|19:40| 			"v_groupexec"	""
|   12394|DEBUG|2018/03/16|19:40| 			"ID"	"LN0000000277"
|   12394|DEBUG|2018/03/16|19:40| 			"ID_ENV"	"EB0000000008"
|   12394|DEBUG|2018/03/16|19:40| 			"ID_APP"	""
|   12394|DEBUG|2018/03/16|19:40| 			"TYPE"	"2"
|   12394|DEBUG|2018/03/16|19:40| 			"V_DESC"	""
|   12394|DEBUG|2018/03/16|19:40| 			"V_USRNAME"	"LIE_67_X1"
|   12394|DEBUG|2018/03/16|19:40| 			"LTYPE"	"0"
|   12394|DEBUG|2018/03/16|19:40| 			"XYWH"	"380 -1270 50 10"
|   12394|DEBUG|2018/03/16|19:40| 			"DS_DELAY"	""
|   12394|DEBUG|2018/03/16|19:40| 			"F_KILL"	""
|   12394|DEBUG|2018/03/16|19:40| 			"F_LPOS"	""
|   12394|DEBUG|2018/03/16|19:40| 			"URL_DOC"	""
|   12394|DEBUG|2018/03/16|19:40| 		}
|   12394|DEBUG|2018/03/16|19:40| 		ELEM {
|   12394|DEBUG|2018/03/16|19:40| 			NB_PROP	"15"
|   12394|DEBUG|2018/03/16|19:40| 			"TO"	"JO0000000169"
|   12394|DEBUG|2018/03/16|19:40| 			"FROM"	"JO0000000124"
|   12394|DEBUG|2018/03/16|19:40| 			"v_groupexec"	""
|   12394|DEBUG|2018/03/16|19:40| 			"ID"	"LN0000000278"
|   12394|DEBUG|2018/03/16|19:40| 			"ID_ENV"	"EB0000000008"
|   12394|DEBUG|2018/03/16|19:40| 			"ID_APP"	""
|   12394|DEBUG|2018/03/16|19:40| 			"TYPE"	"2"
|   12394|DEBUG|2018/03/16|19:40| 			"V_DESC"	""
|   12394|DEBUG|2018/03/16|19:40| 			"V_USRNAME"	"LIE_68_X1"
|   12394|DEBUG|2018/03/16|19:40| 			"LTYPE"	"0"
|   12394|DEBUG|2018/03/16|19:40| 			"XYWH"	"320 -1270 30 70"
|   12394|DEBUG|2018/03/16|19:40| 			"DS_DELAY"	""
|   12394|DEBUG|2018/03/16|19:40| 			"F_KILL"	""
|   12394|DEBUG|2018/03/16|19:40| 			"F_LPOS"	""
|   12394|DEBUG|2018/03/16|19:40| 			"URL_DOC"	""
|   12394|DEBUG|2018/03/16|19:40| 		}
|   12394|DEBUG|2018/03/16|19:40| 		ELEM {
|   12394|DEBUG|2018/03/16|19:40| 			NB_PROP	"15"
|   12394|DEBUG|2018/03/16|19:40| 			"TO"	"JO0000000350"
|   12394|DEBUG|2018/03/16|19:40| 			"FROM"	"JO0000000297"
|   12394|DEBUG|2018/03/16|19:40| 			"v_groupexec"	""
|   12394|DEBUG|2018/03/16|19:40| 			"ID"	"LN0000000279"
|   12394|DEBUG|2018/03/16|19:40| 			"ID_ENV"	"EB0000000008"
|   12394|DEBUG|2018/03/16|19:40| 			"ID_APP"	""
|   12394|DEBUG|2018/03/16|19:40| 			"TYPE"	"2"
|   12394|DEBUG|2018/03/16|19:40| 			"V_DESC"	""
|   12394|DEBUG|2018/03/16|19:40| 			"V_USRNAME"	"LIE_69_X1"
|   12394|DEBUG|2018/03/16|19:40| 			"LTYPE"	"0"
|   12394|DEBUG|2018/03/16|19:40| 			"XYWH"	"180 -960 70 70"
|   12394|DEBUG|2018/03/16|19:40| 			"DS_DELAY"	""
|   12394|DEBUG|2018/03/16|19:40| 			"F_KILL"	""
|   12394|DEBUG|2018/03/16|19:40| 			"F_LPOS"	""
|   12394|DEBUG|2018/03/16|19:40| 			"URL_DOC"	""
|   12394|DEBUG|2018/03/16|19:40| 		}
|   12394|DEBUG|2018/03/16|19:40| 		ELEM {
|   12394|DEBUG|2018/03/16|19:40| 			NB_PROP	"15"
|   12394|DEBUG|2018/03/16|19:40| 			"TO"	"JO0000000294"
|   12394|DEBUG|2018/03/16|19:40| 			"FROM"	"JO0000000293"
|   12394|DEBUG|2018/03/16|19:40| 			"v_groupexec"	""
|   12394|DEBUG|2018/03/16|19:40| 			"ID"	"LN0000000280"
|   12394|DEBUG|2018/03/16|19:40| 			"ID_ENV"	"EB0000000008"
|   12394|DEBUG|2018/03/16|19:40| 			"ID_APP"	""
|   12394|DEBUG|2018/03/16|19:40| 			"TYPE"	"2"
|   12394|DEBUG|2018/03/16|19:40| 			"V_DESC"	""
|   12394|DEBUG|2018/03/16|19:40| 			"V_USRNAME"	"LIE_7"
|   12394|DEBUG|2018/03/16|19:40| 			"LTYPE"	"0"
|   12394|DEBUG|2018/03/16|19:40| 			"XYWH"	"360 2040 60 50"
|   12394|DEBUG|2018/03/16|19:40| 			"DS_DELAY"	""
|   12394|DEBUG|2018/03/16|19:40| 			"F_KILL"	""
|   12394|DEBUG|2018/03/16|19:40| 			"F_LPOS"	""
|   12394|DEBUG|2018/03/16|19:40| 			"URL_DOC"	""
|   12394|DEBUG|2018/03/16|19:40| 		}
|   12394|DEBUG|2018/03/16|19:40| 		ELEM {
|   12394|DEBUG|2018/03/16|19:40| 			NB_PROP	"15"
|   12394|DEBUG|2018/03/16|19:40| 			"TO"	"JO0000000298"
|   12394|DEBUG|2018/03/16|19:40| 			"FROM"	"JO0000000350"
|   12394|DEBUG|2018/03/16|19:40| 			"v_groupexec"	""
|   12394|DEBUG|2018/03/16|19:40| 			"ID"	"LN0000000281"
|   12394|DEBUG|2018/03/16|19:40| 			"ID_ENV"	"EB0000000008"
|   12394|DEBUG|2018/03/16|19:40| 			"ID_APP"	""
|   12394|DEBUG|2018/03/16|19:40| 			"TYPE"	"2"
|   12394|DEBUG|2018/03/16|19:40| 			"V_DESC"	""
|   12394|DEBUG|2018/03/16|19:40| 			"V_USRNAME"	"LIE_70_X1"
|   12394|DEBUG|2018/03/16|19:40| 			"LTYPE"	"0"
|   12394|DEBUG|2018/03/16|19:40| 			"XYWH"	"200 -890 50 10"
|   12394|DEBUG|2018/03/16|19:40| 			"DS_DELAY"	""
|   12394|DEBUG|2018/03/16|19:40| 			"F_KILL"	""
|   12394|DEBUG|2018/03/16|19:40| 			"F_LPOS"	""
|   12394|DEBUG|2018/03/16|19:40| 			"URL_DOC"	""
|   12394|DEBUG|2018/03/16|19:40| 		}
|   12394|DEBUG|2018/03/16|19:40| 		ELEM {
|   12394|DEBUG|2018/03/16|19:40| 			NB_PROP	"15"
|   12394|DEBUG|2018/03/16|19:40| 			"TO"	"JO0000000373"
|   12394|DEBUG|2018/03/16|19:40| 			"FROM"	"JO0000000207"
|   12394|DEBUG|2018/03/16|19:40| 			"v_groupexec"	""
|   12394|DEBUG|2018/03/16|19:40| 			"ID"	"LN0000000282"
|   12394|DEBUG|2018/03/16|19:40| 			"ID_ENV"	"EB0000000008"
|   12394|DEBUG|2018/03/16|19:40| 			"ID_APP"	""
|   12394|DEBUG|2018/03/16|19:40| 			"TYPE"	"2"
|   12394|DEBUG|2018/03/16|19:40| 			"V_DESC"	""
|   12394|DEBUG|2018/03/16|19:40| 			"V_USRNAME"	"LIE_71_X1"
|   12394|DEBUG|2018/03/16|19:40| 			"LTYPE"	"0"
|   12394|DEBUG|2018/03/16|19:40| 			"XYWH"	"360 1400 10 40"
|   12394|DEBUG|2018/03/16|19:40| 			"DS_DELAY"	""
|   12394|DEBUG|2018/03/16|19:40| 			"F_KILL"	""
|   12394|DEBUG|2018/03/16|19:40| 			"F_LPOS"	""
|   12394|DEBUG|2018/03/16|19:40| 			"URL_DOC"	""
|   12394|DEBUG|2018/03/16|19:40| 		}
|   12394|DEBUG|2018/03/16|19:40| 		ELEM {
|   12394|DEBUG|2018/03/16|19:40| 			NB_PROP	"15"
|   12394|DEBUG|2018/03/16|19:40| 			"TO"	"JO0000000282"
|   12394|DEBUG|2018/03/16|19:40| 			"FROM"	"JO0000000299"
|   12394|DEBUG|2018/03/16|19:40| 			"v_groupexec"	""
|   12394|DEBUG|2018/03/16|19:40| 			"ID"	"LN0000000283"
|   12394|DEBUG|2018/03/16|19:40| 			"ID_ENV"	"EB0000000008"
|   12394|DEBUG|2018/03/16|19:40| 			"ID_APP"	""
|   12394|DEBUG|2018/03/16|19:40| 			"TYPE"	"2"
|   12394|DEBUG|2018/03/16|19:40| 			"V_DESC"	""
|   12394|DEBUG|2018/03/16|19:40| 			"V_USRNAME"	"LIE_72"
|   12394|DEBUG|2018/03/16|19:40| 			"LTYPE"	"0"
|   12394|DEBUG|2018/03/16|19:40| 			"XYWH"	"-350 1000 120 20"
|   12394|DEBUG|2018/03/16|19:40| 			"DS_DELAY"	""
|   12394|DEBUG|2018/03/16|19:40| 			"F_KILL"	""
|   12394|DEBUG|2018/03/16|19:40| 			"F_LPOS"	""
|   12394|DEBUG|2018/03/16|19:40| 			"URL_DOC"	""
|   12394|DEBUG|2018/03/16|19:40| 		}
|   12394|DEBUG|2018/03/16|19:40| 		ELEM {
|   12394|DEBUG|2018/03/16|19:40| 			NB_PROP	"15"
|   12394|DEBUG|2018/03/16|19:40| 			"TO"	"JO0000000202"
|   12394|DEBUG|2018/03/16|19:40| 			"FROM"	"JO0000000167"
|   12394|DEBUG|2018/03/16|19:40| 			"v_groupexec"	""
|   12394|DEBUG|2018/03/16|19:40| 			"ID"	"LN0000000284"
|   12394|DEBUG|2018/03/16|19:40| 			"ID_ENV"	"EB0000000008"
|   12394|DEBUG|2018/03/16|19:40| 			"ID_APP"	""
|   12394|DEBUG|2018/03/16|19:40| 			"TYPE"	"2"
|   12394|DEBUG|2018/03/16|19:40| 			"V_DESC"	""
|   12394|DEBUG|2018/03/16|19:40| 			"V_USRNAME"	"LIE_73"
|   12394|DEBUG|2018/03/16|19:40| 			"LTYPE"	"0"
|   12394|DEBUG|2018/03/16|19:40| 			"XYWH"	"10 1590 70 10"
|   12394|DEBUG|2018/03/16|19:40| 			"DS_DELAY"	""
|   12394|DEBUG|2018/03/16|19:40| 			"F_KILL"	""
|   12394|DEBUG|2018/03/16|19:40| 			"F_LPOS"	""
|   12394|DEBUG|2018/03/16|19:40| 			"URL_DOC"	""
|   12394|DEBUG|2018/03/16|19:40| 		}
|   12394|DEBUG|2018/03/16|19:40| 		ELEM {
|   12394|DEBUG|2018/03/16|19:40| 			NB_PROP	"15"
|   12394|DEBUG|2018/03/16|19:40| 			"TO"	"JO0000000290"
|   12394|DEBUG|2018/03/16|19:40| 			"FROM"	"JO0000000381"
|   12394|DEBUG|2018/03/16|19:40| 			"v_groupexec"	""
|   12394|DEBUG|2018/03/16|19:40| 			"ID"	"LN0000000285"
|   12395|DEBUG|2018/03/16|19:40| 			"ID_ENV"	"EB0000000008"
|   12395|DEBUG|2018/03/16|19:40| 			"ID_APP"	""
|   12395|DEBUG|2018/03/16|19:40| 			"TYPE"	"2"
|   12395|DEBUG|2018/03/16|19:40| 			"V_DESC"	""
|   12395|DEBUG|2018/03/16|19:40| 			"V_USRNAME"	"LIE_75"
|   12395|DEBUG|2018/03/16|19:40| 			"LTYPE"	"0"
|   12395|DEBUG|2018/03/16|19:40| 			"XYWH"	"-90 1590 270 130"
|   12395|DEBUG|2018/03/16|19:40| 			"DS_DELAY"	""
|   12395|DEBUG|2018/03/16|19:40| 			"F_KILL"	""
|   12395|DEBUG|2018/03/16|19:40| 			"F_LPOS"	""
|   12395|DEBUG|2018/03/16|19:40| 			"URL_DOC"	""
|   12395|DEBUG|2018/03/16|19:40| 		}
|   12395|DEBUG|2018/03/16|19:40| 		ELEM {
|   12395|DEBUG|2018/03/16|19:40| 			NB_PROP	"15"
|   12395|DEBUG|2018/03/16|19:40| 			"TO"	"JO0000000146"
|   12395|DEBUG|2018/03/16|19:40| 			"FROM"	"JO0000000218"
|   12395|DEBUG|2018/03/16|19:40| 			"v_groupexec"	""
|   12395|DEBUG|2018/03/16|19:40| 			"ID"	"LN0000000286"
|   12395|DEBUG|2018/03/16|19:40| 			"ID_ENV"	"EB0000000008"
|   12395|DEBUG|2018/03/16|19:40| 			"ID_APP"	""
|   12395|DEBUG|2018/03/16|19:40| 			"TYPE"	"2"
|   12395|DEBUG|2018/03/16|19:40| 			"V_DESC"	""
|   12395|DEBUG|2018/03/16|19:40| 			"V_USRNAME"	"LIE_77"
|   12395|DEBUG|2018/03/16|19:40| 			"LTYPE"	"0"
|   12395|DEBUG|2018/03/16|19:40| 			"XYWH"	"200 2590 20 80"
|   12395|DEBUG|2018/03/16|19:40| 			"DS_DELAY"	""
|   12395|DEBUG|2018/03/16|19:40| 			"F_KILL"	""
|   12395|DEBUG|2018/03/16|19:40| 			"F_LPOS"	""
|   12395|DEBUG|2018/03/16|19:40| 			"URL_DOC"	""
|   12395|DEBUG|2018/03/16|19:40| 		}
|   12395|DEBUG|2018/03/16|19:40| 		ELEM {
|   12395|DEBUG|2018/03/16|19:40| 			NB_PROP	"15"
|   12395|DEBUG|2018/03/16|19:40| 			"TO"	"JO0000000146"
|   12395|DEBUG|2018/03/16|19:40| 			"FROM"	"JO0000000192"
|   12395|DEBUG|2018/03/16|19:40| 			"v_groupexec"	""
|   12395|DEBUG|2018/03/16|19:40| 			"ID"	"LN0000000287"
|   12395|DEBUG|2018/03/16|19:40| 			"ID_ENV"	"EB0000000008"
|   12395|DEBUG|2018/03/16|19:40| 			"ID_APP"	""
|   12395|DEBUG|2018/03/16|19:40| 			"TYPE"	"2"
|   12395|DEBUG|2018/03/16|19:40| 			"V_DESC"	""
|   12395|DEBUG|2018/03/16|19:40| 			"V_USRNAME"	"LIE_78"
|   12395|DEBUG|2018/03/16|19:40| 			"LTYPE"	"0"
|   12395|DEBUG|2018/03/16|19:40| 			"XYWH"	"150 2590 20 80"
|   12395|DEBUG|2018/03/16|19:40| 			"DS_DELAY"	""
|   12395|DEBUG|2018/03/16|19:40| 			"F_KILL"	""
|   12395|DEBUG|2018/03/16|19:40| 			"F_LPOS"	""
|   12395|DEBUG|2018/03/16|19:40| 			"URL_DOC"	""
|   12395|DEBUG|2018/03/16|19:40| 		}
|   12395|DEBUG|2018/03/16|19:40| 		ELEM {
|   12395|DEBUG|2018/03/16|19:40| 			NB_PROP	"15"
|   12395|DEBUG|2018/03/16|19:40| 			"TO"	"JO0000000226"
|   12395|DEBUG|2018/03/16|19:40| 			"FROM"	"JO0000000105"
|   12395|DEBUG|2018/03/16|19:40| 			"v_groupexec"	""
|   12395|DEBUG|2018/03/16|19:40| 			"ID"	"LN0000000288"
|   12395|DEBUG|2018/03/16|19:40| 			"ID_ENV"	"EB0000000008"
|   12395|DEBUG|2018/03/16|19:40| 			"ID_APP"	""
|   12395|DEBUG|2018/03/16|19:40| 			"TYPE"	"2"
|   12395|DEBUG|2018/03/16|19:40| 			"V_DESC"	""
|   12395|DEBUG|2018/03/16|19:40| 			"V_USRNAME"	"LIE_79"
|   12395|DEBUG|2018/03/16|19:40| 			"LTYPE"	"0"
|   12395|DEBUG|2018/03/16|19:40| 			"XYWH"	"10 -820 10 30"
|   12395|DEBUG|2018/03/16|19:40| 			"DS_DELAY"	""
|   12395|DEBUG|2018/03/16|19:40| 			"F_KILL"	""
|   12395|DEBUG|2018/03/16|19:40| 			"F_LPOS"	""
|   12395|DEBUG|2018/03/16|19:40| 			"URL_DOC"	""
|   12395|DEBUG|2018/03/16|19:40| 		}
|   12395|DEBUG|2018/03/16|19:40| 		ELEM {
|   12395|DEBUG|2018/03/16|19:40| 			NB_PROP	"15"
|   12395|DEBUG|2018/03/16|19:40| 			"TO"	"JO0000000297"
|   12395|DEBUG|2018/03/16|19:40| 			"FROM"	"JO0000000306"
|   12395|DEBUG|2018/03/16|19:40| 			"v_groupexec"	""
|   12395|DEBUG|2018/03/16|19:40| 			"ID"	"LN0000000289"
|   12395|DEBUG|2018/03/16|19:40| 			"ID_ENV"	"EB0000000008"
|   12395|DEBUG|2018/03/16|19:40| 			"ID_APP"	""
|   12395|DEBUG|2018/03/16|19:40| 			"TYPE"	"2"
|   12395|DEBUG|2018/03/16|19:40| 			"V_DESC"	""
|   12395|DEBUG|2018/03/16|19:40| 			"V_USRNAME"	"LIE_7_X1"
|   12395|DEBUG|2018/03/16|19:40| 			"LTYPE"	"0"
|   12395|DEBUG|2018/03/16|19:40| 			"XYWH"	"360 -1030 10 60"
|   12395|DEBUG|2018/03/16|19:40| 			"DS_DELAY"	""
|   12395|DEBUG|2018/03/16|19:40| 			"F_KILL"	""
|   12395|DEBUG|2018/03/16|19:40| 			"F_LPOS"	""
|   12395|DEBUG|2018/03/16|19:40| 			"URL_DOC"	""
|   12395|DEBUG|2018/03/16|19:40| 		}
|   12395|DEBUG|2018/03/16|19:40| 		ELEM {
|   12395|DEBUG|2018/03/16|19:40| 			NB_PROP	"15"
|   12395|DEBUG|2018/03/16|19:40| 			"TO"	"JO0000000324"
|   12395|DEBUG|2018/03/16|19:40| 			"FROM"	"JO0000000187"
|   12395|DEBUG|2018/03/16|19:40| 			"v_groupexec"	""
|   12395|DEBUG|2018/03/16|19:40| 			"ID"	"LN0000000290"
|   12395|DEBUG|2018/03/16|19:40| 			"ID_ENV"	"EB0000000008"
|   12395|DEBUG|2018/03/16|19:40| 			"ID_APP"	""
|   12395|DEBUG|2018/03/16|19:40| 			"TYPE"	"2"
|   12395|DEBUG|2018/03/16|19:40| 			"V_DESC"	""
|   12395|DEBUG|2018/03/16|19:40| 			"V_USRNAME"	"LIE_7_X2"
|   12395|DEBUG|2018/03/16|19:40| 			"LTYPE"	"0"
|   12395|DEBUG|2018/03/16|19:40| 			"XYWH"	"420 1310 100 70"
|   12395|DEBUG|2018/03/16|19:40| 			"DS_DELAY"	""
|   12395|DEBUG|2018/03/16|19:40| 			"F_KILL"	""
|   12395|DEBUG|2018/03/16|19:40| 			"F_LPOS"	""
|   12395|DEBUG|2018/03/16|19:40| 			"URL_DOC"	""
|   12395|DEBUG|2018/03/16|19:40| 		}
|   12395|DEBUG|2018/03/16|19:40| 		ELEM {
|   12395|DEBUG|2018/03/16|19:40| 			NB_PROP	"15"
|   12395|DEBUG|2018/03/16|19:40| 			"TO"	"JO0000000389"
|   12395|DEBUG|2018/03/16|19:40| 			"FROM"	"JO0000000212"
|   12395|DEBUG|2018/03/16|19:40| 			"v_groupexec"	""
|   12395|DEBUG|2018/03/16|19:40| 			"ID"	"LN0000000291"
|   12395|DEBUG|2018/03/16|19:40| 			"ID_ENV"	"EB0000000008"
|   12395|DEBUG|2018/03/16|19:40| 			"ID_APP"	""
|   12395|DEBUG|2018/03/16|19:40| 			"TYPE"	"2"
|   12395|DEBUG|2018/03/16|19:40| 			"V_DESC"	""
|   12395|DEBUG|2018/03/16|19:40| 			"V_USRNAME"	"LIE_8"
|   12395|DEBUG|2018/03/16|19:40| 			"LTYPE"	"0"
|   12395|DEBUG|2018/03/16|19:40| 			"XYWH"	"650 -520 100 10"
|   12395|DEBUG|2018/03/16|19:40| 			"DS_DELAY"	""
|   12395|DEBUG|2018/03/16|19:40| 			"F_KILL"	""
|   12395|DEBUG|2018/03/16|19:40| 			"F_LPOS"	""
|   12395|DEBUG|2018/03/16|19:40| 			"URL_DOC"	""
|   12395|DEBUG|2018/03/16|19:40| 		}
|   12395|DEBUG|2018/03/16|19:40| 		ELEM {
|   12395|DEBUG|2018/03/16|19:40| 			NB_PROP	"15"
|   12395|DEBUG|2018/03/16|19:40| 			"TO"	"JO0000000377"
|   12395|DEBUG|2018/03/16|19:40| 			"FROM"	"JO0000000185"
|   12395|DEBUG|2018/03/16|19:40| 			"v_groupexec"	""
|   12395|DEBUG|2018/03/16|19:40| 			"ID"	"LN0000000292"
|   12395|DEBUG|2018/03/16|19:40| 			"ID_ENV"	"EB0000000008"
|   12395|DEBUG|2018/03/16|19:40| 			"ID_APP"	""
|   12395|DEBUG|2018/03/16|19:40| 			"TYPE"	"2"
|   12395|DEBUG|2018/03/16|19:40| 			"V_DESC"	""
|   12395|DEBUG|2018/03/16|19:40| 			"V_USRNAME"	"LIE_82_C0"
|   12395|DEBUG|2018/03/16|19:40| 			"LTYPE"	"0"
|   12395|DEBUG|2018/03/16|19:40| 			"XYWH"	"120 1130 90 10"
|   12395|DEBUG|2018/03/16|19:40| 			"DS_DELAY"	""
|   12395|DEBUG|2018/03/16|19:40| 			"F_KILL"	""
|   12395|DEBUG|2018/03/16|19:40| 			"F_LPOS"	""
|   12395|DEBUG|2018/03/16|19:40| 			"URL_DOC"	""
|   12395|DEBUG|2018/03/16|19:40| 		}
|   12395|DEBUG|2018/03/16|19:40| 		ELEM {
|   12395|DEBUG|2018/03/16|19:40| 			NB_PROP	"15"
|   12395|DEBUG|2018/03/16|19:40| 			"TO"	"JO0000000375"
|   12395|DEBUG|2018/03/16|19:40| 			"FROM"	"JO0000000184"
|   12395|DEBUG|2018/03/16|19:40| 			"v_groupexec"	""
|   12395|DEBUG|2018/03/16|19:40| 			"ID"	"LN0000000293"
|   12395|DEBUG|2018/03/16|19:40| 			"ID_ENV"	"EB0000000008"
|   12395|DEBUG|2018/03/16|19:40| 			"ID_APP"	""
|   12395|DEBUG|2018/03/16|19:40| 			"TYPE"	"2"
|   12395|DEBUG|2018/03/16|19:40| 			"V_DESC"	""
|   12395|DEBUG|2018/03/16|19:40| 			"V_USRNAME"	"LIE_82_C2"
|   12395|DEBUG|2018/03/16|19:40| 			"LTYPE"	"0"
|   12395|DEBUG|2018/03/16|19:40| 			"XYWH"	"120 1130 90 10"
|   12395|DEBUG|2018/03/16|19:40| 			"DS_DELAY"	""
|   12395|DEBUG|2018/03/16|19:40| 			"F_KILL"	""
|   12395|DEBUG|2018/03/16|19:40| 			"F_LPOS"	""
|   12395|DEBUG|2018/03/16|19:40| 			"URL_DOC"	""
|   12395|DEBUG|2018/03/16|19:40| 		}
|   12395|DEBUG|2018/03/16|19:40| 		ELEM {
|   12395|DEBUG|2018/03/16|19:40| 			NB_PROP	"15"
|   12395|DEBUG|2018/03/16|19:40| 			"TO"	"JO0000000360"
|   12395|DEBUG|2018/03/16|19:40| 			"FROM"	"JO0000000162"
|   12395|DEBUG|2018/03/16|19:40| 			"v_groupexec"	""
|   12395|DEBUG|2018/03/16|19:40| 			"ID"	"LN0000000294"
|   12395|DEBUG|2018/03/16|19:40| 			"ID_ENV"	"EB0000000008"
|   12395|DEBUG|2018/03/16|19:40| 			"ID_APP"	""
|   12395|DEBUG|2018/03/16|19:40| 			"TYPE"	"2"
|   12395|DEBUG|2018/03/16|19:40| 			"V_DESC"	""
|   12396|DEBUG|2018/03/16|19:40| 			"V_USRNAME"	"LIE_82_C2_C0"
|   12396|DEBUG|2018/03/16|19:40| 			"LTYPE"	"0"
|   12396|DEBUG|2018/03/16|19:40| 			"XYWH"	"120 1130 90 10"
|   12396|DEBUG|2018/03/16|19:40| 			"DS_DELAY"	""
|   12396|DEBUG|2018/03/16|19:40| 			"F_KILL"	""
|   12396|DEBUG|2018/03/16|19:40| 			"F_LPOS"	""
|   12396|DEBUG|2018/03/16|19:40| 			"URL_DOC"	""
|   12396|DEBUG|2018/03/16|19:40| 		}
|   12396|DEBUG|2018/03/16|19:40| 		ELEM {
|   12396|DEBUG|2018/03/16|19:40| 			NB_PROP	"15"
|   12396|DEBUG|2018/03/16|19:40| 			"TO"	"JO0000000363"
|   12396|DEBUG|2018/03/16|19:40| 			"FROM"	"JO0000000165"
|   12396|DEBUG|2018/03/16|19:40| 			"v_groupexec"	""
|   12396|DEBUG|2018/03/16|19:40| 			"ID"	"LN0000000295"
|   12396|DEBUG|2018/03/16|19:40| 			"ID_ENV"	"EB0000000008"
|   12396|DEBUG|2018/03/16|19:40| 			"ID_APP"	""
|   12396|DEBUG|2018/03/16|19:40| 			"TYPE"	"2"
|   12396|DEBUG|2018/03/16|19:40| 			"V_DESC"	""
|   12396|DEBUG|2018/03/16|19:40| 			"V_USRNAME"	"LIE_82_C2_C0_C0"
|   12396|DEBUG|2018/03/16|19:40| 			"LTYPE"	"0"
|   12396|DEBUG|2018/03/16|19:40| 			"XYWH"	"120 1130 90 10"
|   12396|DEBUG|2018/03/16|19:40| 			"DS_DELAY"	""
|   12396|DEBUG|2018/03/16|19:40| 			"F_KILL"	""
|   12396|DEBUG|2018/03/16|19:40| 			"F_LPOS"	""
|   12396|DEBUG|2018/03/16|19:40| 			"URL_DOC"	""
|   12396|DEBUG|2018/03/16|19:40| 		}
|   12396|DEBUG|2018/03/16|19:40| 		ELEM {
|   12396|DEBUG|2018/03/16|19:40| 			NB_PROP	"15"
|   12396|DEBUG|2018/03/16|19:40| 			"TO"	"JO0000000362"
|   12396|DEBUG|2018/03/16|19:40| 			"FROM"	"JO0000000164"
|   12396|DEBUG|2018/03/16|19:40| 			"v_groupexec"	""
|   12396|DEBUG|2018/03/16|19:40| 			"ID"	"LN0000000296"
|   12396|DEBUG|2018/03/16|19:40| 			"ID_ENV"	"EB0000000008"
|   12396|DEBUG|2018/03/16|19:40| 			"ID_APP"	""
|   12396|DEBUG|2018/03/16|19:40| 			"TYPE"	"2"
|   12396|DEBUG|2018/03/16|19:40| 			"V_DESC"	""
|   12396|DEBUG|2018/03/16|19:40| 			"V_USRNAME"	"LIE_82_C2_C0_C0_C0"
|   12396|DEBUG|2018/03/16|19:40| 			"LTYPE"	"0"
|   12396|DEBUG|2018/03/16|19:40| 			"XYWH"	"120 1130 90 10"
|   12396|DEBUG|2018/03/16|19:40| 			"DS_DELAY"	""
|   12396|DEBUG|2018/03/16|19:40| 			"F_KILL"	""
|   12396|DEBUG|2018/03/16|19:40| 			"F_LPOS"	""
|   12396|DEBUG|2018/03/16|19:40| 			"URL_DOC"	""
|   12396|DEBUG|2018/03/16|19:40| 		}
|   12396|DEBUG|2018/03/16|19:40| 		ELEM {
|   12396|DEBUG|2018/03/16|19:40| 			NB_PROP	"15"
|   12396|DEBUG|2018/03/16|19:40| 			"TO"	"JO0000000144"
|   12396|DEBUG|2018/03/16|19:40| 			"FROM"	"JO0000000090"
|   12396|DEBUG|2018/03/16|19:40| 			"v_groupexec"	""
|   12396|DEBUG|2018/03/16|19:40| 			"ID"	"LN0000000297"
|   12396|DEBUG|2018/03/16|19:40| 			"ID_ENV"	"EB0000000008"
|   12396|DEBUG|2018/03/16|19:40| 			"ID_APP"	""
|   12396|DEBUG|2018/03/16|19:40| 			"TYPE"	"2"
|   12396|DEBUG|2018/03/16|19:40| 			"V_DESC"	""
|   12396|DEBUG|2018/03/16|19:40| 			"V_USRNAME"	"LIE_88_X1"
|   12396|DEBUG|2018/03/16|19:40| 			"LTYPE"	"0"
|   12396|DEBUG|2018/03/16|19:40| 			"XYWH"	"740 -1230 120 50"
|   12396|DEBUG|2018/03/16|19:40| 			"DS_DELAY"	""
|   12396|DEBUG|2018/03/16|19:40| 			"F_KILL"	""
|   12396|DEBUG|2018/03/16|19:40| 			"F_LPOS"	""
|   12396|DEBUG|2018/03/16|19:40| 			"URL_DOC"	""
|   12396|DEBUG|2018/03/16|19:40| 		}
|   12396|DEBUG|2018/03/16|19:40| 		ELEM {
|   12396|DEBUG|2018/03/16|19:40| 			NB_PROP	"15"
|   12396|DEBUG|2018/03/16|19:40| 			"TO"	"JO0000000366"
|   12396|DEBUG|2018/03/16|19:40| 			"FROM"	"JO0000000144"
|   12396|DEBUG|2018/03/16|19:40| 			"v_groupexec"	""
|   12396|DEBUG|2018/03/16|19:40| 			"ID"	"LN0000000298"
|   12396|DEBUG|2018/03/16|19:40| 			"ID_ENV"	"EB0000000008"
|   12396|DEBUG|2018/03/16|19:40| 			"ID_APP"	""
|   12396|DEBUG|2018/03/16|19:40| 			"TYPE"	"2"
|   12396|DEBUG|2018/03/16|19:40| 			"V_DESC"	""
|   12396|DEBUG|2018/03/16|19:40| 			"V_USRNAME"	"LIE_89_X1"
|   12396|DEBUG|2018/03/16|19:40| 			"LTYPE"	"0"
|   12396|DEBUG|2018/03/16|19:40| 			"XYWH"	"750 -1180 120 100"
|   12396|DEBUG|2018/03/16|19:40| 			"DS_DELAY"	""
|   12396|DEBUG|2018/03/16|19:40| 			"F_KILL"	""
|   12396|DEBUG|2018/03/16|19:40| 			"F_LPOS"	""
|   12396|DEBUG|2018/03/16|19:40| 			"URL_DOC"	""
|   12396|DEBUG|2018/03/16|19:40| 		}
|   12396|DEBUG|2018/03/16|19:40| 		ELEM {
|   12396|DEBUG|2018/03/16|19:40| 			NB_PROP	"15"
|   12396|DEBUG|2018/03/16|19:40| 			"TO"	"JO0000000319"
|   12396|DEBUG|2018/03/16|19:40| 			"FROM"	"JO0000000172"
|   12396|DEBUG|2018/03/16|19:40| 			"v_groupexec"	""
|   12396|DEBUG|2018/03/16|19:40| 			"ID"	"LN0000000299"
|   12396|DEBUG|2018/03/16|19:40| 			"ID_ENV"	"EB0000000008"
|   12396|DEBUG|2018/03/16|19:40| 			"ID_APP"	""
|   12396|DEBUG|2018/03/16|19:40| 			"TYPE"	"2"
|   12396|DEBUG|2018/03/16|19:40| 			"V_DESC"	""
|   12396|DEBUG|2018/03/16|19:40| 			"V_USRNAME"	"LIE_8_C0"
|   12396|DEBUG|2018/03/16|19:40| 			"LTYPE"	"0"
|   12396|DEBUG|2018/03/16|19:40| 			"XYWH"	"-180 460 120 10"
|   12396|DEBUG|2018/03/16|19:40| 			"DS_DELAY"	""
|   12396|DEBUG|2018/03/16|19:40| 			"F_KILL"	""
|   12396|DEBUG|2018/03/16|19:40| 			"F_LPOS"	""
|   12396|DEBUG|2018/03/16|19:40| 			"URL_DOC"	""
|   12396|DEBUG|2018/03/16|19:40| 		}
|   12396|DEBUG|2018/03/16|19:40| 		ELEM {
|   12396|DEBUG|2018/03/16|19:40| 			NB_PROP	"15"
|   12396|DEBUG|2018/03/16|19:40| 			"TO"	"JO0000000318"
|   12396|DEBUG|2018/03/16|19:40| 			"FROM"	"JO0000000170"
|   12396|DEBUG|2018/03/16|19:40| 			"v_groupexec"	""
|   12396|DEBUG|2018/03/16|19:40| 			"ID"	"LN0000000300"
|   12396|DEBUG|2018/03/16|19:40| 			"ID_ENV"	"EB0000000008"
|   12396|DEBUG|2018/03/16|19:40| 			"ID_APP"	""
|   12396|DEBUG|2018/03/16|19:40| 			"TYPE"	"2"
|   12396|DEBUG|2018/03/16|19:40| 			"V_DESC"	""
|   12396|DEBUG|2018/03/16|19:40| 			"V_USRNAME"	"LIE_8_C1"
|   12396|DEBUG|2018/03/16|19:40| 			"LTYPE"	"0"
|   12396|DEBUG|2018/03/16|19:40| 			"XYWH"	"-180 460 120 10"
|   12396|DEBUG|2018/03/16|19:40| 			"DS_DELAY"	""
|   12396|DEBUG|2018/03/16|19:40| 			"F_KILL"	""
|   12396|DEBUG|2018/03/16|19:40| 			"F_LPOS"	""
|   12396|DEBUG|2018/03/16|19:40| 			"URL_DOC"	""
|   12396|DEBUG|2018/03/16|19:40| 		}
|   12396|DEBUG|2018/03/16|19:40| 		ELEM {
|   12396|DEBUG|2018/03/16|19:40| 			NB_PROP	"15"
|   12396|DEBUG|2018/03/16|19:40| 			"TO"	"JO0000000320"
|   12396|DEBUG|2018/03/16|19:40| 			"FROM"	"JO0000000173"
|   12396|DEBUG|2018/03/16|19:40| 			"v_groupexec"	""
|   12396|DEBUG|2018/03/16|19:40| 			"ID"	"LN0000000301"
|   12396|DEBUG|2018/03/16|19:40| 			"ID_ENV"	"EB0000000008"
|   12396|DEBUG|2018/03/16|19:40| 			"ID_APP"	""
|   12396|DEBUG|2018/03/16|19:40| 			"TYPE"	"2"
|   12396|DEBUG|2018/03/16|19:40| 			"V_DESC"	""
|   12396|DEBUG|2018/03/16|19:40| 			"V_USRNAME"	"LIE_8_X1"
|   12396|DEBUG|2018/03/16|19:40| 			"LTYPE"	"0"
|   12396|DEBUG|2018/03/16|19:40| 			"XYWH"	"-180 460 120 10"
|   12396|DEBUG|2018/03/16|19:40| 			"DS_DELAY"	""
|   12396|DEBUG|2018/03/16|19:40| 			"F_KILL"	""
|   12396|DEBUG|2018/03/16|19:40| 			"F_LPOS"	""
|   12396|DEBUG|2018/03/16|19:40| 			"URL_DOC"	""
|   12396|DEBUG|2018/03/16|19:40| 		}
|   12396|DEBUG|2018/03/16|19:40| 		ELEM {
|   12396|DEBUG|2018/03/16|19:40| 			NB_PROP	"15"
|   12396|DEBUG|2018/03/16|19:40| 			"TO"	"JO0000000148"
|   12396|DEBUG|2018/03/16|19:40| 			"FROM"	"JO0000000091"
|   12396|DEBUG|2018/03/16|19:40| 			"v_groupexec"	""
|   12396|DEBUG|2018/03/16|19:40| 			"ID"	"LN0000000302"
|   12396|DEBUG|2018/03/16|19:40| 			"ID_ENV"	"EB0000000008"
|   12396|DEBUG|2018/03/16|19:40| 			"ID_APP"	""
|   12396|DEBUG|2018/03/16|19:40| 			"TYPE"	"2"
|   12396|DEBUG|2018/03/16|19:40| 			"V_DESC"	""
|   12396|DEBUG|2018/03/16|19:40| 			"V_USRNAME"	"LIE_90_X1"
|   12396|DEBUG|2018/03/16|19:40| 			"LTYPE"	"0"
|   12396|DEBUG|2018/03/16|19:40| 			"XYWH"	"750 -870 80 10"
|   12396|DEBUG|2018/03/16|19:40| 			"DS_DELAY"	""
|   12396|DEBUG|2018/03/16|19:40| 			"F_KILL"	""
|   12396|DEBUG|2018/03/16|19:40| 			"F_LPOS"	""
|   12396|DEBUG|2018/03/16|19:40| 			"URL_DOC"	""
|   12396|DEBUG|2018/03/16|19:40| 		}
|   12396|DEBUG|2018/03/16|19:40| 		ELEM {
|   12396|DEBUG|2018/03/16|19:40| 			NB_PROP	"15"
|   12396|DEBUG|2018/03/16|19:40| 			"TO"	"JO0000000369"
|   12396|DEBUG|2018/03/16|19:40| 			"FROM"	"JO0000000148"
|   12396|DEBUG|2018/03/16|19:40| 			"v_groupexec"	""
|   12396|DEBUG|2018/03/16|19:40| 			"ID"	"LN0000000303"
|   12396|DEBUG|2018/03/16|19:40| 			"ID_ENV"	"EB0000000008"
|   12396|DEBUG|2018/03/16|19:40| 			"ID_APP"	""
|   12396|DEBUG|2018/03/16|19:40| 			"TYPE"	"2"
|   12396|DEBUG|2018/03/16|19:40| 			"V_DESC"	""
|   12396|DEBUG|2018/03/16|19:40| 			"V_USRNAME"	"LIE_91_X1"
|   12396|DEBUG|2018/03/16|19:40| 			"LTYPE"	"0"
|   12396|DEBUG|2018/03/16|19:40| 			"XYWH"	"750 -860 80 60"
|   12396|DEBUG|2018/03/16|19:40| 			"DS_DELAY"	""
|   12396|DEBUG|2018/03/16|19:40| 			"F_KILL"	""
|   12396|DEBUG|2018/03/16|19:40| 			"F_LPOS"	""
|   12396|DEBUG|2018/03/16|19:40| 			"URL_DOC"	""
|   12396|DEBUG|2018/03/16|19:40| 		}
|   12396|DEBUG|2018/03/16|19:40| 		ELEM {
|   12396|DEBUG|2018/03/16|19:40| 			NB_PROP	"15"
|   12396|DEBUG|2018/03/16|19:40| 			"TO"	"JO0000000341"
|   12396|DEBUG|2018/03/16|19:40| 			"FROM"	"JO0000000216"
|   12396|DEBUG|2018/03/16|19:40| 			"v_groupexec"	""
|   12396|DEBUG|2018/03/16|19:40| 			"ID"	"LN0000000304"
|   12396|DEBUG|2018/03/16|19:40| 			"ID_ENV"	"EB0000000008"
|   12396|DEBUG|2018/03/16|19:40| 			"ID_APP"	""
|   12396|DEBUG|2018/03/16|19:40| 			"TYPE"	"2"
|   12396|DEBUG|2018/03/16|19:40| 			"V_DESC"	""
|   12396|DEBUG|2018/03/16|19:40| 			"V_USRNAME"	"LIE_93"
|   12396|DEBUG|2018/03/16|19:40| 			"LTYPE"	"0"
|   12396|DEBUG|2018/03/16|19:40| 			"XYWH"	"460 740 10 40"
|   12396|DEBUG|2018/03/16|19:40| 			"DS_DELAY"	""
|   12397|DEBUG|2018/03/16|19:40| 			"F_KILL"	""
|   12397|DEBUG|2018/03/16|19:40| 			"F_LPOS"	""
|   12397|DEBUG|2018/03/16|19:40| 			"URL_DOC"	""
|   12397|DEBUG|2018/03/16|19:40| 		}
|   12397|DEBUG|2018/03/16|19:40| 		ELEM {
|   12397|DEBUG|2018/03/16|19:40| 			NB_PROP	"15"
|   12397|DEBUG|2018/03/16|19:40| 			"TO"	"JO0000000330"
|   12397|DEBUG|2018/03/16|19:40| 			"FROM"	"JO0000000190"
|   12397|DEBUG|2018/03/16|19:40| 			"v_groupexec"	""
|   12397|DEBUG|2018/03/16|19:40| 			"ID"	"LN0000000305"
|   12397|DEBUG|2018/03/16|19:40| 			"ID_ENV"	"EB0000000008"
|   12397|DEBUG|2018/03/16|19:40| 			"ID_APP"	""
|   12397|DEBUG|2018/03/16|19:40| 			"TYPE"	"2"
|   12397|DEBUG|2018/03/16|19:40| 			"V_DESC"	""
|   12397|DEBUG|2018/03/16|19:40| 			"V_USRNAME"	"LIE_95"
|   12397|DEBUG|2018/03/16|19:40| 			"LTYPE"	"0"
|   12397|DEBUG|2018/03/16|19:40| 			"XYWH"	"420 990 90 80"
|   12397|DEBUG|2018/03/16|19:40| 			"DS_DELAY"	""
|   12397|DEBUG|2018/03/16|19:40| 			"F_KILL"	""
|   12397|DEBUG|2018/03/16|19:40| 			"F_LPOS"	""
|   12397|DEBUG|2018/03/16|19:40| 			"URL_DOC"	""
|   12397|DEBUG|2018/03/16|19:40| 		}
|   12397|DEBUG|2018/03/16|19:40| 		ELEM {
|   12397|DEBUG|2018/03/16|19:40| 			NB_PROP	"15"
|   12397|DEBUG|2018/03/16|19:40| 			"TO"	"JO0000000292"
|   12397|DEBUG|2018/03/16|19:40| 			"FROM"	"JO0000000330"
|   12397|DEBUG|2018/03/16|19:40| 			"v_groupexec"	""
|   12397|DEBUG|2018/03/16|19:40| 			"ID"	"LN0000000306"
|   12397|DEBUG|2018/03/16|19:40| 			"ID_ENV"	"EB0000000008"
|   12397|DEBUG|2018/03/16|19:40| 			"ID_APP"	""
|   12397|DEBUG|2018/03/16|19:40| 			"TYPE"	"2"
|   12397|DEBUG|2018/03/16|19:40| 			"V_DESC"	""
|   12397|DEBUG|2018/03/16|19:40| 			"V_USRNAME"	"LIE_96"
|   12397|DEBUG|2018/03/16|19:40| 			"LTYPE"	"0"
|   12397|DEBUG|2018/03/16|19:40| 			"XYWH"	"440 1110 10 40"
|   12397|DEBUG|2018/03/16|19:40| 			"DS_DELAY"	""
|   12397|DEBUG|2018/03/16|19:40| 			"F_KILL"	""
|   12397|DEBUG|2018/03/16|19:40| 			"F_LPOS"	""
|   12397|DEBUG|2018/03/16|19:40| 			"URL_DOC"	""
|   12397|DEBUG|2018/03/16|19:40| 		}
|   12397|DEBUG|2018/03/16|19:40| 		ELEM {
|   12397|DEBUG|2018/03/16|19:40| 			NB_PROP	"15"
|   12397|DEBUG|2018/03/16|19:40| 			"TO"	"JO0000000171"
|   12397|DEBUG|2018/03/16|19:40| 			"FROM"	"JO0000000319"
|   12397|DEBUG|2018/03/16|19:40| 			"v_groupexec"	""
|   12397|DEBUG|2018/03/16|19:40| 			"ID"	"LN0000000307"
|   12397|DEBUG|2018/03/16|19:40| 			"ID_ENV"	"EB0000000008"
|   12397|DEBUG|2018/03/16|19:40| 			"ID_APP"	""
|   12397|DEBUG|2018/03/16|19:40| 			"TYPE"	"2"
|   12397|DEBUG|2018/03/16|19:40| 			"V_DESC"	""
|   12397|DEBUG|2018/03/16|19:40| 			"V_USRNAME"	"LIE_9_X1"
|   12397|DEBUG|2018/03/16|19:40| 			"LTYPE"	"0"
|   12397|DEBUG|2018/03/16|19:40| 			"XYWH"	"-470 570 50 10"
|   12397|DEBUG|2018/03/16|19:40| 			"DS_DELAY"	""
|   12397|DEBUG|2018/03/16|19:40| 			"F_KILL"	""
|   12397|DEBUG|2018/03/16|19:40| 			"F_LPOS"	""
|   12397|DEBUG|2018/03/16|19:40| 			"URL_DOC"	""
|   12397|DEBUG|2018/03/16|19:40| 		}
|   12397|DEBUG|2018/03/16|19:40| 		ELEM {
|   12397|DEBUG|2018/03/16|19:40| 			NB_PROP	"15"
|   12397|DEBUG|2018/03/16|19:40| 			"TO"	"JO0000000454"
|   12397|DEBUG|2018/03/16|19:40| 			"FROM"	"JO0000000357"
|   12397|DEBUG|2018/03/16|19:40| 			"v_groupexec"	""
|   12397|DEBUG|2018/03/16|19:40| 			"ID"	"LN0000000308"
|   12397|DEBUG|2018/03/16|19:40| 			"ID_ENV"	"EB0000000008"
|   12397|DEBUG|2018/03/16|19:40| 			"ID_APP"	""
|   12397|DEBUG|2018/03/16|19:40| 			"TYPE"	"2"
|   12397|DEBUG|2018/03/16|19:40| 			"V_DESC"	""
|   12397|DEBUG|2018/03/16|19:40| 			"V_USRNAME"	"LIE_211"
|   12397|DEBUG|2018/03/16|19:40| 			"LTYPE"	"0"
|   12397|DEBUG|2018/03/16|19:40| 			"XYWH"	"730 1220 90 10"
|   12397|DEBUG|2018/03/16|19:40| 			"DS_DELAY"	""
|   12397|DEBUG|2018/03/16|19:40| 			"F_KILL"	""
|   12397|DEBUG|2018/03/16|19:40| 			"F_LPOS"	""
|   12397|DEBUG|2018/03/16|19:40| 			"URL_DOC"	""
|   12397|DEBUG|2018/03/16|19:40| 		}
|   12397|DEBUG|2018/03/16|19:40| 		ELEM {
|   12397|DEBUG|2018/03/16|19:40| 			NB_PROP	"15"
|   12397|DEBUG|2018/03/16|19:40| 			"TO"	"JO0000000331"
|   12397|DEBUG|2018/03/16|19:40| 			"FROM"	"JO0000000442"
|   12397|DEBUG|2018/03/16|19:40| 			"v_groupexec"	""
|   12397|DEBUG|2018/03/16|19:40| 			"ID"	"LN0000000309"
|   12397|DEBUG|2018/03/16|19:40| 			"ID_ENV"	"EB0000000008"
|   12397|DEBUG|2018/03/16|19:40| 			"ID_APP"	""
|   12397|DEBUG|2018/03/16|19:40| 			"TYPE"	"2"
|   12397|DEBUG|2018/03/16|19:40| 			"V_DESC"	""
|   12397|DEBUG|2018/03/16|19:40| 			"V_USRNAME"	"LIE_386"
|   12397|DEBUG|2018/03/16|19:40| 			"LTYPE"	"0"
|   12397|DEBUG|2018/03/16|19:40| 			"XYWH"	"-500 1060 560 30"
|   12397|DEBUG|2018/03/16|19:40| 			"DS_DELAY"	""
|   12397|DEBUG|2018/03/16|19:40| 			"F_KILL"	""
|   12397|DEBUG|2018/03/16|19:40| 			"F_LPOS"	""
|   12397|DEBUG|2018/03/16|19:40| 			"URL_DOC"	""
|   12397|DEBUG|2018/03/16|19:40| 		}
|   12397|DEBUG|2018/03/16|19:40| 		ELEM {
|   12397|DEBUG|2018/03/16|19:40| 			NB_PROP	"15"
|   12397|DEBUG|2018/03/16|19:40| 			"TO"	"JO0000000331"
|   12397|DEBUG|2018/03/16|19:40| 			"FROM"	"JO0000000443"
|   12397|DEBUG|2018/03/16|19:40| 			"v_groupexec"	""
|   12397|DEBUG|2018/03/16|19:40| 			"ID"	"LN0000000310"
|   12397|DEBUG|2018/03/16|19:40| 			"ID_ENV"	"EB0000000008"
|   12397|DEBUG|2018/03/16|19:40| 			"ID_APP"	""
|   12397|DEBUG|2018/03/16|19:40| 			"TYPE"	"2"
|   12397|DEBUG|2018/03/16|19:40| 			"V_DESC"	""
|   12397|DEBUG|2018/03/16|19:40| 			"V_USRNAME"	"LIE_372"
|   12397|DEBUG|2018/03/16|19:40| 			"LTYPE"	"0"
|   12397|DEBUG|2018/03/16|19:40| 			"XYWH"	"-280 1060 340 30"
|   12397|DEBUG|2018/03/16|19:40| 			"DS_DELAY"	""
|   12397|DEBUG|2018/03/16|19:40| 			"F_KILL"	""
|   12397|DEBUG|2018/03/16|19:40| 			"F_LPOS"	""
|   12397|DEBUG|2018/03/16|19:40| 			"URL_DOC"	""
|   12397|DEBUG|2018/03/16|19:40| 		}
|   12397|DEBUG|2018/03/16|19:40| 		ELEM {
|   12397|DEBUG|2018/03/16|19:40| 			NB_PROP	"15"
|   12397|DEBUG|2018/03/16|19:40| 			"TO"	"JO0000000456"
|   12397|DEBUG|2018/03/16|19:40| 			"FROM"	"JO0000000458"
|   12397|DEBUG|2018/03/16|19:40| 			"v_groupexec"	""
|   12397|DEBUG|2018/03/16|19:40| 			"ID"	"LN0000000311"
|   12397|DEBUG|2018/03/16|19:40| 			"ID_ENV"	"EB0000000008"
|   12397|DEBUG|2018/03/16|19:40| 			"ID_APP"	""
|   12397|DEBUG|2018/03/16|19:40| 			"TYPE"	"2"
|   12397|DEBUG|2018/03/16|19:40| 			"V_DESC"	""
|   12397|DEBUG|2018/03/16|19:40| 			"V_USRNAME"	"LIE_176_C0"
|   12397|DEBUG|2018/03/16|19:40| 			"LTYPE"	"0"
|   12397|DEBUG|2018/03/16|19:40| 			"XYWH"	"240 -390 10 30"
|   12397|DEBUG|2018/03/16|19:40| 			"DS_DELAY"	""
|   12397|DEBUG|2018/03/16|19:40| 			"F_KILL"	""
|   12397|DEBUG|2018/03/16|19:40| 			"F_LPOS"	""
|   12397|DEBUG|2018/03/16|19:40| 			"URL_DOC"	""
|   12397|DEBUG|2018/03/16|19:40| 		}
|   12397|DEBUG|2018/03/16|19:40| 		ELEM {
|   12397|DEBUG|2018/03/16|19:40| 			NB_PROP	"15"
|   12397|DEBUG|2018/03/16|19:40| 			"TO"	"JO0000000458"
|   12397|DEBUG|2018/03/16|19:40| 			"FROM"	"JO0000000460"
|   12397|DEBUG|2018/03/16|19:40| 			"v_groupexec"	""
|   12397|DEBUG|2018/03/16|19:40| 			"ID"	"LN0000000312"
|   12397|DEBUG|2018/03/16|19:40| 			"ID_ENV"	"EB0000000008"
|   12397|DEBUG|2018/03/16|19:40| 			"ID_APP"	""
|   12397|DEBUG|2018/03/16|19:40| 			"TYPE"	"2"
|   12397|DEBUG|2018/03/16|19:40| 			"V_DESC"	""
|   12397|DEBUG|2018/03/16|19:40| 			"V_USRNAME"	"LIE_175_C0"
|   12397|DEBUG|2018/03/16|19:40| 			"LTYPE"	"0"
|   12397|DEBUG|2018/03/16|19:40| 			"XYWH"	"240 -450 10 30"
|   12397|DEBUG|2018/03/16|19:40| 			"DS_DELAY"	""
|   12397|DEBUG|2018/03/16|19:40| 			"F_KILL"	""
|   12397|DEBUG|2018/03/16|19:40| 			"F_LPOS"	""
|   12397|DEBUG|2018/03/16|19:40| 			"URL_DOC"	""
|   12397|DEBUG|2018/03/16|19:40| 		}
|   12397|DEBUG|2018/03/16|19:40| 		ELEM {
|   12397|DEBUG|2018/03/16|19:40| 			NB_PROP	"15"
|   12397|DEBUG|2018/03/16|19:40| 			"TO"	"JO0000000465"
|   12397|DEBUG|2018/03/16|19:40| 			"FROM"	"JO0000000466"
|   12397|DEBUG|2018/03/16|19:40| 			"v_groupexec"	""
|   12397|DEBUG|2018/03/16|19:40| 			"ID"	"LN0000000313"
|   12397|DEBUG|2018/03/16|19:40| 			"ID_ENV"	"EB0000000008"
|   12397|DEBUG|2018/03/16|19:40| 			"ID_APP"	""
|   12397|DEBUG|2018/03/16|19:40| 			"TYPE"	"2"
|   12397|DEBUG|2018/03/16|19:40| 			"V_DESC"	""
|   12397|DEBUG|2018/03/16|19:40| 			"V_USRNAME"	"LIE_175"
|   12397|DEBUG|2018/03/16|19:40| 			"LTYPE"	"0"
|   12397|DEBUG|2018/03/16|19:40| 			"XYWH"	"120 2120 10 40"
|   12398|DEBUG|2018/03/16|19:40| 			"DS_DELAY"	""
|   12398|DEBUG|2018/03/16|19:40| 			"F_KILL"	""
|   12398|DEBUG|2018/03/16|19:40| 			"F_LPOS"	""
|   12398|DEBUG|2018/03/16|19:40| 			"URL_DOC"	""
|   12398|DEBUG|2018/03/16|19:40| 		}
|   12398|DEBUG|2018/03/16|19:40| 		ELEM {
|   12398|DEBUG|2018/03/16|19:40| 			NB_PROP	"15"
|   12398|DEBUG|2018/03/16|19:40| 			"TO"	"JO0000000466"
|   12398|DEBUG|2018/03/16|19:40| 			"FROM"	"JO0000000349"
|   12398|DEBUG|2018/03/16|19:40| 			"v_groupexec"	""
|   12398|DEBUG|2018/03/16|19:40| 			"ID"	"LN0000000314"
|   12398|DEBUG|2018/03/16|19:40| 			"ID_ENV"	"EB0000000008"
|   12398|DEBUG|2018/03/16|19:40| 			"ID_APP"	""
|   12398|DEBUG|2018/03/16|19:40| 			"TYPE"	"2"
|   12398|DEBUG|2018/03/16|19:40| 			"V_DESC"	""
|   12398|DEBUG|2018/03/16|19:40| 			"V_USRNAME"	"LIE_148"
|   12398|DEBUG|2018/03/16|19:40| 			"LTYPE"	"0"
|   12398|DEBUG|2018/03/16|19:40| 			"XYWH"	"30 2100 220 70"
|   12398|DEBUG|2018/03/16|19:40| 			"DS_DELAY"	""
|   12398|DEBUG|2018/03/16|19:40| 			"F_KILL"	""
|   12398|DEBUG|2018/03/16|19:40| 			"F_LPOS"	""
|   12398|DEBUG|2018/03/16|19:40| 			"URL_DOC"	""
|   12398|DEBUG|2018/03/16|19:40| 		}
|   12398|DEBUG|2018/03/16|19:40| 		ELEM {
|   12398|DEBUG|2018/03/16|19:40| 			NB_PROP	"15"
|   12398|DEBUG|2018/03/16|19:40| 			"TO"	"JO0000000464"
|   12398|DEBUG|2018/03/16|19:40| 			"FROM"	"JO0000000468"
|   12398|DEBUG|2018/03/16|19:40| 			"v_groupexec"	""
|   12398|DEBUG|2018/03/16|19:40| 			"ID"	"LN0000000315"
|   12398|DEBUG|2018/03/16|19:40| 			"ID_ENV"	"EB0000000008"
|   12398|DEBUG|2018/03/16|19:40| 			"ID_APP"	""
|   12398|DEBUG|2018/03/16|19:40| 			"TYPE"	"2"
|   12398|DEBUG|2018/03/16|19:40| 			"V_DESC"	""
|   12398|DEBUG|2018/03/16|19:40| 			"V_USRNAME"	"LIE_178"
|   12398|DEBUG|2018/03/16|19:40| 			"LTYPE"	"0"
|   12398|DEBUG|2018/03/16|19:40| 			"XYWH"	"70 2280 40 110"
|   12398|DEBUG|2018/03/16|19:40| 			"DS_DELAY"	""
|   12398|DEBUG|2018/03/16|19:40| 			"F_KILL"	""
|   12398|DEBUG|2018/03/16|19:40| 			"F_LPOS"	""
|   12398|DEBUG|2018/03/16|19:40| 			"URL_DOC"	""
|   12398|DEBUG|2018/03/16|19:40| 		}
|   12398|DEBUG|2018/03/16|19:40| 		ELEM {
|   12398|DEBUG|2018/03/16|19:40| 			NB_PROP	"15"
|   12398|DEBUG|2018/03/16|19:40| 			"TO"	"JO0000000468"
|   12398|DEBUG|2018/03/16|19:40| 			"FROM"	"JO0000000465"
|   12398|DEBUG|2018/03/16|19:40| 			"v_groupexec"	""
|   12398|DEBUG|2018/03/16|19:40| 			"ID"	"LN0000000316"
|   12398|DEBUG|2018/03/16|19:40| 			"ID_ENV"	"EB0000000008"
|   12398|DEBUG|2018/03/16|19:40| 			"ID_APP"	""
|   12398|DEBUG|2018/03/16|19:40| 			"TYPE"	"2"
|   12398|DEBUG|2018/03/16|19:40| 			"V_DESC"	""
|   12398|DEBUG|2018/03/16|19:40| 			"V_USRNAME"	"LIE_177"
|   12398|DEBUG|2018/03/16|19:40| 			"LTYPE"	"0"
|   12398|DEBUG|2018/03/16|19:40| 			"XYWH"	"70 2170 40 110"
|   12398|DEBUG|2018/03/16|19:40| 			"DS_DELAY"	""
|   12398|DEBUG|2018/03/16|19:40| 			"F_KILL"	""
|   12398|DEBUG|2018/03/16|19:40| 			"F_LPOS"	""
|   12398|DEBUG|2018/03/16|19:40| 			"URL_DOC"	""
|   12398|DEBUG|2018/03/16|19:40| 		}
|   12398|DEBUG|2018/03/16|19:40| 		ELEM {
|   12398|DEBUG|2018/03/16|19:40| 			NB_PROP	"15"
|   12398|DEBUG|2018/03/16|19:40| 			"TO"	"JO0000000467"
|   12398|DEBUG|2018/03/16|19:40| 			"FROM"	"JO0000000464"
|   12398|DEBUG|2018/03/16|19:40| 			"v_groupexec"	""
|   12398|DEBUG|2018/03/16|19:40| 			"ID"	"LN0000000317"
|   12398|DEBUG|2018/03/16|19:40| 			"ID_ENV"	"EB0000000008"
|   12398|DEBUG|2018/03/16|19:40| 			"ID_APP"	""
|   12398|DEBUG|2018/03/16|19:40| 			"TYPE"	"2"
|   12398|DEBUG|2018/03/16|19:40| 			"V_DESC"	""
|   12398|DEBUG|2018/03/16|19:40| 			"V_USRNAME"	"LIE_176"
|   12398|DEBUG|2018/03/16|19:40| 			"LTYPE"	"0"
|   12398|DEBUG|2018/03/16|19:40| 			"XYWH"	"120 2270 10 60"
|   12398|DEBUG|2018/03/16|19:40| 			"DS_DELAY"	""
|   12398|DEBUG|2018/03/16|19:40| 			"F_KILL"	""
|   12398|DEBUG|2018/03/16|19:40| 			"F_LPOS"	""
|   12398|DEBUG|2018/03/16|19:40| 			"URL_DOC"	""
|   12398|DEBUG|2018/03/16|19:40| 		}
|   12398|DEBUG|2018/03/16|19:40| 		ELEM {
|   12398|DEBUG|2018/03/16|19:40| 			NB_PROP	"15"
|   12398|DEBUG|2018/03/16|19:40| 			"TO"	"JO0000000469"
|   12398|DEBUG|2018/03/16|19:40| 			"FROM"	"JO0000000457"
|   12398|DEBUG|2018/03/16|19:40| 			"v_groupexec"	""
|   12398|DEBUG|2018/03/16|19:40| 			"ID"	"LN0000000318"
|   12398|DEBUG|2018/03/16|19:40| 			"ID_ENV"	"EB0000000008"
|   12398|DEBUG|2018/03/16|19:40| 			"ID_APP"	""
|   12398|DEBUG|2018/03/16|19:40| 			"TYPE"	"2"
|   12398|DEBUG|2018/03/16|19:40| 			"V_DESC"	""
|   12398|DEBUG|2018/03/16|19:40| 			"V_USRNAME"	"LIE_391"
|   12398|DEBUG|2018/03/16|19:40| 			"LTYPE"	"0"
|   12398|DEBUG|2018/03/16|19:40| 			"XYWH"	"270 2970 90 10"
|   12398|DEBUG|2018/03/16|19:40| 			"DS_DELAY"	""
|   12398|DEBUG|2018/03/16|19:40| 			"F_KILL"	""
|   12398|DEBUG|2018/03/16|19:40| 			"F_LPOS"	""
|   12398|DEBUG|2018/03/16|19:40| 			"URL_DOC"	""
|   12398|DEBUG|2018/03/16|19:40| 		}
|   12398|DEBUG|2018/03/16|19:40| 		ELEM {
|   12398|DEBUG|2018/03/16|19:40| 			NB_PROP	"15"
|   12398|DEBUG|2018/03/16|19:40| 			"TO"	"JO0000000460"
|   12398|DEBUG|2018/03/16|19:40| 			"FROM"	"JO0000000470"
|   12398|DEBUG|2018/03/16|19:40| 			"v_groupexec"	""
|   12398|DEBUG|2018/03/16|19:40| 			"ID"	"LN0000000319"
|   12398|DEBUG|2018/03/16|19:40| 			"ID_ENV"	"EB0000000008"
|   12398|DEBUG|2018/03/16|19:40| 			"ID_APP"	""
|   12398|DEBUG|2018/03/16|19:40| 			"TYPE"	"2"
|   12398|DEBUG|2018/03/16|19:40| 			"V_DESC"	""
|   12398|DEBUG|2018/03/16|19:40| 			"V_USRNAME"	"LIE_392"
|   12398|DEBUG|2018/03/16|19:40| 			"LTYPE"	"0"
|   12398|DEBUG|2018/03/16|19:40| 			"XYWH"	"230 2790 90 10"
|   12398|DEBUG|2018/03/16|19:40| 			"DS_DELAY"	""
|   12398|DEBUG|2018/03/16|19:40| 			"F_KILL"	""
|   12398|DEBUG|2018/03/16|19:40| 			"F_LPOS"	""
|   12398|DEBUG|2018/03/16|19:40| 			"URL_DOC"	""
|   12398|DEBUG|2018/03/16|19:40| 		}
|   12398|DEBUG|2018/03/16|19:40| 		ELEM {
|   12398|DEBUG|2018/03/16|19:40| 			NB_PROP	"15"
|   12398|DEBUG|2018/03/16|19:40| 			"TO"	"JO0000000177"
|   12398|DEBUG|2018/03/16|19:40| 			"FROM"	"JO0000000472"
|   12398|DEBUG|2018/03/16|19:40| 			"v_groupexec"	""
|   12398|DEBUG|2018/03/16|19:40| 			"ID"	"LN0000000320"
|   12398|DEBUG|2018/03/16|19:40| 			"ID_ENV"	"EB0000000008"
|   12398|DEBUG|2018/03/16|19:40| 			"ID_APP"	""
|   12398|DEBUG|2018/03/16|19:40| 			"TYPE"	"2"
|   12398|DEBUG|2018/03/16|19:40| 			"V_DESC"	""
|   12398|DEBUG|2018/03/16|19:40| 			"V_USRNAME"	"LIE_393"
|   12398|DEBUG|2018/03/16|19:40| 			"LTYPE"	"0"
|   12398|DEBUG|2018/03/16|19:40| 			"XYWH"	"600 2960 30 60"
|   12398|DEBUG|2018/03/16|19:40| 			"DS_DELAY"	""
|   12398|DEBUG|2018/03/16|19:40| 			"F_KILL"	""
|   12398|DEBUG|2018/03/16|19:40| 			"F_LPOS"	""
|   12398|DEBUG|2018/03/16|19:40| 			"URL_DOC"	""
|   12398|DEBUG|2018/03/16|19:40| 		}
|   12398|DEBUG|2018/03/16|19:40| 		ELEM {
|   12398|DEBUG|2018/03/16|19:40| 			NB_PROP	"15"
|   12398|DEBUG|2018/03/16|19:40| 			"TO"	"JO0000000461"
|   12398|DEBUG|2018/03/16|19:40| 			"FROM"	"JO0000000471"
|   12398|DEBUG|2018/03/16|19:40| 			"v_groupexec"	""
|   12398|DEBUG|2018/03/16|19:40| 			"ID"	"LN0000000321"
|   12398|DEBUG|2018/03/16|19:40| 			"ID_ENV"	"EB0000000008"
|   12398|DEBUG|2018/03/16|19:40| 			"ID_APP"	""
|   12398|DEBUG|2018/03/16|19:40| 			"TYPE"	"2"
|   12398|DEBUG|2018/03/16|19:40| 			"V_DESC"	""
|   12398|DEBUG|2018/03/16|19:40| 			"V_USRNAME"	"LIE_394"
|   12398|DEBUG|2018/03/16|19:40| 			"LTYPE"	"0"
|   12398|DEBUG|2018/03/16|19:40| 			"XYWH"	"540 3090 90 60"
|   12398|DEBUG|2018/03/16|19:40| 			"DS_DELAY"	""
|   12398|DEBUG|2018/03/16|19:40| 			"F_KILL"	""
|   12398|DEBUG|2018/03/16|19:40| 			"F_LPOS"	""
|   12398|DEBUG|2018/03/16|19:40| 			"URL_DOC"	""
|   12398|DEBUG|2018/03/16|19:40| 		}
|   12398|DEBUG|2018/03/16|19:40| 		ELEM {
|   12398|DEBUG|2018/03/16|19:40| 			NB_PROP	"15"
|   12398|DEBUG|2018/03/16|19:40| 			"TO"	"JO0000000471"
|   12398|DEBUG|2018/03/16|19:40| 			"FROM"	"JO0000000463"
|   12398|DEBUG|2018/03/16|19:40| 			"v_groupexec"	""
|   12398|DEBUG|2018/03/16|19:40| 			"ID"	"LN0000000322"
|   12398|DEBUG|2018/03/16|19:40| 			"ID_ENV"	"EB0000000008"
|   12398|DEBUG|2018/03/16|19:40| 			"ID_APP"	""
|   12398|DEBUG|2018/03/16|19:40| 			"TYPE"	"2"
|   12398|DEBUG|2018/03/16|19:40| 			"V_DESC"	""
|   12398|DEBUG|2018/03/16|19:40| 			"V_USRNAME"	"LIE_182"
|   12398|DEBUG|2018/03/16|19:40| 			"LTYPE"	"0"
|   12398|DEBUG|2018/03/16|19:40| 			"XYWH"	"540 3090 90 10"
|   12398|DEBUG|2018/03/16|19:40| 			"DS_DELAY"	""
|   12398|DEBUG|2018/03/16|19:40| 			"F_KILL"	""
|   12399|DEBUG|2018/03/16|19:40| 			"F_LPOS"	""
|   12399|DEBUG|2018/03/16|19:40| 			"URL_DOC"	""
|   12399|DEBUG|2018/03/16|19:40| 		}
|   12399|DEBUG|2018/03/16|19:40| 		ELEM {
|   12399|DEBUG|2018/03/16|19:40| 			NB_PROP	"15"
|   12399|DEBUG|2018/03/16|19:40| 			"TO"	"JO0000000473"
|   12399|DEBUG|2018/03/16|19:40| 			"FROM"	"JO0000000474"
|   12399|DEBUG|2018/03/16|19:40| 			"v_groupexec"	""
|   12399|DEBUG|2018/03/16|19:40| 			"ID"	"LN0000000323"
|   12399|DEBUG|2018/03/16|19:40| 			"ID_ENV"	"EB0000000008"
|   12399|DEBUG|2018/03/16|19:40| 			"ID_APP"	""
|   12399|DEBUG|2018/03/16|19:40| 			"TYPE"	"2"
|   12399|DEBUG|2018/03/16|19:40| 			"V_DESC"	""
|   12399|DEBUG|2018/03/16|19:40| 			"V_USRNAME"	"LIE_396"
|   12399|DEBUG|2018/03/16|19:40| 			"LTYPE"	"1"
|   12399|DEBUG|2018/03/16|19:40| 			"XYWH"	"690 680 90 10"
|   12399|DEBUG|2018/03/16|19:40| 			"DS_DELAY"	""
|   12399|DEBUG|2018/03/16|19:40| 			"F_KILL"	""
|   12399|DEBUG|2018/03/16|19:40| 			"F_LPOS"	"1"
|   12399|DEBUG|2018/03/16|19:40| 			"URL_DOC"	""
|   12399|DEBUG|2018/03/16|19:40| 		}
|   12399|DEBUG|2018/03/16|19:40| 		ELEM {
|   12399|DEBUG|2018/03/16|19:40| 			NB_PROP	"15"
|   12399|DEBUG|2018/03/16|19:40| 			"TO"	"JO0000000474"
|   12399|DEBUG|2018/03/16|19:40| 			"FROM"	"JO0000000219"
|   12399|DEBUG|2018/03/16|19:40| 			"v_groupexec"	""
|   12399|DEBUG|2018/03/16|19:40| 			"ID"	"LN0000000324"
|   12399|DEBUG|2018/03/16|19:40| 			"ID_ENV"	"EB0000000008"
|   12399|DEBUG|2018/03/16|19:40| 			"ID_APP"	""
|   12399|DEBUG|2018/03/16|19:40| 			"TYPE"	"2"
|   12399|DEBUG|2018/03/16|19:40| 			"V_DESC"	""
|   12399|DEBUG|2018/03/16|19:40| 			"V_USRNAME"	"LIE_395"
|   12399|DEBUG|2018/03/16|19:40| 			"LTYPE"	"0"
|   12399|DEBUG|2018/03/16|19:40| 			"XYWH"	"570 680 90 10"
|   12399|DEBUG|2018/03/16|19:40| 			"DS_DELAY"	""
|   12399|DEBUG|2018/03/16|19:40| 			"F_KILL"	""
|   12399|DEBUG|2018/03/16|19:40| 			"F_LPOS"	""
|   12399|DEBUG|2018/03/16|19:40| 			"URL_DOC"	""
|   12399|DEBUG|2018/03/16|19:40| 		}
|   12399|DEBUG|2018/03/16|19:40| 		ELEM {
|   12399|DEBUG|2018/03/16|19:40| 			NB_PROP	"15"
|   12399|DEBUG|2018/03/16|19:40| 			"TO"	"JO0000000477"
|   12399|DEBUG|2018/03/16|19:40| 			"FROM"	"JO0000000475"
|   12399|DEBUG|2018/03/16|19:40| 			"v_groupexec"	""
|   12399|DEBUG|2018/03/16|19:40| 			"ID"	"LN0000000325"
|   12399|DEBUG|2018/03/16|19:40| 			"ID_ENV"	"EB0000000008"
|   12399|DEBUG|2018/03/16|19:40| 			"ID_APP"	""
|   12399|DEBUG|2018/03/16|19:40| 			"TYPE"	"2"
|   12399|DEBUG|2018/03/16|19:40| 			"V_DESC"	""
|   12399|DEBUG|2018/03/16|19:40| 			"V_USRNAME"	"LIE_3_X1"
|   12399|DEBUG|2018/03/16|19:40| 			"LTYPE"	"0"
|   12399|DEBUG|2018/03/16|19:40| 			"XYWH"	"-1210 -40 90 10"
|   12399|DEBUG|2018/03/16|19:40| 			"DS_DELAY"	""
|   12399|DEBUG|2018/03/16|19:40| 			"F_KILL"	""
|   12399|DEBUG|2018/03/16|19:40| 			"F_LPOS"	""
|   12399|DEBUG|2018/03/16|19:40| 			"URL_DOC"	""
|   12399|DEBUG|2018/03/16|19:40| 		}
|   12399|DEBUG|2018/03/16|19:40| 		ELEM {
|   12399|DEBUG|2018/03/16|19:40| 			NB_PROP	"15"
|   12399|DEBUG|2018/03/16|19:40| 			"TO"	"JO0000000476"
|   12399|DEBUG|2018/03/16|19:40| 			"FROM"	"AT0000000003"
|   12399|DEBUG|2018/03/16|19:40| 			"v_groupexec"	""
|   12399|DEBUG|2018/03/16|19:40| 			"ID"	"LN0000000326"
|   12399|DEBUG|2018/03/16|19:40| 			"ID_ENV"	"EB0000000008"
|   12399|DEBUG|2018/03/16|19:40| 			"ID_APP"	""
|   12399|DEBUG|2018/03/16|19:40| 			"TYPE"	"2"
|   12399|DEBUG|2018/03/16|19:40| 			"V_DESC"	""
|   12399|DEBUG|2018/03/16|19:40| 			"V_USRNAME"	"LIE_0_X1"
|   12399|DEBUG|2018/03/16|19:40| 			"LTYPE"	"-1"
|   12399|DEBUG|2018/03/16|19:40| 			"XYWH"	"60 300 90 10"
|   12399|DEBUG|2018/03/16|19:40| 			"DS_DELAY"	""
|   12399|DEBUG|2018/03/16|19:40| 			"F_KILL"	""
|   12399|DEBUG|2018/03/16|19:40| 			"F_LPOS"	"1"
|   12399|DEBUG|2018/03/16|19:40| 			"URL_DOC"	""
|   12399|DEBUG|2018/03/16|19:40| 		}
|   12399|DEBUG|2018/03/16|19:40| 		ELEM {
|   12399|DEBUG|2018/03/16|19:40| 			NB_PROP	"15"
|   12399|DEBUG|2018/03/16|19:40| 			"TO"	"AT0000000003"
|   12399|DEBUG|2018/03/16|19:40| 			"FROM"	"JO0000000473"
|   12399|DEBUG|2018/03/16|19:40| 			"v_groupexec"	""
|   12399|DEBUG|2018/03/16|19:40| 			"ID"	"LN0000000327"
|   12399|DEBUG|2018/03/16|19:40| 			"ID_ENV"	"EB0000000008"
|   12399|DEBUG|2018/03/16|19:40| 			"ID_APP"	""
|   12399|DEBUG|2018/03/16|19:40| 			"TYPE"	"2"
|   12399|DEBUG|2018/03/16|19:40| 			"V_DESC"	""
|   12399|DEBUG|2018/03/16|19:40| 			"V_USRNAME"	"LIE_397"
|   12399|DEBUG|2018/03/16|19:40| 			"LTYPE"	"0"
|   12399|DEBUG|2018/03/16|19:40| 			"XYWH"	"570 620 50 10"
|   12399|DEBUG|2018/03/16|19:40| 			"DS_DELAY"	""
|   12399|DEBUG|2018/03/16|19:40| 			"F_KILL"	""
|   12399|DEBUG|2018/03/16|19:40| 			"F_LPOS"	""
|   12399|DEBUG|2018/03/16|19:40| 			"URL_DOC"	""
|   12399|DEBUG|2018/03/16|19:40| 		}
|   12399|DEBUG|2018/03/16|19:40| 		ELEM {
|   12399|DEBUG|2018/03/16|19:40| 			NB_PROP	"15"
|   12399|DEBUG|2018/03/16|19:40| 			"TO"	"JO0000000478"
|   12399|DEBUG|2018/03/16|19:40| 			"FROM"	"AT0000000001"
|   12399|DEBUG|2018/03/16|19:40| 			"v_groupexec"	""
|   12399|DEBUG|2018/03/16|19:40| 			"ID"	"LN0000000328"
|   12399|DEBUG|2018/03/16|19:40| 			"ID_ENV"	"EB0000000008"
|   12399|DEBUG|2018/03/16|19:40| 			"ID_APP"	""
|   12399|DEBUG|2018/03/16|19:40| 			"TYPE"	"2"
|   12399|DEBUG|2018/03/16|19:40| 			"V_DESC"	""
|   12399|DEBUG|2018/03/16|19:40| 			"V_USRNAME"	"LIE_398"
|   12399|DEBUG|2018/03/16|19:40| 			"LTYPE"	"-1"
|   12399|DEBUG|2018/03/16|19:40| 			"XYWH"	"1060 -650 10 30"
|   12399|DEBUG|2018/03/16|19:40| 			"DS_DELAY"	""
|   12399|DEBUG|2018/03/16|19:40| 			"F_KILL"	""
|   12399|DEBUG|2018/03/16|19:40| 			"F_LPOS"	""
|   12399|DEBUG|2018/03/16|19:40| 			"URL_DOC"	""
|   12399|DEBUG|2018/03/16|19:40| 		}
|   12399|DEBUG|2018/03/16|19:40| 		ELEM {
|   12399|DEBUG|2018/03/16|19:40| 			NB_PROP	"15"
|   12399|DEBUG|2018/03/16|19:40| 			"TO"	"JO0000000379"
|   12399|DEBUG|2018/03/16|19:40| 			"FROM"	"JO0000000197"
|   12399|DEBUG|2018/03/16|19:40| 			"v_groupexec"	""
|   12399|DEBUG|2018/03/16|19:40| 			"ID"	"LN0000000329"
|   12399|DEBUG|2018/03/16|19:40| 			"ID_ENV"	"EB0000000008"
|   12399|DEBUG|2018/03/16|19:40| 			"ID_APP"	""
|   12399|DEBUG|2018/03/16|19:40| 			"TYPE"	"2"
|   12399|DEBUG|2018/03/16|19:40| 			"V_DESC"	""
|   12399|DEBUG|2018/03/16|19:40| 			"V_USRNAME"	"LIE_86"
|   12399|DEBUG|2018/03/16|19:40| 			"LTYPE"	"0"
|   12399|DEBUG|2018/03/16|19:40| 			"XYWH"	"1240 -480 50 10"
|   12399|DEBUG|2018/03/16|19:40| 			"DS_DELAY"	""
|   12399|DEBUG|2018/03/16|19:40| 			"F_KILL"	""
|   12399|DEBUG|2018/03/16|19:40| 			"F_LPOS"	""
|   12399|DEBUG|2018/03/16|19:40| 			"URL_DOC"	""
|   12399|DEBUG|2018/03/16|19:40| 		}
|   12399|DEBUG|2018/03/16|19:40| 		ELEM {
|   12399|DEBUG|2018/03/16|19:40| 			NB_PROP	"15"
|   12399|DEBUG|2018/03/16|19:40| 			"TO"	"JO0000000197"
|   12399|DEBUG|2018/03/16|19:40| 			"FROM"	"JO0000000198"
|   12399|DEBUG|2018/03/16|19:40| 			"v_groupexec"	""
|   12399|DEBUG|2018/03/16|19:40| 			"ID"	"LN0000000330"
|   12399|DEBUG|2018/03/16|19:40| 			"ID_ENV"	"EB0000000008"
|   12399|DEBUG|2018/03/16|19:40| 			"ID_APP"	""
|   12399|DEBUG|2018/03/16|19:40| 			"TYPE"	"2"
|   12399|DEBUG|2018/03/16|19:40| 			"V_DESC"	""
|   12399|DEBUG|2018/03/16|19:40| 			"V_USRNAME"	"LIE_85"
|   12399|DEBUG|2018/03/16|19:40| 			"LTYPE"	"0"
|   12399|DEBUG|2018/03/16|19:40| 			"XYWH"	"1160 -480 50 10"
|   12399|DEBUG|2018/03/16|19:40| 			"DS_DELAY"	""
|   12399|DEBUG|2018/03/16|19:40| 			"F_KILL"	""
|   12399|DEBUG|2018/03/16|19:40| 			"F_LPOS"	""
|   12399|DEBUG|2018/03/16|19:40| 			"URL_DOC"	""
|   12399|DEBUG|2018/03/16|19:40| 		}
|   12399|DEBUG|2018/03/16|19:40| 		ELEM {
|   12399|DEBUG|2018/03/16|19:40| 			NB_PROP	"15"
|   12399|DEBUG|2018/03/16|19:40| 			"TO"	"JO0000000481"
|   12399|DEBUG|2018/03/16|19:40| 			"FROM"	"JO0000000482"
|   12399|DEBUG|2018/03/16|19:40| 			"v_groupexec"	""
|   12399|DEBUG|2018/03/16|19:40| 			"ID"	"LN0000000331"
|   12399|DEBUG|2018/03/16|19:40| 			"ID_ENV"	"EB0000000008"
|   12399|DEBUG|2018/03/16|19:40| 			"ID_APP"	""
|   12399|DEBUG|2018/03/16|19:40| 			"TYPE"	"2"
|   12399|DEBUG|2018/03/16|19:40| 			"V_DESC"	""
|   12399|DEBUG|2018/03/16|19:40| 			"V_USRNAME"	"LIE_92"
|   12399|DEBUG|2018/03/16|19:40| 			"LTYPE"	"1"
|   12399|DEBUG|2018/03/16|19:40| 			"XYWH"	"1060 -350 10 30"
|   12399|DEBUG|2018/03/16|19:40| 			"DS_DELAY"	""
|   12399|DEBUG|2018/03/16|19:40| 			"F_KILL"	""
|   12399|DEBUG|2018/03/16|19:40| 			"F_LPOS"	"1"
|   12399|DEBUG|2018/03/16|19:40| 			"URL_DOC"	""
|   12399|DEBUG|2018/03/16|19:40| 		}
|   12399|DEBUG|2018/03/16|19:40| 		ELEM {
|   12399|DEBUG|2018/03/16|19:40| 			NB_PROP	"15"
|   12400|DEBUG|2018/03/16|19:40| 			"TO"	"JO0000000482"
|   12400|DEBUG|2018/03/16|19:40| 			"FROM"	"JO0000000480"
|   12400|DEBUG|2018/03/16|19:40| 			"v_groupexec"	""
|   12400|DEBUG|2018/03/16|19:40| 			"ID"	"LN0000000332"
|   12400|DEBUG|2018/03/16|19:40| 			"ID_ENV"	"EB0000000008"
|   12400|DEBUG|2018/03/16|19:40| 			"ID_APP"	""
|   12400|DEBUG|2018/03/16|19:40| 			"TYPE"	"2"
|   12400|DEBUG|2018/03/16|19:40| 			"V_DESC"	""
|   12400|DEBUG|2018/03/16|19:40| 			"V_USRNAME"	"LIE_403"
|   12400|DEBUG|2018/03/16|19:40| 			"LTYPE"	"1"
|   12400|DEBUG|2018/03/16|19:40| 			"XYWH"	"1060 -410 10 30"
|   12400|DEBUG|2018/03/16|19:40| 			"DS_DELAY"	""
|   12400|DEBUG|2018/03/16|19:40| 			"F_KILL"	""
|   12400|DEBUG|2018/03/16|19:40| 			"F_LPOS"	"1"
|   12400|DEBUG|2018/03/16|19:40| 			"URL_DOC"	""
|   12400|DEBUG|2018/03/16|19:40| 		}
|   12400|DEBUG|2018/03/16|19:40| 		ELEM {
|   12400|DEBUG|2018/03/16|19:40| 			NB_PROP	"15"
|   12400|DEBUG|2018/03/16|19:40| 			"TO"	"JO0000000480"
|   12400|DEBUG|2018/03/16|19:40| 			"FROM"	"JO0000000479"
|   12400|DEBUG|2018/03/16|19:40| 			"v_groupexec"	""
|   12400|DEBUG|2018/03/16|19:40| 			"ID"	"LN0000000333"
|   12400|DEBUG|2018/03/16|19:40| 			"ID_ENV"	"EB0000000008"
|   12400|DEBUG|2018/03/16|19:40| 			"ID_APP"	""
|   12400|DEBUG|2018/03/16|19:40| 			"TYPE"	"2"
|   12400|DEBUG|2018/03/16|19:40| 			"V_DESC"	""
|   12400|DEBUG|2018/03/16|19:40| 			"V_USRNAME"	"LIE_402"
|   12400|DEBUG|2018/03/16|19:40| 			"LTYPE"	"1"
|   12400|DEBUG|2018/03/16|19:40| 			"XYWH"	"1060 -470 10 30"
|   12400|DEBUG|2018/03/16|19:40| 			"DS_DELAY"	""
|   12400|DEBUG|2018/03/16|19:40| 			"F_KILL"	""
|   12400|DEBUG|2018/03/16|19:40| 			"F_LPOS"	"1"
|   12400|DEBUG|2018/03/16|19:40| 			"URL_DOC"	""
|   12400|DEBUG|2018/03/16|19:40| 		}
|   12400|DEBUG|2018/03/16|19:40| 		ELEM {
|   12400|DEBUG|2018/03/16|19:40| 			NB_PROP	"15"
|   12400|DEBUG|2018/03/16|19:40| 			"TO"	"JO0000000479"
|   12400|DEBUG|2018/03/16|19:40| 			"FROM"	"JO0000000478"
|   12400|DEBUG|2018/03/16|19:40| 			"v_groupexec"	""
|   12400|DEBUG|2018/03/16|19:40| 			"ID"	"LN0000000334"
|   12400|DEBUG|2018/03/16|19:40| 			"ID_ENV"	"EB0000000008"
|   12400|DEBUG|2018/03/16|19:40| 			"ID_APP"	""
|   12400|DEBUG|2018/03/16|19:40| 			"TYPE"	"2"
|   12400|DEBUG|2018/03/16|19:40| 			"V_DESC"	""
|   12400|DEBUG|2018/03/16|19:40| 			"V_USRNAME"	"LIE_405"
|   12400|DEBUG|2018/03/16|19:40| 			"LTYPE"	"1"
|   12400|DEBUG|2018/03/16|19:40| 			"XYWH"	"1060 -530 10 30"
|   12400|DEBUG|2018/03/16|19:40| 			"DS_DELAY"	""
|   12400|DEBUG|2018/03/16|19:40| 			"F_KILL"	""
|   12400|DEBUG|2018/03/16|19:40| 			"F_LPOS"	"1"
|   12400|DEBUG|2018/03/16|19:40| 			"URL_DOC"	""
|   12400|DEBUG|2018/03/16|19:40| 		}
|   12400|DEBUG|2018/03/16|19:40| 		ELEM {
|   12400|DEBUG|2018/03/16|19:40| 			NB_PROP	"15"
|   12400|DEBUG|2018/03/16|19:40| 			"TO"	"JO0000000487"
|   12400|DEBUG|2018/03/16|19:40| 			"FROM"	"JO0000000485"
|   12400|DEBUG|2018/03/16|19:40| 			"v_groupexec"	""
|   12400|DEBUG|2018/03/16|19:40| 			"ID"	"LN0000000335"
|   12400|DEBUG|2018/03/16|19:40| 			"ID_ENV"	"EB0000000008"
|   12400|DEBUG|2018/03/16|19:40| 			"ID_APP"	""
|   12400|DEBUG|2018/03/16|19:40| 			"TYPE"	"2"
|   12400|DEBUG|2018/03/16|19:40| 			"V_DESC"	""
|   12400|DEBUG|2018/03/16|19:40| 			"V_USRNAME"	"LIE_6_X1"
|   12400|DEBUG|2018/03/16|19:40| 			"LTYPE"	"0"
|   12400|DEBUG|2018/03/16|19:40| 			"XYWH"	"-44190 1070 10 30"
|   12400|DEBUG|2018/03/16|19:40| 			"DS_DELAY"	""
|   12400|DEBUG|2018/03/16|19:40| 			"F_KILL"	""
|   12400|DEBUG|2018/03/16|19:40| 			"F_LPOS"	""
|   12400|DEBUG|2018/03/16|19:40| 			"URL_DOC"	""
|   12400|DEBUG|2018/03/16|19:40| 		}
|   12400|DEBUG|2018/03/16|19:40| 		ELEM {
|   12400|DEBUG|2018/03/16|19:40| 			NB_PROP	"15"
|   12400|DEBUG|2018/03/16|19:40| 			"TO"	"JO0000000484"
|   12400|DEBUG|2018/03/16|19:40| 			"FROM"	"JO0000000487"
|   12400|DEBUG|2018/03/16|19:40| 			"v_groupexec"	""
|   12400|DEBUG|2018/03/16|19:40| 			"ID"	"LN0000000336"
|   12400|DEBUG|2018/03/16|19:40| 			"ID_ENV"	"EB0000000008"
|   12400|DEBUG|2018/03/16|19:40| 			"ID_APP"	""
|   12400|DEBUG|2018/03/16|19:40| 			"TYPE"	"2"
|   12400|DEBUG|2018/03/16|19:40| 			"V_DESC"	""
|   12400|DEBUG|2018/03/16|19:40| 			"V_USRNAME"	"LIE_177_X1"
|   12400|DEBUG|2018/03/16|19:40| 			"LTYPE"	"0"
|   12400|DEBUG|2018/03/16|19:40| 			"XYWH"	"70 2170 40 110"
|   12400|DEBUG|2018/03/16|19:40| 			"DS_DELAY"	""
|   12400|DEBUG|2018/03/16|19:40| 			"F_KILL"	""
|   12400|DEBUG|2018/03/16|19:40| 			"F_LPOS"	""
|   12400|DEBUG|2018/03/16|19:40| 			"URL_DOC"	""
|   12400|DEBUG|2018/03/16|19:40| 		}
|   12400|DEBUG|2018/03/16|19:40| 		ELEM {
|   12400|DEBUG|2018/03/16|19:40| 			NB_PROP	"15"
|   12400|DEBUG|2018/03/16|19:40| 			"TO"	"JO0000000489"
|   12400|DEBUG|2018/03/16|19:40| 			"FROM"	"JO0000000486"
|   12400|DEBUG|2018/03/16|19:40| 			"v_groupexec"	""
|   12400|DEBUG|2018/03/16|19:40| 			"ID"	"LN0000000337"
|   12400|DEBUG|2018/03/16|19:40| 			"ID_ENV"	"EB0000000008"
|   12400|DEBUG|2018/03/16|19:40| 			"ID_APP"	""
|   12400|DEBUG|2018/03/16|19:40| 			"TYPE"	"2"
|   12400|DEBUG|2018/03/16|19:40| 			"V_DESC"	""
|   12400|DEBUG|2018/03/16|19:40| 			"V_USRNAME"	"LIE_264"
|   12400|DEBUG|2018/03/16|19:40| 			"LTYPE"	"0"
|   12400|DEBUG|2018/03/16|19:40| 			"XYWH"	"950 -230 10 30"
|   12400|DEBUG|2018/03/16|19:40| 			"DS_DELAY"	""
|   12400|DEBUG|2018/03/16|19:40| 			"F_KILL"	""
|   12400|DEBUG|2018/03/16|19:40| 			"F_LPOS"	""
|   12400|DEBUG|2018/03/16|19:40| 			"URL_DOC"	""
|   12400|DEBUG|2018/03/16|19:40| 		}
|   12400|DEBUG|2018/03/16|19:40| 		ELEM {
|   12400|DEBUG|2018/03/16|19:40| 			NB_PROP	"15"
|   12400|DEBUG|2018/03/16|19:40| 			"TO"	"JO0000000486"
|   12400|DEBUG|2018/03/16|19:40| 			"FROM"	"JO0000000484"
|   12400|DEBUG|2018/03/16|19:40| 			"v_groupexec"	""
|   12400|DEBUG|2018/03/16|19:40| 			"ID"	"LN0000000338"
|   12400|DEBUG|2018/03/16|19:40| 			"ID_ENV"	"EB0000000008"
|   12400|DEBUG|2018/03/16|19:40| 			"ID_APP"	""
|   12400|DEBUG|2018/03/16|19:40| 			"TYPE"	"2"
|   12400|DEBUG|2018/03/16|19:40| 			"V_DESC"	""
|   12400|DEBUG|2018/03/16|19:40| 			"V_USRNAME"	"LIE_279"
|   12400|DEBUG|2018/03/16|19:40| 			"LTYPE"	"0"
|   12400|DEBUG|2018/03/16|19:40| 			"XYWH"	"760 -240 70 10"
|   12400|DEBUG|2018/03/16|19:40| 			"DS_DELAY"	""
|   12400|DEBUG|2018/03/16|19:40| 			"F_KILL"	""
|   12400|DEBUG|2018/03/16|19:40| 			"F_LPOS"	""
|   12400|DEBUG|2018/03/16|19:40| 			"URL_DOC"	""
|   12400|DEBUG|2018/03/16|19:40| 		}
|   12400|DEBUG|2018/03/16|19:40| 		ELEM {
|   12400|DEBUG|2018/03/16|19:40| 			NB_PROP	"15"
|   12400|DEBUG|2018/03/16|19:40| 			"TO"	"JO0000000488"
|   12400|DEBUG|2018/03/16|19:40| 			"FROM"	"JO0000000489"
|   12400|DEBUG|2018/03/16|19:40| 			"v_groupexec"	""
|   12400|DEBUG|2018/03/16|19:40| 			"ID"	"LN0000000339"
|   12400|DEBUG|2018/03/16|19:40| 			"ID_ENV"	"EB0000000008"
|   12400|DEBUG|2018/03/16|19:40| 			"ID_APP"	""
|   12400|DEBUG|2018/03/16|19:40| 			"TYPE"	"2"
|   12400|DEBUG|2018/03/16|19:40| 			"V_DESC"	""
|   12400|DEBUG|2018/03/16|19:40| 			"V_USRNAME"	"LIE_277"
|   12400|DEBUG|2018/03/16|19:40| 			"LTYPE"	"0"
|   12400|DEBUG|2018/03/16|19:40| 			"XYWH"	"950 -230 10 30"
|   12400|DEBUG|2018/03/16|19:40| 			"DS_DELAY"	""
|   12400|DEBUG|2018/03/16|19:40| 			"F_KILL"	""
|   12400|DEBUG|2018/03/16|19:40| 			"F_LPOS"	""
|   12400|DEBUG|2018/03/16|19:40| 			"URL_DOC"	""
|   12400|DEBUG|2018/03/16|19:40| 		}
|   12400|DEBUG|2018/03/16|19:40| 		ELEM {
|   12400|DEBUG|2018/03/16|19:40| 			NB_PROP	"15"
|   12400|DEBUG|2018/03/16|19:40| 			"TO"	"JO0000000490"
|   12400|DEBUG|2018/03/16|19:40| 			"FROM"	"JO0000000484"
|   12400|DEBUG|2018/03/16|19:40| 			"v_groupexec"	""
|   12400|DEBUG|2018/03/16|19:40| 			"ID"	"LN0000000340"
|   12400|DEBUG|2018/03/16|19:40| 			"ID_ENV"	"EB0000000008"
|   12400|DEBUG|2018/03/16|19:40| 			"ID_APP"	""
|   12400|DEBUG|2018/03/16|19:40| 			"TYPE"	"2"
|   12400|DEBUG|2018/03/16|19:40| 			"V_DESC"	""
|   12400|DEBUG|2018/03/16|19:40| 			"V_USRNAME"	"LIE_280"
|   12400|DEBUG|2018/03/16|19:40| 			"LTYPE"	"0"
|   12400|DEBUG|2018/03/16|19:40| 			"XYWH"	"740 -230 10 30"
|   12400|DEBUG|2018/03/16|19:40| 			"DS_DELAY"	""
|   12400|DEBUG|2018/03/16|19:40| 			"F_KILL"	""
|   12400|DEBUG|2018/03/16|19:40| 			"F_LPOS"	""
|   12400|DEBUG|2018/03/16|19:40| 			"URL_DOC"	""
|   12400|DEBUG|2018/03/16|19:40| 		}
|   12400|DEBUG|2018/03/16|19:40| 		ELEM {
|   12400|DEBUG|2018/03/16|19:40| 			NB_PROP	"15"
|   12400|DEBUG|2018/03/16|19:40| 			"TO"	"JO0000000485"
|   12400|DEBUG|2018/03/16|19:40| 			"FROM"	"AT0000000004"
|   12400|DEBUG|2018/03/16|19:40| 			"v_groupexec"	""
|   12400|DEBUG|2018/03/16|19:40| 			"ID"	"LN0000000341"
|   12400|DEBUG|2018/03/16|19:40| 			"ID_ENV"	"EB0000000008"
|   12400|DEBUG|2018/03/16|19:40| 			"ID_APP"	""
|   12400|DEBUG|2018/03/16|19:40| 			"TYPE"	"2"
|   12400|DEBUG|2018/03/16|19:40| 			"V_DESC"	""
|   12400|DEBUG|2018/03/16|19:40| 			"V_USRNAME"	"LIE_283"
|   12400|DEBUG|2018/03/16|19:40| 			"LTYPE"	"-1"
|   12400|DEBUG|2018/03/16|19:40| 			"XYWH"	"610 -290 40 10"
|   12400|DEBUG|2018/03/16|19:40| 			"DS_DELAY"	""
|   12400|DEBUG|2018/03/16|19:40| 			"F_KILL"	""
|   12400|DEBUG|2018/03/16|19:40| 			"F_LPOS"	""
|   12400|DEBUG|2018/03/16|19:40| 			"URL_DOC"	""
|   12400|DEBUG|2018/03/16|19:40| 		}
|   12400|DEBUG|2018/03/16|19:40| 		ELEM {
|   12400|DEBUG|2018/03/16|19:40| 			NB_PROP	"15"
|   12400|DEBUG|2018/03/16|19:40| 			"TO"	"AT0000000004"
|   12400|DEBUG|2018/03/16|19:40| 			"FROM"	"JO0000000354"
|   12400|DEBUG|2018/03/16|19:40| 			"v_groupexec"	""
|   12400|DEBUG|2018/03/16|19:40| 			"ID"	"LN0000000342"
|   12400|DEBUG|2018/03/16|19:40| 			"ID_ENV"	"EB0000000008"
|   12400|DEBUG|2018/03/16|19:40| 			"ID_APP"	""
|   12400|DEBUG|2018/03/16|19:40| 			"TYPE"	"2"
|   12400|DEBUG|2018/03/16|19:40| 			"V_DESC"	""
|   12400|DEBUG|2018/03/16|19:40| 			"V_USRNAME"	"LIE_67"
|   12400|DEBUG|2018/03/16|19:40| 			"LTYPE"	"0"
|   12400|DEBUG|2018/03/16|19:40| 			"XYWH"	"570 -330 10 50"
|   12400|DEBUG|2018/03/16|19:40| 			"DS_DELAY"	""
|   12400|DEBUG|2018/03/16|19:40| 			"F_KILL"	""
|   12400|DEBUG|2018/03/16|19:40| 			"F_LPOS"	""
|   12400|DEBUG|2018/03/16|19:40| 			"URL_DOC"	""
|   12400|DEBUG|2018/03/16|19:40| 		}
|   12400|DEBUG|2018/03/16|19:40| 		ELEM {
|   12400|DEBUG|2018/03/16|19:40| 			NB_PROP	"15"
|   12400|DEBUG|2018/03/16|19:40| 			"TO"	"JO0000000492"
|   12400|DEBUG|2018/03/16|19:40| 			"FROM"	"JO0000000493"
|   12400|DEBUG|2018/03/16|19:40| 			"v_groupexec"	""
|   12400|DEBUG|2018/03/16|19:40| 			"ID"	"LN0000000343"
|   12400|DEBUG|2018/03/16|19:40| 			"ID_ENV"	"EB0000000008"
|   12400|DEBUG|2018/03/16|19:40| 			"ID_APP"	""
|   12400|DEBUG|2018/03/16|19:40| 			"TYPE"	"2"
|   12400|DEBUG|2018/03/16|19:40| 			"V_DESC"	""
|   12400|DEBUG|2018/03/16|19:40| 			"V_USRNAME"	"LIE_0_X3"
|   12400|DEBUG|2018/03/16|19:40| 			"LTYPE"	"0"
|   12400|DEBUG|2018/03/16|19:40| 			"XYWH"	"-44890 2820 10 30"
|   12400|DEBUG|2018/03/16|19:40| 			"DS_DELAY"	""
|   12400|DEBUG|2018/03/16|19:40| 			"F_KILL"	""
|   12400|DEBUG|2018/03/16|19:40| 			"F_LPOS"	""
|   12401|DEBUG|2018/03/16|19:40| 			"URL_DOC"	""
|   12401|DEBUG|2018/03/16|19:40| 		}
|   12401|DEBUG|2018/03/16|19:40| 		ELEM {
|   12401|DEBUG|2018/03/16|19:40| 			NB_PROP	"15"
|   12401|DEBUG|2018/03/16|19:40| 			"TO"	"JO0000000493"
|   12401|DEBUG|2018/03/16|19:40| 			"FROM"	"JO0000000117"
|   12401|DEBUG|2018/03/16|19:40| 			"v_groupexec"	""
|   12401|DEBUG|2018/03/16|19:40| 			"ID"	"LN0000000344"
|   12401|DEBUG|2018/03/16|19:40| 			"ID_ENV"	"EB0000000008"
|   12401|DEBUG|2018/03/16|19:40| 			"ID_APP"	""
|   12401|DEBUG|2018/03/16|19:40| 			"TYPE"	"2"
|   12401|DEBUG|2018/03/16|19:40| 			"V_DESC"	""
|   12401|DEBUG|2018/03/16|19:40| 			"V_USRNAME"	"LIE_284"
|   12401|DEBUG|2018/03/16|19:40| 			"LTYPE"	"1"
|   12401|DEBUG|2018/03/16|19:40| 			"XYWH"	"720 -1590 140 180"
|   12401|DEBUG|2018/03/16|19:40| 			"DS_DELAY"	""
|   12401|DEBUG|2018/03/16|19:40| 			"F_KILL"	""
|   12401|DEBUG|2018/03/16|19:40| 			"F_LPOS"	"1"
|   12401|DEBUG|2018/03/16|19:40| 			"URL_DOC"	""
|   12401|DEBUG|2018/03/16|19:40| 		}
|   12401|DEBUG|2018/03/16|19:40| 		ELEM {
|   12401|DEBUG|2018/03/16|19:40| 			NB_PROP	"15"
|   12401|DEBUG|2018/03/16|19:40| 			"TO"	"JO0000000495"
|   12401|DEBUG|2018/03/16|19:40| 			"FROM"	"JO0000000494"
|   12401|DEBUG|2018/03/16|19:40| 			"v_groupexec"	""
|   12401|DEBUG|2018/03/16|19:40| 			"ID"	"LN0000000345"
|   12401|DEBUG|2018/03/16|19:40| 			"ID_ENV"	"EB0000000008"
|   12401|DEBUG|2018/03/16|19:40| 			"ID_APP"	""
|   12401|DEBUG|2018/03/16|19:40| 			"TYPE"	"2"
|   12401|DEBUG|2018/03/16|19:40| 			"V_DESC"	""
|   12401|DEBUG|2018/03/16|19:40| 			"V_USRNAME"	"LIE_297"
|   12401|DEBUG|2018/03/16|19:40| 			"LTYPE"	"0"
|   12401|DEBUG|2018/03/16|19:40| 			"XYWH"	"860 -1280 10 30"
|   12401|DEBUG|2018/03/16|19:40| 			"DS_DELAY"	""
|   12401|DEBUG|2018/03/16|19:40| 			"F_KILL"	""
|   12401|DEBUG|2018/03/16|19:40| 			"F_LPOS"	""
|   12401|DEBUG|2018/03/16|19:40| 			"URL_DOC"	""
|   12401|DEBUG|2018/03/16|19:40| 		}
|   12401|DEBUG|2018/03/16|19:40| 		ELEM {
|   12401|DEBUG|2018/03/16|19:40| 			NB_PROP	"15"
|   12401|DEBUG|2018/03/16|19:40| 			"TO"	"JO0000000122"
|   12401|DEBUG|2018/03/16|19:40| 			"FROM"	"JO0000000428"
|   12401|DEBUG|2018/03/16|19:40| 			"v_groupexec"	""
|   12401|DEBUG|2018/03/16|19:40| 			"ID"	"LN0000000346"
|   12401|DEBUG|2018/03/16|19:40| 			"ID_ENV"	"EB0000000008"
|   12401|DEBUG|2018/03/16|19:40| 			"ID_APP"	""
|   12401|DEBUG|2018/03/16|19:40| 			"TYPE"	"2"
|   12401|DEBUG|2018/03/16|19:40| 			"V_DESC"	""
|   12401|DEBUG|2018/03/16|19:40| 			"V_USRNAME"	"LIE_299"
|   12401|DEBUG|2018/03/16|19:40| 			"LTYPE"	"0"
|   12401|DEBUG|2018/03/16|19:40| 			"XYWH"	"920 -2580 20 180"
|   12401|DEBUG|2018/03/16|19:40| 			"DS_DELAY"	""
|   12401|DEBUG|2018/03/16|19:40| 			"F_KILL"	""
|   12401|DEBUG|2018/03/16|19:40| 			"F_LPOS"	""
|   12401|DEBUG|2018/03/16|19:40| 			"URL_DOC"	""
|   12401|DEBUG|2018/03/16|19:40| 		}
|   12401|DEBUG|2018/03/16|19:40| 		ELEM {
|   12401|DEBUG|2018/03/16|19:40| 			NB_PROP	"15"
|   12401|DEBUG|2018/03/16|19:40| 			"TO"	"JO0000000427"
|   12401|DEBUG|2018/03/16|19:40| 			"FROM"	"JO0000000428"
|   12401|DEBUG|2018/03/16|19:40| 			"v_groupexec"	""
|   12401|DEBUG|2018/03/16|19:40| 			"ID"	"LN0000000347"
|   12401|DEBUG|2018/03/16|19:40| 			"ID_ENV"	"EB0000000008"
|   12401|DEBUG|2018/03/16|19:40| 			"ID_APP"	""
|   12401|DEBUG|2018/03/16|19:40| 			"TYPE"	"2"
|   12401|DEBUG|2018/03/16|19:40| 			"V_DESC"	""
|   12401|DEBUG|2018/03/16|19:40| 			"V_USRNAME"	"LIE_184"
|   12401|DEBUG|2018/03/16|19:40| 			"LTYPE"	"0"
|   12401|DEBUG|2018/03/16|19:40| 			"XYWH"	"970 -2580 20 120"
|   12401|DEBUG|2018/03/16|19:40| 			"DS_DELAY"	""
|   12401|DEBUG|2018/03/16|19:40| 			"F_KILL"	""
|   12401|DEBUG|2018/03/16|19:40| 			"F_LPOS"	""
|   12401|DEBUG|2018/03/16|19:40| 			"URL_DOC"	""
|   12401|DEBUG|2018/03/16|19:40| 		}
|   12401|DEBUG|2018/03/16|19:40| 		ELEM {
|   12401|DEBUG|2018/03/16|19:40| 			NB_PROP	"15"
|   12401|DEBUG|2018/03/16|19:40| 			"TO"	"JO0000000498"
|   12401|DEBUG|2018/03/16|19:40| 			"FROM"	"JO0000000497"
|   12401|DEBUG|2018/03/16|19:40| 			"v_groupexec"	""
|   12401|DEBUG|2018/03/16|19:40| 			"ID"	"LN0000000348"
|   12401|DEBUG|2018/03/16|19:40| 			"ID_ENV"	"EB0000000008"
|   12401|DEBUG|2018/03/16|19:40| 			"ID_APP"	""
|   12401|DEBUG|2018/03/16|19:40| 			"TYPE"	"2"
|   12401|DEBUG|2018/03/16|19:40| 			"V_DESC"	""
|   12401|DEBUG|2018/03/16|19:40| 			"V_USRNAME"	"LIE_174"
|   12401|DEBUG|2018/03/16|19:40| 			"LTYPE"	"0"
|   12401|DEBUG|2018/03/16|19:40| 			"XYWH"	"1280 -110 30 10"
|   12401|DEBUG|2018/03/16|19:40| 			"DS_DELAY"	""
|   12401|DEBUG|2018/03/16|19:40| 			"F_KILL"	""
|   12401|DEBUG|2018/03/16|19:40| 			"F_LPOS"	""
|   12401|DEBUG|2018/03/16|19:40| 			"URL_DOC"	""
|   12401|DEBUG|2018/03/16|19:40| 		}
|   12401|DEBUG|2018/03/16|19:40| 		ELEM {
|   12401|DEBUG|2018/03/16|19:40| 			NB_PROP	"15"
|   12401|DEBUG|2018/03/16|19:40| 			"TO"	"JO0000000501"
|   12401|DEBUG|2018/03/16|19:40| 			"FROM"	"JO0000000500"
|   12401|DEBUG|2018/03/16|19:40| 			"v_groupexec"	""
|   12401|DEBUG|2018/03/16|19:40| 			"ID"	"LN0000000349"
|   12401|DEBUG|2018/03/16|19:40| 			"ID_ENV"	"EB0000000008"
|   12401|DEBUG|2018/03/16|19:40| 			"ID_APP"	""
|   12401|DEBUG|2018/03/16|19:40| 			"TYPE"	"2"
|   12401|DEBUG|2018/03/16|19:40| 			"V_DESC"	""
|   12401|DEBUG|2018/03/16|19:40| 			"V_USRNAME"	"LIE_183"
|   12401|DEBUG|2018/03/16|19:40| 			"LTYPE"	"0"
|   12401|DEBUG|2018/03/16|19:40| 			"XYWH"	"1140 -2500 20 60"
|   12401|DEBUG|2018/03/16|19:40| 			"DS_DELAY"	""
|   12401|DEBUG|2018/03/16|19:40| 			"F_KILL"	""
|   12401|DEBUG|2018/03/16|19:40| 			"F_LPOS"	""
|   12401|DEBUG|2018/03/16|19:40| 			"URL_DOC"	""
|   12401|DEBUG|2018/03/16|19:40| 		}
|   12401|DEBUG|2018/03/16|19:40| 		ELEM {
|   12401|DEBUG|2018/03/16|19:40| 			NB_PROP	"15"
|   12401|DEBUG|2018/03/16|19:40| 			"TO"	"JO0000000503"
|   12401|DEBUG|2018/03/16|19:40| 			"FROM"	"JO0000000504"
|   12401|DEBUG|2018/03/16|19:40| 			"v_groupexec"	""
|   12401|DEBUG|2018/03/16|19:40| 			"ID"	"LN0000000350"
|   12401|DEBUG|2018/03/16|19:40| 			"ID_ENV"	"EB0000000008"
|   12401|DEBUG|2018/03/16|19:40| 			"ID_APP"	""
|   12401|DEBUG|2018/03/16|19:40| 			"TYPE"	"2"
|   12401|DEBUG|2018/03/16|19:40| 			"V_DESC"	""
|   12401|DEBUG|2018/03/16|19:40| 			"V_USRNAME"	"LIE_207"
|   12401|DEBUG|2018/03/16|19:40| 			"LTYPE"	"0"
|   12401|DEBUG|2018/03/16|19:40| 			"XYWH"	"810 2680 10 30"
|   12401|DEBUG|2018/03/16|19:40| 			"DS_DELAY"	""
|   12401|DEBUG|2018/03/16|19:40| 			"F_KILL"	""
|   12401|DEBUG|2018/03/16|19:40| 			"F_LPOS"	""
|   12401|DEBUG|2018/03/16|19:40| 			"URL_DOC"	""
|   12401|DEBUG|2018/03/16|19:40| 		}
|   12401|DEBUG|2018/03/16|19:40| 		ELEM {
|   12401|DEBUG|2018/03/16|19:40| 			NB_PROP	"15"
|   12401|DEBUG|2018/03/16|19:40| 			"TO"	"JO0000000506"
|   12401|DEBUG|2018/03/16|19:40| 			"FROM"	"JO0000000183"
|   12401|DEBUG|2018/03/16|19:40| 			"v_groupexec"	""
|   12401|DEBUG|2018/03/16|19:40| 			"ID"	"LN0000000351"
|   12401|DEBUG|2018/03/16|19:40| 			"ID_ENV"	"EB0000000008"
|   12401|DEBUG|2018/03/16|19:40| 			"ID_APP"	""
|   12401|DEBUG|2018/03/16|19:40| 			"TYPE"	"2"
|   12401|DEBUG|2018/03/16|19:40| 			"V_DESC"	""
|   12401|DEBUG|2018/03/16|19:40| 			"V_USRNAME"	"LIE_290"
|   12401|DEBUG|2018/03/16|19:40| 			"LTYPE"	"0"
|   12401|DEBUG|2018/03/16|19:40| 			"XYWH"	"-10 -530 90 40"
|   12401|DEBUG|2018/03/16|19:40| 			"DS_DELAY"	""
|   12401|DEBUG|2018/03/16|19:40| 			"F_KILL"	""
|   12401|DEBUG|2018/03/16|19:40| 			"F_LPOS"	""
|   12401|DEBUG|2018/03/16|19:40| 			"URL_DOC"	""
|   12401|DEBUG|2018/03/16|19:40| 		}
|   12401|DEBUG|2018/03/16|19:40| 		ELEM {
|   12401|DEBUG|2018/03/16|19:40| 			NB_PROP	"15"
|   12401|DEBUG|2018/03/16|19:40| 			"TO"	"JO0000000293"
|   12401|DEBUG|2018/03/16|19:40| 			"FROM"	"JO0000000507"
|   12401|DEBUG|2018/03/16|19:40| 			"v_groupexec"	""
|   12401|DEBUG|2018/03/16|19:40| 			"ID"	"LN0000000352"
|   12401|DEBUG|2018/03/16|19:40| 			"ID_ENV"	"EB0000000008"
|   12401|DEBUG|2018/03/16|19:40| 			"ID_APP"	""
|   12401|DEBUG|2018/03/16|19:40| 			"TYPE"	"2"
|   12401|DEBUG|2018/03/16|19:40| 			"V_DESC"	""
|   12401|DEBUG|2018/03/16|19:40| 			"V_USRNAME"	"LIE_292"
|   12401|DEBUG|2018/03/16|19:40| 			"LTYPE"	"1"
|   12401|DEBUG|2018/03/16|19:40| 			"XYWH"	"950 330 10 180"
|   12401|DEBUG|2018/03/16|19:40| 			"DS_DELAY"	""
|   12401|DEBUG|2018/03/16|19:40| 			"F_KILL"	""
|   12401|DEBUG|2018/03/16|19:40| 			"F_LPOS"	"1"
|   12401|DEBUG|2018/03/16|19:40| 			"URL_DOC"	""
|   12401|DEBUG|2018/03/16|19:40| 		}
|   12401|DEBUG|2018/03/16|19:40| 		ELEM {
|   12401|DEBUG|2018/03/16|19:40| 			NB_PROP	"15"
|   12401|DEBUG|2018/03/16|19:40| 			"TO"	"JO0000000509"
|   12401|DEBUG|2018/03/16|19:40| 			"FROM"	"JO0000000508"
|   12401|DEBUG|2018/03/16|19:40| 			"v_groupexec"	""
|   12401|DEBUG|2018/03/16|19:40| 			"ID"	"LN0000000353"
|   12401|DEBUG|2018/03/16|19:40| 			"ID_ENV"	"EB0000000008"
|   12401|DEBUG|2018/03/16|19:40| 			"ID_APP"	""
|   12401|DEBUG|2018/03/16|19:40| 			"TYPE"	"2"
|   12401|DEBUG|2018/03/16|19:40| 			"V_DESC"	""
|   12401|DEBUG|2018/03/16|19:40| 			"V_USRNAME"	"LIE_38_X1"
|   12401|DEBUG|2018/03/16|19:40| 			"LTYPE"	"0"
|   12401|DEBUG|2018/03/16|19:40| 			"XYWH"	"-540 -720 90 70"
|   12401|DEBUG|2018/03/16|19:40| 			"DS_DELAY"	""
|   12401|DEBUG|2018/03/16|19:40| 			"F_KILL"	""
|   12401|DEBUG|2018/03/16|19:40| 			"F_LPOS"	""
|   12401|DEBUG|2018/03/16|19:40| 			"URL_DOC"	""
|   12401|DEBUG|2018/03/16|19:40| 		}
|   12401|DEBUG|2018/03/16|19:40| 		ELEM {
|   12401|DEBUG|2018/03/16|19:40| 			NB_PROP	"15"
|   12401|DEBUG|2018/03/16|19:40| 			"TO"	"JO0000000508"
|   12401|DEBUG|2018/03/16|19:40| 			"FROM"	"JO0000000511"
|   12401|DEBUG|2018/03/16|19:40| 			"v_groupexec"	""
|   12401|DEBUG|2018/03/16|19:40| 			"ID"	"LN0000000354"
|   12401|DEBUG|2018/03/16|19:40| 			"ID_ENV"	"EB0000000008"
|   12401|DEBUG|2018/03/16|19:40| 			"ID_APP"	""
|   12401|DEBUG|2018/03/16|19:40| 			"TYPE"	"2"
|   12401|DEBUG|2018/03/16|19:40| 			"V_DESC"	""
|   12401|DEBUG|2018/03/16|19:40| 			"V_USRNAME"	"LIE_37_X1"
|   12401|DEBUG|2018/03/16|19:40| 			"LTYPE"	"0"
|   12401|DEBUG|2018/03/16|19:40| 			"XYWH"	"-540 -800 90 80"
|   12401|DEBUG|2018/03/16|19:40| 			"DS_DELAY"	""
|   12401|DEBUG|2018/03/16|19:40| 			"F_KILL"	""
|   12401|DEBUG|2018/03/16|19:40| 			"F_LPOS"	""
|   12401|DEBUG|2018/03/16|19:40| 			"URL_DOC"	""
|   12401|DEBUG|2018/03/16|19:40| 		}
|   12401|DEBUG|2018/03/16|19:40| 		ELEM {
|   12401|DEBUG|2018/03/16|19:40| 			NB_PROP	"15"
|   12401|DEBUG|2018/03/16|19:40| 			"TO"	"JO0000000512"
|   12401|DEBUG|2018/03/16|19:40| 			"FROM"	"JO0000000509"
|   12401|DEBUG|2018/03/16|19:40| 			"v_groupexec"	""
|   12401|DEBUG|2018/03/16|19:40| 			"ID"	"LN0000000355"
|   12401|DEBUG|2018/03/16|19:40| 			"ID_ENV"	"EB0000000008"
|   12401|DEBUG|2018/03/16|19:40| 			"ID_APP"	""
|   12401|DEBUG|2018/03/16|19:40| 			"TYPE"	"2"
|   12401|DEBUG|2018/03/16|19:40| 			"V_DESC"	""
|   12401|DEBUG|2018/03/16|19:40| 			"V_USRNAME"	"LIE_17_X1"
|   12401|DEBUG|2018/03/16|19:40| 			"LTYPE"	"0"
|   12401|DEBUG|2018/03/16|19:40| 			"XYWH"	"-670 -640 10 40"
|   12402|DEBUG|2018/03/16|19:40| 			"DS_DELAY"	""
|   12402|DEBUG|2018/03/16|19:40| 			"F_KILL"	""
|   12402|DEBUG|2018/03/16|19:40| 			"F_LPOS"	""
|   12402|DEBUG|2018/03/16|19:40| 			"URL_DOC"	""
|   12402|DEBUG|2018/03/16|19:40| 		}
|   12402|DEBUG|2018/03/16|19:40| 		ELEM {
|   12402|DEBUG|2018/03/16|19:40| 			NB_PROP	"15"
|   12402|DEBUG|2018/03/16|19:40| 			"TO"	"JO0000000511"
|   12402|DEBUG|2018/03/16|19:40| 			"FROM"	"JO0000000510"
|   12402|DEBUG|2018/03/16|19:40| 			"v_groupexec"	""
|   12402|DEBUG|2018/03/16|19:40| 			"ID"	"LN0000000356"
|   12402|DEBUG|2018/03/16|19:40| 			"ID_ENV"	"EB0000000008"
|   12402|DEBUG|2018/03/16|19:40| 			"ID_APP"	""
|   12402|DEBUG|2018/03/16|19:40| 			"TYPE"	"2"
|   12402|DEBUG|2018/03/16|19:40| 			"V_DESC"	""
|   12402|DEBUG|2018/03/16|19:40| 			"V_USRNAME"	"LIE_15_X2"
|   12402|DEBUG|2018/03/16|19:40| 			"LTYPE"	"0"
|   12402|DEBUG|2018/03/16|19:40| 			"XYWH"	"-670 -860 10 40"
|   12402|DEBUG|2018/03/16|19:40| 			"DS_DELAY"	""
|   12402|DEBUG|2018/03/16|19:40| 			"F_KILL"	""
|   12402|DEBUG|2018/03/16|19:40| 			"F_LPOS"	""
|   12402|DEBUG|2018/03/16|19:40| 			"URL_DOC"	""
|   12402|DEBUG|2018/03/16|19:40| 		}
|   12402|DEBUG|2018/03/16|19:40| 		ELEM {
|   12402|DEBUG|2018/03/16|19:40| 			NB_PROP	"15"
|   12402|DEBUG|2018/03/16|19:40| 			"TO"	"JO0000000510"
|   12402|DEBUG|2018/03/16|19:40| 			"FROM"	"JO0000000513"
|   12402|DEBUG|2018/03/16|19:40| 			"v_groupexec"	""
|   12402|DEBUG|2018/03/16|19:40| 			"ID"	"LN0000000357"
|   12402|DEBUG|2018/03/16|19:40| 			"ID_ENV"	"EB0000000008"
|   12402|DEBUG|2018/03/16|19:40| 			"ID_APP"	""
|   12402|DEBUG|2018/03/16|19:40| 			"TYPE"	"2"
|   12402|DEBUG|2018/03/16|19:40| 			"V_DESC"	""
|   12402|DEBUG|2018/03/16|19:40| 			"V_USRNAME"	"LIE_306"
|   12402|DEBUG|2018/03/16|19:40| 			"LTYPE"	"0"
|   12402|DEBUG|2018/03/16|19:40| 			"XYWH"	"410 -1850 90 10"
|   12402|DEBUG|2018/03/16|19:40| 			"DS_DELAY"	""
|   12402|DEBUG|2018/03/16|19:40| 			"F_KILL"	""
|   12402|DEBUG|2018/03/16|19:40| 			"F_LPOS"	""
|   12402|DEBUG|2018/03/16|19:40| 			"URL_DOC"	""
|   12402|DEBUG|2018/03/16|19:40| 		}
|   12402|DEBUG|2018/03/16|19:40| 		ELEM {
|   12402|DEBUG|2018/03/16|19:40| 			NB_PROP	"15"
|   12402|DEBUG|2018/03/16|19:40| 			"TO"	"JO0000000514"
|   12402|DEBUG|2018/03/16|19:40| 			"FROM"	"JO0000000431"
|   12402|DEBUG|2018/03/16|19:40| 			"v_groupexec"	""
|   12402|DEBUG|2018/03/16|19:40| 			"ID"	"LN0000000358"
|   12402|DEBUG|2018/03/16|19:40| 			"ID_ENV"	"EB0000000008"
|   12402|DEBUG|2018/03/16|19:40| 			"ID_APP"	""
|   12402|DEBUG|2018/03/16|19:40| 			"TYPE"	"2"
|   12402|DEBUG|2018/03/16|19:40| 			"V_DESC"	""
|   12402|DEBUG|2018/03/16|19:40| 			"V_USRNAME"	"LIE_307"
|   12402|DEBUG|2018/03/16|19:40| 			"LTYPE"	"0"
|   12402|DEBUG|2018/03/16|19:40| 			"XYWH"	"-290 330 90 10"
|   12402|DEBUG|2018/03/16|19:40| 			"DS_DELAY"	""
|   12402|DEBUG|2018/03/16|19:40| 			"F_KILL"	""
|   12402|DEBUG|2018/03/16|19:40| 			"F_LPOS"	""
|   12402|DEBUG|2018/03/16|19:40| 			"URL_DOC"	""
|   12402|DEBUG|2018/03/16|19:40| 		}
|   12402|DEBUG|2018/03/16|19:40| 		ELEM {
|   12402|DEBUG|2018/03/16|19:40| 			NB_PROP	"15"
|   12402|DEBUG|2018/03/16|19:40| 			"TO"	"JO0000000515"
|   12402|DEBUG|2018/03/16|19:40| 			"FROM"	"JO0000000408"
|   12402|DEBUG|2018/03/16|19:40| 			"v_groupexec"	""
|   12402|DEBUG|2018/03/16|19:40| 			"ID"	"LN0000000359"
|   12402|DEBUG|2018/03/16|19:40| 			"ID_ENV"	"EB0000000008"
|   12402|DEBUG|2018/03/16|19:40| 			"ID_APP"	""
|   12402|DEBUG|2018/03/16|19:40| 			"TYPE"	"2"
|   12402|DEBUG|2018/03/16|19:40| 			"V_DESC"	""
|   12402|DEBUG|2018/03/16|19:40| 			"V_USRNAME"	"LIE_308"
|   12402|DEBUG|2018/03/16|19:40| 			"LTYPE"	"0"
|   12402|DEBUG|2018/03/16|19:40| 			"XYWH"	"390 3230 10 40"
|   12402|DEBUG|2018/03/16|19:40| 			"DS_DELAY"	""
|   12402|DEBUG|2018/03/16|19:40| 			"F_KILL"	""
|   12402|DEBUG|2018/03/16|19:40| 			"F_LPOS"	""
|   12402|DEBUG|2018/03/16|19:40| 			"URL_DOC"	""
|   12402|DEBUG|2018/03/16|19:40| 		}
|   12402|DEBUG|2018/03/16|19:40| 		ELEM {
|   12402|DEBUG|2018/03/16|19:40| 			NB_PROP	"15"
|   12402|DEBUG|2018/03/16|19:40| 			"TO"	"JO0000000517"
|   12402|DEBUG|2018/03/16|19:40| 			"FROM"	"JO0000000309"
|   12402|DEBUG|2018/03/16|19:40| 			"v_groupexec"	""
|   12402|DEBUG|2018/03/16|19:40| 			"ID"	"LN0000000360"
|   12402|DEBUG|2018/03/16|19:40| 			"ID_ENV"	"EB0000000008"
|   12402|DEBUG|2018/03/16|19:40| 			"ID_APP"	""
|   12402|DEBUG|2018/03/16|19:40| 			"TYPE"	"2"
|   12402|DEBUG|2018/03/16|19:40| 			"V_DESC"	""
|   12402|DEBUG|2018/03/16|19:40| 			"V_USRNAME"	"LIE_320"
|   12402|DEBUG|2018/03/16|19:40| 			"LTYPE"	"0"
|   12402|DEBUG|2018/03/16|19:40| 			"XYWH"	"-310 -1390 170 120"
|   12402|DEBUG|2018/03/16|19:40| 			"DS_DELAY"	""
|   12402|DEBUG|2018/03/16|19:40| 			"F_KILL"	""
|   12402|DEBUG|2018/03/16|19:40| 			"F_LPOS"	""
|   12402|DEBUG|2018/03/16|19:40| 			"URL_DOC"	""
|   12402|DEBUG|2018/03/16|19:40| 		}
|   12402|DEBUG|2018/03/16|19:40| 		ELEM {
|   12402|DEBUG|2018/03/16|19:40| 			NB_PROP	"15"
|   12402|DEBUG|2018/03/16|19:40| 			"TO"	"JO0000000407"
|   12402|DEBUG|2018/03/16|19:40| 			"FROM"	"NW0000000002"
|   12402|DEBUG|2018/03/16|19:40| 			"v_groupexec"	""
|   12402|DEBUG|2018/03/16|19:40| 			"ID"	"LN0000000361"
|   12402|DEBUG|2018/03/16|19:40| 			"ID_ENV"	"EB0000000008"
|   12402|DEBUG|2018/03/16|19:40| 			"ID_APP"	""
|   12402|DEBUG|2018/03/16|19:40| 			"TYPE"	"2"
|   12402|DEBUG|2018/03/16|19:40| 			"V_DESC"	""
|   12402|DEBUG|2018/03/16|19:40| 			"V_USRNAME"	"LIE_348"
|   12402|DEBUG|2018/03/16|19:40| 			"LTYPE"	"-1"
|   12402|DEBUG|2018/03/16|19:40| 			"XYWH"	"390 3240 80 10"
|   12402|DEBUG|2018/03/16|19:40| 			"DS_DELAY"	""
|   12402|DEBUG|2018/03/16|19:40| 			"F_KILL"	""
|   12402|DEBUG|2018/03/16|19:40| 			"F_LPOS"	""
|   12402|DEBUG|2018/03/16|19:40| 			"URL_DOC"	""
|   12402|DEBUG|2018/03/16|19:40| 		}
|   12402|DEBUG|2018/03/16|19:40| 		ELEM {
|   12402|DEBUG|2018/03/16|19:40| 			NB_PROP	"15"
|   12402|DEBUG|2018/03/16|19:40| 			"TO"	"NW0000000002"
|   12402|DEBUG|2018/03/16|19:40| 			"FROM"	"NA0000000004"
|   12402|DEBUG|2018/03/16|19:40| 			"v_groupexec"	""
|   12402|DEBUG|2018/03/16|19:40| 			"ID"	"LN0000000362"
|   12402|DEBUG|2018/03/16|19:40| 			"ID_ENV"	"EB0000000008"
|   12402|DEBUG|2018/03/16|19:40| 			"ID_APP"	""
|   12402|DEBUG|2018/03/16|19:40| 			"TYPE"	"2"
|   12402|DEBUG|2018/03/16|19:40| 			"V_DESC"	""
|   12402|DEBUG|2018/03/16|19:40| 			"V_USRNAME"	"LIE_336"
|   12402|DEBUG|2018/03/16|19:40| 			"LTYPE"	"-1"
|   12402|DEBUG|2018/03/16|19:40| 			"XYWH"	"480 3200 10 30"
|   12402|DEBUG|2018/03/16|19:40| 			"DS_DELAY"	""
|   12402|DEBUG|2018/03/16|19:40| 			"F_KILL"	""
|   12402|DEBUG|2018/03/16|19:40| 			"F_LPOS"	""
|   12402|DEBUG|2018/03/16|19:40| 			"URL_DOC"	""
|   12402|DEBUG|2018/03/16|19:40| 		}
|   12402|DEBUG|2018/03/16|19:40| 		ELEM {
|   12402|DEBUG|2018/03/16|19:40| 			NB_PROP	"15"
|   12402|DEBUG|2018/03/16|19:40| 			"TO"	"JO0000000411"
|   12402|DEBUG|2018/03/16|19:40| 			"FROM"	"JO0000000519"
|   12402|DEBUG|2018/03/16|19:40| 			"v_groupexec"	""
|   12402|DEBUG|2018/03/16|19:40| 			"ID"	"LN0000000363"
|   12402|DEBUG|2018/03/16|19:40| 			"ID_ENV"	"EB0000000008"
|   12402|DEBUG|2018/03/16|19:40| 			"ID_APP"	""
|   12402|DEBUG|2018/03/16|19:40| 			"TYPE"	"2"
|   12402|DEBUG|2018/03/16|19:40| 			"V_DESC"	""
|   12402|DEBUG|2018/03/16|19:40| 			"V_USRNAME"	"LIE_350"
|   12402|DEBUG|2018/03/16|19:40| 			"LTYPE"	"0"
|   12402|DEBUG|2018/03/16|19:40| 			"XYWH"	"390 3180 80 10"
|   12402|DEBUG|2018/03/16|19:40| 			"DS_DELAY"	""
|   12402|DEBUG|2018/03/16|19:40| 			"F_KILL"	""
|   12402|DEBUG|2018/03/16|19:40| 			"F_LPOS"	""
|   12402|DEBUG|2018/03/16|19:40| 			"URL_DOC"	""
|   12402|DEBUG|2018/03/16|19:40| 		}
|   12402|DEBUG|2018/03/16|19:40| 		ELEM {
|   12402|DEBUG|2018/03/16|19:40| 			NB_PROP	"15"
|   12402|DEBUG|2018/03/16|19:40| 			"TO"	"JO0000000519"
|   12402|DEBUG|2018/03/16|19:40| 			"FROM"	"JO0000000515"
|   12402|DEBUG|2018/03/16|19:40| 			"v_groupexec"	""
|   12402|DEBUG|2018/03/16|19:40| 			"ID"	"LN0000000364"
|   12402|DEBUG|2018/03/16|19:40| 			"ID_ENV"	"EB0000000008"
|   12402|DEBUG|2018/03/16|19:40| 			"ID_APP"	""
|   12402|DEBUG|2018/03/16|19:40| 			"TYPE"	"2"
|   12402|DEBUG|2018/03/16|19:40| 			"V_DESC"	""
|   12402|DEBUG|2018/03/16|19:40| 			"V_USRNAME"	"LIE_311"
|   12402|DEBUG|2018/03/16|19:40| 			"LTYPE"	"0"
|   12402|DEBUG|2018/03/16|19:40| 			"XYWH"	"370 3140 10 30"
|   12402|DEBUG|2018/03/16|19:40| 			"DS_DELAY"	""
|   12402|DEBUG|2018/03/16|19:40| 			"F_KILL"	""
|   12402|DEBUG|2018/03/16|19:40| 			"F_LPOS"	""
|   12402|DEBUG|2018/03/16|19:40| 			"URL_DOC"	""
|   12402|DEBUG|2018/03/16|19:40| 		}
|   12402|DEBUG|2018/03/16|19:40| 		ELEM {
|   12402|DEBUG|2018/03/16|19:40| 			NB_PROP	"15"
|   12402|DEBUG|2018/03/16|19:40| 			"TO"	"JO0000000502"
|   12402|DEBUG|2018/03/16|19:40| 			"FROM"	"JO0000000520"
|   12402|DEBUG|2018/03/16|19:40| 			"v_groupexec"	""
|   12402|DEBUG|2018/03/16|19:40| 			"ID"	"LN0000000365"
|   12402|DEBUG|2018/03/16|19:40| 			"ID_ENV"	"EB0000000008"
|   12402|DEBUG|2018/03/16|19:40| 			"ID_APP"	""
|   12402|DEBUG|2018/03/16|19:40| 			"TYPE"	"2"
|   12402|DEBUG|2018/03/16|19:40| 			"V_DESC"	""
|   12402|DEBUG|2018/03/16|19:40| 			"V_USRNAME"	"LIE_202"
|   12402|DEBUG|2018/03/16|19:40| 			"LTYPE"	"0"
|   12402|DEBUG|2018/03/16|19:40| 			"XYWH"	"530 3570 90 10"
|   12402|DEBUG|2018/03/16|19:40| 			"DS_DELAY"	""
|   12402|DEBUG|2018/03/16|19:40| 			"F_KILL"	""
|   12402|DEBUG|2018/03/16|19:40| 			"F_LPOS"	""
|   12402|DEBUG|2018/03/16|19:40| 			"URL_DOC"	""
|   12402|DEBUG|2018/03/16|19:40| 		}
|   12402|DEBUG|2018/03/16|19:40| 		ELEM {
|   12402|DEBUG|2018/03/16|19:40| 			NB_PROP	"15"
|   12402|DEBUG|2018/03/16|19:40| 			"TO"	"JO0000000520"
|   12402|DEBUG|2018/03/16|19:40| 			"FROM"	"JO0000000501"
|   12402|DEBUG|2018/03/16|19:40| 			"v_groupexec"	""
|   12402|DEBUG|2018/03/16|19:40| 			"ID"	"LN0000000366"
|   12402|DEBUG|2018/03/16|19:40| 			"ID_ENV"	"EB0000000008"
|   12402|DEBUG|2018/03/16|19:40| 			"ID_APP"	""
|   12402|DEBUG|2018/03/16|19:40| 			"TYPE"	"2"
|   12402|DEBUG|2018/03/16|19:40| 			"V_DESC"	""
|   12402|DEBUG|2018/03/16|19:40| 			"V_USRNAME"	"LIE_196"
|   12402|DEBUG|2018/03/16|19:40| 			"LTYPE"	"0"
|   12402|DEBUG|2018/03/16|19:40| 			"XYWH"	"630 3540 10 20"
|   12402|DEBUG|2018/03/16|19:40| 			"DS_DELAY"	""
|   12402|DEBUG|2018/03/16|19:40| 			"F_KILL"	""
|   12402|DEBUG|2018/03/16|19:40| 			"F_LPOS"	""
|   12402|DEBUG|2018/03/16|19:40| 			"URL_DOC"	""
|   12402|DEBUG|2018/03/16|19:40| 		}
|   12402|DEBUG|2018/03/16|19:40| 		ELEM {
|   12402|DEBUG|2018/03/16|19:40| 			NB_PROP	"15"
|   12402|DEBUG|2018/03/16|19:40| 			"TO"	"JO0000000525"
|   12402|DEBUG|2018/03/16|19:40| 			"FROM"	"JO0000000522"
|   12402|DEBUG|2018/03/16|19:40| 			"v_groupexec"	""
|   12402|DEBUG|2018/03/16|19:40| 			"ID"	"LN0000000367"
|   12402|DEBUG|2018/03/16|19:40| 			"ID_ENV"	"EB0000000008"
|   12402|DEBUG|2018/03/16|19:40| 			"ID_APP"	""
|   12402|DEBUG|2018/03/16|19:40| 			"TYPE"	"2"
|   12402|DEBUG|2018/03/16|19:40| 			"V_DESC"	""
|   12402|DEBUG|2018/03/16|19:40| 			"V_USRNAME"	"LIE_7_C0"
|   12402|DEBUG|2018/03/16|19:40| 			"LTYPE"	"0"
|   12402|DEBUG|2018/03/16|19:40| 			"XYWH"	"950 -2210 10 30"
|   12402|DEBUG|2018/03/16|19:40| 			"DS_DELAY"	""
|   12402|DEBUG|2018/03/16|19:40| 			"F_KILL"	""
|   12402|DEBUG|2018/03/16|19:40| 			"F_LPOS"	""
|   12402|DEBUG|2018/03/16|19:40| 			"URL_DOC"	""
|   12402|DEBUG|2018/03/16|19:40| 		}
|   12403|DEBUG|2018/03/16|19:40| 		ELEM {
|   12403|DEBUG|2018/03/16|19:40| 			NB_PROP	"15"
|   12403|DEBUG|2018/03/16|19:40| 			"TO"	"JO0000000527"
|   12403|DEBUG|2018/03/16|19:40| 			"FROM"	"JO0000000524"
|   12403|DEBUG|2018/03/16|19:40| 			"v_groupexec"	""
|   12403|DEBUG|2018/03/16|19:40| 			"ID"	"LN0000000368"
|   12403|DEBUG|2018/03/16|19:40| 			"ID_ENV"	"EB0000000008"
|   12403|DEBUG|2018/03/16|19:40| 			"ID_APP"	""
|   12403|DEBUG|2018/03/16|19:40| 			"TYPE"	"2"
|   12403|DEBUG|2018/03/16|19:40| 			"V_DESC"	""
|   12403|DEBUG|2018/03/16|19:40| 			"V_USRNAME"	"LIE_4_C0"
|   12403|DEBUG|2018/03/16|19:40| 			"LTYPE"	"0"
|   12403|DEBUG|2018/03/16|19:40| 			"XYWH"	"750 -2210 10 30"
|   12403|DEBUG|2018/03/16|19:40| 			"DS_DELAY"	""
|   12403|DEBUG|2018/03/16|19:40| 			"F_KILL"	""
|   12403|DEBUG|2018/03/16|19:40| 			"F_LPOS"	""
|   12403|DEBUG|2018/03/16|19:40| 			"URL_DOC"	""
|   12403|DEBUG|2018/03/16|19:40| 		}
|   12403|DEBUG|2018/03/16|19:40| 		ELEM {
|   12403|DEBUG|2018/03/16|19:40| 			NB_PROP	"15"
|   12403|DEBUG|2018/03/16|19:40| 			"TO"	"JO0000000526"
|   12403|DEBUG|2018/03/16|19:40| 			"FROM"	"JO0000000523"
|   12403|DEBUG|2018/03/16|19:40| 			"v_groupexec"	""
|   12403|DEBUG|2018/03/16|19:40| 			"ID"	"LN0000000369"
|   12403|DEBUG|2018/03/16|19:40| 			"ID_ENV"	"EB0000000008"
|   12403|DEBUG|2018/03/16|19:40| 			"ID_APP"	""
|   12403|DEBUG|2018/03/16|19:40| 			"TYPE"	"2"
|   12403|DEBUG|2018/03/16|19:40| 			"V_DESC"	""
|   12403|DEBUG|2018/03/16|19:40| 			"V_USRNAME"	"LIE_2_C0"
|   12403|DEBUG|2018/03/16|19:40| 			"LTYPE"	"0"
|   12403|DEBUG|2018/03/16|19:40| 			"XYWH"	"570 -2210 10 30"
|   12403|DEBUG|2018/03/16|19:40| 			"DS_DELAY"	""
|   12403|DEBUG|2018/03/16|19:40| 			"F_KILL"	""
|   12403|DEBUG|2018/03/16|19:40| 			"F_LPOS"	""
|   12403|DEBUG|2018/03/16|19:40| 			"URL_DOC"	""
|   12403|DEBUG|2018/03/16|19:40| 		}
|   12403|DEBUG|2018/03/16|19:40| 		ELEM {
|   12403|DEBUG|2018/03/16|19:40| 			NB_PROP	"15"
|   12403|DEBUG|2018/03/16|19:40| 			"TO"	"JO0000000532"
|   12403|DEBUG|2018/03/16|19:40| 			"FROM"	"JO0000000531"
|   12403|DEBUG|2018/03/16|19:40| 			"v_groupexec"	""
|   12403|DEBUG|2018/03/16|19:40| 			"ID"	"LN0000000370"
|   12403|DEBUG|2018/03/16|19:40| 			"ID_ENV"	"EB0000000008"
|   12403|DEBUG|2018/03/16|19:40| 			"ID_APP"	""
|   12403|DEBUG|2018/03/16|19:40| 			"TYPE"	"2"
|   12403|DEBUG|2018/03/16|19:40| 			"V_DESC"	""
|   12403|DEBUG|2018/03/16|19:40| 			"V_USRNAME"	"LIE_0_C0_X2"
|   12403|DEBUG|2018/03/16|19:40| 			"LTYPE"	"0"
|   12403|DEBUG|2018/03/16|19:40| 			"XYWH"	"350 -2210 10 30"
|   12403|DEBUG|2018/03/16|19:40| 			"DS_DELAY"	""
|   12403|DEBUG|2018/03/16|19:40| 			"F_KILL"	""
|   12403|DEBUG|2018/03/16|19:40| 			"F_LPOS"	""
|   12403|DEBUG|2018/03/16|19:40| 			"URL_DOC"	""
|   12403|DEBUG|2018/03/16|19:40| 		}
|   12403|DEBUG|2018/03/16|19:40| 		ELEM {
|   12403|DEBUG|2018/03/16|19:40| 			NB_PROP	"15"
|   12403|DEBUG|2018/03/16|19:40| 			"TO"	"JO0000000528"
|   12403|DEBUG|2018/03/16|19:40| 			"FROM"	"JO0000000188"
|   12403|DEBUG|2018/03/16|19:40| 			"v_groupexec"	""
|   12403|DEBUG|2018/03/16|19:40| 			"ID"	"LN0000000371"
|   12403|DEBUG|2018/03/16|19:40| 			"ID_ENV"	"EB0000000008"
|   12403|DEBUG|2018/03/16|19:40| 			"ID_APP"	""
|   12403|DEBUG|2018/03/16|19:40| 			"TYPE"	"2"
|   12403|DEBUG|2018/03/16|19:40| 			"V_DESC"	""
|   12403|DEBUG|2018/03/16|19:40| 			"V_USRNAME"	"LIE_141"
|   12403|DEBUG|2018/03/16|19:40| 			"LTYPE"	"0"
|   12403|DEBUG|2018/03/16|19:40| 			"XYWH"	"950 -2090 10 30"
|   12403|DEBUG|2018/03/16|19:40| 			"DS_DELAY"	""
|   12403|DEBUG|2018/03/16|19:40| 			"F_KILL"	""
|   12403|DEBUG|2018/03/16|19:40| 			"F_LPOS"	""
|   12403|DEBUG|2018/03/16|19:40| 			"URL_DOC"	""
|   12403|DEBUG|2018/03/16|19:40| 		}
|   12403|DEBUG|2018/03/16|19:40| 		ELEM {
|   12403|DEBUG|2018/03/16|19:40| 			NB_PROP	"15"
|   12403|DEBUG|2018/03/16|19:40| 			"TO"	"JO0000000188"
|   12403|DEBUG|2018/03/16|19:40| 			"FROM"	"JO0000000525"
|   12403|DEBUG|2018/03/16|19:40| 			"v_groupexec"	""
|   12403|DEBUG|2018/03/16|19:40| 			"ID"	"LN0000000372"
|   12403|DEBUG|2018/03/16|19:40| 			"ID_ENV"	"EB0000000008"
|   12403|DEBUG|2018/03/16|19:40| 			"ID_APP"	""
|   12403|DEBUG|2018/03/16|19:40| 			"TYPE"	"2"
|   12403|DEBUG|2018/03/16|19:40| 			"V_DESC"	""
|   12403|DEBUG|2018/03/16|19:40| 			"V_USRNAME"	"LIE_100"
|   12403|DEBUG|2018/03/16|19:40| 			"LTYPE"	"0"
|   12403|DEBUG|2018/03/16|19:40| 			"XYWH"	"950 -2150 10 30"
|   12403|DEBUG|2018/03/16|19:40| 			"DS_DELAY"	""
|   12403|DEBUG|2018/03/16|19:40| 			"F_KILL"	""
|   12403|DEBUG|2018/03/16|19:40| 			"F_LPOS"	""
|   12403|DEBUG|2018/03/16|19:40| 			"URL_DOC"	""
|   12403|DEBUG|2018/03/16|19:40| 		}
|   12403|DEBUG|2018/03/16|19:40| 		ELEM {
|   12403|DEBUG|2018/03/16|19:40| 			NB_PROP	"15"
|   12403|DEBUG|2018/03/16|19:40| 			"TO"	"JO0000000530"
|   12403|DEBUG|2018/03/16|19:40| 			"FROM"	"JO0000000189"
|   12403|DEBUG|2018/03/16|19:40| 			"v_groupexec"	""
|   12403|DEBUG|2018/03/16|19:40| 			"ID"	"LN0000000373"
|   12403|DEBUG|2018/03/16|19:40| 			"ID_ENV"	"EB0000000008"
|   12403|DEBUG|2018/03/16|19:40| 			"ID_APP"	""
|   12403|DEBUG|2018/03/16|19:40| 			"TYPE"	"2"
|   12403|DEBUG|2018/03/16|19:40| 			"V_DESC"	""
|   12403|DEBUG|2018/03/16|19:40| 			"V_USRNAME"	"LIE_99"
|   12403|DEBUG|2018/03/16|19:40| 			"LTYPE"	"0"
|   12403|DEBUG|2018/03/16|19:40| 			"XYWH"	"750 -2090 10 30"
|   12403|DEBUG|2018/03/16|19:40| 			"DS_DELAY"	""
|   12403|DEBUG|2018/03/16|19:40| 			"F_KILL"	""
|   12403|DEBUG|2018/03/16|19:40| 			"F_LPOS"	""
|   12403|DEBUG|2018/03/16|19:40| 			"URL_DOC"	""
|   12403|DEBUG|2018/03/16|19:40| 		}
|   12403|DEBUG|2018/03/16|19:40| 		ELEM {
|   12403|DEBUG|2018/03/16|19:40| 			NB_PROP	"15"
|   12403|DEBUG|2018/03/16|19:40| 			"TO"	"JO0000000189"
|   12403|DEBUG|2018/03/16|19:40| 			"FROM"	"JO0000000527"
|   12403|DEBUG|2018/03/16|19:40| 			"v_groupexec"	""
|   12403|DEBUG|2018/03/16|19:40| 			"ID"	"LN0000000374"
|   12403|DEBUG|2018/03/16|19:40| 			"ID_ENV"	"EB0000000008"
|   12403|DEBUG|2018/03/16|19:40| 			"ID_APP"	""
|   12403|DEBUG|2018/03/16|19:40| 			"TYPE"	"2"
|   12403|DEBUG|2018/03/16|19:40| 			"V_DESC"	""
|   12403|DEBUG|2018/03/16|19:40| 			"V_USRNAME"	"LIE_98"
|   12403|DEBUG|2018/03/16|19:40| 			"LTYPE"	"0"
|   12403|DEBUG|2018/03/16|19:40| 			"XYWH"	"750 -2150 10 30"
|   12403|DEBUG|2018/03/16|19:40| 			"DS_DELAY"	""
|   12403|DEBUG|2018/03/16|19:40| 			"F_KILL"	""
|   12403|DEBUG|2018/03/16|19:40| 			"F_LPOS"	""
|   12403|DEBUG|2018/03/16|19:40| 			"URL_DOC"	""
|   12403|DEBUG|2018/03/16|19:40| 		}
|   12403|DEBUG|2018/03/16|19:40| 		ELEM {
|   12403|DEBUG|2018/03/16|19:40| 			NB_PROP	"15"
|   12403|DEBUG|2018/03/16|19:40| 			"TO"	"JO0000000529"
|   12403|DEBUG|2018/03/16|19:40| 			"FROM"	"JO0000000187"
|   12403|DEBUG|2018/03/16|19:40| 			"v_groupexec"	""
|   12403|DEBUG|2018/03/16|19:40| 			"ID"	"LN0000000375"
|   12403|DEBUG|2018/03/16|19:40| 			"ID_ENV"	"EB0000000008"
|   12403|DEBUG|2018/03/16|19:40| 			"ID_APP"	""
|   12403|DEBUG|2018/03/16|19:40| 			"TYPE"	"2"
|   12403|DEBUG|2018/03/16|19:40| 			"V_DESC"	""
|   12403|DEBUG|2018/03/16|19:40| 			"V_USRNAME"	"LIE_104"
|   12403|DEBUG|2018/03/16|19:40| 			"LTYPE"	"0"
|   12403|DEBUG|2018/03/16|19:40| 			"XYWH"	"570 -2090 10 30"
|   12403|DEBUG|2018/03/16|19:40| 			"DS_DELAY"	""
|   12403|DEBUG|2018/03/16|19:40| 			"F_KILL"	""
|   12403|DEBUG|2018/03/16|19:40| 			"F_LPOS"	""
|   12403|DEBUG|2018/03/16|19:40| 			"URL_DOC"	""
|   12403|DEBUG|2018/03/16|19:40| 		}
|   12403|DEBUG|2018/03/16|19:40| 		ELEM {
|   12403|DEBUG|2018/03/16|19:40| 			NB_PROP	"15"
|   12403|DEBUG|2018/03/16|19:40| 			"TO"	"JO0000000187"
|   12403|DEBUG|2018/03/16|19:40| 			"FROM"	"JO0000000526"
|   12403|DEBUG|2018/03/16|19:40| 			"v_groupexec"	""
|   12403|DEBUG|2018/03/16|19:40| 			"ID"	"LN0000000376"
|   12403|DEBUG|2018/03/16|19:40| 			"ID_ENV"	"EB0000000008"
|   12403|DEBUG|2018/03/16|19:40| 			"ID_APP"	""
|   12403|DEBUG|2018/03/16|19:40| 			"TYPE"	"2"
|   12403|DEBUG|2018/03/16|19:40| 			"V_DESC"	""
|   12403|DEBUG|2018/03/16|19:40| 			"V_USRNAME"	"LIE_102"
|   12403|DEBUG|2018/03/16|19:40| 			"LTYPE"	"0"
|   12403|DEBUG|2018/03/16|19:40| 			"XYWH"	"570 -2150 10 30"
|   12403|DEBUG|2018/03/16|19:40| 			"DS_DELAY"	""
|   12403|DEBUG|2018/03/16|19:40| 			"F_KILL"	""
|   12403|DEBUG|2018/03/16|19:40| 			"F_LPOS"	""
|   12403|DEBUG|2018/03/16|19:40| 			"URL_DOC"	""
|   12403|DEBUG|2018/03/16|19:40| 		}
|   12403|DEBUG|2018/03/16|19:40| 		ELEM {
|   12403|DEBUG|2018/03/16|19:40| 			NB_PROP	"15"
|   12403|DEBUG|2018/03/16|19:40| 			"TO"	"JO0000000533"
|   12403|DEBUG|2018/03/16|19:40| 			"FROM"	"JO0000000190"
|   12403|DEBUG|2018/03/16|19:40| 			"v_groupexec"	""
|   12403|DEBUG|2018/03/16|19:40| 			"ID"	"LN0000000377"
|   12403|DEBUG|2018/03/16|19:40| 			"ID_ENV"	"EB0000000008"
|   12403|DEBUG|2018/03/16|19:40| 			"ID_APP"	""
|   12403|DEBUG|2018/03/16|19:40| 			"TYPE"	"2"
|   12403|DEBUG|2018/03/16|19:40| 			"V_DESC"	""
|   12403|DEBUG|2018/03/16|19:40| 			"V_USRNAME"	"LIE_97"
|   12403|DEBUG|2018/03/16|19:40| 			"LTYPE"	"0"
|   12403|DEBUG|2018/03/16|19:40| 			"XYWH"	"1140 -2240 10 30"
|   12403|DEBUG|2018/03/16|19:40| 			"DS_DELAY"	""
|   12403|DEBUG|2018/03/16|19:40| 			"F_KILL"	""
|   12403|DEBUG|2018/03/16|19:40| 			"F_LPOS"	""
|   12403|DEBUG|2018/03/16|19:40| 			"URL_DOC"	""
|   12403|DEBUG|2018/03/16|19:40| 		}
|   12403|DEBUG|2018/03/16|19:40| 		ELEM {
|   12403|DEBUG|2018/03/16|19:40| 			NB_PROP	"15"
|   12403|DEBUG|2018/03/16|19:40| 			"TO"	"JO0000000190"
|   12403|DEBUG|2018/03/16|19:40| 			"FROM"	"JO0000000532"
|   12403|DEBUG|2018/03/16|19:40| 			"v_groupexec"	""
|   12403|DEBUG|2018/03/16|19:40| 			"ID"	"LN0000000378"
|   12403|DEBUG|2018/03/16|19:40| 			"ID_ENV"	"EB0000000008"
|   12403|DEBUG|2018/03/16|19:40| 			"ID_APP"	""
|   12403|DEBUG|2018/03/16|19:40| 			"TYPE"	"2"
|   12403|DEBUG|2018/03/16|19:40| 			"V_DESC"	""
|   12403|DEBUG|2018/03/16|19:40| 			"V_USRNAME"	"LIE_94"
|   12403|DEBUG|2018/03/16|19:40| 			"LTYPE"	"0"
|   12403|DEBUG|2018/03/16|19:40| 			"XYWH"	"1140 -2300 10 30"
|   12403|DEBUG|2018/03/16|19:40| 			"DS_DELAY"	""
|   12403|DEBUG|2018/03/16|19:40| 			"F_KILL"	""
|   12403|DEBUG|2018/03/16|19:40| 			"F_LPOS"	""
|   12403|DEBUG|2018/03/16|19:40| 			"URL_DOC"	""
|   12403|DEBUG|2018/03/16|19:40| 		}
|   12403|DEBUG|2018/03/16|19:40| 		ELEM {
|   12403|DEBUG|2018/03/16|19:40| 			NB_PROP	"15"
|   12403|DEBUG|2018/03/16|19:40| 			"TO"	"JO0000000534"
|   12403|DEBUG|2018/03/16|19:40| 			"FROM"	"JO0000000354"
|   12403|DEBUG|2018/03/16|19:40| 			"v_groupexec"	""
|   12403|DEBUG|2018/03/16|19:40| 			"ID"	"LN0000000379"
|   12403|DEBUG|2018/03/16|19:40| 			"ID_ENV"	"EB0000000008"
|   12403|DEBUG|2018/03/16|19:40| 			"ID_APP"	""
|   12403|DEBUG|2018/03/16|19:40| 			"TYPE"	"2"
|   12403|DEBUG|2018/03/16|19:40| 			"V_DESC"	""
|   12404|DEBUG|2018/03/16|19:40| 			"V_USRNAME"	"LIE_130"
|   12404|DEBUG|2018/03/16|19:40| 			"LTYPE"	"0"
|   12404|DEBUG|2018/03/16|19:40| 			"XYWH"	"550 -440 10 30"
|   12404|DEBUG|2018/03/16|19:40| 			"DS_DELAY"	""
|   12404|DEBUG|2018/03/16|19:40| 			"F_KILL"	""
|   12404|DEBUG|2018/03/16|19:40| 			"F_LPOS"	""
|   12404|DEBUG|2018/03/16|19:40| 			"URL_DOC"	""
|   12404|DEBUG|2018/03/16|19:40| 		}
|   12404|DEBUG|2018/03/16|19:40| 		ELEM {
|   12404|DEBUG|2018/03/16|19:40| 			NB_PROP	"15"
|   12404|DEBUG|2018/03/16|19:40| 			"TO"	"JO0000000352"
|   12404|DEBUG|2018/03/16|19:40| 			"FROM"	"JO0000000354"
|   12404|DEBUG|2018/03/16|19:40| 			"v_groupexec"	""
|   12404|DEBUG|2018/03/16|19:40| 			"ID"	"LN0000000380"
|   12404|DEBUG|2018/03/16|19:40| 			"ID_ENV"	"EB0000000008"
|   12404|DEBUG|2018/03/16|19:40| 			"ID_APP"	""
|   12404|DEBUG|2018/03/16|19:40| 			"TYPE"	"2"
|   12404|DEBUG|2018/03/16|19:40| 			"V_DESC"	""
|   12404|DEBUG|2018/03/16|19:40| 			"V_USRNAME"	"LIE_142"
|   12404|DEBUG|2018/03/16|19:40| 			"LTYPE"	"0"
|   12404|DEBUG|2018/03/16|19:40| 			"XYWH"	"550 -440 10 70"
|   12404|DEBUG|2018/03/16|19:40| 			"DS_DELAY"	""
|   12404|DEBUG|2018/03/16|19:40| 			"F_KILL"	""
|   12404|DEBUG|2018/03/16|19:40| 			"F_LPOS"	""
|   12404|DEBUG|2018/03/16|19:40| 			"URL_DOC"	""
|   12404|DEBUG|2018/03/16|19:40| 		}
|   12404|DEBUG|2018/03/16|19:40| 		ELEM {
|   12404|DEBUG|2018/03/16|19:40| 			NB_PROP	"15"
|   12404|DEBUG|2018/03/16|19:40| 			"TO"	"JO0000000393"
|   12404|DEBUG|2018/03/16|19:40| 			"FROM"	"JO0000000536"
|   12404|DEBUG|2018/03/16|19:40| 			"v_groupexec"	""
|   12404|DEBUG|2018/03/16|19:40| 			"ID"	"LN0000000381"
|   12404|DEBUG|2018/03/16|19:40| 			"ID_ENV"	"EB0000000008"
|   12404|DEBUG|2018/03/16|19:40| 			"ID_APP"	""
|   12404|DEBUG|2018/03/16|19:40| 			"TYPE"	"2"
|   12404|DEBUG|2018/03/16|19:40| 			"V_DESC"	""
|   12404|DEBUG|2018/03/16|19:40| 			"V_USRNAME"	"LIE_150"
|   12404|DEBUG|2018/03/16|19:40| 			"LTYPE"	"0"
|   12404|DEBUG|2018/03/16|19:40| 			"XYWH"	"410 -110 50 10"
|   12404|DEBUG|2018/03/16|19:40| 			"DS_DELAY"	""
|   12404|DEBUG|2018/03/16|19:40| 			"F_KILL"	""
|   12404|DEBUG|2018/03/16|19:40| 			"F_LPOS"	""
|   12404|DEBUG|2018/03/16|19:40| 			"URL_DOC"	""
|   12404|DEBUG|2018/03/16|19:40| 		}
|   12404|DEBUG|2018/03/16|19:40| 		ELEM {
|   12404|DEBUG|2018/03/16|19:40| 			NB_PROP	"15"
|   12404|DEBUG|2018/03/16|19:40| 			"TO"	"JO0000000536"
|   12404|DEBUG|2018/03/16|19:40| 			"FROM"	"JO0000000268"
|   12404|DEBUG|2018/03/16|19:40| 			"v_groupexec"	""
|   12404|DEBUG|2018/03/16|19:40| 			"ID"	"LN0000000382"
|   12404|DEBUG|2018/03/16|19:40| 			"ID_ENV"	"EB0000000008"
|   12404|DEBUG|2018/03/16|19:40| 			"ID_APP"	""
|   12404|DEBUG|2018/03/16|19:40| 			"TYPE"	"2"
|   12404|DEBUG|2018/03/16|19:40| 			"V_DESC"	""
|   12404|DEBUG|2018/03/16|19:40| 			"V_USRNAME"	"LIE_107"
|   12404|DEBUG|2018/03/16|19:40| 			"LTYPE"	"0"
|   12404|DEBUG|2018/03/16|19:40| 			"XYWH"	"490 -110 50 10"
|   12404|DEBUG|2018/03/16|19:40| 			"DS_DELAY"	""
|   12404|DEBUG|2018/03/16|19:40| 			"F_KILL"	""
|   12404|DEBUG|2018/03/16|19:40| 			"F_LPOS"	""
|   12404|DEBUG|2018/03/16|19:40| 			"URL_DOC"	""
|   12404|DEBUG|2018/03/16|19:40| 		}
|   12404|DEBUG|2018/03/16|19:40| 		ELEM {
|   12404|DEBUG|2018/03/16|19:40| 			NB_PROP	"15"
|   12404|DEBUG|2018/03/16|19:40| 			"TO"	"JO0000000370"
|   12404|DEBUG|2018/03/16|19:40| 			"FROM"	"JO0000000216"
|   12404|DEBUG|2018/03/16|19:40| 			"v_groupexec"	""
|   12404|DEBUG|2018/03/16|19:40| 			"ID"	"LN0000000383"
|   12404|DEBUG|2018/03/16|19:40| 			"ID_ENV"	"EB0000000008"
|   12404|DEBUG|2018/03/16|19:40| 			"ID_APP"	""
|   12404|DEBUG|2018/03/16|19:40| 			"TYPE"	"2"
|   12404|DEBUG|2018/03/16|19:40| 			"V_DESC"	""
|   12404|DEBUG|2018/03/16|19:40| 			"V_USRNAME"	"LIE_106"
|   12404|DEBUG|2018/03/16|19:40| 			"LTYPE"	"0"
|   12404|DEBUG|2018/03/16|19:40| 			"XYWH"	"490 160 130 60"
|   12404|DEBUG|2018/03/16|19:40| 			"DS_DELAY"	""
|   12404|DEBUG|2018/03/16|19:40| 			"F_KILL"	""
|   12404|DEBUG|2018/03/16|19:40| 			"F_LPOS"	""
|   12404|DEBUG|2018/03/16|19:40| 			"URL_DOC"	""
|   12404|DEBUG|2018/03/16|19:40| 		}
|   12404|DEBUG|2018/03/16|19:40| 		ELEM {
|   12404|DEBUG|2018/03/16|19:40| 			NB_PROP	"15"
|   12404|DEBUG|2018/03/16|19:40| 			"TO"	"JO0000000367"
|   12404|DEBUG|2018/03/16|19:40| 			"FROM"	"JO0000000537"
|   12404|DEBUG|2018/03/16|19:40| 			"v_groupexec"	""
|   12404|DEBUG|2018/03/16|19:40| 			"ID"	"LN0000000384"
|   12404|DEBUG|2018/03/16|19:40| 			"ID_ENV"	"EB0000000008"
|   12404|DEBUG|2018/03/16|19:40| 			"ID_APP"	""
|   12404|DEBUG|2018/03/16|19:40| 			"TYPE"	"2"
|   12404|DEBUG|2018/03/16|19:40| 			"V_DESC"	""
|   12404|DEBUG|2018/03/16|19:40| 			"V_USRNAME"	"LIE_353"
|   12404|DEBUG|2018/03/16|19:40| 			"LTYPE"	"0"
|   12404|DEBUG|2018/03/16|19:40| 			"XYWH"	"400 1310 80 10"
|   12404|DEBUG|2018/03/16|19:40| 			"DS_DELAY"	""
|   12404|DEBUG|2018/03/16|19:40| 			"F_KILL"	""
|   12404|DEBUG|2018/03/16|19:40| 			"F_LPOS"	""
|   12404|DEBUG|2018/03/16|19:40| 			"URL_DOC"	""
|   12404|DEBUG|2018/03/16|19:40| 		}
|   12404|DEBUG|2018/03/16|19:40| 		ELEM {
|   12404|DEBUG|2018/03/16|19:40| 			NB_PROP	"15"
|   12404|DEBUG|2018/03/16|19:40| 			"TO"	"JO0000000537"
|   12404|DEBUG|2018/03/16|19:40| 			"FROM"	"JO0000000169"
|   12404|DEBUG|2018/03/16|19:40| 			"v_groupexec"	""
|   12404|DEBUG|2018/03/16|19:40| 			"ID"	"LN0000000385"
|   12404|DEBUG|2018/03/16|19:40| 			"ID_ENV"	"EB0000000008"
|   12404|DEBUG|2018/03/16|19:40| 			"ID_APP"	""
|   12404|DEBUG|2018/03/16|19:40| 			"TYPE"	"2"
|   12404|DEBUG|2018/03/16|19:40| 			"V_DESC"	""
|   12404|DEBUG|2018/03/16|19:40| 			"V_USRNAME"	"LIE_204"
|   12404|DEBUG|2018/03/16|19:40| 			"LTYPE"	"0"
|   12404|DEBUG|2018/03/16|19:40| 			"XYWH"	"280 1310 90 10"
|   12404|DEBUG|2018/03/16|19:40| 			"DS_DELAY"	""
|   12404|DEBUG|2018/03/16|19:40| 			"F_KILL"	""
|   12404|DEBUG|2018/03/16|19:40| 			"F_LPOS"	""
|   12404|DEBUG|2018/03/16|19:40| 			"URL_DOC"	""
|   12404|DEBUG|2018/03/16|19:40| 		}
|   12404|DEBUG|2018/03/16|19:40| 		ELEM {
|   12404|DEBUG|2018/03/16|19:40| 			NB_PROP	"15"
|   12404|DEBUG|2018/03/16|19:40| 			"TO"	"JO0000000539"
|   12404|DEBUG|2018/03/16|19:40| 			"FROM"	"JO0000000239"
|   12404|DEBUG|2018/03/16|19:40| 			"v_groupexec"	""
|   12404|DEBUG|2018/03/16|19:40| 			"ID"	"LN0000000386"
|   12404|DEBUG|2018/03/16|19:40| 			"ID_ENV"	"EB0000000008"
|   12404|DEBUG|2018/03/16|19:40| 			"ID_APP"	""
|   12404|DEBUG|2018/03/16|19:40| 			"TYPE"	"2"
|   12404|DEBUG|2018/03/16|19:40| 			"V_DESC"	""
|   12404|DEBUG|2018/03/16|19:40| 			"V_USRNAME"	"LIE_360"
|   12404|DEBUG|2018/03/16|19:40| 			"LTYPE"	"0"
|   12404|DEBUG|2018/03/16|19:40| 			"XYWH"	"490 1390 10 30"
|   12404|DEBUG|2018/03/16|19:40| 			"DS_DELAY"	""
|   12404|DEBUG|2018/03/16|19:40| 			"F_KILL"	""
|   12404|DEBUG|2018/03/16|19:40| 			"F_LPOS"	""
|   12404|DEBUG|2018/03/16|19:40| 			"URL_DOC"	""
|   12404|DEBUG|2018/03/16|19:40| 		}
|   12404|DEBUG|2018/03/16|19:40| 		ELEM {
|   12404|DEBUG|2018/03/16|19:40| 			NB_PROP	"15"
|   12404|DEBUG|2018/03/16|19:40| 			"TO"	"JO0000000538"
|   12404|DEBUG|2018/03/16|19:40| 			"FROM"	"JO0000000263"
|   12404|DEBUG|2018/03/16|19:40| 			"v_groupexec"	""
|   12404|DEBUG|2018/03/16|19:40| 			"ID"	"LN0000000387"
|   12404|DEBUG|2018/03/16|19:40| 			"ID_ENV"	"EB0000000008"
|   12404|DEBUG|2018/03/16|19:40| 			"ID_APP"	""
|   12404|DEBUG|2018/03/16|19:40| 			"TYPE"	"2"
|   12404|DEBUG|2018/03/16|19:40| 			"V_DESC"	""
|   12404|DEBUG|2018/03/16|19:40| 			"V_USRNAME"	"LIE_354"
|   12404|DEBUG|2018/03/16|19:40| 			"LTYPE"	"0"
|   12404|DEBUG|2018/03/16|19:40| 			"XYWH"	"410 -50 50 10"
|   12404|DEBUG|2018/03/16|19:40| 			"DS_DELAY"	""
|   12404|DEBUG|2018/03/16|19:40| 			"F_KILL"	""
|   12404|DEBUG|2018/03/16|19:40| 			"F_LPOS"	""
|   12404|DEBUG|2018/03/16|19:40| 			"URL_DOC"	""
|   12404|DEBUG|2018/03/16|19:40| 		}
|   12404|DEBUG|2018/03/16|19:40| 		ELEM {
|   12404|DEBUG|2018/03/16|19:40| 			NB_PROP	"15"
|   12404|DEBUG|2018/03/16|19:40| 			"TO"	"JO0000000541"
|   12404|DEBUG|2018/03/16|19:40| 			"FROM"	"JO0000000543"
|   12404|DEBUG|2018/03/16|19:40| 			"v_groupexec"	""
|   12404|DEBUG|2018/03/16|19:40| 			"ID"	"LN0000000388"
|   12404|DEBUG|2018/03/16|19:40| 			"ID_ENV"	"EB0000000008"
|   12404|DEBUG|2018/03/16|19:40| 			"ID_APP"	""
|   12404|DEBUG|2018/03/16|19:40| 			"TYPE"	"2"
|   12404|DEBUG|2018/03/16|19:40| 			"V_DESC"	""
|   12404|DEBUG|2018/03/16|19:40| 			"V_USRNAME"	"LIE_9_X2"
|   12404|DEBUG|2018/03/16|19:40| 			"LTYPE"	"0"
|   12404|DEBUG|2018/03/16|19:40| 			"XYWH"	"170 -1750 10 30"
|   12404|DEBUG|2018/03/16|19:40| 			"DS_DELAY"	""
|   12404|DEBUG|2018/03/16|19:40| 			"F_KILL"	""
|   12404|DEBUG|2018/03/16|19:40| 			"F_LPOS"	"1"
|   12404|DEBUG|2018/03/16|19:40| 			"URL_DOC"	""
|   12404|DEBUG|2018/03/16|19:40| 		}
|   12404|DEBUG|2018/03/16|19:40| 		ELEM {
|   12404|DEBUG|2018/03/16|19:40| 			NB_PROP	"15"
|   12404|DEBUG|2018/03/16|19:40| 			"TO"	"JO0000000544"
|   12404|DEBUG|2018/03/16|19:40| 			"FROM"	"JO0000000541"
|   12404|DEBUG|2018/03/16|19:40| 			"v_groupexec"	""
|   12404|DEBUG|2018/03/16|19:40| 			"ID"	"LN0000000389"
|   12404|DEBUG|2018/03/16|19:40| 			"ID_ENV"	"EB0000000008"
|   12404|DEBUG|2018/03/16|19:40| 			"ID_APP"	""
|   12404|DEBUG|2018/03/16|19:40| 			"TYPE"	"2"
|   12404|DEBUG|2018/03/16|19:40| 			"V_DESC"	""
|   12404|DEBUG|2018/03/16|19:40| 			"V_USRNAME"	"LIE_13_X1"
|   12404|DEBUG|2018/03/16|19:40| 			"LTYPE"	"4"
|   12404|DEBUG|2018/03/16|19:40| 			"XYWH"	"170 -1690 10 40"
|   12404|DEBUG|2018/03/16|19:40| 			"DS_DELAY"	""
|   12404|DEBUG|2018/03/16|19:40| 			"F_KILL"	""
|   12404|DEBUG|2018/03/16|19:40| 			"F_LPOS"	"1"
|   12404|DEBUG|2018/03/16|19:40| 			"URL_DOC"	""
|   12404|DEBUG|2018/03/16|19:40| 		}
|   12404|DEBUG|2018/03/16|19:40| 		ELEM {
|   12404|DEBUG|2018/03/16|19:40| 			NB_PROP	"15"
|   12404|DEBUG|2018/03/16|19:40| 			"TO"	"JO0000000546"
|   12404|DEBUG|2018/03/16|19:40| 			"FROM"	"JO0000000545"
|   12404|DEBUG|2018/03/16|19:40| 			"v_groupexec"	""
|   12404|DEBUG|2018/03/16|19:40| 			"ID"	"LN0000000390"
|   12404|DEBUG|2018/03/16|19:40| 			"ID_ENV"	"EB0000000008"
|   12404|DEBUG|2018/03/16|19:40| 			"ID_APP"	""
|   12404|DEBUG|2018/03/16|19:40| 			"TYPE"	"2"
|   12404|DEBUG|2018/03/16|19:40| 			"V_DESC"	""
|   12404|DEBUG|2018/03/16|19:40| 			"V_USRNAME"	"LIE_361"
|   12404|DEBUG|2018/03/16|19:40| 			"LTYPE"	"0"
|   12404|DEBUG|2018/03/16|19:40| 			"XYWH"	"-280 -2440 70 10"
|   12404|DEBUG|2018/03/16|19:40| 			"DS_DELAY"	""
|   12404|DEBUG|2018/03/16|19:40| 			"F_KILL"	""
|   12404|DEBUG|2018/03/16|19:40| 			"F_LPOS"	"1"
|   12404|DEBUG|2018/03/16|19:40| 			"URL_DOC"	""
|   12404|DEBUG|2018/03/16|19:40| 		}
|   12404|DEBUG|2018/03/16|19:40| 		ELEM {
|   12404|DEBUG|2018/03/16|19:40| 			NB_PROP	"15"
|   12404|DEBUG|2018/03/16|19:40| 			"TO"	"JO0000000406"
|   12404|DEBUG|2018/03/16|19:40| 			"FROM"	"JO0000000409"
|   12404|DEBUG|2018/03/16|19:40| 			"v_groupexec"	""
|   12404|DEBUG|2018/03/16|19:40| 			"ID"	"LN0000000391"
|   12404|DEBUG|2018/03/16|19:40| 			"ID_ENV"	"EB0000000008"
|   12404|DEBUG|2018/03/16|19:40| 			"ID_APP"	""
|   12404|DEBUG|2018/03/16|19:40| 			"TYPE"	"2"
|   12404|DEBUG|2018/03/16|19:40| 			"V_DESC"	""
|   12405|DEBUG|2018/03/16|19:40| 			"V_USRNAME"	"LIE_388"
|   12405|DEBUG|2018/03/16|19:40| 			"LTYPE"	"0"
|   12405|DEBUG|2018/03/16|19:40| 			"XYWH"	"390 3060 80 10"
|   12405|DEBUG|2018/03/16|19:40| 			"DS_DELAY"	""
|   12405|DEBUG|2018/03/16|19:40| 			"F_KILL"	""
|   12405|DEBUG|2018/03/16|19:40| 			"F_LPOS"	""
|   12405|DEBUG|2018/03/16|19:40| 			"URL_DOC"	""
|   12405|DEBUG|2018/03/16|19:40| 		}
|   12405|DEBUG|2018/03/16|19:40| 		ELEM {
|   12405|DEBUG|2018/03/16|19:40| 			NB_PROP	"15"
|   12405|DEBUG|2018/03/16|19:40| 			"TO"	"NA0000000004"
|   12405|DEBUG|2018/03/16|19:40| 			"FROM"	"JO0000000410"
|   12405|DEBUG|2018/03/16|19:40| 			"v_groupexec"	""
|   12405|DEBUG|2018/03/16|19:40| 			"ID"	"LN0000000392"
|   12405|DEBUG|2018/03/16|19:40| 			"ID_ENV"	"EB0000000008"
|   12405|DEBUG|2018/03/16|19:40| 			"ID_APP"	""
|   12405|DEBUG|2018/03/16|19:40| 			"TYPE"	"2"
|   12405|DEBUG|2018/03/16|19:40| 			"V_DESC"	""
|   12405|DEBUG|2018/03/16|19:40| 			"V_USRNAME"	"LIE_387"
|   12405|DEBUG|2018/03/16|19:40| 			"LTYPE"	"0"
|   12405|DEBUG|2018/03/16|19:40| 			"XYWH"	"390 3180 80 10"
|   12405|DEBUG|2018/03/16|19:40| 			"DS_DELAY"	""
|   12405|DEBUG|2018/03/16|19:40| 			"F_KILL"	""
|   12405|DEBUG|2018/03/16|19:40| 			"F_LPOS"	""
|   12405|DEBUG|2018/03/16|19:40| 			"URL_DOC"	""
|   12405|DEBUG|2018/03/16|19:40| 		}
|   12405|DEBUG|2018/03/16|19:40| 		ELEM {
|   12405|DEBUG|2018/03/16|19:40| 			NB_PROP	"15"
|   12405|DEBUG|2018/03/16|19:40| 			"TO"	"JO0000000410"
|   12405|DEBUG|2018/03/16|19:40| 			"FROM"	"JO0000000411"
|   12405|DEBUG|2018/03/16|19:40| 			"v_groupexec"	""
|   12405|DEBUG|2018/03/16|19:40| 			"ID"	"LN0000000393"
|   12405|DEBUG|2018/03/16|19:40| 			"ID_ENV"	"EB0000000008"
|   12405|DEBUG|2018/03/16|19:40| 			"ID_APP"	""
|   12405|DEBUG|2018/03/16|19:40| 			"TYPE"	"2"
|   12405|DEBUG|2018/03/16|19:40| 			"V_DESC"	""
|   12405|DEBUG|2018/03/16|19:40| 			"V_USRNAME"	"LIE_335"
|   12405|DEBUG|2018/03/16|19:40| 			"LTYPE"	"0"
|   12405|DEBUG|2018/03/16|19:40| 			"XYWH"	"390 3180 80 10"
|   12405|DEBUG|2018/03/16|19:40| 			"DS_DELAY"	""
|   12405|DEBUG|2018/03/16|19:40| 			"F_KILL"	""
|   12405|DEBUG|2018/03/16|19:40| 			"F_LPOS"	""
|   12405|DEBUG|2018/03/16|19:40| 			"URL_DOC"	""
|   12405|DEBUG|2018/03/16|19:40| 		}
|   12405|DEBUG|2018/03/16|19:40| 		ELEM {
|   12405|DEBUG|2018/03/16|19:40| 			NB_PROP	"15"
|   12405|DEBUG|2018/03/16|19:40| 			"TO"	"JO0000000549"
|   12405|DEBUG|2018/03/16|19:40| 			"FROM"	"JO0000000548"
|   12405|DEBUG|2018/03/16|19:40| 			"v_groupexec"	""
|   12405|DEBUG|2018/03/16|19:40| 			"ID"	"LN0000000394"
|   12405|DEBUG|2018/03/16|19:40| 			"ID_ENV"	"EB0000000008"
|   12405|DEBUG|2018/03/16|19:40| 			"ID_APP"	""
|   12405|DEBUG|2018/03/16|19:40| 			"TYPE"	"2"
|   12405|DEBUG|2018/03/16|19:40| 			"V_DESC"	""
|   12405|DEBUG|2018/03/16|19:40| 			"V_USRNAME"	"LIE_244"
|   12405|DEBUG|2018/03/16|19:40| 			"LTYPE"	"0"
|   12405|DEBUG|2018/03/16|19:40| 			"XYWH"	"1060 -930 70 10"
|   12405|DEBUG|2018/03/16|19:40| 			"DS_DELAY"	""
|   12405|DEBUG|2018/03/16|19:40| 			"F_KILL"	""
|   12405|DEBUG|2018/03/16|19:40| 			"F_LPOS"	""
|   12405|DEBUG|2018/03/16|19:40| 			"URL_DOC"	""
|   12405|DEBUG|2018/03/16|19:40| 		}
|   12405|DEBUG|2018/03/16|19:40| 		ELEM {
|   12405|DEBUG|2018/03/16|19:40| 			NB_PROP	"15"
|   12405|DEBUG|2018/03/16|19:40| 			"TO"	"JO0000000550"
|   12405|DEBUG|2018/03/16|19:40| 			"FROM"	"JO0000000549"
|   12405|DEBUG|2018/03/16|19:40| 			"v_groupexec"	""
|   12405|DEBUG|2018/03/16|19:40| 			"ID"	"LN0000000395"
|   12405|DEBUG|2018/03/16|19:40| 			"ID_ENV"	"EB0000000008"
|   12405|DEBUG|2018/03/16|19:40| 			"ID_APP"	""
|   12405|DEBUG|2018/03/16|19:40| 			"TYPE"	"2"
|   12405|DEBUG|2018/03/16|19:40| 			"V_DESC"	""
|   12405|DEBUG|2018/03/16|19:40| 			"V_USRNAME"	"LIE_285"
|   12405|DEBUG|2018/03/16|19:40| 			"LTYPE"	"0"
|   12405|DEBUG|2018/03/16|19:40| 			"XYWH"	"1160 -930 70 10"
|   12405|DEBUG|2018/03/16|19:40| 			"DS_DELAY"	""
|   12405|DEBUG|2018/03/16|19:40| 			"F_KILL"	""
|   12405|DEBUG|2018/03/16|19:40| 			"F_LPOS"	""
|   12405|DEBUG|2018/03/16|19:40| 			"URL_DOC"	""
|   12405|DEBUG|2018/03/16|19:40| 		}
|   12405|DEBUG|2018/03/16|19:40| 		ELEM {
|   12405|DEBUG|2018/03/16|19:40| 			NB_PROP	"15"
|   12405|DEBUG|2018/03/16|19:40| 			"TO"	"JO0000000457"
|   12405|DEBUG|2018/03/16|19:40| 			"FROM"	"JO0000000459"
|   12405|DEBUG|2018/03/16|19:40| 			"v_groupexec"	""
|   12405|DEBUG|2018/03/16|19:40| 			"ID"	"LN0000000396"
|   12405|DEBUG|2018/03/16|19:40| 			"ID_ENV"	"EB0000000008"
|   12405|DEBUG|2018/03/16|19:40| 			"ID_APP"	""
|   12405|DEBUG|2018/03/16|19:40| 			"TYPE"	"2"
|   12405|DEBUG|2018/03/16|19:40| 			"V_DESC"	""
|   12405|DEBUG|2018/03/16|19:40| 			"V_USRNAME"	"LIE_288"
|   12405|DEBUG|2018/03/16|19:40| 			"LTYPE"	"0"
|   12405|DEBUG|2018/03/16|19:40| 			"XYWH"	"90 2570 90 10"
|   12405|DEBUG|2018/03/16|19:40| 			"DS_DELAY"	""
|   12405|DEBUG|2018/03/16|19:40| 			"F_KILL"	""
|   12405|DEBUG|2018/03/16|19:40| 			"F_LPOS"	""
|   12405|DEBUG|2018/03/16|19:40| 			"URL_DOC"	""
|   12405|DEBUG|2018/03/16|19:40| 		}
|   12405|DEBUG|2018/03/16|19:40| 		ELEM {
|   12405|DEBUG|2018/03/16|19:40| 			NB_PROP	"15"
|   12405|DEBUG|2018/03/16|19:40| 			"TO"	"JO0000000459"
|   12405|DEBUG|2018/03/16|19:40| 			"FROM"	"JO0000000456"
|   12405|DEBUG|2018/03/16|19:40| 			"v_groupexec"	""
|   12405|DEBUG|2018/03/16|19:40| 			"ID"	"LN0000000397"
|   12405|DEBUG|2018/03/16|19:40| 			"ID_ENV"	"EB0000000008"
|   12405|DEBUG|2018/03/16|19:40| 			"ID_APP"	""
|   12405|DEBUG|2018/03/16|19:40| 			"TYPE"	"2"
|   12405|DEBUG|2018/03/16|19:40| 			"V_DESC"	""
|   12405|DEBUG|2018/03/16|19:40| 			"V_USRNAME"	"LIE_286"
|   12405|DEBUG|2018/03/16|19:40| 			"LTYPE"	"0"
|   12405|DEBUG|2018/03/16|19:40| 			"XYWH"	"70 2530 10 30"
|   12405|DEBUG|2018/03/16|19:40| 			"DS_DELAY"	""
|   12405|DEBUG|2018/03/16|19:40| 			"F_KILL"	""
|   12405|DEBUG|2018/03/16|19:40| 			"F_LPOS"	""
|   12405|DEBUG|2018/03/16|19:40| 			"URL_DOC"	""
|   12405|DEBUG|2018/03/16|19:40| 		}
|   12405|DEBUG|2018/03/16|19:40| 		ELEM {
|   12405|DEBUG|2018/03/16|19:40| 			NB_PROP	"15"
|   12405|DEBUG|2018/03/16|19:40| 			"TO"	"JO0000000494"
|   12405|DEBUG|2018/03/16|19:40| 			"FROM"	"JO0000000491"
|   12405|DEBUG|2018/03/16|19:40| 			"v_groupexec"	""
|   12405|DEBUG|2018/03/16|19:40| 			"ID"	"LN0000000398"
|   12405|DEBUG|2018/03/16|19:40| 			"ID_ENV"	"EB0000000008"
|   12405|DEBUG|2018/03/16|19:40| 			"ID_APP"	""
|   12405|DEBUG|2018/03/16|19:40| 			"TYPE"	"2"
|   12405|DEBUG|2018/03/16|19:40| 			"V_DESC"	""
|   12405|DEBUG|2018/03/16|19:40| 			"V_USRNAME"	"LIE_344"
|   12405|DEBUG|2018/03/16|19:40| 			"LTYPE"	"0"
|   12405|DEBUG|2018/03/16|19:40| 			"XYWH"	"870 -1460 10 30"
|   12405|DEBUG|2018/03/16|19:40| 			"DS_DELAY"	""
|   12405|DEBUG|2018/03/16|19:40| 			"F_KILL"	""
|   12405|DEBUG|2018/03/16|19:40| 			"F_LPOS"	""
|   12405|DEBUG|2018/03/16|19:40| 			"URL_DOC"	""
|   12405|DEBUG|2018/03/16|19:40| 		}
|   12405|DEBUG|2018/03/16|19:40| 		ELEM {
|   12405|DEBUG|2018/03/16|19:40| 			NB_PROP	"15"
|   12405|DEBUG|2018/03/16|19:40| 			"TO"	"JO0000000491"
|   12405|DEBUG|2018/03/16|19:40| 			"FROM"	"JO0000000492"
|   12405|DEBUG|2018/03/16|19:40| 			"v_groupexec"	""
|   12405|DEBUG|2018/03/16|19:40| 			"ID"	"LN0000000399"
|   12405|DEBUG|2018/03/16|19:40| 			"ID_ENV"	"EB0000000008"
|   12405|DEBUG|2018/03/16|19:40| 			"ID_APP"	""
|   12405|DEBUG|2018/03/16|19:40| 			"TYPE"	"2"
|   12405|DEBUG|2018/03/16|19:40| 			"V_DESC"	""
|   12405|DEBUG|2018/03/16|19:40| 			"V_USRNAME"	"LIE_343"
|   12405|DEBUG|2018/03/16|19:40| 			"LTYPE"	"0"
|   12405|DEBUG|2018/03/16|19:40| 			"XYWH"	"860 -1520 10 30"
|   12405|DEBUG|2018/03/16|19:40| 			"DS_DELAY"	""
|   12405|DEBUG|2018/03/16|19:40| 			"F_KILL"	""
|   12405|DEBUG|2018/03/16|19:40| 			"F_LPOS"	""
|   12405|DEBUG|2018/03/16|19:40| 			"URL_DOC"	""
|   12405|DEBUG|2018/03/16|19:40| 		}
|   12405|DEBUG|2018/03/16|19:40| 		ELEM {
|   12405|DEBUG|2018/03/16|19:40| 			NB_PROP	"15"
|   12405|DEBUG|2018/03/16|19:40| 			"TO"	"JO0000000475"
|   12405|DEBUG|2018/03/16|19:40| 			"FROM"	"JO0000000505"
|   12405|DEBUG|2018/03/16|19:40| 			"v_groupexec"	""
|   12405|DEBUG|2018/03/16|19:40| 			"ID"	"LN0000000400"
|   12405|DEBUG|2018/03/16|19:40| 			"ID_ENV"	"EB0000000008"
|   12405|DEBUG|2018/03/16|19:40| 			"ID_APP"	""
|   12405|DEBUG|2018/03/16|19:40| 			"TYPE"	"2"
|   12405|DEBUG|2018/03/16|19:40| 			"V_DESC"	""
|   12405|DEBUG|2018/03/16|19:40| 			"V_USRNAME"	"LIE_237"
|   12405|DEBUG|2018/03/16|19:40| 			"LTYPE"	"0"
|   12405|DEBUG|2018/03/16|19:40| 			"XYWH"	"580 400 130 10"
|   12405|DEBUG|2018/03/16|19:40| 			"DS_DELAY"	""
|   12405|DEBUG|2018/03/16|19:40| 			"F_KILL"	""
|   12405|DEBUG|2018/03/16|19:40| 			"F_LPOS"	""
|   12405|DEBUG|2018/03/16|19:40| 			"URL_DOC"	""
|   12405|DEBUG|2018/03/16|19:40| 		}
|   12405|DEBUG|2018/03/16|19:40| 		ELEM {
|   12405|DEBUG|2018/03/16|19:40| 			NB_PROP	"15"
|   12405|DEBUG|2018/03/16|19:40| 			"TO"	"JO0000000505"
|   12405|DEBUG|2018/03/16|19:40| 			"FROM"	"JO0000000476"
|   12405|DEBUG|2018/03/16|19:40| 			"v_groupexec"	""
|   12405|DEBUG|2018/03/16|19:40| 			"ID"	"LN0000000401"
|   12405|DEBUG|2018/03/16|19:40| 			"ID_ENV"	"EB0000000008"
|   12405|DEBUG|2018/03/16|19:40| 			"ID_APP"	""
|   12405|DEBUG|2018/03/16|19:40| 			"TYPE"	"2"
|   12405|DEBUG|2018/03/16|19:40| 			"V_DESC"	""
|   12405|DEBUG|2018/03/16|19:40| 			"V_USRNAME"	"LIE_212"
|   12405|DEBUG|2018/03/16|19:40| 			"LTYPE"	"0"
|   12405|DEBUG|2018/03/16|19:40| 			"XYWH"	"720 360 10 30"
|   12405|DEBUG|2018/03/16|19:40| 			"DS_DELAY"	""
|   12405|DEBUG|2018/03/16|19:40| 			"F_KILL"	""
|   12405|DEBUG|2018/03/16|19:40| 			"F_LPOS"	""
|   12405|DEBUG|2018/03/16|19:40| 			"URL_DOC"	""
|   12405|DEBUG|2018/03/16|19:40| 		}
|   12405|DEBUG|2018/03/16|19:40| 		ELEM {
|   12405|DEBUG|2018/03/16|19:40| 			NB_PROP	"15"
|   12405|DEBUG|2018/03/16|19:40| 			"TO"	"JO0000000463"
|   12405|DEBUG|2018/03/16|19:40| 			"FROM"	"JO0000000462"
|   12405|DEBUG|2018/03/16|19:40| 			"v_groupexec"	""
|   12405|DEBUG|2018/03/16|19:40| 			"ID"	"LN0000000402"
|   12405|DEBUG|2018/03/16|19:40| 			"ID_ENV"	"EB0000000008"
|   12405|DEBUG|2018/03/16|19:40| 			"ID_APP"	""
|   12405|DEBUG|2018/03/16|19:40| 			"TYPE"	"2"
|   12405|DEBUG|2018/03/16|19:40| 			"V_DESC"	""
|   12405|DEBUG|2018/03/16|19:40| 			"V_USRNAME"	"LIE_181"
|   12405|DEBUG|2018/03/16|19:40| 			"LTYPE"	"0"
|   12405|DEBUG|2018/03/16|19:40| 			"XYWH"	"510 2710 10 30"
|   12405|DEBUG|2018/03/16|19:40| 			"DS_DELAY"	""
|   12405|DEBUG|2018/03/16|19:40| 			"F_KILL"	""
|   12405|DEBUG|2018/03/16|19:40| 			"F_LPOS"	""
|   12405|DEBUG|2018/03/16|19:40| 			"URL_DOC"	""
|   12405|DEBUG|2018/03/16|19:40| 		}
|   12405|DEBUG|2018/03/16|19:40| 		ELEM {
|   12405|DEBUG|2018/03/16|19:40| 			NB_PROP	"15"
|   12405|DEBUG|2018/03/16|19:40| 			"TO"	"JO0000000462"
|   12405|DEBUG|2018/03/16|19:40| 			"FROM"	"JO0000000177"
|   12405|DEBUG|2018/03/16|19:40| 			"v_groupexec"	""
|   12405|DEBUG|2018/03/16|19:40| 			"ID"	"LN0000000403"
|   12405|DEBUG|2018/03/16|19:40| 			"ID_ENV"	"EB0000000008"
|   12405|DEBUG|2018/03/16|19:40| 			"ID_APP"	""
|   12405|DEBUG|2018/03/16|19:40| 			"TYPE"	"2"
|   12405|DEBUG|2018/03/16|19:40| 			"V_DESC"	""
|   12405|DEBUG|2018/03/16|19:40| 			"V_USRNAME"	"LIE_80"
|   12405|DEBUG|2018/03/16|19:40| 			"LTYPE"	"0"
|   12405|DEBUG|2018/03/16|19:40| 			"XYWH"	"410 2690 90 10"
|   12405|DEBUG|2018/03/16|19:40| 			"DS_DELAY"	""
|   12405|DEBUG|2018/03/16|19:40| 			"F_KILL"	""
|   12405|DEBUG|2018/03/16|19:40| 			"F_LPOS"	""
|   12405|DEBUG|2018/03/16|19:40| 			"URL_DOC"	""
|   12405|DEBUG|2018/03/16|19:40| 		}
|   12405|DEBUG|2018/03/16|19:40| 		ELEM {
|   12405|DEBUG|2018/03/16|19:40| 			NB_PROP	"15"
|   12405|DEBUG|2018/03/16|19:40| 			"TO"	"JO0000000551"
|   12405|DEBUG|2018/03/16|19:40| 			"FROM"	"JO0000000356"
|   12406|DEBUG|2018/03/16|19:40| 			"v_groupexec"	""
|   12406|DEBUG|2018/03/16|19:40| 			"ID"	"LN0000000404"
|   12406|DEBUG|2018/03/16|19:40| 			"ID_ENV"	"EB0000000008"
|   12406|DEBUG|2018/03/16|19:40| 			"ID_APP"	""
|   12406|DEBUG|2018/03/16|19:40| 			"TYPE"	"2"
|   12406|DEBUG|2018/03/16|19:40| 			"V_DESC"	""
|   12406|DEBUG|2018/03/16|19:40| 			"V_USRNAME"	"LIE_345"
|   12406|DEBUG|2018/03/16|19:40| 			"LTYPE"	"0"
|   12406|DEBUG|2018/03/16|19:40| 			"XYWH"	"370 -520 70 10"
|   12406|DEBUG|2018/03/16|19:40| 			"DS_DELAY"	""
|   12406|DEBUG|2018/03/16|19:40| 			"F_KILL"	""
|   12406|DEBUG|2018/03/16|19:40| 			"F_LPOS"	""
|   12406|DEBUG|2018/03/16|19:40| 			"URL_DOC"	""
|   12406|DEBUG|2018/03/16|19:40| 		}
|   12406|DEBUG|2018/03/16|19:40| 		ELEM {
|   12406|DEBUG|2018/03/16|19:40| 			NB_PROP	"15"
|   12406|DEBUG|2018/03/16|19:40| 			"TO"	"JO0000000552"
|   12406|DEBUG|2018/03/16|19:40| 			"FROM"	"JO0000000551"
|   12406|DEBUG|2018/03/16|19:40| 			"v_groupexec"	""
|   12406|DEBUG|2018/03/16|19:40| 			"ID"	"LN0000000405"
|   12406|DEBUG|2018/03/16|19:40| 			"ID_ENV"	"EB0000000008"
|   12406|DEBUG|2018/03/16|19:40| 			"ID_APP"	""
|   12406|DEBUG|2018/03/16|19:40| 			"TYPE"	"2"
|   12406|DEBUG|2018/03/16|19:40| 			"V_DESC"	""
|   12406|DEBUG|2018/03/16|19:40| 			"V_USRNAME"	"LIE_346"
|   12406|DEBUG|2018/03/16|19:40| 			"LTYPE"	"0"
|   12406|DEBUG|2018/03/16|19:40| 			"XYWH"	"250 -520 90 10"
|   12406|DEBUG|2018/03/16|19:40| 			"DS_DELAY"	""
|   12406|DEBUG|2018/03/16|19:40| 			"F_KILL"	""
|   12406|DEBUG|2018/03/16|19:40| 			"F_LPOS"	""
|   12406|DEBUG|2018/03/16|19:40| 			"URL_DOC"	""
|   12406|DEBUG|2018/03/16|19:40| 		}
|   12406|DEBUG|2018/03/16|19:40| 		ELEM {
|   12406|DEBUG|2018/03/16|19:40| 			NB_PROP	"15"
|   12406|DEBUG|2018/03/16|19:40| 			"TO"	"JO0000000553"
|   12406|DEBUG|2018/03/16|19:40| 			"FROM"	"JO0000000286"
|   12406|DEBUG|2018/03/16|19:40| 			"v_groupexec"	""
|   12406|DEBUG|2018/03/16|19:40| 			"ID"	"LN0000000406"
|   12406|DEBUG|2018/03/16|19:40| 			"ID_ENV"	"EB0000000008"
|   12406|DEBUG|2018/03/16|19:40| 			"ID_APP"	""
|   12406|DEBUG|2018/03/16|19:40| 			"TYPE"	"2"
|   12406|DEBUG|2018/03/16|19:40| 			"V_DESC"	""
|   12406|DEBUG|2018/03/16|19:40| 			"V_USRNAME"	"LIE_37"
|   12406|DEBUG|2018/03/16|19:40| 			"LTYPE"	"0"
|   12406|DEBUG|2018/03/16|19:40| 			"XYWH"	"-70 -120 100 80"
|   12406|DEBUG|2018/03/16|19:40| 			"DS_DELAY"	""
|   12406|DEBUG|2018/03/16|19:40| 			"F_KILL"	""
|   12406|DEBUG|2018/03/16|19:40| 			"F_LPOS"	""
|   12406|DEBUG|2018/03/16|19:40| 			"URL_DOC"	""
|   12406|DEBUG|2018/03/16|19:40| 		}
|   12406|DEBUG|2018/03/16|19:40| 		ELEM {
|   12406|DEBUG|2018/03/16|19:40| 			NB_PROP	"15"
|   12406|DEBUG|2018/03/16|19:40| 			"TO"	"JO0000000316"
|   12406|DEBUG|2018/03/16|19:40| 			"FROM"	"JO0000000554"
|   12406|DEBUG|2018/03/16|19:40| 			"v_groupexec"	""
|   12406|DEBUG|2018/03/16|19:40| 			"ID"	"LN0000000407"
|   12406|DEBUG|2018/03/16|19:40| 			"ID_ENV"	"EB0000000008"
|   12406|DEBUG|2018/03/16|19:40| 			"ID_APP"	""
|   12406|DEBUG|2018/03/16|19:40| 			"TYPE"	"2"
|   12406|DEBUG|2018/03/16|19:40| 			"V_DESC"	""
|   12406|DEBUG|2018/03/16|19:40| 			"V_USRNAME"	"LIE_390"
|   12406|DEBUG|2018/03/16|19:40| 			"LTYPE"	"0"
|   12406|DEBUG|2018/03/16|19:40| 			"XYWH"	"-70 -60 30 80"
|   12406|DEBUG|2018/03/16|19:40| 			"DS_DELAY"	""
|   12406|DEBUG|2018/03/16|19:40| 			"F_KILL"	""
|   12406|DEBUG|2018/03/16|19:40| 			"F_LPOS"	""
|   12406|DEBUG|2018/03/16|19:40| 			"URL_DOC"	""
|   12406|DEBUG|2018/03/16|19:40| 		}
|   12406|DEBUG|2018/03/16|19:40| 		ELEM {
|   12406|DEBUG|2018/03/16|19:40| 			NB_PROP	"15"
|   12406|DEBUG|2018/03/16|19:40| 			"TO"	"JO0000000554"
|   12406|DEBUG|2018/03/16|19:40| 			"FROM"	"JO0000000553"
|   12406|DEBUG|2018/03/16|19:40| 			"v_groupexec"	""
|   12406|DEBUG|2018/03/16|19:40| 			"ID"	"LN0000000408"
|   12406|DEBUG|2018/03/16|19:40| 			"ID_ENV"	"EB0000000008"
|   12406|DEBUG|2018/03/16|19:40| 			"ID_APP"	""
|   12406|DEBUG|2018/03/16|19:40| 			"TYPE"	"2"
|   12406|DEBUG|2018/03/16|19:40| 			"V_DESC"	""
|   12406|DEBUG|2018/03/16|19:40| 			"V_USRNAME"	"LIE_389"
|   12406|DEBUG|2018/03/16|19:40| 			"LTYPE"	"0"
|   12406|DEBUG|2018/03/16|19:40| 			"XYWH"	"-80 -110 10 30"
|   12406|DEBUG|2018/03/16|19:40| 			"DS_DELAY"	""
|   12406|DEBUG|2018/03/16|19:40| 			"F_KILL"	""
|   12406|DEBUG|2018/03/16|19:40| 			"F_LPOS"	""
|   12406|DEBUG|2018/03/16|19:40| 			"URL_DOC"	""
|   12406|DEBUG|2018/03/16|19:40| 		}
|   12406|DEBUG|2018/03/16|19:40| 		ELEM {
|   12406|DEBUG|2018/03/16|19:40| 			NB_PROP	"15"
|   12406|DEBUG|2018/03/16|19:40| 			"TO"	"JO0000000555"
|   12406|DEBUG|2018/03/16|19:40| 			"FROM"	"JO0000000301"
|   12406|DEBUG|2018/03/16|19:40| 			"v_groupexec"	""
|   12406|DEBUG|2018/03/16|19:40| 			"ID"	"LN0000000409"
|   12406|DEBUG|2018/03/16|19:40| 			"ID_ENV"	"EB0000000008"
|   12406|DEBUG|2018/03/16|19:40| 			"ID_APP"	""
|   12406|DEBUG|2018/03/16|19:40| 			"TYPE"	"2"
|   12406|DEBUG|2018/03/16|19:40| 			"V_DESC"	""
|   12406|DEBUG|2018/03/16|19:40| 			"V_USRNAME"	"LIE_347"
|   12406|DEBUG|2018/03/16|19:40| 			"LTYPE"	"0"
|   12406|DEBUG|2018/03/16|19:40| 			"XYWH"	"-10 140 70 120"
|   12406|DEBUG|2018/03/16|19:40| 			"DS_DELAY"	""
|   12406|DEBUG|2018/03/16|19:40| 			"F_KILL"	""
|   12406|DEBUG|2018/03/16|19:40| 			"F_LPOS"	""
|   12406|DEBUG|2018/03/16|19:40| 			"URL_DOC"	""
|   12406|DEBUG|2018/03/16|19:40| 		}
|   12406|DEBUG|2018/03/16|19:40| 		ELEM {
|   12406|DEBUG|2018/03/16|19:40| 			NB_PROP	"15"
|   12406|DEBUG|2018/03/16|19:40| 			"TO"	"JO0000000557"
|   12406|DEBUG|2018/03/16|19:40| 			"FROM"	"JO0000000560"
|   12406|DEBUG|2018/03/16|19:40| 			"v_groupexec"	""
|   12406|DEBUG|2018/03/16|19:40| 			"ID"	"LN0000000410"
|   12406|DEBUG|2018/03/16|19:40| 			"ID_ENV"	"EB0000000008"
|   12406|DEBUG|2018/03/16|19:40| 			"ID_APP"	""
|   12406|DEBUG|2018/03/16|19:40| 			"TYPE"	"2"
|   12406|DEBUG|2018/03/16|19:40| 			"V_DESC"	""
|   12406|DEBUG|2018/03/16|19:40| 			"V_USRNAME"	"LIE_9_X3"
|   12406|DEBUG|2018/03/16|19:40| 			"LTYPE"	"0"
|   12406|DEBUG|2018/03/16|19:40| 			"XYWH"	"110 -2440 90 10"
|   12406|DEBUG|2018/03/16|19:40| 			"DS_DELAY"	""
|   12406|DEBUG|2018/03/16|19:40| 			"F_KILL"	""
|   12406|DEBUG|2018/03/16|19:40| 			"F_LPOS"	""
|   12406|DEBUG|2018/03/16|19:40| 			"URL_DOC"	""
|   12406|DEBUG|2018/03/16|19:40| 		}
|   12406|DEBUG|2018/03/16|19:40| 		ELEM {
|   12406|DEBUG|2018/03/16|19:40| 			NB_PROP	"15"
|   12406|DEBUG|2018/03/16|19:40| 			"TO"	"JO0000000559"
|   12406|DEBUG|2018/03/16|19:40| 			"FROM"	"JO0000000558"
|   12406|DEBUG|2018/03/16|19:40| 			"v_groupexec"	""
|   12406|DEBUG|2018/03/16|19:40| 			"ID"	"LN0000000411"
|   12406|DEBUG|2018/03/16|19:40| 			"ID_ENV"	"EB0000000008"
|   12406|DEBUG|2018/03/16|19:40| 			"ID_APP"	""
|   12406|DEBUG|2018/03/16|19:40| 			"TYPE"	"2"
|   12406|DEBUG|2018/03/16|19:40| 			"V_DESC"	""
|   12406|DEBUG|2018/03/16|19:40| 			"V_USRNAME"	"LIE_11_X2"
|   12406|DEBUG|2018/03/16|19:40| 			"LTYPE"	"0"
|   12406|DEBUG|2018/03/16|19:40| 			"XYWH"	"370 -2440 100 10"
|   12406|DEBUG|2018/03/16|19:40| 			"DS_DELAY"	""
|   12406|DEBUG|2018/03/16|19:40| 			"F_KILL"	""
|   12406|DEBUG|2018/03/16|19:40| 			"F_LPOS"	""
|   12406|DEBUG|2018/03/16|19:40| 			"URL_DOC"	""
|   12406|DEBUG|2018/03/16|19:40| 		}
|   12406|DEBUG|2018/03/16|19:40| 		ELEM {
|   12406|DEBUG|2018/03/16|19:40| 			NB_PROP	"15"
|   12406|DEBUG|2018/03/16|19:40| 			"TO"	"JO0000000558"
|   12406|DEBUG|2018/03/16|19:40| 			"FROM"	"JO0000000557"
|   12406|DEBUG|2018/03/16|19:40| 			"v_groupexec"	""
|   12406|DEBUG|2018/03/16|19:40| 			"ID"	"LN0000000412"
|   12406|DEBUG|2018/03/16|19:40| 			"ID_ENV"	"EB0000000008"
|   12406|DEBUG|2018/03/16|19:40| 			"ID_APP"	""
|   12406|DEBUG|2018/03/16|19:40| 			"TYPE"	"2"
|   12406|DEBUG|2018/03/16|19:40| 			"V_DESC"	""
|   12406|DEBUG|2018/03/16|19:40| 			"V_USRNAME"	"LIE_10_X2"
|   12406|DEBUG|2018/03/16|19:40| 			"LTYPE"	"0"
|   12406|DEBUG|2018/03/16|19:40| 			"XYWH"	"230 -2440 110 10"
|   12406|DEBUG|2018/03/16|19:40| 			"DS_DELAY"	""
|   12406|DEBUG|2018/03/16|19:40| 			"F_KILL"	""
|   12406|DEBUG|2018/03/16|19:40| 			"F_LPOS"	""
|   12406|DEBUG|2018/03/16|19:40| 			"URL_DOC"	""
|   12406|DEBUG|2018/03/16|19:40| 		}
|   12406|DEBUG|2018/03/16|19:40| 		ELEM {
|   12406|DEBUG|2018/03/16|19:40| 			NB_PROP	"15"
|   12406|DEBUG|2018/03/16|19:40| 			"TO"	"JO0000000563"
|   12406|DEBUG|2018/03/16|19:40| 			"FROM"	"JO0000000564"
|   12406|DEBUG|2018/03/16|19:40| 			"v_groupexec"	""
|   12406|DEBUG|2018/03/16|19:40| 			"ID"	"LN0000000413"
|   12406|DEBUG|2018/03/16|19:40| 			"ID_ENV"	"EB0000000008"
|   12406|DEBUG|2018/03/16|19:40| 			"ID_APP"	""
|   12406|DEBUG|2018/03/16|19:40| 			"TYPE"	"2"
|   12406|DEBUG|2018/03/16|19:40| 			"V_DESC"	""
|   12406|DEBUG|2018/03/16|19:40| 			"V_USRNAME"	"LIE_407"
|   12406|DEBUG|2018/03/16|19:40| 			"LTYPE"	"0"
|   12406|DEBUG|2018/03/16|19:40| 			"XYWH"	"1390 90 50 10"
|   12406|DEBUG|2018/03/16|19:40| 			"DS_DELAY"	""
|   12406|DEBUG|2018/03/16|19:40| 			"F_KILL"	""
|   12406|DEBUG|2018/03/16|19:40| 			"F_LPOS"	"1"
|   12406|DEBUG|2018/03/16|19:40| 			"URL_DOC"	""
|   12406|DEBUG|2018/03/16|19:40| 		}
|   12406|DEBUG|2018/03/16|19:40| 		ELEM {
|   12406|DEBUG|2018/03/16|19:40| 			NB_PROP	"15"
|   12406|DEBUG|2018/03/16|19:40| 			"TO"	"JO0000000562"
|   12406|DEBUG|2018/03/16|19:40| 			"FROM"	"JO0000000563"
|   12406|DEBUG|2018/03/16|19:40| 			"v_groupexec"	""
|   12406|DEBUG|2018/03/16|19:40| 			"ID"	"LN0000000414"
|   12406|DEBUG|2018/03/16|19:40| 			"ID_ENV"	"EB0000000008"
|   12406|DEBUG|2018/03/16|19:40| 			"ID_APP"	""
|   12406|DEBUG|2018/03/16|19:40| 			"TYPE"	"2"
|   12406|DEBUG|2018/03/16|19:40| 			"V_DESC"	""
|   12406|DEBUG|2018/03/16|19:40| 			"V_USRNAME"	"LIE_90_C0"
|   12406|DEBUG|2018/03/16|19:40| 			"LTYPE"	"0"
|   12406|DEBUG|2018/03/16|19:40| 			"XYWH"	"1240 -300 50 10"
|   12406|DEBUG|2018/03/16|19:40| 			"DS_DELAY"	""
|   12406|DEBUG|2018/03/16|19:40| 			"F_KILL"	""
|   12406|DEBUG|2018/03/16|19:40| 			"F_LPOS"	""
|   12406|DEBUG|2018/03/16|19:40| 			"URL_DOC"	""
|   12406|DEBUG|2018/03/16|19:40| 		}
|   12406|DEBUG|2018/03/16|19:40| 		ELEM {
|   12406|DEBUG|2018/03/16|19:40| 			NB_PROP	"15"
|   12406|DEBUG|2018/03/16|19:40| 			"TO"	"JO0000000565"
|   12406|DEBUG|2018/03/16|19:40| 			"FROM"	"JO0000000562"
|   12406|DEBUG|2018/03/16|19:40| 			"v_groupexec"	""
|   12406|DEBUG|2018/03/16|19:40| 			"ID"	"LN0000000415"
|   12406|DEBUG|2018/03/16|19:40| 			"ID_ENV"	"EB0000000008"
|   12406|DEBUG|2018/03/16|19:40| 			"ID_APP"	""
|   12406|DEBUG|2018/03/16|19:40| 			"TYPE"	"2"
|   12406|DEBUG|2018/03/16|19:40| 			"V_DESC"	""
|   12406|DEBUG|2018/03/16|19:40| 			"V_USRNAME"	"LIE_408"
|   12406|DEBUG|2018/03/16|19:40| 			"LTYPE"	"0"
|   12406|DEBUG|2018/03/16|19:40| 			"XYWH"	"1510 120 40 10"
|   12406|DEBUG|2018/03/16|19:40| 			"DS_DELAY"	""
|   12406|DEBUG|2018/03/16|19:40| 			"F_KILL"	""
|   12406|DEBUG|2018/03/16|19:40| 			"F_LPOS"	""
|   12406|DEBUG|2018/03/16|19:40| 			"URL_DOC"	""
|   12406|DEBUG|2018/03/16|19:40| 		}
|   12406|DEBUG|2018/03/16|19:40| 		ELEM {
|   12406|DEBUG|2018/03/16|19:40| 			NB_PROP	"15"
|   12406|DEBUG|2018/03/16|19:40| 			"TO"	"JO0000000566"
|   12406|DEBUG|2018/03/16|19:40| 			"FROM"	"JO0000000517"
|   12406|DEBUG|2018/03/16|19:40| 			"v_groupexec"	""
|   12406|DEBUG|2018/03/16|19:40| 			"ID"	"LN0000000416"
|   12406|DEBUG|2018/03/16|19:40| 			"ID_ENV"	"EB0000000008"
|   12406|DEBUG|2018/03/16|19:40| 			"ID_APP"	""
|   12406|DEBUG|2018/03/16|19:40| 			"TYPE"	"2"
|   12407|DEBUG|2018/03/16|19:40| 			"V_DESC"	""
|   12407|DEBUG|2018/03/16|19:40| 			"V_USRNAME"	"LIE_409"
|   12407|DEBUG|2018/03/16|19:40| 			"LTYPE"	"0"
|   12407|DEBUG|2018/03/16|19:40| 			"XYWH"	"-410 -1270 70 10"
|   12407|DEBUG|2018/03/16|19:40| 			"DS_DELAY"	""
|   12407|DEBUG|2018/03/16|19:40| 			"F_KILL"	""
|   12407|DEBUG|2018/03/16|19:40| 			"F_LPOS"	""
|   12407|DEBUG|2018/03/16|19:40| 			"URL_DOC"	""
|   12407|DEBUG|2018/03/16|19:40| 		}
|   12407|DEBUG|2018/03/16|19:40| 		ELEM {
|   12407|DEBUG|2018/03/16|19:40| 			NB_PROP	"15"
|   12407|DEBUG|2018/03/16|19:40| 			"TO"	"JO0000000567"
|   12407|DEBUG|2018/03/16|19:40| 			"FROM"	"JO0000000205"
|   12407|DEBUG|2018/03/16|19:40| 			"v_groupexec"	""
|   12407|DEBUG|2018/03/16|19:40| 			"ID"	"LN0000000417"
|   12407|DEBUG|2018/03/16|19:40| 			"ID_ENV"	"EB0000000008"
|   12407|DEBUG|2018/03/16|19:40| 			"ID_APP"	""
|   12407|DEBUG|2018/03/16|19:40| 			"TYPE"	"2"
|   12407|DEBUG|2018/03/16|19:40| 			"V_DESC"	""
|   12407|DEBUG|2018/03/16|19:40| 			"V_USRNAME"	"LIE_411"
|   12407|DEBUG|2018/03/16|19:40| 			"LTYPE"	"0"
|   12407|DEBUG|2018/03/16|19:40| 			"XYWH"	"-120 -1210 30 60"
|   12407|DEBUG|2018/03/16|19:40| 			"DS_DELAY"	""
|   12407|DEBUG|2018/03/16|19:40| 			"F_KILL"	""
|   12407|DEBUG|2018/03/16|19:40| 			"F_LPOS"	""
|   12407|DEBUG|2018/03/16|19:40| 			"URL_DOC"	""
|   12407|DEBUG|2018/03/16|19:40| 		}
|   12407|DEBUG|2018/03/16|19:40| 		ELEM {
|   12407|DEBUG|2018/03/16|19:40| 			NB_PROP	"15"
|   12407|DEBUG|2018/03/16|19:40| 			"TO"	"JO0000000567"
|   12407|DEBUG|2018/03/16|19:40| 			"FROM"	"JO0000000516"
|   12407|DEBUG|2018/03/16|19:40| 			"v_groupexec"	""
|   12407|DEBUG|2018/03/16|19:40| 			"ID"	"LN0000000418"
|   12407|DEBUG|2018/03/16|19:40| 			"ID_ENV"	"EB0000000008"
|   12407|DEBUG|2018/03/16|19:40| 			"ID_APP"	""
|   12407|DEBUG|2018/03/16|19:40| 			"TYPE"	"2"
|   12407|DEBUG|2018/03/16|19:40| 			"V_DESC"	""
|   12407|DEBUG|2018/03/16|19:40| 			"V_USRNAME"	"LIE_410"
|   12407|DEBUG|2018/03/16|19:40| 			"LTYPE"	"0"
|   12407|DEBUG|2018/03/16|19:40| 			"XYWH"	"-190 -1210 40 60"
|   12407|DEBUG|2018/03/16|19:40| 			"DS_DELAY"	""
|   12407|DEBUG|2018/03/16|19:40| 			"F_KILL"	""
|   12407|DEBUG|2018/03/16|19:40| 			"F_LPOS"	""
|   12407|DEBUG|2018/03/16|19:40| 			"URL_DOC"	""
|   12407|DEBUG|2018/03/16|19:40| 		}
|   12407|DEBUG|2018/03/16|19:40| 		ELEM {
|   12407|DEBUG|2018/03/16|19:40| 			NB_PROP	"15"
|   12407|DEBUG|2018/03/16|19:40| 			"TO"	"JO0000000204"
|   12407|DEBUG|2018/03/16|19:40| 			"FROM"	"JO0000000569"
|   12407|DEBUG|2018/03/16|19:40| 			"v_groupexec"	""
|   12407|DEBUG|2018/03/16|19:40| 			"ID"	"LN0000000419"
|   12407|DEBUG|2018/03/16|19:40| 			"ID_ENV"	"EB0000000008"
|   12407|DEBUG|2018/03/16|19:40| 			"ID_APP"	""
|   12407|DEBUG|2018/03/16|19:40| 			"TYPE"	"2"
|   12407|DEBUG|2018/03/16|19:40| 			"V_DESC"	""
|   12407|DEBUG|2018/03/16|19:40| 			"V_USRNAME"	"LIE_413"
|   12407|DEBUG|2018/03/16|19:40| 			"LTYPE"	"0"
|   12407|DEBUG|2018/03/16|19:40| 			"XYWH"	"-200 -1470 60 30"
|   12407|DEBUG|2018/03/16|19:40| 			"DS_DELAY"	""
|   12407|DEBUG|2018/03/16|19:40| 			"F_KILL"	""
|   12407|DEBUG|2018/03/16|19:40| 			"F_LPOS"	""
|   12407|DEBUG|2018/03/16|19:40| 			"URL_DOC"	""
|   12407|DEBUG|2018/03/16|19:40| 		}
|   12407|DEBUG|2018/03/16|19:40| 		ELEM {
|   12407|DEBUG|2018/03/16|19:40| 			NB_PROP	"15"
|   12407|DEBUG|2018/03/16|19:40| 			"TO"	"JO0000000203"
|   12407|DEBUG|2018/03/16|19:40| 			"FROM"	"JO0000000568"
|   12407|DEBUG|2018/03/16|19:40| 			"v_groupexec"	""
|   12407|DEBUG|2018/03/16|19:40| 			"ID"	"LN0000000420"
|   12407|DEBUG|2018/03/16|19:40| 			"ID_ENV"	"EB0000000008"
|   12407|DEBUG|2018/03/16|19:40| 			"ID_APP"	""
|   12407|DEBUG|2018/03/16|19:40| 			"TYPE"	"2"
|   12407|DEBUG|2018/03/16|19:40| 			"V_DESC"	""
|   12407|DEBUG|2018/03/16|19:40| 			"V_USRNAME"	"LIE_412"
|   12407|DEBUG|2018/03/16|19:40| 			"LTYPE"	"0"
|   12407|DEBUG|2018/03/16|19:40| 			"XYWH"	"-120 -1320 10 20"
|   12407|DEBUG|2018/03/16|19:40| 			"DS_DELAY"	""
|   12407|DEBUG|2018/03/16|19:40| 			"F_KILL"	""
|   12407|DEBUG|2018/03/16|19:40| 			"F_LPOS"	""
|   12407|DEBUG|2018/03/16|19:40| 			"URL_DOC"	""
|   12407|DEBUG|2018/03/16|19:40| 		}
|   12407|DEBUG|2018/03/16|19:40| 		ELEM {
|   12407|DEBUG|2018/03/16|19:40| 			NB_PROP	"15"
|   12407|DEBUG|2018/03/16|19:40| 			"TO"	"JO0000000568"
|   12407|DEBUG|2018/03/16|19:40| 			"FROM"	"JO0000000309"
|   12407|DEBUG|2018/03/16|19:40| 			"v_groupexec"	""
|   12407|DEBUG|2018/03/16|19:40| 			"ID"	"LN0000000421"
|   12407|DEBUG|2018/03/16|19:40| 			"ID_ENV"	"EB0000000008"
|   12407|DEBUG|2018/03/16|19:40| 			"ID_APP"	""
|   12407|DEBUG|2018/03/16|19:40| 			"TYPE"	"2"
|   12407|DEBUG|2018/03/16|19:40| 			"V_DESC"	""
|   12407|DEBUG|2018/03/16|19:40| 			"V_USRNAME"	"LIE_304"
|   12407|DEBUG|2018/03/16|19:40| 			"LTYPE"	"0"
|   12407|DEBUG|2018/03/16|19:40| 			"XYWH"	"-120 -1380 10 30"
|   12407|DEBUG|2018/03/16|19:40| 			"DS_DELAY"	""
|   12407|DEBUG|2018/03/16|19:40| 			"F_KILL"	""
|   12407|DEBUG|2018/03/16|19:40| 			"F_LPOS"	""
|   12407|DEBUG|2018/03/16|19:40| 			"URL_DOC"	""
|   12407|DEBUG|2018/03/16|19:40| 		}
|   12407|DEBUG|2018/03/16|19:40| 		ELEM {
|   12407|DEBUG|2018/03/16|19:40| 			NB_PROP	"15"
|   12407|DEBUG|2018/03/16|19:40| 			"TO"	"JO0000000571"
|   12407|DEBUG|2018/03/16|19:40| 			"FROM"	"JO0000000183"
|   12407|DEBUG|2018/03/16|19:40| 			"v_groupexec"	""
|   12407|DEBUG|2018/03/16|19:40| 			"ID"	"LN0000000422"
|   12407|DEBUG|2018/03/16|19:40| 			"ID_ENV"	"EB0000000008"
|   12407|DEBUG|2018/03/16|19:40| 			"ID_APP"	""
|   12407|DEBUG|2018/03/16|19:40| 			"TYPE"	"2"
|   12407|DEBUG|2018/03/16|19:40| 			"V_DESC"	""
|   12407|DEBUG|2018/03/16|19:40| 			"V_USRNAME"	"LIE_415"
|   12407|DEBUG|2018/03/16|19:40| 			"LTYPE"	"0"
|   12407|DEBUG|2018/03/16|19:40| 			"XYWH"	"-10 -500 120 40"
|   12407|DEBUG|2018/03/16|19:40| 			"DS_DELAY"	""
|   12407|DEBUG|2018/03/16|19:40| 			"F_KILL"	""
|   12407|DEBUG|2018/03/16|19:40| 			"F_LPOS"	""
|   12407|DEBUG|2018/03/16|19:40| 			"URL_DOC"	""
|   12407|DEBUG|2018/03/16|19:40| 		}
|   12407|DEBUG|2018/03/16|19:40| 		ELEM {
|   12407|DEBUG|2018/03/16|19:40| 			NB_PROP	"15"
|   12407|DEBUG|2018/03/16|19:40| 			"TO"	"JO0000000183"
|   12407|DEBUG|2018/03/16|19:40| 			"FROM"	"JO0000000570"
|   12407|DEBUG|2018/03/16|19:40| 			"v_groupexec"	""
|   12407|DEBUG|2018/03/16|19:40| 			"ID"	"LN0000000423"
|   12407|DEBUG|2018/03/16|19:40| 			"ID_ENV"	"EB0000000008"
|   12407|DEBUG|2018/03/16|19:40| 			"ID_APP"	""
|   12407|DEBUG|2018/03/16|19:40| 			"TYPE"	"2"
|   12407|DEBUG|2018/03/16|19:40| 			"V_DESC"	""
|   12407|DEBUG|2018/03/16|19:40| 			"V_USRNAME"	"LIE_414"
|   12407|DEBUG|2018/03/16|19:40| 			"LTYPE"	"0"
|   12407|DEBUG|2018/03/16|19:40| 			"XYWH"	"-80 -550 40 50"
|   12407|DEBUG|2018/03/16|19:40| 			"DS_DELAY"	""
|   12407|DEBUG|2018/03/16|19:40| 			"F_KILL"	""
|   12407|DEBUG|2018/03/16|19:40| 			"F_LPOS"	""
|   12407|DEBUG|2018/03/16|19:40| 			"URL_DOC"	""
|   12407|DEBUG|2018/03/16|19:40| 		}
|   12407|DEBUG|2018/03/16|19:40| 		ELEM {
|   12407|DEBUG|2018/03/16|19:40| 			NB_PROP	"15"
|   12407|DEBUG|2018/03/16|19:40| 			"TO"	"JO0000000575"
|   12407|DEBUG|2018/03/16|19:40| 			"FROM"	"JO0000000354"
|   12407|DEBUG|2018/03/16|19:40| 			"v_groupexec"	""
|   12407|DEBUG|2018/03/16|19:40| 			"ID"	"LN0000000424"
|   12407|DEBUG|2018/03/16|19:40| 			"ID_ENV"	"EB0000000008"
|   12407|DEBUG|2018/03/16|19:40| 			"ID_APP"	""
|   12407|DEBUG|2018/03/16|19:40| 			"TYPE"	"2"
|   12407|DEBUG|2018/03/16|19:40| 			"V_DESC"	""
|   12407|DEBUG|2018/03/16|19:40| 			"V_USRNAME"	"LIE_419"
|   12407|DEBUG|2018/03/16|19:40| 			"LTYPE"	"0"
|   12407|DEBUG|2018/03/16|19:40| 			"XYWH"	"420 -450 120 10"
|   12407|DEBUG|2018/03/16|19:40| 			"DS_DELAY"	""
|   12407|DEBUG|2018/03/16|19:40| 			"F_KILL"	""
|   12407|DEBUG|2018/03/16|19:40| 			"F_LPOS"	""
|   12407|DEBUG|2018/03/16|19:40| 			"URL_DOC"	""
|   12407|DEBUG|2018/03/16|19:40| 		}
|   12407|DEBUG|2018/03/16|19:40| 		ELEM {
|   12407|DEBUG|2018/03/16|19:40| 			NB_PROP	"15"
|   12407|DEBUG|2018/03/16|19:40| 			"TO"	"JO0000000354"
|   12407|DEBUG|2018/03/16|19:40| 			"FROM"	"JO0000000573"
|   12407|DEBUG|2018/03/16|19:40| 			"v_groupexec"	""
|   12407|DEBUG|2018/03/16|19:40| 			"ID"	"LN0000000425"
|   12407|DEBUG|2018/03/16|19:40| 			"ID_ENV"	"EB0000000008"
|   12407|DEBUG|2018/03/16|19:40| 			"ID_APP"	""
|   12407|DEBUG|2018/03/16|19:40| 			"TYPE"	"2"
|   12407|DEBUG|2018/03/16|19:40| 			"V_DESC"	""
|   12407|DEBUG|2018/03/16|19:40| 			"V_USRNAME"	"LIE_418"
|   12407|DEBUG|2018/03/16|19:40| 			"LTYPE"	"0"
|   12407|DEBUG|2018/03/16|19:40| 			"XYWH"	"380 -470 160 20"
|   12407|DEBUG|2018/03/16|19:40| 			"DS_DELAY"	""
|   12407|DEBUG|2018/03/16|19:40| 			"F_KILL"	""
|   12407|DEBUG|2018/03/16|19:40| 			"F_LPOS"	""
|   12407|DEBUG|2018/03/16|19:40| 			"URL_DOC"	""
|   12407|DEBUG|2018/03/16|19:40| 		}
|   12407|DEBUG|2018/03/16|19:40| 		ELEM {
|   12407|DEBUG|2018/03/16|19:40| 			NB_PROP	"15"
|   12407|DEBUG|2018/03/16|19:40| 			"TO"	"JO0000000574"
|   12407|DEBUG|2018/03/16|19:40| 			"FROM"	"JO0000000355"
|   12407|DEBUG|2018/03/16|19:40| 			"v_groupexec"	""
|   12407|DEBUG|2018/03/16|19:40| 			"ID"	"LN0000000426"
|   12407|DEBUG|2018/03/16|19:40| 			"ID_ENV"	"EB0000000008"
|   12407|DEBUG|2018/03/16|19:40| 			"ID_APP"	""
|   12407|DEBUG|2018/03/16|19:40| 			"TYPE"	"2"
|   12407|DEBUG|2018/03/16|19:40| 			"V_DESC"	""
|   12407|DEBUG|2018/03/16|19:40| 			"V_USRNAME"	"LIE_417"
|   12407|DEBUG|2018/03/16|19:40| 			"LTYPE"	"0"
|   12407|DEBUG|2018/03/16|19:40| 			"XYWH"	"650 -520 140 20"
|   12407|DEBUG|2018/03/16|19:40| 			"DS_DELAY"	""
|   12407|DEBUG|2018/03/16|19:40| 			"F_KILL"	""
|   12407|DEBUG|2018/03/16|19:40| 			"F_LPOS"	""
|   12407|DEBUG|2018/03/16|19:40| 			"URL_DOC"	""
|   12407|DEBUG|2018/03/16|19:40| 		}
|   12407|DEBUG|2018/03/16|19:40| 		ELEM {
|   12407|DEBUG|2018/03/16|19:40| 			NB_PROP	"15"
|   12407|DEBUG|2018/03/16|19:40| 			"TO"	"JO0000000355"
|   12407|DEBUG|2018/03/16|19:40| 			"FROM"	"JO0000000572"
|   12407|DEBUG|2018/03/16|19:40| 			"v_groupexec"	""
|   12407|DEBUG|2018/03/16|19:40| 			"ID"	"LN0000000427"
|   12407|DEBUG|2018/03/16|19:40| 			"ID_ENV"	"EB0000000008"
|   12407|DEBUG|2018/03/16|19:40| 			"ID_APP"	""
|   12407|DEBUG|2018/03/16|19:40| 			"TYPE"	"2"
|   12407|DEBUG|2018/03/16|19:40| 			"V_DESC"	""
|   12407|DEBUG|2018/03/16|19:40| 			"V_USRNAME"	"LIE_416"
|   12407|DEBUG|2018/03/16|19:40| 			"LTYPE"	"0"
|   12407|DEBUG|2018/03/16|19:40| 			"XYWH"	"650 -520 90 10"
|   12407|DEBUG|2018/03/16|19:40| 			"DS_DELAY"	""
|   12407|DEBUG|2018/03/16|19:40| 			"F_KILL"	""
|   12407|DEBUG|2018/03/16|19:40| 			"F_LPOS"	""
|   12407|DEBUG|2018/03/16|19:40| 			"URL_DOC"	""
|   12407|DEBUG|2018/03/16|19:40| 		}
|   12407|DEBUG|2018/03/16|19:40| 		ELEM {
|   12407|DEBUG|2018/03/16|19:40| 			NB_PROP	"15"
|   12407|DEBUG|2018/03/16|19:40| 			"TO"	"JO0000000577"
|   12407|DEBUG|2018/03/16|19:40| 			"FROM"	"JO0000000576"
|   12407|DEBUG|2018/03/16|19:40| 			"v_groupexec"	""
|   12407|DEBUG|2018/03/16|19:40| 			"ID"	"LN0000000428"
|   12407|DEBUG|2018/03/16|19:40| 			"ID_ENV"	"EB0000000008"
|   12408|DEBUG|2018/03/16|19:40| 			"ID_APP"	""
|   12408|DEBUG|2018/03/16|19:40| 			"TYPE"	"2"
|   12408|DEBUG|2018/03/16|19:40| 			"V_DESC"	""
|   12408|DEBUG|2018/03/16|19:40| 			"V_USRNAME"	"LIE_421"
|   12408|DEBUG|2018/03/16|19:40| 			"LTYPE"	"0"
|   12408|DEBUG|2018/03/16|19:40| 			"XYWH"	"530 -200 100 10"
|   12408|DEBUG|2018/03/16|19:40| 			"DS_DELAY"	""
|   12408|DEBUG|2018/03/16|19:40| 			"F_KILL"	""
|   12408|DEBUG|2018/03/16|19:40| 			"F_LPOS"	""
|   12408|DEBUG|2018/03/16|19:40| 			"URL_DOC"	""
|   12408|DEBUG|2018/03/16|19:40| 		}
|   12408|DEBUG|2018/03/16|19:40| 		ELEM {
|   12408|DEBUG|2018/03/16|19:40| 			NB_PROP	"15"
|   12408|DEBUG|2018/03/16|19:40| 			"TO"	"JO0000000353"
|   12408|DEBUG|2018/03/16|19:40| 			"FROM"	"JO0000000576"
|   12408|DEBUG|2018/03/16|19:40| 			"v_groupexec"	""
|   12408|DEBUG|2018/03/16|19:40| 			"ID"	"LN0000000429"
|   12408|DEBUG|2018/03/16|19:40| 			"ID_ENV"	"EB0000000008"
|   12408|DEBUG|2018/03/16|19:40| 			"ID_APP"	""
|   12408|DEBUG|2018/03/16|19:40| 			"TYPE"	"2"
|   12408|DEBUG|2018/03/16|19:40| 			"V_DESC"	""
|   12408|DEBUG|2018/03/16|19:40| 			"V_USRNAME"	"LIE_420"
|   12408|DEBUG|2018/03/16|19:40| 			"LTYPE"	"0"
|   12408|DEBUG|2018/03/16|19:40| 			"XYWH"	"550 -230 30 10"
|   12408|DEBUG|2018/03/16|19:40| 			"DS_DELAY"	""
|   12408|DEBUG|2018/03/16|19:40| 			"F_KILL"	""
|   12408|DEBUG|2018/03/16|19:40| 			"F_LPOS"	""
|   12408|DEBUG|2018/03/16|19:40| 			"URL_DOC"	""
|   12408|DEBUG|2018/03/16|19:40| 		}
|   12408|DEBUG|2018/03/16|19:40| 		ELEM {
|   12408|DEBUG|2018/03/16|19:40| 			NB_PROP	"15"
|   12408|DEBUG|2018/03/16|19:40| 			"TO"	"JO0000000579"
|   12408|DEBUG|2018/03/16|19:40| 			"FROM"	"JO0000000268"
|   12408|DEBUG|2018/03/16|19:40| 			"v_groupexec"	""
|   12408|DEBUG|2018/03/16|19:40| 			"ID"	"LN0000000430"
|   12408|DEBUG|2018/03/16|19:40| 			"ID_ENV"	"EB0000000008"
|   12408|DEBUG|2018/03/16|19:40| 			"ID_APP"	""
|   12408|DEBUG|2018/03/16|19:40| 			"TYPE"	"2"
|   12408|DEBUG|2018/03/16|19:40| 			"V_DESC"	""
|   12408|DEBUG|2018/03/16|19:40| 			"V_USRNAME"	"LIE_423"
|   12408|DEBUG|2018/03/16|19:40| 			"LTYPE"	"0"
|   12408|DEBUG|2018/03/16|19:40| 			"XYWH"	"570 -140 240 30"
|   12408|DEBUG|2018/03/16|19:40| 			"DS_DELAY"	""
|   12408|DEBUG|2018/03/16|19:40| 			"F_KILL"	""
|   12408|DEBUG|2018/03/16|19:40| 			"F_LPOS"	""
|   12408|DEBUG|2018/03/16|19:40| 			"URL_DOC"	""
|   12408|DEBUG|2018/03/16|19:40| 		}
|   12408|DEBUG|2018/03/16|19:40| 		ELEM {
|   12408|DEBUG|2018/03/16|19:40| 			NB_PROP	"15"
|   12408|DEBUG|2018/03/16|19:40| 			"TO"	"JO0000000268"
|   12408|DEBUG|2018/03/16|19:40| 			"FROM"	"JO0000000578"
|   12408|DEBUG|2018/03/16|19:40| 			"v_groupexec"	""
|   12408|DEBUG|2018/03/16|19:40| 			"ID"	"LN0000000431"
|   12408|DEBUG|2018/03/16|19:40| 			"ID_ENV"	"EB0000000008"
|   12408|DEBUG|2018/03/16|19:40| 			"ID_APP"	""
|   12408|DEBUG|2018/03/16|19:40| 			"TYPE"	"2"
|   12408|DEBUG|2018/03/16|19:40| 			"V_DESC"	""
|   12408|DEBUG|2018/03/16|19:40| 			"V_USRNAME"	"LIE_422"
|   12408|DEBUG|2018/03/16|19:40| 			"LTYPE"	"0"
|   12408|DEBUG|2018/03/16|19:40| 			"XYWH"	"570 -180 210 70"
|   12408|DEBUG|2018/03/16|19:40| 			"DS_DELAY"	""
|   12408|DEBUG|2018/03/16|19:40| 			"F_KILL"	""
|   12408|DEBUG|2018/03/16|19:40| 			"F_LPOS"	""
|   12408|DEBUG|2018/03/16|19:40| 			"URL_DOC"	""
|   12408|DEBUG|2018/03/16|19:40| 		}
|   12408|DEBUG|2018/03/16|19:40| 		ELEM {
|   12408|DEBUG|2018/03/16|19:40| 			NB_PROP	"15"
|   12408|DEBUG|2018/03/16|19:40| 			"TO"	"JO0000000583"
|   12408|DEBUG|2018/03/16|19:40| 			"FROM"	"JO0000000298"
|   12408|DEBUG|2018/03/16|19:40| 			"v_groupexec"	""
|   12408|DEBUG|2018/03/16|19:40| 			"ID"	"LN0000000432"
|   12408|DEBUG|2018/03/16|19:40| 			"ID_ENV"	"EB0000000008"
|   12408|DEBUG|2018/03/16|19:40| 			"ID_APP"	""
|   12408|DEBUG|2018/03/16|19:40| 			"TYPE"	"2"
|   12408|DEBUG|2018/03/16|19:40| 			"V_DESC"	""
|   12408|DEBUG|2018/03/16|19:40| 			"V_USRNAME"	"LIE_427"
|   12408|DEBUG|2018/03/16|19:40| 			"LTYPE"	"0"
|   12408|DEBUG|2018/03/16|19:40| 			"XYWH"	"280 1670 120 10"
|   12408|DEBUG|2018/03/16|19:40| 			"DS_DELAY"	""
|   12408|DEBUG|2018/03/16|19:40| 			"F_KILL"	""
|   12408|DEBUG|2018/03/16|19:40| 			"F_LPOS"	""
|   12408|DEBUG|2018/03/16|19:40| 			"URL_DOC"	""
|   12408|DEBUG|2018/03/16|19:40| 		}
|   12408|DEBUG|2018/03/16|19:40| 		ELEM {
|   12408|DEBUG|2018/03/16|19:40| 			NB_PROP	"15"
|   12408|DEBUG|2018/03/16|19:40| 			"TO"	"JO0000000298"
|   12408|DEBUG|2018/03/16|19:40| 			"FROM"	"JO0000000581"
|   12408|DEBUG|2018/03/16|19:40| 			"v_groupexec"	""
|   12408|DEBUG|2018/03/16|19:40| 			"ID"	"LN0000000433"
|   12408|DEBUG|2018/03/16|19:40| 			"ID_ENV"	"EB0000000008"
|   12408|DEBUG|2018/03/16|19:40| 			"ID_APP"	""
|   12408|DEBUG|2018/03/16|19:40| 			"TYPE"	"2"
|   12408|DEBUG|2018/03/16|19:40| 			"V_DESC"	""
|   12408|DEBUG|2018/03/16|19:40| 			"V_USRNAME"	"LIE_426"
|   12408|DEBUG|2018/03/16|19:40| 			"LTYPE"	"0"
|   12408|DEBUG|2018/03/16|19:40| 			"XYWH"	"280 1640 120 30"
|   12408|DEBUG|2018/03/16|19:40| 			"DS_DELAY"	""
|   12408|DEBUG|2018/03/16|19:40| 			"F_KILL"	""
|   12408|DEBUG|2018/03/16|19:40| 			"F_LPOS"	""
|   12408|DEBUG|2018/03/16|19:40| 			"URL_DOC"	""
|   12408|DEBUG|2018/03/16|19:40| 		}
|   12408|DEBUG|2018/03/16|19:40| 		ELEM {
|   12408|DEBUG|2018/03/16|19:40| 			NB_PROP	"15"
|   12408|DEBUG|2018/03/16|19:40| 			"TO"	"JO0000000582"
|   12408|DEBUG|2018/03/16|19:40| 			"FROM"	"JO0000000580"
|   12408|DEBUG|2018/03/16|19:40| 			"v_groupexec"	""
|   12408|DEBUG|2018/03/16|19:40| 			"ID"	"LN0000000434"
|   12408|DEBUG|2018/03/16|19:40| 			"ID_ENV"	"EB0000000008"
|   12408|DEBUG|2018/03/16|19:40| 			"ID_APP"	""
|   12408|DEBUG|2018/03/16|19:40| 			"TYPE"	"2"
|   12408|DEBUG|2018/03/16|19:40| 			"V_DESC"	""
|   12408|DEBUG|2018/03/16|19:40| 			"V_USRNAME"	"LIE_425"
|   12408|DEBUG|2018/03/16|19:40| 			"LTYPE"	"0"
|   12408|DEBUG|2018/03/16|19:40| 			"XYWH"	"-480 230 60 40"
|   12408|DEBUG|2018/03/16|19:40| 			"DS_DELAY"	""
|   12408|DEBUG|2018/03/16|19:40| 			"F_KILL"	""
|   12408|DEBUG|2018/03/16|19:40| 			"F_LPOS"	""
|   12408|DEBUG|2018/03/16|19:40| 			"URL_DOC"	""
|   12408|DEBUG|2018/03/16|19:40| 		}
|   12408|DEBUG|2018/03/16|19:40| 		ELEM {
|   12408|DEBUG|2018/03/16|19:40| 			NB_PROP	"15"
|   12408|DEBUG|2018/03/16|19:40| 			"TO"	"JO0000000331"
|   12408|DEBUG|2018/03/16|19:40| 			"FROM"	"JO0000000586"
|   12408|DEBUG|2018/03/16|19:40| 			"v_groupexec"	""
|   12408|DEBUG|2018/03/16|19:40| 			"ID"	"LN0000000435"
|   12408|DEBUG|2018/03/16|19:40| 			"ID_ENV"	"EB0000000008"
|   12408|DEBUG|2018/03/16|19:40| 			"ID_APP"	""
|   12408|DEBUG|2018/03/16|19:40| 			"TYPE"	"2"
|   12408|DEBUG|2018/03/16|19:40| 			"V_DESC"	""
|   12408|DEBUG|2018/03/16|19:40| 			"V_USRNAME"	"LIE_430"
|   12408|DEBUG|2018/03/16|19:40| 			"LTYPE"	"1"
|   12408|DEBUG|2018/03/16|19:40| 			"XYWH"	"90 820 190 20"
|   12408|DEBUG|2018/03/16|19:40| 			"DS_DELAY"	""
|   12408|DEBUG|2018/03/16|19:40| 			"F_KILL"	""
|   12408|DEBUG|2018/03/16|19:40| 			"F_LPOS"	"1"
|   12408|DEBUG|2018/03/16|19:40| 			"URL_DOC"	""
|   12408|DEBUG|2018/03/16|19:40| 		}
|   12408|DEBUG|2018/03/16|19:40| 		ELEM {
|   12408|DEBUG|2018/03/16|19:40| 			NB_PROP	"15"
|   12408|DEBUG|2018/03/16|19:40| 			"TO"	"JO0000000586"
|   12408|DEBUG|2018/03/16|19:40| 			"FROM"	"JO0000000116"
|   12408|DEBUG|2018/03/16|19:40| 			"v_groupexec"	""
|   12408|DEBUG|2018/03/16|19:40| 			"ID"	"LN0000000436"
|   12408|DEBUG|2018/03/16|19:40| 			"ID_ENV"	"EB0000000008"
|   12408|DEBUG|2018/03/16|19:40| 			"ID_APP"	""
|   12408|DEBUG|2018/03/16|19:40| 			"TYPE"	"2"
|   12408|DEBUG|2018/03/16|19:40| 			"V_DESC"	""
|   12408|DEBUG|2018/03/16|19:40| 			"V_USRNAME"	"LIE_71"
|   12408|DEBUG|2018/03/16|19:40| 			"LTYPE"	"0"
|   12408|DEBUG|2018/03/16|19:40| 			"XYWH"	"310 780 70 40"
|   12408|DEBUG|2018/03/16|19:40| 			"DS_DELAY"	""
|   12408|DEBUG|2018/03/16|19:40| 			"F_KILL"	""
|   12408|DEBUG|2018/03/16|19:40| 			"F_LPOS"	""
|   12408|DEBUG|2018/03/16|19:40| 			"URL_DOC"	""
|   12408|DEBUG|2018/03/16|19:40| 		}
|   12408|DEBUG|2018/03/16|19:40| 		ELEM {
|   12408|DEBUG|2018/03/16|19:40| 			NB_PROP	"15"
|   12408|DEBUG|2018/03/16|19:40| 			"TO"	"JO0000000290"
|   12408|DEBUG|2018/03/16|19:40| 			"FROM"	"JO0000000584"
|   12408|DEBUG|2018/03/16|19:40| 			"v_groupexec"	""
|   12408|DEBUG|2018/03/16|19:40| 			"ID"	"LN0000000437"
|   12408|DEBUG|2018/03/16|19:40| 			"ID_ENV"	"EB0000000008"
|   12408|DEBUG|2018/03/16|19:40| 			"ID_APP"	""
|   12408|DEBUG|2018/03/16|19:40| 			"TYPE"	"2"
|   12408|DEBUG|2018/03/16|19:40| 			"V_DESC"	""
|   12408|DEBUG|2018/03/16|19:40| 			"V_USRNAME"	"LIE_428"
|   12408|DEBUG|2018/03/16|19:40| 			"LTYPE"	"0"
|   12408|DEBUG|2018/03/16|19:40| 			"XYWH"	"180 -20 40 130"
|   12408|DEBUG|2018/03/16|19:40| 			"DS_DELAY"	""
|   12408|DEBUG|2018/03/16|19:40| 			"F_KILL"	""
|   12408|DEBUG|2018/03/16|19:40| 			"F_LPOS"	""
|   12408|DEBUG|2018/03/16|19:40| 			"URL_DOC"	""
|   12408|DEBUG|2018/03/16|19:40| 		}
|   12408|DEBUG|2018/03/16|19:40| 		ELEM {
|   12408|DEBUG|2018/03/16|19:40| 			NB_PROP	"15"
|   12408|DEBUG|2018/03/16|19:40| 			"TO"	"JO0000000591"
|   12408|DEBUG|2018/03/16|19:40| 			"FROM"	"JO0000000440"
|   12408|DEBUG|2018/03/16|19:40| 			"v_groupexec"	""
|   12408|DEBUG|2018/03/16|19:40| 			"ID"	"LN0000000438"
|   12408|DEBUG|2018/03/16|19:40| 			"ID_ENV"	"EB0000000008"
|   12408|DEBUG|2018/03/16|19:40| 			"ID_APP"	""
|   12408|DEBUG|2018/03/16|19:40| 			"TYPE"	"2"
|   12408|DEBUG|2018/03/16|19:40| 			"V_DESC"	""
|   12408|DEBUG|2018/03/16|19:40| 			"V_USRNAME"	"LIE_436"
|   12408|DEBUG|2018/03/16|19:40| 			"LTYPE"	"0"
|   12408|DEBUG|2018/03/16|19:40| 			"XYWH"	"-400 750 80 20"
|   12408|DEBUG|2018/03/16|19:40| 			"DS_DELAY"	""
|   12408|DEBUG|2018/03/16|19:40| 			"F_KILL"	""
|   12408|DEBUG|2018/03/16|19:40| 			"F_LPOS"	""
|   12408|DEBUG|2018/03/16|19:40| 			"URL_DOC"	""
|   12408|DEBUG|2018/03/16|19:40| 		}
|   12408|DEBUG|2018/03/16|19:40| 		ELEM {
|   12408|DEBUG|2018/03/16|19:40| 			NB_PROP	"15"
|   12408|DEBUG|2018/03/16|19:40| 			"TO"	"JO0000000591"
|   12408|DEBUG|2018/03/16|19:40| 			"FROM"	"JO0000000441"
|   12408|DEBUG|2018/03/16|19:40| 			"v_groupexec"	""
|   12408|DEBUG|2018/03/16|19:40| 			"ID"	"LN0000000439"
|   12408|DEBUG|2018/03/16|19:40| 			"ID_ENV"	"EB0000000008"
|   12408|DEBUG|2018/03/16|19:40| 			"ID_APP"	""
|   12408|DEBUG|2018/03/16|19:40| 			"TYPE"	"2"
|   12408|DEBUG|2018/03/16|19:40| 			"V_DESC"	""
|   12408|DEBUG|2018/03/16|19:40| 			"V_USRNAME"	"LIE_435"
|   12408|DEBUG|2018/03/16|19:40| 			"LTYPE"	"0"
|   12408|DEBUG|2018/03/16|19:40| 			"XYWH"	"-460 750 30 40"
|   12408|DEBUG|2018/03/16|19:40| 			"DS_DELAY"	""
|   12408|DEBUG|2018/03/16|19:40| 			"F_KILL"	""
|   12408|DEBUG|2018/03/16|19:40| 			"F_LPOS"	""
|   12408|DEBUG|2018/03/16|19:40| 			"URL_DOC"	""
|   12408|DEBUG|2018/03/16|19:40| 		}
|   12408|DEBUG|2018/03/16|19:40| 		ELEM {
|   12408|DEBUG|2018/03/16|19:40| 			NB_PROP	"15"
|   12408|DEBUG|2018/03/16|19:40| 			"TO"	"JO0000000440"
|   12408|DEBUG|2018/03/16|19:40| 			"FROM"	"JO0000000590"
|   12408|DEBUG|2018/03/16|19:40| 			"v_groupexec"	""
|   12408|DEBUG|2018/03/16|19:40| 			"ID"	"LN0000000440"
|   12408|DEBUG|2018/03/16|19:40| 			"ID_ENV"	"EB0000000008"
|   12408|DEBUG|2018/03/16|19:40| 			"ID_APP"	""
|   12408|DEBUG|2018/03/16|19:40| 			"TYPE"	"2"
|   12408|DEBUG|2018/03/16|19:40| 			"V_DESC"	""
|   12408|DEBUG|2018/03/16|19:40| 			"V_USRNAME"	"LIE_434"
|   12408|DEBUG|2018/03/16|19:40| 			"LTYPE"	"0"
|   12409|DEBUG|2018/03/16|19:40| 			"XYWH"	"-370 710 50 60"
|   12409|DEBUG|2018/03/16|19:40| 			"DS_DELAY"	""
|   12409|DEBUG|2018/03/16|19:40| 			"F_KILL"	""
|   12409|DEBUG|2018/03/16|19:40| 			"F_LPOS"	""
|   12409|DEBUG|2018/03/16|19:40| 			"URL_DOC"	""
|   12409|DEBUG|2018/03/16|19:40| 		}
|   12409|DEBUG|2018/03/16|19:40| 		ELEM {
|   12409|DEBUG|2018/03/16|19:40| 			NB_PROP	"15"
|   12409|DEBUG|2018/03/16|19:40| 			"TO"	"JO0000000441"
|   12409|DEBUG|2018/03/16|19:40| 			"FROM"	"JO0000000590"
|   12409|DEBUG|2018/03/16|19:40| 			"v_groupexec"	""
|   12409|DEBUG|2018/03/16|19:40| 			"ID"	"LN0000000441"
|   12409|DEBUG|2018/03/16|19:40| 			"ID_ENV"	"EB0000000008"
|   12409|DEBUG|2018/03/16|19:40| 			"ID_APP"	""
|   12409|DEBUG|2018/03/16|19:40| 			"TYPE"	"2"
|   12409|DEBUG|2018/03/16|19:40| 			"V_DESC"	""
|   12409|DEBUG|2018/03/16|19:40| 			"V_USRNAME"	"LIE_433"
|   12409|DEBUG|2018/03/16|19:40| 			"LTYPE"	"0"
|   12409|DEBUG|2018/03/16|19:40| 			"XYWH"	"-410 730 30 30"
|   12409|DEBUG|2018/03/16|19:40| 			"DS_DELAY"	""
|   12409|DEBUG|2018/03/16|19:40| 			"F_KILL"	""
|   12409|DEBUG|2018/03/16|19:40| 			"F_LPOS"	""
|   12409|DEBUG|2018/03/16|19:40| 			"URL_DOC"	""
|   12409|DEBUG|2018/03/16|19:40| 		}
|   12409|DEBUG|2018/03/16|19:40| 		ELEM {
|   12409|DEBUG|2018/03/16|19:40| 			NB_PROP	"15"
|   12409|DEBUG|2018/03/16|19:40| 			"TO"	"JO0000000116"
|   12409|DEBUG|2018/03/16|19:40| 			"FROM"	"JO0000000146"
|   12409|DEBUG|2018/03/16|19:40| 			"v_groupexec"	""
|   12409|DEBUG|2018/03/16|19:40| 			"ID"	"LN0000000442"
|   12409|DEBUG|2018/03/16|19:40| 			"ID_ENV"	"EB0000000008"
|   12409|DEBUG|2018/03/16|19:40| 			"ID_APP"	""
|   12409|DEBUG|2018/03/16|19:40| 			"TYPE"	"2"
|   12409|DEBUG|2018/03/16|19:40| 			"V_DESC"	""
|   12409|DEBUG|2018/03/16|19:40| 			"V_USRNAME"	"LIE_70"
|   12409|DEBUG|2018/03/16|19:40| 			"LTYPE"	"0"
|   12409|DEBUG|2018/03/16|19:40| 			"XYWH"	"390 740 10 30"
|   12409|DEBUG|2018/03/16|19:40| 			"DS_DELAY"	""
|   12409|DEBUG|2018/03/16|19:40| 			"F_KILL"	""
|   12409|DEBUG|2018/03/16|19:40| 			"F_LPOS"	""
|   12409|DEBUG|2018/03/16|19:40| 			"URL_DOC"	""
|   12409|DEBUG|2018/03/16|19:40| 		}
|   12409|DEBUG|2018/03/16|19:40| 		ELEM {
|   12409|DEBUG|2018/03/16|19:40| 			NB_PROP	"15"
|   12409|DEBUG|2018/03/16|19:40| 			"TO"	"JO0000000588"
|   12409|DEBUG|2018/03/16|19:40| 			"FROM"	"JO0000000587"
|   12409|DEBUG|2018/03/16|19:40| 			"v_groupexec"	""
|   12409|DEBUG|2018/03/16|19:40| 			"ID"	"LN0000000443"
|   12409|DEBUG|2018/03/16|19:40| 			"ID_ENV"	"EB0000000008"
|   12409|DEBUG|2018/03/16|19:40| 			"ID_APP"	""
|   12409|DEBUG|2018/03/16|19:40| 			"TYPE"	"2"
|   12409|DEBUG|2018/03/16|19:40| 			"V_DESC"	""
|   12409|DEBUG|2018/03/16|19:40| 			"V_USRNAME"	"LIE_437"
|   12409|DEBUG|2018/03/16|19:40| 			"LTYPE"	"0"
|   12409|DEBUG|2018/03/16|19:40| 			"XYWH"	"140 730 10 30"
|   12409|DEBUG|2018/03/16|19:40| 			"DS_DELAY"	""
|   12409|DEBUG|2018/03/16|19:40| 			"F_KILL"	""
|   12409|DEBUG|2018/03/16|19:40| 			"F_LPOS"	""
|   12409|DEBUG|2018/03/16|19:40| 			"URL_DOC"	""
|   12409|DEBUG|2018/03/16|19:40| 		}
|   12409|DEBUG|2018/03/16|19:40| 		ELEM {
|   12409|DEBUG|2018/03/16|19:40| 			NB_PROP	"15"
|   12409|DEBUG|2018/03/16|19:40| 			"TO"	"JO0000000116"
|   12409|DEBUG|2018/03/16|19:40| 			"FROM"	"JO0000000592"
|   12409|DEBUG|2018/03/16|19:40| 			"v_groupexec"	""
|   12409|DEBUG|2018/03/16|19:40| 			"ID"	"LN0000000444"
|   12409|DEBUG|2018/03/16|19:40| 			"ID_ENV"	"EB0000000008"
|   12409|DEBUG|2018/03/16|19:40| 			"ID_APP"	""
|   12409|DEBUG|2018/03/16|19:40| 			"TYPE"	"2"
|   12409|DEBUG|2018/03/16|19:40| 			"V_DESC"	""
|   12409|DEBUG|2018/03/16|19:40| 			"V_USRNAME"	"LIE_439"
|   12409|DEBUG|2018/03/16|19:40| 			"LTYPE"	"1"
|   12409|DEBUG|2018/03/16|19:40| 			"XYWH"	"240 780 140 10"
|   12409|DEBUG|2018/03/16|19:40| 			"DS_DELAY"	""
|   12409|DEBUG|2018/03/16|19:40| 			"F_KILL"	""
|   12409|DEBUG|2018/03/16|19:40| 			"F_LPOS"	"1"
|   12409|DEBUG|2018/03/16|19:40| 			"URL_DOC"	""
|   12409|DEBUG|2018/03/16|19:40| 		}
|   12409|DEBUG|2018/03/16|19:40| 		ELEM {
|   12409|DEBUG|2018/03/16|19:40| 			NB_PROP	"15"
|   12409|DEBUG|2018/03/16|19:40| 			"TO"	"JO0000000592"
|   12409|DEBUG|2018/03/16|19:40| 			"FROM"	"JO0000000589"
|   12409|DEBUG|2018/03/16|19:40| 			"v_groupexec"	""
|   12409|DEBUG|2018/03/16|19:40| 			"ID"	"LN0000000445"
|   12409|DEBUG|2018/03/16|19:40| 			"ID_ENV"	"EB0000000008"
|   12409|DEBUG|2018/03/16|19:40| 			"ID_APP"	""
|   12409|DEBUG|2018/03/16|19:40| 			"TYPE"	"2"
|   12409|DEBUG|2018/03/16|19:40| 			"V_DESC"	""
|   12409|DEBUG|2018/03/16|19:40| 			"V_USRNAME"	"LIE_438"
|   12409|DEBUG|2018/03/16|19:40| 			"LTYPE"	"0"
|   12409|DEBUG|2018/03/16|19:40| 			"XYWH"	"140 730 70 50"
|   12409|DEBUG|2018/03/16|19:40| 			"DS_DELAY"	""
|   12409|DEBUG|2018/03/16|19:40| 			"F_KILL"	""
|   12409|DEBUG|2018/03/16|19:40| 			"F_LPOS"	""
|   12409|DEBUG|2018/03/16|19:40| 			"URL_DOC"	""
|   12409|DEBUG|2018/03/16|19:40| 		}
|   12409|DEBUG|2018/03/16|19:40| 		ELEM {
|   12409|DEBUG|2018/03/16|19:40| 			NB_PROP	"15"
|   12409|DEBUG|2018/03/16|19:40| 			"TO"	"JO0000000589"
|   12409|DEBUG|2018/03/16|19:40| 			"FROM"	"JO0000000587"
|   12409|DEBUG|2018/03/16|19:40| 			"v_groupexec"	""
|   12409|DEBUG|2018/03/16|19:40| 			"ID"	"LN0000000446"
|   12409|DEBUG|2018/03/16|19:40| 			"ID_ENV"	"EB0000000008"
|   12409|DEBUG|2018/03/16|19:40| 			"ID_APP"	""
|   12409|DEBUG|2018/03/16|19:40| 			"TYPE"	"2"
|   12409|DEBUG|2018/03/16|19:40| 			"V_DESC"	""
|   12409|DEBUG|2018/03/16|19:40| 			"V_USRNAME"	"LIE_431"
|   12409|DEBUG|2018/03/16|19:40| 			"LTYPE"	"0"
|   12409|DEBUG|2018/03/16|19:40| 			"XYWH"	"160 710 30 70"
|   12409|DEBUG|2018/03/16|19:40| 			"DS_DELAY"	""
|   12409|DEBUG|2018/03/16|19:40| 			"F_KILL"	""
|   12409|DEBUG|2018/03/16|19:40| 			"F_LPOS"	""
|   12409|DEBUG|2018/03/16|19:40| 			"URL_DOC"	""
|   12409|DEBUG|2018/03/16|19:40| 		}
|   12409|DEBUG|2018/03/16|19:40| 		ELEM {
|   12409|DEBUG|2018/03/16|19:40| 			NB_PROP	"15"
|   12409|DEBUG|2018/03/16|19:40| 			"TO"	"JO0000000592"
|   12409|DEBUG|2018/03/16|19:40| 			"FROM"	"JO0000000588"
|   12409|DEBUG|2018/03/16|19:40| 			"v_groupexec"	""
|   12409|DEBUG|2018/03/16|19:40| 			"ID"	"LN0000000447"
|   12409|DEBUG|2018/03/16|19:40| 			"ID_ENV"	"EB0000000008"
|   12409|DEBUG|2018/03/16|19:40| 			"ID_APP"	""
|   12409|DEBUG|2018/03/16|19:40| 			"TYPE"	"2"
|   12409|DEBUG|2018/03/16|19:40| 			"V_DESC"	""
|   12409|DEBUG|2018/03/16|19:40| 			"V_USRNAME"	"LIE_432"
|   12409|DEBUG|2018/03/16|19:40| 			"LTYPE"	"0"
|   12409|DEBUG|2018/03/16|19:40| 			"XYWH"	"70 770 100 10"
|   12409|DEBUG|2018/03/16|19:40| 			"DS_DELAY"	""
|   12409|DEBUG|2018/03/16|19:40| 			"F_KILL"	""
|   12409|DEBUG|2018/03/16|19:40| 			"F_LPOS"	""
|   12409|DEBUG|2018/03/16|19:40| 			"URL_DOC"	""
|   12409|DEBUG|2018/03/16|19:40| 		}
|   12409|DEBUG|2018/03/16|19:40| 		ELEM {
|   12409|DEBUG|2018/03/16|19:40| 			NB_PROP	"15"
|   12409|DEBUG|2018/03/16|19:40| 			"TO"	"JO0000000585"
|   12409|DEBUG|2018/03/16|19:40| 			"FROM"	"JO0000000584"
|   12409|DEBUG|2018/03/16|19:40| 			"v_groupexec"	""
|   12409|DEBUG|2018/03/16|19:40| 			"ID"	"LN0000000448"
|   12409|DEBUG|2018/03/16|19:40| 			"ID_ENV"	"EB0000000008"
|   12409|DEBUG|2018/03/16|19:40| 			"ID_APP"	""
|   12409|DEBUG|2018/03/16|19:40| 			"TYPE"	"2"
|   12409|DEBUG|2018/03/16|19:40| 			"V_DESC"	""
|   12409|DEBUG|2018/03/16|19:40| 			"V_USRNAME"	"LIE_429"
|   12409|DEBUG|2018/03/16|19:40| 			"LTYPE"	"0"
|   12409|DEBUG|2018/03/16|19:40| 			"XYWH"	"120 -20 30 50"
|   12409|DEBUG|2018/03/16|19:40| 			"DS_DELAY"	""
|   12409|DEBUG|2018/03/16|19:40| 			"F_KILL"	""
|   12409|DEBUG|2018/03/16|19:40| 			"F_LPOS"	""
|   12409|DEBUG|2018/03/16|19:40| 			"URL_DOC"	""
|   12409|DEBUG|2018/03/16|19:40| 		}
|   12409|DEBUG|2018/03/16|19:40| 		ELEM {
|   12409|DEBUG|2018/03/16|19:40| 			NB_PROP	"15"
|   12409|DEBUG|2018/03/16|19:40| 			"TO"	"JO0000000593"
|   12409|DEBUG|2018/03/16|19:40| 			"FROM"	"JO0000000116"
|   12409|DEBUG|2018/03/16|19:40| 			"v_groupexec"	""
|   12409|DEBUG|2018/03/16|19:40| 			"ID"	"LN0000000449"
|   12409|DEBUG|2018/03/16|19:40| 			"ID_ENV"	"EB0000000008"
|   12409|DEBUG|2018/03/16|19:40| 			"ID_APP"	""
|   12409|DEBUG|2018/03/16|19:40| 			"TYPE"	"2"
|   12409|DEBUG|2018/03/16|19:40| 			"V_DESC"	""
|   12409|DEBUG|2018/03/16|19:40| 			"V_USRNAME"	"LIE_440"
|   12409|DEBUG|2018/03/16|19:40| 			"LTYPE"	"0"
|   12409|DEBUG|2018/03/16|19:40| 			"XYWH"	"410 780 50 40"
|   12409|DEBUG|2018/03/16|19:40| 			"DS_DELAY"	""
|   12409|DEBUG|2018/03/16|19:40| 			"F_KILL"	""
|   12409|DEBUG|2018/03/16|19:40| 			"F_LPOS"	""
|   12409|DEBUG|2018/03/16|19:40| 			"URL_DOC"	""
|   12409|DEBUG|2018/03/16|19:40| 		}
|   12409|DEBUG|2018/03/16|19:40| 		ELEM {
|   12409|DEBUG|2018/03/16|19:40| 			NB_PROP	"15"
|   12409|DEBUG|2018/03/16|19:40| 			"TO"	"JO0000000295"
|   12409|DEBUG|2018/03/16|19:40| 			"FROM"	"JO0000000296"
|   12409|DEBUG|2018/03/16|19:40| 			"v_groupexec"	""
|   12409|DEBUG|2018/03/16|19:40| 			"ID"	"LN0000000450"
|   12409|DEBUG|2018/03/16|19:40| 			"ID_ENV"	"EB0000000008"
|   12409|DEBUG|2018/03/16|19:40| 			"ID_APP"	""
|   12409|DEBUG|2018/03/16|19:40| 			"TYPE"	"2"
|   12409|DEBUG|2018/03/16|19:40| 			"V_DESC"	""
|   12409|DEBUG|2018/03/16|19:40| 			"V_USRNAME"	"LIE_443"
|   12409|DEBUG|2018/03/16|19:40| 			"LTYPE"	"0"
|   12409|DEBUG|2018/03/16|19:40| 			"XYWH"	"260 2110 10 100"
|   12409|DEBUG|2018/03/16|19:40| 			"DS_DELAY"	""
|   12409|DEBUG|2018/03/16|19:40| 			"F_KILL"	""
|   12409|DEBUG|2018/03/16|19:40| 			"F_LPOS"	""
|   12409|DEBUG|2018/03/16|19:40| 			"URL_DOC"	""
|   12409|DEBUG|2018/03/16|19:40| 		}
|   12409|DEBUG|2018/03/16|19:40| 		ELEM {
|   12409|DEBUG|2018/03/16|19:40| 			NB_PROP	"15"
|   12409|DEBUG|2018/03/16|19:40| 			"TO"	"JO0000000295"
|   12409|DEBUG|2018/03/16|19:40| 			"FROM"	"JO0000000338"
|   12409|DEBUG|2018/03/16|19:40| 			"v_groupexec"	""
|   12409|DEBUG|2018/03/16|19:40| 			"ID"	"LN0000000451"
|   12409|DEBUG|2018/03/16|19:40| 			"ID_ENV"	"EB0000000008"
|   12409|DEBUG|2018/03/16|19:40| 			"ID_APP"	""
|   12409|DEBUG|2018/03/16|19:40| 			"TYPE"	"2"
|   12409|DEBUG|2018/03/16|19:40| 			"V_DESC"	""
|   12409|DEBUG|2018/03/16|19:40| 			"V_USRNAME"	"LIE_442"
|   12409|DEBUG|2018/03/16|19:40| 			"LTYPE"	"0"
|   12409|DEBUG|2018/03/16|19:40| 			"XYWH"	"280 980 180 1240"
|   12409|DEBUG|2018/03/16|19:40| 			"DS_DELAY"	""
|   12409|DEBUG|2018/03/16|19:40| 			"F_KILL"	""
|   12409|DEBUG|2018/03/16|19:40| 			"F_LPOS"	""
|   12409|DEBUG|2018/03/16|19:40| 			"URL_DOC"	""
|   12409|DEBUG|2018/03/16|19:40| 		}
|   12409|DEBUG|2018/03/16|19:40| 		ELEM {
|   12409|DEBUG|2018/03/16|19:40| 			NB_PROP	"15"
|   12409|DEBUG|2018/03/16|19:40| 			"TO"	"JO0000000295"
|   12409|DEBUG|2018/03/16|19:40| 			"FROM"	"JO0000000382"
|   12409|DEBUG|2018/03/16|19:40| 			"v_groupexec"	""
|   12409|DEBUG|2018/03/16|19:40| 			"ID"	"LN0000000452"
|   12409|DEBUG|2018/03/16|19:40| 			"ID_ENV"	"EB0000000008"
|   12409|DEBUG|2018/03/16|19:40| 			"ID_APP"	""
|   12409|DEBUG|2018/03/16|19:40| 			"TYPE"	"2"
|   12409|DEBUG|2018/03/16|19:40| 			"V_DESC"	""
|   12409|DEBUG|2018/03/16|19:40| 			"V_USRNAME"	"LIE_441"
|   12409|DEBUG|2018/03/16|19:40| 			"LTYPE"	"0"
|   12409|DEBUG|2018/03/16|19:40| 			"XYWH"	"90 900 160 1320"
|   12409|DEBUG|2018/03/16|19:40| 			"DS_DELAY"	""
|   12409|DEBUG|2018/03/16|19:40| 			"F_KILL"	""
|   12409|DEBUG|2018/03/16|19:40| 			"F_LPOS"	""
|   12409|DEBUG|2018/03/16|19:40| 			"URL_DOC"	""
|   12409|DEBUG|2018/03/16|19:40| 		}
|   12409|DEBUG|2018/03/16|19:40| 		ELEM {
|   12409|DEBUG|2018/03/16|19:40| 			NB_PROP	"15"
|   12409|DEBUG|2018/03/16|19:40| 			"TO"	"JO0000000596"
|   12409|DEBUG|2018/03/16|19:40| 			"FROM"	"JO0000000594"
|   12409|DEBUG|2018/03/16|19:40| 			"v_groupexec"	""
|   12410|DEBUG|2018/03/16|19:40| 			"ID"	"LN0000000453"
|   12410|DEBUG|2018/03/16|19:40| 			"ID_ENV"	"EB0000000008"
|   12410|DEBUG|2018/03/16|19:40| 			"ID_APP"	""
|   12410|DEBUG|2018/03/16|19:40| 			"TYPE"	"2"
|   12410|DEBUG|2018/03/16|19:40| 			"V_DESC"	""
|   12410|DEBUG|2018/03/16|19:40| 			"V_USRNAME"	"LIE_431_C0"
|   12410|DEBUG|2018/03/16|19:40| 			"LTYPE"	"0"
|   12410|DEBUG|2018/03/16|19:40| 			"XYWH"	"160 710 30 70"
|   12410|DEBUG|2018/03/16|19:40| 			"DS_DELAY"	""
|   12410|DEBUG|2018/03/16|19:40| 			"F_KILL"	""
|   12410|DEBUG|2018/03/16|19:40| 			"F_LPOS"	""
|   12410|DEBUG|2018/03/16|19:40| 			"URL_DOC"	""
|   12410|DEBUG|2018/03/16|19:40| 		}
|   12410|DEBUG|2018/03/16|19:40| 		ELEM {
|   12410|DEBUG|2018/03/16|19:40| 			NB_PROP	"15"
|   12410|DEBUG|2018/03/16|19:40| 			"TO"	"JO0000000504"
|   12410|DEBUG|2018/03/16|19:40| 			"FROM"	"JO0000000304"
|   12410|DEBUG|2018/03/16|19:40| 			"v_groupexec"	""
|   12410|DEBUG|2018/03/16|19:40| 			"ID"	"LN0000000454"
|   12410|DEBUG|2018/03/16|19:40| 			"ID_ENV"	"EB0000000008"
|   12410|DEBUG|2018/03/16|19:40| 			"ID_APP"	""
|   12410|DEBUG|2018/03/16|19:40| 			"TYPE"	"2"
|   12410|DEBUG|2018/03/16|19:40| 			"V_DESC"	""
|   12410|DEBUG|2018/03/16|19:40| 			"V_USRNAME"	"LIE_271"
|   12410|DEBUG|2018/03/16|19:40| 			"LTYPE"	"0"
|   12410|DEBUG|2018/03/16|19:40| 			"XYWH"	"660 2720 10 30"
|   12410|DEBUG|2018/03/16|19:40| 			"DS_DELAY"	""
|   12410|DEBUG|2018/03/16|19:40| 			"F_KILL"	""
|   12410|DEBUG|2018/03/16|19:40| 			"F_LPOS"	""
|   12410|DEBUG|2018/03/16|19:40| 			"URL_DOC"	""
|   12410|DEBUG|2018/03/16|19:40| 		}
|   12410|DEBUG|2018/03/16|19:40| 		ELEM {
|   12410|DEBUG|2018/03/16|19:40| 			NB_PROP	"15"
|   12410|DEBUG|2018/03/16|19:40| 			"TO"	"JO0000000305"
|   12410|DEBUG|2018/03/16|19:40| 			"FROM"	"JO0000000561"
|   12410|DEBUG|2018/03/16|19:40| 			"v_groupexec"	""
|   12410|DEBUG|2018/03/16|19:40| 			"ID"	"LN0000000455"
|   12410|DEBUG|2018/03/16|19:40| 			"ID_ENV"	"EB0000000008"
|   12410|DEBUG|2018/03/16|19:40| 			"ID_APP"	""
|   12410|DEBUG|2018/03/16|19:40| 			"TYPE"	"2"
|   12410|DEBUG|2018/03/16|19:40| 			"V_DESC"	""
|   12410|DEBUG|2018/03/16|19:40| 			"V_USRNAME"	"LIE_270"
|   12410|DEBUG|2018/03/16|19:40| 			"LTYPE"	"0"
|   12410|DEBUG|2018/03/16|19:40| 			"XYWH"	"380 2570 80 10"
|   12410|DEBUG|2018/03/16|19:40| 			"DS_DELAY"	""
|   12410|DEBUG|2018/03/16|19:40| 			"F_KILL"	""
|   12410|DEBUG|2018/03/16|19:40| 			"F_LPOS"	""
|   12410|DEBUG|2018/03/16|19:40| 			"URL_DOC"	""
|   12410|DEBUG|2018/03/16|19:40| 		}
|   12410|DEBUG|2018/03/16|19:40| 		ELEM {
|   12410|DEBUG|2018/03/16|19:40| 			NB_PROP	"15"
|   12410|DEBUG|2018/03/16|19:40| 			"TO"	"JO0000000594"
|   12410|DEBUG|2018/03/16|19:40| 			"FROM"	"JO0000000179"
|   12410|DEBUG|2018/03/16|19:40| 			"v_groupexec"	""
|   12410|DEBUG|2018/03/16|19:40| 			"ID"	"LN0000000456"
|   12410|DEBUG|2018/03/16|19:40| 			"ID_ENV"	"EB0000000008"
|   12410|DEBUG|2018/03/16|19:40| 			"ID_APP"	""
|   12410|DEBUG|2018/03/16|19:40| 			"TYPE"	"2"
|   12410|DEBUG|2018/03/16|19:40| 			"V_DESC"	""
|   12410|DEBUG|2018/03/16|19:40| 			"V_USRNAME"	"LIE_180"
|   12410|DEBUG|2018/03/16|19:40| 			"LTYPE"	"0"
|   12410|DEBUG|2018/03/16|19:40| 			"XYWH"	"600 2570 90 10"
|   12410|DEBUG|2018/03/16|19:40| 			"DS_DELAY"	""
|   12410|DEBUG|2018/03/16|19:40| 			"F_KILL"	""
|   12410|DEBUG|2018/03/16|19:40| 			"F_LPOS"	""
|   12410|DEBUG|2018/03/16|19:40| 			"URL_DOC"	""
|   12410|DEBUG|2018/03/16|19:40| 		}
|   12410|DEBUG|2018/03/16|19:40| 		ELEM {
|   12410|DEBUG|2018/03/16|19:40| 			NB_PROP	"15"
|   12410|DEBUG|2018/03/16|19:40| 			"TO"	"JO0000000597"
|   12410|DEBUG|2018/03/16|19:40| 			"FROM"	"JO0000000461"
|   12410|DEBUG|2018/03/16|19:40| 			"v_groupexec"	""
|   12410|DEBUG|2018/03/16|19:40| 			"ID"	"LN0000000457"
|   12410|DEBUG|2018/03/16|19:40| 			"ID_ENV"	"EB0000000008"
|   12410|DEBUG|2018/03/16|19:40| 			"ID_APP"	""
|   12410|DEBUG|2018/03/16|19:40| 			"TYPE"	"2"
|   12410|DEBUG|2018/03/16|19:40| 			"V_DESC"	""
|   12410|DEBUG|2018/03/16|19:40| 			"V_USRNAME"	"LIE_447"
|   12410|DEBUG|2018/03/16|19:40| 			"LTYPE"	"0"
|   12410|DEBUG|2018/03/16|19:40| 			"XYWH"	"340 3000 10 20"
|   12410|DEBUG|2018/03/16|19:40| 			"DS_DELAY"	""
|   12410|DEBUG|2018/03/16|19:40| 			"F_KILL"	""
|   12410|DEBUG|2018/03/16|19:40| 			"F_LPOS"	""
|   12410|DEBUG|2018/03/16|19:40| 			"URL_DOC"	""
|   12410|DEBUG|2018/03/16|19:40| 		}
|   12410|DEBUG|2018/03/16|19:40| 		ELEM {
|   12410|DEBUG|2018/03/16|19:40| 			NB_PROP	"15"
|   12410|DEBUG|2018/03/16|19:40| 			"TO"	"JO0000000595"
|   12410|DEBUG|2018/03/16|19:40| 			"FROM"	"JO0000000594"
|   12410|DEBUG|2018/03/16|19:40| 			"v_groupexec"	""
|   12410|DEBUG|2018/03/16|19:40| 			"ID"	"LN0000000458"
|   12410|DEBUG|2018/03/16|19:40| 			"ID_ENV"	"EB0000000008"
|   12410|DEBUG|2018/03/16|19:40| 			"ID_APP"	""
|   12410|DEBUG|2018/03/16|19:40| 			"TYPE"	"2"
|   12410|DEBUG|2018/03/16|19:40| 			"V_DESC"	""
|   12410|DEBUG|2018/03/16|19:40| 			"V_USRNAME"	"LIE_446"
|   12410|DEBUG|2018/03/16|19:40| 			"LTYPE"	"0"
|   12410|DEBUG|2018/03/16|19:40| 			"XYWH"	"670 2590 10 30"
|   12410|DEBUG|2018/03/16|19:40| 			"DS_DELAY"	""
|   12410|DEBUG|2018/03/16|19:40| 			"F_KILL"	""
|   12410|DEBUG|2018/03/16|19:40| 			"F_LPOS"	""
|   12410|DEBUG|2018/03/16|19:40| 			"URL_DOC"	""
|   12410|DEBUG|2018/03/16|19:40| 		}
|   12410|DEBUG|2018/03/16|19:40| 		ELEM {
|   12410|DEBUG|2018/03/16|19:40| 			NB_PROP	"15"
|   12410|DEBUG|2018/03/16|19:40| 			"TO"	"JO0000000304"
|   12410|DEBUG|2018/03/16|19:40| 			"FROM"	"JO0000000596"
|   12410|DEBUG|2018/03/16|19:40| 			"v_groupexec"	""
|   12410|DEBUG|2018/03/16|19:40| 			"ID"	"LN0000000459"
|   12410|DEBUG|2018/03/16|19:40| 			"ID_ENV"	"EB0000000008"
|   12410|DEBUG|2018/03/16|19:40| 			"ID_APP"	""
|   12410|DEBUG|2018/03/16|19:40| 			"TYPE"	"2"
|   12410|DEBUG|2018/03/16|19:40| 			"V_DESC"	""
|   12410|DEBUG|2018/03/16|19:40| 			"V_USRNAME"	"LIE_444"
|   12410|DEBUG|2018/03/16|19:40| 			"LTYPE"	"0"
|   12410|DEBUG|2018/03/16|19:40| 			"XYWH"	"820 2590 10 80"
|   12410|DEBUG|2018/03/16|19:40| 			"DS_DELAY"	""
|   12410|DEBUG|2018/03/16|19:40| 			"F_KILL"	""
|   12410|DEBUG|2018/03/16|19:40| 			"F_LPOS"	""
|   12410|DEBUG|2018/03/16|19:40| 			"URL_DOC"	""
|   12410|DEBUG|2018/03/16|19:40| 		}
|   12410|DEBUG|2018/03/16|19:40| 		ELEM {
|   12410|DEBUG|2018/03/16|19:40| 			NB_PROP	"15"
|   12410|DEBUG|2018/03/16|19:40| 			"TO"	"JO0000000472"
|   12410|DEBUG|2018/03/16|19:40| 			"FROM"	"JO0000000595"
|   12410|DEBUG|2018/03/16|19:40| 			"v_groupexec"	""
|   12410|DEBUG|2018/03/16|19:40| 			"ID"	"LN0000000460"
|   12410|DEBUG|2018/03/16|19:40| 			"ID_ENV"	"EB0000000008"
|   12410|DEBUG|2018/03/16|19:40| 			"ID_APP"	""
|   12410|DEBUG|2018/03/16|19:40| 			"TYPE"	"2"
|   12410|DEBUG|2018/03/16|19:40| 			"V_DESC"	""
|   12410|DEBUG|2018/03/16|19:40| 			"V_USRNAME"	"LIE_448"
|   12410|DEBUG|2018/03/16|19:40| 			"LTYPE"	"0"
|   12410|DEBUG|2018/03/16|19:40| 			"XYWH"	"670 2650 10 30"
|   12410|DEBUG|2018/03/16|19:40| 			"DS_DELAY"	""
|   12410|DEBUG|2018/03/16|19:40| 			"F_KILL"	""
|   12410|DEBUG|2018/03/16|19:40| 			"F_LPOS"	""
|   12410|DEBUG|2018/03/16|19:40| 			"URL_DOC"	""
|   12410|DEBUG|2018/03/16|19:40| 		}
|   12410|DEBUG|2018/03/16|19:40| 		ELEM {
|   12410|DEBUG|2018/03/16|19:40| 			NB_PROP	"15"
|   12410|DEBUG|2018/03/16|19:40| 			"TO"	"JO0000000178"
|   12410|DEBUG|2018/03/16|19:40| 			"FROM"	"JO0000000598"
|   12410|DEBUG|2018/03/16|19:40| 			"v_groupexec"	""
|   12410|DEBUG|2018/03/16|19:40| 			"ID"	"LN0000000461"
|   12410|DEBUG|2018/03/16|19:40| 			"ID_ENV"	"EB0000000008"
|   12410|DEBUG|2018/03/16|19:40| 			"ID_APP"	""
|   12410|DEBUG|2018/03/16|19:40| 			"TYPE"	"2"
|   12410|DEBUG|2018/03/16|19:40| 			"V_DESC"	""
|   12410|DEBUG|2018/03/16|19:40| 			"V_USRNAME"	"LIE_273"
|   12410|DEBUG|2018/03/16|19:40| 			"LTYPE"	"0"
|   12410|DEBUG|2018/03/16|19:40| 			"XYWH"	"420 2750 10 20"
|   12410|DEBUG|2018/03/16|19:40| 			"DS_DELAY"	""
|   12410|DEBUG|2018/03/16|19:40| 			"F_KILL"	""
|   12410|DEBUG|2018/03/16|19:40| 			"F_LPOS"	""
|   12410|DEBUG|2018/03/16|19:40| 			"URL_DOC"	""
|   12410|DEBUG|2018/03/16|19:40| 		}
|   12410|DEBUG|2018/03/16|19:40| 		ELEM {
|   12410|DEBUG|2018/03/16|19:40| 			NB_PROP	"15"
|   12410|DEBUG|2018/03/16|19:40| 			"TO"	"JO0000000287"
|   12410|DEBUG|2018/03/16|19:40| 			"FROM"	"JO0000000349"
|   12410|DEBUG|2018/03/16|19:40| 			"v_groupexec"	""
|   12410|DEBUG|2018/03/16|19:40| 			"ID"	"LN0000000462"
|   12410|DEBUG|2018/03/16|19:40| 			"ID_ENV"	"EB0000000008"
|   12410|DEBUG|2018/03/16|19:40| 			"ID_APP"	""
|   12410|DEBUG|2018/03/16|19:40| 			"TYPE"	"2"
|   12410|DEBUG|2018/03/16|19:40| 			"V_DESC"	""
|   12410|DEBUG|2018/03/16|19:40| 			"V_USRNAME"	"LIE_111"
|   12410|DEBUG|2018/03/16|19:40| 			"LTYPE"	"0"
|   12410|DEBUG|2018/03/16|19:40| 			"XYWH"	"260 1870 10 90"
|   12410|DEBUG|2018/03/16|19:40| 			"DS_DELAY"	""
|   12410|DEBUG|2018/03/16|19:40| 			"F_KILL"	""
|   12410|DEBUG|2018/03/16|19:40| 			"F_LPOS"	""
|   12410|DEBUG|2018/03/16|19:40| 			"URL_DOC"	""
|   12410|DEBUG|2018/03/16|19:40| 		}
|   12410|DEBUG|2018/03/16|19:40| 		ELEM {
|   12410|DEBUG|2018/03/16|19:40| 			NB_PROP	"15"
|   12410|DEBUG|2018/03/16|19:40| 			"TO"	"JO0000000284"
|   12410|DEBUG|2018/03/16|19:40| 			"FROM"	"JO0000000322"
|   12410|DEBUG|2018/03/16|19:40| 			"v_groupexec"	""
|   12410|DEBUG|2018/03/16|19:40| 			"ID"	"LN0000000463"
|   12410|DEBUG|2018/03/16|19:40| 			"ID_ENV"	"EB0000000008"
|   12410|DEBUG|2018/03/16|19:40| 			"ID_APP"	""
|   12410|DEBUG|2018/03/16|19:40| 			"TYPE"	"2"
|   12410|DEBUG|2018/03/16|19:40| 			"V_DESC"	""
|   12410|DEBUG|2018/03/16|19:40| 			"V_USRNAME"	"LIE_9"
|   12410|DEBUG|2018/03/16|19:40| 			"LTYPE"	"0"
|   12410|DEBUG|2018/03/16|19:40| 			"XYWH"	"950 570 10 100"
|   12410|DEBUG|2018/03/16|19:40| 			"DS_DELAY"	""
|   12410|DEBUG|2018/03/16|19:40| 			"F_KILL"	""
|   12410|DEBUG|2018/03/16|19:40| 			"F_LPOS"	""
|   12410|DEBUG|2018/03/16|19:40| 			"URL_DOC"	""
|   12410|DEBUG|2018/03/16|19:40| 		}
|   12410|DEBUG|2018/03/16|19:40| 		ELEM {
|   12410|DEBUG|2018/03/16|19:40| 			NB_PROP	"15"
|   12410|DEBUG|2018/03/16|19:40| 			"TO"	"JO0000000431"
|   12410|DEBUG|2018/03/16|19:40| 			"FROM"	"JO0000000430"
|   12410|DEBUG|2018/03/16|19:40| 			"v_groupexec"	""
|   12410|DEBUG|2018/03/16|19:40| 			"ID"	"LN0000000464"
|   12410|DEBUG|2018/03/16|19:40| 			"ID_ENV"	"EB0000000008"
|   12410|DEBUG|2018/03/16|19:40| 			"ID_APP"	""
|   12410|DEBUG|2018/03/16|19:40| 			"TYPE"	"2"
|   12410|DEBUG|2018/03/16|19:40| 			"V_DESC"	""
|   12410|DEBUG|2018/03/16|19:40| 			"V_USRNAME"	"LIE_108"
|   12410|DEBUG|2018/03/16|19:40| 			"LTYPE"	"0"
|   12410|DEBUG|2018/03/16|19:40| 			"XYWH"	"-290 180 50 120"
|   12410|DEBUG|2018/03/16|19:40| 			"DS_DELAY"	""
|   12410|DEBUG|2018/03/16|19:40| 			"F_KILL"	""
|   12410|DEBUG|2018/03/16|19:40| 			"F_LPOS"	""
|   12410|DEBUG|2018/03/16|19:40| 			"URL_DOC"	""
|   12410|DEBUG|2018/03/16|19:40| 		}
|   12410|DEBUG|2018/03/16|19:40| 		ELEM {
|   12410|DEBUG|2018/03/16|19:40| 			NB_PROP	"15"
|   12410|DEBUG|2018/03/16|19:40| 			"TO"	"JO0000000431"
|   12410|DEBUG|2018/03/16|19:40| 			"FROM"	"JO0000000429"
|   12410|DEBUG|2018/03/16|19:40| 			"v_groupexec"	""
|   12410|DEBUG|2018/03/16|19:40| 			"ID"	"LN0000000465"
|   12410|DEBUG|2018/03/16|19:40| 			"ID_ENV"	"EB0000000008"
|   12410|DEBUG|2018/03/16|19:40| 			"ID_APP"	""
|   12410|DEBUG|2018/03/16|19:40| 			"TYPE"	"2"
|   12410|DEBUG|2018/03/16|19:40| 			"V_DESC"	""
|   12410|DEBUG|2018/03/16|19:40| 			"V_USRNAME"	"LIE_76"
|   12410|DEBUG|2018/03/16|19:40| 			"LTYPE"	"0"
|   12410|DEBUG|2018/03/16|19:40| 			"XYWH"	"-360 180 40 120"
|   12410|DEBUG|2018/03/16|19:40| 			"DS_DELAY"	""
|   12410|DEBUG|2018/03/16|19:40| 			"F_KILL"	""
|   12410|DEBUG|2018/03/16|19:40| 			"F_LPOS"	""
|   12410|DEBUG|2018/03/16|19:40| 			"URL_DOC"	""
|   12410|DEBUG|2018/03/16|19:40| 		}
|   12410|DEBUG|2018/03/16|19:40| 		ELEM {
|   12410|DEBUG|2018/03/16|19:40| 			NB_PROP	"15"
|   12410|DEBUG|2018/03/16|19:40| 			"TO"	"JO0000000431"
|   12410|DEBUG|2018/03/16|19:40| 			"FROM"	"JO0000000580"
|   12410|DEBUG|2018/03/16|19:40| 			"v_groupexec"	""
|   12410|DEBUG|2018/03/16|19:40| 			"ID"	"LN0000000466"
|   12410|DEBUG|2018/03/16|19:40| 			"ID_ENV"	"EB0000000008"
|   12410|DEBUG|2018/03/16|19:40| 			"ID_APP"	""
|   12410|DEBUG|2018/03/16|19:40| 			"TYPE"	"2"
|   12411|DEBUG|2018/03/16|19:40| 			"V_DESC"	""
|   12411|DEBUG|2018/03/16|19:40| 			"V_USRNAME"	"LIE_68"
|   12411|DEBUG|2018/03/16|19:40| 			"LTYPE"	"0"
|   12411|DEBUG|2018/03/16|19:40| 			"XYWH"	"-480 230 160 70"
|   12411|DEBUG|2018/03/16|19:40| 			"DS_DELAY"	""
|   12411|DEBUG|2018/03/16|19:40| 			"F_KILL"	""
|   12411|DEBUG|2018/03/16|19:40| 			"F_LPOS"	""
|   12411|DEBUG|2018/03/16|19:40| 			"URL_DOC"	""
|   12411|DEBUG|2018/03/16|19:40| 		}
|   12411|DEBUG|2018/03/16|19:40| 		ELEM {
|   12411|DEBUG|2018/03/16|19:40| 			NB_PROP	"15"
|   12411|DEBUG|2018/03/16|19:40| 			"TO"	"JO0000000286"
|   12411|DEBUG|2018/03/16|19:40| 			"FROM"	"JO0000000299"
|   12411|DEBUG|2018/03/16|19:40| 			"v_groupexec"	""
|   12411|DEBUG|2018/03/16|19:40| 			"ID"	"LN0000000467"
|   12411|DEBUG|2018/03/16|19:40| 			"ID_ENV"	"EB0000000008"
|   12411|DEBUG|2018/03/16|19:40| 			"ID_APP"	""
|   12411|DEBUG|2018/03/16|19:40| 			"TYPE"	"2"
|   12411|DEBUG|2018/03/16|19:40| 			"V_DESC"	""
|   12411|DEBUG|2018/03/16|19:40| 			"V_USRNAME"	"LIE_36"
|   12411|DEBUG|2018/03/16|19:40| 			"LTYPE"	"0"
|   12411|DEBUG|2018/03/16|19:40| 			"XYWH"	"-40 -160 30 100"
|   12411|DEBUG|2018/03/16|19:40| 			"DS_DELAY"	""
|   12411|DEBUG|2018/03/16|19:40| 			"F_KILL"	""
|   12411|DEBUG|2018/03/16|19:40| 			"F_LPOS"	""
|   12411|DEBUG|2018/03/16|19:40| 			"URL_DOC"	""
|   12411|DEBUG|2018/03/16|19:40| 		}
|   12411|DEBUG|2018/03/16|19:40| 		ELEM {
|   12411|DEBUG|2018/03/16|19:40| 			NB_PROP	"15"
|   12411|DEBUG|2018/03/16|19:40| 			"TO"	"JO0000000342"
|   12411|DEBUG|2018/03/16|19:40| 			"FROM"	"JO0000000290"
|   12411|DEBUG|2018/03/16|19:40| 			"v_groupexec"	""
|   12411|DEBUG|2018/03/16|19:40| 			"ID"	"LN0000000468"
|   12411|DEBUG|2018/03/16|19:40| 			"ID_ENV"	"EB0000000008"
|   12411|DEBUG|2018/03/16|19:40| 			"ID_APP"	""
|   12411|DEBUG|2018/03/16|19:40| 			"TYPE"	"2"
|   12411|DEBUG|2018/03/16|19:40| 			"V_DESC"	""
|   12411|DEBUG|2018/03/16|19:40| 			"V_USRNAME"	"LIE_11"
|   12411|DEBUG|2018/03/16|19:40| 			"LTYPE"	"0"
|   12411|DEBUG|2018/03/16|19:40| 			"XYWH"	"230 120 10 90"
|   12411|DEBUG|2018/03/16|19:40| 			"DS_DELAY"	""
|   12411|DEBUG|2018/03/16|19:40| 			"F_KILL"	""
|   12411|DEBUG|2018/03/16|19:40| 			"F_LPOS"	""
|   12411|DEBUG|2018/03/16|19:40| 			"URL_DOC"	""
|   12411|DEBUG|2018/03/16|19:40| 		}
|   12411|DEBUG|2018/03/16|19:40| 		ELEM {
|   12411|DEBUG|2018/03/16|19:40| 			NB_PROP	"15"
|   12411|DEBUG|2018/03/16|19:40| 			"TO"	"JO0000000136"
|   12411|DEBUG|2018/03/16|19:40| 			"FROM"	"JO0000000599"
|   12411|DEBUG|2018/03/16|19:40| 			"v_groupexec"	""
|   12411|DEBUG|2018/03/16|19:40| 			"ID"	"LN0000000469"
|   12411|DEBUG|2018/03/16|19:40| 			"ID_ENV"	"EB0000000008"
|   12411|DEBUG|2018/03/16|19:40| 			"ID_APP"	""
|   12411|DEBUG|2018/03/16|19:40| 			"TYPE"	"2"
|   12411|DEBUG|2018/03/16|19:40| 			"V_DESC"	""
|   12411|DEBUG|2018/03/16|19:40| 			"V_USRNAME"	"LIE_116"
|   12411|DEBUG|2018/03/16|19:40| 			"LTYPE"	"0"
|   12411|DEBUG|2018/03/16|19:40| 			"XYWH"	"660 -2670 10 30"
|   12411|DEBUG|2018/03/16|19:40| 			"DS_DELAY"	""
|   12411|DEBUG|2018/03/16|19:40| 			"F_KILL"	""
|   12411|DEBUG|2018/03/16|19:40| 			"F_LPOS"	""
|   12411|DEBUG|2018/03/16|19:40| 			"URL_DOC"	""
|   12411|DEBUG|2018/03/16|19:40| 		}
|   12411|DEBUG|2018/03/16|19:40| 		ELEM {
|   12411|DEBUG|2018/03/16|19:40| 			NB_PROP	"15"
|   12411|DEBUG|2018/03/16|19:40| 			"TO"	"JO0000000516"
|   12411|DEBUG|2018/03/16|19:40| 			"FROM"	"JO0000000203"
|   12411|DEBUG|2018/03/16|19:40| 			"v_groupexec"	""
|   12411|DEBUG|2018/03/16|19:40| 			"ID"	"LN0000000470"
|   12411|DEBUG|2018/03/16|19:40| 			"ID_ENV"	"EB0000000008"
|   12411|DEBUG|2018/03/16|19:40| 			"ID_APP"	""
|   12411|DEBUG|2018/03/16|19:40| 			"TYPE"	"2"
|   12411|DEBUG|2018/03/16|19:40| 			"V_DESC"	""
|   12411|DEBUG|2018/03/16|19:40| 			"V_USRNAME"	"LIE_118"
|   12411|DEBUG|2018/03/16|19:40| 			"LTYPE"	"0"
|   12411|DEBUG|2018/03/16|19:40| 			"XYWH"	"-270 -2060 50 10"
|   12411|DEBUG|2018/03/16|19:40| 			"DS_DELAY"	""
|   12411|DEBUG|2018/03/16|19:40| 			"F_KILL"	""
|   12411|DEBUG|2018/03/16|19:40| 			"F_LPOS"	""
|   12411|DEBUG|2018/03/16|19:40| 			"URL_DOC"	""
|   12411|DEBUG|2018/03/16|19:40| 		}
|   12411|DEBUG|2018/03/16|19:40| 		ELEM {
|   12411|DEBUG|2018/03/16|19:40| 			NB_PROP	"15"
|   12411|DEBUG|2018/03/16|19:40| 			"TO"	"JO0000000381"
|   12411|DEBUG|2018/03/16|19:40| 			"FROM"	"JO0000000600"
|   12411|DEBUG|2018/03/16|19:40| 			"v_groupexec"	""
|   12411|DEBUG|2018/03/16|19:40| 			"ID"	"LN0000000471"
|   12411|DEBUG|2018/03/16|19:40| 			"ID_ENV"	"EB0000000008"
|   12411|DEBUG|2018/03/16|19:40| 			"ID_APP"	""
|   12411|DEBUG|2018/03/16|19:40| 			"TYPE"	"2"
|   12411|DEBUG|2018/03/16|19:40| 			"V_DESC"	""
|   12411|DEBUG|2018/03/16|19:40| 			"V_USRNAME"	"LIE_120"
|   12411|DEBUG|2018/03/16|19:40| 			"LTYPE"	"0"
|   12411|DEBUG|2018/03/16|19:40| 			"XYWH"	"230 0 10 40"
|   12411|DEBUG|2018/03/16|19:40| 			"DS_DELAY"	""
|   12411|DEBUG|2018/03/16|19:40| 			"F_KILL"	""
|   12411|DEBUG|2018/03/16|19:40| 			"F_LPOS"	"1"
|   12411|DEBUG|2018/03/16|19:40| 			"URL_DOC"	""
|   12411|DEBUG|2018/03/16|19:40| 		}
|   12411|DEBUG|2018/03/16|19:40| 		ELEM {
|   12411|DEBUG|2018/03/16|19:40| 			NB_PROP	"15"
|   12411|DEBUG|2018/03/16|19:40| 			"TO"	"JO0000000600"
|   12411|DEBUG|2018/03/16|19:40| 			"FROM"	"JO0000000202"
|   12411|DEBUG|2018/03/16|19:40| 			"v_groupexec"	""
|   12411|DEBUG|2018/03/16|19:40| 			"ID"	"LN0000000472"
|   12411|DEBUG|2018/03/16|19:40| 			"ID_ENV"	"EB0000000008"
|   12411|DEBUG|2018/03/16|19:40| 			"ID_APP"	""
|   12411|DEBUG|2018/03/16|19:40| 			"TYPE"	"2"
|   12411|DEBUG|2018/03/16|19:40| 			"V_DESC"	""
|   12411|DEBUG|2018/03/16|19:40| 			"V_USRNAME"	"LIE_74"
|   12411|DEBUG|2018/03/16|19:40| 			"LTYPE"	"0"
|   12411|DEBUG|2018/03/16|19:40| 			"XYWH"	"230 -50 10 20"
|   12411|DEBUG|2018/03/16|19:40| 			"DS_DELAY"	""
|   12411|DEBUG|2018/03/16|19:40| 			"F_KILL"	""
|   12411|DEBUG|2018/03/16|19:40| 			"F_LPOS"	""
|   12411|DEBUG|2018/03/16|19:40| 			"URL_DOC"	""
|   12411|DEBUG|2018/03/16|19:40| 		}
|   12411|DEBUG|2018/03/16|19:40| 		ELEM {
|   12411|DEBUG|2018/03/16|19:40| 			NB_PROP	"15"
|   12411|DEBUG|2018/03/16|19:40| 			"TO"	"JO0000000601"
|   12411|DEBUG|2018/03/16|19:40| 			"FROM"	"JO0000000314"
|   12411|DEBUG|2018/03/16|19:40| 			"v_groupexec"	""
|   12411|DEBUG|2018/03/16|19:40| 			"ID"	"LN0000000473"
|   12411|DEBUG|2018/03/16|19:40| 			"ID_ENV"	"EB0000000008"
|   12411|DEBUG|2018/03/16|19:40| 			"ID_APP"	""
|   12411|DEBUG|2018/03/16|19:40| 			"TYPE"	"2"
|   12411|DEBUG|2018/03/16|19:40| 			"V_DESC"	""
|   12411|DEBUG|2018/03/16|19:40| 			"V_USRNAME"	"LIE_126"
|   12411|DEBUG|2018/03/16|19:40| 			"LTYPE"	"0"
|   12411|DEBUG|2018/03/16|19:40| 			"XYWH"	"230 360 10 120"
|   12411|DEBUG|2018/03/16|19:40| 			"DS_DELAY"	""
|   12411|DEBUG|2018/03/16|19:40| 			"F_KILL"	""
|   12411|DEBUG|2018/03/16|19:40| 			"F_LPOS"	""
|   12411|DEBUG|2018/03/16|19:40| 			"URL_DOC"	""
|   12411|DEBUG|2018/03/16|19:40| 		}
|   12411|DEBUG|2018/03/16|19:40| 		ELEM {
|   12411|DEBUG|2018/03/16|19:40| 			NB_PROP	"15"
|   12411|DEBUG|2018/03/16|19:40| 			"TO"	"JO0000000344"
|   12411|DEBUG|2018/03/16|19:40| 			"FROM"	"JO0000000601"
|   12411|DEBUG|2018/03/16|19:40| 			"v_groupexec"	""
|   12411|DEBUG|2018/03/16|19:40| 			"ID"	"LN0000000474"
|   12411|DEBUG|2018/03/16|19:40| 			"ID_ENV"	"EB0000000008"
|   12411|DEBUG|2018/03/16|19:40| 			"ID_APP"	""
|   12411|DEBUG|2018/03/16|19:40| 			"TYPE"	"2"
|   12411|DEBUG|2018/03/16|19:40| 			"V_DESC"	""
|   12411|DEBUG|2018/03/16|19:40| 			"V_USRNAME"	"LIE_125"
|   12411|DEBUG|2018/03/16|19:40| 			"LTYPE"	"1"
|   12411|DEBUG|2018/03/16|19:40| 			"XYWH"	"290 440 90 100"
|   12411|DEBUG|2018/03/16|19:40| 			"DS_DELAY"	""
|   12411|DEBUG|2018/03/16|19:40| 			"F_KILL"	""
|   12411|DEBUG|2018/03/16|19:40| 			"F_LPOS"	"1"
|   12411|DEBUG|2018/03/16|19:40| 			"URL_DOC"	""
|   12411|DEBUG|2018/03/16|19:40| 		}
|   12411|DEBUG|2018/03/16|19:40| 		ELEM {
|   12411|DEBUG|2018/03/16|19:40| 			NB_PROP	"15"
|   12411|DEBUG|2018/03/16|19:40| 			"TO"	"JO0000000293"
|   12411|DEBUG|2018/03/16|19:40| 			"FROM"	"JO0000000601"
|   12411|DEBUG|2018/03/16|19:40| 			"v_groupexec"	""
|   12411|DEBUG|2018/03/16|19:40| 			"ID"	"LN0000000475"
|   12411|DEBUG|2018/03/16|19:40| 			"ID_ENV"	"EB0000000008"
|   12411|DEBUG|2018/03/16|19:40| 			"ID_APP"	""
|   12411|DEBUG|2018/03/16|19:40| 			"TYPE"	"2"
|   12411|DEBUG|2018/03/16|19:40| 			"V_DESC"	""
|   12411|DEBUG|2018/03/16|19:40| 			"V_USRNAME"	"LIE_124"
|   12411|DEBUG|2018/03/16|19:40| 			"LTYPE"	"1"
|   12411|DEBUG|2018/03/16|19:40| 			"XYWH"	"290 440 650 50"
|   12411|DEBUG|2018/03/16|19:40| 			"DS_DELAY"	""
|   12411|DEBUG|2018/03/16|19:40| 			"F_KILL"	""
|   12411|DEBUG|2018/03/16|19:40| 			"F_LPOS"	"1"
|   12411|DEBUG|2018/03/16|19:40| 			"URL_DOC"	""
|   12411|DEBUG|2018/03/16|19:40| 		}
|   12411|DEBUG|2018/03/16|19:40| 		ELEM {
|   12411|DEBUG|2018/03/16|19:40| 			NB_PROP	"15"
|   12411|DEBUG|2018/03/16|19:40| 			"TO"	"JO0000000433"
|   12411|DEBUG|2018/03/16|19:40| 			"FROM"	"JO0000000602"
|   12411|DEBUG|2018/03/16|19:40| 			"v_groupexec"	""
|   12411|DEBUG|2018/03/16|19:40| 			"ID"	"LN0000000476"
|   12411|DEBUG|2018/03/16|19:40| 			"ID_ENV"	"EB0000000008"
|   12411|DEBUG|2018/03/16|19:40| 			"ID_APP"	""
|   12411|DEBUG|2018/03/16|19:40| 			"TYPE"	"2"
|   12411|DEBUG|2018/03/16|19:40| 			"V_DESC"	""
|   12411|DEBUG|2018/03/16|19:40| 			"V_USRNAME"	"LIE_128"
|   12411|DEBUG|2018/03/16|19:40| 			"LTYPE"	"1"
|   12411|DEBUG|2018/03/16|19:40| 			"XYWH"	"-120 200 240 170"
|   12411|DEBUG|2018/03/16|19:40| 			"DS_DELAY"	""
|   12411|DEBUG|2018/03/16|19:40| 			"F_KILL"	""
|   12411|DEBUG|2018/03/16|19:40| 			"F_LPOS"	"1"
|   12411|DEBUG|2018/03/16|19:40| 			"URL_DOC"	""
|   12411|DEBUG|2018/03/16|19:40| 		}
|   12411|DEBUG|2018/03/16|19:40| 		ELEM {
|   12411|DEBUG|2018/03/16|19:40| 			NB_PROP	"15"
|   12411|DEBUG|2018/03/16|19:40| 			"TO"	"JO0000000602"
|   12411|DEBUG|2018/03/16|19:40| 			"FROM"	"JO0000000290"
|   12411|DEBUG|2018/03/16|19:40| 			"v_groupexec"	""
|   12411|DEBUG|2018/03/16|19:40| 			"ID"	"LN0000000477"
|   12411|DEBUG|2018/03/16|19:40| 			"ID_ENV"	"EB0000000008"
|   12411|DEBUG|2018/03/16|19:40| 			"ID_APP"	""
|   12411|DEBUG|2018/03/16|19:40| 			"TYPE"	"2"
|   12411|DEBUG|2018/03/16|19:40| 			"V_DESC"	""
|   12411|DEBUG|2018/03/16|19:40| 			"V_USRNAME"	"LIE_127"
|   12411|DEBUG|2018/03/16|19:40| 			"LTYPE"	"0"
|   12411|DEBUG|2018/03/16|19:40| 			"XYWH"	"150 160 70 40"
|   12411|DEBUG|2018/03/16|19:40| 			"DS_DELAY"	""
|   12411|DEBUG|2018/03/16|19:40| 			"F_KILL"	""
|   12411|DEBUG|2018/03/16|19:40| 			"F_LPOS"	""
|   12411|DEBUG|2018/03/16|19:40| 			"URL_DOC"	""
|   12411|DEBUG|2018/03/16|19:40| 		}
|   12411|DEBUG|2018/03/16|19:40| 		ELEM {
|   12411|DEBUG|2018/03/16|19:40| 			NB_PROP	"15"
|   12411|DEBUG|2018/03/16|19:40| 			"TO"	"JO0000000603"
|   12411|DEBUG|2018/03/16|19:40| 			"FROM"	"JO0000000431"
|   12411|DEBUG|2018/03/16|19:40| 			"v_groupexec"	""
|   12411|DEBUG|2018/03/16|19:40| 			"ID"	"LN0000000478"
|   12411|DEBUG|2018/03/16|19:40| 			"ID_ENV"	"EB0000000008"
|   12411|DEBUG|2018/03/16|19:40| 			"ID_APP"	""
|   12411|DEBUG|2018/03/16|19:40| 			"TYPE"	"2"
|   12411|DEBUG|2018/03/16|19:40| 			"V_DESC"	""
|   12411|DEBUG|2018/03/16|19:40| 			"V_USRNAME"	"LIE_129"
|   12411|DEBUG|2018/03/16|19:40| 			"LTYPE"	"0"
|   12411|DEBUG|2018/03/16|19:40| 			"XYWH"	"-360 240 40 1990"
|   12411|DEBUG|2018/03/16|19:40| 			"DS_DELAY"	""
|   12411|DEBUG|2018/03/16|19:40| 			"F_KILL"	""
|   12412|DEBUG|2018/03/16|19:40| 			"F_LPOS"	""
|   12412|DEBUG|2018/03/16|19:40| 			"URL_DOC"	""
|   12412|DEBUG|2018/03/16|19:40| 		}
|   12412|DEBUG|2018/03/16|19:40| 		ELEM {
|   12412|DEBUG|2018/03/16|19:40| 			NB_PROP	"15"
|   12412|DEBUG|2018/03/16|19:40| 			"TO"	"JO0000000295"
|   12412|DEBUG|2018/03/16|19:40| 			"FROM"	"JO0000000603"
|   12412|DEBUG|2018/03/16|19:40| 			"v_groupexec"	""
|   12412|DEBUG|2018/03/16|19:40| 			"ID"	"LN0000000479"
|   12412|DEBUG|2018/03/16|19:40| 			"ID_ENV"	"EB0000000008"
|   12412|DEBUG|2018/03/16|19:40| 			"ID_APP"	""
|   12412|DEBUG|2018/03/16|19:40| 			"TYPE"	"2"
|   12412|DEBUG|2018/03/16|19:40| 			"V_DESC"	""
|   12412|DEBUG|2018/03/16|19:40| 			"V_USRNAME"	"LIE_110"
|   12412|DEBUG|2018/03/16|19:40| 			"LTYPE"	"1"
|   12412|DEBUG|2018/03/16|19:40| 			"XYWH"	"-360 2220 610 10"
|   12412|DEBUG|2018/03/16|19:40| 			"DS_DELAY"	""
|   12412|DEBUG|2018/03/16|19:40| 			"F_KILL"	""
|   12412|DEBUG|2018/03/16|19:40| 			"F_LPOS"	"1"
|   12412|DEBUG|2018/03/16|19:40| 			"URL_DOC"	""
|   12412|DEBUG|2018/03/16|19:40| 		}
|   12412|DEBUG|2018/03/16|19:40| 		ELEM {
|   12412|DEBUG|2018/03/16|19:40| 			NB_PROP	"15"
|   12412|DEBUG|2018/03/16|19:40| 			"TO"	"JO0000000610"
|   12412|DEBUG|2018/03/16|19:40| 			"FROM"	"JO0000000498"
|   12412|DEBUG|2018/03/16|19:40| 			"v_groupexec"	""
|   12412|DEBUG|2018/03/16|19:40| 			"ID"	"LN0000000480"
|   12412|DEBUG|2018/03/16|19:40| 			"ID_ENV"	"EB0000000008"
|   12412|DEBUG|2018/03/16|19:40| 			"ID_APP"	""
|   12412|DEBUG|2018/03/16|19:40| 			"TYPE"	"2"
|   12412|DEBUG|2018/03/16|19:40| 			"V_DESC"	""
|   12412|DEBUG|2018/03/16|19:40| 			"V_USRNAME"	"LIE_171"
|   12412|DEBUG|2018/03/16|19:40| 			"LTYPE"	"0"
|   12412|DEBUG|2018/03/16|19:40| 			"XYWH"	"1610 -230 40 10"
|   12412|DEBUG|2018/03/16|19:40| 			"DS_DELAY"	""
|   12412|DEBUG|2018/03/16|19:40| 			"F_KILL"	""
|   12412|DEBUG|2018/03/16|19:40| 			"F_LPOS"	""
|   12412|DEBUG|2018/03/16|19:40| 			"URL_DOC"	""
|   12412|DEBUG|2018/03/16|19:40| 		}
|   12412|DEBUG|2018/03/16|19:40| 		ELEM {
|   12412|DEBUG|2018/03/16|19:40| 			NB_PROP	"15"
|   12412|DEBUG|2018/03/16|19:40| 			"TO"	"JO0000000161"
|   12412|DEBUG|2018/03/16|19:40| 			"FROM"	"JO0000000612"
|   12412|DEBUG|2018/03/16|19:40| 			"v_groupexec"	""
|   12412|DEBUG|2018/03/16|19:40| 			"ID"	"LN0000000481"
|   12412|DEBUG|2018/03/16|19:40| 			"ID_ENV"	"EB0000000008"
|   12412|DEBUG|2018/03/16|19:40| 			"ID_APP"	""
|   12412|DEBUG|2018/03/16|19:40| 			"TYPE"	"2"
|   12412|DEBUG|2018/03/16|19:40| 			"V_DESC"	""
|   12412|DEBUG|2018/03/16|19:40| 			"V_USRNAME"	"LIE_166"
|   12412|DEBUG|2018/03/16|19:40| 			"LTYPE"	"1"
|   12412|DEBUG|2018/03/16|19:40| 			"XYWH"	"1390 -230 50 10"
|   12412|DEBUG|2018/03/16|19:40| 			"DS_DELAY"	""
|   12412|DEBUG|2018/03/16|19:40| 			"F_KILL"	""
|   12412|DEBUG|2018/03/16|19:40| 			"F_LPOS"	"1"
|   12412|DEBUG|2018/03/16|19:40| 			"URL_DOC"	""
|   12412|DEBUG|2018/03/16|19:40| 		}
|   12412|DEBUG|2018/03/16|19:40| 		ELEM {
|   12412|DEBUG|2018/03/16|19:40| 			NB_PROP	"15"
|   12412|DEBUG|2018/03/16|19:40| 			"TO"	"JO0000000612"
|   12412|DEBUG|2018/03/16|19:40| 			"FROM"	"JO0000000611"
|   12412|DEBUG|2018/03/16|19:40| 			"v_groupexec"	""
|   12412|DEBUG|2018/03/16|19:40| 			"ID"	"LN0000000482"
|   12412|DEBUG|2018/03/16|19:40| 			"ID_ENV"	"EB0000000008"
|   12412|DEBUG|2018/03/16|19:40| 			"ID_APP"	""
|   12412|DEBUG|2018/03/16|19:40| 			"TYPE"	"2"
|   12412|DEBUG|2018/03/16|19:40| 			"V_DESC"	""
|   12412|DEBUG|2018/03/16|19:40| 			"V_USRNAME"	"LIE_157"
|   12412|DEBUG|2018/03/16|19:40| 			"LTYPE"	"0"
|   12412|DEBUG|2018/03/16|19:40| 			"XYWH"	"1320 -230 40 10"
|   12412|DEBUG|2018/03/16|19:40| 			"DS_DELAY"	""
|   12412|DEBUG|2018/03/16|19:40| 			"F_KILL"	""
|   12412|DEBUG|2018/03/16|19:40| 			"F_LPOS"	""
|   12412|DEBUG|2018/03/16|19:40| 			"URL_DOC"	""
|   12412|DEBUG|2018/03/16|19:40| 		}
|   12412|DEBUG|2018/03/16|19:40| 		ELEM {
|   12412|DEBUG|2018/03/16|19:40| 			NB_PROP	"15"
|   12412|DEBUG|2018/03/16|19:40| 			"TO"	"JO0000000497"
|   12412|DEBUG|2018/03/16|19:40| 			"FROM"	"JO0000000161"
|   12412|DEBUG|2018/03/16|19:40| 			"v_groupexec"	""
|   12412|DEBUG|2018/03/16|19:40| 			"ID"	"LN0000000483"
|   12412|DEBUG|2018/03/16|19:40| 			"ID_ENV"	"EB0000000008"
|   12412|DEBUG|2018/03/16|19:40| 			"ID_APP"	""
|   12412|DEBUG|2018/03/16|19:40| 			"TYPE"	"2"
|   12412|DEBUG|2018/03/16|19:40| 			"V_DESC"	""
|   12412|DEBUG|2018/03/16|19:40| 			"V_USRNAME"	"LIE_82"
|   12412|DEBUG|2018/03/16|19:40| 			"LTYPE"	"0"
|   12412|DEBUG|2018/03/16|19:40| 			"XYWH"	"1560 -240 110 10"
|   12412|DEBUG|2018/03/16|19:40| 			"DS_DELAY"	""
|   12412|DEBUG|2018/03/16|19:40| 			"F_KILL"	""
|   12412|DEBUG|2018/03/16|19:40| 			"F_LPOS"	""
|   12412|DEBUG|2018/03/16|19:40| 			"URL_DOC"	""
|   12412|DEBUG|2018/03/16|19:40| 		}
|   12412|DEBUG|2018/03/16|19:40| 		ELEM {
|   12412|DEBUG|2018/03/16|19:40| 			NB_PROP	"15"
|   12412|DEBUG|2018/03/16|19:40| 			"TO"	"JO0000000611"
|   12412|DEBUG|2018/03/16|19:40| 			"FROM"	"JO0000000359"
|   12412|DEBUG|2018/03/16|19:40| 			"v_groupexec"	""
|   12412|DEBUG|2018/03/16|19:40| 			"ID"	"LN0000000484"
|   12412|DEBUG|2018/03/16|19:40| 			"ID_ENV"	"EB0000000008"
|   12412|DEBUG|2018/03/16|19:40| 			"ID_APP"	""
|   12412|DEBUG|2018/03/16|19:40| 			"TYPE"	"2"
|   12412|DEBUG|2018/03/16|19:40| 			"V_DESC"	""
|   12412|DEBUG|2018/03/16|19:40| 			"V_USRNAME"	"LIE_154"
|   12412|DEBUG|2018/03/16|19:40| 			"LTYPE"	"0"
|   12412|DEBUG|2018/03/16|19:40| 			"XYWH"	"1230 -230 60 10"
|   12412|DEBUG|2018/03/16|19:40| 			"DS_DELAY"	""
|   12412|DEBUG|2018/03/16|19:40| 			"F_KILL"	""
|   12412|DEBUG|2018/03/16|19:40| 			"F_LPOS"	""
|   12412|DEBUG|2018/03/16|19:40| 			"URL_DOC"	""
|   12412|DEBUG|2018/03/16|19:40| 		}
|   12412|DEBUG|2018/03/16|19:40| 		ELEM {
|   12412|DEBUG|2018/03/16|19:40| 			NB_PROP	"15"
|   12412|DEBUG|2018/03/16|19:40| 			"TO"	"JO0000000359"
|   12412|DEBUG|2018/03/16|19:40| 			"FROM"	"JO0000000609"
|   12412|DEBUG|2018/03/16|19:40| 			"v_groupexec"	""
|   12412|DEBUG|2018/03/16|19:40| 			"ID"	"LN0000000485"
|   12412|DEBUG|2018/03/16|19:40| 			"ID_ENV"	"EB0000000008"
|   12412|DEBUG|2018/03/16|19:40| 			"ID_APP"	""
|   12412|DEBUG|2018/03/16|19:40| 			"TYPE"	"2"
|   12412|DEBUG|2018/03/16|19:40| 			"V_DESC"	""
|   12412|DEBUG|2018/03/16|19:40| 			"V_USRNAME"	"LIE_151"
|   12412|DEBUG|2018/03/16|19:40| 			"LTYPE"	"0"
|   12412|DEBUG|2018/03/16|19:40| 			"XYWH"	"1140 -230 60 10"
|   12412|DEBUG|2018/03/16|19:40| 			"DS_DELAY"	""
|   12412|DEBUG|2018/03/16|19:40| 			"F_KILL"	""
|   12412|DEBUG|2018/03/16|19:40| 			"F_LPOS"	""
|   12412|DEBUG|2018/03/16|19:40| 			"URL_DOC"	""
|   12412|DEBUG|2018/03/16|19:40| 		}
|   12412|DEBUG|2018/03/16|19:40| 		ELEM {
|   12412|DEBUG|2018/03/16|19:40| 			NB_PROP	"15"
|   12412|DEBUG|2018/03/16|19:40| 			"TO"	"JO0000000609"
|   12412|DEBUG|2018/03/16|19:40| 			"FROM"	"JO0000000478"
|   12412|DEBUG|2018/03/16|19:40| 			"v_groupexec"	""
|   12412|DEBUG|2018/03/16|19:40| 			"ID"	"LN0000000486"
|   12412|DEBUG|2018/03/16|19:40| 			"ID_ENV"	"EB0000000008"
|   12412|DEBUG|2018/03/16|19:40| 			"ID_APP"	""
|   12412|DEBUG|2018/03/16|19:40| 			"TYPE"	"2"
|   12412|DEBUG|2018/03/16|19:40| 			"V_DESC"	""
|   12412|DEBUG|2018/03/16|19:40| 			"V_USRNAME"	"LIE_140"
|   12412|DEBUG|2018/03/16|19:40| 			"LTYPE"	"0"
|   12412|DEBUG|2018/03/16|19:40| 			"XYWH"	"1070 -230 20 10"
|   12412|DEBUG|2018/03/16|19:40| 			"DS_DELAY"	""
|   12412|DEBUG|2018/03/16|19:40| 			"F_KILL"	""
|   12412|DEBUG|2018/03/16|19:40| 			"F_LPOS"	""
|   12412|DEBUG|2018/03/16|19:40| 			"URL_DOC"	""
|   12412|DEBUG|2018/03/16|19:40| 		}
|   12412|DEBUG|2018/03/16|19:40| 		ELEM {
|   12412|DEBUG|2018/03/16|19:40| 			NB_PROP	"15"
|   12412|DEBUG|2018/03/16|19:40| 			"TO"	"JO0000000614"
|   12412|DEBUG|2018/03/16|19:40| 			"FROM"	"JO0000000613"
|   12412|DEBUG|2018/03/16|19:40| 			"v_groupexec"	""
|   12412|DEBUG|2018/03/16|19:40| 			"ID"	"LN0000000487"
|   12412|DEBUG|2018/03/16|19:40| 			"ID_ENV"	"EB0000000008"
|   12412|DEBUG|2018/03/16|19:40| 			"ID_APP"	""
|   12412|DEBUG|2018/03/16|19:40| 			"TYPE"	"2"
|   12412|DEBUG|2018/03/16|19:40| 			"V_DESC"	""
|   12412|DEBUG|2018/03/16|19:40| 			"V_USRNAME"	"LIE_189"
|   12412|DEBUG|2018/03/16|19:40| 			"LTYPE"	"0"
|   12412|DEBUG|2018/03/16|19:40| 			"XYWH"	"1230 -170 50 10"
|   12412|DEBUG|2018/03/16|19:40| 			"DS_DELAY"	""
|   12412|DEBUG|2018/03/16|19:40| 			"F_KILL"	""
|   12412|DEBUG|2018/03/16|19:40| 			"F_LPOS"	""
|   12412|DEBUG|2018/03/16|19:40| 			"URL_DOC"	""
|   12412|DEBUG|2018/03/16|19:40| 		}
|   12412|DEBUG|2018/03/16|19:40| 		ELEM {
|   12412|DEBUG|2018/03/16|19:40| 			NB_PROP	"15"
|   12412|DEBUG|2018/03/16|19:40| 			"TO"	"JO0000000613"
|   12412|DEBUG|2018/03/16|19:40| 			"FROM"	"JO0000000607"
|   12412|DEBUG|2018/03/16|19:40| 			"v_groupexec"	""
|   12412|DEBUG|2018/03/16|19:40| 			"ID"	"LN0000000488"
|   12412|DEBUG|2018/03/16|19:40| 			"ID_ENV"	"EB0000000008"
|   12412|DEBUG|2018/03/16|19:40| 			"ID_APP"	""
|   12412|DEBUG|2018/03/16|19:40| 			"TYPE"	"2"
|   12412|DEBUG|2018/03/16|19:40| 			"V_DESC"	""
|   12412|DEBUG|2018/03/16|19:40| 			"V_USRNAME"	"LIE_173"
|   12412|DEBUG|2018/03/16|19:40| 			"LTYPE"	"0"
|   12412|DEBUG|2018/03/16|19:40| 			"XYWH"	"1140 -170 60 10"
|   12412|DEBUG|2018/03/16|19:40| 			"DS_DELAY"	""
|   12412|DEBUG|2018/03/16|19:40| 			"F_KILL"	""
|   12412|DEBUG|2018/03/16|19:40| 			"F_LPOS"	""
|   12412|DEBUG|2018/03/16|19:40| 			"URL_DOC"	""
|   12412|DEBUG|2018/03/16|19:40| 		}
|   12412|DEBUG|2018/03/16|19:40| 		ELEM {
|   12412|DEBUG|2018/03/16|19:40| 			NB_PROP	"15"
|   12412|DEBUG|2018/03/16|19:40| 			"TO"	"JO0000000198"
|   12412|DEBUG|2018/03/16|19:40| 			"FROM"	"JO0000000615"
|   12412|DEBUG|2018/03/16|19:40| 			"v_groupexec"	""
|   12412|DEBUG|2018/03/16|19:40| 			"ID"	"LN0000000489"
|   12412|DEBUG|2018/03/16|19:40| 			"ID_ENV"	"EB0000000008"
|   12412|DEBUG|2018/03/16|19:40| 			"ID_APP"	""
|   12412|DEBUG|2018/03/16|19:40| 			"TYPE"	"2"
|   12412|DEBUG|2018/03/16|19:40| 			"V_DESC"	""
|   12412|DEBUG|2018/03/16|19:40| 			"V_USRNAME"	"LIE_172"
|   12412|DEBUG|2018/03/16|19:40| 			"LTYPE"	"1"
|   12412|DEBUG|2018/03/16|19:40| 			"XYWH"	"1390 -170 90 10"
|   12412|DEBUG|2018/03/16|19:40| 			"DS_DELAY"	""
|   12412|DEBUG|2018/03/16|19:40| 			"F_KILL"	""
|   12412|DEBUG|2018/03/16|19:40| 			"F_LPOS"	"1"
|   12412|DEBUG|2018/03/16|19:40| 			"URL_DOC"	""
|   12412|DEBUG|2018/03/16|19:40| 		}
|   12412|DEBUG|2018/03/16|19:40| 		ELEM {
|   12412|DEBUG|2018/03/16|19:40| 			NB_PROP	"15"
|   12412|DEBUG|2018/03/16|19:40| 			"TO"	"JO0000000615"
|   12412|DEBUG|2018/03/16|19:40| 			"FROM"	"JO0000000614"
|   12412|DEBUG|2018/03/16|19:40| 			"v_groupexec"	""
|   12412|DEBUG|2018/03/16|19:40| 			"ID"	"LN0000000490"
|   12412|DEBUG|2018/03/16|19:40| 			"ID_ENV"	"EB0000000008"
|   12412|DEBUG|2018/03/16|19:40| 			"ID_APP"	""
|   12412|DEBUG|2018/03/16|19:40| 			"TYPE"	"2"
|   12412|DEBUG|2018/03/16|19:40| 			"V_DESC"	""
|   12412|DEBUG|2018/03/16|19:40| 			"V_USRNAME"	"LIE_157_C0"
|   12412|DEBUG|2018/03/16|19:40| 			"LTYPE"	"0"
|   12412|DEBUG|2018/03/16|19:40| 			"XYWH"	"1320 -230 40 10"
|   12412|DEBUG|2018/03/16|19:40| 			"DS_DELAY"	""
|   12412|DEBUG|2018/03/16|19:40| 			"F_KILL"	""
|   12412|DEBUG|2018/03/16|19:40| 			"F_LPOS"	""
|   12412|DEBUG|2018/03/16|19:40| 			"URL_DOC"	""
|   12412|DEBUG|2018/03/16|19:40| 		}
|   12412|DEBUG|2018/03/16|19:40| 		ELEM {
|   12412|DEBUG|2018/03/16|19:40| 			NB_PROP	"15"
|   12412|DEBUG|2018/03/16|19:40| 			"TO"	"JO0000000607"
|   12412|DEBUG|2018/03/16|19:40| 			"FROM"	"JO0000000479"
|   12412|DEBUG|2018/03/16|19:40| 			"v_groupexec"	""
|   12412|DEBUG|2018/03/16|19:40| 			"ID"	"LN0000000491"
|   12412|DEBUG|2018/03/16|19:40| 			"ID_ENV"	"EB0000000008"
|   12412|DEBUG|2018/03/16|19:40| 			"ID_APP"	""
|   12412|DEBUG|2018/03/16|19:40| 			"TYPE"	"2"
|   12412|DEBUG|2018/03/16|19:40| 			"V_DESC"	""
|   12413|DEBUG|2018/03/16|19:40| 			"V_USRNAME"	"LIE_84"
|   12413|DEBUG|2018/03/16|19:40| 			"LTYPE"	"0"
|   12413|DEBUG|2018/03/16|19:40| 			"XYWH"	"1070 -170 40 10"
|   12413|DEBUG|2018/03/16|19:40| 			"DS_DELAY"	""
|   12413|DEBUG|2018/03/16|19:40| 			"F_KILL"	""
|   12413|DEBUG|2018/03/16|19:40| 			"F_LPOS"	""
|   12413|DEBUG|2018/03/16|19:40| 			"URL_DOC"	""
|   12413|DEBUG|2018/03/16|19:40| 		}
|   12413|DEBUG|2018/03/16|19:40| 		ELEM {
|   12413|DEBUG|2018/03/16|19:40| 			NB_PROP	"15"
|   12413|DEBUG|2018/03/16|19:40| 			"TO"	"JO0000000378"
|   12413|DEBUG|2018/03/16|19:40| 			"FROM"	"JO0000000193"
|   12413|DEBUG|2018/03/16|19:40| 			"v_groupexec"	""
|   12413|DEBUG|2018/03/16|19:40| 			"ID"	"LN0000000492"
|   12413|DEBUG|2018/03/16|19:40| 			"ID_ENV"	"EB0000000008"
|   12413|DEBUG|2018/03/16|19:40| 			"ID_APP"	""
|   12413|DEBUG|2018/03/16|19:40| 			"TYPE"	"2"
|   12413|DEBUG|2018/03/16|19:40| 			"V_DESC"	""
|   12413|DEBUG|2018/03/16|19:40| 			"V_USRNAME"	"LIE_208"
|   12413|DEBUG|2018/03/16|19:40| 			"LTYPE"	"0"
|   12413|DEBUG|2018/03/16|19:40| 			"XYWH"	"1530 -110 40 10"
|   12413|DEBUG|2018/03/16|19:40| 			"DS_DELAY"	""
|   12413|DEBUG|2018/03/16|19:40| 			"F_KILL"	""
|   12413|DEBUG|2018/03/16|19:40| 			"F_LPOS"	""
|   12413|DEBUG|2018/03/16|19:40| 			"URL_DOC"	""
|   12413|DEBUG|2018/03/16|19:40| 		}
|   12413|DEBUG|2018/03/16|19:40| 		ELEM {
|   12413|DEBUG|2018/03/16|19:40| 			NB_PROP	"15"
|   12413|DEBUG|2018/03/16|19:40| 			"TO"	"JO0000000193"
|   12413|DEBUG|2018/03/16|19:40| 			"FROM"	"JO0000000194"
|   12413|DEBUG|2018/03/16|19:40| 			"v_groupexec"	""
|   12413|DEBUG|2018/03/16|19:40| 			"ID"	"LN0000000493"
|   12413|DEBUG|2018/03/16|19:40| 			"ID_ENV"	"EB0000000008"
|   12413|DEBUG|2018/03/16|19:40| 			"ID_APP"	""
|   12413|DEBUG|2018/03/16|19:40| 			"TYPE"	"2"
|   12413|DEBUG|2018/03/16|19:40| 			"V_DESC"	""
|   12413|DEBUG|2018/03/16|19:40| 			"V_USRNAME"	"LIE_206"
|   12413|DEBUG|2018/03/16|19:40| 			"LTYPE"	"0"
|   12413|DEBUG|2018/03/16|19:40| 			"XYWH"	"1460 -110 40 10"
|   12413|DEBUG|2018/03/16|19:40| 			"DS_DELAY"	""
|   12413|DEBUG|2018/03/16|19:40| 			"F_KILL"	""
|   12413|DEBUG|2018/03/16|19:40| 			"F_LPOS"	""
|   12413|DEBUG|2018/03/16|19:40| 			"URL_DOC"	""
|   12413|DEBUG|2018/03/16|19:40| 		}
|   12413|DEBUG|2018/03/16|19:40| 		ELEM {
|   12413|DEBUG|2018/03/16|19:40| 			NB_PROP	"15"
|   12413|DEBUG|2018/03/16|19:40| 			"TO"	"JO0000000194"
|   12413|DEBUG|2018/03/16|19:40| 			"FROM"	"JO0000000618"
|   12413|DEBUG|2018/03/16|19:40| 			"v_groupexec"	""
|   12413|DEBUG|2018/03/16|19:40| 			"ID"	"LN0000000494"
|   12413|DEBUG|2018/03/16|19:40| 			"ID_ENV"	"EB0000000008"
|   12413|DEBUG|2018/03/16|19:40| 			"ID_APP"	""
|   12413|DEBUG|2018/03/16|19:40| 			"TYPE"	"2"
|   12413|DEBUG|2018/03/16|19:40| 			"V_DESC"	""
|   12413|DEBUG|2018/03/16|19:40| 			"V_USRNAME"	"LIE_203"
|   12413|DEBUG|2018/03/16|19:40| 			"LTYPE"	"1"
|   12413|DEBUG|2018/03/16|19:40| 			"XYWH"	"1390 -110 40 10"
|   12413|DEBUG|2018/03/16|19:40| 			"DS_DELAY"	""
|   12413|DEBUG|2018/03/16|19:40| 			"F_KILL"	""
|   12413|DEBUG|2018/03/16|19:40| 			"F_LPOS"	"1"
|   12413|DEBUG|2018/03/16|19:40| 			"URL_DOC"	""
|   12413|DEBUG|2018/03/16|19:40| 		}
|   12413|DEBUG|2018/03/16|19:40| 		ELEM {
|   12413|DEBUG|2018/03/16|19:40| 			NB_PROP	"15"
|   12413|DEBUG|2018/03/16|19:40| 			"TO"	"JO0000000617"
|   12413|DEBUG|2018/03/16|19:40| 			"FROM"	"JO0000000616"
|   12413|DEBUG|2018/03/16|19:40| 			"v_groupexec"	""
|   12413|DEBUG|2018/03/16|19:40| 			"ID"	"LN0000000495"
|   12413|DEBUG|2018/03/16|19:40| 			"ID_ENV"	"EB0000000008"
|   12413|DEBUG|2018/03/16|19:40| 			"ID_APP"	""
|   12413|DEBUG|2018/03/16|19:40| 			"TYPE"	"2"
|   12413|DEBUG|2018/03/16|19:40| 			"V_DESC"	""
|   12413|DEBUG|2018/03/16|19:40| 			"V_USRNAME"	"LIE_201"
|   12413|DEBUG|2018/03/16|19:40| 			"LTYPE"	"0"
|   12413|DEBUG|2018/03/16|19:40| 			"XYWH"	"1230 -110 50 10"
|   12413|DEBUG|2018/03/16|19:40| 			"DS_DELAY"	""
|   12413|DEBUG|2018/03/16|19:40| 			"F_KILL"	""
|   12413|DEBUG|2018/03/16|19:40| 			"F_LPOS"	""
|   12413|DEBUG|2018/03/16|19:40| 			"URL_DOC"	""
|   12413|DEBUG|2018/03/16|19:40| 		}
|   12413|DEBUG|2018/03/16|19:40| 		ELEM {
|   12413|DEBUG|2018/03/16|19:40| 			NB_PROP	"15"
|   12413|DEBUG|2018/03/16|19:40| 			"TO"	"JO0000000616"
|   12413|DEBUG|2018/03/16|19:40| 			"FROM"	"JO0000000606"
|   12413|DEBUG|2018/03/16|19:40| 			"v_groupexec"	""
|   12413|DEBUG|2018/03/16|19:40| 			"ID"	"LN0000000496"
|   12413|DEBUG|2018/03/16|19:40| 			"ID_ENV"	"EB0000000008"
|   12413|DEBUG|2018/03/16|19:40| 			"ID_APP"	""
|   12413|DEBUG|2018/03/16|19:40| 			"TYPE"	"2"
|   12413|DEBUG|2018/03/16|19:40| 			"V_DESC"	""
|   12413|DEBUG|2018/03/16|19:40| 			"V_USRNAME"	"LIE_198"
|   12413|DEBUG|2018/03/16|19:40| 			"LTYPE"	"0"
|   12413|DEBUG|2018/03/16|19:40| 			"XYWH"	"1140 -110 60 10"
|   12413|DEBUG|2018/03/16|19:40| 			"DS_DELAY"	""
|   12413|DEBUG|2018/03/16|19:40| 			"F_KILL"	""
|   12413|DEBUG|2018/03/16|19:40| 			"F_LPOS"	""
|   12413|DEBUG|2018/03/16|19:40| 			"URL_DOC"	""
|   12413|DEBUG|2018/03/16|19:40| 		}
|   12413|DEBUG|2018/03/16|19:40| 		ELEM {
|   12413|DEBUG|2018/03/16|19:40| 			NB_PROP	"15"
|   12413|DEBUG|2018/03/16|19:40| 			"TO"	"JO0000000606"
|   12413|DEBUG|2018/03/16|19:40| 			"FROM"	"JO0000000480"
|   12413|DEBUG|2018/03/16|19:40| 			"v_groupexec"	""
|   12413|DEBUG|2018/03/16|19:40| 			"ID"	"LN0000000497"
|   12413|DEBUG|2018/03/16|19:40| 			"ID_ENV"	"EB0000000008"
|   12413|DEBUG|2018/03/16|19:40| 			"ID_APP"	""
|   12413|DEBUG|2018/03/16|19:40| 			"TYPE"	"2"
|   12413|DEBUG|2018/03/16|19:40| 			"V_DESC"	""
|   12413|DEBUG|2018/03/16|19:40| 			"V_USRNAME"	"LIE_197"
|   12413|DEBUG|2018/03/16|19:40| 			"LTYPE"	"0"
|   12413|DEBUG|2018/03/16|19:40| 			"XYWH"	"1070 -110 40 10"
|   12413|DEBUG|2018/03/16|19:40| 			"DS_DELAY"	""
|   12413|DEBUG|2018/03/16|19:40| 			"F_KILL"	""
|   12413|DEBUG|2018/03/16|19:40| 			"F_LPOS"	""
|   12413|DEBUG|2018/03/16|19:40| 			"URL_DOC"	""
|   12413|DEBUG|2018/03/16|19:40| 		}
|   12413|DEBUG|2018/03/16|19:40| 		ELEM {
|   12413|DEBUG|2018/03/16|19:40| 			NB_PROP	"15"
|   12413|DEBUG|2018/03/16|19:40| 			"TO"	"JO0000000618"
|   12413|DEBUG|2018/03/16|19:40| 			"FROM"	"JO0000000617"
|   12413|DEBUG|2018/03/16|19:40| 			"v_groupexec"	""
|   12413|DEBUG|2018/03/16|19:40| 			"ID"	"LN0000000498"
|   12413|DEBUG|2018/03/16|19:40| 			"ID_ENV"	"EB0000000008"
|   12413|DEBUG|2018/03/16|19:40| 			"ID_APP"	""
|   12413|DEBUG|2018/03/16|19:40| 			"TYPE"	"2"
|   12413|DEBUG|2018/03/16|19:40| 			"V_DESC"	""
|   12413|DEBUG|2018/03/16|19:40| 			"V_USRNAME"	"LIE_157_C0_C0"
|   12413|DEBUG|2018/03/16|19:40| 			"LTYPE"	"0"
|   12413|DEBUG|2018/03/16|19:40| 			"XYWH"	"1320 -230 40 10"
|   12413|DEBUG|2018/03/16|19:40| 			"DS_DELAY"	""
|   12413|DEBUG|2018/03/16|19:40| 			"F_KILL"	""
|   12413|DEBUG|2018/03/16|19:40| 			"F_LPOS"	""
|   12413|DEBUG|2018/03/16|19:40| 			"URL_DOC"	""
|   12413|DEBUG|2018/03/16|19:40| 		}
|   12413|DEBUG|2018/03/16|19:40| 		ELEM {
|   12413|DEBUG|2018/03/16|19:40| 			NB_PROP	"15"
|   12413|DEBUG|2018/03/16|19:40| 			"TO"	"JO0000000620"
|   12413|DEBUG|2018/03/16|19:40| 			"FROM"	"JO0000000619"
|   12413|DEBUG|2018/03/16|19:40| 			"v_groupexec"	""
|   12413|DEBUG|2018/03/16|19:40| 			"ID"	"LN0000000499"
|   12413|DEBUG|2018/03/16|19:40| 			"ID_ENV"	"EB0000000008"
|   12413|DEBUG|2018/03/16|19:40| 			"ID_APP"	""
|   12413|DEBUG|2018/03/16|19:40| 			"TYPE"	"2"
|   12413|DEBUG|2018/03/16|19:40| 			"V_DESC"	""
|   12413|DEBUG|2018/03/16|19:40| 			"V_USRNAME"	"LIE_214"
|   12413|DEBUG|2018/03/16|19:40| 			"LTYPE"	"0"
|   12413|DEBUG|2018/03/16|19:40| 			"XYWH"	"1210 -50 50 10"
|   12413|DEBUG|2018/03/16|19:40| 			"DS_DELAY"	""
|   12413|DEBUG|2018/03/16|19:40| 			"F_KILL"	""
|   12413|DEBUG|2018/03/16|19:40| 			"F_LPOS"	""
|   12413|DEBUG|2018/03/16|19:40| 			"URL_DOC"	""
|   12413|DEBUG|2018/03/16|19:40| 		}
|   12413|DEBUG|2018/03/16|19:40| 		ELEM {
|   12413|DEBUG|2018/03/16|19:40| 			NB_PROP	"15"
|   12413|DEBUG|2018/03/16|19:40| 			"TO"	"JO0000000619"
|   12413|DEBUG|2018/03/16|19:40| 			"FROM"	"JO0000000605"
|   12413|DEBUG|2018/03/16|19:40| 			"v_groupexec"	""
|   12413|DEBUG|2018/03/16|19:40| 			"ID"	"LN0000000500"
|   12413|DEBUG|2018/03/16|19:40| 			"ID_ENV"	"EB0000000008"
|   12413|DEBUG|2018/03/16|19:40| 			"ID_APP"	""
|   12413|DEBUG|2018/03/16|19:40| 			"TYPE"	"2"
|   12413|DEBUG|2018/03/16|19:40| 			"V_DESC"	""
|   12413|DEBUG|2018/03/16|19:40| 			"V_USRNAME"	"LIE_210"
|   12413|DEBUG|2018/03/16|19:40| 			"LTYPE"	"0"
|   12413|DEBUG|2018/03/16|19:40| 			"XYWH"	"1130 -50 50 10"
|   12413|DEBUG|2018/03/16|19:40| 			"DS_DELAY"	""
|   12413|DEBUG|2018/03/16|19:40| 			"F_KILL"	""
|   12413|DEBUG|2018/03/16|19:40| 			"F_LPOS"	""
|   12413|DEBUG|2018/03/16|19:40| 			"URL_DOC"	""
|   12413|DEBUG|2018/03/16|19:40| 		}
|   12413|DEBUG|2018/03/16|19:40| 		ELEM {
|   12413|DEBUG|2018/03/16|19:40| 			NB_PROP	"15"
|   12413|DEBUG|2018/03/16|19:40| 			"TO"	"JO0000000184"
|   12413|DEBUG|2018/03/16|19:40| 			"FROM"	"JO0000000621"
|   12413|DEBUG|2018/03/16|19:40| 			"v_groupexec"	""
|   12413|DEBUG|2018/03/16|19:40| 			"ID"	"LN0000000501"
|   12413|DEBUG|2018/03/16|19:40| 			"ID_ENV"	"EB0000000008"
|   12413|DEBUG|2018/03/16|19:40| 			"ID_APP"	""
|   12413|DEBUG|2018/03/16|19:40| 			"TYPE"	"2"
|   12413|DEBUG|2018/03/16|19:40| 			"V_DESC"	""
|   12413|DEBUG|2018/03/16|19:40| 			"V_USRNAME"	"LIE_209"
|   12413|DEBUG|2018/03/16|19:40| 			"LTYPE"	"1"
|   12413|DEBUG|2018/03/16|19:40| 			"XYWH"	"1360 -60 40 10"
|   12413|DEBUG|2018/03/16|19:40| 			"DS_DELAY"	""
|   12413|DEBUG|2018/03/16|19:40| 			"F_KILL"	""
|   12413|DEBUG|2018/03/16|19:40| 			"F_LPOS"	"1"
|   12413|DEBUG|2018/03/16|19:40| 			"URL_DOC"	""
|   12413|DEBUG|2018/03/16|19:40| 		}
|   12413|DEBUG|2018/03/16|19:40| 		ELEM {
|   12413|DEBUG|2018/03/16|19:40| 			NB_PROP	"15"
|   12413|DEBUG|2018/03/16|19:40| 			"TO"	"JO0000000621"
|   12413|DEBUG|2018/03/16|19:40| 			"FROM"	"JO0000000620"
|   12413|DEBUG|2018/03/16|19:40| 			"v_groupexec"	""
|   12413|DEBUG|2018/03/16|19:40| 			"ID"	"LN0000000502"
|   12413|DEBUG|2018/03/16|19:40| 			"ID_ENV"	"EB0000000008"
|   12413|DEBUG|2018/03/16|19:40| 			"ID_APP"	""
|   12413|DEBUG|2018/03/16|19:40| 			"TYPE"	"2"
|   12413|DEBUG|2018/03/16|19:40| 			"V_DESC"	""
|   12413|DEBUG|2018/03/16|19:40| 			"V_USRNAME"	"LIE_157_C0_C0_C0"
|   12413|DEBUG|2018/03/16|19:40| 			"LTYPE"	"0"
|   12413|DEBUG|2018/03/16|19:40| 			"XYWH"	"1320 -230 40 10"
|   12413|DEBUG|2018/03/16|19:40| 			"DS_DELAY"	""
|   12413|DEBUG|2018/03/16|19:40| 			"F_KILL"	""
|   12413|DEBUG|2018/03/16|19:40| 			"F_LPOS"	""
|   12413|DEBUG|2018/03/16|19:40| 			"URL_DOC"	""
|   12413|DEBUG|2018/03/16|19:40| 		}
|   12413|DEBUG|2018/03/16|19:40| 		ELEM {
|   12413|DEBUG|2018/03/16|19:40| 			NB_PROP	"15"
|   12413|DEBUG|2018/03/16|19:40| 			"TO"	"JO0000000605"
|   12413|DEBUG|2018/03/16|19:40| 			"FROM"	"JO0000000482"
|   12413|DEBUG|2018/03/16|19:40| 			"v_groupexec"	""
|   12413|DEBUG|2018/03/16|19:40| 			"ID"	"LN0000000503"
|   12413|DEBUG|2018/03/16|19:40| 			"ID_ENV"	"EB0000000008"
|   12413|DEBUG|2018/03/16|19:40| 			"ID_APP"	""
|   12413|DEBUG|2018/03/16|19:40| 			"TYPE"	"2"
|   12413|DEBUG|2018/03/16|19:40| 			"V_DESC"	""
|   12413|DEBUG|2018/03/16|19:40| 			"V_USRNAME"	"LIE_87"
|   12413|DEBUG|2018/03/16|19:40| 			"LTYPE"	"0"
|   12413|DEBUG|2018/03/16|19:40| 			"XYWH"	"1070 -50 30 10"
|   12413|DEBUG|2018/03/16|19:40| 			"DS_DELAY"	""
|   12413|DEBUG|2018/03/16|19:40| 			"F_KILL"	""
|   12413|DEBUG|2018/03/16|19:40| 			"F_LPOS"	""
|   12413|DEBUG|2018/03/16|19:40| 			"URL_DOC"	""
|   12414|DEBUG|2018/03/16|19:40| 		}
|   12414|DEBUG|2018/03/16|19:40| 		ELEM {
|   12414|DEBUG|2018/03/16|19:40| 			NB_PROP	"15"
|   12414|DEBUG|2018/03/16|19:40| 			"TO"	"JO0000000380"
|   12414|DEBUG|2018/03/16|19:40| 			"FROM"	"JO0000000200"
|   12414|DEBUG|2018/03/16|19:40| 			"v_groupexec"	""
|   12414|DEBUG|2018/03/16|19:40| 			"ID"	"LN0000000504"
|   12414|DEBUG|2018/03/16|19:40| 			"ID_ENV"	"EB0000000008"
|   12414|DEBUG|2018/03/16|19:40| 			"ID_APP"	""
|   12414|DEBUG|2018/03/16|19:40| 			"TYPE"	"2"
|   12414|DEBUG|2018/03/16|19:40| 			"V_DESC"	""
|   12414|DEBUG|2018/03/16|19:40| 			"V_USRNAME"	"LIE_90"
|   12414|DEBUG|2018/03/16|19:40| 			"LTYPE"	"0"
|   12414|DEBUG|2018/03/16|19:40| 			"XYWH"	"1510 0 60 10"
|   12414|DEBUG|2018/03/16|19:40| 			"DS_DELAY"	""
|   12414|DEBUG|2018/03/16|19:40| 			"F_KILL"	""
|   12414|DEBUG|2018/03/16|19:40| 			"F_LPOS"	""
|   12414|DEBUG|2018/03/16|19:40| 			"URL_DOC"	""
|   12414|DEBUG|2018/03/16|19:40| 		}
|   12414|DEBUG|2018/03/16|19:40| 		ELEM {
|   12414|DEBUG|2018/03/16|19:40| 			NB_PROP	"15"
|   12414|DEBUG|2018/03/16|19:40| 			"TO"	"JO0000000200"
|   12414|DEBUG|2018/03/16|19:40| 			"FROM"	"JO0000000201"
|   12414|DEBUG|2018/03/16|19:40| 			"v_groupexec"	""
|   12414|DEBUG|2018/03/16|19:40| 			"ID"	"LN0000000505"
|   12414|DEBUG|2018/03/16|19:40| 			"ID_ENV"	"EB0000000008"
|   12414|DEBUG|2018/03/16|19:40| 			"ID_APP"	""
|   12414|DEBUG|2018/03/16|19:40| 			"TYPE"	"2"
|   12414|DEBUG|2018/03/16|19:40| 			"V_DESC"	""
|   12414|DEBUG|2018/03/16|19:40| 			"V_USRNAME"	"LIE_83"
|   12414|DEBUG|2018/03/16|19:40| 			"LTYPE"	"0"
|   12414|DEBUG|2018/03/16|19:40| 			"XYWH"	"1430 0 50 10"
|   12414|DEBUG|2018/03/16|19:40| 			"DS_DELAY"	""
|   12414|DEBUG|2018/03/16|19:40| 			"F_KILL"	""
|   12414|DEBUG|2018/03/16|19:40| 			"F_LPOS"	""
|   12414|DEBUG|2018/03/16|19:40| 			"URL_DOC"	""
|   12414|DEBUG|2018/03/16|19:40| 		}
|   12414|DEBUG|2018/03/16|19:40| 		ELEM {
|   12414|DEBUG|2018/03/16|19:40| 			NB_PROP	"15"
|   12414|DEBUG|2018/03/16|19:40| 			"TO"	"JO0000000201"
|   12414|DEBUG|2018/03/16|19:40| 			"FROM"	"JO0000000624"
|   12414|DEBUG|2018/03/16|19:40| 			"v_groupexec"	""
|   12414|DEBUG|2018/03/16|19:40| 			"ID"	"LN0000000506"
|   12414|DEBUG|2018/03/16|19:40| 			"ID_ENV"	"EB0000000008"
|   12414|DEBUG|2018/03/16|19:40| 			"ID_APP"	""
|   12414|DEBUG|2018/03/16|19:40| 			"TYPE"	"2"
|   12414|DEBUG|2018/03/16|19:40| 			"V_DESC"	""
|   12414|DEBUG|2018/03/16|19:40| 			"V_USRNAME"	"LIE_235"
|   12414|DEBUG|2018/03/16|19:40| 			"LTYPE"	"1"
|   12414|DEBUG|2018/03/16|19:40| 			"XYWH"	"1360 -10 40 10"
|   12414|DEBUG|2018/03/16|19:40| 			"DS_DELAY"	""
|   12414|DEBUG|2018/03/16|19:40| 			"F_KILL"	""
|   12414|DEBUG|2018/03/16|19:40| 			"F_LPOS"	"1"
|   12414|DEBUG|2018/03/16|19:40| 			"URL_DOC"	""
|   12414|DEBUG|2018/03/16|19:40| 		}
|   12414|DEBUG|2018/03/16|19:40| 		ELEM {
|   12414|DEBUG|2018/03/16|19:40| 			NB_PROP	"15"
|   12414|DEBUG|2018/03/16|19:40| 			"TO"	"JO0000000623"
|   12414|DEBUG|2018/03/16|19:40| 			"FROM"	"JO0000000622"
|   12414|DEBUG|2018/03/16|19:40| 			"v_groupexec"	""
|   12414|DEBUG|2018/03/16|19:40| 			"ID"	"LN0000000507"
|   12414|DEBUG|2018/03/16|19:40| 			"ID_ENV"	"EB0000000008"
|   12414|DEBUG|2018/03/16|19:40| 			"ID_APP"	""
|   12414|DEBUG|2018/03/16|19:40| 			"TYPE"	"2"
|   12414|DEBUG|2018/03/16|19:40| 			"V_DESC"	""
|   12414|DEBUG|2018/03/16|19:40| 			"V_USRNAME"	"LIE_234"
|   12414|DEBUG|2018/03/16|19:40| 			"LTYPE"	"0"
|   12414|DEBUG|2018/03/16|19:40| 			"XYWH"	"1210 0 50 10"
|   12414|DEBUG|2018/03/16|19:40| 			"DS_DELAY"	""
|   12414|DEBUG|2018/03/16|19:40| 			"F_KILL"	""
|   12414|DEBUG|2018/03/16|19:40| 			"F_LPOS"	""
|   12414|DEBUG|2018/03/16|19:40| 			"URL_DOC"	""
|   12414|DEBUG|2018/03/16|19:40| 		}
|   12414|DEBUG|2018/03/16|19:40| 		ELEM {
|   12414|DEBUG|2018/03/16|19:40| 			NB_PROP	"15"
|   12414|DEBUG|2018/03/16|19:40| 			"TO"	"JO0000000622"
|   12414|DEBUG|2018/03/16|19:40| 			"FROM"	"JO0000000608"
|   12414|DEBUG|2018/03/16|19:40| 			"v_groupexec"	""
|   12414|DEBUG|2018/03/16|19:40| 			"ID"	"LN0000000508"
|   12414|DEBUG|2018/03/16|19:40| 			"ID_ENV"	"EB0000000008"
|   12414|DEBUG|2018/03/16|19:40| 			"ID_APP"	""
|   12414|DEBUG|2018/03/16|19:40| 			"TYPE"	"2"
|   12414|DEBUG|2018/03/16|19:40| 			"V_DESC"	""
|   12414|DEBUG|2018/03/16|19:40| 			"V_USRNAME"	"LIE_233"
|   12414|DEBUG|2018/03/16|19:40| 			"LTYPE"	"0"
|   12414|DEBUG|2018/03/16|19:40| 			"XYWH"	"1130 0 50 10"
|   12414|DEBUG|2018/03/16|19:40| 			"DS_DELAY"	""
|   12414|DEBUG|2018/03/16|19:40| 			"F_KILL"	""
|   12414|DEBUG|2018/03/16|19:40| 			"F_LPOS"	""
|   12414|DEBUG|2018/03/16|19:40| 			"URL_DOC"	""
|   12414|DEBUG|2018/03/16|19:40| 		}
|   12414|DEBUG|2018/03/16|19:40| 		ELEM {
|   12414|DEBUG|2018/03/16|19:40| 			NB_PROP	"15"
|   12414|DEBUG|2018/03/16|19:40| 			"TO"	"JO0000000608"
|   12414|DEBUG|2018/03/16|19:40| 			"FROM"	"JO0000000481"
|   12414|DEBUG|2018/03/16|19:40| 			"v_groupexec"	""
|   12414|DEBUG|2018/03/16|19:40| 			"ID"	"LN0000000509"
|   12414|DEBUG|2018/03/16|19:40| 			"ID_ENV"	"EB0000000008"
|   12414|DEBUG|2018/03/16|19:40| 			"ID_APP"	""
|   12414|DEBUG|2018/03/16|19:40| 			"TYPE"	"2"
|   12414|DEBUG|2018/03/16|19:40| 			"V_DESC"	""
|   12414|DEBUG|2018/03/16|19:40| 			"V_USRNAME"	"LIE_91"
|   12414|DEBUG|2018/03/16|19:40| 			"LTYPE"	"0"
|   12414|DEBUG|2018/03/16|19:40| 			"XYWH"	"1070 0 30 10"
|   12414|DEBUG|2018/03/16|19:40| 			"DS_DELAY"	""
|   12414|DEBUG|2018/03/16|19:40| 			"F_KILL"	""
|   12414|DEBUG|2018/03/16|19:40| 			"F_LPOS"	""
|   12414|DEBUG|2018/03/16|19:40| 			"URL_DOC"	""
|   12414|DEBUG|2018/03/16|19:40| 		}
|   12414|DEBUG|2018/03/16|19:40| 		ELEM {
|   12414|DEBUG|2018/03/16|19:40| 			NB_PROP	"15"
|   12414|DEBUG|2018/03/16|19:40| 			"TO"	"JO0000000624"
|   12414|DEBUG|2018/03/16|19:40| 			"FROM"	"JO0000000623"
|   12414|DEBUG|2018/03/16|19:40| 			"v_groupexec"	""
|   12414|DEBUG|2018/03/16|19:40| 			"ID"	"LN0000000510"
|   12414|DEBUG|2018/03/16|19:40| 			"ID_ENV"	"EB0000000008"
|   12414|DEBUG|2018/03/16|19:40| 			"ID_APP"	""
|   12414|DEBUG|2018/03/16|19:40| 			"TYPE"	"2"
|   12414|DEBUG|2018/03/16|19:40| 			"V_DESC"	""
|   12414|DEBUG|2018/03/16|19:40| 			"V_USRNAME"	"LIE_157_C0_C0_C0_C0"
|   12414|DEBUG|2018/03/16|19:40| 			"LTYPE"	"0"
|   12414|DEBUG|2018/03/16|19:40| 			"XYWH"	"1320 -230 40 10"
|   12414|DEBUG|2018/03/16|19:40| 			"DS_DELAY"	""
|   12414|DEBUG|2018/03/16|19:40| 			"F_KILL"	""
|   12414|DEBUG|2018/03/16|19:40| 			"F_LPOS"	""
|   12414|DEBUG|2018/03/16|19:40| 			"URL_DOC"	""
|   12414|DEBUG|2018/03/16|19:40| 		}
|   12414|DEBUG|2018/03/16|19:40| 		ELEM {
|   12414|DEBUG|2018/03/16|19:40| 			NB_PROP	"15"
|   12414|DEBUG|2018/03/16|19:40| 			"TO"	"JO0000000167"
|   12414|DEBUG|2018/03/16|19:40| 			"FROM"	"JO0000000627"
|   12414|DEBUG|2018/03/16|19:40| 			"v_groupexec"	""
|   12414|DEBUG|2018/03/16|19:40| 			"ID"	"LN0000000511"
|   12414|DEBUG|2018/03/16|19:40| 			"ID_ENV"	"EB0000000008"
|   12414|DEBUG|2018/03/16|19:40| 			"ID_APP"	""
|   12414|DEBUG|2018/03/16|19:40| 			"TYPE"	"2"
|   12414|DEBUG|2018/03/16|19:40| 			"V_DESC"	""
|   12414|DEBUG|2018/03/16|19:40| 			"V_USRNAME"	"LIE_265"
|   12414|DEBUG|2018/03/16|19:40| 			"LTYPE"	"1"
|   12414|DEBUG|2018/03/16|19:40| 			"XYWH"	"220 20 10 30"
|   12414|DEBUG|2018/03/16|19:40| 			"DS_DELAY"	""
|   12414|DEBUG|2018/03/16|19:40| 			"F_KILL"	""
|   12414|DEBUG|2018/03/16|19:40| 			"F_LPOS"	"1"
|   12414|DEBUG|2018/03/16|19:40| 			"URL_DOC"	""
|   12414|DEBUG|2018/03/16|19:40| 		}
|   12414|DEBUG|2018/03/16|19:40| 		ELEM {
|   12414|DEBUG|2018/03/16|19:40| 			NB_PROP	"15"
|   12414|DEBUG|2018/03/16|19:40| 			"TO"	"JO0000000627"
|   12414|DEBUG|2018/03/16|19:40| 			"FROM"	"JO0000000626"
|   12414|DEBUG|2018/03/16|19:40| 			"v_groupexec"	""
|   12414|DEBUG|2018/03/16|19:40| 			"ID"	"LN0000000512"
|   12414|DEBUG|2018/03/16|19:40| 			"ID_ENV"	"EB0000000008"
|   12414|DEBUG|2018/03/16|19:40| 			"ID_APP"	""
|   12414|DEBUG|2018/03/16|19:40| 			"TYPE"	"2"
|   12414|DEBUG|2018/03/16|19:40| 			"V_DESC"	""
|   12414|DEBUG|2018/03/16|19:40| 			"V_USRNAME"	"LIE_262"
|   12414|DEBUG|2018/03/16|19:40| 			"LTYPE"	"0"
|   12414|DEBUG|2018/03/16|19:40| 			"XYWH"	"230 -30 10 20"
|   12414|DEBUG|2018/03/16|19:40| 			"DS_DELAY"	""
|   12414|DEBUG|2018/03/16|19:40| 			"F_KILL"	""
|   12414|DEBUG|2018/03/16|19:40| 			"F_LPOS"	""
|   12414|DEBUG|2018/03/16|19:40| 			"URL_DOC"	""
|   12414|DEBUG|2018/03/16|19:40| 		}
|   12414|DEBUG|2018/03/16|19:40| 		ELEM {
|   12414|DEBUG|2018/03/16|19:40| 			NB_PROP	"15"
|   12414|DEBUG|2018/03/16|19:40| 			"TO"	"JO0000000626"
|   12414|DEBUG|2018/03/16|19:40| 			"FROM"	"JO0000000625"
|   12414|DEBUG|2018/03/16|19:40| 			"v_groupexec"	""
|   12414|DEBUG|2018/03/16|19:40| 			"ID"	"LN0000000513"
|   12414|DEBUG|2018/03/16|19:40| 			"ID_ENV"	"EB0000000008"
|   12414|DEBUG|2018/03/16|19:40| 			"ID_APP"	""
|   12414|DEBUG|2018/03/16|19:40| 			"TYPE"	"2"
|   12414|DEBUG|2018/03/16|19:40| 			"V_DESC"	""
|   12414|DEBUG|2018/03/16|19:40| 			"V_USRNAME"	"LIE_261"
|   12414|DEBUG|2018/03/16|19:40| 			"LTYPE"	"0"
|   12414|DEBUG|2018/03/16|19:40| 			"XYWH"	"230 -70 10 10"
|   12414|DEBUG|2018/03/16|19:40| 			"DS_DELAY"	""
|   12414|DEBUG|2018/03/16|19:40| 			"F_KILL"	""
|   12414|DEBUG|2018/03/16|19:40| 			"F_LPOS"	""
|   12414|DEBUG|2018/03/16|19:40| 			"URL_DOC"	""
|   12414|DEBUG|2018/03/16|19:40| 		}
|   12414|DEBUG|2018/03/16|19:40| 		ELEM {
|   12414|DEBUG|2018/03/16|19:40| 			NB_PROP	"15"
|   12414|DEBUG|2018/03/16|19:40| 			"TO"	"JO0000000625"
|   12414|DEBUG|2018/03/16|19:40| 			"FROM"	"JO0000000604"
|   12414|DEBUG|2018/03/16|19:40| 			"v_groupexec"	""
|   12414|DEBUG|2018/03/16|19:40| 			"ID"	"LN0000000514"
|   12414|DEBUG|2018/03/16|19:40| 			"ID_ENV"	"EB0000000008"
|   12414|DEBUG|2018/03/16|19:40| 			"ID_APP"	""
|   12414|DEBUG|2018/03/16|19:40| 			"TYPE"	"2"
|   12414|DEBUG|2018/03/16|19:40| 			"V_DESC"	""
|   12414|DEBUG|2018/03/16|19:40| 			"V_USRNAME"	"LIE_260"
|   12414|DEBUG|2018/03/16|19:40| 			"LTYPE"	"0"
|   12414|DEBUG|2018/03/16|19:40| 			"XYWH"	"230 -110 10 10"
|   12414|DEBUG|2018/03/16|19:40| 			"DS_DELAY"	""
|   12414|DEBUG|2018/03/16|19:40| 			"F_KILL"	""
|   12414|DEBUG|2018/03/16|19:40| 			"F_LPOS"	""
|   12414|DEBUG|2018/03/16|19:40| 			"URL_DOC"	""
|   12414|DEBUG|2018/03/16|19:40| 		}
|   12414|DEBUG|2018/03/16|19:40| 		ELEM {
|   12414|DEBUG|2018/03/16|19:40| 			NB_PROP	"15"
|   12414|DEBUG|2018/03/16|19:40| 			"TO"	"JO0000000207"
|   12414|DEBUG|2018/03/16|19:40| 			"FROM"	"JO0000000631"
|   12414|DEBUG|2018/03/16|19:40| 			"v_groupexec"	""
|   12414|DEBUG|2018/03/16|19:40| 			"ID"	"LN0000000515"
|   12414|DEBUG|2018/03/16|19:40| 			"ID_ENV"	"EB0000000008"
|   12414|DEBUG|2018/03/16|19:40| 			"ID_APP"	""
|   12414|DEBUG|2018/03/16|19:40| 			"TYPE"	"2"
|   12414|DEBUG|2018/03/16|19:40| 			"V_DESC"	""
|   12414|DEBUG|2018/03/16|19:40| 			"V_USRNAME"	"LIE_278"
|   12414|DEBUG|2018/03/16|19:40| 			"LTYPE"	"0"
|   12414|DEBUG|2018/03/16|19:40| 			"XYWH"	"-240 -1360 50 10"
|   12414|DEBUG|2018/03/16|19:40| 			"DS_DELAY"	""
|   12414|DEBUG|2018/03/16|19:40| 			"F_KILL"	""
|   12414|DEBUG|2018/03/16|19:40| 			"F_LPOS"	""
|   12414|DEBUG|2018/03/16|19:40| 			"URL_DOC"	""
|   12414|DEBUG|2018/03/16|19:40| 		}
|   12415|DEBUG|2018/03/16|19:40| 		ELEM {
|   12415|DEBUG|2018/03/16|19:40| 			NB_PROP	"15"
|   12415|DEBUG|2018/03/16|19:40| 			"TO"	"JO0000000167"
|   12415|DEBUG|2018/03/16|19:40| 			"FROM"	"JO0000000630"
|   12415|DEBUG|2018/03/16|19:40| 			"v_groupexec"	""
|   12415|DEBUG|2018/03/16|19:40| 			"ID"	"LN0000000516"
|   12415|DEBUG|2018/03/16|19:40| 			"ID_ENV"	"EB0000000008"
|   12415|DEBUG|2018/03/16|19:40| 			"ID_APP"	""
|   12415|DEBUG|2018/03/16|19:40| 			"TYPE"	"2"
|   12415|DEBUG|2018/03/16|19:40| 			"V_DESC"	""
|   12415|DEBUG|2018/03/16|19:40| 			"V_USRNAME"	"LIE_303"
|   12415|DEBUG|2018/03/16|19:40| 			"LTYPE"	"0"
|   12415|DEBUG|2018/03/16|19:40| 			"XYWH"	"170 -120 30 80"
|   12415|DEBUG|2018/03/16|19:40| 			"DS_DELAY"	""
|   12415|DEBUG|2018/03/16|19:40| 			"F_KILL"	""
|   12415|DEBUG|2018/03/16|19:40| 			"F_LPOS"	""
|   12415|DEBUG|2018/03/16|19:40| 			"URL_DOC"	""
|   12415|DEBUG|2018/03/16|19:40| 		}
|   12415|DEBUG|2018/03/16|19:40| 		ELEM {
|   12415|DEBUG|2018/03/16|19:40| 			NB_PROP	"15"
|   12415|DEBUG|2018/03/16|19:40| 			"TO"	"JO0000000437"
|   12415|DEBUG|2018/03/16|19:40| 			"FROM"	"JO0000000629"
|   12415|DEBUG|2018/03/16|19:40| 			"v_groupexec"	""
|   12415|DEBUG|2018/03/16|19:40| 			"ID"	"LN0000000517"
|   12415|DEBUG|2018/03/16|19:40| 			"ID_ENV"	"EB0000000008"
|   12415|DEBUG|2018/03/16|19:40| 			"ID_APP"	""
|   12415|DEBUG|2018/03/16|19:40| 			"TYPE"	"2"
|   12415|DEBUG|2018/03/16|19:40| 			"V_DESC"	""
|   12415|DEBUG|2018/03/16|19:40| 			"V_USRNAME"	"LIE_238"
|   12415|DEBUG|2018/03/16|19:40| 			"LTYPE"	"0"
|   12415|DEBUG|2018/03/16|19:40| 			"XYWH"	"-230 -130 10 40"
|   12415|DEBUG|2018/03/16|19:40| 			"DS_DELAY"	""
|   12415|DEBUG|2018/03/16|19:40| 			"F_KILL"	""
|   12415|DEBUG|2018/03/16|19:40| 			"F_LPOS"	""
|   12415|DEBUG|2018/03/16|19:40| 			"URL_DOC"	""
|   12415|DEBUG|2018/03/16|19:40| 		}
|   12415|DEBUG|2018/03/16|19:40| 		ELEM {
|   12415|DEBUG|2018/03/16|19:40| 			NB_PROP	"15"
|   12415|DEBUG|2018/03/16|19:40| 			"TO"	"JO0000000436"
|   12415|DEBUG|2018/03/16|19:40| 			"FROM"	"JO0000000628"
|   12415|DEBUG|2018/03/16|19:40| 			"v_groupexec"	""
|   12415|DEBUG|2018/03/16|19:40| 			"ID"	"LN0000000518"
|   12415|DEBUG|2018/03/16|19:40| 			"ID_ENV"	"EB0000000008"
|   12415|DEBUG|2018/03/16|19:40| 			"ID_APP"	""
|   12415|DEBUG|2018/03/16|19:40| 			"TYPE"	"2"
|   12415|DEBUG|2018/03/16|19:40| 			"V_DESC"	""
|   12415|DEBUG|2018/03/16|19:40| 			"V_USRNAME"	"LIE_275"
|   12415|DEBUG|2018/03/16|19:40| 			"LTYPE"	"0"
|   12415|DEBUG|2018/03/16|19:40| 			"XYWH"	"-390 -130 10 30"
|   12415|DEBUG|2018/03/16|19:40| 			"DS_DELAY"	""
|   12415|DEBUG|2018/03/16|19:40| 			"F_KILL"	""
|   12415|DEBUG|2018/03/16|19:40| 			"F_LPOS"	""
|   12415|DEBUG|2018/03/16|19:40| 			"URL_DOC"	""
|   12415|DEBUG|2018/03/16|19:40| 		}
|   12415|DEBUG|2018/03/16|19:40| 		ELEM {
|   12415|DEBUG|2018/03/16|19:40| 			NB_PROP	"15"
|   12415|DEBUG|2018/03/16|19:40| 			"TO"	"JO0000000162"
|   12415|DEBUG|2018/03/16|19:40| 			"FROM"	"JO0000000635"
|   12415|DEBUG|2018/03/16|19:40| 			"v_groupexec"	""
|   12415|DEBUG|2018/03/16|19:40| 			"ID"	"LN0000000519"
|   12415|DEBUG|2018/03/16|19:40| 			"ID_ENV"	"EB0000000008"
|   12415|DEBUG|2018/03/16|19:40| 			"ID_APP"	""
|   12415|DEBUG|2018/03/16|19:40| 			"TYPE"	"2"
|   12415|DEBUG|2018/03/16|19:40| 			"V_DESC"	""
|   12415|DEBUG|2018/03/16|19:40| 			"V_USRNAME"	"LIE_305"
|   12415|DEBUG|2018/03/16|19:40| 			"LTYPE"	"0"
|   12415|DEBUG|2018/03/16|19:40| 			"XYWH"	"1060 0 40 10"
|   12415|DEBUG|2018/03/16|19:40| 			"DS_DELAY"	""
|   12415|DEBUG|2018/03/16|19:40| 			"F_KILL"	""
|   12415|DEBUG|2018/03/16|19:40| 			"F_LPOS"	""
|   12415|DEBUG|2018/03/16|19:40| 			"URL_DOC"	""
|   12415|DEBUG|2018/03/16|19:40| 		}
|   12415|DEBUG|2018/03/16|19:40| 		ELEM {
|   12415|DEBUG|2018/03/16|19:40| 			NB_PROP	"15"
|   12415|DEBUG|2018/03/16|19:40| 			"TO"	"JO0000000165"
|   12415|DEBUG|2018/03/16|19:40| 			"FROM"	"JO0000000633"
|   12415|DEBUG|2018/03/16|19:40| 			"v_groupexec"	""
|   12415|DEBUG|2018/03/16|19:40| 			"ID"	"LN0000000520"
|   12415|DEBUG|2018/03/16|19:40| 			"ID_ENV"	"EB0000000008"
|   12415|DEBUG|2018/03/16|19:40| 			"ID_APP"	""
|   12415|DEBUG|2018/03/16|19:40| 			"TYPE"	"2"
|   12415|DEBUG|2018/03/16|19:40| 			"V_DESC"	""
|   12415|DEBUG|2018/03/16|19:40| 			"V_USRNAME"	"LIE_295"
|   12415|DEBUG|2018/03/16|19:40| 			"LTYPE"	"0"
|   12415|DEBUG|2018/03/16|19:40| 			"XYWH"	"1060 60 40 10"
|   12415|DEBUG|2018/03/16|19:40| 			"DS_DELAY"	""
|   12415|DEBUG|2018/03/16|19:40| 			"F_KILL"	""
|   12415|DEBUG|2018/03/16|19:40| 			"F_LPOS"	""
|   12415|DEBUG|2018/03/16|19:40| 			"URL_DOC"	""
|   12415|DEBUG|2018/03/16|19:40| 		}
|   12415|DEBUG|2018/03/16|19:40| 		ELEM {
|   12415|DEBUG|2018/03/16|19:40| 			NB_PROP	"15"
|   12415|DEBUG|2018/03/16|19:40| 			"TO"	"JO0000000164"
|   12415|DEBUG|2018/03/16|19:40| 			"FROM"	"JO0000000634"
|   12415|DEBUG|2018/03/16|19:40| 			"v_groupexec"	""
|   12415|DEBUG|2018/03/16|19:40| 			"ID"	"LN0000000521"
|   12415|DEBUG|2018/03/16|19:40| 			"ID_ENV"	"EB0000000008"
|   12415|DEBUG|2018/03/16|19:40| 			"ID_APP"	""
|   12415|DEBUG|2018/03/16|19:40| 			"TYPE"	"2"
|   12415|DEBUG|2018/03/16|19:40| 			"V_DESC"	""
|   12415|DEBUG|2018/03/16|19:40| 			"V_USRNAME"	"LIE_294"
|   12415|DEBUG|2018/03/16|19:40| 			"LTYPE"	"0"
|   12415|DEBUG|2018/03/16|19:40| 			"XYWH"	"1060 120 40 10"
|   12415|DEBUG|2018/03/16|19:40| 			"DS_DELAY"	""
|   12415|DEBUG|2018/03/16|19:40| 			"F_KILL"	""
|   12415|DEBUG|2018/03/16|19:40| 			"F_LPOS"	""
|   12415|DEBUG|2018/03/16|19:40| 			"URL_DOC"	""
|   12415|DEBUG|2018/03/16|19:40| 		}
|   12415|DEBUG|2018/03/16|19:40| 		ELEM {
|   12415|DEBUG|2018/03/16|19:40| 			NB_PROP	"15"
|   12415|DEBUG|2018/03/16|19:40| 			"TO"	"JO0000000507"
|   12415|DEBUG|2018/03/16|19:40| 			"FROM"	"JO0000000634"
|   12415|DEBUG|2018/03/16|19:40| 			"v_groupexec"	""
|   12415|DEBUG|2018/03/16|19:40| 			"ID"	"LN0000000522"
|   12415|DEBUG|2018/03/16|19:40| 			"ID_ENV"	"EB0000000008"
|   12415|DEBUG|2018/03/16|19:40| 			"ID_APP"	""
|   12415|DEBUG|2018/03/16|19:40| 			"TYPE"	"2"
|   12415|DEBUG|2018/03/16|19:40| 			"V_DESC"	""
|   12415|DEBUG|2018/03/16|19:40| 			"V_USRNAME"	"LIE_291"
|   12415|DEBUG|2018/03/16|19:40| 			"LTYPE"	"0"
|   12415|DEBUG|2018/03/16|19:40| 			"XYWH"	"960 120 70 140"
|   12415|DEBUG|2018/03/16|19:40| 			"DS_DELAY"	""
|   12415|DEBUG|2018/03/16|19:40| 			"F_KILL"	""
|   12415|DEBUG|2018/03/16|19:40| 			"F_LPOS"	"1"
|   12415|DEBUG|2018/03/16|19:40| 			"URL_DOC"	""
|   12415|DEBUG|2018/03/16|19:40| 		}
|   12415|DEBUG|2018/03/16|19:40| 		ELEM {
|   12415|DEBUG|2018/03/16|19:40| 			NB_PROP	"15"
|   12415|DEBUG|2018/03/16|19:40| 			"TO"	"JO0000000634"
|   12415|DEBUG|2018/03/16|19:40| 			"FROM"	"JO0000000633"
|   12415|DEBUG|2018/03/16|19:40| 			"v_groupexec"	""
|   12415|DEBUG|2018/03/16|19:40| 			"ID"	"LN0000000523"
|   12415|DEBUG|2018/03/16|19:40| 			"ID_ENV"	"EB0000000008"
|   12415|DEBUG|2018/03/16|19:40| 			"ID_APP"	""
|   12415|DEBUG|2018/03/16|19:40| 			"TYPE"	"2"
|   12415|DEBUG|2018/03/16|19:40| 			"V_DESC"	""
|   12415|DEBUG|2018/03/16|19:40| 			"V_USRNAME"	"LIE_138"
|   12415|DEBUG|2018/03/16|19:40| 			"LTYPE"	"1"
|   12415|DEBUG|2018/03/16|19:40| 			"XYWH"	"1040 80 10 30"
|   12415|DEBUG|2018/03/16|19:40| 			"DS_DELAY"	""
|   12415|DEBUG|2018/03/16|19:40| 			"F_KILL"	""
|   12415|DEBUG|2018/03/16|19:40| 			"F_LPOS"	"1"
|   12415|DEBUG|2018/03/16|19:40| 			"URL_DOC"	""
|   12415|DEBUG|2018/03/16|19:40| 		}
|   12415|DEBUG|2018/03/16|19:40| 		ELEM {
|   12415|DEBUG|2018/03/16|19:40| 			NB_PROP	"15"
|   12415|DEBUG|2018/03/16|19:40| 			"TO"	"JO0000000633"
|   12415|DEBUG|2018/03/16|19:40| 			"FROM"	"JO0000000635"
|   12415|DEBUG|2018/03/16|19:40| 			"v_groupexec"	""
|   12415|DEBUG|2018/03/16|19:40| 			"ID"	"LN0000000524"
|   12415|DEBUG|2018/03/16|19:40| 			"ID_ENV"	"EB0000000008"
|   12415|DEBUG|2018/03/16|19:40| 			"ID_APP"	""
|   12415|DEBUG|2018/03/16|19:40| 			"TYPE"	"2"
|   12415|DEBUG|2018/03/16|19:40| 			"V_DESC"	""
|   12415|DEBUG|2018/03/16|19:40| 			"V_USRNAME"	"LIE_89"
|   12415|DEBUG|2018/03/16|19:40| 			"LTYPE"	"1"
|   12415|DEBUG|2018/03/16|19:40| 			"XYWH"	"1040 20 10 30"
|   12415|DEBUG|2018/03/16|19:40| 			"DS_DELAY"	""
|   12415|DEBUG|2018/03/16|19:40| 			"F_KILL"	""
|   12415|DEBUG|2018/03/16|19:40| 			"F_LPOS"	"1"
|   12415|DEBUG|2018/03/16|19:40| 			"URL_DOC"	""
|   12415|DEBUG|2018/03/16|19:40| 		}
|   12415|DEBUG|2018/03/16|19:40| 		ELEM {
|   12415|DEBUG|2018/03/16|19:40| 			NB_PROP	"15"
|   12415|DEBUG|2018/03/16|19:40| 			"TO"	"JO0000000635"
|   12415|DEBUG|2018/03/16|19:40| 			"FROM"	"JO0000000632"
|   12415|DEBUG|2018/03/16|19:40| 			"v_groupexec"	""
|   12415|DEBUG|2018/03/16|19:40| 			"ID"	"LN0000000525"
|   12415|DEBUG|2018/03/16|19:40| 			"ID_ENV"	"EB0000000008"
|   12415|DEBUG|2018/03/16|19:40| 			"ID_APP"	""
|   12415|DEBUG|2018/03/16|19:40| 			"TYPE"	"2"
|   12415|DEBUG|2018/03/16|19:40| 			"V_DESC"	""
|   12415|DEBUG|2018/03/16|19:40| 			"V_USRNAME"	"LIE_88"
|   12415|DEBUG|2018/03/16|19:40| 			"LTYPE"	"1"
|   12415|DEBUG|2018/03/16|19:40| 			"XYWH"	"1040 -40 10 30"
|   12415|DEBUG|2018/03/16|19:40| 			"DS_DELAY"	""
|   12415|DEBUG|2018/03/16|19:40| 			"F_KILL"	""
|   12415|DEBUG|2018/03/16|19:40| 			"F_LPOS"	"1"
|   12415|DEBUG|2018/03/16|19:40| 			"URL_DOC"	""
|   12415|DEBUG|2018/03/16|19:40| 		}
|   12415|DEBUG|2018/03/16|19:40| 		ELEM {
|   12415|DEBUG|2018/03/16|19:40| 			NB_PROP	"15"
|   12415|DEBUG|2018/03/16|19:40| 			"TO"	"JO0000000632"
|   12415|DEBUG|2018/03/16|19:40| 			"FROM"	"JO0000000481"
|   12415|DEBUG|2018/03/16|19:40| 			"v_groupexec"	""
|   12415|DEBUG|2018/03/16|19:40| 			"ID"	"LN0000000526"
|   12415|DEBUG|2018/03/16|19:40| 			"ID_ENV"	"EB0000000008"
|   12415|DEBUG|2018/03/16|19:40| 			"ID_APP"	""
|   12415|DEBUG|2018/03/16|19:40| 			"TYPE"	"2"
|   12415|DEBUG|2018/03/16|19:40| 			"V_DESC"	""
|   12415|DEBUG|2018/03/16|19:40| 			"V_USRNAME"	"LIE_81"
|   12415|DEBUG|2018/03/16|19:40| 			"LTYPE"	"1"
|   12415|DEBUG|2018/03/16|19:40| 			"XYWH"	"1040 -100 10 30"
|   12415|DEBUG|2018/03/16|19:40| 			"DS_DELAY"	""
|   12415|DEBUG|2018/03/16|19:40| 			"F_KILL"	""
|   12415|DEBUG|2018/03/16|19:40| 			"F_LPOS"	"1"
|   12415|DEBUG|2018/03/16|19:40| 			"URL_DOC"	""
|   12415|DEBUG|2018/03/16|19:40| 		}
|   12415|DEBUG|2018/03/16|19:40| 		ELEM {
|   12415|DEBUG|2018/03/16|19:40| 			NB_PROP	"15"
|   12415|DEBUG|2018/03/16|19:40| 			"TO"	"JO0000000185"
|   12415|DEBUG|2018/03/16|19:40| 			"FROM"	"JO0000000632"
|   12415|DEBUG|2018/03/16|19:40| 			"v_groupexec"	""
|   12415|DEBUG|2018/03/16|19:40| 			"ID"	"LN0000000527"
|   12415|DEBUG|2018/03/16|19:40| 			"ID_ENV"	"EB0000000008"
|   12415|DEBUG|2018/03/16|19:40| 			"ID_APP"	""
|   12415|DEBUG|2018/03/16|19:40| 			"TYPE"	"2"
|   12415|DEBUG|2018/03/16|19:40| 			"V_DESC"	""
|   12415|DEBUG|2018/03/16|19:40| 			"V_USRNAME"	"LIE_302"
|   12415|DEBUG|2018/03/16|19:40| 			"LTYPE"	"0"
|   12415|DEBUG|2018/03/16|19:40| 			"XYWH"	"990 -60 40 10"
|   12415|DEBUG|2018/03/16|19:40| 			"DS_DELAY"	""
|   12415|DEBUG|2018/03/16|19:40| 			"F_KILL"	""
|   12415|DEBUG|2018/03/16|19:40| 			"F_LPOS"	""
|   12415|DEBUG|2018/03/16|19:40| 			"URL_DOC"	""
|   12415|DEBUG|2018/03/16|19:40| 		}
|   12415|DEBUG|2018/03/16|19:40| 		ELEM {
|   12415|DEBUG|2018/03/16|19:40| 			NB_PROP	"15"
|   12415|DEBUG|2018/03/16|19:40| 			"TO"	"JO0000000636"
|   12415|DEBUG|2018/03/16|19:40| 			"FROM"	"JO0000000164"
|   12416|DEBUG|2018/03/16|19:40| 			"v_groupexec"	""
|   12416|DEBUG|2018/03/16|19:40| 			"ID"	"LN0000000528"
|   12416|DEBUG|2018/03/16|19:40| 			"ID_ENV"	"EB0000000008"
|   12416|DEBUG|2018/03/16|19:40| 			"ID_APP"	""
|   12416|DEBUG|2018/03/16|19:40| 			"TYPE"	"2"
|   12416|DEBUG|2018/03/16|19:40| 			"V_DESC"	""
|   12416|DEBUG|2018/03/16|19:40| 			"V_USRNAME"	"LIE_316"
|   12416|DEBUG|2018/03/16|19:40| 			"LTYPE"	"1"
|   12416|DEBUG|2018/03/16|19:40| 			"XYWH"	"1110 140 10 20"
|   12416|DEBUG|2018/03/16|19:40| 			"DS_DELAY"	""
|   12416|DEBUG|2018/03/16|19:40| 			"F_KILL"	""
|   12416|DEBUG|2018/03/16|19:40| 			"F_LPOS"	"1"
|   12416|DEBUG|2018/03/16|19:40| 			"URL_DOC"	""
|   12416|DEBUG|2018/03/16|19:40| 		}
|   12416|DEBUG|2018/03/16|19:40| 		ELEM {
|   12416|DEBUG|2018/03/16|19:40| 			NB_PROP	"15"
|   12416|DEBUG|2018/03/16|19:40| 			"TO"	"JO0000000152"
|   12416|DEBUG|2018/03/16|19:40| 			"FROM"	"JO0000000636"
|   12416|DEBUG|2018/03/16|19:40| 			"v_groupexec"	""
|   12416|DEBUG|2018/03/16|19:40| 			"ID"	"LN0000000529"
|   12416|DEBUG|2018/03/16|19:40| 			"ID_ENV"	"EB0000000008"
|   12416|DEBUG|2018/03/16|19:40| 			"ID_APP"	""
|   12416|DEBUG|2018/03/16|19:40| 			"TYPE"	"2"
|   12416|DEBUG|2018/03/16|19:40| 			"V_DESC"	""
|   12416|DEBUG|2018/03/16|19:40| 			"V_USRNAME"	"LIE_296"
|   12416|DEBUG|2018/03/16|19:40| 			"LTYPE"	"0"
|   12416|DEBUG|2018/03/16|19:40| 			"XYWH"	"1130 170 50 10"
|   12416|DEBUG|2018/03/16|19:40| 			"DS_DELAY"	""
|   12416|DEBUG|2018/03/16|19:40| 			"F_KILL"	""
|   12416|DEBUG|2018/03/16|19:40| 			"F_LPOS"	""
|   12416|DEBUG|2018/03/16|19:40| 			"URL_DOC"	""
|   12416|DEBUG|2018/03/16|19:40| 		}
|   12416|DEBUG|2018/03/16|19:40| 		ELEM {
|   12416|DEBUG|2018/03/16|19:40| 			NB_PROP	"15"
|   12416|DEBUG|2018/03/16|19:40| 			"TO"	"JO0000000230"
|   12416|DEBUG|2018/03/16|19:40| 			"FROM"	"JO0000000637"
|   12416|DEBUG|2018/03/16|19:40| 			"v_groupexec"	""
|   12416|DEBUG|2018/03/16|19:40| 			"ID"	"LN0000000530"
|   12416|DEBUG|2018/03/16|19:40| 			"ID_ENV"	"EB0000000008"
|   12416|DEBUG|2018/03/16|19:40| 			"ID_APP"	""
|   12416|DEBUG|2018/03/16|19:40| 			"TYPE"	"2"
|   12416|DEBUG|2018/03/16|19:40| 			"V_DESC"	""
|   12416|DEBUG|2018/03/16|19:40| 			"V_USRNAME"	"LIE_112"
|   12416|DEBUG|2018/03/16|19:40| 			"LTYPE"	"0"
|   12416|DEBUG|2018/03/16|19:40| 			"XYWH"	"560 -2730 90 10"
|   12416|DEBUG|2018/03/16|19:40| 			"DS_DELAY"	""
|   12416|DEBUG|2018/03/16|19:40| 			"F_KILL"	""
|   12416|DEBUG|2018/03/16|19:40| 			"F_LPOS"	""
|   12416|DEBUG|2018/03/16|19:40| 			"URL_DOC"	""
|   12416|DEBUG|2018/03/16|19:40| 		}
|   12416|DEBUG|2018/03/16|19:40| 		ELEM {
|   12416|DEBUG|2018/03/16|19:40| 			NB_PROP	"15"
|   12416|DEBUG|2018/03/16|19:40| 			"TO"	"JO0000000639"
|   12416|DEBUG|2018/03/16|19:40| 			"FROM"	"JO0000000153"
|   12416|DEBUG|2018/03/16|19:40| 			"v_groupexec"	""
|   12416|DEBUG|2018/03/16|19:40| 			"ID"	"LN0000000531"
|   12416|DEBUG|2018/03/16|19:40| 			"ID_ENV"	"EB0000000008"
|   12416|DEBUG|2018/03/16|19:40| 			"ID_APP"	""
|   12416|DEBUG|2018/03/16|19:40| 			"TYPE"	"2"
|   12416|DEBUG|2018/03/16|19:40| 			"V_DESC"	""
|   12416|DEBUG|2018/03/16|19:40| 			"V_USRNAME"	"LIE_322"
|   12416|DEBUG|2018/03/16|19:40| 			"LTYPE"	"0"
|   12416|DEBUG|2018/03/16|19:40| 			"XYWH"	"570 -2470 80 110"
|   12416|DEBUG|2018/03/16|19:40| 			"DS_DELAY"	""
|   12416|DEBUG|2018/03/16|19:40| 			"F_KILL"	""
|   12416|DEBUG|2018/03/16|19:40| 			"F_LPOS"	""
|   12416|DEBUG|2018/03/16|19:40| 			"URL_DOC"	""
|   12416|DEBUG|2018/03/16|19:40| 		}
|   12416|DEBUG|2018/03/16|19:40| 		ELEM {
|   12416|DEBUG|2018/03/16|19:40| 			NB_PROP	"15"
|   12416|DEBUG|2018/03/16|19:40| 			"TO"	"JO0000000638"
|   12416|DEBUG|2018/03/16|19:40| 			"FROM"	"JO0000000153"
|   12416|DEBUG|2018/03/16|19:40| 			"v_groupexec"	""
|   12416|DEBUG|2018/03/16|19:40| 			"ID"	"LN0000000532"
|   12416|DEBUG|2018/03/16|19:40| 			"ID_ENV"	"EB0000000008"
|   12416|DEBUG|2018/03/16|19:40| 			"ID_APP"	""
|   12416|DEBUG|2018/03/16|19:40| 			"TYPE"	"2"
|   12416|DEBUG|2018/03/16|19:40| 			"V_DESC"	""
|   12416|DEBUG|2018/03/16|19:40| 			"V_USRNAME"	"LIE_298"
|   12416|DEBUG|2018/03/16|19:40| 			"LTYPE"	"0"
|   12416|DEBUG|2018/03/16|19:40| 			"XYWH"	"570 -2470 80 50"
|   12416|DEBUG|2018/03/16|19:40| 			"DS_DELAY"	""
|   12416|DEBUG|2018/03/16|19:40| 			"F_KILL"	""
|   12416|DEBUG|2018/03/16|19:40| 			"F_LPOS"	""
|   12416|DEBUG|2018/03/16|19:40| 			"URL_DOC"	""
|   12416|DEBUG|2018/03/16|19:40| 		}
|   12416|DEBUG|2018/03/16|19:40| 		ELEM {
|   12416|DEBUG|2018/03/16|19:40| 			NB_PROP	"15"
|   12416|DEBUG|2018/03/16|19:40| 			"TO"	"JO0000000599"
|   12416|DEBUG|2018/03/16|19:40| 			"FROM"	"JO0000000640"
|   12416|DEBUG|2018/03/16|19:40| 			"v_groupexec"	""
|   12416|DEBUG|2018/03/16|19:40| 			"ID"	"LN0000000533"
|   12416|DEBUG|2018/03/16|19:40| 			"ID_ENV"	"EB0000000008"
|   12416|DEBUG|2018/03/16|19:40| 			"ID_APP"	""
|   12416|DEBUG|2018/03/16|19:40| 			"TYPE"	"2"
|   12416|DEBUG|2018/03/16|19:40| 			"V_DESC"	""
|   12416|DEBUG|2018/03/16|19:40| 			"V_USRNAME"	"LIE_331"
|   12416|DEBUG|2018/03/16|19:40| 			"LTYPE"	"0"
|   12416|DEBUG|2018/03/16|19:40| 			"XYWH"	"570 -2680 80 10"
|   12416|DEBUG|2018/03/16|19:40| 			"DS_DELAY"	""
|   12416|DEBUG|2018/03/16|19:40| 			"F_KILL"	""
|   12416|DEBUG|2018/03/16|19:40| 			"F_LPOS"	""
|   12416|DEBUG|2018/03/16|19:40| 			"URL_DOC"	""
|   12416|DEBUG|2018/03/16|19:40| 		}
|   12416|DEBUG|2018/03/16|19:40| 		ELEM {
|   12416|DEBUG|2018/03/16|19:40| 			NB_PROP	"15"
|   12416|DEBUG|2018/03/16|19:40| 			"TO"	"JO0000000640"
|   12416|DEBUG|2018/03/16|19:40| 			"FROM"	"JO0000000230"
|   12416|DEBUG|2018/03/16|19:40| 			"v_groupexec"	""
|   12416|DEBUG|2018/03/16|19:40| 			"ID"	"LN0000000534"
|   12416|DEBUG|2018/03/16|19:40| 			"ID_ENV"	"EB0000000008"
|   12416|DEBUG|2018/03/16|19:40| 			"ID_APP"	""
|   12416|DEBUG|2018/03/16|19:40| 			"TYPE"	"2"
|   12416|DEBUG|2018/03/16|19:40| 			"V_DESC"	""
|   12416|DEBUG|2018/03/16|19:40| 			"V_USRNAME"	"LIE_318"
|   12416|DEBUG|2018/03/16|19:40| 			"LTYPE"	"0"
|   12416|DEBUG|2018/03/16|19:40| 			"XYWH"	"570 -2730 80 50"
|   12416|DEBUG|2018/03/16|19:40| 			"DS_DELAY"	""
|   12416|DEBUG|2018/03/16|19:40| 			"F_KILL"	""
|   12416|DEBUG|2018/03/16|19:40| 			"F_LPOS"	""
|   12416|DEBUG|2018/03/16|19:40| 			"URL_DOC"	""
|   12416|DEBUG|2018/03/16|19:40| 		}
|   12416|DEBUG|2018/03/16|19:40| 	}
|   12416|DEBUG|2018/03/16|19:40|
|   12416|DEBUG|2018/03/16|19:40| 	LAST
|   12416|DEBUG|2018/03/16|19:40| }
|   12416|DEBUG|2018/03/16|19:40| [END TRANSACTION : GET_GRAPHLVL]
